Проверка среды CampaignEnv...
Среда прошла проверку!
[INFO] Comet disabled, running without experiment tracking
Создание 12 параллельных сред (subproc)...
Инициализация MaskablePPO...
Using cpu device

============================================================
Запуск обучения Campaign Agent
Всего шагов: 1,000,000
Параллельных сред: 12
VecEnv: subproc
VecEnv start method: forkserver
Seed: 115
Checkpoint каждые: 500,000 шагов
Evaluation каждые: 83,334 шагов
Eval deterministic эпизодов: 20
Eval stochastic эпизодов: 0
Eval лимит шагов на эпизод: 5000
Campaign map: small
Campaign objective: dragon
System resources at training start:
  Platform: Linux 6.17.0-1020-azure (x86_64)
  Python: 3.14.6
  PyTorch: 2.13.0+cpu
  Training device: cpu
  CPU model: AMD EPYC 7763 64-Core Processor
  CPU vendor: AuthenticAMD
  Logical CPUs visible: 4
  Process CPU affinity: 4
  Sockets: 1
  Cores per socket: 2
  Threads per core: 2
  CPU max MHz: unknown
  CPU min MHz: unknown
  L1d cache: 64 KiB (2 instances)
  L1i cache: 64 KiB (2 instances)
  L2 cache: 1 MiB (2 instances)
  L3 cache: 32 MiB (1 instance)
  Virtualization: AMD-V
  Hypervisor: Microsoft
  RAM total: 15.61 GiB
  RAM available at start: 13.88 GiB
  Disk total: 144.26 GiB
  Disk free at start: 85.23 GiB
  Torch intra-op threads: 4
  Torch inter-op threads: 2
  OMP_NUM_THREADS: 4
  MKL_NUM_THREADS: 4
  OPENBLAS_NUM_THREADS: 4
  GitHub runner OS: Linux
  GitHub runner architecture: X64
  GitHub runner environment: github-hosted
PPO n_steps: 2,048
PPO batch_size: 512
PPO n_epochs: 5
PPO learning_rate: 0.0003
PPO clip_range: 0.2
PPO ent_coef: 0.01
PPO gamma: 0.995
PPO gae_lambda: 0.95
PPO target_kl: disabled
PPO gradient batches per rollout: 240
VecCheckNan: disabled
Freeze action layout: enabled
Empire territory: enabled
Torch threads per process: 4
Diagnostics: disabled
Wall-clock training limit: disabled
Run ID: seed115-green_dragon-29689832477-1
============================================================

Logging to /home/runner/work/Disciples2-RL/Disciples2-RL/github_experiments/115/green_dragon/seed115-green_dragon-29689832477-1/tensorboard/MaskablePPO_1
---------------------------------
| rollout/           |          |
|    ep_len_mean     | 133      |
|    ep_rew_mean     | -5.51    |
| time/              |          |
|    fps             | 511      |
|    iterations      | 1        |
|    time_elapsed    | 48       |
|    total_timesteps | 24576    |
---------------------------------
----------------------------------------
| rollout/                |            |
|    ep_len_mean          | 141        |
|    ep_rew_mean          | -4.72      |
| time/                   |            |
|    fps                  | 488        |
|    iterations           | 2          |
|    time_elapsed         | 100        |
|    total_timesteps      | 49152      |
| train/                  |            |
|    approx_kl            | 0.01100003 |
|    clip_fraction        | 0.0931     |
|    clip_range           | 0.2        |
|    entropy_loss         | -2.19      |
|    explained_variance   | -0.0532    |
|    learning_rate        | 0.0003     |
|    loss                 | 0.0885     |
|    n_updates            | 5          |
|    policy_gradient_loss | -0.00671   |
|    value_loss           | 0.418      |
----------------------------------------
-----------------------------------------
| rollout/                |             |
|    ep_len_mean          | 167         |
|    ep_rew_mean          | -4.27       |
| time/                   |             |
|    fps                  | 483         |
|    iterations           | 3           |
|    time_elapsed         | 152         |
|    total_timesteps      | 73728       |
| train/                  |             |
|    approx_kl            | 0.011063221 |
|    clip_fraction        | 0.129       |
|    clip_range           | 0.2         |
|    entropy_loss         | -2.16       |
|    explained_variance   | 0.545       |
|    learning_rate        | 0.0003      |
|    loss                 | 0.0386      |
|    n_updates            | 10          |
|    policy_gradient_loss | -0.0112     |
|    value_loss           | 0.196       |
-----------------------------------------
------------------------------------------
| rollout/                |              |
|    ep_len_mean          | 181          |
|    ep_rew_mean          | -1.78        |
| time/                   |              |
|    fps                  | 481          |
|    iterations           | 4            |
|    time_elapsed         | 204          |
|    total_timesteps      | 98304        |
| train/                  |              |
|    approx_kl            | 0.0110516595 |
|    clip_fraction        | 0.115        |
|    clip_range           | 0.2          |
|    entropy_loss         | -2.06        |
|    explained_variance   | 0.695        |
|    learning_rate        | 0.0003       |
|    loss                 | 0.0437       |
|    n_updates            | 15           |
|    policy_gradient_loss | -0.0116      |
|    value_loss           | 0.162        |
------------------------------------------
----------------------------------------
| rollout/                |            |
|    ep_len_mean          | 189        |
|    ep_rew_mean          | 1.11       |
| time/                   |            |
|    fps                  | 479        |
|    iterations           | 5          |
|    time_elapsed         | 256        |
|    total_timesteps      | 122880     |
| train/                  |            |
|    approx_kl            | 0.01128767 |
|    clip_fraction        | 0.127      |
|    clip_range           | 0.2        |
|    entropy_loss         | -2.05      |
|    explained_variance   | 0.816      |
|    learning_rate        | 0.0003     |
|    loss                 | 0.0291     |
|    n_updates            | 20         |
|    policy_gradient_loss | -0.0115    |
|    value_loss           | 0.1        |
----------------------------------------
-----------------------------------------
| rollout/                |             |
|    ep_len_mean          | 199         |
|    ep_rew_mean          | 5.36        |
| time/                   |             |
|    fps                  | 477         |
|    iterations           | 6           |
|    time_elapsed         | 308         |
|    total_timesteps      | 147456      |
| train/                  |             |
|    approx_kl            | 0.010219382 |
|    clip_fraction        | 0.117       |
|    clip_range           | 0.2         |
|    entropy_loss         | -2.02       |
|    explained_variance   | 0.842       |
|    learning_rate        | 0.0003      |
|    loss                 | 0.0181      |
|    n_updates            | 25          |
|    policy_gradient_loss | -0.00927    |
|    value_loss           | 0.0869      |
-----------------------------------------
-----------------------------------------
| rollout/                |             |
|    ep_len_mean          | 207         |
|    ep_rew_mean          | 10.2        |
| time/                   |             |
|    fps                  | 478         |
|    iterations           | 7           |
|    time_elapsed         | 359         |
|    total_timesteps      | 172032      |
| train/                  |             |
|    approx_kl            | 0.010052924 |
|    clip_fraction        | 0.108       |
|    clip_range           | 0.2         |
|    entropy_loss         | -1.98       |
|    explained_variance   | 0.842       |
|    learning_rate        | 0.0003      |
|    loss                 | 0.000128    |
|    n_updates            | 30          |
|    policy_gradient_loss | -0.00962    |
|    value_loss           | 0.0867      |
-----------------------------------------
-----------------------------------------
| rollout/                |             |
|    ep_len_mean          | 205         |
|    ep_rew_mean          | 12.6        |
| time/                   |             |
|    fps                  | 478         |
|    iterations           | 8           |
|    time_elapsed         | 410         |
|    total_timesteps      | 196608      |
| train/                  |             |
|    approx_kl            | 0.009615653 |
|    clip_fraction        | 0.102       |
|    clip_range           | 0.2         |
|    entropy_loss         | -1.97       |
|    explained_variance   | 0.825       |
|    learning_rate        | 0.0003      |
|    loss                 | 0.00755     |
|    n_updates            | 35          |
|    policy_gradient_loss | -0.00886    |
|    value_loss           | 0.0827      |
-----------------------------------------
-----------------------------------------
| rollout/                |             |
|    ep_len_mean          | 164         |
|    ep_rew_mean          | 11.1        |
| time/                   |             |
|    fps                  | 479         |
|    iterations           | 9           |
|    time_elapsed         | 460         |
|    total_timesteps      | 221184      |
| train/                  |             |
|    approx_kl            | 0.008900773 |
|    clip_fraction        | 0.102       |
|    clip_range           | 0.2         |
|    entropy_loss         | -1.9        |
|    explained_variance   | 0.816       |
|    learning_rate        | 0.0003      |
|    loss                 | 0.00722     |
|    n_updates            | 40          |
|    policy_gradient_loss | -0.0086     |
|    value_loss           | 0.0774      |
-----------------------------------------
----------------------------------------
| rollout/                |            |
|    ep_len_mean          | 175        |
|    ep_rew_mean          | 16         |
| time/                   |            |
|    fps                  | 480        |
|    iterations           | 10         |
|    time_elapsed         | 511        |
|    total_timesteps      | 245760     |
| train/                  |            |
|    approx_kl            | 0.00831995 |
|    clip_fraction        | 0.0812     |
|    clip_range           | 0.2        |
|    entropy_loss         | -1.84      |
|    explained_variance   | 0.785      |
|    learning_rate        | 0.0003     |
|    loss                 | 0.0192     |
|    n_updates            | 45         |
|    policy_gradient_loss | -0.00694   |
|    value_loss           | 0.0855     |
----------------------------------------
------------------------------------------
| rollout/                |              |
|    ep_len_mean          | 173          |
|    ep_rew_mean          | 16.9         |
| time/                   |              |
|    fps                  | 481          |
|    iterations           | 11           |
|    time_elapsed         | 561          |
|    total_timesteps      | 270336       |
| train/                  |              |
|    approx_kl            | 0.0075300373 |
|    clip_fraction        | 0.065        |
|    clip_range           | 0.2          |
|    entropy_loss         | -1.82        |
|    explained_variance   | 0.775        |
|    learning_rate        | 0.0003       |
|    loss                 | 0.0176       |
|    n_updates            | 50           |
|    policy_gradient_loss | -0.0057      |
|    value_loss           | 0.0859       |
------------------------------------------
-----------------------------------------
| rollout/                |             |
|    ep_len_mean          | 175         |
|    ep_rew_mean          | 18.6        |
| time/                   |             |
|    fps                  | 482         |
|    iterations           | 12          |
|    time_elapsed         | 611         |
|    total_timesteps      | 294912      |
| train/                  |             |
|    approx_kl            | 0.008580149 |
|    clip_fraction        | 0.0821      |
|    clip_range           | 0.2         |
|    entropy_loss         | -1.79       |
|    explained_variance   | 0.778       |
|    learning_rate        | 0.0003      |
|    loss                 | 0.0128      |
|    n_updates            | 55          |
|    policy_gradient_loss | -0.00716    |
|    value_loss           | 0.0869      |
-----------------------------------------
------------------------------------------
| rollout/                |              |
|    ep_len_mean          | 161          |
|    ep_rew_mean          | 18.2         |
| time/                   |              |
|    fps                  | 482          |
|    iterations           | 13           |
|    time_elapsed         | 661          |
|    total_timesteps      | 319488       |
| train/                  |              |
|    approx_kl            | 0.0076307687 |
|    clip_fraction        | 0.0778       |
|    clip_range           | 0.2          |
|    entropy_loss         | -1.75        |
|    explained_variance   | 0.786        |
|    learning_rate        | 0.0003       |
|    loss                 | 0.0109       |
|    n_updates            | 60           |
|    policy_gradient_loss | -0.00564     |
|    value_loss           | 0.0917       |
------------------------------------------
----------------------------------------
| rollout/                |            |
|    ep_len_mean          | 164        |
|    ep_rew_mean          | 21.1       |
| time/                   |            |
|    fps                  | 483        |
|    iterations           | 14         |
|    time_elapsed         | 711        |
|    total_timesteps      | 344064     |
| train/                  |            |
|    approx_kl            | 0.00640725 |
|    clip_fraction        | 0.0618     |
|    clip_range           | 0.2        |
|    entropy_loss         | -1.74      |
|    explained_variance   | 0.793      |
|    learning_rate        | 0.0003     |
|    loss                 | 0.0302     |
|    n_updates            | 65         |
|    policy_gradient_loss | -0.0051    |
|    value_loss           | 0.104      |
----------------------------------------
-----------------------------------------
| rollout/                |             |
|    ep_len_mean          | 160         |
|    ep_rew_mean          | 20.8        |
| time/                   |             |
|    fps                  | 483         |
|    iterations           | 15          |
|    time_elapsed         | 761         |
|    total_timesteps      | 368640      |
| train/                  |             |
|    approx_kl            | 0.006856551 |
|    clip_fraction        | 0.0597      |
|    clip_range           | 0.2         |
|    entropy_loss         | -1.7        |
|    explained_variance   | 0.778       |
|    learning_rate        | 0.0003      |
|    loss                 | 0.0298      |
|    n_updates            | 70          |
|    policy_gradient_loss | -0.00532    |
|    value_loss           | 0.114       |
-----------------------------------------
------------------------------------------
| rollout/                |              |
|    ep_len_mean          | 162          |
|    ep_rew_mean          | 22.2         |
| time/                   |              |
|    fps                  | 484          |
|    iterations           | 16           |
|    time_elapsed         | 811          |
|    total_timesteps      | 393216       |
| train/                  |              |
|    approx_kl            | 0.0056714104 |
|    clip_fraction        | 0.0568       |
|    clip_range           | 0.2          |
|    entropy_loss         | -1.69        |
|    explained_variance   | 0.795        |
|    learning_rate        | 0.0003       |
|    loss                 | 0.0446       |
|    n_updates            | 75           |
|    policy_gradient_loss | -0.0044      |
|    value_loss           | 0.119        |
------------------------------------------
------------------------------------------
| rollout/                |              |
|    ep_len_mean          | 165          |
|    ep_rew_mean          | 22.8         |
| time/                   |              |
|    fps                  | 485          |
|    iterations           | 17           |
|    time_elapsed         | 860          |
|    total_timesteps      | 417792       |
| train/                  |              |
|    approx_kl            | 0.0069558374 |
|    clip_fraction        | 0.0669       |
|    clip_range           | 0.2          |
|    entropy_loss         | -1.67        |
|    explained_variance   | 0.794        |
|    learning_rate        | 0.0003       |
|    loss                 | 0.029        |
|    n_updates            | 80           |
|    policy_gradient_loss | -0.0054      |
|    value_loss           | 0.132        |
------------------------------------------
-----------------------------------------
| rollout/                |             |
|    ep_len_mean          | 163         |
|    ep_rew_mean          | 24.7        |
| time/                   |             |
|    fps                  | 486         |
|    iterations           | 18          |
|    time_elapsed         | 909         |
|    total_timesteps      | 442368      |
| train/                  |             |
|    approx_kl            | 0.006131504 |
|    clip_fraction        | 0.0581      |
|    clip_range           | 0.2         |
|    entropy_loss         | -1.66       |
|    explained_variance   | 0.824       |
|    learning_rate        | 0.0003      |
|    loss                 | 0.036       |
|    n_updates            | 85          |
|    policy_gradient_loss | -0.00519    |
|    value_loss           | 0.125       |
-----------------------------------------
------------------------------------------
| rollout/                |              |
|    ep_len_mean          | 167          |
|    ep_rew_mean          | 24.1         |
| time/                   |              |
|    fps                  | 486          |
|    iterations           | 19           |
|    time_elapsed         | 960          |
|    total_timesteps      | 466944       |
| train/                  |              |
|    approx_kl            | 0.0064427983 |
|    clip_fraction        | 0.0625       |
|    clip_range           | 0.2          |
|    entropy_loss         | -1.61        |
|    explained_variance   | 0.835        |
|    learning_rate        | 0.0003       |
|    loss                 | 0.0348       |
|    n_updates            | 90           |
|    policy_gradient_loss | -0.00505     |
|    value_loss           | 0.126        |
------------------------------------------
-----------------------------------------
| rollout/                |             |
|    ep_len_mean          | 171         |
|    ep_rew_mean          | 27.3        |
| time/                   |             |
|    fps                  | 486         |
|    iterations           | 20          |
|    time_elapsed         | 1009        |
|    total_timesteps      | 491520      |
| train/                  |             |
|    approx_kl            | 0.006678036 |
|    clip_fraction        | 0.0608      |
|    clip_range           | 0.2         |
|    entropy_loss         | -1.61       |
|    explained_variance   | 0.875       |
|    learning_rate        | 0.0003      |
|    loss                 | 0.0313      |
|    n_updates            | 95          |
|    policy_gradient_loss | -0.00423    |
|    value_loss           | 0.113       |
-----------------------------------------
[Checkpoint] Saved at 500000 steps > /home/runner/work/Disciples2-RL/Disciples2-RL/github_experiments/115/green_dragon/seed115-green_dragon-29689832477-1/checkpoints/campaign_ppo_step_500000.zip
------------------------------------------
| rollout/                |              |
|    ep_len_mean          | 211          |
|    ep_rew_mean          | 19.8         |
| time/                   |              |
|    fps                  | 487          |
|    iterations           | 21           |
|    time_elapsed         | 1059         |
|    total_timesteps      | 516096       |
| train/                  |              |
|    approx_kl            | 0.0069840946 |
|    clip_fraction        | 0.0655       |
|    clip_range           | 0.2          |
|    entropy_loss         | -1.58        |
|    explained_variance   | 0.931        |
|    learning_rate        | 0.0003       |
|    loss                 | 0.00556      |
|    n_updates            | 100          |
|    policy_gradient_loss | -0.00486     |
|    value_loss           | 0.0937       |
------------------------------------------
-----------------------------------------
| rollout/                |             |
|    ep_len_mean          | 258         |
|    ep_rew_mean          | 16.2        |
| time/                   |             |
|    fps                  | 487         |
|    iterations           | 22          |
|    time_elapsed         | 1110        |
|    total_timesteps      | 540672      |
| train/                  |             |
|    approx_kl            | 0.007231314 |
|    clip_fraction        | 0.0681      |
|    clip_range           | 0.2         |
|    entropy_loss         | -1.6        |
|    explained_variance   | 0.947       |
|    learning_rate        | 0.0003      |
|    loss                 | 0.0116      |
|    n_updates            | 105         |
|    policy_gradient_loss | -0.00508    |
|    value_loss           | 0.0774      |
-----------------------------------------
-----------------------------------------
| rollout/                |             |
|    ep_len_mean          | 170         |
|    ep_rew_mean          | 29          |
| time/                   |             |
|    fps                  | 487         |
|    iterations           | 23          |
|    time_elapsed         | 1160        |
|    total_timesteps      | 565248      |
| train/                  |             |
|    approx_kl            | 0.006973948 |
|    clip_fraction        | 0.0653      |
|    clip_range           | 0.2         |
|    entropy_loss         | -1.56       |
|    explained_variance   | 0.953       |
|    learning_rate        | 0.0003      |
|    loss                 | 0.0141      |
|    n_updates            | 110         |
|    policy_gradient_loss | -0.00513    |
|    value_loss           | 0.0774      |
-----------------------------------------
------------------------------------------
| rollout/                |              |
|    ep_len_mean          | 215          |
|    ep_rew_mean          | 23.3         |
| time/                   |              |
|    fps                  | 487          |
|    iterations           | 24           |
|    time_elapsed         | 1210         |
|    total_timesteps      | 589824       |
| train/                  |              |
|    approx_kl            | 0.0066898013 |
|    clip_fraction        | 0.0664       |
|    clip_range           | 0.2          |
|    entropy_loss         | -1.51        |
|    explained_variance   | 0.951        |
|    learning_rate        | 0.0003       |
|    loss                 | 0.0121       |
|    n_updates            | 115          |
|    policy_gradient_loss | -0.00496     |
|    value_loss           | 0.0628       |
------------------------------------------
-----------------------------------------
| rollout/                |             |
|    ep_len_mean          | 216         |
|    ep_rew_mean          | 25.9        |
| time/                   |             |
|    fps                  | 487         |
|    iterations           | 25          |
|    time_elapsed         | 1259        |
|    total_timesteps      | 614400      |
| train/                  |             |
|    approx_kl            | 0.006298275 |
|    clip_fraction        | 0.0656      |
|    clip_range           | 0.2         |
|    entropy_loss         | -1.47       |
|    explained_variance   | 0.961       |
|    learning_rate        | 0.0003      |
|    loss                 | 0.00276     |
|    n_updates            | 120         |
|    policy_gradient_loss | -0.00455    |
|    value_loss           | 0.0572      |
-----------------------------------------
-----------------------------------------
| rollout/                |             |
|    ep_len_mean          | 218         |
|    ep_rew_mean          | 24.8        |
| time/                   |             |
|    fps                  | 487         |
|    iterations           | 26          |
|    time_elapsed         | 1310        |
|    total_timesteps      | 638976      |
| train/                  |             |
|    approx_kl            | 0.006076273 |
|    clip_fraction        | 0.0564      |
|    clip_range           | 0.2         |
|    entropy_loss         | -1.48       |
|    explained_variance   | 0.955       |
|    learning_rate        | 0.0003      |
|    loss                 | 0.00562     |
|    n_updates            | 125         |
|    policy_gradient_loss | -0.00402    |
|    value_loss           | 0.0583      |
-----------------------------------------
------------------------------------------
| rollout/                |              |
|    ep_len_mean          | 264          |
|    ep_rew_mean          | 21.2         |
| time/                   |              |
|    fps                  | 487          |
|    iterations           | 27           |
|    time_elapsed         | 1361         |
|    total_timesteps      | 663552       |
| train/                  |              |
|    approx_kl            | 0.0068542226 |
|    clip_fraction        | 0.0622       |
|    clip_range           | 0.2          |
|    entropy_loss         | -1.55        |
|    explained_variance   | 0.981        |
|    learning_rate        | 0.0003       |
|    loss                 | -0.00624     |
|    n_updates            | 130          |
|    policy_gradient_loss | -0.00475     |
|    value_loss           | 0.0364       |
------------------------------------------
------------------------------------------
| rollout/                |              |
|    ep_len_mean          | 282          |
|    ep_rew_mean          | 22.7         |
| time/                   |              |
|    fps                  | 487          |
|    iterations           | 28           |
|    time_elapsed         | 1411         |
|    total_timesteps      | 688128       |
| train/                  |              |
|    approx_kl            | 0.0070006116 |
|    clip_fraction        | 0.0547       |
|    clip_range           | 0.2          |
|    entropy_loss         | -1.55        |
|    explained_variance   | 0.985        |
|    learning_rate        | 0.0003       |
|    loss                 | -0.00444     |
|    n_updates            | 135          |
|    policy_gradient_loss | -0.00408     |
|    value_loss           | 0.0348       |
------------------------------------------
------------------------------------------
| rollout/                |              |
|    ep_len_mean          | 219          |
|    ep_rew_mean          | 25.4         |
| time/                   |              |
|    fps                  | 487          |
|    iterations           | 29           |
|    time_elapsed         | 1462         |
|    total_timesteps      | 712704       |
| train/                  |              |
|    approx_kl            | 0.0062749484 |
|    clip_fraction        | 0.0541       |
|    clip_range           | 0.2          |
|    entropy_loss         | -1.47        |
|    explained_variance   | 0.976        |
|    learning_rate        | 0.0003       |
|    loss                 | -0.0017      |
|    n_updates            | 140          |
|    policy_gradient_loss | -0.00411     |
|    value_loss           | 0.0395       |
------------------------------------------
------------------------------------------
| rollout/                |              |
|    ep_len_mean          | 229          |
|    ep_rew_mean          | 26.1         |
| time/                   |              |
|    fps                  | 487          |
|    iterations           | 30           |
|    time_elapsed         | 1512         |
|    total_timesteps      | 737280       |
| train/                  |              |
|    approx_kl            | 0.0070373244 |
|    clip_fraction        | 0.0668       |
|    clip_range           | 0.2          |
|    entropy_loss         | -1.48        |
|    explained_variance   | 0.98         |
|    learning_rate        | 0.0003       |
|    loss                 | -0.0116      |
|    n_updates            | 145          |
|    policy_gradient_loss | -0.00501     |
|    value_loss           | 0.035        |
------------------------------------------
-----------------------------------------
| rollout/                |             |
|    ep_len_mean          | 324         |
|    ep_rew_mean          | 13.2        |
| time/                   |             |
|    fps                  | 487         |
|    iterations           | 31          |
|    time_elapsed         | 1563        |
|    total_timesteps      | 761856      |
| train/                  |             |
|    approx_kl            | 0.006938459 |
|    clip_fraction        | 0.0587      |
|    clip_range           | 0.2         |
|    entropy_loss         | -1.52       |
|    explained_variance   | 0.989       |
|    learning_rate        | 0.0003      |
|    loss                 | -0.0112     |
|    n_updates            | 150         |
|    policy_gradient_loss | -0.00415    |
|    value_loss           | 0.0218      |
-----------------------------------------
------------------------------------------
| rollout/                |              |
|    ep_len_mean          | 416          |
|    ep_rew_mean          | 7.71         |
| time/                   |              |
|    fps                  | 487          |
|    iterations           | 32           |
|    time_elapsed         | 1613         |
|    total_timesteps      | 786432       |
| train/                  |              |
|    approx_kl            | 0.0063571353 |
|    clip_fraction        | 0.0605       |
|    clip_range           | 0.2          |
|    entropy_loss         | -1.49        |
|    explained_variance   | 0.989        |
|    learning_rate        | 0.0003       |
|    loss                 | -0.0142      |
|    n_updates            | 155          |
|    policy_gradient_loss | -0.00491     |
|    value_loss           | 0.0181       |
------------------------------------------
------------------------------------------
| rollout/                |              |
|    ep_len_mean          | 410          |
|    ep_rew_mean          | 5.28         |
| time/                   |              |
|    fps                  | 487          |
|    iterations           | 33           |
|    time_elapsed         | 1663         |
|    total_timesteps      | 811008       |
| train/                  |              |
|    approx_kl            | 0.0064641754 |
|    clip_fraction        | 0.0587       |
|    clip_range           | 0.2          |
|    entropy_loss         | -1.46        |
|    explained_variance   | 0.988        |
|    learning_rate        | 0.0003       |
|    loss                 | -0.00693     |
|    n_updates            | 160          |
|    policy_gradient_loss | -0.0052      |
|    value_loss           | 0.0203       |
------------------------------------------
----------------------------------------
| rollout/                |            |
|    ep_len_mean          | 182        |
|    ep_rew_mean          | 34.6       |
| time/                   |            |
|    fps                  | 487        |
|    iterations           | 34         |
|    time_elapsed         | 1712       |
|    total_timesteps      | 835584     |
| train/                  |            |
|    approx_kl            | 0.00617272 |
|    clip_fraction        | 0.0618     |
|    clip_range           | 0.2        |
|    entropy_loss         | -1.47      |
|    explained_variance   | 0.988      |
|    learning_rate        | 0.0003     |
|    loss                 | -0.0213    |
|    n_updates            | 165        |
|    policy_gradient_loss | -0.00552   |
|    value_loss           | 0.0215     |
----------------------------------------
-----------------------------------------
| rollout/                |             |
|    ep_len_mean          | 286         |
|    ep_rew_mean          | 19.3        |
| time/                   |             |
|    fps                  | 487         |
|    iterations           | 35          |
|    time_elapsed         | 1763        |
|    total_timesteps      | 860160      |
| train/                  |             |
|    approx_kl            | 0.006072454 |
|    clip_fraction        | 0.0556      |
|    clip_range           | 0.2         |
|    entropy_loss         | -1.41       |
|    explained_variance   | 0.983       |
|    learning_rate        | 0.0003      |
|    loss                 | -0.00612    |
|    n_updates            | 170         |
|    policy_gradient_loss | -0.0045     |
|    value_loss           | 0.0248      |
-----------------------------------------
-----------------------------------------
| rollout/                |             |
|    ep_len_mean          | 424         |
|    ep_rew_mean          | 6.55        |
| time/                   |             |
|    fps                  | 487         |
|    iterations           | 36          |
|    time_elapsed         | 1813        |
|    total_timesteps      | 884736      |
| train/                  |             |
|    approx_kl            | 0.006952562 |
|    clip_fraction        | 0.0626      |
|    clip_range           | 0.2         |
|    entropy_loss         | -1.47       |
|    explained_variance   | 0.986       |
|    learning_rate        | 0.0003      |
|    loss                 | -0.0135     |
|    n_updates            | 175         |
|    policy_gradient_loss | -0.00482    |
|    value_loss           | 0.0179      |
-----------------------------------------
------------------------------------------
| rollout/                |              |
|    ep_len_mean          | 521          |
|    ep_rew_mean          | 4.01         |
| time/                   |              |
|    fps                  | 487          |
|    iterations           | 37           |
|    time_elapsed         | 1864         |
|    total_timesteps      | 909312       |
| train/                  |              |
|    approx_kl            | 0.0063841525 |
|    clip_fraction        | 0.0533       |
|    clip_range           | 0.2          |
|    entropy_loss         | -1.48        |
|    explained_variance   | 0.986        |
|    learning_rate        | 0.0003       |
|    loss                 | -0.00771     |
|    n_updates            | 180          |
|    policy_gradient_loss | -0.00471     |
|    value_loss           | 0.0134       |
------------------------------------------
-----------------------------------------
| rollout/                |             |
|    ep_len_mean          | 433         |
|    ep_rew_mean          | 19          |
| time/                   |             |
|    fps                  | 487         |
|    iterations           | 38          |
|    time_elapsed         | 1915        |
|    total_timesteps      | 933888      |
| train/                  |             |
|    approx_kl            | 0.006557493 |
|    clip_fraction        | 0.0598      |
|    clip_range           | 0.2         |
|    entropy_loss         | -1.49       |
|    explained_variance   | 0.985       |
|    learning_rate        | 0.0003      |
|    loss                 | -0.0115     |
|    n_updates            | 185         |
|    policy_gradient_loss | -0.00397    |
|    value_loss           | 0.0172      |
-----------------------------------------
------------------------------------------
| rollout/                |              |
|    ep_len_mean          | 401          |
|    ep_rew_mean          | 24.9         |
| time/                   |              |
|    fps                  | 487          |
|    iterations           | 39           |
|    time_elapsed         | 1965         |
|    total_timesteps      | 958464       |
| train/                  |              |
|    approx_kl            | 0.0087663205 |
|    clip_fraction        | 0.0711       |
|    clip_range           | 0.2          |
|    entropy_loss         | -1.5         |
|    explained_variance   | 0.983        |
|    learning_rate        | 0.0003       |
|    loss                 | -0.0148      |
|    n_updates            | 190          |
|    policy_gradient_loss | -0.00494     |
|    value_loss           | 0.0196       |
------------------------------------------
-----------------------------------------
| rollout/                |             |
|    ep_len_mean          | 336         |
|    ep_rew_mean          | 29.9        |
| time/                   |             |
|    fps                  | 488         |
|    iterations           | 40          |
|    time_elapsed         | 2013        |
|    total_timesteps      | 983040      |
| train/                  |             |
|    approx_kl            | 0.007499296 |
|    clip_fraction        | 0.0682      |
|    clip_range           | 0.2         |
|    entropy_loss         | -1.52       |
|    explained_variance   | 0.986       |
|    learning_rate        | 0.0003      |
|    loss                 | -0.0142     |
|    n_updates            | 195         |
|    policy_gradient_loss | -0.00513    |
|    value_loss           | 0.0184      |
-----------------------------------------
[Checkpoint] Saved at 1000000 steps > /home/runner/work/Disciples2-RL/Disciples2-RL/github_experiments/115/green_dragon/seed115-green_dragon-29689832477-1/checkpoints/campaign_ppo_step_1000000.zip
Eval num_timesteps=1000008, det_reward=-26.41 +/- 233.23
Episode length: det=641.85 +/- 1373.37
Victory rate: det=0.00%
--------------------------------------------------
| eval/                           |              |
|    deterministic_mean_ep_length | 642          |
|    deterministic_mean_reward    | -26.4        |
|    deterministic_victory_rate   | 0            |
|    mean_ep_length               | 642          |
|    mean_reward                  | -26.4        |
|    victory_rate                 | 0            |
| time/                           |              |
|    total_timesteps              | 1000008      |
| train/                          |              |
|    approx_kl                    | 0.0063294396 |
|    clip_fraction                | 0.0617       |
|    clip_range                   | 0.2          |
|    entropy_loss                 | -1.37        |
|    explained_variance           | 0.973        |
|    learning_rate                | 0.0003       |
|    loss                         | -0.0126      |
|    n_updates                    | 200          |
|    policy_gradient_loss         | -0.00498     |
|    value_loss                   | 0.0232       |
--------------------------------------------------
New best model by deterministic victory rate!
---------------------------------
| rollout/           |          |
|    ep_len_mean     | 242      |
|    ep_rew_mean     | 41.5     |
| time/              |          |
|    fps             | 477      |
|    iterations      | 41       |
|    time_elapsed    | 2110     |
|    total_timesteps | 1007616  |
---------------------------------
VecNormalize stats saved: /home/runner/work/Disciples2-RL/Disciples2-RL/github_experiments/115/green_dragon/seed115-green_dragon-29689832477-1/models/vecnormalize.pkl

Финальная модель сохранена: /home/runner/work/Disciples2-RL/Disciples2-RL/github_experiments/115/green_dragon/seed115-green_dragon-29689832477-1/models/final_model.zip

============================================================
ИТОГИ ОБУЧЕНИЯ:
  Побед: 0
  Поражений: 4528
  Таймаутов: 21
  Побед бота столицы над врагами: 0
  Перестановок юнитов: 189391
  Терминальные поражения по противникам:
    enemy_31: 946 — Отряд: зеленый дракон
    enemy_29: 593 — Отряд: 3 скваера на передней линии
    enemy_25: 472 — Отряд: копейщик спереди и служка сзади
    enemy_15: 427 — Отряд: 2 привидения спереди, вампир сзади
    enemy_23: 350 — Отряд: волк на передней линии
    enemy_34: 284 — Отряд Порта Полонис: Воин спереди, Колдун, Нигош (Носферату) и Привидение сзади
    enemy_74: 279 — Руины (43, 34): Лорд Тьмы, Лич
    enemy_61: 245 — Отряд: Зомби, Призрак
    enemy_65: 212 — Отряд: Кентавр копейщик, Рейнджер
    enemy_7: 203 — Отряд: воин + привидение спереди, колдун + призрак + привидение сзади
    enemy_27: 165 — Отряд: скваер в центре и 2 крестьянина на передней линии
    enemy_17: 122 — Отряд: воин спереди, 2 призрака и привидение сзади
    enemy_19: 89 — Отряд: зомби спереди, привидение сзади
    enemy_21: 58 — Отряд: зомби спереди, привидение сзади
    enemy_9: 11 — Отряд: тамплиер спереди, колдун и призрак сзади
    enemy_3: 11 — Отряд: орк чемпион на передней линии
    enemy_59: 11 — Отряд: Зомби
    enemy_63: 10 — Отряд: Разбойник
    enemy_68: 9 — Внутренний гарнизон Порта Полонис: Зомби, Воин
    enemy_35: 8 — Отряд Соругириллы: Унфегра (Королева личей), Виверна
    enemy_69: 6 — Внутренний гарнизон Соругириллы: Зомби, Воин
    enemy_5: 4 — Отряд: орк чемпион на передней линии
    enemy_11: 4 — Отряд: оборотень спереди и тень сзади
    enemy_57: 3 — Отряд: Призрак, Привидение, Воин
    enemy_43: 3 — Отряд: Призрак, Тамплиер
    enemy_70: 1 — Руины (15, 9): Орк, Гоблин, Гоблин
    enemy_47: 1 — Отряд: Призрак, Привидение, Привидение, Воин
    enemy_13: 1 — Отряд: 2 зомби спереди и привидение сзади
  Winrate: 0.0%
============================================================
  График призывов за эпизод: /home/runner/work/Disciples2-RL/Disciples2-RL/github_experiments/115/green_dragon/seed115-green_dragon-29689832477-1/plots/campaign_summoned_units_per_episode.png
  График призывов за всё обучение: /home/runner/work/Disciples2-RL/Disciples2-RL/github_experiments/115/green_dragon/seed115-green_dragon-29689832477-1/plots/campaign_summoned_units_cumulative.png
  График найма за эпизод: /home/runner/work/Disciples2-RL/Disciples2-RL/github_experiments/115/green_dragon/seed115-green_dragon-29689832477-1/plots/campaign_hired_units_per_episode.png
  График найма за всё обучение: /home/runner/work/Disciples2-RL/Disciples2-RL/github_experiments/115/green_dragon/seed115-green_dragon-29689832477-1/plots/campaign_hired_units_cumulative.png
  График перестановок юнитов за эпизод: /home/runner/work/Disciples2-RL/Disciples2-RL/github_experiments/115/green_dragon/seed115-green_dragon-29689832477-1/plots/campaign_unit_swaps_per_episode.png
  График боевых предметов: /home/runner/work/Disciples2-RL/Disciples2-RL/github_experiments/115/green_dragon/seed115-green_dragon-29689832477-1/plots/campaign_battle_item_activity.png
  График побед бота столицы за эпизод: /home/runner/work/Disciples2-RL/Disciples2-RL/github_experiments/115/green_dragon/seed115-green_dragon-29689832477-1/plots/campaign_scripted_bot_victories_per_episode.png
  График применения заклинаний: /home/runner/work/Disciples2-RL/Disciples2-RL/github_experiments/115/green_dragon/seed115-green_dragon-29689832477-1/plots/campaign_spell_cast_activity.png
