Проверка среды CampaignEnv...
Среда прошла проверку!
[INFO] Comet disabled, running without experiment tracking
Создание 12 параллельных сред (subproc)...
Инициализация MaskablePPO...
Using cpu device

============================================================
Запуск обучения Campaign Agent
Всего шагов: 1,000,000
Параллельных сред: 12
VecEnv: subproc
VecEnv start method: forkserver
Seed: 113
Checkpoint каждые: 500,000 шагов
Evaluation каждые: 83,334 шагов
Eval deterministic эпизодов: 20
Eval stochastic эпизодов: 0
Eval лимит шагов на эпизод: 5000
Campaign map: small
Campaign objective: cities
System resources at training start:
  Platform: Linux 6.17.0-1020-azure (x86_64)
  Python: 3.14.6
  PyTorch: 2.13.0+cpu
  Training device: cpu
  CPU model: AMD EPYC 7763 64-Core Processor
  CPU vendor: AuthenticAMD
  Logical CPUs visible: 4
  Process CPU affinity: 4
  Sockets: 1
  Cores per socket: 2
  Threads per core: 2
  CPU max MHz: unknown
  CPU min MHz: unknown
  L1d cache: 64 KiB (2 instances)
  L1i cache: 64 KiB (2 instances)
  L2 cache: 1 MiB (2 instances)
  L3 cache: 32 MiB (1 instance)
  Virtualization: AMD-V
  Hypervisor: Microsoft
  RAM total: 15.61 GiB
  RAM available at start: 13.84 GiB
  Disk total: 144.26 GiB
  Disk free at start: 85.39 GiB
  Torch intra-op threads: 4
  Torch inter-op threads: 2
  OMP_NUM_THREADS: 4
  MKL_NUM_THREADS: 4
  OPENBLAS_NUM_THREADS: 4
  GitHub runner OS: Linux
  GitHub runner architecture: X64
  GitHub runner environment: github-hosted
PPO n_steps: 2,048
PPO batch_size: 512
PPO n_epochs: 5
PPO learning_rate: 0.0003
PPO clip_range: 0.2
PPO ent_coef: 0.01
PPO gamma: 0.995
PPO gae_lambda: 0.95
PPO target_kl: disabled
PPO gradient batches per rollout: 240
VecCheckNan: disabled
Freeze action layout: enabled
Empire territory: enabled
Torch threads per process: 4
Diagnostics: disabled
Wall-clock training limit: disabled
Run ID: seed113-cities-29639764010-1
============================================================

Logging to /home/runner/work/Disciples2-RL/Disciples2-RL/github_experiments/113/cities/seed113-cities-29639764010-1/tensorboard/MaskablePPO_1
---------------------------------
| rollout/           |          |
|    ep_len_mean     | 104      |
|    ep_rew_mean     | -5.22    |
| time/              |          |
|    fps             | 475      |
|    iterations      | 1        |
|    time_elapsed    | 51       |
|    total_timesteps | 24576    |
---------------------------------
----------------------------------------
| rollout/                |            |
|    ep_len_mean          | 148        |
|    ep_rew_mean          | -4.24      |
| time/                   |            |
|    fps                  | 460        |
|    iterations           | 2          |
|    time_elapsed         | 106        |
|    total_timesteps      | 49152      |
| train/                  |            |
|    approx_kl            | 0.01042078 |
|    clip_fraction        | 0.101      |
|    clip_range           | 0.2        |
|    entropy_loss         | -2.21      |
|    explained_variance   | -0.066     |
|    learning_rate        | 0.0003     |
|    loss                 | 0.141      |
|    n_updates            | 5          |
|    policy_gradient_loss | -0.00749   |
|    value_loss           | 0.456      |
----------------------------------------
-----------------------------------------
| rollout/                |             |
|    ep_len_mean          | 173         |
|    ep_rew_mean          | -2.12       |
| time/                   |             |
|    fps                  | 454         |
|    iterations           | 3           |
|    time_elapsed         | 162         |
|    total_timesteps      | 73728       |
| train/                  |             |
|    approx_kl            | 0.010576073 |
|    clip_fraction        | 0.103       |
|    clip_range           | 0.2         |
|    entropy_loss         | -2.14       |
|    explained_variance   | 0.514       |
|    learning_rate        | 0.0003      |
|    loss                 | 0.0711      |
|    n_updates            | 10          |
|    policy_gradient_loss | -0.01       |
|    value_loss           | 0.232       |
-----------------------------------------
-----------------------------------------
| rollout/                |             |
|    ep_len_mean          | 234         |
|    ep_rew_mean          | -2.3        |
| time/                   |             |
|    fps                  | 450         |
|    iterations           | 4           |
|    time_elapsed         | 217         |
|    total_timesteps      | 98304       |
| train/                  |             |
|    approx_kl            | 0.010330339 |
|    clip_fraction        | 0.11        |
|    clip_range           | 0.2         |
|    entropy_loss         | -2.13       |
|    explained_variance   | 0.703       |
|    learning_rate        | 0.0003      |
|    loss                 | 0.0502      |
|    n_updates            | 15          |
|    policy_gradient_loss | -0.0102     |
|    value_loss           | 0.195       |
-----------------------------------------
-----------------------------------------
| rollout/                |             |
|    ep_len_mean          | 239         |
|    ep_rew_mean          | 3.05        |
| time/                   |             |
|    fps                  | 446         |
|    iterations           | 5           |
|    time_elapsed         | 275         |
|    total_timesteps      | 122880      |
| train/                  |             |
|    approx_kl            | 0.010220182 |
|    clip_fraction        | 0.11        |
|    clip_range           | 0.2         |
|    entropy_loss         | -2.08       |
|    explained_variance   | 0.797       |
|    learning_rate        | 0.0003      |
|    loss                 | 0.0235      |
|    n_updates            | 20          |
|    policy_gradient_loss | -0.0109     |
|    value_loss           | 0.137       |
-----------------------------------------
-----------------------------------------
| rollout/                |             |
|    ep_len_mean          | 231         |
|    ep_rew_mean          | 4.87        |
| time/                   |             |
|    fps                  | 445         |
|    iterations           | 6           |
|    time_elapsed         | 330         |
|    total_timesteps      | 147456      |
| train/                  |             |
|    approx_kl            | 0.010670549 |
|    clip_fraction        | 0.112       |
|    clip_range           | 0.2         |
|    entropy_loss         | -2.07       |
|    explained_variance   | 0.773       |
|    learning_rate        | 0.0003      |
|    loss                 | 0.036       |
|    n_updates            | 25          |
|    policy_gradient_loss | -0.0104     |
|    value_loss           | 0.148       |
-----------------------------------------
-----------------------------------------
| rollout/                |             |
|    ep_len_mean          | 218         |
|    ep_rew_mean          | 6.85        |
| time/                   |             |
|    fps                  | 444         |
|    iterations           | 7           |
|    time_elapsed         | 386         |
|    total_timesteps      | 172032      |
| train/                  |             |
|    approx_kl            | 0.008482038 |
|    clip_fraction        | 0.0771      |
|    clip_range           | 0.2         |
|    entropy_loss         | -2.02       |
|    explained_variance   | 0.802       |
|    learning_rate        | 0.0003      |
|    loss                 | 0.0154      |
|    n_updates            | 30          |
|    policy_gradient_loss | -0.00746    |
|    value_loss           | 0.106       |
-----------------------------------------
-----------------------------------------
| rollout/                |             |
|    ep_len_mean          | 212         |
|    ep_rew_mean          | 10.3        |
| time/                   |             |
|    fps                  | 443         |
|    iterations           | 8           |
|    time_elapsed         | 443         |
|    total_timesteps      | 196608      |
| train/                  |             |
|    approx_kl            | 0.009222329 |
|    clip_fraction        | 0.0927      |
|    clip_range           | 0.2         |
|    entropy_loss         | -1.99       |
|    explained_variance   | 0.793       |
|    learning_rate        | 0.0003      |
|    loss                 | 0.0455      |
|    n_updates            | 35          |
|    policy_gradient_loss | -0.00687    |
|    value_loss           | 0.111       |
-----------------------------------------
------------------------------------------
| rollout/                |              |
|    ep_len_mean          | 212          |
|    ep_rew_mean          | 12.8         |
| time/                   |              |
|    fps                  | 444          |
|    iterations           | 9            |
|    time_elapsed         | 498          |
|    total_timesteps      | 221184       |
| train/                  |              |
|    approx_kl            | 0.0090695545 |
|    clip_fraction        | 0.097        |
|    clip_range           | 0.2          |
|    entropy_loss         | -1.97        |
|    explained_variance   | 0.754        |
|    learning_rate        | 0.0003       |
|    loss                 | 0.0107       |
|    n_updates            | 40           |
|    policy_gradient_loss | -0.00717     |
|    value_loss           | 0.123        |
------------------------------------------
----------------------------------------
| rollout/                |            |
|    ep_len_mean          | 214        |
|    ep_rew_mean          | 16.3       |
| time/                   |            |
|    fps                  | 443        |
|    iterations           | 10         |
|    time_elapsed         | 553        |
|    total_timesteps      | 245760     |
| train/                  |            |
|    approx_kl            | 0.00786278 |
|    clip_fraction        | 0.0779     |
|    clip_range           | 0.2        |
|    entropy_loss         | -1.94      |
|    explained_variance   | 0.704      |
|    learning_rate        | 0.0003     |
|    loss                 | 0.0427     |
|    n_updates            | 45         |
|    policy_gradient_loss | -0.00691   |
|    value_loss           | 0.149      |
----------------------------------------
-----------------------------------------
| rollout/                |             |
|    ep_len_mean          | 187         |
|    ep_rew_mean          | 15.5        |
| time/                   |             |
|    fps                  | 443         |
|    iterations           | 11          |
|    time_elapsed         | 608         |
|    total_timesteps      | 270336      |
| train/                  |             |
|    approx_kl            | 0.007934368 |
|    clip_fraction        | 0.0687      |
|    clip_range           | 0.2         |
|    entropy_loss         | -1.93       |
|    explained_variance   | 0.725       |
|    learning_rate        | 0.0003      |
|    loss                 | 0.0458      |
|    n_updates            | 50          |
|    policy_gradient_loss | -0.00604    |
|    value_loss           | 0.137       |
-----------------------------------------
-----------------------------------------
| rollout/                |             |
|    ep_len_mean          | 198         |
|    ep_rew_mean          | 18.3        |
| time/                   |             |
|    fps                  | 443         |
|    iterations           | 12          |
|    time_elapsed         | 664         |
|    total_timesteps      | 294912      |
| train/                  |             |
|    approx_kl            | 0.008278682 |
|    clip_fraction        | 0.084       |
|    clip_range           | 0.2         |
|    entropy_loss         | -1.93       |
|    explained_variance   | 0.651       |
|    learning_rate        | 0.0003      |
|    loss                 | 0.0522      |
|    n_updates            | 55          |
|    policy_gradient_loss | -0.00657    |
|    value_loss           | 0.164       |
-----------------------------------------
------------------------------------------
| rollout/                |              |
|    ep_len_mean          | 203          |
|    ep_rew_mean          | 17.6         |
| time/                   |              |
|    fps                  | 442          |
|    iterations           | 13           |
|    time_elapsed         | 721          |
|    total_timesteps      | 319488       |
| train/                  |              |
|    approx_kl            | 0.0075704455 |
|    clip_fraction        | 0.0722       |
|    clip_range           | 0.2          |
|    entropy_loss         | -1.87        |
|    explained_variance   | 0.738        |
|    learning_rate        | 0.0003       |
|    loss                 | 0.0447       |
|    n_updates            | 60           |
|    policy_gradient_loss | -0.00559     |
|    value_loss           | 0.138        |
------------------------------------------
-----------------------------------------
| rollout/                |             |
|    ep_len_mean          | 312         |
|    ep_rew_mean          | 14.6        |
| time/                   |             |
|    fps                  | 442         |
|    iterations           | 14          |
|    time_elapsed         | 776         |
|    total_timesteps      | 344064      |
| train/                  |             |
|    approx_kl            | 0.007607691 |
|    clip_fraction        | 0.069       |
|    clip_range           | 0.2         |
|    entropy_loss         | -1.94       |
|    explained_variance   | 0.873       |
|    learning_rate        | 0.0003      |
|    loss                 | 0.0221      |
|    n_updates            | 65          |
|    policy_gradient_loss | -0.00543    |
|    value_loss           | 0.109       |
-----------------------------------------
------------------------------------------
| rollout/                |              |
|    ep_len_mean          | 222          |
|    ep_rew_mean          | 18.4         |
| time/                   |              |
|    fps                  | 442          |
|    iterations           | 15           |
|    time_elapsed         | 832          |
|    total_timesteps      | 368640       |
| train/                  |              |
|    approx_kl            | 0.0073247445 |
|    clip_fraction        | 0.0778       |
|    clip_range           | 0.2          |
|    entropy_loss         | -1.96        |
|    explained_variance   | 0.93         |
|    learning_rate        | 0.0003       |
|    loss                 | 0.0206       |
|    n_updates            | 70           |
|    policy_gradient_loss | -0.00525     |
|    value_loss           | 0.0811       |
------------------------------------------
------------------------------------------
| rollout/                |              |
|    ep_len_mean          | 286          |
|    ep_rew_mean          | 18.3         |
| time/                   |              |
|    fps                  | 442          |
|    iterations           | 16           |
|    time_elapsed         | 889          |
|    total_timesteps      | 393216       |
| train/                  |              |
|    approx_kl            | 0.0074035493 |
|    clip_fraction        | 0.0807       |
|    clip_range           | 0.2          |
|    entropy_loss         | -1.88        |
|    explained_variance   | 0.928        |
|    learning_rate        | 0.0003       |
|    loss                 | 0.0103       |
|    n_updates            | 75           |
|    policy_gradient_loss | -0.00592     |
|    value_loss           | 0.0956       |
------------------------------------------
------------------------------------------
| rollout/                |              |
|    ep_len_mean          | 407          |
|    ep_rew_mean          | 17.9         |
| time/                   |              |
|    fps                  | 441          |
|    iterations           | 17           |
|    time_elapsed         | 946          |
|    total_timesteps      | 417792       |
| train/                  |              |
|    approx_kl            | 0.0077344407 |
|    clip_fraction        | 0.0701       |
|    clip_range           | 0.2          |
|    entropy_loss         | -1.92        |
|    explained_variance   | 0.935        |
|    learning_rate        | 0.0003       |
|    loss                 | 0.00641      |
|    n_updates            | 80           |
|    policy_gradient_loss | -0.0049      |
|    value_loss           | 0.0753       |
------------------------------------------
-----------------------------------------
| rollout/                |             |
|    ep_len_mean          | 328         |
|    ep_rew_mean          | 19.2        |
| time/                   |             |
|    fps                  | 440         |
|    iterations           | 18          |
|    time_elapsed         | 1003        |
|    total_timesteps      | 442368      |
| train/                  |             |
|    approx_kl            | 0.007873665 |
|    clip_fraction        | 0.0809      |
|    clip_range           | 0.2         |
|    entropy_loss         | -1.93       |
|    explained_variance   | 0.934       |
|    learning_rate        | 0.0003      |
|    loss                 | 0.00707     |
|    n_updates            | 85          |
|    policy_gradient_loss | -0.00614    |
|    value_loss           | 0.0742      |
-----------------------------------------
-----------------------------------------
| rollout/                |             |
|    ep_len_mean          | 230         |
|    ep_rew_mean          | 24.9        |
| time/                   |             |
|    fps                  | 441         |
|    iterations           | 19          |
|    time_elapsed         | 1058        |
|    total_timesteps      | 466944      |
| train/                  |             |
|    approx_kl            | 0.007075651 |
|    clip_fraction        | 0.0798      |
|    clip_range           | 0.2         |
|    entropy_loss         | -1.88       |
|    explained_variance   | 0.934       |
|    learning_rate        | 0.0003      |
|    loss                 | 0.0025      |
|    n_updates            | 90          |
|    policy_gradient_loss | -0.00556    |
|    value_loss           | 0.0706      |
-----------------------------------------
------------------------------------------
| rollout/                |              |
|    ep_len_mean          | 208          |
|    ep_rew_mean          | 25.3         |
| time/                   |              |
|    fps                  | 441          |
|    iterations           | 20           |
|    time_elapsed         | 1112         |
|    total_timesteps      | 491520       |
| train/                  |              |
|    approx_kl            | 0.0059227585 |
|    clip_fraction        | 0.0585       |
|    clip_range           | 0.2          |
|    entropy_loss         | -1.85        |
|    explained_variance   | 0.924        |
|    learning_rate        | 0.0003       |
|    loss                 | 0.00591      |
|    n_updates            | 95           |
|    policy_gradient_loss | -0.00368     |
|    value_loss           | 0.0657       |
------------------------------------------
[Checkpoint] Saved at 500000 steps > /home/runner/work/Disciples2-RL/Disciples2-RL/github_experiments/113/cities/seed113-cities-29639764010-1/checkpoints/campaign_ppo_step_500000.zip
------------------------------------------
| rollout/                |              |
|    ep_len_mean          | 226          |
|    ep_rew_mean          | 27.8         |
| time/                   |              |
|    fps                  | 441          |
|    iterations           | 21           |
|    time_elapsed         | 1168         |
|    total_timesteps      | 516096       |
| train/                  |              |
|    approx_kl            | 0.0061276057 |
|    clip_fraction        | 0.0614       |
|    clip_range           | 0.2          |
|    entropy_loss         | -1.8         |
|    explained_variance   | 0.831        |
|    learning_rate        | 0.0003       |
|    loss                 | 0.0151       |
|    n_updates            | 100          |
|    policy_gradient_loss | -0.00409     |
|    value_loss           | 0.0909       |
------------------------------------------
------------------------------------------
| rollout/                |              |
|    ep_len_mean          | 250          |
|    ep_rew_mean          | 27.9         |
| time/                   |              |
|    fps                  | 441          |
|    iterations           | 22           |
|    time_elapsed         | 1224         |
|    total_timesteps      | 540672       |
| train/                  |              |
|    approx_kl            | 0.0063250926 |
|    clip_fraction        | 0.0671       |
|    clip_range           | 0.2          |
|    entropy_loss         | -1.83        |
|    explained_variance   | 0.839        |
|    learning_rate        | 0.0003       |
|    loss                 | -0.0042      |
|    n_updates            | 105          |
|    policy_gradient_loss | -0.00516     |
|    value_loss           | 0.0704       |
------------------------------------------
-----------------------------------------
| rollout/                |             |
|    ep_len_mean          | 289         |
|    ep_rew_mean          | 26.7        |
| time/                   |             |
|    fps                  | 441         |
|    iterations           | 23          |
|    time_elapsed         | 1279        |
|    total_timesteps      | 565248      |
| train/                  |             |
|    approx_kl            | 0.007548002 |
|    clip_fraction        | 0.0651      |
|    clip_range           | 0.2         |
|    entropy_loss         | -1.85       |
|    explained_variance   | 0.901       |
|    learning_rate        | 0.0003      |
|    loss                 | -0.00144    |
|    n_updates            | 110         |
|    policy_gradient_loss | -0.00481    |
|    value_loss           | 0.0716      |
-----------------------------------------
-----------------------------------------
| rollout/                |             |
|    ep_len_mean          | 358         |
|    ep_rew_mean          | 25.2        |
| time/                   |             |
|    fps                  | 441         |
|    iterations           | 24          |
|    time_elapsed         | 1335        |
|    total_timesteps      | 589824      |
| train/                  |             |
|    approx_kl            | 0.006725915 |
|    clip_fraction        | 0.0682      |
|    clip_range           | 0.2         |
|    entropy_loss         | -1.81       |
|    explained_variance   | 0.925       |
|    learning_rate        | 0.0003      |
|    loss                 | -0.00395    |
|    n_updates            | 115         |
|    policy_gradient_loss | -0.00479    |
|    value_loss           | 0.0565      |
-----------------------------------------
-----------------------------------------
| rollout/                |             |
|    ep_len_mean          | 295         |
|    ep_rew_mean          | 37.8        |
| time/                   |             |
|    fps                  | 441         |
|    iterations           | 25          |
|    time_elapsed         | 1391        |
|    total_timesteps      | 614400      |
| train/                  |             |
|    approx_kl            | 0.007119509 |
|    clip_fraction        | 0.0653      |
|    clip_range           | 0.2         |
|    entropy_loss         | -1.81       |
|    explained_variance   | 0.884       |
|    learning_rate        | 0.0003      |
|    loss                 | -0.0018     |
|    n_updates            | 120         |
|    policy_gradient_loss | -0.00521    |
|    value_loss           | 0.0677      |
-----------------------------------------
------------------------------------------
| rollout/                |              |
|    ep_len_mean          | 234          |
|    ep_rew_mean          | 31.5         |
| time/                   |              |
|    fps                  | 441          |
|    iterations           | 26           |
|    time_elapsed         | 1446         |
|    total_timesteps      | 638976       |
| train/                  |              |
|    approx_kl            | 0.0071471347 |
|    clip_fraction        | 0.0645       |
|    clip_range           | 0.2          |
|    entropy_loss         | -1.77        |
|    explained_variance   | 0.89         |
|    learning_rate        | 0.0003       |
|    loss                 | -0.00229     |
|    n_updates            | 125          |
|    policy_gradient_loss | -0.00487     |
|    value_loss           | 0.0702       |
------------------------------------------
------------------------------------------
| rollout/                |              |
|    ep_len_mean          | 305          |
|    ep_rew_mean          | 26.9         |
| time/                   |              |
|    fps                  | 441          |
|    iterations           | 27           |
|    time_elapsed         | 1501         |
|    total_timesteps      | 663552       |
| train/                  |              |
|    approx_kl            | 0.0068479623 |
|    clip_fraction        | 0.0634       |
|    clip_range           | 0.2          |
|    entropy_loss         | -1.79        |
|    explained_variance   | 0.898        |
|    learning_rate        | 0.0003       |
|    loss                 | 0.00543      |
|    n_updates            | 130          |
|    policy_gradient_loss | -0.00533     |
|    value_loss           | 0.0794       |
------------------------------------------
------------------------------------------
| rollout/                |              |
|    ep_len_mean          | 335          |
|    ep_rew_mean          | 38.1         |
| time/                   |              |
|    fps                  | 441          |
|    iterations           | 28           |
|    time_elapsed         | 1556         |
|    total_timesteps      | 688128       |
| train/                  |              |
|    approx_kl            | 0.0071471506 |
|    clip_fraction        | 0.07         |
|    clip_range           | 0.2          |
|    entropy_loss         | -1.81        |
|    explained_variance   | 0.927        |
|    learning_rate        | 0.0003       |
|    loss                 | 0.00682      |
|    n_updates            | 135          |
|    policy_gradient_loss | -0.00515     |
|    value_loss           | 0.0693       |
------------------------------------------
------------------------------------------
| rollout/                |              |
|    ep_len_mean          | 412          |
|    ep_rew_mean          | 37.7         |
| time/                   |              |
|    fps                  | 442          |
|    iterations           | 29           |
|    time_elapsed         | 1611         |
|    total_timesteps      | 712704       |
| train/                  |              |
|    approx_kl            | 0.0075549358 |
|    clip_fraction        | 0.0771       |
|    clip_range           | 0.2          |
|    entropy_loss         | -1.79        |
|    explained_variance   | 0.925        |
|    learning_rate        | 0.0003       |
|    loss                 | 0.00597      |
|    n_updates            | 140          |
|    policy_gradient_loss | -0.00519     |
|    value_loss           | 0.0745       |
------------------------------------------
----------------------------------------
| rollout/                |            |
|    ep_len_mean          | 334        |
|    ep_rew_mean          | 47.8       |
| time/                   |            |
|    fps                  | 442        |
|    iterations           | 30         |
|    time_elapsed         | 1665       |
|    total_timesteps      | 737280     |
| train/                  |            |
|    approx_kl            | 0.00704545 |
|    clip_fraction        | 0.0774     |
|    clip_range           | 0.2        |
|    entropy_loss         | -1.75      |
|    explained_variance   | 0.86       |
|    learning_rate        | 0.0003     |
|    loss                 | 0.0114     |
|    n_updates            | 145        |
|    policy_gradient_loss | -0.00544   |
|    value_loss           | 0.0813     |
----------------------------------------
------------------------------------------
| rollout/                |              |
|    ep_len_mean          | 290          |
|    ep_rew_mean          | 41.2         |
| time/                   |              |
|    fps                  | 442          |
|    iterations           | 31           |
|    time_elapsed         | 1721         |
|    total_timesteps      | 761856       |
| train/                  |              |
|    approx_kl            | 0.0069606253 |
|    clip_fraction        | 0.0678       |
|    clip_range           | 0.2          |
|    entropy_loss         | -1.7         |
|    explained_variance   | 0.808        |
|    learning_rate        | 0.0003       |
|    loss                 | 0.00433      |
|    n_updates            | 150          |
|    policy_gradient_loss | -0.00468     |
|    value_loss           | 0.0813       |
------------------------------------------
------------------------------------------
| rollout/                |              |
|    ep_len_mean          | 249          |
|    ep_rew_mean          | 37.4         |
| time/                   |              |
|    fps                  | 442          |
|    iterations           | 32           |
|    time_elapsed         | 1776         |
|    total_timesteps      | 786432       |
| train/                  |              |
|    approx_kl            | 0.0066164173 |
|    clip_fraction        | 0.064        |
|    clip_range           | 0.2          |
|    entropy_loss         | -1.69        |
|    explained_variance   | 0.779        |
|    learning_rate        | 0.0003       |
|    loss                 | -0.0024      |
|    n_updates            | 155          |
|    policy_gradient_loss | -0.00524     |
|    value_loss           | 0.0789       |
------------------------------------------
-----------------------------------------
| rollout/                |             |
|    ep_len_mean          | 301         |
|    ep_rew_mean          | 43.7        |
| time/                   |             |
|    fps                  | 443         |
|    iterations           | 33          |
|    time_elapsed         | 1830        |
|    total_timesteps      | 811008      |
| train/                  |             |
|    approx_kl            | 0.006753014 |
|    clip_fraction        | 0.0688      |
|    clip_range           | 0.2         |
|    entropy_loss         | -1.65       |
|    explained_variance   | 0.777       |
|    learning_rate        | 0.0003      |
|    loss                 | 0.0169      |
|    n_updates            | 160         |
|    policy_gradient_loss | -0.00548    |
|    value_loss           | 0.102       |
-----------------------------------------
-----------------------------------------
| rollout/                |             |
|    ep_len_mean          | 276         |
|    ep_rew_mean          | 47.7        |
| time/                   |             |
|    fps                  | 443         |
|    iterations           | 34          |
|    time_elapsed         | 1883        |
|    total_timesteps      | 835584      |
| train/                  |             |
|    approx_kl            | 0.007618183 |
|    clip_fraction        | 0.0736      |
|    clip_range           | 0.2         |
|    entropy_loss         | -1.69       |
|    explained_variance   | 0.802       |
|    learning_rate        | 0.0003      |
|    loss                 | 0.0312      |
|    n_updates            | 165         |
|    policy_gradient_loss | -0.00568    |
|    value_loss           | 0.0954      |
-----------------------------------------
-----------------------------------------
| rollout/                |             |
|    ep_len_mean          | 287         |
|    ep_rew_mean          | 43.7        |
| time/                   |             |
|    fps                  | 443         |
|    iterations           | 35          |
|    time_elapsed         | 1937        |
|    total_timesteps      | 860160      |
| train/                  |             |
|    approx_kl            | 0.007398417 |
|    clip_fraction        | 0.0756      |
|    clip_range           | 0.2         |
|    entropy_loss         | -1.62       |
|    explained_variance   | 0.798       |
|    learning_rate        | 0.0003      |
|    loss                 | 0.0177      |
|    n_updates            | 170         |
|    policy_gradient_loss | -0.00569    |
|    value_loss           | 0.0919      |
-----------------------------------------
------------------------------------------
| rollout/                |              |
|    ep_len_mean          | 326          |
|    ep_rew_mean          | 53.5         |
| time/                   |              |
|    fps                  | 444          |
|    iterations           | 36           |
|    time_elapsed         | 1991         |
|    total_timesteps      | 884736       |
| train/                  |              |
|    approx_kl            | 0.0067151324 |
|    clip_fraction        | 0.0641       |
|    clip_range           | 0.2          |
|    entropy_loss         | -1.59        |
|    explained_variance   | 0.808        |
|    learning_rate        | 0.0003       |
|    loss                 | 0.0207       |
|    n_updates            | 175          |
|    policy_gradient_loss | -0.00501     |
|    value_loss           | 0.091        |
------------------------------------------
-----------------------------------------
| rollout/                |             |
|    ep_len_mean          | 322         |
|    ep_rew_mean          | 54          |
| time/                   |             |
|    fps                  | 444         |
|    iterations           | 37          |
|    time_elapsed         | 2045        |
|    total_timesteps      | 909312      |
| train/                  |             |
|    approx_kl            | 0.006620183 |
|    clip_fraction        | 0.0643      |
|    clip_range           | 0.2         |
|    entropy_loss         | -1.59       |
|    explained_variance   | 0.847       |
|    learning_rate        | 0.0003      |
|    loss                 | 0.0065      |
|    n_updates            | 180         |
|    policy_gradient_loss | -0.00483    |
|    value_loss           | 0.0761      |
-----------------------------------------
-----------------------------------------
| rollout/                |             |
|    ep_len_mean          | 342         |
|    ep_rew_mean          | 60.9        |
| time/                   |             |
|    fps                  | 444         |
|    iterations           | 38          |
|    time_elapsed         | 2099        |
|    total_timesteps      | 933888      |
| train/                  |             |
|    approx_kl            | 0.007689506 |
|    clip_fraction        | 0.0706      |
|    clip_range           | 0.2         |
|    entropy_loss         | -1.56       |
|    explained_variance   | 0.811       |
|    learning_rate        | 0.0003      |
|    loss                 | 0.00691     |
|    n_updates            | 185         |
|    policy_gradient_loss | -0.00534    |
|    value_loss           | 0.0779      |
-----------------------------------------
-----------------------------------------
| rollout/                |             |
|    ep_len_mean          | 322         |
|    ep_rew_mean          | 61.4        |
| time/                   |             |
|    fps                  | 445         |
|    iterations           | 39          |
|    time_elapsed         | 2153        |
|    total_timesteps      | 958464      |
| train/                  |             |
|    approx_kl            | 0.008145008 |
|    clip_fraction        | 0.0833      |
|    clip_range           | 0.2         |
|    entropy_loss         | -1.54       |
|    explained_variance   | 0.799       |
|    learning_rate        | 0.0003      |
|    loss                 | 0.00079     |
|    n_updates            | 190         |
|    policy_gradient_loss | -0.0062     |
|    value_loss           | 0.0814      |
-----------------------------------------
-----------------------------------------
| rollout/                |             |
|    ep_len_mean          | 323         |
|    ep_rew_mean          | 62          |
| time/                   |             |
|    fps                  | 445         |
|    iterations           | 40          |
|    time_elapsed         | 2206        |
|    total_timesteps      | 983040      |
| train/                  |             |
|    approx_kl            | 0.006992258 |
|    clip_fraction        | 0.0722      |
|    clip_range           | 0.2         |
|    entropy_loss         | -1.52       |
|    explained_variance   | 0.849       |
|    learning_rate        | 0.0003      |
|    loss                 | 0.0139      |
|    n_updates            | 195         |
|    policy_gradient_loss | -0.00556    |
|    value_loss           | 0.0793      |
-----------------------------------------
[Checkpoint] Saved at 1000000 steps > /home/runner/work/Disciples2-RL/Disciples2-RL/github_experiments/113/cities/seed113-cities-29639764010-1/checkpoints/campaign_ppo_step_1000000.zip
Eval num_timesteps=1000008, det_reward=63.55 +/- 42.64
Episode length: det=447.90 +/- 930.83
Victory rate: det=0.00%
-------------------------------------------------
| eval/                           |             |
|    deterministic_mean_ep_length | 448         |
|    deterministic_mean_reward    | 63.5        |
|    deterministic_victory_rate   | 0           |
|    mean_ep_length               | 448         |
|    mean_reward                  | 63.5        |
|    victory_rate                 | 0           |
| time/                           |             |
|    total_timesteps              | 1000008     |
| train/                          |             |
|    approx_kl                    | 0.007465405 |
|    clip_fraction                | 0.0735      |
|    clip_range                   | 0.2         |
|    entropy_loss                 | -1.56       |
|    explained_variance           | 0.876       |
|    learning_rate                | 0.0003      |
|    loss                         | 0.0199      |
|    n_updates                    | 200         |
|    policy_gradient_loss         | -0.00523    |
|    value_loss                   | 0.0782      |
-------------------------------------------------
New best model by deterministic victory rate!
---------------------------------
| rollout/           |          |
|    ep_len_mean     | 385      |
|    ep_rew_mean     | 59.9     |
| time/              |          |
|    fps             | 439      |
|    iterations      | 41       |
|    time_elapsed    | 2293     |
|    total_timesteps | 1007616  |
---------------------------------
VecNormalize stats saved: /home/runner/work/Disciples2-RL/Disciples2-RL/github_experiments/113/cities/seed113-cities-29639764010-1/models/vecnormalize.pkl

Финальная модель сохранена: /home/runner/work/Disciples2-RL/Disciples2-RL/github_experiments/113/cities/seed113-cities-29639764010-1/models/final_model.zip

============================================================
ИТОГИ ОБУЧЕНИЯ:
  Побед: 1
  Поражений: 3902
  Таймаутов: 3
  Побед бота столицы над врагами: 0
  Перестановок юнитов: 209007
  Терминальные поражения по противникам:
    enemy_7: 1334 — Отряд: воин + привидение спереди, колдун + призрак + привидение сзади
    enemy_29: 480 — Отряд: 3 скваера на передней линии
    enemy_23: 274 — Отряд: волк на передней линии
    enemy_75: 226 — Страж столицы Империи: Мизраэль
    enemy_25: 224 — Отряд: копейщик спереди и служка сзади
    enemy_3: 208 — Отряд: орк чемпион на передней линии
    enemy_15: 185 — Отряд: 2 привидения спереди, вампир сзади
    enemy_70: 163 — Руины (15, 9): Орк, Гоблин, Гоблин
    enemy_27: 154 — Отряд: скваер в центре и 2 крестьянина на передней линии
    enemy_39: 129 — Отряд: Волк, Варвар
    enemy_5: 99 — Отряд: орк чемпион на передней линии
    enemy_31: 61 — Отряд: зеленый дракон
    enemy_11: 57 — Отряд: оборотень спереди и тень сзади
    enemy_37: 51 — Отряд: Гном, Травница, Алхимик
    enemy_41: 41 — Отряд: Гном, Метатель топоров
    enemy_9: 34 — Отряд: тамплиер спереди, колдун и призрак сзади
    enemy_1: 33 — Отряд: волк на передней линии
    enemy_17: 28 — Отряд: воин спереди, 2 призрака и привидение сзади
    enemy_34: 20 — Отряд Порта Полонис: Воин спереди, Колдун, Нигош (Носферату) и Привидение сзади
    enemy_35: 19 — Отряд Соругириллы: Унфегра (Королева личей), Виверна
    enemy_43: 16 — Отряд: Призрак, Тамплиер
    enemy_49: 11 — Отряд: Гном
    enemy_13: 11 — Отряд: 2 зомби спереди и привидение сзади
    enemy_21: 10 — Отряд: зомби спереди, привидение сзади
    enemy_61: 8 — Отряд: Зомби, Призрак
    enemy_69: 5 — Внутренний гарнизон Соругириллы: Зомби, Воин
    enemy_47: 5 — Отряд: Призрак, Привидение, Привидение, Воин
    enemy_63: 4 — Отряд: Разбойник
    enemy_65: 4 — Отряд: Кентавр копейщик, Рейнджер
    enemy_57: 4 — Отряд: Призрак, Привидение, Воин
    enemy_45: 2 — Отряд: Головорез
    enemy_68: 1 — Внутренний гарнизон Порта Полонис: Зомби, Воин
    enemy_59: 1 — Отряд: Зомби
  Winrate: 0.0%
============================================================
  График призывов за эпизод: /home/runner/work/Disciples2-RL/Disciples2-RL/github_experiments/113/cities/seed113-cities-29639764010-1/plots/campaign_summoned_units_per_episode.png
  График призывов за всё обучение: /home/runner/work/Disciples2-RL/Disciples2-RL/github_experiments/113/cities/seed113-cities-29639764010-1/plots/campaign_summoned_units_cumulative.png
  График найма за эпизод: /home/runner/work/Disciples2-RL/Disciples2-RL/github_experiments/113/cities/seed113-cities-29639764010-1/plots/campaign_hired_units_per_episode.png
  График найма за всё обучение: /home/runner/work/Disciples2-RL/Disciples2-RL/github_experiments/113/cities/seed113-cities-29639764010-1/plots/campaign_hired_units_cumulative.png
  График перестановок юнитов за эпизод: /home/runner/work/Disciples2-RL/Disciples2-RL/github_experiments/113/cities/seed113-cities-29639764010-1/plots/campaign_unit_swaps_per_episode.png
  График боевых предметов: /home/runner/work/Disciples2-RL/Disciples2-RL/github_experiments/113/cities/seed113-cities-29639764010-1/plots/campaign_battle_item_activity.png
  График побед бота столицы за эпизод: /home/runner/work/Disciples2-RL/Disciples2-RL/github_experiments/113/cities/seed113-cities-29639764010-1/plots/campaign_scripted_bot_victories_per_episode.png
  График применения заклинаний: /home/runner/work/Disciples2-RL/Disciples2-RL/github_experiments/113/cities/seed113-cities-29639764010-1/plots/campaign_spell_cast_activity.png
