Проверка среды CampaignEnv...
Среда прошла проверку!
[INFO] Comet disabled, running without experiment tracking
Создание 12 параллельных сред (subproc)...
Инициализация MaskablePPO...
Using cpu device

============================================================
Запуск обучения Campaign Agent
Всего шагов: 1,000,000
Параллельных сред: 12
VecEnv: subproc
VecEnv start method: forkserver
Seed: 112
Checkpoint каждые: 500,000 шагов
Evaluation каждые: 83,334 шагов
Eval deterministic эпизодов: 20
Eval stochastic эпизодов: 0
Eval лимит шагов на эпизод: 5000
Campaign map: small
Campaign objective: blue_dragon
System resources at training start:
  Platform: Linux 6.17.0-1020-azure (x86_64)
  Python: 3.14.6
  PyTorch: 2.13.0+cpu
  Training device: cpu
  CPU model: AMD EPYC 7763 64-Core Processor
  CPU vendor: AuthenticAMD
  Logical CPUs visible: 4
  Process CPU affinity: 4
  Sockets: 1
  Cores per socket: 2
  Threads per core: 2
  CPU max MHz: unknown
  CPU min MHz: unknown
  L1d cache: 64 KiB (2 instances)
  L1i cache: 64 KiB (2 instances)
  L2 cache: 1 MiB (2 instances)
  L3 cache: 32 MiB (1 instance)
  Virtualization: AMD-V
  Hypervisor: Microsoft
  RAM total: 15.61 GiB
  RAM available at start: 13.87 GiB
  Disk total: 144.26 GiB
  Disk free at start: 85.41 GiB
  Torch intra-op threads: 4
  Torch inter-op threads: 2
  OMP_NUM_THREADS: 4
  MKL_NUM_THREADS: 4
  OPENBLAS_NUM_THREADS: 4
  GitHub runner OS: Linux
  GitHub runner architecture: X64
  GitHub runner environment: github-hosted
PPO n_steps: 2,048
PPO batch_size: 512
PPO n_epochs: 5
PPO learning_rate: 0.0003
PPO clip_range: 0.2
PPO ent_coef: 0.01
PPO gamma: 0.995
PPO gae_lambda: 0.95
PPO target_kl: disabled
PPO gradient batches per rollout: 240
VecCheckNan: disabled
Freeze action layout: enabled
Empire territory: enabled
Torch threads per process: 4
Diagnostics: disabled
Wall-clock training limit: disabled
Run ID: seed112-blue_dragon-29633835212-1
============================================================

Logging to /home/runner/work/Disciples2-RL/Disciples2-RL/github_experiments/112/blue_dragon/seed112-blue_dragon-29633835212-1/tensorboard/MaskablePPO_1
---------------------------------
| rollout/           |          |
|    ep_len_mean     | 132      |
|    ep_rew_mean     | -5.62    |
| time/              |          |
|    fps             | 512      |
|    iterations      | 1        |
|    time_elapsed    | 47       |
|    total_timesteps | 24576    |
---------------------------------
-----------------------------------------
| rollout/                |             |
|    ep_len_mean          | 148         |
|    ep_rew_mean          | -3.49       |
| time/                   |             |
|    fps                  | 490         |
|    iterations           | 2           |
|    time_elapsed         | 100         |
|    total_timesteps      | 49152       |
| train/                  |             |
|    approx_kl            | 0.009779587 |
|    clip_fraction        | 0.0709      |
|    clip_range           | 0.2         |
|    entropy_loss         | -2.19       |
|    explained_variance   | 0.000964    |
|    learning_rate        | 0.0003      |
|    loss                 | 0.192       |
|    n_updates            | 5           |
|    policy_gradient_loss | -0.00644    |
|    value_loss           | 0.53        |
-----------------------------------------
-----------------------------------------
| rollout/                |             |
|    ep_len_mean          | 168         |
|    ep_rew_mean          | -3.04       |
| time/                   |             |
|    fps                  | 481         |
|    iterations           | 3           |
|    time_elapsed         | 153         |
|    total_timesteps      | 73728       |
| train/                  |             |
|    approx_kl            | 0.010078792 |
|    clip_fraction        | 0.108       |
|    clip_range           | 0.2         |
|    entropy_loss         | -2.15       |
|    explained_variance   | 0.498       |
|    learning_rate        | 0.0003      |
|    loss                 | 0.0973      |
|    n_updates            | 10          |
|    policy_gradient_loss | -0.0113     |
|    value_loss           | 0.288       |
-----------------------------------------
-----------------------------------------
| rollout/                |             |
|    ep_len_mean          | 225         |
|    ep_rew_mean          | -3.38       |
| time/                   |             |
|    fps                  | 474         |
|    iterations           | 4           |
|    time_elapsed         | 207         |
|    total_timesteps      | 98304       |
| train/                  |             |
|    approx_kl            | 0.010979888 |
|    clip_fraction        | 0.119       |
|    clip_range           | 0.2         |
|    entropy_loss         | -2.14       |
|    explained_variance   | 0.729       |
|    learning_rate        | 0.0003      |
|    loss                 | 0.0241      |
|    n_updates            | 15          |
|    policy_gradient_loss | -0.0103     |
|    value_loss           | 0.145       |
-----------------------------------------
------------------------------------------
| rollout/                |              |
|    ep_len_mean          | 344          |
|    ep_rew_mean          | -13.3        |
| time/                   |              |
|    fps                  | 468          |
|    iterations           | 5            |
|    time_elapsed         | 262          |
|    total_timesteps      | 122880       |
| train/                  |              |
|    approx_kl            | 0.0099739665 |
|    clip_fraction        | 0.113        |
|    clip_range           | 0.2          |
|    entropy_loss         | -2.12        |
|    explained_variance   | 0.825        |
|    learning_rate        | 0.0003       |
|    loss                 | -0.00604     |
|    n_updates            | 20           |
|    policy_gradient_loss | -0.00911     |
|    value_loss           | 0.0751       |
------------------------------------------
-----------------------------------------
| rollout/                |             |
|    ep_len_mean          | 515         |
|    ep_rew_mean          | -18         |
| time/                   |             |
|    fps                  | 466         |
|    iterations           | 6           |
|    time_elapsed         | 315         |
|    total_timesteps      | 147456      |
| train/                  |             |
|    approx_kl            | 0.010298579 |
|    clip_fraction        | 0.112       |
|    clip_range           | 0.2         |
|    entropy_loss         | -2.13       |
|    explained_variance   | 0.86        |
|    learning_rate        | 0.0003      |
|    loss                 | -0.0286     |
|    n_updates            | 25          |
|    policy_gradient_loss | -0.00915    |
|    value_loss           | 0.0388      |
-----------------------------------------
-----------------------------------------
| rollout/                |             |
|    ep_len_mean          | 361         |
|    ep_rew_mean          | 1.9         |
| time/                   |             |
|    fps                  | 466         |
|    iterations           | 7           |
|    time_elapsed         | 368         |
|    total_timesteps      | 172032      |
| train/                  |             |
|    approx_kl            | 0.010332932 |
|    clip_fraction        | 0.121       |
|    clip_range           | 0.2         |
|    entropy_loss         | -2.09       |
|    explained_variance   | 0.865       |
|    learning_rate        | 0.0003      |
|    loss                 | -0.00904    |
|    n_updates            | 30          |
|    policy_gradient_loss | -0.00838    |
|    value_loss           | 0.038       |
-----------------------------------------
-----------------------------------------
| rollout/                |             |
|    ep_len_mean          | 265         |
|    ep_rew_mean          | 9.2         |
| time/                   |             |
|    fps                  | 466         |
|    iterations           | 8           |
|    time_elapsed         | 421         |
|    total_timesteps      | 196608      |
| train/                  |             |
|    approx_kl            | 0.009128316 |
|    clip_fraction        | 0.0902      |
|    clip_range           | 0.2         |
|    entropy_loss         | -2.06       |
|    explained_variance   | 0.853       |
|    learning_rate        | 0.0003      |
|    loss                 | -0.0132     |
|    n_updates            | 35          |
|    policy_gradient_loss | -0.0075     |
|    value_loss           | 0.0377      |
-----------------------------------------
-----------------------------------------
| rollout/                |             |
|    ep_len_mean          | 221         |
|    ep_rew_mean          | 11.9        |
| time/                   |             |
|    fps                  | 466         |
|    iterations           | 9           |
|    time_elapsed         | 473         |
|    total_timesteps      | 221184      |
| train/                  |             |
|    approx_kl            | 0.008561317 |
|    clip_fraction        | 0.0934      |
|    clip_range           | 0.2         |
|    entropy_loss         | -2.01       |
|    explained_variance   | 0.837       |
|    learning_rate        | 0.0003      |
|    loss                 | -0.00657    |
|    n_updates            | 40          |
|    policy_gradient_loss | -0.00769    |
|    value_loss           | 0.0447      |
-----------------------------------------
------------------------------------------
| rollout/                |              |
|    ep_len_mean          | 216          |
|    ep_rew_mean          | 14.7         |
| time/                   |              |
|    fps                  | 467          |
|    iterations           | 10           |
|    time_elapsed         | 525          |
|    total_timesteps      | 245760       |
| train/                  |              |
|    approx_kl            | 0.0073420503 |
|    clip_fraction        | 0.0672       |
|    clip_range           | 0.2          |
|    entropy_loss         | -1.97        |
|    explained_variance   | 0.822        |
|    learning_rate        | 0.0003       |
|    loss                 | -0.0133      |
|    n_updates            | 45           |
|    policy_gradient_loss | -0.00544     |
|    value_loss           | 0.0426       |
------------------------------------------
-----------------------------------------
| rollout/                |             |
|    ep_len_mean          | 210         |
|    ep_rew_mean          | 15.4        |
| time/                   |             |
|    fps                  | 468         |
|    iterations           | 11          |
|    time_elapsed         | 576         |
|    total_timesteps      | 270336      |
| train/                  |             |
|    approx_kl            | 0.008131407 |
|    clip_fraction        | 0.0843      |
|    clip_range           | 0.2         |
|    entropy_loss         | -1.89       |
|    explained_variance   | 0.812       |
|    learning_rate        | 0.0003      |
|    loss                 | -0.0065     |
|    n_updates            | 50          |
|    policy_gradient_loss | -0.00745    |
|    value_loss           | 0.0438      |
-----------------------------------------
-----------------------------------------
| rollout/                |             |
|    ep_len_mean          | 189         |
|    ep_rew_mean          | 16.8        |
| time/                   |             |
|    fps                  | 470         |
|    iterations           | 12          |
|    time_elapsed         | 626         |
|    total_timesteps      | 294912      |
| train/                  |             |
|    approx_kl            | 0.008349428 |
|    clip_fraction        | 0.0773      |
|    clip_range           | 0.2         |
|    entropy_loss         | -1.86       |
|    explained_variance   | 0.811       |
|    learning_rate        | 0.0003      |
|    loss                 | -0.0103     |
|    n_updates            | 55          |
|    policy_gradient_loss | -0.00603    |
|    value_loss           | 0.0396      |
-----------------------------------------
-----------------------------------------
| rollout/                |             |
|    ep_len_mean          | 185         |
|    ep_rew_mean          | 16.8        |
| time/                   |             |
|    fps                  | 471         |
|    iterations           | 13          |
|    time_elapsed         | 677         |
|    total_timesteps      | 319488      |
| train/                  |             |
|    approx_kl            | 0.007180614 |
|    clip_fraction        | 0.0804      |
|    clip_range           | 0.2         |
|    entropy_loss         | -1.81       |
|    explained_variance   | 0.817       |
|    learning_rate        | 0.0003      |
|    loss                 | -0.00572    |
|    n_updates            | 60          |
|    policy_gradient_loss | -0.00672    |
|    value_loss           | 0.045       |
-----------------------------------------
-----------------------------------------
| rollout/                |             |
|    ep_len_mean          | 179         |
|    ep_rew_mean          | 19.1        |
| time/                   |             |
|    fps                  | 472         |
|    iterations           | 14          |
|    time_elapsed         | 728         |
|    total_timesteps      | 344064      |
| train/                  |             |
|    approx_kl            | 0.007762004 |
|    clip_fraction        | 0.0783      |
|    clip_range           | 0.2         |
|    entropy_loss         | -1.79       |
|    explained_variance   | 0.828       |
|    learning_rate        | 0.0003      |
|    loss                 | -0.0149     |
|    n_updates            | 65          |
|    policy_gradient_loss | -0.00658    |
|    value_loss           | 0.0438      |
-----------------------------------------
----------------------------------------
| rollout/                |            |
|    ep_len_mean          | 175        |
|    ep_rew_mean          | 19.7       |
| time/                   |            |
|    fps                  | 473        |
|    iterations           | 15         |
|    time_elapsed         | 778        |
|    total_timesteps      | 368640     |
| train/                  |            |
|    approx_kl            | 0.00799585 |
|    clip_fraction        | 0.0738     |
|    clip_range           | 0.2        |
|    entropy_loss         | -1.78      |
|    explained_variance   | 0.808      |
|    learning_rate        | 0.0003     |
|    loss                 | 0.00851    |
|    n_updates            | 70         |
|    policy_gradient_loss | -0.00586   |
|    value_loss           | 0.0516     |
----------------------------------------
------------------------------------------
| rollout/                |              |
|    ep_len_mean          | 175          |
|    ep_rew_mean          | 22.7         |
| time/                   |              |
|    fps                  | 474          |
|    iterations           | 16           |
|    time_elapsed         | 829          |
|    total_timesteps      | 393216       |
| train/                  |              |
|    approx_kl            | 0.0065956805 |
|    clip_fraction        | 0.0626       |
|    clip_range           | 0.2          |
|    entropy_loss         | -1.77        |
|    explained_variance   | 0.831        |
|    learning_rate        | 0.0003       |
|    loss                 | 0.00294      |
|    n_updates            | 75           |
|    policy_gradient_loss | -0.0062      |
|    value_loss           | 0.0527       |
------------------------------------------
------------------------------------------
| rollout/                |              |
|    ep_len_mean          | 172          |
|    ep_rew_mean          | 21.3         |
| time/                   |              |
|    fps                  | 475          |
|    iterations           | 17           |
|    time_elapsed         | 879          |
|    total_timesteps      | 417792       |
| train/                  |              |
|    approx_kl            | 0.0076385513 |
|    clip_fraction        | 0.0781       |
|    clip_range           | 0.2          |
|    entropy_loss         | -1.71        |
|    explained_variance   | 0.843        |
|    learning_rate        | 0.0003       |
|    loss                 | 0.00299      |
|    n_updates            | 80           |
|    policy_gradient_loss | -0.00599     |
|    value_loss           | 0.0564       |
------------------------------------------
-----------------------------------------
| rollout/                |             |
|    ep_len_mean          | 220         |
|    ep_rew_mean          | 15.8        |
| time/                   |             |
|    fps                  | 476         |
|    iterations           | 18          |
|    time_elapsed         | 929         |
|    total_timesteps      | 442368      |
| train/                  |             |
|    approx_kl            | 0.007124822 |
|    clip_fraction        | 0.0599      |
|    clip_range           | 0.2         |
|    entropy_loss         | -1.71       |
|    explained_variance   | 0.898       |
|    learning_rate        | 0.0003      |
|    loss                 | 0.00236     |
|    n_updates            | 85          |
|    policy_gradient_loss | -0.00462    |
|    value_loss           | 0.052       |
-----------------------------------------
------------------------------------------
| rollout/                |              |
|    ep_len_mean          | 172          |
|    ep_rew_mean          | 24.3         |
| time/                   |              |
|    fps                  | 476          |
|    iterations           | 19           |
|    time_elapsed         | 979          |
|    total_timesteps      | 466944       |
| train/                  |              |
|    approx_kl            | 0.0066759842 |
|    clip_fraction        | 0.065        |
|    clip_range           | 0.2          |
|    entropy_loss         | -1.72        |
|    explained_variance   | 0.838        |
|    learning_rate        | 0.0003       |
|    loss                 | 0.00995      |
|    n_updates            | 90           |
|    policy_gradient_loss | -0.00511     |
|    value_loss           | 0.0647       |
------------------------------------------
------------------------------------------
| rollout/                |              |
|    ep_len_mean          | 174          |
|    ep_rew_mean          | 25.7         |
| time/                   |              |
|    fps                  | 477          |
|    iterations           | 20           |
|    time_elapsed         | 1029         |
|    total_timesteps      | 491520       |
| train/                  |              |
|    approx_kl            | 0.0070856228 |
|    clip_fraction        | 0.065        |
|    clip_range           | 0.2          |
|    entropy_loss         | -1.71        |
|    explained_variance   | 0.811        |
|    learning_rate        | 0.0003       |
|    loss                 | 0.00411      |
|    n_updates            | 95           |
|    policy_gradient_loss | -0.00589     |
|    value_loss           | 0.0609       |
------------------------------------------
[Checkpoint] Saved at 500000 steps > /home/runner/work/Disciples2-RL/Disciples2-RL/github_experiments/112/blue_dragon/seed112-blue_dragon-29633835212-1/checkpoints/campaign_ppo_step_500000.zip
------------------------------------------
| rollout/                |              |
|    ep_len_mean          | 164          |
|    ep_rew_mean          | 23.8         |
| time/                   |              |
|    fps                  | 477          |
|    iterations           | 21           |
|    time_elapsed         | 1080         |
|    total_timesteps      | 516096       |
| train/                  |              |
|    approx_kl            | 0.0067911264 |
|    clip_fraction        | 0.0703       |
|    clip_range           | 0.2          |
|    entropy_loss         | -1.66        |
|    explained_variance   | 0.826        |
|    learning_rate        | 0.0003       |
|    loss                 | 0.0015       |
|    n_updates            | 100          |
|    policy_gradient_loss | -0.00511     |
|    value_loss           | 0.0606       |
------------------------------------------
-----------------------------------------
| rollout/                |             |
|    ep_len_mean          | 209         |
|    ep_rew_mean          | 21.6        |
| time/                   |             |
|    fps                  | 478         |
|    iterations           | 22          |
|    time_elapsed         | 1130        |
|    total_timesteps      | 540672      |
| train/                  |             |
|    approx_kl            | 0.008083184 |
|    clip_fraction        | 0.0799      |
|    clip_range           | 0.2         |
|    entropy_loss         | -1.66       |
|    explained_variance   | 0.882       |
|    learning_rate        | 0.0003      |
|    loss                 | 0.00405     |
|    n_updates            | 105         |
|    policy_gradient_loss | -0.00588    |
|    value_loss           | 0.0592      |
-----------------------------------------
-----------------------------------------
| rollout/                |             |
|    ep_len_mean          | 184         |
|    ep_rew_mean          | 29.3        |
| time/                   |             |
|    fps                  | 479         |
|    iterations           | 23          |
|    time_elapsed         | 1179        |
|    total_timesteps      | 565248      |
| train/                  |             |
|    approx_kl            | 0.007119195 |
|    clip_fraction        | 0.0687      |
|    clip_range           | 0.2         |
|    entropy_loss         | -1.64       |
|    explained_variance   | 0.896       |
|    learning_rate        | 0.0003      |
|    loss                 | 0.00751     |
|    n_updates            | 110         |
|    policy_gradient_loss | -0.00539    |
|    value_loss           | 0.0598      |
-----------------------------------------
------------------------------------------
| rollout/                |              |
|    ep_len_mean          | 182          |
|    ep_rew_mean          | 31.7         |
| time/                   |              |
|    fps                  | 479          |
|    iterations           | 24           |
|    time_elapsed         | 1229         |
|    total_timesteps      | 589824       |
| train/                  |              |
|    approx_kl            | 0.0061238916 |
|    clip_fraction        | 0.0565       |
|    clip_range           | 0.2          |
|    entropy_loss         | -1.62        |
|    explained_variance   | 0.896        |
|    learning_rate        | 0.0003       |
|    loss                 | 0.00166      |
|    n_updates            | 115          |
|    policy_gradient_loss | -0.00457     |
|    value_loss           | 0.0509       |
------------------------------------------
-----------------------------------------
| rollout/                |             |
|    ep_len_mean          | 221         |
|    ep_rew_mean          | 24.7        |
| time/                   |             |
|    fps                  | 480         |
|    iterations           | 25          |
|    time_elapsed         | 1278        |
|    total_timesteps      | 614400      |
| train/                  |             |
|    approx_kl            | 0.005940631 |
|    clip_fraction        | 0.0558      |
|    clip_range           | 0.2         |
|    entropy_loss         | -1.56       |
|    explained_variance   | 0.929       |
|    learning_rate        | 0.0003      |
|    loss                 | 0.00362     |
|    n_updates            | 120         |
|    policy_gradient_loss | -0.00459    |
|    value_loss           | 0.0532      |
-----------------------------------------
------------------------------------------
| rollout/                |              |
|    ep_len_mean          | 185          |
|    ep_rew_mean          | 30.7         |
| time/                   |              |
|    fps                  | 481          |
|    iterations           | 26           |
|    time_elapsed         | 1328         |
|    total_timesteps      | 638976       |
| train/                  |              |
|    approx_kl            | 0.0054413616 |
|    clip_fraction        | 0.0488       |
|    clip_range           | 0.2          |
|    entropy_loss         | -1.57        |
|    explained_variance   | 0.936        |
|    learning_rate        | 0.0003       |
|    loss                 | 0.00718      |
|    n_updates            | 125          |
|    policy_gradient_loss | -0.00379     |
|    value_loss           | 0.057        |
------------------------------------------
------------------------------------------
| rollout/                |              |
|    ep_len_mean          | 225          |
|    ep_rew_mean          | 23.4         |
| time/                   |              |
|    fps                  | 481          |
|    iterations           | 27           |
|    time_elapsed         | 1379         |
|    total_timesteps      | 663552       |
| train/                  |              |
|    approx_kl            | 0.0068980977 |
|    clip_fraction        | 0.0721       |
|    clip_range           | 0.2          |
|    entropy_loss         | -1.54        |
|    explained_variance   | 0.958        |
|    learning_rate        | 0.0003       |
|    loss                 | -0.00176     |
|    n_updates            | 130          |
|    policy_gradient_loss | -0.00565     |
|    value_loss           | 0.0483       |
------------------------------------------
------------------------------------------
| rollout/                |              |
|    ep_len_mean          | 320          |
|    ep_rew_mean          | 14.2         |
| time/                   |              |
|    fps                  | 481          |
|    iterations           | 28           |
|    time_elapsed         | 1429         |
|    total_timesteps      | 688128       |
| train/                  |              |
|    approx_kl            | 0.0070613935 |
|    clip_fraction        | 0.0745       |
|    clip_range           | 0.2          |
|    entropy_loss         | -1.56        |
|    explained_variance   | 0.973        |
|    learning_rate        | 0.0003       |
|    loss                 | -0.00846     |
|    n_updates            | 135          |
|    policy_gradient_loss | -0.00518     |
|    value_loss           | 0.0389       |
------------------------------------------
------------------------------------------
| rollout/                |              |
|    ep_len_mean          | 188          |
|    ep_rew_mean          | 32.8         |
| time/                   |              |
|    fps                  | 481          |
|    iterations           | 29           |
|    time_elapsed         | 1479         |
|    total_timesteps      | 712704       |
| train/                  |              |
|    approx_kl            | 0.0060640033 |
|    clip_fraction        | 0.0566       |
|    clip_range           | 0.2          |
|    entropy_loss         | -1.56        |
|    explained_variance   | 0.967        |
|    learning_rate        | 0.0003       |
|    loss                 | -0.00427     |
|    n_updates            | 140          |
|    policy_gradient_loss | -0.00401     |
|    value_loss           | 0.0405       |
------------------------------------------
-----------------------------------------
| rollout/                |             |
|    ep_len_mean          | 240         |
|    ep_rew_mean          | 33.5        |
| time/                   |             |
|    fps                  | 481         |
|    iterations           | 30          |
|    time_elapsed         | 1530        |
|    total_timesteps      | 737280      |
| train/                  |             |
|    approx_kl            | 0.006459005 |
|    clip_fraction        | 0.0544      |
|    clip_range           | 0.2         |
|    entropy_loss         | -1.58       |
|    explained_variance   | 0.964       |
|    learning_rate        | 0.0003      |
|    loss                 | -0.00683    |
|    n_updates            | 145         |
|    policy_gradient_loss | -0.00426    |
|    value_loss           | 0.0424      |
-----------------------------------------
------------------------------------------
| rollout/                |              |
|    ep_len_mean          | 332          |
|    ep_rew_mean          | 20.6         |
| time/                   |              |
|    fps                  | 481          |
|    iterations           | 31           |
|    time_elapsed         | 1580         |
|    total_timesteps      | 761856       |
| train/                  |              |
|    approx_kl            | 0.0069508734 |
|    clip_fraction        | 0.0626       |
|    clip_range           | 0.2          |
|    entropy_loss         | -1.61        |
|    explained_variance   | 0.981        |
|    learning_rate        | 0.0003       |
|    loss                 | -0.0107      |
|    n_updates            | 150          |
|    policy_gradient_loss | -0.00503     |
|    value_loss           | 0.0286       |
------------------------------------------
-----------------------------------------
| rollout/                |             |
|    ep_len_mean          | 275         |
|    ep_rew_mean          | 26.8        |
| time/                   |             |
|    fps                  | 482         |
|    iterations           | 32          |
|    time_elapsed         | 1631        |
|    total_timesteps      | 786432      |
| train/                  |             |
|    approx_kl            | 0.007582634 |
|    clip_fraction        | 0.0772      |
|    clip_range           | 0.2         |
|    entropy_loss         | -1.57       |
|    explained_variance   | 0.976       |
|    learning_rate        | 0.0003      |
|    loss                 | -0.00156    |
|    n_updates            | 155         |
|    policy_gradient_loss | -0.00597    |
|    value_loss           | 0.0335      |
-----------------------------------------
------------------------------------------
| rollout/                |              |
|    ep_len_mean          | 269          |
|    ep_rew_mean          | 25.2         |
| time/                   |              |
|    fps                  | 481          |
|    iterations           | 33           |
|    time_elapsed         | 1683         |
|    total_timesteps      | 811008       |
| train/                  |              |
|    approx_kl            | 0.0070431153 |
|    clip_fraction        | 0.0737       |
|    clip_range           | 0.2          |
|    entropy_loss         | -1.54        |
|    explained_variance   | 0.979        |
|    learning_rate        | 0.0003       |
|    loss                 | -0.0024      |
|    n_updates            | 160          |
|    policy_gradient_loss | -0.00437     |
|    value_loss           | 0.0303       |
------------------------------------------
-----------------------------------------
| rollout/                |             |
|    ep_len_mean          | 463         |
|    ep_rew_mean          | 8.12        |
| time/                   |             |
|    fps                  | 481         |
|    iterations           | 34          |
|    time_elapsed         | 1734        |
|    total_timesteps      | 835584      |
| train/                  |             |
|    approx_kl            | 0.008309331 |
|    clip_fraction        | 0.0926      |
|    clip_range           | 0.2         |
|    entropy_loss         | -1.63       |
|    explained_variance   | 0.985       |
|    learning_rate        | 0.0003      |
|    loss                 | -0.0108     |
|    n_updates            | 165         |
|    policy_gradient_loss | -0.00527    |
|    value_loss           | 0.0195      |
-----------------------------------------
-----------------------------------------
| rollout/                |             |
|    ep_len_mean          | 508         |
|    ep_rew_mean          | 10.2        |
| time/                   |             |
|    fps                  | 481         |
|    iterations           | 35          |
|    time_elapsed         | 1786        |
|    total_timesteps      | 860160      |
| train/                  |             |
|    approx_kl            | 0.008267602 |
|    clip_fraction        | 0.0778      |
|    clip_range           | 0.2         |
|    entropy_loss         | -1.65       |
|    explained_variance   | 0.986       |
|    learning_rate        | 0.0003      |
|    loss                 | -0.0153     |
|    n_updates            | 170         |
|    policy_gradient_loss | -0.00551    |
|    value_loss           | 0.018       |
-----------------------------------------
------------------------------------------
| rollout/                |              |
|    ep_len_mean          | 404          |
|    ep_rew_mean          | 23.4         |
| time/                   |              |
|    fps                  | 481          |
|    iterations           | 36           |
|    time_elapsed         | 1838         |
|    total_timesteps      | 884736       |
| train/                  |              |
|    approx_kl            | 0.0074773803 |
|    clip_fraction        | 0.0795       |
|    clip_range           | 0.2          |
|    entropy_loss         | -1.62        |
|    explained_variance   | 0.982        |
|    learning_rate        | 0.0003       |
|    loss                 | -0.0134      |
|    n_updates            | 175          |
|    policy_gradient_loss | -0.00571     |
|    value_loss           | 0.0216       |
------------------------------------------
------------------------------------------
| rollout/                |              |
|    ep_len_mean          | 475          |
|    ep_rew_mean          | 27.7         |
| time/                   |              |
|    fps                  | 481          |
|    iterations           | 37           |
|    time_elapsed         | 1889         |
|    total_timesteps      | 909312       |
| train/                  |              |
|    approx_kl            | 0.0076246895 |
|    clip_fraction        | 0.0797       |
|    clip_range           | 0.2          |
|    entropy_loss         | -1.65        |
|    explained_variance   | 0.975        |
|    learning_rate        | 0.0003       |
|    loss                 | -0.0106      |
|    n_updates            | 180          |
|    policy_gradient_loss | -0.00528     |
|    value_loss           | 0.0267       |
------------------------------------------
-----------------------------------------
| rollout/                |             |
|    ep_len_mean          | 244         |
|    ep_rew_mean          | 43          |
| time/                   |             |
|    fps                  | 481         |
|    iterations           | 38          |
|    time_elapsed         | 1938        |
|    total_timesteps      | 933888      |
| train/                  |             |
|    approx_kl            | 0.008458198 |
|    clip_fraction        | 0.0901      |
|    clip_range           | 0.2         |
|    entropy_loss         | -1.54       |
|    explained_variance   | 0.97        |
|    learning_rate        | 0.0003      |
|    loss                 | -0.0114     |
|    n_updates            | 185         |
|    policy_gradient_loss | -0.00647    |
|    value_loss           | 0.0288      |
-----------------------------------------
------------------------------------------
| rollout/                |              |
|    ep_len_mean          | 253          |
|    ep_rew_mean          | 43.4         |
| time/                   |              |
|    fps                  | 482          |
|    iterations           | 39           |
|    time_elapsed         | 1987         |
|    total_timesteps      | 958464       |
| train/                  |              |
|    approx_kl            | 0.0070418254 |
|    clip_fraction        | 0.0806       |
|    clip_range           | 0.2          |
|    entropy_loss         | -1.44        |
|    explained_variance   | 0.96         |
|    learning_rate        | 0.0003       |
|    loss                 | -0.0038      |
|    n_updates            | 190          |
|    policy_gradient_loss | -0.00529     |
|    value_loss           | 0.0309       |
------------------------------------------
-----------------------------------------
| rollout/                |             |
|    ep_len_mean          | 293         |
|    ep_rew_mean          | 45.7        |
| time/                   |             |
|    fps                  | 482         |
|    iterations           | 40          |
|    time_elapsed         | 2037        |
|    total_timesteps      | 983040      |
| train/                  |             |
|    approx_kl            | 0.006379275 |
|    clip_fraction        | 0.0704      |
|    clip_range           | 0.2         |
|    entropy_loss         | -1.42       |
|    explained_variance   | 0.963       |
|    learning_rate        | 0.0003      |
|    loss                 | -0.0171     |
|    n_updates            | 195         |
|    policy_gradient_loss | -0.00587    |
|    value_loss           | 0.029       |
-----------------------------------------
[Checkpoint] Saved at 1000000 steps > /home/runner/work/Disciples2-RL/Disciples2-RL/github_experiments/112/blue_dragon/seed112-blue_dragon-29633835212-1/checkpoints/campaign_ppo_step_1000000.zip
Eval num_timesteps=1000008, det_reward=-154.56 +/- 233.24
Episode length: det=2375.60 +/- 2236.47
Victory rate: det=0.00%
-------------------------------------------------
| eval/                           |             |
|    deterministic_mean_ep_length | 2.38e+03    |
|    deterministic_mean_reward    | -155        |
|    deterministic_victory_rate   | 0           |
|    mean_ep_length               | 2.38e+03    |
|    mean_reward                  | -155        |
|    victory_rate                 | 0           |
| time/                           |             |
|    total_timesteps              | 1000008     |
| train/                          |             |
|    approx_kl                    | 0.005918192 |
|    clip_fraction                | 0.0697      |
|    clip_range                   | 0.2         |
|    entropy_loss                 | -1.43       |
|    explained_variance           | 0.965       |
|    learning_rate                | 0.0003      |
|    loss                         | -0.00495    |
|    n_updates                    | 200         |
|    policy_gradient_loss         | -0.00432    |
|    value_loss                   | 0.03        |
-------------------------------------------------
New best model by deterministic victory rate!
---------------------------------
| rollout/           |          |
|    ep_len_mean     | 332      |
|    ep_rew_mean     | 48.7     |
| time/              |          |
|    fps             | 444      |
|    iterations      | 41       |
|    time_elapsed    | 2267     |
|    total_timesteps | 1007616  |
---------------------------------
VecNormalize stats saved: /home/runner/work/Disciples2-RL/Disciples2-RL/github_experiments/112/blue_dragon/seed112-blue_dragon-29633835212-1/models/vecnormalize.pkl

Финальная модель сохранена: /home/runner/work/Disciples2-RL/Disciples2-RL/github_experiments/112/blue_dragon/seed112-blue_dragon-29633835212-1/models/final_model.zip

============================================================
ИТОГИ ОБУЧЕНИЯ:
  Побед: 0
  Поражений: 4303
  Таймаутов: 17
  Побед бота столицы над врагами: 0
  Перестановок юнитов: 192572
  Терминальные поражения по противникам:
    enemy_31: 699 — Отряд: зеленый дракон
    enemy_15: 483 — Отряд: 2 привидения спереди, вампир сзади
    enemy_29: 464 — Отряд: 3 скваера на передней линии
    enemy_25: 365 — Отряд: копейщик спереди и служка сзади
    enemy_7: 336 — Отряд: воин + привидение спереди, колдун + призрак + привидение сзади
    enemy_23: 335 — Отряд: волк на передней линии
    enemy_74: 304 — Руины (43, 34): Лорд Тьмы, Лич
    enemy_34: 231 — Отряд Порта Полонис: Воин спереди, Колдун, Нигош (Носферату) и Привидение сзади
    enemy_61: 227 — Отряд: Зомби, Призрак
    enemy_17: 179 — Отряд: воин спереди, 2 призрака и привидение сзади
    enemy_65: 154 — Отряд: Кентавр копейщик, Рейнджер
    enemy_27: 137 — Отряд: скваер в центре и 2 крестьянина на передней линии
    enemy_3: 86 — Отряд: орк чемпион на передней линии
    enemy_21: 71 — Отряд: зомби спереди, привидение сзади
    enemy_9: 59 — Отряд: тамплиер спереди, колдун и призрак сзади
    enemy_19: 46 — Отряд: зомби спереди, привидение сзади
    enemy_11: 19 — Отряд: оборотень спереди и тень сзади
    enemy_5: 17 — Отряд: орк чемпион на передней линии
    enemy_59: 13 — Отряд: Зомби
    enemy_35: 13 — Отряд Соругириллы: Унфегра (Королева личей), Виверна
    enemy_63: 11 — Отряд: Разбойник
    enemy_39: 9 — Отряд: Волк, Варвар
    enemy_57: 9 — Отряд: Призрак, Привидение, Воин
    enemy_70: 8 — Руины (15, 9): Орк, Гоблин, Гоблин
    enemy_75: 6 — Страж столицы Империи: Мизраэль
    enemy_68: 6 — Внутренний гарнизон Порта Полонис: Зомби, Воин
    enemy_49: 4 — Отряд: Гном
    enemy_37: 2 — Отряд: Гном, Травница, Алхимик
    enemy_53: 2 — Отряд: Скваер, Ополченец
    enemy_47: 2 — Отряд: Призрак, Привидение, Привидение, Воин
    enemy_69: 2 — Внутренний гарнизон Соругириллы: Зомби, Воин
    enemy_43: 2 — Отряд: Призрак, Тамплиер
    enemy_1: 1 — Отряд: волк на передней линии
    enemy_41: 1 — Отряд: Гном, Метатель топоров
  Winrate: 0.0%
============================================================
  График призывов за эпизод: /home/runner/work/Disciples2-RL/Disciples2-RL/github_experiments/112/blue_dragon/seed112-blue_dragon-29633835212-1/plots/campaign_summoned_units_per_episode.png
  График призывов за всё обучение: /home/runner/work/Disciples2-RL/Disciples2-RL/github_experiments/112/blue_dragon/seed112-blue_dragon-29633835212-1/plots/campaign_summoned_units_cumulative.png
  График найма за эпизод: /home/runner/work/Disciples2-RL/Disciples2-RL/github_experiments/112/blue_dragon/seed112-blue_dragon-29633835212-1/plots/campaign_hired_units_per_episode.png
  График найма за всё обучение: /home/runner/work/Disciples2-RL/Disciples2-RL/github_experiments/112/blue_dragon/seed112-blue_dragon-29633835212-1/plots/campaign_hired_units_cumulative.png
  График перестановок юнитов за эпизод: /home/runner/work/Disciples2-RL/Disciples2-RL/github_experiments/112/blue_dragon/seed112-blue_dragon-29633835212-1/plots/campaign_unit_swaps_per_episode.png
  График боевых предметов: /home/runner/work/Disciples2-RL/Disciples2-RL/github_experiments/112/blue_dragon/seed112-blue_dragon-29633835212-1/plots/campaign_battle_item_activity.png
  График побед бота столицы за эпизод: /home/runner/work/Disciples2-RL/Disciples2-RL/github_experiments/112/blue_dragon/seed112-blue_dragon-29633835212-1/plots/campaign_scripted_bot_victories_per_episode.png
  График применения заклинаний: /home/runner/work/Disciples2-RL/Disciples2-RL/github_experiments/112/blue_dragon/seed112-blue_dragon-29633835212-1/plots/campaign_spell_cast_activity.png
