Проверка среды CampaignEnv...
Среда прошла проверку!
[INFO] Comet disabled, running without experiment tracking
Создание 12 параллельных сред (subproc)...
Инициализация MaskablePPO...
Using cpu device

============================================================
Запуск обучения Campaign Agent
Всего шагов: 1,000,000
Параллельных сред: 12
VecEnv: subproc
VecEnv start method: forkserver
Seed: 106
Checkpoint каждые: 500,000 шагов
Evaluation каждые: 83,334 шагов
Eval deterministic эпизодов: 20
Eval stochastic эпизодов: 0
Eval лимит шагов на эпизод: 5000
Campaign objective: cities
System resources at training start:
  Platform: Linux 6.17.0-1018-azure (x86_64)
  Python: 3.14.6
  PyTorch: 2.13.0+cpu
  Training device: cpu
  CPU model: AMD EPYC 7763 64-Core Processor
  CPU vendor: AuthenticAMD
  Logical CPUs visible: 4
  Process CPU affinity: 4
  Sockets: 1
  Cores per socket: 2
  Threads per core: 2
  CPU max MHz: unknown
  CPU min MHz: unknown
  L1d cache: 64 KiB (2 instances)
  L1i cache: 64 KiB (2 instances)
  L2 cache: 1 MiB (2 instances)
  L3 cache: 32 MiB (1 instance)
  Virtualization: AMD-V
  Hypervisor: Microsoft
  RAM total: 15.61 GiB
  RAM available at start: 13.96 GiB
  Disk total: 144.26 GiB
  Disk free at start: 86.06 GiB
  Torch intra-op threads: 4
  Torch inter-op threads: 2
  OMP_NUM_THREADS: 4
  MKL_NUM_THREADS: 4
  OPENBLAS_NUM_THREADS: 4
  GitHub runner OS: Linux
  GitHub runner architecture: X64
  GitHub runner environment: github-hosted
PPO n_steps: 2,048
PPO batch_size: 512
PPO n_epochs: 5
PPO learning_rate: 0.0003
PPO clip_range: 0.2
PPO ent_coef: 0.01
PPO gamma: 0.995
PPO gae_lambda: 0.95
PPO target_kl: disabled
PPO gradient batches per rollout: 240
VecCheckNan: disabled
Freeze action layout: enabled
Empire territory: enabled
Torch threads per process: 4
Diagnostics: disabled
Wall-clock training limit: disabled
Run ID: seed106-cities-29340072736-1
============================================================

Logging to /home/runner/work/Disciples2-RL/Disciples2-RL/github_experiments/106/cities/seed106-cities-29340072736-1/tensorboard/MaskablePPO_1
---------------------------------
| rollout/           |          |
|    ep_len_mean     | 1.62e+03 |
|    ep_rew_mean     | 180      |
| time/              |          |
|    fps             | 423      |
|    iterations      | 1        |
|    time_elapsed    | 58       |
|    total_timesteps | 24576    |
---------------------------------
-----------------------------------------
| rollout/                |             |
|    ep_len_mean          | 2.57e+03    |
|    ep_rew_mean          | 174         |
| time/                   |             |
|    fps                  | 401         |
|    iterations           | 2           |
|    time_elapsed         | 122         |
|    total_timesteps      | 49152       |
| train/                  |             |
|    approx_kl            | 0.010092952 |
|    clip_fraction        | 0.0562      |
|    clip_range           | 0.2         |
|    entropy_loss         | -2.23       |
|    explained_variance   | -0.245      |
|    learning_rate        | 0.0003      |
|    loss                 | 0.00556     |
|    n_updates            | 5           |
|    policy_gradient_loss | -0.00524    |
|    value_loss           | 0.0979      |
-----------------------------------------
------------------------------------------
| rollout/                |              |
|    ep_len_mean          | 4.27e+03     |
|    ep_rew_mean          | 101          |
| time/                   |              |
|    fps                  | 391          |
|    iterations           | 3            |
|    time_elapsed         | 188          |
|    total_timesteps      | 73728        |
| train/                  |              |
|    approx_kl            | 0.0095878495 |
|    clip_fraction        | 0.0653       |
|    clip_range           | 0.2          |
|    entropy_loss         | -2.24        |
|    explained_variance   | 0.382        |
|    learning_rate        | 0.0003       |
|    loss                 | -0.00968     |
|    n_updates            | 10           |
|    policy_gradient_loss | -0.00509     |
|    value_loss           | 0.0417       |
------------------------------------------
-----------------------------------------
| rollout/                |             |
|    ep_len_mean          | 3.94e+03    |
|    ep_rew_mean          | 104         |
| time/                   |             |
|    fps                  | 388         |
|    iterations           | 4           |
|    time_elapsed         | 252         |
|    total_timesteps      | 98304       |
| train/                  |             |
|    approx_kl            | 0.008259616 |
|    clip_fraction        | 0.0509      |
|    clip_range           | 0.2         |
|    entropy_loss         | -2.21       |
|    explained_variance   | 0.531       |
|    learning_rate        | 0.0003      |
|    loss                 | 0.00196     |
|    n_updates            | 15          |
|    policy_gradient_loss | -0.00555    |
|    value_loss           | 0.066       |
-----------------------------------------
-----------------------------------------
| rollout/                |             |
|    ep_len_mean          | 3.83e+03    |
|    ep_rew_mean          | 88.3        |
| time/                   |             |
|    fps                  | 387         |
|    iterations           | 5           |
|    time_elapsed         | 317         |
|    total_timesteps      | 122880      |
| train/                  |             |
|    approx_kl            | 0.008650516 |
|    clip_fraction        | 0.071       |
|    clip_range           | 0.2         |
|    entropy_loss         | -2.16       |
|    explained_variance   | 0.572       |
|    learning_rate        | 0.0003      |
|    loss                 | -0.0145     |
|    n_updates            | 20          |
|    policy_gradient_loss | -0.0055     |
|    value_loss           | 0.0271      |
-----------------------------------------
-----------------------------------------
| rollout/                |             |
|    ep_len_mean          | 3.57e+03    |
|    ep_rew_mean          | 96.5        |
| time/                   |             |
|    fps                  | 386         |
|    iterations           | 6           |
|    time_elapsed         | 381         |
|    total_timesteps      | 147456      |
| train/                  |             |
|    approx_kl            | 0.009018097 |
|    clip_fraction        | 0.0834      |
|    clip_range           | 0.2         |
|    entropy_loss         | -2.16       |
|    explained_variance   | 0.734       |
|    learning_rate        | 0.0003      |
|    loss                 | -0.00311    |
|    n_updates            | 25          |
|    policy_gradient_loss | -0.00756    |
|    value_loss           | 0.0604      |
-----------------------------------------
-----------------------------------------
| rollout/                |             |
|    ep_len_mean          | 3.33e+03    |
|    ep_rew_mean          | 105         |
| time/                   |             |
|    fps                  | 386         |
|    iterations           | 7           |
|    time_elapsed         | 445         |
|    total_timesteps      | 172032      |
| train/                  |             |
|    approx_kl            | 0.009681921 |
|    clip_fraction        | 0.0882      |
|    clip_range           | 0.2         |
|    entropy_loss         | -2.17       |
|    explained_variance   | 0.619       |
|    learning_rate        | 0.0003      |
|    loss                 | -0.0136     |
|    n_updates            | 30          |
|    policy_gradient_loss | -0.00646    |
|    value_loss           | 0.0603      |
-----------------------------------------
-----------------------------------------
| rollout/                |             |
|    ep_len_mean          | 3.37e+03    |
|    ep_rew_mean          | 106         |
| time/                   |             |
|    fps                  | 386         |
|    iterations           | 8           |
|    time_elapsed         | 509         |
|    total_timesteps      | 196608      |
| train/                  |             |
|    approx_kl            | 0.009016128 |
|    clip_fraction        | 0.0814      |
|    clip_range           | 0.2         |
|    entropy_loss         | -2.14       |
|    explained_variance   | 0.763       |
|    learning_rate        | 0.0003      |
|    loss                 | -0.00295    |
|    n_updates            | 35          |
|    policy_gradient_loss | -0.0057     |
|    value_loss           | 0.0522      |
-----------------------------------------
-----------------------------------------
| rollout/                |             |
|    ep_len_mean          | 3.38e+03    |
|    ep_rew_mean          | 111         |
| time/                   |             |
|    fps                  | 385         |
|    iterations           | 9           |
|    time_elapsed         | 573         |
|    total_timesteps      | 221184      |
| train/                  |             |
|    approx_kl            | 0.009117252 |
|    clip_fraction        | 0.0901      |
|    clip_range           | 0.2         |
|    entropy_loss         | -2.13       |
|    explained_variance   | 0.862       |
|    learning_rate        | 0.0003      |
|    loss                 | 0.00878     |
|    n_updates            | 40          |
|    policy_gradient_loss | -0.00667    |
|    value_loss           | 0.0675      |
-----------------------------------------
-----------------------------------------
| rollout/                |             |
|    ep_len_mean          | 3.4e+03     |
|    ep_rew_mean          | 107         |
| time/                   |             |
|    fps                  | 386         |
|    iterations           | 10          |
|    time_elapsed         | 635         |
|    total_timesteps      | 245760      |
| train/                  |             |
|    approx_kl            | 0.010401725 |
|    clip_fraction        | 0.0955      |
|    clip_range           | 0.2         |
|    entropy_loss         | -2.06       |
|    explained_variance   | 0.906       |
|    learning_rate        | 0.0003      |
|    loss                 | 0.00193     |
|    n_updates            | 45          |
|    policy_gradient_loss | -0.00567    |
|    value_loss           | 0.0482      |
-----------------------------------------
-----------------------------------------
| rollout/                |             |
|    ep_len_mean          | 3.41e+03    |
|    ep_rew_mean          | 98          |
| time/                   |             |
|    fps                  | 386         |
|    iterations           | 11          |
|    time_elapsed         | 698         |
|    total_timesteps      | 270336      |
| train/                  |             |
|    approx_kl            | 0.008354488 |
|    clip_fraction        | 0.0919      |
|    clip_range           | 0.2         |
|    entropy_loss         | -2.01       |
|    explained_variance   | 0.938       |
|    learning_rate        | 0.0003      |
|    loss                 | -0.0236     |
|    n_updates            | 50          |
|    policy_gradient_loss | -0.00614    |
|    value_loss           | 0.0208      |
-----------------------------------------
-----------------------------------------
| rollout/                |             |
|    ep_len_mean          | 3.44e+03    |
|    ep_rew_mean          | 87.7        |
| time/                   |             |
|    fps                  | 387         |
|    iterations           | 12          |
|    time_elapsed         | 761         |
|    total_timesteps      | 294912      |
| train/                  |             |
|    approx_kl            | 0.009483148 |
|    clip_fraction        | 0.0991      |
|    clip_range           | 0.2         |
|    entropy_loss         | -2.1        |
|    explained_variance   | 0.889       |
|    learning_rate        | 0.0003      |
|    loss                 | -0.0096     |
|    n_updates            | 55          |
|    policy_gradient_loss | -0.00701    |
|    value_loss           | 0.029       |
-----------------------------------------
-----------------------------------------
| rollout/                |             |
|    ep_len_mean          | 3.39e+03    |
|    ep_rew_mean          | 92.3        |
| time/                   |             |
|    fps                  | 386         |
|    iterations           | 13          |
|    time_elapsed         | 827         |
|    total_timesteps      | 319488      |
| train/                  |             |
|    approx_kl            | 0.009350031 |
|    clip_fraction        | 0.0906      |
|    clip_range           | 0.2         |
|    entropy_loss         | -2.08       |
|    explained_variance   | 0.919       |
|    learning_rate        | 0.0003      |
|    loss                 | -0.0256     |
|    n_updates            | 60          |
|    policy_gradient_loss | -0.00686    |
|    value_loss           | 0.0267      |
-----------------------------------------
------------------------------------------
| rollout/                |              |
|    ep_len_mean          | 3.39e+03     |
|    ep_rew_mean          | 90.7         |
| time/                   |              |
|    fps                  | 386          |
|    iterations           | 14           |
|    time_elapsed         | 890          |
|    total_timesteps      | 344064       |
| train/                  |              |
|    approx_kl            | 0.0089369565 |
|    clip_fraction        | 0.0957       |
|    clip_range           | 0.2          |
|    entropy_loss         | -2.1         |
|    explained_variance   | 0.915        |
|    learning_rate        | 0.0003       |
|    loss                 | -0.0205      |
|    n_updates            | 65           |
|    policy_gradient_loss | -0.00752     |
|    value_loss           | 0.0312       |
------------------------------------------
-----------------------------------------
| rollout/                |             |
|    ep_len_mean          | 3.2e+03     |
|    ep_rew_mean          | 95.3        |
| time/                   |             |
|    fps                  | 386         |
|    iterations           | 15          |
|    time_elapsed         | 954         |
|    total_timesteps      | 368640      |
| train/                  |             |
|    approx_kl            | 0.008520589 |
|    clip_fraction        | 0.0867      |
|    clip_range           | 0.2         |
|    entropy_loss         | -2.15       |
|    explained_variance   | 0.935       |
|    learning_rate        | 0.0003      |
|    loss                 | -0.0062     |
|    n_updates            | 70          |
|    policy_gradient_loss | -0.00825    |
|    value_loss           | 0.0318      |
-----------------------------------------
-----------------------------------------
| rollout/                |             |
|    ep_len_mean          | 3.07e+03    |
|    ep_rew_mean          | 100         |
| time/                   |             |
|    fps                  | 386         |
|    iterations           | 16          |
|    time_elapsed         | 1017        |
|    total_timesteps      | 393216      |
| train/                  |             |
|    approx_kl            | 0.008059311 |
|    clip_fraction        | 0.0715      |
|    clip_range           | 0.2         |
|    entropy_loss         | -2.14       |
|    explained_variance   | 0.911       |
|    learning_rate        | 0.0003      |
|    loss                 | -0.00652    |
|    n_updates            | 75          |
|    policy_gradient_loss | -0.00543    |
|    value_loss           | 0.0454      |
-----------------------------------------
------------------------------------------
| rollout/                |              |
|    ep_len_mean          | 3.05e+03     |
|    ep_rew_mean          | 108          |
| time/                   |              |
|    fps                  | 386          |
|    iterations           | 17           |
|    time_elapsed         | 1080         |
|    total_timesteps      | 417792       |
| train/                  |              |
|    approx_kl            | 0.0075928303 |
|    clip_fraction        | 0.0774       |
|    clip_range           | 0.2          |
|    entropy_loss         | -2.13        |
|    explained_variance   | 0.913        |
|    learning_rate        | 0.0003       |
|    loss                 | -0.015       |
|    n_updates            | 80           |
|    policy_gradient_loss | -0.00637     |
|    value_loss           | 0.036        |
------------------------------------------
-----------------------------------------
| rollout/                |             |
|    ep_len_mean          | 3.08e+03    |
|    ep_rew_mean          | 114         |
| time/                   |             |
|    fps                  | 386         |
|    iterations           | 18          |
|    time_elapsed         | 1144        |
|    total_timesteps      | 442368      |
| train/                  |             |
|    approx_kl            | 0.010047643 |
|    clip_fraction        | 0.0932      |
|    clip_range           | 0.2         |
|    entropy_loss         | -2.08       |
|    explained_variance   | 0.943       |
|    learning_rate        | 0.0003      |
|    loss                 | -0.00762    |
|    n_updates            | 85          |
|    policy_gradient_loss | -0.00633    |
|    value_loss           | 0.0351      |
-----------------------------------------
-----------------------------------------
| rollout/                |             |
|    ep_len_mean          | 3.09e+03    |
|    ep_rew_mean          | 114         |
| time/                   |             |
|    fps                  | 386         |
|    iterations           | 19          |
|    time_elapsed         | 1209        |
|    total_timesteps      | 466944      |
| train/                  |             |
|    approx_kl            | 0.010043153 |
|    clip_fraction        | 0.107       |
|    clip_range           | 0.2         |
|    entropy_loss         | -2.14       |
|    explained_variance   | 0.956       |
|    learning_rate        | 0.0003      |
|    loss                 | -0.022      |
|    n_updates            | 90          |
|    policy_gradient_loss | -0.00685    |
|    value_loss           | 0.0268      |
-----------------------------------------
-----------------------------------------
| rollout/                |             |
|    ep_len_mean          | 2.97e+03    |
|    ep_rew_mean          | 116         |
| time/                   |             |
|    fps                  | 385         |
|    iterations           | 20          |
|    time_elapsed         | 1274        |
|    total_timesteps      | 491520      |
| train/                  |             |
|    approx_kl            | 0.008375686 |
|    clip_fraction        | 0.0987      |
|    clip_range           | 0.2         |
|    entropy_loss         | -2.15       |
|    explained_variance   | 0.941       |
|    learning_rate        | 0.0003      |
|    loss                 | -0.0131     |
|    n_updates            | 95          |
|    policy_gradient_loss | -0.00681    |
|    value_loss           | 0.0378      |
-----------------------------------------
[Checkpoint] Saved at 500000 steps > /home/runner/work/Disciples2-RL/Disciples2-RL/github_experiments/106/cities/seed106-cities-29340072736-1/checkpoints/campaign_ppo_step_500000.zip
-----------------------------------------
| rollout/                |             |
|    ep_len_mean          | 2.87e+03    |
|    ep_rew_mean          | 118         |
| time/                   |             |
|    fps                  | 385         |
|    iterations           | 21          |
|    time_elapsed         | 1338        |
|    total_timesteps      | 516096      |
| train/                  |             |
|    approx_kl            | 0.008854763 |
|    clip_fraction        | 0.0962      |
|    clip_range           | 0.2         |
|    entropy_loss         | -2.08       |
|    explained_variance   | 0.942       |
|    learning_rate        | 0.0003      |
|    loss                 | -0.0233     |
|    n_updates            | 100         |
|    policy_gradient_loss | -0.0062     |
|    value_loss           | 0.0252      |
-----------------------------------------
-----------------------------------------
| rollout/                |             |
|    ep_len_mean          | 2.75e+03    |
|    ep_rew_mean          | 130         |
| time/                   |             |
|    fps                  | 385         |
|    iterations           | 22          |
|    time_elapsed         | 1403        |
|    total_timesteps      | 540672      |
| train/                  |             |
|    approx_kl            | 0.007891557 |
|    clip_fraction        | 0.0848      |
|    clip_range           | 0.2         |
|    entropy_loss         | -2.07       |
|    explained_variance   | 0.949       |
|    learning_rate        | 0.0003      |
|    loss                 | -0.0205     |
|    n_updates            | 105         |
|    policy_gradient_loss | -0.00509    |
|    value_loss           | 0.0385      |
-----------------------------------------
-----------------------------------------
| rollout/                |             |
|    ep_len_mean          | 2.22e+03    |
|    ep_rew_mean          | 150         |
| time/                   |             |
|    fps                  | 385         |
|    iterations           | 23          |
|    time_elapsed         | 1467        |
|    total_timesteps      | 565248      |
| train/                  |             |
|    approx_kl            | 0.008408292 |
|    clip_fraction        | 0.0818      |
|    clip_range           | 0.2         |
|    entropy_loss         | -2.11       |
|    explained_variance   | 0.956       |
|    learning_rate        | 0.0003      |
|    loss                 | -0.0138     |
|    n_updates            | 110         |
|    policy_gradient_loss | -0.00584    |
|    value_loss           | 0.0358      |
-----------------------------------------
-----------------------------------------
| rollout/                |             |
|    ep_len_mean          | 2.18e+03    |
|    ep_rew_mean          | 148         |
| time/                   |             |
|    fps                  | 385         |
|    iterations           | 24          |
|    time_elapsed         | 1530        |
|    total_timesteps      | 589824      |
| train/                  |             |
|    approx_kl            | 0.007974875 |
|    clip_fraction        | 0.0822      |
|    clip_range           | 0.2         |
|    entropy_loss         | -2.06       |
|    explained_variance   | 0.958       |
|    learning_rate        | 0.0003      |
|    loss                 | -0.0158     |
|    n_updates            | 115         |
|    policy_gradient_loss | -0.00692    |
|    value_loss           | 0.0483      |
-----------------------------------------
-----------------------------------------
| rollout/                |             |
|    ep_len_mean          | 1.55e+03    |
|    ep_rew_mean          | 144         |
| time/                   |             |
|    fps                  | 384         |
|    iterations           | 25          |
|    time_elapsed         | 1595        |
|    total_timesteps      | 614400      |
| train/                  |             |
|    approx_kl            | 0.008729962 |
|    clip_fraction        | 0.0971      |
|    clip_range           | 0.2         |
|    entropy_loss         | -2.08       |
|    explained_variance   | 0.959       |
|    learning_rate        | 0.0003      |
|    loss                 | -0.00963    |
|    n_updates            | 120         |
|    policy_gradient_loss | -0.00598    |
|    value_loss           | 0.0319      |
-----------------------------------------
-----------------------------------------
| rollout/                |             |
|    ep_len_mean          | 1.23e+03    |
|    ep_rew_mean          | 150         |
| time/                   |             |
|    fps                  | 384         |
|    iterations           | 26          |
|    time_elapsed         | 1660        |
|    total_timesteps      | 638976      |
| train/                  |             |
|    approx_kl            | 0.007817658 |
|    clip_fraction        | 0.0796      |
|    clip_range           | 0.2         |
|    entropy_loss         | -2.03       |
|    explained_variance   | 0.965       |
|    learning_rate        | 0.0003      |
|    loss                 | -0.0149     |
|    n_updates            | 125         |
|    policy_gradient_loss | -0.00544    |
|    value_loss           | 0.0341      |
-----------------------------------------
-----------------------------------------
| rollout/                |             |
|    ep_len_mean          | 1.06e+03    |
|    ep_rew_mean          | 152         |
| time/                   |             |
|    fps                  | 385         |
|    iterations           | 27          |
|    time_elapsed         | 1723        |
|    total_timesteps      | 663552      |
| train/                  |             |
|    approx_kl            | 0.008726838 |
|    clip_fraction        | 0.092       |
|    clip_range           | 0.2         |
|    entropy_loss         | -2.08       |
|    explained_variance   | 0.962       |
|    learning_rate        | 0.0003      |
|    loss                 | -0.00704    |
|    n_updates            | 130         |
|    policy_gradient_loss | -0.00602    |
|    value_loss           | 0.0413      |
-----------------------------------------
-----------------------------------------
| rollout/                |             |
|    ep_len_mean          | 876         |
|    ep_rew_mean          | 155         |
| time/                   |             |
|    fps                  | 385         |
|    iterations           | 28          |
|    time_elapsed         | 1787        |
|    total_timesteps      | 688128      |
| train/                  |             |
|    approx_kl            | 0.010446355 |
|    clip_fraction        | 0.115       |
|    clip_range           | 0.2         |
|    entropy_loss         | -2.02       |
|    explained_variance   | 0.964       |
|    learning_rate        | 0.0003      |
|    loss                 | -0.00597    |
|    n_updates            | 135         |
|    policy_gradient_loss | -0.00672    |
|    value_loss           | 0.0353      |
-----------------------------------------
-----------------------------------------
| rollout/                |             |
|    ep_len_mean          | 680         |
|    ep_rew_mean          | 146         |
| time/                   |             |
|    fps                  | 385         |
|    iterations           | 29          |
|    time_elapsed         | 1849        |
|    total_timesteps      | 712704      |
| train/                  |             |
|    approx_kl            | 0.009622402 |
|    clip_fraction        | 0.119       |
|    clip_range           | 0.2         |
|    entropy_loss         | -2.03       |
|    explained_variance   | 0.971       |
|    learning_rate        | 0.0003      |
|    loss                 | -0.024      |
|    n_updates            | 140         |
|    policy_gradient_loss | -0.00678    |
|    value_loss           | 0.0295      |
-----------------------------------------
-----------------------------------------
| rollout/                |             |
|    ep_len_mean          | 544         |
|    ep_rew_mean          | 145         |
| time/                   |             |
|    fps                  | 385         |
|    iterations           | 30          |
|    time_elapsed         | 1913        |
|    total_timesteps      | 737280      |
| train/                  |             |
|    approx_kl            | 0.008787391 |
|    clip_fraction        | 0.0895      |
|    clip_range           | 0.2         |
|    entropy_loss         | -1.96       |
|    explained_variance   | 0.976       |
|    learning_rate        | 0.0003      |
|    loss                 | -0.0092     |
|    n_updates            | 145         |
|    policy_gradient_loss | -0.00587    |
|    value_loss           | 0.0388      |
-----------------------------------------
-----------------------------------------
| rollout/                |             |
|    ep_len_mean          | 509         |
|    ep_rew_mean          | 149         |
| time/                   |             |
|    fps                  | 385         |
|    iterations           | 31          |
|    time_elapsed         | 1976        |
|    total_timesteps      | 761856      |
| train/                  |             |
|    approx_kl            | 0.008371276 |
|    clip_fraction        | 0.0811      |
|    clip_range           | 0.2         |
|    entropy_loss         | -2.01       |
|    explained_variance   | 0.98        |
|    learning_rate        | 0.0003      |
|    loss                 | -0.0277     |
|    n_updates            | 150         |
|    policy_gradient_loss | -0.0049     |
|    value_loss           | 0.0302      |
-----------------------------------------
-----------------------------------------
| rollout/                |             |
|    ep_len_mean          | 415         |
|    ep_rew_mean          | 158         |
| time/                   |             |
|    fps                  | 385         |
|    iterations           | 32          |
|    time_elapsed         | 2041        |
|    total_timesteps      | 786432      |
| train/                  |             |
|    approx_kl            | 0.009304443 |
|    clip_fraction        | 0.0945      |
|    clip_range           | 0.2         |
|    entropy_loss         | -1.99       |
|    explained_variance   | 0.979       |
|    learning_rate        | 0.0003      |
|    loss                 | -0.0117     |
|    n_updates            | 155         |
|    policy_gradient_loss | -0.00616    |
|    value_loss           | 0.0307      |
-----------------------------------------
-----------------------------------------
| rollout/                |             |
|    ep_len_mean          | 325         |
|    ep_rew_mean          | 156         |
| time/                   |             |
|    fps                  | 385         |
|    iterations           | 33          |
|    time_elapsed         | 2105        |
|    total_timesteps      | 811008      |
| train/                  |             |
|    approx_kl            | 0.008853151 |
|    clip_fraction        | 0.0912      |
|    clip_range           | 0.2         |
|    entropy_loss         | -1.84       |
|    explained_variance   | 0.979       |
|    learning_rate        | 0.0003      |
|    loss                 | -0.0109     |
|    n_updates            | 160         |
|    policy_gradient_loss | -0.00581    |
|    value_loss           | 0.0347      |
-----------------------------------------
-----------------------------------------
| rollout/                |             |
|    ep_len_mean          | 360         |
|    ep_rew_mean          | 148         |
| time/                   |             |
|    fps                  | 385         |
|    iterations           | 34          |
|    time_elapsed         | 2167        |
|    total_timesteps      | 835584      |
| train/                  |             |
|    approx_kl            | 0.008561453 |
|    clip_fraction        | 0.0873      |
|    clip_range           | 0.2         |
|    entropy_loss         | -1.95       |
|    explained_variance   | 0.985       |
|    learning_rate        | 0.0003      |
|    loss                 | -0.0117     |
|    n_updates            | 165         |
|    policy_gradient_loss | -0.00469    |
|    value_loss           | 0.0242      |
-----------------------------------------
-----------------------------------------
| rollout/                |             |
|    ep_len_mean          | 380         |
|    ep_rew_mean          | 148         |
| time/                   |             |
|    fps                  | 385         |
|    iterations           | 35          |
|    time_elapsed         | 2231        |
|    total_timesteps      | 860160      |
| train/                  |             |
|    approx_kl            | 0.007819405 |
|    clip_fraction        | 0.0868      |
|    clip_range           | 0.2         |
|    entropy_loss         | -1.83       |
|    explained_variance   | 0.985       |
|    learning_rate        | 0.0003      |
|    loss                 | -0.0137     |
|    n_updates            | 170         |
|    policy_gradient_loss | -0.00445    |
|    value_loss           | 0.0275      |
-----------------------------------------
------------------------------------------
| rollout/                |              |
|    ep_len_mean          | 354          |
|    ep_rew_mean          | 153          |
| time/                   |              |
|    fps                  | 385          |
|    iterations           | 36           |
|    time_elapsed         | 2295         |
|    total_timesteps      | 884736       |
| train/                  |              |
|    approx_kl            | 0.0072447304 |
|    clip_fraction        | 0.0755       |
|    clip_range           | 0.2          |
|    entropy_loss         | -1.94        |
|    explained_variance   | 0.987        |
|    learning_rate        | 0.0003       |
|    loss                 | -0.0129      |
|    n_updates            | 175          |
|    policy_gradient_loss | -0.00551     |
|    value_loss           | 0.019        |
------------------------------------------
-----------------------------------------
| rollout/                |             |
|    ep_len_mean          | 312         |
|    ep_rew_mean          | 143         |
| time/                   |             |
|    fps                  | 385         |
|    iterations           | 37          |
|    time_elapsed         | 2358        |
|    total_timesteps      | 909312      |
| train/                  |             |
|    approx_kl            | 0.008767051 |
|    clip_fraction        | 0.0999      |
|    clip_range           | 0.2         |
|    entropy_loss         | -1.8        |
|    explained_variance   | 0.987       |
|    learning_rate        | 0.0003      |
|    loss                 | -0.0251     |
|    n_updates            | 180         |
|    policy_gradient_loss | -0.00566    |
|    value_loss           | 0.0192      |
-----------------------------------------
------------------------------------------
| rollout/                |              |
|    ep_len_mean          | 361          |
|    ep_rew_mean          | 151          |
| time/                   |              |
|    fps                  | 385          |
|    iterations           | 38           |
|    time_elapsed         | 2421         |
|    total_timesteps      | 933888       |
| train/                  |              |
|    approx_kl            | 0.0088789305 |
|    clip_fraction        | 0.102        |
|    clip_range           | 0.2          |
|    entropy_loss         | -1.83        |
|    explained_variance   | 0.99         |
|    learning_rate        | 0.0003       |
|    loss                 | -0.018       |
|    n_updates            | 185          |
|    policy_gradient_loss | -0.00466     |
|    value_loss           | 0.0154       |
------------------------------------------
-----------------------------------------
| rollout/                |             |
|    ep_len_mean          | 187         |
|    ep_rew_mean          | 149         |
| time/                   |             |
|    fps                  | 385         |
|    iterations           | 39          |
|    time_elapsed         | 2485        |
|    total_timesteps      | 958464      |
| train/                  |             |
|    approx_kl            | 0.009528245 |
|    clip_fraction        | 0.102       |
|    clip_range           | 0.2         |
|    entropy_loss         | -1.73       |
|    explained_variance   | 0.986       |
|    learning_rate        | 0.0003      |
|    loss                 | -0.0204     |
|    n_updates            | 190         |
|    policy_gradient_loss | -0.0058     |
|    value_loss           | 0.0205      |
-----------------------------------------
-----------------------------------------
| rollout/                |             |
|    ep_len_mean          | 190         |
|    ep_rew_mean          | 157         |
| time/                   |             |
|    fps                  | 385         |
|    iterations           | 40          |
|    time_elapsed         | 2547        |
|    total_timesteps      | 983040      |
| train/                  |             |
|    approx_kl            | 0.008272376 |
|    clip_fraction        | 0.0957      |
|    clip_range           | 0.2         |
|    entropy_loss         | -1.56       |
|    explained_variance   | 0.981       |
|    learning_rate        | 0.0003      |
|    loss                 | -0.0134     |
|    n_updates            | 195         |
|    policy_gradient_loss | -0.00424    |
|    value_loss           | 0.0222      |
-----------------------------------------
[Checkpoint] Saved at 1000000 steps > /home/runner/work/Disciples2-RL/Disciples2-RL/github_experiments/106/cities/seed106-cities-29340072736-1/checkpoints/campaign_ppo_step_1000000.zip
Eval num_timesteps=1000008, det_reward=-98.70 +/- 137.93
Episode length: det=3387.90 +/- 1896.77
Victory rate: det=25.00%
-------------------------------------------------
| eval/                           |             |
|    deterministic_mean_ep_length | 3.39e+03    |
|    deterministic_mean_reward    | -98.7       |
|    deterministic_victory_rate   | 0.25        |
|    mean_ep_length               | 3.39e+03    |
|    mean_reward                  | -98.7       |
|    victory_rate                 | 0.25        |
| time/                           |             |
|    total_timesteps              | 1000008     |
| train/                          |             |
|    approx_kl                    | 0.007927288 |
|    clip_fraction                | 0.0962      |
|    clip_range                   | 0.2         |
|    entropy_loss                 | -1.59       |
|    explained_variance           | 0.982       |
|    learning_rate                | 0.0003      |
|    loss                         | -0.0179     |
|    n_updates                    | 200         |
|    policy_gradient_loss         | -0.00535    |
|    value_loss                   | 0.02        |
-------------------------------------------------
New best model by deterministic victory rate!
---------------------------------
| rollout/           |          |
|    ep_len_mean     | 237      |
|    ep_rew_mean     | 154      |
| time/              |          |
|    fps             | 347      |
|    iterations      | 41       |
|    time_elapsed    | 2895     |
|    total_timesteps | 1007616  |
---------------------------------
VecNormalize stats saved: /home/runner/work/Disciples2-RL/Disciples2-RL/github_experiments/106/cities/seed106-cities-29340072736-1/models/vecnormalize.pkl

Финальная модель сохранена: /home/runner/work/Disciples2-RL/Disciples2-RL/github_experiments/106/cities/seed106-cities-29340072736-1/models/final_model.zip

============================================================
ИТОГИ ОБУЧЕНИЯ:
  Побед: 1251
  Поражений: 14
  Таймаутов: 59
  Побед бота столицы над врагами: 0
  Перестановок юнитов: 227157
  Winrate: 94.5%
============================================================
  График призывов за эпизод: /home/runner/work/Disciples2-RL/Disciples2-RL/github_experiments/106/cities/seed106-cities-29340072736-1/plots/campaign_summoned_units_per_episode.png
  График призывов за всё обучение: /home/runner/work/Disciples2-RL/Disciples2-RL/github_experiments/106/cities/seed106-cities-29340072736-1/plots/campaign_summoned_units_cumulative.png
  График найма за эпизод: /home/runner/work/Disciples2-RL/Disciples2-RL/github_experiments/106/cities/seed106-cities-29340072736-1/plots/campaign_hired_units_per_episode.png
  График найма за всё обучение: /home/runner/work/Disciples2-RL/Disciples2-RL/github_experiments/106/cities/seed106-cities-29340072736-1/plots/campaign_hired_units_cumulative.png
  График перестановок юнитов за эпизод: /home/runner/work/Disciples2-RL/Disciples2-RL/github_experiments/106/cities/seed106-cities-29340072736-1/plots/campaign_unit_swaps_per_episode.png
  График боевых предметов: /home/runner/work/Disciples2-RL/Disciples2-RL/github_experiments/106/cities/seed106-cities-29340072736-1/plots/campaign_battle_item_activity.png
  График побед бота столицы за эпизод: /home/runner/work/Disciples2-RL/Disciples2-RL/github_experiments/106/cities/seed106-cities-29340072736-1/plots/campaign_scripted_bot_victories_per_episode.png
  График применения заклинаний: /home/runner/work/Disciples2-RL/Disciples2-RL/github_experiments/106/cities/seed106-cities-29340072736-1/plots/campaign_spell_cast_activity.png
