Проверка среды CampaignEnv...
Среда прошла проверку!
[INFO] Comet disabled, running without experiment tracking
Создание 12 параллельных сред (subproc)...
Инициализация MaskablePPO...
Using cpu device

============================================================
Запуск обучения Campaign Agent
Всего шагов: 1,000,000
Параллельных сред: 12
VecEnv: subproc
VecEnv start method: forkserver
Seed: 117
Checkpoint каждые: 500,000 шагов
Evaluation каждые: 83,334 шагов
Eval deterministic эпизодов: 20
Eval stochastic эпизодов: 0
Eval лимит шагов на эпизод: 5000
Campaign map: small
Campaign objective: cities
System resources at training start:
  Platform: Linux 6.17.0-1020-azure (x86_64)
  Python: 3.14.6
  PyTorch: 2.13.0+cpu
  Training device: cpu
  CPU model: AMD EPYC 9V74 80-Core Processor
  CPU vendor: AuthenticAMD
  Logical CPUs visible: 4
  Process CPU affinity: 4
  Sockets: 1
  Cores per socket: 2
  Threads per core: 2
  CPU max MHz: unknown
  CPU min MHz: unknown
  L1d cache: 64 KiB (2 instances)
  L1i cache: 64 KiB (2 instances)
  L2 cache: 2 MiB (2 instances)
  L3 cache: 32 MiB (1 instance)
  Virtualization: AMD-V
  Hypervisor: Microsoft
  RAM total: 15.61 GiB
  RAM available at start: 13.89 GiB
  Disk total: 144.26 GiB
  Disk free at start: 85.11 GiB
  Torch intra-op threads: 4
  Torch inter-op threads: 2
  OMP_NUM_THREADS: 4
  MKL_NUM_THREADS: 4
  OPENBLAS_NUM_THREADS: 4
  GitHub runner OS: Linux
  GitHub runner architecture: X64
  GitHub runner environment: github-hosted
PPO n_steps: 2,048
PPO batch_size: 512
PPO n_epochs: 5
PPO learning_rate: 0.0003
PPO clip_range: 0.2
PPO ent_coef: 0.01
PPO gamma: 0.995
PPO gae_lambda: 0.95
PPO target_kl: disabled
PPO gradient batches per rollout: 240
VecCheckNan: disabled
Freeze action layout: enabled
Empire territory: enabled
Torch threads per process: 4
Diagnostics: disabled
Wall-clock training limit: disabled
Run ID: seed117-cities-29737910105-1
============================================================

Logging to /home/runner/work/Disciples2-RL/Disciples2-RL/github_experiments/117/cities/seed117-cities-29737910105-1/tensorboard/MaskablePPO_1
---------------------------------
| rollout/           |          |
|    ep_len_mean     | 116      |
|    ep_rew_mean     | -5.72    |
| time/              |          |
|    fps             | 518      |
|    iterations      | 1        |
|    time_elapsed    | 47       |
|    total_timesteps | 24576    |
---------------------------------
-----------------------------------------
| rollout/                |             |
|    ep_len_mean          | 131         |
|    ep_rew_mean          | -3.86       |
| time/                   |             |
|    fps                  | 502         |
|    iterations           | 2           |
|    time_elapsed         | 97          |
|    total_timesteps      | 49152       |
| train/                  |             |
|    approx_kl            | 0.009749402 |
|    clip_fraction        | 0.0941      |
|    clip_range           | 0.2         |
|    entropy_loss         | -2.2        |
|    explained_variance   | -0.191      |
|    learning_rate        | 0.0003      |
|    loss                 | 0.181       |
|    n_updates            | 5           |
|    policy_gradient_loss | -0.00636    |
|    value_loss           | 0.516       |
-----------------------------------------
-----------------------------------------
| rollout/                |             |
|    ep_len_mean          | 160         |
|    ep_rew_mean          | -4.16       |
| time/                   |             |
|    fps                  | 497         |
|    iterations           | 3           |
|    time_elapsed         | 148         |
|    total_timesteps      | 73728       |
| train/                  |             |
|    approx_kl            | 0.010941911 |
|    clip_fraction        | 0.0981      |
|    clip_range           | 0.2         |
|    entropy_loss         | -2.14       |
|    explained_variance   | 0.555       |
|    learning_rate        | 0.0003      |
|    loss                 | 0.0843      |
|    n_updates            | 10          |
|    policy_gradient_loss | -0.00944    |
|    value_loss           | 0.242       |
-----------------------------------------
----------------------------------------
| rollout/                |            |
|    ep_len_mean          | 199        |
|    ep_rew_mean          | -2.72      |
| time/                   |            |
|    fps                  | 491        |
|    iterations           | 4          |
|    time_elapsed         | 200        |
|    total_timesteps      | 98304      |
| train/                  |            |
|    approx_kl            | 0.01102791 |
|    clip_fraction        | 0.12       |
|    clip_range           | 0.2        |
|    entropy_loss         | -2.07      |
|    explained_variance   | 0.742      |
|    learning_rate        | 0.0003     |
|    loss                 | 0.0432     |
|    n_updates            | 15         |
|    policy_gradient_loss | -0.011     |
|    value_loss           | 0.168      |
----------------------------------------
-----------------------------------------
| rollout/                |             |
|    ep_len_mean          | 271         |
|    ep_rew_mean          | -2.95       |
| time/                   |             |
|    fps                  | 485         |
|    iterations           | 5           |
|    time_elapsed         | 252         |
|    total_timesteps      | 122880      |
| train/                  |             |
|    approx_kl            | 0.011191599 |
|    clip_fraction        | 0.125       |
|    clip_range           | 0.2         |
|    entropy_loss         | -2.04       |
|    explained_variance   | 0.856       |
|    learning_rate        | 0.0003      |
|    loss                 | 0.0245      |
|    n_updates            | 20          |
|    policy_gradient_loss | -0.0104     |
|    value_loss           | 0.113       |
-----------------------------------------
-----------------------------------------
| rollout/                |             |
|    ep_len_mean          | 204         |
|    ep_rew_mean          | 5.4         |
| time/                   |             |
|    fps                  | 484         |
|    iterations           | 6           |
|    time_elapsed         | 304         |
|    total_timesteps      | 147456      |
| train/                  |             |
|    approx_kl            | 0.010227122 |
|    clip_fraction        | 0.103       |
|    clip_range           | 0.2         |
|    entropy_loss         | -2.06       |
|    explained_variance   | 0.873       |
|    learning_rate        | 0.0003      |
|    loss                 | 4.13e-05    |
|    n_updates            | 25          |
|    policy_gradient_loss | -0.00972    |
|    value_loss           | 0.0792      |
-----------------------------------------
-----------------------------------------
| rollout/                |             |
|    ep_len_mean          | 188         |
|    ep_rew_mean          | 8.1         |
| time/                   |             |
|    fps                  | 484         |
|    iterations           | 7           |
|    time_elapsed         | 354         |
|    total_timesteps      | 172032      |
| train/                  |             |
|    approx_kl            | 0.010058989 |
|    clip_fraction        | 0.103       |
|    clip_range           | 0.2         |
|    entropy_loss         | -2.02       |
|    explained_variance   | 0.823       |
|    learning_rate        | 0.0003      |
|    loss                 | -0.0137     |
|    n_updates            | 30          |
|    policy_gradient_loss | -0.00799    |
|    value_loss           | 0.0614      |
-----------------------------------------
-----------------------------------------
| rollout/                |             |
|    ep_len_mean          | 205         |
|    ep_rew_mean          | 9.64        |
| time/                   |             |
|    fps                  | 482         |
|    iterations           | 8           |
|    time_elapsed         | 407         |
|    total_timesteps      | 196608      |
| train/                  |             |
|    approx_kl            | 0.009772122 |
|    clip_fraction        | 0.111       |
|    clip_range           | 0.2         |
|    entropy_loss         | -1.98       |
|    explained_variance   | 0.868       |
|    learning_rate        | 0.0003      |
|    loss                 | -0.0167     |
|    n_updates            | 35          |
|    policy_gradient_loss | -0.00837    |
|    value_loss           | 0.0427      |
-----------------------------------------
-----------------------------------------
| rollout/                |             |
|    ep_len_mean          | 193         |
|    ep_rew_mean          | 12.8        |
| time/                   |             |
|    fps                  | 482         |
|    iterations           | 9           |
|    time_elapsed         | 458         |
|    total_timesteps      | 221184      |
| train/                  |             |
|    approx_kl            | 0.009673054 |
|    clip_fraction        | 0.115       |
|    clip_range           | 0.2         |
|    entropy_loss         | -1.99       |
|    explained_variance   | 0.843       |
|    learning_rate        | 0.0003      |
|    loss                 | -0.0119     |
|    n_updates            | 40          |
|    policy_gradient_loss | -0.01       |
|    value_loss           | 0.0482      |
-----------------------------------------
-----------------------------------------
| rollout/                |             |
|    ep_len_mean          | 172         |
|    ep_rew_mean          | 14.5        |
| time/                   |             |
|    fps                  | 483         |
|    iterations           | 10          |
|    time_elapsed         | 507         |
|    total_timesteps      | 245760      |
| train/                  |             |
|    approx_kl            | 0.008757159 |
|    clip_fraction        | 0.0969      |
|    clip_range           | 0.2         |
|    entropy_loss         | -1.95       |
|    explained_variance   | 0.838       |
|    learning_rate        | 0.0003      |
|    loss                 | -0.0103     |
|    n_updates            | 45          |
|    policy_gradient_loss | -0.00833    |
|    value_loss           | 0.0514      |
-----------------------------------------
-----------------------------------------
| rollout/                |             |
|    ep_len_mean          | 167         |
|    ep_rew_mean          | 15.2        |
| time/                   |             |
|    fps                  | 485         |
|    iterations           | 11          |
|    time_elapsed         | 557         |
|    total_timesteps      | 270336      |
| train/                  |             |
|    approx_kl            | 0.008729444 |
|    clip_fraction        | 0.0903      |
|    clip_range           | 0.2         |
|    entropy_loss         | -1.87       |
|    explained_variance   | 0.81        |
|    learning_rate        | 0.0003      |
|    loss                 | 0.00322     |
|    n_updates            | 50          |
|    policy_gradient_loss | -0.00784    |
|    value_loss           | 0.0619      |
-----------------------------------------
------------------------------------------
| rollout/                |              |
|    ep_len_mean          | 160          |
|    ep_rew_mean          | 15.6         |
| time/                   |              |
|    fps                  | 486          |
|    iterations           | 12           |
|    time_elapsed         | 605          |
|    total_timesteps      | 294912       |
| train/                  |              |
|    approx_kl            | 0.0081520295 |
|    clip_fraction        | 0.0859       |
|    clip_range           | 0.2          |
|    entropy_loss         | -1.82        |
|    explained_variance   | 0.82         |
|    learning_rate        | 0.0003       |
|    loss                 | 0.00188      |
|    n_updates            | 55           |
|    policy_gradient_loss | -0.00787     |
|    value_loss           | 0.0608       |
------------------------------------------
-----------------------------------------
| rollout/                |             |
|    ep_len_mean          | 157         |
|    ep_rew_mean          | 17.1        |
| time/                   |             |
|    fps                  | 487         |
|    iterations           | 13          |
|    time_elapsed         | 655         |
|    total_timesteps      | 319488      |
| train/                  |             |
|    approx_kl            | 0.008268482 |
|    clip_fraction        | 0.0827      |
|    clip_range           | 0.2         |
|    entropy_loss         | -1.76       |
|    explained_variance   | 0.817       |
|    learning_rate        | 0.0003      |
|    loss                 | 0.00528     |
|    n_updates            | 60          |
|    policy_gradient_loss | -0.00719    |
|    value_loss           | 0.0672      |
-----------------------------------------
-----------------------------------------
| rollout/                |             |
|    ep_len_mean          | 158         |
|    ep_rew_mean          | 18.2        |
| time/                   |             |
|    fps                  | 488         |
|    iterations           | 14          |
|    time_elapsed         | 704         |
|    total_timesteps      | 344064      |
| train/                  |             |
|    approx_kl            | 0.006354092 |
|    clip_fraction        | 0.0547      |
|    clip_range           | 0.2         |
|    entropy_loss         | -1.74       |
|    explained_variance   | 0.795       |
|    learning_rate        | 0.0003      |
|    loss                 | 0.0151      |
|    n_updates            | 65          |
|    policy_gradient_loss | -0.00467    |
|    value_loss           | 0.0741      |
-----------------------------------------
-----------------------------------------
| rollout/                |             |
|    ep_len_mean          | 150         |
|    ep_rew_mean          | 17.7        |
| time/                   |             |
|    fps                  | 489         |
|    iterations           | 15          |
|    time_elapsed         | 753         |
|    total_timesteps      | 368640      |
| train/                  |             |
|    approx_kl            | 0.006508576 |
|    clip_fraction        | 0.0599      |
|    clip_range           | 0.2         |
|    entropy_loss         | -1.72       |
|    explained_variance   | 0.792       |
|    learning_rate        | 0.0003      |
|    loss                 | 0.0209      |
|    n_updates            | 70          |
|    policy_gradient_loss | -0.00475    |
|    value_loss           | 0.0769      |
-----------------------------------------
-----------------------------------------
| rollout/                |             |
|    ep_len_mean          | 165         |
|    ep_rew_mean          | 20.8        |
| time/                   |             |
|    fps                  | 489         |
|    iterations           | 16          |
|    time_elapsed         | 803         |
|    total_timesteps      | 393216      |
| train/                  |             |
|    approx_kl            | 0.007150048 |
|    clip_fraction        | 0.0633      |
|    clip_range           | 0.2         |
|    entropy_loss         | -1.71       |
|    explained_variance   | 0.827       |
|    learning_rate        | 0.0003      |
|    loss                 | 0.0155      |
|    n_updates            | 75          |
|    policy_gradient_loss | -0.00551    |
|    value_loss           | 0.0823      |
-----------------------------------------
------------------------------------------
| rollout/                |              |
|    ep_len_mean          | 199          |
|    ep_rew_mean          | 13           |
| time/                   |              |
|    fps                  | 490          |
|    iterations           | 17           |
|    time_elapsed         | 851          |
|    total_timesteps      | 417792       |
| train/                  |              |
|    approx_kl            | 0.0074843806 |
|    clip_fraction        | 0.0701       |
|    clip_range           | 0.2          |
|    entropy_loss         | -1.69        |
|    explained_variance   | 0.87         |
|    learning_rate        | 0.0003       |
|    loss                 | 0.0129       |
|    n_updates            | 80           |
|    policy_gradient_loss | -0.0063      |
|    value_loss           | 0.0836       |
------------------------------------------
-----------------------------------------
| rollout/                |             |
|    ep_len_mean          | 149         |
|    ep_rew_mean          | 17.9        |
| time/                   |             |
|    fps                  | 490         |
|    iterations           | 18          |
|    time_elapsed         | 901         |
|    total_timesteps      | 442368      |
| train/                  |             |
|    approx_kl            | 0.006028397 |
|    clip_fraction        | 0.056       |
|    clip_range           | 0.2         |
|    entropy_loss         | -1.68       |
|    explained_variance   | 0.848       |
|    learning_rate        | 0.0003      |
|    loss                 | 0.0186      |
|    n_updates            | 85          |
|    policy_gradient_loss | -0.00504    |
|    value_loss           | 0.0942      |
-----------------------------------------
-----------------------------------------
| rollout/                |             |
|    ep_len_mean          | 171         |
|    ep_rew_mean          | 24.3        |
| time/                   |             |
|    fps                  | 491         |
|    iterations           | 19          |
|    time_elapsed         | 949         |
|    total_timesteps      | 466944      |
| train/                  |             |
|    approx_kl            | 0.006548179 |
|    clip_fraction        | 0.0658      |
|    clip_range           | 0.2         |
|    entropy_loss         | -1.64       |
|    explained_variance   | 0.816       |
|    learning_rate        | 0.0003      |
|    loss                 | 0.00479     |
|    n_updates            | 90          |
|    policy_gradient_loss | -0.00583    |
|    value_loss           | 0.0842      |
-----------------------------------------
------------------------------------------
| rollout/                |              |
|    ep_len_mean          | 151          |
|    ep_rew_mean          | 19.7         |
| time/                   |              |
|    fps                  | 492          |
|    iterations           | 20           |
|    time_elapsed         | 998          |
|    total_timesteps      | 491520       |
| train/                  |              |
|    approx_kl            | 0.0065445527 |
|    clip_fraction        | 0.056        |
|    clip_range           | 0.2          |
|    entropy_loss         | -1.6         |
|    explained_variance   | 0.773        |
|    learning_rate        | 0.0003       |
|    loss                 | 0.025        |
|    n_updates            | 95           |
|    policy_gradient_loss | -0.00539     |
|    value_loss           | 0.116        |
------------------------------------------
[Checkpoint] Saved at 500000 steps > /home/runner/work/Disciples2-RL/Disciples2-RL/github_experiments/117/cities/seed117-cities-29737910105-1/checkpoints/campaign_ppo_step_500000.zip
----------------------------------------
| rollout/                |            |
|    ep_len_mean          | 164        |
|    ep_rew_mean          | 25.2       |
| time/                   |            |
|    fps                  | 492        |
|    iterations           | 21         |
|    time_elapsed         | 1048       |
|    total_timesteps      | 516096     |
| train/                  |            |
|    approx_kl            | 0.00678225 |
|    clip_fraction        | 0.0686     |
|    clip_range           | 0.2        |
|    entropy_loss         | -1.64      |
|    explained_variance   | 0.799      |
|    learning_rate        | 0.0003     |
|    loss                 | 0.0225     |
|    n_updates            | 100        |
|    policy_gradient_loss | -0.00543   |
|    value_loss           | 0.0991     |
----------------------------------------
-----------------------------------------
| rollout/                |             |
|    ep_len_mean          | 152         |
|    ep_rew_mean          | 22.9        |
| time/                   |             |
|    fps                  | 493         |
|    iterations           | 22          |
|    time_elapsed         | 1096        |
|    total_timesteps      | 540672      |
| train/                  |             |
|    approx_kl            | 0.006289588 |
|    clip_fraction        | 0.0546      |
|    clip_range           | 0.2         |
|    entropy_loss         | -1.61       |
|    explained_variance   | 0.795       |
|    learning_rate        | 0.0003      |
|    loss                 | 0.0257      |
|    n_updates            | 105         |
|    policy_gradient_loss | -0.0051     |
|    value_loss           | 0.105       |
-----------------------------------------
------------------------------------------
| rollout/                |              |
|    ep_len_mean          | 172          |
|    ep_rew_mean          | 28.9         |
| time/                   |              |
|    fps                  | 493          |
|    iterations           | 23           |
|    time_elapsed         | 1144         |
|    total_timesteps      | 565248       |
| train/                  |              |
|    approx_kl            | 0.0062361993 |
|    clip_fraction        | 0.0645       |
|    clip_range           | 0.2          |
|    entropy_loss         | -1.58        |
|    explained_variance   | 0.808        |
|    learning_rate        | 0.0003       |
|    loss                 | 0.0145       |
|    n_updates            | 110          |
|    policy_gradient_loss | -0.00568     |
|    value_loss           | 0.106        |
------------------------------------------
------------------------------------------
| rollout/                |              |
|    ep_len_mean          | 164          |
|    ep_rew_mean          | 27.6         |
| time/                   |              |
|    fps                  | 494          |
|    iterations           | 24           |
|    time_elapsed         | 1193         |
|    total_timesteps      | 589824       |
| train/                  |              |
|    approx_kl            | 0.0065374323 |
|    clip_fraction        | 0.061        |
|    clip_range           | 0.2          |
|    entropy_loss         | -1.57        |
|    explained_variance   | 0.892        |
|    learning_rate        | 0.0003       |
|    loss                 | 0.029        |
|    n_updates            | 115          |
|    policy_gradient_loss | -0.00506     |
|    value_loss           | 0.1          |
------------------------------------------
-----------------------------------------
| rollout/                |             |
|    ep_len_mean          | 265         |
|    ep_rew_mean          | 19.2        |
| time/                   |             |
|    fps                  | 494         |
|    iterations           | 25          |
|    time_elapsed         | 1242        |
|    total_timesteps      | 614400      |
| train/                  |             |
|    approx_kl            | 0.007280554 |
|    clip_fraction        | 0.0686      |
|    clip_range           | 0.2         |
|    entropy_loss         | -1.56       |
|    explained_variance   | 0.937       |
|    learning_rate        | 0.0003      |
|    loss                 | 0.0194      |
|    n_updates            | 120         |
|    policy_gradient_loss | -0.00569    |
|    value_loss           | 0.0845      |
-----------------------------------------
------------------------------------------
| rollout/                |              |
|    ep_len_mean          | 220          |
|    ep_rew_mean          | 26.2         |
| time/                   |              |
|    fps                  | 494          |
|    iterations           | 26           |
|    time_elapsed         | 1291         |
|    total_timesteps      | 638976       |
| train/                  |              |
|    approx_kl            | 0.0076294993 |
|    clip_fraction        | 0.0753       |
|    clip_range           | 0.2          |
|    entropy_loss         | -1.51        |
|    explained_variance   | 0.941        |
|    learning_rate        | 0.0003       |
|    loss                 | 0.0178       |
|    n_updates            | 125          |
|    policy_gradient_loss | -0.00617     |
|    value_loss           | 0.0814       |
------------------------------------------
----------------------------------------
| rollout/                |            |
|    ep_len_mean          | 184        |
|    ep_rew_mean          | 37.5       |
| time/                   |            |
|    fps                  | 494        |
|    iterations           | 27         |
|    time_elapsed         | 1340       |
|    total_timesteps      | 663552     |
| train/                  |            |
|    approx_kl            | 0.00785068 |
|    clip_fraction        | 0.0777     |
|    clip_range           | 0.2        |
|    entropy_loss         | -1.46      |
|    explained_variance   | 0.889      |
|    learning_rate        | 0.0003     |
|    loss                 | 0.014      |
|    n_updates            | 130        |
|    policy_gradient_loss | -0.00666   |
|    value_loss           | 0.0827     |
----------------------------------------
-----------------------------------------
| rollout/                |             |
|    ep_len_mean          | 187         |
|    ep_rew_mean          | 38.1        |
| time/                   |             |
|    fps                  | 495         |
|    iterations           | 28          |
|    time_elapsed         | 1388        |
|    total_timesteps      | 688128      |
| train/                  |             |
|    approx_kl            | 0.008046355 |
|    clip_fraction        | 0.0741      |
|    clip_range           | 0.2         |
|    entropy_loss         | -1.41       |
|    explained_variance   | 0.923       |
|    learning_rate        | 0.0003      |
|    loss                 | 0.00937     |
|    n_updates            | 135         |
|    policy_gradient_loss | -0.00633    |
|    value_loss           | 0.0832      |
-----------------------------------------
------------------------------------------
| rollout/                |              |
|    ep_len_mean          | 281          |
|    ep_rew_mean          | 28.7         |
| time/                   |              |
|    fps                  | 495          |
|    iterations           | 29           |
|    time_elapsed         | 1437         |
|    total_timesteps      | 712704       |
| train/                  |              |
|    approx_kl            | 0.0065406896 |
|    clip_fraction        | 0.0593       |
|    clip_range           | 0.2          |
|    entropy_loss         | -1.4         |
|    explained_variance   | 0.949        |
|    learning_rate        | 0.0003       |
|    loss                 | 0.00675      |
|    n_updates            | 140          |
|    policy_gradient_loss | -0.00416     |
|    value_loss           | 0.0694       |
------------------------------------------
------------------------------------------
| rollout/                |              |
|    ep_len_mean          | 183          |
|    ep_rew_mean          | 40.5         |
| time/                   |              |
|    fps                  | 496          |
|    iterations           | 30           |
|    time_elapsed         | 1485         |
|    total_timesteps      | 737280       |
| train/                  |              |
|    approx_kl            | 0.0059558004 |
|    clip_fraction        | 0.0619       |
|    clip_range           | 0.2          |
|    entropy_loss         | -1.41        |
|    explained_variance   | 0.905        |
|    learning_rate        | 0.0003       |
|    loss                 | 0.0198       |
|    n_updates            | 145          |
|    policy_gradient_loss | -0.00443     |
|    value_loss           | 0.0873       |
------------------------------------------
------------------------------------------
| rollout/                |              |
|    ep_len_mean          | 230          |
|    ep_rew_mean          | 33.5         |
| time/                   |              |
|    fps                  | 496          |
|    iterations           | 31           |
|    time_elapsed         | 1533         |
|    total_timesteps      | 761856       |
| train/                  |              |
|    approx_kl            | 0.0064333244 |
|    clip_fraction        | 0.0653       |
|    clip_range           | 0.2          |
|    entropy_loss         | -1.4         |
|    explained_variance   | 0.937        |
|    learning_rate        | 0.0003       |
|    loss                 | 0.00296      |
|    n_updates            | 150          |
|    policy_gradient_loss | -0.00443     |
|    value_loss           | 0.069        |
------------------------------------------
------------------------------------------
| rollout/                |              |
|    ep_len_mean          | 219          |
|    ep_rew_mean          | 35.8         |
| time/                   |              |
|    fps                  | 496          |
|    iterations           | 32           |
|    time_elapsed         | 1582         |
|    total_timesteps      | 786432       |
| train/                  |              |
|    approx_kl            | 0.0066018547 |
|    clip_fraction        | 0.0661       |
|    clip_range           | 0.2          |
|    entropy_loss         | -1.36        |
|    explained_variance   | 0.957        |
|    learning_rate        | 0.0003       |
|    loss                 | 0.00109      |
|    n_updates            | 155          |
|    policy_gradient_loss | -0.00432     |
|    value_loss           | 0.0593       |
------------------------------------------
------------------------------------------
| rollout/                |              |
|    ep_len_mean          | 230          |
|    ep_rew_mean          | 48.5         |
| time/                   |              |
|    fps                  | 497          |
|    iterations           | 33           |
|    time_elapsed         | 1630         |
|    total_timesteps      | 811008       |
| train/                  |              |
|    approx_kl            | 0.0060521476 |
|    clip_fraction        | 0.0661       |
|    clip_range           | 0.2          |
|    entropy_loss         | -1.34        |
|    explained_variance   | 0.898        |
|    learning_rate        | 0.0003       |
|    loss                 | 0.00827      |
|    n_updates            | 160          |
|    policy_gradient_loss | -0.00529     |
|    value_loss           | 0.0791       |
------------------------------------------
------------------------------------------
| rollout/                |              |
|    ep_len_mean          | 285          |
|    ep_rew_mean          | 45.6         |
| time/                   |              |
|    fps                  | 497          |
|    iterations           | 34           |
|    time_elapsed         | 1680         |
|    total_timesteps      | 835584       |
| train/                  |              |
|    approx_kl            | 0.0074444194 |
|    clip_fraction        | 0.068        |
|    clip_range           | 0.2          |
|    entropy_loss         | -1.37        |
|    explained_variance   | 0.938        |
|    learning_rate        | 0.0003       |
|    loss                 | 0.0344       |
|    n_updates            | 165          |
|    policy_gradient_loss | -0.0048      |
|    value_loss           | 0.0639       |
------------------------------------------
------------------------------------------
| rollout/                |              |
|    ep_len_mean          | 324          |
|    ep_rew_mean          | 43.3         |
| time/                   |              |
|    fps                  | 497          |
|    iterations           | 35           |
|    time_elapsed         | 1730         |
|    total_timesteps      | 860160       |
| train/                  |              |
|    approx_kl            | 0.0073057613 |
|    clip_fraction        | 0.0685       |
|    clip_range           | 0.2          |
|    entropy_loss         | -1.5         |
|    explained_variance   | 0.931        |
|    learning_rate        | 0.0003       |
|    loss                 | 0.00135      |
|    n_updates            | 170          |
|    policy_gradient_loss | -0.00472     |
|    value_loss           | 0.0866       |
------------------------------------------
------------------------------------------
| rollout/                |              |
|    ep_len_mean          | 299          |
|    ep_rew_mean          | 46.2         |
| time/                   |              |
|    fps                  | 497          |
|    iterations           | 36           |
|    time_elapsed         | 1779         |
|    total_timesteps      | 884736       |
| train/                  |              |
|    approx_kl            | 0.0069320067 |
|    clip_fraction        | 0.0742       |
|    clip_range           | 0.2          |
|    entropy_loss         | -1.47        |
|    explained_variance   | 0.92         |
|    learning_rate        | 0.0003       |
|    loss                 | 0.0143       |
|    n_updates            | 175          |
|    policy_gradient_loss | -0.00484     |
|    value_loss           | 0.0883       |
------------------------------------------
-----------------------------------------
| rollout/                |             |
|    ep_len_mean          | 197         |
|    ep_rew_mean          | 46.7        |
| time/                   |             |
|    fps                  | 497         |
|    iterations           | 37          |
|    time_elapsed         | 1828        |
|    total_timesteps      | 909312      |
| train/                  |             |
|    approx_kl            | 0.006859505 |
|    clip_fraction        | 0.073       |
|    clip_range           | 0.2         |
|    entropy_loss         | -1.38       |
|    explained_variance   | 0.899       |
|    learning_rate        | 0.0003      |
|    loss                 | 0.00851     |
|    n_updates            | 180         |
|    policy_gradient_loss | -0.00527    |
|    value_loss           | 0.076       |
-----------------------------------------
------------------------------------------
| rollout/                |              |
|    ep_len_mean          | 269          |
|    ep_rew_mean          | 48.1         |
| time/                   |              |
|    fps                  | 497          |
|    iterations           | 38           |
|    time_elapsed         | 1876         |
|    total_timesteps      | 933888       |
| train/                  |              |
|    approx_kl            | 0.0073706484 |
|    clip_fraction        | 0.0726       |
|    clip_range           | 0.2          |
|    entropy_loss         | -1.39        |
|    explained_variance   | 0.901        |
|    learning_rate        | 0.0003       |
|    loss                 | 0.00794      |
|    n_updates            | 185          |
|    policy_gradient_loss | -0.00521     |
|    value_loss           | 0.0689       |
------------------------------------------
------------------------------------------
| rollout/                |              |
|    ep_len_mean          | 255          |
|    ep_rew_mean          | 53.5         |
| time/                   |              |
|    fps                  | 498          |
|    iterations           | 39           |
|    time_elapsed         | 1923         |
|    total_timesteps      | 958464       |
| train/                  |              |
|    approx_kl            | 0.0062539824 |
|    clip_fraction        | 0.0634       |
|    clip_range           | 0.2          |
|    entropy_loss         | -1.4         |
|    explained_variance   | 0.912        |
|    learning_rate        | 0.0003       |
|    loss                 | 0.00358      |
|    n_updates            | 190          |
|    policy_gradient_loss | -0.00581     |
|    value_loss           | 0.0725       |
------------------------------------------
------------------------------------------
| rollout/                |              |
|    ep_len_mean          | 240          |
|    ep_rew_mean          | 56.2         |
| time/                   |              |
|    fps                  | 498          |
|    iterations           | 40           |
|    time_elapsed         | 1973         |
|    total_timesteps      | 983040       |
| train/                  |              |
|    approx_kl            | 0.0065165195 |
|    clip_fraction        | 0.0686       |
|    clip_range           | 0.2          |
|    entropy_loss         | -1.32        |
|    explained_variance   | 0.886        |
|    learning_rate        | 0.0003       |
|    loss                 | 0.015        |
|    n_updates            | 195          |
|    policy_gradient_loss | -0.00497     |
|    value_loss           | 0.0682       |
------------------------------------------
[Checkpoint] Saved at 1000000 steps > /home/runner/work/Disciples2-RL/Disciples2-RL/github_experiments/117/cities/seed117-cities-29737910105-1/checkpoints/campaign_ppo_step_1000000.zip
Eval num_timesteps=1000008, det_reward=-22.85 +/- 130.85
Episode length: det=1699.60 +/- 2088.73
Victory rate: det=0.00%
------------------------------------------------
| eval/                           |            |
|    deterministic_mean_ep_length | 1.7e+03    |
|    deterministic_mean_reward    | -22.8      |
|    deterministic_victory_rate   | 0          |
|    mean_ep_length               | 1.7e+03    |
|    mean_reward                  | -22.8      |
|    victory_rate                 | 0          |
| time/                           |            |
|    total_timesteps              | 1000008    |
| train/                          |            |
|    approx_kl                    | 0.00626871 |
|    clip_fraction                | 0.0611     |
|    clip_range                   | 0.2        |
|    entropy_loss                 | -1.34      |
|    explained_variance           | 0.909      |
|    learning_rate                | 0.0003     |
|    loss                         | 0.00802    |
|    n_updates                    | 200        |
|    policy_gradient_loss         | -0.00528   |
|    value_loss                   | 0.0654     |
------------------------------------------------
New best model by deterministic victory rate!
---------------------------------
| rollout/           |          |
|    ep_len_mean     | 220      |
|    ep_rew_mean     | 53.2     |
| time/              |          |
|    fps             | 471      |
|    iterations      | 41       |
|    time_elapsed    | 2135     |
|    total_timesteps | 1007616  |
---------------------------------
VecNormalize stats saved: /home/runner/work/Disciples2-RL/Disciples2-RL/github_experiments/117/cities/seed117-cities-29737910105-1/models/vecnormalize.pkl

Финальная модель сохранена: /home/runner/work/Disciples2-RL/Disciples2-RL/github_experiments/117/cities/seed117-cities-29737910105-1/models/final_model.zip

============================================================
ИТОГИ ОБУЧЕНИЯ:
  Побед: 27
  Поражений: 5223
  Таймаутов: 6
  Побед бота столицы над врагами: 0
  Перестановок юнитов: 179059
  Терминальные поражения по противникам:
    enemy_15: 789 — Отряд: 2 привидения спереди, вампир сзади
    enemy_34: 739 — Отряд Порта Полонис: Воин спереди, Колдун, Нигош (Носферату) и Привидение сзади
    enemy_29: 559 — Отряд: 3 скваера на передней линии
    enemy_25: 480 — Отряд: копейщик спереди и служка сзади
    enemy_23: 398 — Отряд: волк на передней линии
    enemy_7: 376 — Отряд: воин + привидение спереди, колдун + призрак + привидение сзади
    enemy_17: 280 — Отряд: воин спереди, 2 призрака и привидение сзади
    enemy_31: 271 — Отряд: зеленый дракон
    enemy_74: 213 — Руины (43, 34): Лорд Тьмы, Лич
    enemy_61: 192 — Отряд: Зомби, Призрак
    enemy_27: 174 — Отряд: скваер в центре и 2 крестьянина на передней линии
    enemy_21: 138 — Отряд: зомби спереди, привидение сзади
    enemy_3: 102 — Отряд: орк чемпион на передней линии
    enemy_9: 101 — Отряд: тамплиер спереди, колдун и призрак сзади
    enemy_11: 74 — Отряд: оборотень спереди и тень сзади
    enemy_65: 70 — Отряд: Кентавр копейщик, Рейнджер
    enemy_35: 42 — Отряд Соругириллы: Унфегра (Королева личей), Виверна
    enemy_19: 38 — Отряд: зомби спереди, привидение сзади
    enemy_59: 34 — Отряд: Зомби
    enemy_57: 31 — Отряд: Призрак, Привидение, Воин
    enemy_5: 30 — Отряд: орк чемпион на передней линии
    enemy_68: 26 — Внутренний гарнизон Порта Полонис: Зомби, Воин
    enemy_70: 13 — Руины (15, 9): Орк, Гоблин, Гоблин
    enemy_69: 12 — Внутренний гарнизон Соругириллы: Зомби, Воин
    enemy_13: 10 — Отряд: 2 зомби спереди и привидение сзади
    enemy_63: 9 — Отряд: Разбойник
    enemy_75: 5 — Страж столицы Империи: Мизраэль
    enemy_39: 4 — Отряд: Волк, Варвар
    enemy_47: 3 — Отряд: Призрак, Привидение, Привидение, Воин
    enemy_43: 3 — Отряд: Призрак, Тамплиер
    enemy_37: 2 — Отряд: Гном, Травница, Алхимик
    enemy_41: 2 — Отряд: Гном, Метатель топоров
    enemy_1: 1 — Отряд: волк на передней линии
    enemy_49: 1 — Отряд: Гном
    enemy_45: 1 — Отряд: Головорез
  Winrate: 0.5%
============================================================
  График призывов за эпизод: /home/runner/work/Disciples2-RL/Disciples2-RL/github_experiments/117/cities/seed117-cities-29737910105-1/plots/campaign_summoned_units_per_episode.png
  График призывов за всё обучение: /home/runner/work/Disciples2-RL/Disciples2-RL/github_experiments/117/cities/seed117-cities-29737910105-1/plots/campaign_summoned_units_cumulative.png
  График найма за эпизод: /home/runner/work/Disciples2-RL/Disciples2-RL/github_experiments/117/cities/seed117-cities-29737910105-1/plots/campaign_hired_units_per_episode.png
  График найма за всё обучение: /home/runner/work/Disciples2-RL/Disciples2-RL/github_experiments/117/cities/seed117-cities-29737910105-1/plots/campaign_hired_units_cumulative.png
  График перестановок юнитов за эпизод: /home/runner/work/Disciples2-RL/Disciples2-RL/github_experiments/117/cities/seed117-cities-29737910105-1/plots/campaign_unit_swaps_per_episode.png
  График боевых предметов: /home/runner/work/Disciples2-RL/Disciples2-RL/github_experiments/117/cities/seed117-cities-29737910105-1/plots/campaign_battle_item_activity.png
  График побед бота столицы за эпизод: /home/runner/work/Disciples2-RL/Disciples2-RL/github_experiments/117/cities/seed117-cities-29737910105-1/plots/campaign_scripted_bot_victories_per_episode.png
  График применения заклинаний: /home/runner/work/Disciples2-RL/Disciples2-RL/github_experiments/117/cities/seed117-cities-29737910105-1/plots/campaign_spell_cast_activity.png
