Проверка среды CampaignEnv...
Среда прошла проверку!
[INFO] Comet disabled, running without experiment tracking
Создание 12 параллельных сред (subproc)...
Инициализация MaskablePPO...
Using cpu device

============================================================
Запуск обучения Campaign Agent
Всего шагов: 1,000,000
Параллельных сред: 12
VecEnv: subproc
VecEnv start method: forkserver
Seed: 120
Checkpoint каждые: 500,000 шагов
Evaluation каждые: 83,334 шагов
Eval deterministic эпизодов: 20
Eval stochastic эпизодов: 0
Eval лимит шагов на эпизод: 5000
Campaign map: default
Campaign objective: blue_dragon
System resources at training start:
  Platform: Linux 6.17.0-1020-azure (x86_64)
  Python: 3.14.6
  PyTorch: 2.13.0+cpu
  Training device: cpu
  CPU model: AMD EPYC 7763 64-Core Processor
  CPU vendor: AuthenticAMD
  Logical CPUs visible: 4
  Process CPU affinity: 4
  Sockets: 1
  Cores per socket: 2
  Threads per core: 2
  CPU max MHz: unknown
  CPU min MHz: unknown
  L1d cache: 64 KiB (2 instances)
  L1i cache: 64 KiB (2 instances)
  L2 cache: 1 MiB (2 instances)
  L3 cache: 32 MiB (1 instance)
  Virtualization: AMD-V
  Hypervisor: Microsoft
  RAM total: 15.61 GiB
  RAM available at start: 13.89 GiB
  Disk total: 144.26 GiB
  Disk free at start: 83.58 GiB
  Torch intra-op threads: 4
  Torch inter-op threads: 2
  OMP_NUM_THREADS: 4
  MKL_NUM_THREADS: 4
  OPENBLAS_NUM_THREADS: 4
  GitHub runner OS: Linux
  GitHub runner architecture: X64
  GitHub runner environment: github-hosted
PPO n_steps: 2,048
PPO batch_size: 512
PPO n_epochs: 5
PPO learning_rate: 0.0003
PPO clip_range: 0.2
PPO ent_coef: 0.01
PPO gamma: 0.995
PPO gae_lambda: 0.95
PPO target_kl: disabled
PPO gradient batches per rollout: 240
VecCheckNan: disabled
Freeze action layout: enabled
Empire territory: enabled
Torch threads per process: 4
Diagnostics: disabled
Wall-clock training limit: disabled
Run ID: seed120-default-blue_dragon-30100077957-1
============================================================

Logging to /home/runner/work/Disciples2-RL/Disciples2-RL/github_experiments/120/default/blue_dragon/seed120-default-blue_dragon-30100077957-1/tensorboard/MaskablePPO_1
---------------------------------
| rollout/           |          |
|    ep_len_mean     | 1.24e+03 |
|    ep_rew_mean     | 178      |
| time/              |          |
|    fps             | 359      |
|    iterations      | 1        |
|    time_elapsed    | 68       |
|    total_timesteps | 24576    |
---------------------------------
-----------------------------------------
| rollout/                |             |
|    ep_len_mean          | 1.46e+03    |
|    ep_rew_mean          | 158         |
| time/                   |             |
|    fps                  | 350         |
|    iterations           | 2           |
|    time_elapsed         | 140         |
|    total_timesteps      | 49152       |
| train/                  |             |
|    approx_kl            | 0.008323818 |
|    clip_fraction        | 0.0584      |
|    clip_range           | 0.2         |
|    entropy_loss         | -2.23       |
|    explained_variance   | 0.203       |
|    learning_rate        | 0.0003      |
|    loss                 | 0.0463      |
|    n_updates            | 5           |
|    policy_gradient_loss | -0.0061     |
|    value_loss           | 0.173       |
-----------------------------------------
-----------------------------------------
| rollout/                |             |
|    ep_len_mean          | 1.92e+03    |
|    ep_rew_mean          | 111         |
| time/                   |             |
|    fps                  | 350         |
|    iterations           | 3           |
|    time_elapsed         | 210         |
|    total_timesteps      | 73728       |
| train/                  |             |
|    approx_kl            | 0.008059251 |
|    clip_fraction        | 0.041       |
|    clip_range           | 0.2         |
|    entropy_loss         | -2.15       |
|    explained_variance   | 0.373       |
|    learning_rate        | 0.0003      |
|    loss                 | 0.0768      |
|    n_updates            | 10          |
|    policy_gradient_loss | -0.00404    |
|    value_loss           | 0.294       |
-----------------------------------------
------------------------------------------
| rollout/                |              |
|    ep_len_mean          | 1.55e+03     |
|    ep_rew_mean          | 108          |
| time/                   |              |
|    fps                  | 351          |
|    iterations           | 4            |
|    time_elapsed         | 280          |
|    total_timesteps      | 98304        |
| train/                  |              |
|    approx_kl            | 0.0075619346 |
|    clip_fraction        | 0.0622       |
|    clip_range           | 0.2          |
|    entropy_loss         | -2.04        |
|    explained_variance   | 0.679        |
|    learning_rate        | 0.0003       |
|    loss                 | 0.0221       |
|    n_updates            | 15           |
|    policy_gradient_loss | -0.00392     |
|    value_loss           | 0.144        |
------------------------------------------
-----------------------------------------
| rollout/                |             |
|    ep_len_mean          | 1.29e+03    |
|    ep_rew_mean          | 106         |
| time/                   |             |
|    fps                  | 349         |
|    iterations           | 5           |
|    time_elapsed         | 351         |
|    total_timesteps      | 122880      |
| train/                  |             |
|    approx_kl            | 0.008231626 |
|    clip_fraction        | 0.0675      |
|    clip_range           | 0.2         |
|    entropy_loss         | -2.01       |
|    explained_variance   | 0.799       |
|    learning_rate        | 0.0003      |
|    loss                 | 0.138       |
|    n_updates            | 20          |
|    policy_gradient_loss | -0.00381    |
|    value_loss           | 0.251       |
-----------------------------------------
-----------------------------------------
| rollout/                |             |
|    ep_len_mean          | 1.31e+03    |
|    ep_rew_mean          | 99.8        |
| time/                   |             |
|    fps                  | 349         |
|    iterations           | 6           |
|    time_elapsed         | 422         |
|    total_timesteps      | 147456      |
| train/                  |             |
|    approx_kl            | 0.008416283 |
|    clip_fraction        | 0.0509      |
|    clip_range           | 0.2         |
|    entropy_loss         | -1.93       |
|    explained_variance   | 0.854       |
|    learning_rate        | 0.0003      |
|    loss                 | 0.0289      |
|    n_updates            | 25          |
|    policy_gradient_loss | -0.00383    |
|    value_loss           | 0.18        |
-----------------------------------------
-----------------------------------------
| rollout/                |             |
|    ep_len_mean          | 1.27e+03    |
|    ep_rew_mean          | 73.3        |
| time/                   |             |
|    fps                  | 347         |
|    iterations           | 7           |
|    time_elapsed         | 495         |
|    total_timesteps      | 172032      |
| train/                  |             |
|    approx_kl            | 0.008920436 |
|    clip_fraction        | 0.0638      |
|    clip_range           | 0.2         |
|    entropy_loss         | -1.9        |
|    explained_variance   | 0.933       |
|    learning_rate        | 0.0003      |
|    loss                 | -0.00904    |
|    n_updates            | 30          |
|    policy_gradient_loss | -0.00328    |
|    value_loss           | 0.0322      |
-----------------------------------------
------------------------------------------
| rollout/                |              |
|    ep_len_mean          | 585          |
|    ep_rew_mean          | 103          |
| time/                   |              |
|    fps                  | 345          |
|    iterations           | 8            |
|    time_elapsed         | 569          |
|    total_timesteps      | 196608       |
| train/                  |              |
|    approx_kl            | 0.0067472006 |
|    clip_fraction        | 0.0492       |
|    clip_range           | 0.2          |
|    entropy_loss         | -1.95        |
|    explained_variance   | 0.93         |
|    learning_rate        | 0.0003       |
|    loss                 | 0.0185       |
|    n_updates            | 35           |
|    policy_gradient_loss | -0.00483     |
|    value_loss           | 0.152        |
------------------------------------------
------------------------------------------
| rollout/                |              |
|    ep_len_mean          | 285          |
|    ep_rew_mean          | 125          |
| time/                   |              |
|    fps                  | 344          |
|    iterations           | 9            |
|    time_elapsed         | 641          |
|    total_timesteps      | 221184       |
| train/                  |              |
|    approx_kl            | 0.0094117895 |
|    clip_fraction        | 0.074        |
|    clip_range           | 0.2          |
|    entropy_loss         | -1.96        |
|    explained_variance   | 0.921        |
|    learning_rate        | 0.0003       |
|    loss                 | 0.107        |
|    n_updates            | 40           |
|    policy_gradient_loss | -0.00769     |
|    value_loss           | 0.268        |
------------------------------------------
-----------------------------------------
| rollout/                |             |
|    ep_len_mean          | 419         |
|    ep_rew_mean          | 109         |
| time/                   |             |
|    fps                  | 344         |
|    iterations           | 10          |
|    time_elapsed         | 712         |
|    total_timesteps      | 245760      |
| train/                  |             |
|    approx_kl            | 0.010298483 |
|    clip_fraction        | 0.0921      |
|    clip_range           | 0.2         |
|    entropy_loss         | -1.93       |
|    explained_variance   | 0.958       |
|    learning_rate        | 0.0003      |
|    loss                 | 0.0359      |
|    n_updates            | 45          |
|    policy_gradient_loss | -0.00456    |
|    value_loss           | 0.118       |
-----------------------------------------
-----------------------------------------
| rollout/                |             |
|    ep_len_mean          | 539         |
|    ep_rew_mean          | 98.9        |
| time/                   |             |
|    fps                  | 344         |
|    iterations           | 11          |
|    time_elapsed         | 784         |
|    total_timesteps      | 270336      |
| train/                  |             |
|    approx_kl            | 0.011387532 |
|    clip_fraction        | 0.111       |
|    clip_range           | 0.2         |
|    entropy_loss         | -1.98       |
|    explained_variance   | 0.974       |
|    learning_rate        | 0.0003      |
|    loss                 | 0.0105      |
|    n_updates            | 50          |
|    policy_gradient_loss | -0.00553    |
|    value_loss           | 0.0874      |
-----------------------------------------
-----------------------------------------
| rollout/                |             |
|    ep_len_mean          | 440         |
|    ep_rew_mean          | 108         |
| time/                   |             |
|    fps                  | 344         |
|    iterations           | 12          |
|    time_elapsed         | 856         |
|    total_timesteps      | 294912      |
| train/                  |             |
|    approx_kl            | 0.010326562 |
|    clip_fraction        | 0.101       |
|    clip_range           | 0.2         |
|    entropy_loss         | -2.02       |
|    explained_variance   | 0.978       |
|    learning_rate        | 0.0003      |
|    loss                 | -0.0054     |
|    n_updates            | 55          |
|    policy_gradient_loss | -0.00673    |
|    value_loss           | 0.0762      |
-----------------------------------------
-----------------------------------------
| rollout/                |             |
|    ep_len_mean          | 255         |
|    ep_rew_mean          | 118         |
| time/                   |             |
|    fps                  | 343         |
|    iterations           | 13          |
|    time_elapsed         | 930         |
|    total_timesteps      | 319488      |
| train/                  |             |
|    approx_kl            | 0.009984094 |
|    clip_fraction        | 0.0838      |
|    clip_range           | 0.2         |
|    entropy_loss         | -2.03       |
|    explained_variance   | 0.985       |
|    learning_rate        | 0.0003      |
|    loss                 | 0.0198      |
|    n_updates            | 60          |
|    policy_gradient_loss | -0.00569    |
|    value_loss           | 0.081       |
-----------------------------------------
----------------------------------------
| rollout/                |            |
|    ep_len_mean          | 78.5       |
|    ep_rew_mean          | 123        |
| time/                   |            |
|    fps                  | 342        |
|    iterations           | 14         |
|    time_elapsed         | 1004       |
|    total_timesteps      | 344064     |
| train/                  |            |
|    approx_kl            | 0.00857415 |
|    clip_fraction        | 0.0768     |
|    clip_range           | 0.2        |
|    entropy_loss         | -1.9       |
|    explained_variance   | 0.984      |
|    learning_rate        | 0.0003     |
|    loss                 | 0.0167     |
|    n_updates            | 65         |
|    policy_gradient_loss | -0.00628   |
|    value_loss           | 0.11       |
----------------------------------------
-----------------------------------------
| rollout/                |             |
|    ep_len_mean          | 163         |
|    ep_rew_mean          | 117         |
| time/                   |             |
|    fps                  | 342         |
|    iterations           | 15          |
|    time_elapsed         | 1075        |
|    total_timesteps      | 368640      |
| train/                  |             |
|    approx_kl            | 0.008910545 |
|    clip_fraction        | 0.101       |
|    clip_range           | 0.2         |
|    entropy_loss         | -1.75       |
|    explained_variance   | 0.989       |
|    learning_rate        | 0.0003      |
|    loss                 | 0.0271      |
|    n_updates            | 70          |
|    policy_gradient_loss | -0.00686    |
|    value_loss           | 0.0876      |
-----------------------------------------
-----------------------------------------
| rollout/                |             |
|    ep_len_mean          | 159         |
|    ep_rew_mean          | 117         |
| time/                   |             |
|    fps                  | 342         |
|    iterations           | 16          |
|    time_elapsed         | 1148        |
|    total_timesteps      | 393216      |
| train/                  |             |
|    approx_kl            | 0.009689231 |
|    clip_fraction        | 0.104       |
|    clip_range           | 0.2         |
|    entropy_loss         | -1.67       |
|    explained_variance   | 0.993       |
|    learning_rate        | 0.0003      |
|    loss                 | -0.00217    |
|    n_updates            | 75          |
|    policy_gradient_loss | -0.00695    |
|    value_loss           | 0.05        |
-----------------------------------------
-----------------------------------------
| rollout/                |             |
|    ep_len_mean          | 57.8        |
|    ep_rew_mean          | 120         |
| time/                   |             |
|    fps                  | 342         |
|    iterations           | 17          |
|    time_elapsed         | 1220        |
|    total_timesteps      | 417792      |
| train/                  |             |
|    approx_kl            | 0.010898954 |
|    clip_fraction        | 0.116       |
|    clip_range           | 0.2         |
|    entropy_loss         | -1.6        |
|    explained_variance   | 0.991       |
|    learning_rate        | 0.0003      |
|    loss                 | -0.00403    |
|    n_updates            | 80          |
|    policy_gradient_loss | -0.00704    |
|    value_loss           | 0.0567      |
-----------------------------------------
-----------------------------------------
| rollout/                |             |
|    ep_len_mean          | 103         |
|    ep_rew_mean          | 119         |
| time/                   |             |
|    fps                  | 341         |
|    iterations           | 18          |
|    time_elapsed         | 1294        |
|    total_timesteps      | 442368      |
| train/                  |             |
|    approx_kl            | 0.009731315 |
|    clip_fraction        | 0.132       |
|    clip_range           | 0.2         |
|    entropy_loss         | -1.5        |
|    explained_variance   | 0.989       |
|    learning_rate        | 0.0003      |
|    loss                 | 0.0076      |
|    n_updates            | 85          |
|    policy_gradient_loss | -0.00836    |
|    value_loss           | 0.0449      |
-----------------------------------------
-----------------------------------------
| rollout/                |             |
|    ep_len_mean          | 51.9        |
|    ep_rew_mean          | 120         |
| time/                   |             |
|    fps                  | 341         |
|    iterations           | 19          |
|    time_elapsed         | 1366        |
|    total_timesteps      | 466944      |
| train/                  |             |
|    approx_kl            | 0.009230203 |
|    clip_fraction        | 0.0887      |
|    clip_range           | 0.2         |
|    entropy_loss         | -1.64       |
|    explained_variance   | 0.991       |
|    learning_rate        | 0.0003      |
|    loss                 | 0.00691     |
|    n_updates            | 90          |
|    policy_gradient_loss | -0.00497    |
|    value_loss           | 0.0588      |
-----------------------------------------
-----------------------------------------
| rollout/                |             |
|    ep_len_mean          | 51.8        |
|    ep_rew_mean          | 121         |
| time/                   |             |
|    fps                  | 341         |
|    iterations           | 20          |
|    time_elapsed         | 1440        |
|    total_timesteps      | 491520      |
| train/                  |             |
|    approx_kl            | 0.007900068 |
|    clip_fraction        | 0.101       |
|    clip_range           | 0.2         |
|    entropy_loss         | -1.33       |
|    explained_variance   | 0.996       |
|    learning_rate        | 0.0003      |
|    loss                 | -0.023      |
|    n_updates            | 95          |
|    policy_gradient_loss | -0.0102     |
|    value_loss           | 0.0153      |
-----------------------------------------
[Checkpoint] Saved at 500000 steps > /home/runner/work/Disciples2-RL/Disciples2-RL/github_experiments/120/default/blue_dragon/seed120-default-blue_dragon-30100077957-1/checkpoints/campaign_ppo_step_500000.zip
------------------------------------------
| rollout/                |              |
|    ep_len_mean          | 47.5         |
|    ep_rew_mean          | 122          |
| time/                   |              |
|    fps                  | 340          |
|    iterations           | 21           |
|    time_elapsed         | 1513         |
|    total_timesteps      | 516096       |
| train/                  |              |
|    approx_kl            | 0.0099661285 |
|    clip_fraction        | 0.124        |
|    clip_range           | 0.2          |
|    entropy_loss         | -1.11        |
|    explained_variance   | 0.99         |
|    learning_rate        | 0.0003       |
|    loss                 | -0.0191      |
|    n_updates            | 100          |
|    policy_gradient_loss | -0.0114      |
|    value_loss           | 0.0138       |
------------------------------------------
-----------------------------------------
| rollout/                |             |
|    ep_len_mean          | 46.6        |
|    ep_rew_mean          | 122         |
| time/                   |             |
|    fps                  | 340         |
|    iterations           | 22          |
|    time_elapsed         | 1587        |
|    total_timesteps      | 540672      |
| train/                  |             |
|    approx_kl            | 0.007648936 |
|    clip_fraction        | 0.0856      |
|    clip_range           | 0.2         |
|    entropy_loss         | -1.13       |
|    explained_variance   | 0.81        |
|    learning_rate        | 0.0003      |
|    loss                 | 0.00446     |
|    n_updates            | 105         |
|    policy_gradient_loss | -0.00578    |
|    value_loss           | 0.026       |
-----------------------------------------
-----------------------------------------
| rollout/                |             |
|    ep_len_mean          | 44.9        |
|    ep_rew_mean          | 123         |
| time/                   |             |
|    fps                  | 340         |
|    iterations           | 23          |
|    time_elapsed         | 1660        |
|    total_timesteps      | 565248      |
| train/                  |             |
|    approx_kl            | 0.015059042 |
|    clip_fraction        | 0.141       |
|    clip_range           | 0.2         |
|    entropy_loss         | -0.932      |
|    explained_variance   | 0.981       |
|    learning_rate        | 0.0003      |
|    loss                 | -0.0115     |
|    n_updates            | 110         |
|    policy_gradient_loss | -0.0128     |
|    value_loss           | 0.00512     |
-----------------------------------------
-----------------------------------------
| rollout/                |             |
|    ep_len_mean          | 43.9        |
|    ep_rew_mean          | 124         |
| time/                   |             |
|    fps                  | 340         |
|    iterations           | 24          |
|    time_elapsed         | 1732        |
|    total_timesteps      | 589824      |
| train/                  |             |
|    approx_kl            | 0.007877484 |
|    clip_fraction        | 0.0924      |
|    clip_range           | 0.2         |
|    entropy_loss         | -0.728      |
|    explained_variance   | 0.934       |
|    learning_rate        | 0.0003      |
|    loss                 | -0.022      |
|    n_updates            | 115         |
|    policy_gradient_loss | -0.0135     |
|    value_loss           | 0.00447     |
-----------------------------------------
-----------------------------------------
| rollout/                |             |
|    ep_len_mean          | 43.4        |
|    ep_rew_mean          | 124         |
| time/                   |             |
|    fps                  | 339         |
|    iterations           | 25          |
|    time_elapsed         | 1807        |
|    total_timesteps      | 614400      |
| train/                  |             |
|    approx_kl            | 0.008513679 |
|    clip_fraction        | 0.0874      |
|    clip_range           | 0.2         |
|    entropy_loss         | -0.627      |
|    explained_variance   | 0.781       |
|    learning_rate        | 0.0003      |
|    loss                 | -0.0154     |
|    n_updates            | 120         |
|    policy_gradient_loss | -0.0119     |
|    value_loss           | 0.00299     |
-----------------------------------------
-----------------------------------------
| rollout/                |             |
|    ep_len_mean          | 42.7        |
|    ep_rew_mean          | 124         |
| time/                   |             |
|    fps                  | 339         |
|    iterations           | 26          |
|    time_elapsed         | 1879        |
|    total_timesteps      | 638976      |
| train/                  |             |
|    approx_kl            | 0.008028048 |
|    clip_fraction        | 0.0771      |
|    clip_range           | 0.2         |
|    entropy_loss         | -0.532      |
|    explained_variance   | 0.848       |
|    learning_rate        | 0.0003      |
|    loss                 | -0.0192     |
|    n_updates            | 125         |
|    policy_gradient_loss | -0.0097     |
|    value_loss           | 0.00239     |
-----------------------------------------
------------------------------------------
| rollout/                |              |
|    ep_len_mean          | 41.9         |
|    ep_rew_mean          | 124          |
| time/                   |              |
|    fps                  | 339          |
|    iterations           | 27           |
|    time_elapsed         | 1953         |
|    total_timesteps      | 663552       |
| train/                  |              |
|    approx_kl            | 0.0041818297 |
|    clip_fraction        | 0.0499       |
|    clip_range           | 0.2          |
|    entropy_loss         | -0.497       |
|    explained_variance   | 0.829        |
|    learning_rate        | 0.0003       |
|    loss                 | -0.0126      |
|    n_updates            | 130          |
|    policy_gradient_loss | -0.0056      |
|    value_loss           | 0.00312      |
------------------------------------------
------------------------------------------
| rollout/                |              |
|    ep_len_mean          | 42.5         |
|    ep_rew_mean          | 125          |
| time/                   |              |
|    fps                  | 339          |
|    iterations           | 28           |
|    time_elapsed         | 2029         |
|    total_timesteps      | 688128       |
| train/                  |              |
|    approx_kl            | 0.0045256056 |
|    clip_fraction        | 0.0505       |
|    clip_range           | 0.2          |
|    entropy_loss         | -0.472       |
|    explained_variance   | 0.811        |
|    learning_rate        | 0.0003       |
|    loss                 | -0.00582     |
|    n_updates            | 135          |
|    policy_gradient_loss | -0.0046      |
|    value_loss           | 0.00221      |
------------------------------------------
------------------------------------------
| rollout/                |              |
|    ep_len_mean          | 41.4         |
|    ep_rew_mean          | 124          |
| time/                   |              |
|    fps                  | 338          |
|    iterations           | 29           |
|    time_elapsed         | 2104         |
|    total_timesteps      | 712704       |
| train/                  |              |
|    approx_kl            | 0.0034783136 |
|    clip_fraction        | 0.0363       |
|    clip_range           | 0.2          |
|    entropy_loss         | -0.475       |
|    explained_variance   | 0.74         |
|    learning_rate        | 0.0003       |
|    loss                 | -0.0157      |
|    n_updates            | 140          |
|    policy_gradient_loss | -0.00458     |
|    value_loss           | 0.00419      |
------------------------------------------
-----------------------------------------
| rollout/                |             |
|    ep_len_mean          | 41.5        |
|    ep_rew_mean          | 124         |
| time/                   |             |
|    fps                  | 338         |
|    iterations           | 30          |
|    time_elapsed         | 2176        |
|    total_timesteps      | 737280      |
| train/                  |             |
|    approx_kl            | 0.005468221 |
|    clip_fraction        | 0.0446      |
|    clip_range           | 0.2         |
|    entropy_loss         | -0.404      |
|    explained_variance   | 0.843       |
|    learning_rate        | 0.0003      |
|    loss                 | -0.0143     |
|    n_updates            | 145         |
|    policy_gradient_loss | -0.00398    |
|    value_loss           | 0.00202     |
-----------------------------------------
------------------------------------------
| rollout/                |              |
|    ep_len_mean          | 42.1         |
|    ep_rew_mean          | 125          |
| time/                   |              |
|    fps                  | 338          |
|    iterations           | 31           |
|    time_elapsed         | 2248         |
|    total_timesteps      | 761856       |
| train/                  |              |
|    approx_kl            | 0.0029620843 |
|    clip_fraction        | 0.0334       |
|    clip_range           | 0.2          |
|    entropy_loss         | -0.391       |
|    explained_variance   | 0.832        |
|    learning_rate        | 0.0003       |
|    loss                 | -0.00877     |
|    n_updates            | 150          |
|    policy_gradient_loss | -0.00415     |
|    value_loss           | 0.00219      |
------------------------------------------
------------------------------------------
| rollout/                |              |
|    ep_len_mean          | 41.8         |
|    ep_rew_mean          | 125          |
| time/                   |              |
|    fps                  | 338          |
|    iterations           | 32           |
|    time_elapsed         | 2320         |
|    total_timesteps      | 786432       |
| train/                  |              |
|    approx_kl            | 0.0032700275 |
|    clip_fraction        | 0.0326       |
|    clip_range           | 0.2          |
|    entropy_loss         | -0.369       |
|    explained_variance   | 0.858        |
|    learning_rate        | 0.0003       |
|    loss                 | -0.00478     |
|    n_updates            | 155          |
|    policy_gradient_loss | -0.00386     |
|    value_loss           | 0.00204      |
------------------------------------------
-----------------------------------------
| rollout/                |             |
|    ep_len_mean          | 41.6        |
|    ep_rew_mean          | 125         |
| time/                   |             |
|    fps                  | 338         |
|    iterations           | 33          |
|    time_elapsed         | 2393        |
|    total_timesteps      | 811008      |
| train/                  |             |
|    approx_kl            | 0.004051708 |
|    clip_fraction        | 0.0356      |
|    clip_range           | 0.2         |
|    entropy_loss         | -0.363      |
|    explained_variance   | 0.882       |
|    learning_rate        | 0.0003      |
|    loss                 | -0.00176    |
|    n_updates            | 160         |
|    policy_gradient_loss | -0.00308    |
|    value_loss           | 0.00177     |
-----------------------------------------
---------------------------------------
| rollout/                |           |
|    ep_len_mean          | 41.6      |
|    ep_rew_mean          | 125       |
| time/                   |           |
|    fps                  | 339       |
|    iterations           | 34        |
|    time_elapsed         | 2462      |
|    total_timesteps      | 835584    |
| train/                  |           |
|    approx_kl            | 0.0049287 |
|    clip_fraction        | 0.0409    |
|    clip_range           | 0.2       |
|    entropy_loss         | -0.355    |
|    explained_variance   | 0.872     |
|    learning_rate        | 0.0003    |
|    loss                 | -0.0121   |
|    n_updates            | 165       |
|    policy_gradient_loss | -0.00501  |
|    value_loss           | 0.00186   |
---------------------------------------
-----------------------------------------
| rollout/                |             |
|    ep_len_mean          | 42.2        |
|    ep_rew_mean          | 125         |
| time/                   |             |
|    fps                  | 339         |
|    iterations           | 35          |
|    time_elapsed         | 2535        |
|    total_timesteps      | 860160      |
| train/                  |             |
|    approx_kl            | 0.003904132 |
|    clip_fraction        | 0.0435      |
|    clip_range           | 0.2         |
|    entropy_loss         | -0.35       |
|    explained_variance   | 0.854       |
|    learning_rate        | 0.0003      |
|    loss                 | -0.00822    |
|    n_updates            | 170         |
|    policy_gradient_loss | -0.00489    |
|    value_loss           | 0.00209     |
-----------------------------------------
----------------------------------------
| rollout/                |            |
|    ep_len_mean          | 42.5       |
|    ep_rew_mean          | 126        |
| time/                   |            |
|    fps                  | 339        |
|    iterations           | 36         |
|    time_elapsed         | 2608       |
|    total_timesteps      | 884736     |
| train/                  |            |
|    approx_kl            | 0.01049802 |
|    clip_fraction        | 0.0798     |
|    clip_range           | 0.2        |
|    entropy_loss         | -0.395     |
|    explained_variance   | 0.689      |
|    learning_rate        | 0.0003     |
|    loss                 | -0.0129    |
|    n_updates            | 175        |
|    policy_gradient_loss | -0.011     |
|    value_loss           | 0.00472    |
----------------------------------------
------------------------------------------
| rollout/                |              |
|    ep_len_mean          | 43.2         |
|    ep_rew_mean          | 128          |
| time/                   |              |
|    fps                  | 339          |
|    iterations           | 37           |
|    time_elapsed         | 2681         |
|    total_timesteps      | 909312       |
| train/                  |              |
|    approx_kl            | 0.0131014995 |
|    clip_fraction        | 0.0617       |
|    clip_range           | 0.2          |
|    entropy_loss         | -0.368       |
|    explained_variance   | 0.738        |
|    learning_rate        | 0.0003       |
|    loss                 | -0.00897     |
|    n_updates            | 180          |
|    policy_gradient_loss | -0.0111      |
|    value_loss           | 0.00476      |
------------------------------------------
-----------------------------------------
| rollout/                |             |
|    ep_len_mean          | 43.8        |
|    ep_rew_mean          | 129         |
| time/                   |             |
|    fps                  | 339         |
|    iterations           | 38          |
|    time_elapsed         | 2754        |
|    total_timesteps      | 933888      |
| train/                  |             |
|    approx_kl            | 0.004591582 |
|    clip_fraction        | 0.0644      |
|    clip_range           | 0.2         |
|    entropy_loss         | -0.361      |
|    explained_variance   | 0.777       |
|    learning_rate        | 0.0003      |
|    loss                 | -0.0123     |
|    n_updates            | 185         |
|    policy_gradient_loss | -0.00965    |
|    value_loss           | 0.00442     |
-----------------------------------------
------------------------------------------
| rollout/                |              |
|    ep_len_mean          | 47.7         |
|    ep_rew_mean          | 132          |
| time/                   |              |
|    fps                  | 338          |
|    iterations           | 39           |
|    time_elapsed         | 2827         |
|    total_timesteps      | 958464       |
| train/                  |              |
|    approx_kl            | 0.0048518493 |
|    clip_fraction        | 0.0654       |
|    clip_range           | 0.2          |
|    entropy_loss         | -0.367       |
|    explained_variance   | 0.772        |
|    learning_rate        | 0.0003       |
|    loss                 | -0.00868     |
|    n_updates            | 190          |
|    policy_gradient_loss | -0.00925     |
|    value_loss           | 0.00489      |
------------------------------------------
-----------------------------------------
| rollout/                |             |
|    ep_len_mean          | 47.1        |
|    ep_rew_mean          | 132         |
| time/                   |             |
|    fps                  | 338         |
|    iterations           | 40          |
|    time_elapsed         | 2901        |
|    total_timesteps      | 983040      |
| train/                  |             |
|    approx_kl            | 0.004707767 |
|    clip_fraction        | 0.0644      |
|    clip_range           | 0.2         |
|    entropy_loss         | -0.429      |
|    explained_variance   | 0.93        |
|    learning_rate        | 0.0003      |
|    loss                 | -0.0036     |
|    n_updates            | 195         |
|    policy_gradient_loss | -0.00632    |
|    value_loss           | 0.00638     |
-----------------------------------------
[Checkpoint] Saved at 1000000 steps > /home/runner/work/Disciples2-RL/Disciples2-RL/github_experiments/120/default/blue_dragon/seed120-default-blue_dragon-30100077957-1/checkpoints/campaign_ppo_step_1000000.zip
Eval num_timesteps=1000008, det_reward=135.82 +/- 0.01
Episode length: det=48.85 +/- 1.19
Victory rate: det=100.00%
--------------------------------------------------
| eval/                           |              |
|    deterministic_mean_ep_length | 48.9         |
|    deterministic_mean_reward    | 136          |
|    deterministic_victory_rate   | 1            |
|    mean_ep_length               | 48.9         |
|    mean_reward                  | 136          |
|    victory_rate                 | 1            |
| time/                           |              |
|    total_timesteps              | 1000008      |
| train/                          |              |
|    approx_kl                    | 0.0054261647 |
|    clip_fraction                | 0.0572       |
|    clip_range                   | 0.2          |
|    entropy_loss                 | -0.489       |
|    explained_variance           | 0.984        |
|    learning_rate                | 0.0003       |
|    loss                         | -0.0143      |
|    n_updates                    | 200          |
|    policy_gradient_loss         | -0.00439     |
|    value_loss                   | 0.00432      |
--------------------------------------------------
New best model by deterministic victory rate!
---------------------------------
| rollout/           |          |
|    ep_len_mean     | 47.1     |
|    ep_rew_mean     | 132      |
| time/              |          |
|    fps             | 337      |
|    iterations      | 41       |
|    time_elapsed    | 2981     |
|    total_timesteps | 1007616  |
---------------------------------
VecNormalize stats saved: /home/runner/work/Disciples2-RL/Disciples2-RL/github_experiments/120/default/blue_dragon/seed120-default-blue_dragon-30100077957-1/models/vecnormalize.pkl

Финальная модель сохранена: /home/runner/work/Disciples2-RL/Disciples2-RL/github_experiments/120/default/blue_dragon/seed120-default-blue_dragon-30100077957-1/models/final_model.zip

============================================================
ИТОГИ ОБУЧЕНИЯ:
  Побед: 14289
  Поражений: 1
  Таймаутов: 46
  Побед бота столицы над врагами: 0
  Перестановок юнитов: 120020
  Терминальные поражения по противникам:
    enemy_75: 1 — Страж столицы Империи: Мизраэль
  Winrate: 99.7%
============================================================
  График призывов за эпизод: /home/runner/work/Disciples2-RL/Disciples2-RL/github_experiments/120/default/blue_dragon/seed120-default-blue_dragon-30100077957-1/plots/campaign_summoned_units_per_episode.png
  График призывов за всё обучение: /home/runner/work/Disciples2-RL/Disciples2-RL/github_experiments/120/default/blue_dragon/seed120-default-blue_dragon-30100077957-1/plots/campaign_summoned_units_cumulative.png
  График найма за эпизод: /home/runner/work/Disciples2-RL/Disciples2-RL/github_experiments/120/default/blue_dragon/seed120-default-blue_dragon-30100077957-1/plots/campaign_hired_units_per_episode.png
  График найма за всё обучение: /home/runner/work/Disciples2-RL/Disciples2-RL/github_experiments/120/default/blue_dragon/seed120-default-blue_dragon-30100077957-1/plots/campaign_hired_units_cumulative.png
  График перестановок юнитов за эпизод: /home/runner/work/Disciples2-RL/Disciples2-RL/github_experiments/120/default/blue_dragon/seed120-default-blue_dragon-30100077957-1/plots/campaign_unit_swaps_per_episode.png
  График боевых предметов: /home/runner/work/Disciples2-RL/Disciples2-RL/github_experiments/120/default/blue_dragon/seed120-default-blue_dragon-30100077957-1/plots/campaign_battle_item_activity.png
  График побед бота столицы за эпизод: /home/runner/work/Disciples2-RL/Disciples2-RL/github_experiments/120/default/blue_dragon/seed120-default-blue_dragon-30100077957-1/plots/campaign_scripted_bot_victories_per_episode.png
  График применения заклинаний: /home/runner/work/Disciples2-RL/Disciples2-RL/github_experiments/120/default/blue_dragon/seed120-default-blue_dragon-30100077957-1/plots/campaign_spell_cast_activity.png
