Проверка среды CampaignEnv...
Среда прошла проверку!
[INFO] Comet disabled, running without experiment tracking
Создание 12 параллельных сред (subproc)...
Инициализация MaskablePPO...
Using cpu device

============================================================
Запуск обучения Campaign Agent
Всего шагов: 1,000,000
Параллельных сред: 12
VecEnv: subproc
VecEnv start method: forkserver
Seed: 110
Checkpoint каждые: 500,000 шагов
Evaluation каждые: 83,334 шагов
Eval deterministic эпизодов: 20
Eval stochastic эпизодов: 0
Eval лимит шагов на эпизод: 5000
Campaign map: small
Campaign objective: blue_dragon
System resources at training start:
  Platform: Linux 6.17.0-1020-azure (x86_64)
  Python: 3.14.6
  PyTorch: 2.13.0+cpu
  Training device: cpu
  CPU model: AMD EPYC 7763 64-Core Processor
  CPU vendor: AuthenticAMD
  Logical CPUs visible: 4
  Process CPU affinity: 4
  Sockets: 1
  Cores per socket: 2
  Threads per core: 2
  CPU max MHz: unknown
  CPU min MHz: unknown
  L1d cache: 64 KiB (2 instances)
  L1i cache: 64 KiB (2 instances)
  L2 cache: 1 MiB (2 instances)
  L3 cache: 32 MiB (1 instance)
  Virtualization: AMD-V
  Hypervisor: Microsoft
  RAM total: 15.61 GiB
  RAM available at start: 13.93 GiB
  Disk total: 144.26 GiB
  Disk free at start: 85.55 GiB
  Torch intra-op threads: 4
  Torch inter-op threads: 2
  OMP_NUM_THREADS: 4
  MKL_NUM_THREADS: 4
  OPENBLAS_NUM_THREADS: 4
  GitHub runner OS: Linux
  GitHub runner architecture: X64
  GitHub runner environment: github-hosted
PPO n_steps: 2,048
PPO batch_size: 512
PPO n_epochs: 5
PPO learning_rate: 0.0003
PPO clip_range: 0.2
PPO ent_coef: 0.01
PPO gamma: 0.995
PPO gae_lambda: 0.95
PPO target_kl: disabled
PPO gradient batches per rollout: 240
VecCheckNan: disabled
Freeze action layout: enabled
Empire territory: enabled
Torch threads per process: 4
Diagnostics: disabled
Wall-clock training limit: disabled
Run ID: seed110-blue_dragon-29560187523-1
============================================================

Logging to /home/runner/work/Disciples2-RL/Disciples2-RL/github_experiments/110/blue_dragon/seed110-blue_dragon-29560187523-1/tensorboard/MaskablePPO_1
---------------------------------
| rollout/           |          |
|    ep_len_mean     | 121      |
|    ep_rew_mean     | -6.09    |
| time/              |          |
|    fps             | 472      |
|    iterations      | 1        |
|    time_elapsed    | 52       |
|    total_timesteps | 24576    |
---------------------------------
-----------------------------------------
| rollout/                |             |
|    ep_len_mean          | 132         |
|    ep_rew_mean          | -3.49       |
| time/                   |             |
|    fps                  | 453         |
|    iterations           | 2           |
|    time_elapsed         | 108         |
|    total_timesteps      | 49152       |
| train/                  |             |
|    approx_kl            | 0.011001195 |
|    clip_fraction        | 0.0951      |
|    clip_range           | 0.2         |
|    entropy_loss         | -2.21       |
|    explained_variance   | 0.0432      |
|    learning_rate        | 0.0003      |
|    loss                 | 0.166       |
|    n_updates            | 5           |
|    policy_gradient_loss | -0.00862    |
|    value_loss           | 0.568       |
-----------------------------------------
-----------------------------------------
| rollout/                |             |
|    ep_len_mean          | 190         |
|    ep_rew_mean          | -6.8        |
| time/                   |             |
|    fps                  | 447         |
|    iterations           | 3           |
|    time_elapsed         | 164         |
|    total_timesteps      | 73728       |
| train/                  |             |
|    approx_kl            | 0.010791692 |
|    clip_fraction        | 0.111       |
|    clip_range           | 0.2         |
|    entropy_loss         | -2.13       |
|    explained_variance   | 0.52        |
|    learning_rate        | 0.0003      |
|    loss                 | 0.101       |
|    n_updates            | 10          |
|    policy_gradient_loss | -0.0115     |
|    value_loss           | 0.323       |
-----------------------------------------
------------------------------------------
| rollout/                |              |
|    ep_len_mean          | 249          |
|    ep_rew_mean          | -6.63        |
| time/                   |              |
|    fps                  | 440          |
|    iterations           | 4            |
|    time_elapsed         | 223          |
|    total_timesteps      | 98304        |
| train/                  |              |
|    approx_kl            | 0.0109331915 |
|    clip_fraction        | 0.126        |
|    clip_range           | 0.2          |
|    entropy_loss         | -2.07        |
|    explained_variance   | 0.735        |
|    learning_rate        | 0.0003       |
|    loss                 | 0.0523       |
|    n_updates            | 15           |
|    policy_gradient_loss | -0.0103      |
|    value_loss           | 0.171        |
------------------------------------------
-----------------------------------------
| rollout/                |             |
|    ep_len_mean          | 255         |
|    ep_rew_mean          | -1          |
| time/                   |             |
|    fps                  | 431         |
|    iterations           | 5           |
|    time_elapsed         | 285         |
|    total_timesteps      | 122880      |
| train/                  |             |
|    approx_kl            | 0.010091203 |
|    clip_fraction        | 0.102       |
|    clip_range           | 0.2         |
|    entropy_loss         | -2.06       |
|    explained_variance   | 0.831       |
|    learning_rate        | 0.0003      |
|    loss                 | 0.0286      |
|    n_updates            | 20          |
|    policy_gradient_loss | -0.009      |
|    value_loss           | 0.119       |
-----------------------------------------
----------------------------------------
| rollout/                |            |
|    ep_len_mean          | 254        |
|    ep_rew_mean          | 3.74       |
| time/                   |            |
|    fps                  | 424        |
|    iterations           | 6          |
|    time_elapsed         | 347        |
|    total_timesteps      | 147456     |
| train/                  |            |
|    approx_kl            | 0.00948919 |
|    clip_fraction        | 0.106      |
|    clip_range           | 0.2        |
|    entropy_loss         | -2.06      |
|    explained_variance   | 0.826      |
|    learning_rate        | 0.0003     |
|    loss                 | 0.021      |
|    n_updates            | 25         |
|    policy_gradient_loss | -0.00994   |
|    value_loss           | 0.103      |
----------------------------------------
-----------------------------------------
| rollout/                |             |
|    ep_len_mean          | 228         |
|    ep_rew_mean          | 6.98        |
| time/                   |             |
|    fps                  | 422         |
|    iterations           | 7           |
|    time_elapsed         | 407         |
|    total_timesteps      | 172032      |
| train/                  |             |
|    approx_kl            | 0.009444473 |
|    clip_fraction        | 0.103       |
|    clip_range           | 0.2         |
|    entropy_loss         | -2.04       |
|    explained_variance   | 0.819       |
|    learning_rate        | 0.0003      |
|    loss                 | 0.000545    |
|    n_updates            | 30          |
|    policy_gradient_loss | -0.00902    |
|    value_loss           | 0.0781      |
-----------------------------------------
-----------------------------------------
| rollout/                |             |
|    ep_len_mean          | 224         |
|    ep_rew_mean          | 5.53        |
| time/                   |             |
|    fps                  | 422         |
|    iterations           | 8           |
|    time_elapsed         | 465         |
|    total_timesteps      | 196608      |
| train/                  |             |
|    approx_kl            | 0.009288576 |
|    clip_fraction        | 0.0933      |
|    clip_range           | 0.2         |
|    entropy_loss         | -2.03       |
|    explained_variance   | 0.79        |
|    learning_rate        | 0.0003      |
|    loss                 | 0.00428     |
|    n_updates            | 35          |
|    policy_gradient_loss | -0.00709    |
|    value_loss           | 0.0779      |
-----------------------------------------
-----------------------------------------
| rollout/                |             |
|    ep_len_mean          | 206         |
|    ep_rew_mean          | 10.9        |
| time/                   |             |
|    fps                  | 423         |
|    iterations           | 9           |
|    time_elapsed         | 522         |
|    total_timesteps      | 221184      |
| train/                  |             |
|    approx_kl            | 0.010250521 |
|    clip_fraction        | 0.123       |
|    clip_range           | 0.2         |
|    entropy_loss         | -2.05       |
|    explained_variance   | 0.819       |
|    learning_rate        | 0.0003      |
|    loss                 | -0.00701    |
|    n_updates            | 40          |
|    policy_gradient_loss | -0.00841    |
|    value_loss           | 0.0537      |
-----------------------------------------
-----------------------------------------
| rollout/                |             |
|    ep_len_mean          | 202         |
|    ep_rew_mean          | 12.5        |
| time/                   |             |
|    fps                  | 425         |
|    iterations           | 10          |
|    time_elapsed         | 577         |
|    total_timesteps      | 245760      |
| train/                  |             |
|    approx_kl            | 0.008834414 |
|    clip_fraction        | 0.0944      |
|    clip_range           | 0.2         |
|    entropy_loss         | -1.99       |
|    explained_variance   | 0.768       |
|    learning_rate        | 0.0003      |
|    loss                 | -0.00396    |
|    n_updates            | 45          |
|    policy_gradient_loss | -0.00755    |
|    value_loss           | 0.0876      |
-----------------------------------------
-----------------------------------------
| rollout/                |             |
|    ep_len_mean          | 197         |
|    ep_rew_mean          | 15.8        |
| time/                   |             |
|    fps                  | 427         |
|    iterations           | 11          |
|    time_elapsed         | 632         |
|    total_timesteps      | 270336      |
| train/                  |             |
|    approx_kl            | 0.008487585 |
|    clip_fraction        | 0.0948      |
|    clip_range           | 0.2         |
|    entropy_loss         | -1.92       |
|    explained_variance   | 0.776       |
|    learning_rate        | 0.0003      |
|    loss                 | 0.00359     |
|    n_updates            | 50          |
|    policy_gradient_loss | -0.00821    |
|    value_loss           | 0.0881      |
-----------------------------------------
-----------------------------------------
| rollout/                |             |
|    ep_len_mean          | 194         |
|    ep_rew_mean          | 16.2        |
| time/                   |             |
|    fps                  | 428         |
|    iterations           | 12          |
|    time_elapsed         | 688         |
|    total_timesteps      | 294912      |
| train/                  |             |
|    approx_kl            | 0.008008537 |
|    clip_fraction        | 0.0855      |
|    clip_range           | 0.2         |
|    entropy_loss         | -1.88       |
|    explained_variance   | 0.793       |
|    learning_rate        | 0.0003      |
|    loss                 | 0.0199      |
|    n_updates            | 55          |
|    policy_gradient_loss | -0.00755    |
|    value_loss           | 0.0952      |
-----------------------------------------
------------------------------------------
| rollout/                |              |
|    ep_len_mean          | 192          |
|    ep_rew_mean          | 17.3         |
| time/                   |              |
|    fps                  | 426          |
|    iterations           | 13           |
|    time_elapsed         | 748          |
|    total_timesteps      | 319488       |
| train/                  |              |
|    approx_kl            | 0.0073870993 |
|    clip_fraction        | 0.0712       |
|    clip_range           | 0.2          |
|    entropy_loss         | -1.87        |
|    explained_variance   | 0.822        |
|    learning_rate        | 0.0003       |
|    loss                 | 0.0184       |
|    n_updates            | 60           |
|    policy_gradient_loss | -0.00638     |
|    value_loss           | 0.0944       |
------------------------------------------
-----------------------------------------
| rollout/                |             |
|    ep_len_mean          | 193         |
|    ep_rew_mean          | 19          |
| time/                   |             |
|    fps                  | 426         |
|    iterations           | 14          |
|    time_elapsed         | 807         |
|    total_timesteps      | 344064      |
| train/                  |             |
|    approx_kl            | 0.008390493 |
|    clip_fraction        | 0.0705      |
|    clip_range           | 0.2         |
|    entropy_loss         | -1.87       |
|    explained_variance   | 0.875       |
|    learning_rate        | 0.0003      |
|    loss                 | 0.0148      |
|    n_updates            | 65          |
|    policy_gradient_loss | -0.00616    |
|    value_loss           | 0.0854      |
-----------------------------------------
------------------------------------------
| rollout/                |              |
|    ep_len_mean          | 220          |
|    ep_rew_mean          | 20.3         |
| time/                   |              |
|    fps                  | 425          |
|    iterations           | 15           |
|    time_elapsed         | 865          |
|    total_timesteps      | 368640       |
| train/                  |              |
|    approx_kl            | 0.0073285303 |
|    clip_fraction        | 0.0693       |
|    clip_range           | 0.2          |
|    entropy_loss         | -1.84        |
|    explained_variance   | 0.804        |
|    learning_rate        | 0.0003       |
|    loss                 | 0.0125       |
|    n_updates            | 70           |
|    policy_gradient_loss | -0.00556     |
|    value_loss           | 0.0955       |
------------------------------------------
-----------------------------------------
| rollout/                |             |
|    ep_len_mean          | 210         |
|    ep_rew_mean          | 19.4        |
| time/                   |             |
|    fps                  | 426         |
|    iterations           | 16          |
|    time_elapsed         | 922         |
|    total_timesteps      | 393216      |
| train/                  |             |
|    approx_kl            | 0.008281426 |
|    clip_fraction        | 0.0663      |
|    clip_range           | 0.2         |
|    entropy_loss         | -1.87       |
|    explained_variance   | 0.824       |
|    learning_rate        | 0.0003      |
|    loss                 | 0.0238      |
|    n_updates            | 75          |
|    policy_gradient_loss | -0.00524    |
|    value_loss           | 0.0954      |
-----------------------------------------
------------------------------------------
| rollout/                |              |
|    ep_len_mean          | 229          |
|    ep_rew_mean          | 21.4         |
| time/                   |              |
|    fps                  | 427          |
|    iterations           | 17           |
|    time_elapsed         | 978          |
|    total_timesteps      | 417792       |
| train/                  |              |
|    approx_kl            | 0.0074588466 |
|    clip_fraction        | 0.0744       |
|    clip_range           | 0.2          |
|    entropy_loss         | -1.83        |
|    explained_variance   | 0.797        |
|    learning_rate        | 0.0003       |
|    loss                 | 0.0137       |
|    n_updates            | 80           |
|    policy_gradient_loss | -0.00589     |
|    value_loss           | 0.0919       |
------------------------------------------
------------------------------------------
| rollout/                |              |
|    ep_len_mean          | 276          |
|    ep_rew_mean          | 25.9         |
| time/                   |              |
|    fps                  | 427          |
|    iterations           | 18           |
|    time_elapsed         | 1035         |
|    total_timesteps      | 442368       |
| train/                  |              |
|    approx_kl            | 0.0070535685 |
|    clip_fraction        | 0.0665       |
|    clip_range           | 0.2          |
|    entropy_loss         | -1.88        |
|    explained_variance   | 0.825        |
|    learning_rate        | 0.0003       |
|    loss                 | 0.00663      |
|    n_updates            | 85           |
|    policy_gradient_loss | -0.00519     |
|    value_loss           | 0.0822       |
------------------------------------------
-----------------------------------------
| rollout/                |             |
|    ep_len_mean          | 228         |
|    ep_rew_mean          | 24          |
| time/                   |             |
|    fps                  | 428         |
|    iterations           | 19          |
|    time_elapsed         | 1089        |
|    total_timesteps      | 466944      |
| train/                  |             |
|    approx_kl            | 0.006194876 |
|    clip_fraction        | 0.0615      |
|    clip_range           | 0.2         |
|    entropy_loss         | -1.86       |
|    explained_variance   | 0.804       |
|    learning_rate        | 0.0003      |
|    loss                 | 0.0161      |
|    n_updates            | 90          |
|    policy_gradient_loss | -0.00484    |
|    value_loss           | 0.1         |
-----------------------------------------
-----------------------------------------
| rollout/                |             |
|    ep_len_mean          | 236         |
|    ep_rew_mean          | 27.2        |
| time/                   |             |
|    fps                  | 428         |
|    iterations           | 20          |
|    time_elapsed         | 1146        |
|    total_timesteps      | 491520      |
| train/                  |             |
|    approx_kl            | 0.006980454 |
|    clip_fraction        | 0.0644      |
|    clip_range           | 0.2         |
|    entropy_loss         | -1.86       |
|    explained_variance   | 0.799       |
|    learning_rate        | 0.0003      |
|    loss                 | 0.00774     |
|    n_updates            | 95          |
|    policy_gradient_loss | -0.00414    |
|    value_loss           | 0.0891      |
-----------------------------------------
[Checkpoint] Saved at 500000 steps > /home/runner/work/Disciples2-RL/Disciples2-RL/github_experiments/110/blue_dragon/seed110-blue_dragon-29560187523-1/checkpoints/campaign_ppo_step_500000.zip
-----------------------------------------
| rollout/                |             |
|    ep_len_mean          | 245         |
|    ep_rew_mean          | 28.3        |
| time/                   |             |
|    fps                  | 429         |
|    iterations           | 21          |
|    time_elapsed         | 1200        |
|    total_timesteps      | 516096      |
| train/                  |             |
|    approx_kl            | 0.006774453 |
|    clip_fraction        | 0.0604      |
|    clip_range           | 0.2         |
|    entropy_loss         | -1.86       |
|    explained_variance   | 0.768       |
|    learning_rate        | 0.0003      |
|    loss                 | 0.0217      |
|    n_updates            | 100         |
|    policy_gradient_loss | -0.00478    |
|    value_loss           | 0.101       |
-----------------------------------------
------------------------------------------
| rollout/                |              |
|    ep_len_mean          | 227          |
|    ep_rew_mean          | 28.7         |
| time/                   |              |
|    fps                  | 430          |
|    iterations           | 22           |
|    time_elapsed         | 1254         |
|    total_timesteps      | 540672       |
| train/                  |              |
|    approx_kl            | 0.0072230003 |
|    clip_fraction        | 0.0705       |
|    clip_range           | 0.2          |
|    entropy_loss         | -1.84        |
|    explained_variance   | 0.806        |
|    learning_rate        | 0.0003       |
|    loss                 | 0.0198       |
|    n_updates            | 105          |
|    policy_gradient_loss | -0.00482     |
|    value_loss           | 0.0847       |
------------------------------------------
-----------------------------------------
| rollout/                |             |
|    ep_len_mean          | 251         |
|    ep_rew_mean          | 30.6        |
| time/                   |             |
|    fps                  | 431         |
|    iterations           | 23          |
|    time_elapsed         | 1309        |
|    total_timesteps      | 565248      |
| train/                  |             |
|    approx_kl            | 0.007462023 |
|    clip_fraction        | 0.083       |
|    clip_range           | 0.2         |
|    entropy_loss         | -1.77       |
|    explained_variance   | 0.819       |
|    learning_rate        | 0.0003      |
|    loss                 | 0.0154      |
|    n_updates            | 110         |
|    policy_gradient_loss | -0.00592    |
|    value_loss           | 0.0925      |
-----------------------------------------
------------------------------------------
| rollout/                |              |
|    ep_len_mean          | 268          |
|    ep_rew_mean          | 33.1         |
| time/                   |              |
|    fps                  | 432          |
|    iterations           | 24           |
|    time_elapsed         | 1364         |
|    total_timesteps      | 589824       |
| train/                  |              |
|    approx_kl            | 0.0072546364 |
|    clip_fraction        | 0.0765       |
|    clip_range           | 0.2          |
|    entropy_loss         | -1.81        |
|    explained_variance   | 0.808        |
|    learning_rate        | 0.0003       |
|    loss                 | 0.0228       |
|    n_updates            | 115          |
|    policy_gradient_loss | -0.00557     |
|    value_loss           | 0.0942       |
------------------------------------------
------------------------------------------
| rollout/                |              |
|    ep_len_mean          | 271          |
|    ep_rew_mean          | 34.3         |
| time/                   |              |
|    fps                  | 432          |
|    iterations           | 25           |
|    time_elapsed         | 1419         |
|    total_timesteps      | 614400       |
| train/                  |              |
|    approx_kl            | 0.0074477014 |
|    clip_fraction        | 0.0819       |
|    clip_range           | 0.2          |
|    entropy_loss         | -1.82        |
|    explained_variance   | 0.811        |
|    learning_rate        | 0.0003       |
|    loss                 | 0.0136       |
|    n_updates            | 120          |
|    policy_gradient_loss | -0.006       |
|    value_loss           | 0.0885       |
------------------------------------------
------------------------------------------
| rollout/                |              |
|    ep_len_mean          | 260          |
|    ep_rew_mean          | 34.1         |
| time/                   |              |
|    fps                  | 433          |
|    iterations           | 26           |
|    time_elapsed         | 1473         |
|    total_timesteps      | 638976       |
| train/                  |              |
|    approx_kl            | 0.0069971154 |
|    clip_fraction        | 0.0765       |
|    clip_range           | 0.2          |
|    entropy_loss         | -1.78        |
|    explained_variance   | 0.837        |
|    learning_rate        | 0.0003       |
|    loss                 | 0.00712      |
|    n_updates            | 125          |
|    policy_gradient_loss | -0.00536     |
|    value_loss           | 0.0793       |
------------------------------------------
------------------------------------------
| rollout/                |              |
|    ep_len_mean          | 279          |
|    ep_rew_mean          | 32.3         |
| time/                   |              |
|    fps                  | 434          |
|    iterations           | 27           |
|    time_elapsed         | 1528         |
|    total_timesteps      | 663552       |
| train/                  |              |
|    approx_kl            | 0.0073806136 |
|    clip_fraction        | 0.0764       |
|    clip_range           | 0.2          |
|    entropy_loss         | -1.79        |
|    explained_variance   | 0.865        |
|    learning_rate        | 0.0003       |
|    loss                 | 0.0133       |
|    n_updates            | 130          |
|    policy_gradient_loss | -0.00559     |
|    value_loss           | 0.0716       |
------------------------------------------
------------------------------------------
| rollout/                |              |
|    ep_len_mean          | 234          |
|    ep_rew_mean          | 32.7         |
| time/                   |              |
|    fps                  | 434          |
|    iterations           | 28           |
|    time_elapsed         | 1583         |
|    total_timesteps      | 688128       |
| train/                  |              |
|    approx_kl            | 0.0070045367 |
|    clip_fraction        | 0.0752       |
|    clip_range           | 0.2          |
|    entropy_loss         | -1.73        |
|    explained_variance   | 0.859        |
|    learning_rate        | 0.0003       |
|    loss                 | 0.0154       |
|    n_updates            | 135          |
|    policy_gradient_loss | -0.00487     |
|    value_loss           | 0.0813       |
------------------------------------------
------------------------------------------
| rollout/                |              |
|    ep_len_mean          | 232          |
|    ep_rew_mean          | 38.1         |
| time/                   |              |
|    fps                  | 434          |
|    iterations           | 29           |
|    time_elapsed         | 1638         |
|    total_timesteps      | 712704       |
| train/                  |              |
|    approx_kl            | 0.0061819223 |
|    clip_fraction        | 0.0753       |
|    clip_range           | 0.2          |
|    entropy_loss         | -1.71        |
|    explained_variance   | 0.837        |
|    learning_rate        | 0.0003       |
|    loss                 | 0.0239       |
|    n_updates            | 140          |
|    policy_gradient_loss | -0.0032      |
|    value_loss           | 0.0859       |
------------------------------------------
-----------------------------------------
| rollout/                |             |
|    ep_len_mean          | 261         |
|    ep_rew_mean          | 38.3        |
| time/                   |             |
|    fps                  | 435         |
|    iterations           | 30          |
|    time_elapsed         | 1694        |
|    total_timesteps      | 737280      |
| train/                  |             |
|    approx_kl            | 0.006870007 |
|    clip_fraction        | 0.0734      |
|    clip_range           | 0.2         |
|    entropy_loss         | -1.7        |
|    explained_variance   | 0.839       |
|    learning_rate        | 0.0003      |
|    loss                 | 0.00628     |
|    n_updates            | 145         |
|    policy_gradient_loss | -0.00471    |
|    value_loss           | 0.0795      |
-----------------------------------------
------------------------------------------
| rollout/                |              |
|    ep_len_mean          | 268          |
|    ep_rew_mean          | 42.7         |
| time/                   |              |
|    fps                  | 435          |
|    iterations           | 31           |
|    time_elapsed         | 1748         |
|    total_timesteps      | 761856       |
| train/                  |              |
|    approx_kl            | 0.0075506843 |
|    clip_fraction        | 0.0827       |
|    clip_range           | 0.2          |
|    entropy_loss         | -1.72        |
|    explained_variance   | 0.838        |
|    learning_rate        | 0.0003       |
|    loss                 | 0.0119       |
|    n_updates            | 150          |
|    policy_gradient_loss | -0.00523     |
|    value_loss           | 0.0841       |
------------------------------------------
-----------------------------------------
| rollout/                |             |
|    ep_len_mean          | 250         |
|    ep_rew_mean          | 43.5        |
| time/                   |             |
|    fps                  | 436         |
|    iterations           | 32          |
|    time_elapsed         | 1802        |
|    total_timesteps      | 786432      |
| train/                  |             |
|    approx_kl            | 0.008904581 |
|    clip_fraction        | 0.0936      |
|    clip_range           | 0.2         |
|    entropy_loss         | -1.68       |
|    explained_variance   | 0.844       |
|    learning_rate        | 0.0003      |
|    loss                 | 0.0105      |
|    n_updates            | 155         |
|    policy_gradient_loss | -0.00401    |
|    value_loss           | 0.0792      |
-----------------------------------------
-----------------------------------------
| rollout/                |             |
|    ep_len_mean          | 243         |
|    ep_rew_mean          | 41.7        |
| time/                   |             |
|    fps                  | 437         |
|    iterations           | 33          |
|    time_elapsed         | 1855        |
|    total_timesteps      | 811008      |
| train/                  |             |
|    approx_kl            | 0.006634085 |
|    clip_fraction        | 0.0735      |
|    clip_range           | 0.2         |
|    entropy_loss         | -1.64       |
|    explained_variance   | 0.845       |
|    learning_rate        | 0.0003      |
|    loss                 | 0.00725     |
|    n_updates            | 160         |
|    policy_gradient_loss | -0.00487    |
|    value_loss           | 0.0813      |
-----------------------------------------
------------------------------------------
| rollout/                |              |
|    ep_len_mean          | 257          |
|    ep_rew_mean          | 45.1         |
| time/                   |              |
|    fps                  | 437          |
|    iterations           | 34           |
|    time_elapsed         | 1909         |
|    total_timesteps      | 835584       |
| train/                  |              |
|    approx_kl            | 0.0071321893 |
|    clip_fraction        | 0.0754       |
|    clip_range           | 0.2          |
|    entropy_loss         | -1.61        |
|    explained_variance   | 0.853        |
|    learning_rate        | 0.0003       |
|    loss                 | 0.0121       |
|    n_updates            | 165          |
|    policy_gradient_loss | -0.00448     |
|    value_loss           | 0.0821       |
------------------------------------------
-----------------------------------------
| rollout/                |             |
|    ep_len_mean          | 286         |
|    ep_rew_mean          | 46.5        |
| time/                   |             |
|    fps                  | 438         |
|    iterations           | 35          |
|    time_elapsed         | 1963        |
|    total_timesteps      | 860160      |
| train/                  |             |
|    approx_kl            | 0.006370759 |
|    clip_fraction        | 0.0741      |
|    clip_range           | 0.2         |
|    entropy_loss         | -1.64       |
|    explained_variance   | 0.892       |
|    learning_rate        | 0.0003      |
|    loss                 | 0.00652     |
|    n_updates            | 170         |
|    policy_gradient_loss | -0.00535    |
|    value_loss           | 0.0739      |
-----------------------------------------
------------------------------------------
| rollout/                |              |
|    ep_len_mean          | 283          |
|    ep_rew_mean          | 48.7         |
| time/                   |              |
|    fps                  | 438          |
|    iterations           | 36           |
|    time_elapsed         | 2017         |
|    total_timesteps      | 884736       |
| train/                  |              |
|    approx_kl            | 0.0064945626 |
|    clip_fraction        | 0.0752       |
|    clip_range           | 0.2          |
|    entropy_loss         | -1.58        |
|    explained_variance   | 0.889        |
|    learning_rate        | 0.0003       |
|    loss                 | 0.00277      |
|    n_updates            | 175          |
|    policy_gradient_loss | -0.00459     |
|    value_loss           | 0.0737       |
------------------------------------------
------------------------------------------
| rollout/                |              |
|    ep_len_mean          | 249          |
|    ep_rew_mean          | 46.4         |
| time/                   |              |
|    fps                  | 438          |
|    iterations           | 37           |
|    time_elapsed         | 2072         |
|    total_timesteps      | 909312       |
| train/                  |              |
|    approx_kl            | 0.0063437447 |
|    clip_fraction        | 0.0767       |
|    clip_range           | 0.2          |
|    entropy_loss         | -1.64        |
|    explained_variance   | 0.892        |
|    learning_rate        | 0.0003       |
|    loss                 | 0.00859      |
|    n_updates            | 180          |
|    policy_gradient_loss | -0.00357     |
|    value_loss           | 0.0737       |
------------------------------------------
------------------------------------------
| rollout/                |              |
|    ep_len_mean          | 327          |
|    ep_rew_mean          | 48.3         |
| time/                   |              |
|    fps                  | 439          |
|    iterations           | 38           |
|    time_elapsed         | 2126         |
|    total_timesteps      | 933888       |
| train/                  |              |
|    approx_kl            | 0.0075107156 |
|    clip_fraction        | 0.0782       |
|    clip_range           | 0.2          |
|    entropy_loss         | -1.59        |
|    explained_variance   | 0.875        |
|    learning_rate        | 0.0003       |
|    loss                 | 0.00809      |
|    n_updates            | 185          |
|    policy_gradient_loss | -0.00418     |
|    value_loss           | 0.0935       |
------------------------------------------
-----------------------------------------
| rollout/                |             |
|    ep_len_mean          | 282         |
|    ep_rew_mean          | 48.1        |
| time/                   |             |
|    fps                  | 439         |
|    iterations           | 39          |
|    time_elapsed         | 2180        |
|    total_timesteps      | 958464      |
| train/                  |             |
|    approx_kl            | 0.008770057 |
|    clip_fraction        | 0.0865      |
|    clip_range           | 0.2         |
|    entropy_loss         | -1.61       |
|    explained_variance   | 0.923       |
|    learning_rate        | 0.0003      |
|    loss                 | -0.00678    |
|    n_updates            | 190         |
|    policy_gradient_loss | -0.00398    |
|    value_loss           | 0.057       |
-----------------------------------------
-----------------------------------------
| rollout/                |             |
|    ep_len_mean          | 247         |
|    ep_rew_mean          | 50          |
| time/                   |             |
|    fps                  | 440         |
|    iterations           | 40          |
|    time_elapsed         | 2233        |
|    total_timesteps      | 983040      |
| train/                  |             |
|    approx_kl            | 0.008182853 |
|    clip_fraction        | 0.0883      |
|    clip_range           | 0.2         |
|    entropy_loss         | -1.53       |
|    explained_variance   | 0.896       |
|    learning_rate        | 0.0003      |
|    loss                 | 0.00661     |
|    n_updates            | 195         |
|    policy_gradient_loss | -0.00486    |
|    value_loss           | 0.0726      |
-----------------------------------------
[Checkpoint] Saved at 1000000 steps > /home/runner/work/Disciples2-RL/Disciples2-RL/github_experiments/110/blue_dragon/seed110-blue_dragon-29560187523-1/checkpoints/campaign_ppo_step_1000000.zip
Eval num_timesteps=1000008, det_reward=-71.93 +/- 212.17
Episode length: det=1356.10 +/- 1809.12
Victory rate: det=0.00%
------------------------------------------------
| eval/                           |            |
|    deterministic_mean_ep_length | 1.36e+03   |
|    deterministic_mean_reward    | -71.9      |
|    deterministic_victory_rate   | 0          |
|    mean_ep_length               | 1.36e+03   |
|    mean_reward                  | -71.9      |
|    victory_rate                 | 0          |
| time/                           |            |
|    total_timesteps              | 1000008    |
| train/                          |            |
|    approx_kl                    | 0.00822476 |
|    clip_fraction                | 0.0803     |
|    clip_range                   | 0.2        |
|    entropy_loss                 | -1.43      |
|    explained_variance           | 0.892      |
|    learning_rate                | 0.0003     |
|    loss                         | 0.0149     |
|    n_updates                    | 200        |
|    policy_gradient_loss         | -0.00498   |
|    value_loss                   | 0.0809     |
------------------------------------------------
New best model by deterministic victory rate!
---------------------------------
| rollout/           |          |
|    ep_len_mean     | 239      |
|    ep_rew_mean     | 47.6     |
| time/              |          |
|    fps             | 421      |
|    iterations      | 41       |
|    time_elapsed    | 2392     |
|    total_timesteps | 1007616  |
---------------------------------
VecNormalize stats saved: /home/runner/work/Disciples2-RL/Disciples2-RL/github_experiments/110/blue_dragon/seed110-blue_dragon-29560187523-1/models/vecnormalize.pkl

Финальная модель сохранена: /home/runner/work/Disciples2-RL/Disciples2-RL/github_experiments/110/blue_dragon/seed110-blue_dragon-29560187523-1/models/final_model.zip

============================================================
ИТОГИ ОБУЧЕНИЯ:
  Побед: 0
  Поражений: 4383
  Таймаутов: 1
  Побед бота столицы над врагами: 0
  Перестановок юнитов: 205983
  Winrate: 0.0%
============================================================
  График призывов за эпизод: /home/runner/work/Disciples2-RL/Disciples2-RL/github_experiments/110/blue_dragon/seed110-blue_dragon-29560187523-1/plots/campaign_summoned_units_per_episode.png
  График призывов за всё обучение: /home/runner/work/Disciples2-RL/Disciples2-RL/github_experiments/110/blue_dragon/seed110-blue_dragon-29560187523-1/plots/campaign_summoned_units_cumulative.png
  График найма за эпизод: /home/runner/work/Disciples2-RL/Disciples2-RL/github_experiments/110/blue_dragon/seed110-blue_dragon-29560187523-1/plots/campaign_hired_units_per_episode.png
  График найма за всё обучение: /home/runner/work/Disciples2-RL/Disciples2-RL/github_experiments/110/blue_dragon/seed110-blue_dragon-29560187523-1/plots/campaign_hired_units_cumulative.png
  График перестановок юнитов за эпизод: /home/runner/work/Disciples2-RL/Disciples2-RL/github_experiments/110/blue_dragon/seed110-blue_dragon-29560187523-1/plots/campaign_unit_swaps_per_episode.png
  График боевых предметов: /home/runner/work/Disciples2-RL/Disciples2-RL/github_experiments/110/blue_dragon/seed110-blue_dragon-29560187523-1/plots/campaign_battle_item_activity.png
  График побед бота столицы за эпизод: /home/runner/work/Disciples2-RL/Disciples2-RL/github_experiments/110/blue_dragon/seed110-blue_dragon-29560187523-1/plots/campaign_scripted_bot_victories_per_episode.png
  График применения заклинаний: /home/runner/work/Disciples2-RL/Disciples2-RL/github_experiments/110/blue_dragon/seed110-blue_dragon-29560187523-1/plots/campaign_spell_cast_activity.png
