Проверка среды CampaignEnv...
Среда прошла проверку!
[INFO] Comet disabled, running without experiment tracking
Создание 12 параллельных сред (subproc)...
Инициализация MaskablePPO...
Using cpu device

============================================================
Запуск обучения Campaign Agent
Всего шагов: 1,000,000
Параллельных сред: 12
VecEnv: subproc
VecEnv start method: forkserver
Seed: 119
Checkpoint каждые: 500,000 шагов
Evaluation каждые: 83,334 шагов
Eval deterministic эпизодов: 20
Eval stochastic эпизодов: 0
Eval лимит шагов на эпизод: 5000
Campaign map: magic_train
Campaign objective: all_enemies
System resources at training start:
  Platform: Linux 6.17.0-1020-azure (x86_64)
  Python: 3.14.6
  PyTorch: 2.13.0+cpu
  Training device: cpu
  CPU model: AMD EPYC 7763 64-Core Processor
  CPU vendor: AuthenticAMD
  Logical CPUs visible: 4
  Process CPU affinity: 4
  Sockets: 1
  Cores per socket: 2
  Threads per core: 2
  CPU max MHz: unknown
  CPU min MHz: unknown
  L1d cache: 64 KiB (2 instances)
  L1i cache: 64 KiB (2 instances)
  L2 cache: 1 MiB (2 instances)
  L3 cache: 32 MiB (1 instance)
  Virtualization: AMD-V
  Hypervisor: Microsoft
  RAM total: 15.62 GiB
  RAM available at start: 13.85 GiB
  Disk total: 144.26 GiB
  Disk free at start: 84.66 GiB
  Torch intra-op threads: 4
  Torch inter-op threads: 2
  OMP_NUM_THREADS: 4
  MKL_NUM_THREADS: 4
  OPENBLAS_NUM_THREADS: 4
  GitHub runner OS: Linux
  GitHub runner architecture: X64
  GitHub runner environment: github-hosted
PPO n_steps: 2,048
PPO batch_size: 512
PPO n_epochs: 5
PPO learning_rate: 0.0003
PPO clip_range: 0.2
PPO ent_coef: 0.01
PPO gamma: 0.995
PPO gae_lambda: 0.95
PPO target_kl: disabled
PPO gradient batches per rollout: 240
VecCheckNan: disabled
Freeze action layout: enabled
Empire territory: enabled
Torch threads per process: 4
Diagnostics: disabled
Wall-clock training limit: disabled
Run ID: seed119-magic_train-all_enemies-30016284393-1
============================================================

Logging to /home/runner/work/Disciples2-RL/Disciples2-RL/github_experiments/119/magic_train/all_enemies/seed119-magic_train-all_enemies-30016284393-1/tensorboard/MaskablePPO_1
------------------------------
| time/              |       |
|    fps             | 459   |
|    iterations      | 1     |
|    time_elapsed    | 53    |
|    total_timesteps | 24576 |
------------------------------
-----------------------------------------
| time/                   |             |
|    fps                  | 447         |
|    iterations           | 2           |
|    time_elapsed         | 109         |
|    total_timesteps      | 49152       |
| train/                  |             |
|    approx_kl            | 0.010096745 |
|    clip_fraction        | 0.0556      |
|    clip_range           | 0.2         |
|    entropy_loss         | -2.29       |
|    explained_variance   | 0.00605     |
|    learning_rate        | 0.0003      |
|    loss                 | 0.0187      |
|    n_updates            | 5           |
|    policy_gradient_loss | -0.00408    |
|    value_loss           | 0.124       |
-----------------------------------------
-----------------------------------------
| rollout/                |             |
|    ep_len_mean          | 4.2e+03     |
|    ep_rew_mean          | -122        |
| time/                   |             |
|    fps                  | 445         |
|    iterations           | 3           |
|    time_elapsed         | 165         |
|    total_timesteps      | 73728       |
| train/                  |             |
|    approx_kl            | 0.010675218 |
|    clip_fraction        | 0.0689      |
|    clip_range           | 0.2         |
|    entropy_loss         | -2.22       |
|    explained_variance   | 0.538       |
|    learning_rate        | 0.0003      |
|    loss                 | -0.0297     |
|    n_updates            | 10          |
|    policy_gradient_loss | -0.00575    |
|    value_loss           | 0.00882     |
-----------------------------------------
-----------------------------------------
| rollout/                |             |
|    ep_len_mean          | 4.2e+03     |
|    ep_rew_mean          | -122        |
| time/                   |             |
|    fps                  | 447         |
|    iterations           | 4           |
|    time_elapsed         | 219         |
|    total_timesteps      | 98304       |
| train/                  |             |
|    approx_kl            | 0.009559952 |
|    clip_fraction        | 0.0735      |
|    clip_range           | 0.2         |
|    entropy_loss         | -2.28       |
|    explained_variance   | 0.751       |
|    learning_rate        | 0.0003      |
|    loss                 | -0.0133     |
|    n_updates            | 15          |
|    policy_gradient_loss | -0.0067     |
|    value_loss           | 0.0227      |
-----------------------------------------
------------------------------------------
| rollout/                |              |
|    ep_len_mean          | 4.2e+03      |
|    ep_rew_mean          | -119         |
| time/                   |              |
|    fps                  | 451          |
|    iterations           | 5            |
|    time_elapsed         | 272          |
|    total_timesteps      | 122880       |
| train/                  |              |
|    approx_kl            | 0.0098835835 |
|    clip_fraction        | 0.0708       |
|    clip_range           | 0.2          |
|    entropy_loss         | -2.2         |
|    explained_variance   | 0.865        |
|    learning_rate        | 0.0003       |
|    loss                 | -0.0312      |
|    n_updates            | 20           |
|    policy_gradient_loss | -0.00629     |
|    value_loss           | 0.00594      |
------------------------------------------
-----------------------------------------
| rollout/                |             |
|    ep_len_mean          | 4.2e+03     |
|    ep_rew_mean          | -119        |
| time/                   |             |
|    fps                  | 451         |
|    iterations           | 6           |
|    time_elapsed         | 326         |
|    total_timesteps      | 147456      |
| train/                  |             |
|    approx_kl            | 0.009769109 |
|    clip_fraction        | 0.0809      |
|    clip_range           | 0.2         |
|    entropy_loss         | -2.26       |
|    explained_variance   | 0.899       |
|    learning_rate        | 0.0003      |
|    loss                 | -0.0197     |
|    n_updates            | 25          |
|    policy_gradient_loss | -0.00588    |
|    value_loss           | 0.0274      |
-----------------------------------------
-----------------------------------------
| rollout/                |             |
|    ep_len_mean          | 4.22e+03    |
|    ep_rew_mean          | -116        |
| time/                   |             |
|    fps                  | 451         |
|    iterations           | 7           |
|    time_elapsed         | 380         |
|    total_timesteps      | 172032      |
| train/                  |             |
|    approx_kl            | 0.009784128 |
|    clip_fraction        | 0.0948      |
|    clip_range           | 0.2         |
|    entropy_loss         | -2.2        |
|    explained_variance   | 0.907       |
|    learning_rate        | 0.0003      |
|    loss                 | -0.028      |
|    n_updates            | 30          |
|    policy_gradient_loss | -0.00735    |
|    value_loss           | 0.0085      |
-----------------------------------------
-----------------------------------------
| rollout/                |             |
|    ep_len_mean          | 4.22e+03    |
|    ep_rew_mean          | -116        |
| time/                   |             |
|    fps                  | 450         |
|    iterations           | 8           |
|    time_elapsed         | 436         |
|    total_timesteps      | 196608      |
| train/                  |             |
|    approx_kl            | 0.010323839 |
|    clip_fraction        | 0.0991      |
|    clip_range           | 0.2         |
|    entropy_loss         | -2.23       |
|    explained_variance   | 0.957       |
|    learning_rate        | 0.0003      |
|    loss                 | -0.0329     |
|    n_updates            | 35          |
|    policy_gradient_loss | -0.00624    |
|    value_loss           | 0.0167      |
-----------------------------------------
-----------------------------------------
| rollout/                |             |
|    ep_len_mean          | 4.21e+03    |
|    ep_rew_mean          | -116        |
| time/                   |             |
|    fps                  | 450         |
|    iterations           | 9           |
|    time_elapsed         | 490         |
|    total_timesteps      | 221184      |
| train/                  |             |
|    approx_kl            | 0.010318377 |
|    clip_fraction        | 0.0997      |
|    clip_range           | 0.2         |
|    entropy_loss         | -2.18       |
|    explained_variance   | 0.938       |
|    learning_rate        | 0.0003      |
|    loss                 | -0.0303     |
|    n_updates            | 40          |
|    policy_gradient_loss | -0.00867    |
|    value_loss           | 0.00636     |
-----------------------------------------
-----------------------------------------
| rollout/                |             |
|    ep_len_mean          | 4.21e+03    |
|    ep_rew_mean          | -116        |
| time/                   |             |
|    fps                  | 449         |
|    iterations           | 10          |
|    time_elapsed         | 546         |
|    total_timesteps      | 245760      |
| train/                  |             |
|    approx_kl            | 0.008995496 |
|    clip_fraction        | 0.0691      |
|    clip_range           | 0.2         |
|    entropy_loss         | -2.21       |
|    explained_variance   | 0.957       |
|    learning_rate        | 0.0003      |
|    loss                 | -0.0201     |
|    n_updates            | 45          |
|    policy_gradient_loss | -0.00472    |
|    value_loss           | 0.0222      |
-----------------------------------------
-----------------------------------------
| rollout/                |             |
|    ep_len_mean          | 4.19e+03    |
|    ep_rew_mean          | -110        |
| time/                   |             |
|    fps                  | 449         |
|    iterations           | 11          |
|    time_elapsed         | 601         |
|    total_timesteps      | 270336      |
| train/                  |             |
|    approx_kl            | 0.012498871 |
|    clip_fraction        | 0.11        |
|    clip_range           | 0.2         |
|    entropy_loss         | -2.23       |
|    explained_variance   | 0.913       |
|    learning_rate        | 0.0003      |
|    loss                 | -0.02       |
|    n_updates            | 50          |
|    policy_gradient_loss | -0.00837    |
|    value_loss           | 0.00841     |
-----------------------------------------
---------------------------------------
| rollout/                |           |
|    ep_len_mean          | 4.09e+03  |
|    ep_rew_mean          | -104      |
| time/                   |           |
|    fps                  | 449       |
|    iterations           | 12        |
|    time_elapsed         | 656       |
|    total_timesteps      | 294912    |
| train/                  |           |
|    approx_kl            | 0.0105604 |
|    clip_fraction        | 0.0882    |
|    clip_range           | 0.2       |
|    entropy_loss         | -2.22     |
|    explained_variance   | 0.938     |
|    learning_rate        | 0.0003    |
|    loss                 | -0.00816  |
|    n_updates            | 55        |
|    policy_gradient_loss | -0.00645  |
|    value_loss           | 0.0343    |
---------------------------------------
-----------------------------------------
| rollout/                |             |
|    ep_len_mean          | 4.03e+03    |
|    ep_rew_mean          | -99.3       |
| time/                   |             |
|    fps                  | 449         |
|    iterations           | 13          |
|    time_elapsed         | 710         |
|    total_timesteps      | 319488      |
| train/                  |             |
|    approx_kl            | 0.012722795 |
|    clip_fraction        | 0.0914      |
|    clip_range           | 0.2         |
|    entropy_loss         | -2.22       |
|    explained_variance   | 0.851       |
|    learning_rate        | 0.0003      |
|    loss                 | -0.00254    |
|    n_updates            | 60          |
|    policy_gradient_loss | -0.00672    |
|    value_loss           | 0.0559      |
-----------------------------------------
-----------------------------------------
| rollout/                |             |
|    ep_len_mean          | 3.82e+03    |
|    ep_rew_mean          | -90.3       |
| time/                   |             |
|    fps                  | 451         |
|    iterations           | 14          |
|    time_elapsed         | 762         |
|    total_timesteps      | 344064      |
| train/                  |             |
|    approx_kl            | 0.010742809 |
|    clip_fraction        | 0.122       |
|    clip_range           | 0.2         |
|    entropy_loss         | -2.2        |
|    explained_variance   | 0.853       |
|    learning_rate        | 0.0003      |
|    loss                 | -0.0133     |
|    n_updates            | 65          |
|    policy_gradient_loss | -0.0071     |
|    value_loss           | 0.0483      |
-----------------------------------------
-----------------------------------------
| rollout/                |             |
|    ep_len_mean          | 3.51e+03    |
|    ep_rew_mean          | -75.7       |
| time/                   |             |
|    fps                  | 451         |
|    iterations           | 15          |
|    time_elapsed         | 816         |
|    total_timesteps      | 368640      |
| train/                  |             |
|    approx_kl            | 0.008473043 |
|    clip_fraction        | 0.0726      |
|    clip_range           | 0.2         |
|    entropy_loss         | -2.23       |
|    explained_variance   | 0.826       |
|    learning_rate        | 0.0003      |
|    loss                 | 0.00431     |
|    n_updates            | 70          |
|    policy_gradient_loss | -0.00509    |
|    value_loss           | 0.0609      |
-----------------------------------------
------------------------------------------
| rollout/                |              |
|    ep_len_mean          | 2.76e+03     |
|    ep_rew_mean          | -41.1        |
| time/                   |              |
|    fps                  | 452          |
|    iterations           | 16           |
|    time_elapsed         | 869          |
|    total_timesteps      | 393216       |
| train/                  |              |
|    approx_kl            | 0.0133581655 |
|    clip_fraction        | 0.101        |
|    clip_range           | 0.2          |
|    entropy_loss         | -2.22        |
|    explained_variance   | 0.845        |
|    learning_rate        | 0.0003       |
|    loss                 | -0.0136      |
|    n_updates            | 75           |
|    policy_gradient_loss | -0.00773     |
|    value_loss           | 0.0662       |
------------------------------------------
-----------------------------------------
| rollout/                |             |
|    ep_len_mean          | 1.65e+03    |
|    ep_rew_mean          | 3.14        |
| time/                   |             |
|    fps                  | 452         |
|    iterations           | 17          |
|    time_elapsed         | 923         |
|    total_timesteps      | 417792      |
| train/                  |             |
|    approx_kl            | 0.018357767 |
|    clip_fraction        | 0.0805      |
|    clip_range           | 0.2         |
|    entropy_loss         | -2.19       |
|    explained_variance   | 0.829       |
|    learning_rate        | 0.0003      |
|    loss                 | 0.00973     |
|    n_updates            | 80          |
|    policy_gradient_loss | -0.00841    |
|    value_loss           | 0.0869      |
-----------------------------------------
-----------------------------------------
| rollout/                |             |
|    ep_len_mean          | 942         |
|    ep_rew_mean          | 25.5        |
| time/                   |             |
|    fps                  | 454         |
|    iterations           | 18          |
|    time_elapsed         | 973         |
|    total_timesteps      | 442368      |
| train/                  |             |
|    approx_kl            | 0.010994027 |
|    clip_fraction        | 0.0662      |
|    clip_range           | 0.2         |
|    entropy_loss         | -2.19       |
|    explained_variance   | 0.812       |
|    learning_rate        | 0.0003      |
|    loss                 | -0.000407   |
|    n_updates            | 85          |
|    policy_gradient_loss | -0.00509    |
|    value_loss           | 0.0803      |
-----------------------------------------
-----------------------------------------
| rollout/                |             |
|    ep_len_mean          | 705         |
|    ep_rew_mean          | 30.1        |
| time/                   |             |
|    fps                  | 455         |
|    iterations           | 19          |
|    time_elapsed         | 1025        |
|    total_timesteps      | 466944      |
| train/                  |             |
|    approx_kl            | 0.009195931 |
|    clip_fraction        | 0.0747      |
|    clip_range           | 0.2         |
|    entropy_loss         | -2.18       |
|    explained_variance   | 0.85        |
|    learning_rate        | 0.0003      |
|    loss                 | 0.00284     |
|    n_updates            | 90          |
|    policy_gradient_loss | -0.00524    |
|    value_loss           | 0.0543      |
-----------------------------------------
-----------------------------------------
| rollout/                |             |
|    ep_len_mean          | 662         |
|    ep_rew_mean          | 30.5        |
| time/                   |             |
|    fps                  | 456         |
|    iterations           | 20          |
|    time_elapsed         | 1077        |
|    total_timesteps      | 491520      |
| train/                  |             |
|    approx_kl            | 0.008812148 |
|    clip_fraction        | 0.0636      |
|    clip_range           | 0.2         |
|    entropy_loss         | -2.18       |
|    explained_variance   | 0.868       |
|    learning_rate        | 0.0003      |
|    loss                 | -0.00408    |
|    n_updates            | 95          |
|    policy_gradient_loss | -0.00555    |
|    value_loss           | 0.0438      |
-----------------------------------------
[Checkpoint] Saved at 500000 steps > /home/runner/work/Disciples2-RL/Disciples2-RL/github_experiments/119/magic_train/all_enemies/seed119-magic_train-all_enemies-30016284393-1/checkpoints/campaign_ppo_step_500000.zip
-----------------------------------------
| rollout/                |             |
|    ep_len_mean          | 617         |
|    ep_rew_mean          | 30.9        |
| time/                   |             |
|    fps                  | 457         |
|    iterations           | 21          |
|    time_elapsed         | 1127        |
|    total_timesteps      | 516096      |
| train/                  |             |
|    approx_kl            | 0.009762489 |
|    clip_fraction        | 0.0784      |
|    clip_range           | 0.2         |
|    entropy_loss         | -2.17       |
|    explained_variance   | 0.88        |
|    learning_rate        | 0.0003      |
|    loss                 | -0.0204     |
|    n_updates            | 100         |
|    policy_gradient_loss | -0.00523    |
|    value_loss           | 0.0343      |
-----------------------------------------
-----------------------------------------
| rollout/                |             |
|    ep_len_mean          | 584         |
|    ep_rew_mean          | 30.3        |
| time/                   |             |
|    fps                  | 458         |
|    iterations           | 22          |
|    time_elapsed         | 1178        |
|    total_timesteps      | 540672      |
| train/                  |             |
|    approx_kl            | 0.008029209 |
|    clip_fraction        | 0.0638      |
|    clip_range           | 0.2         |
|    entropy_loss         | -2.14       |
|    explained_variance   | 0.879       |
|    learning_rate        | 0.0003      |
|    loss                 | -0.0107     |
|    n_updates            | 105         |
|    policy_gradient_loss | -0.00408    |
|    value_loss           | 0.0291      |
-----------------------------------------
-----------------------------------------
| rollout/                |             |
|    ep_len_mean          | 566         |
|    ep_rew_mean          | 29.4        |
| time/                   |             |
|    fps                  | 460         |
|    iterations           | 23          |
|    time_elapsed         | 1227        |
|    total_timesteps      | 565248      |
| train/                  |             |
|    approx_kl            | 0.009865638 |
|    clip_fraction        | 0.0718      |
|    clip_range           | 0.2         |
|    entropy_loss         | -2.12       |
|    explained_variance   | 0.891       |
|    learning_rate        | 0.0003      |
|    loss                 | -0.0206     |
|    n_updates            | 110         |
|    policy_gradient_loss | -0.00513    |
|    value_loss           | 0.0246      |
-----------------------------------------
-----------------------------------------
| rollout/                |             |
|    ep_len_mean          | 537         |
|    ep_rew_mean          | 29.3        |
| time/                   |             |
|    fps                  | 460         |
|    iterations           | 24          |
|    time_elapsed         | 1281        |
|    total_timesteps      | 589824      |
| train/                  |             |
|    approx_kl            | 0.008041116 |
|    clip_fraction        | 0.0574      |
|    clip_range           | 0.2         |
|    entropy_loss         | -2.12       |
|    explained_variance   | 0.901       |
|    learning_rate        | 0.0003      |
|    loss                 | -0.0177     |
|    n_updates            | 115         |
|    policy_gradient_loss | -0.00352    |
|    value_loss           | 0.0176      |
-----------------------------------------
-----------------------------------------
| rollout/                |             |
|    ep_len_mean          | 518         |
|    ep_rew_mean          | 29          |
| time/                   |             |
|    fps                  | 460         |
|    iterations           | 25          |
|    time_elapsed         | 1334        |
|    total_timesteps      | 614400      |
| train/                  |             |
|    approx_kl            | 0.009028581 |
|    clip_fraction        | 0.0681      |
|    clip_range           | 0.2         |
|    entropy_loss         | -2.09       |
|    explained_variance   | 0.915       |
|    learning_rate        | 0.0003      |
|    loss                 | -0.00793    |
|    n_updates            | 120         |
|    policy_gradient_loss | -0.00388    |
|    value_loss           | 0.0151      |
-----------------------------------------
-----------------------------------------
| rollout/                |             |
|    ep_len_mean          | 510         |
|    ep_rew_mean          | 28.3        |
| time/                   |             |
|    fps                  | 461         |
|    iterations           | 26          |
|    time_elapsed         | 1385        |
|    total_timesteps      | 638976      |
| train/                  |             |
|    approx_kl            | 0.008864336 |
|    clip_fraction        | 0.0668      |
|    clip_range           | 0.2         |
|    entropy_loss         | -2.08       |
|    explained_variance   | 0.903       |
|    learning_rate        | 0.0003      |
|    loss                 | -0.0241     |
|    n_updates            | 125         |
|    policy_gradient_loss | -0.00485    |
|    value_loss           | 0.0145      |
-----------------------------------------
------------------------------------------
| rollout/                |              |
|    ep_len_mean          | 488          |
|    ep_rew_mean          | 28.5         |
| time/                   |              |
|    fps                  | 461          |
|    iterations           | 27           |
|    time_elapsed         | 1436         |
|    total_timesteps      | 663552       |
| train/                  |              |
|    approx_kl            | 0.0077087805 |
|    clip_fraction        | 0.0555       |
|    clip_range           | 0.2          |
|    entropy_loss         | -2.09        |
|    explained_variance   | 0.913        |
|    learning_rate        | 0.0003       |
|    loss                 | -0.0106      |
|    n_updates            | 130          |
|    policy_gradient_loss | -0.00397     |
|    value_loss           | 0.0118       |
------------------------------------------
------------------------------------------
| rollout/                |              |
|    ep_len_mean          | 450          |
|    ep_rew_mean          | 28.6         |
| time/                   |              |
|    fps                  | 462          |
|    iterations           | 28           |
|    time_elapsed         | 1487         |
|    total_timesteps      | 688128       |
| train/                  |              |
|    approx_kl            | 0.0073852353 |
|    clip_fraction        | 0.0556       |
|    clip_range           | 0.2          |
|    entropy_loss         | -2.09        |
|    explained_variance   | 0.912        |
|    learning_rate        | 0.0003       |
|    loss                 | -0.0209      |
|    n_updates            | 135          |
|    policy_gradient_loss | -0.00449     |
|    value_loss           | 0.0112       |
------------------------------------------
-----------------------------------------
| rollout/                |             |
|    ep_len_mean          | 429         |
|    ep_rew_mean          | 28.4        |
| time/                   |             |
|    fps                  | 463         |
|    iterations           | 29          |
|    time_elapsed         | 1537        |
|    total_timesteps      | 712704      |
| train/                  |             |
|    approx_kl            | 0.008700613 |
|    clip_fraction        | 0.0622      |
|    clip_range           | 0.2         |
|    entropy_loss         | -2.1        |
|    explained_variance   | 0.921       |
|    learning_rate        | 0.0003      |
|    loss                 | -0.0163     |
|    n_updates            | 140         |
|    policy_gradient_loss | -0.00525    |
|    value_loss           | 0.00914     |
-----------------------------------------
-----------------------------------------
| rollout/                |             |
|    ep_len_mean          | 418         |
|    ep_rew_mean          | 27.9        |
| time/                   |             |
|    fps                  | 464         |
|    iterations           | 30          |
|    time_elapsed         | 1587        |
|    total_timesteps      | 737280      |
| train/                  |             |
|    approx_kl            | 0.007850311 |
|    clip_fraction        | 0.0616      |
|    clip_range           | 0.2         |
|    entropy_loss         | -2.09       |
|    explained_variance   | 0.925       |
|    learning_rate        | 0.0003      |
|    loss                 | -0.0288     |
|    n_updates            | 145         |
|    policy_gradient_loss | -0.00423    |
|    value_loss           | 0.00871     |
-----------------------------------------
-----------------------------------------
| rollout/                |             |
|    ep_len_mean          | 411         |
|    ep_rew_mean          | 27.5        |
| time/                   |             |
|    fps                  | 465         |
|    iterations           | 31          |
|    time_elapsed         | 1638        |
|    total_timesteps      | 761856      |
| train/                  |             |
|    approx_kl            | 0.009163986 |
|    clip_fraction        | 0.0615      |
|    clip_range           | 0.2         |
|    entropy_loss         | -2.1        |
|    explained_variance   | 0.928       |
|    learning_rate        | 0.0003      |
|    loss                 | -0.0229     |
|    n_updates            | 150         |
|    policy_gradient_loss | -0.00395    |
|    value_loss           | 0.00774     |
-----------------------------------------
-----------------------------------------
| rollout/                |             |
|    ep_len_mean          | 399         |
|    ep_rew_mean          | 27.5        |
| time/                   |             |
|    fps                  | 465         |
|    iterations           | 32          |
|    time_elapsed         | 1690        |
|    total_timesteps      | 786432      |
| train/                  |             |
|    approx_kl            | 0.009311884 |
|    clip_fraction        | 0.0654      |
|    clip_range           | 0.2         |
|    entropy_loss         | -2.1        |
|    explained_variance   | 0.926       |
|    learning_rate        | 0.0003      |
|    loss                 | -0.0213     |
|    n_updates            | 155         |
|    policy_gradient_loss | -0.00531    |
|    value_loss           | 0.00732     |
-----------------------------------------
-----------------------------------------
| rollout/                |             |
|    ep_len_mean          | 395         |
|    ep_rew_mean          | 27.5        |
| time/                   |             |
|    fps                  | 465         |
|    iterations           | 33          |
|    time_elapsed         | 1743        |
|    total_timesteps      | 811008      |
| train/                  |             |
|    approx_kl            | 0.009153134 |
|    clip_fraction        | 0.0543      |
|    clip_range           | 0.2         |
|    entropy_loss         | -2.1        |
|    explained_variance   | 0.931       |
|    learning_rate        | 0.0003      |
|    loss                 | -0.0183     |
|    n_updates            | 160         |
|    policy_gradient_loss | -0.00428    |
|    value_loss           | 0.00618     |
-----------------------------------------
------------------------------------------
| rollout/                |              |
|    ep_len_mean          | 398          |
|    ep_rew_mean          | 27.2         |
| time/                   |              |
|    fps                  | 466          |
|    iterations           | 34           |
|    time_elapsed         | 1792         |
|    total_timesteps      | 835584       |
| train/                  |              |
|    approx_kl            | 0.0085182125 |
|    clip_fraction        | 0.0561       |
|    clip_range           | 0.2          |
|    entropy_loss         | -2.07        |
|    explained_variance   | 0.933        |
|    learning_rate        | 0.0003       |
|    loss                 | -0.0163      |
|    n_updates            | 165          |
|    policy_gradient_loss | -0.00357     |
|    value_loss           | 0.00523      |
------------------------------------------
-----------------------------------------
| rollout/                |             |
|    ep_len_mean          | 389         |
|    ep_rew_mean          | 27.2        |
| time/                   |             |
|    fps                  | 466         |
|    iterations           | 35          |
|    time_elapsed         | 1844        |
|    total_timesteps      | 860160      |
| train/                  |             |
|    approx_kl            | 0.009953559 |
|    clip_fraction        | 0.0737      |
|    clip_range           | 0.2         |
|    entropy_loss         | -2.05       |
|    explained_variance   | 0.929       |
|    learning_rate        | 0.0003      |
|    loss                 | -0.0155     |
|    n_updates            | 170         |
|    policy_gradient_loss | -0.00492    |
|    value_loss           | 0.00432     |
-----------------------------------------
-----------------------------------------
| rollout/                |             |
|    ep_len_mean          | 397         |
|    ep_rew_mean          | 27.2        |
| time/                   |             |
|    fps                  | 466         |
|    iterations           | 36          |
|    time_elapsed         | 1894        |
|    total_timesteps      | 884736      |
| train/                  |             |
|    approx_kl            | 0.006325122 |
|    clip_fraction        | 0.0427      |
|    clip_range           | 0.2         |
|    entropy_loss         | -2.04       |
|    explained_variance   | 0.94        |
|    learning_rate        | 0.0003      |
|    loss                 | -0.0236     |
|    n_updates            | 175         |
|    policy_gradient_loss | -0.00337    |
|    value_loss           | 0.00408     |
-----------------------------------------
------------------------------------------
| rollout/                |              |
|    ep_len_mean          | 394          |
|    ep_rew_mean          | 27.6         |
| time/                   |              |
|    fps                  | 467          |
|    iterations           | 37           |
|    time_elapsed         | 1944         |
|    total_timesteps      | 909312       |
| train/                  |              |
|    approx_kl            | 0.0069876495 |
|    clip_fraction        | 0.0583       |
|    clip_range           | 0.2          |
|    entropy_loss         | -2.03        |
|    explained_variance   | 0.919        |
|    learning_rate        | 0.0003       |
|    loss                 | -0.0249      |
|    n_updates            | 180          |
|    policy_gradient_loss | -0.00366     |
|    value_loss           | 0.00436      |
------------------------------------------
------------------------------------------
| rollout/                |              |
|    ep_len_mean          | 388          |
|    ep_rew_mean          | 28.2         |
| time/                   |              |
|    fps                  | 468          |
|    iterations           | 38           |
|    time_elapsed         | 1993         |
|    total_timesteps      | 933888       |
| train/                  |              |
|    approx_kl            | 0.0073560686 |
|    clip_fraction        | 0.0592       |
|    clip_range           | 0.2          |
|    entropy_loss         | -2.04        |
|    explained_variance   | 0.932        |
|    learning_rate        | 0.0003       |
|    loss                 | -0.0296      |
|    n_updates            | 185          |
|    policy_gradient_loss | -0.00505     |
|    value_loss           | 0.00429      |
------------------------------------------
-----------------------------------------
| rollout/                |             |
|    ep_len_mean          | 388         |
|    ep_rew_mean          | 28.4        |
| time/                   |             |
|    fps                  | 468         |
|    iterations           | 39          |
|    time_elapsed         | 2044        |
|    total_timesteps      | 958464      |
| train/                  |             |
|    approx_kl            | 0.006946365 |
|    clip_fraction        | 0.053       |
|    clip_range           | 0.2         |
|    entropy_loss         | -2.04       |
|    explained_variance   | 0.93        |
|    learning_rate        | 0.0003      |
|    loss                 | -0.0244     |
|    n_updates            | 190         |
|    policy_gradient_loss | -0.00393    |
|    value_loss           | 0.00439     |
-----------------------------------------
------------------------------------------
| rollout/                |              |
|    ep_len_mean          | 388          |
|    ep_rew_mean          | 28.5         |
| time/                   |              |
|    fps                  | 469          |
|    iterations           | 40           |
|    time_elapsed         | 2093         |
|    total_timesteps      | 983040       |
| train/                  |              |
|    approx_kl            | 0.0073499805 |
|    clip_fraction        | 0.0645       |
|    clip_range           | 0.2          |
|    entropy_loss         | -2.03        |
|    explained_variance   | 0.932        |
|    learning_rate        | 0.0003       |
|    loss                 | -0.0248      |
|    n_updates            | 195          |
|    policy_gradient_loss | -0.00412     |
|    value_loss           | 0.00439      |
------------------------------------------
[Checkpoint] Saved at 1000000 steps > /home/runner/work/Disciples2-RL/Disciples2-RL/github_experiments/119/magic_train/all_enemies/seed119-magic_train-all_enemies-30016284393-1/checkpoints/campaign_ppo_step_1000000.zip
Eval num_timesteps=1000008, det_reward=27.79 +/- 0.27
Episode length: det=326.55 +/- 17.45
Victory rate: det=100.00%
-------------------------------------------------
| eval/                           |             |
|    deterministic_mean_ep_length | 327         |
|    deterministic_mean_reward    | 27.8        |
|    deterministic_victory_rate   | 1           |
|    mean_ep_length               | 327         |
|    mean_reward                  | 27.8        |
|    victory_rate                 | 1           |
| time/                           |             |
|    total_timesteps              | 1000008     |
| train/                          |             |
|    approx_kl                    | 0.008779271 |
|    clip_fraction                | 0.0842      |
|    clip_range                   | 0.2         |
|    entropy_loss                 | -2.01       |
|    explained_variance           | 0.944       |
|    learning_rate                | 0.0003      |
|    loss                         | -0.0309     |
|    n_updates                    | 200         |
|    policy_gradient_loss         | -0.00597    |
|    value_loss                   | 0.0038      |
-------------------------------------------------
New best model by deterministic victory rate!
---------------------------------
| rollout/           |          |
|    ep_len_mean     | 385      |
|    ep_rew_mean     | 28.5     |
| time/              |          |
|    fps             | 466      |
|    iterations      | 41       |
|    time_elapsed    | 2160     |
|    total_timesteps | 1007616  |
---------------------------------
VecNormalize stats saved: /home/runner/work/Disciples2-RL/Disciples2-RL/github_experiments/119/magic_train/all_enemies/seed119-magic_train-all_enemies-30016284393-1/models/vecnormalize.pkl

Финальная модель сохранена: /home/runner/work/Disciples2-RL/Disciples2-RL/github_experiments/119/magic_train/all_enemies/seed119-magic_train-all_enemies-30016284393-1/models/final_model.zip

============================================================
ИТОГИ ОБУЧЕНИЯ:
  Побед: 1403
  Поражений: 0
  Таймаутов: 59
  Побед бота столицы над врагами: 0
  Перестановок юнитов: 197326
  Winrate: 96.0%
============================================================
  График призывов за эпизод: /home/runner/work/Disciples2-RL/Disciples2-RL/github_experiments/119/magic_train/all_enemies/seed119-magic_train-all_enemies-30016284393-1/plots/campaign_summoned_units_per_episode.png
  График призывов за всё обучение: /home/runner/work/Disciples2-RL/Disciples2-RL/github_experiments/119/magic_train/all_enemies/seed119-magic_train-all_enemies-30016284393-1/plots/campaign_summoned_units_cumulative.png
  График найма за эпизод: /home/runner/work/Disciples2-RL/Disciples2-RL/github_experiments/119/magic_train/all_enemies/seed119-magic_train-all_enemies-30016284393-1/plots/campaign_hired_units_per_episode.png
  График найма за всё обучение: /home/runner/work/Disciples2-RL/Disciples2-RL/github_experiments/119/magic_train/all_enemies/seed119-magic_train-all_enemies-30016284393-1/plots/campaign_hired_units_cumulative.png
  График перестановок юнитов за эпизод: /home/runner/work/Disciples2-RL/Disciples2-RL/github_experiments/119/magic_train/all_enemies/seed119-magic_train-all_enemies-30016284393-1/plots/campaign_unit_swaps_per_episode.png
  График боевых предметов: /home/runner/work/Disciples2-RL/Disciples2-RL/github_experiments/119/magic_train/all_enemies/seed119-magic_train-all_enemies-30016284393-1/plots/campaign_battle_item_activity.png
  График побед бота столицы за эпизод: /home/runner/work/Disciples2-RL/Disciples2-RL/github_experiments/119/magic_train/all_enemies/seed119-magic_train-all_enemies-30016284393-1/plots/campaign_scripted_bot_victories_per_episode.png
  График применения заклинаний: /home/runner/work/Disciples2-RL/Disciples2-RL/github_experiments/119/magic_train/all_enemies/seed119-magic_train-all_enemies-30016284393-1/plots/campaign_spell_cast_activity.png
