Проверка среды CampaignEnv...
Среда прошла проверку!
[INFO] Comet disabled, running without experiment tracking
Создание 12 параллельных сред (subproc)...
Инициализация MaskablePPO...
Using cpu device

============================================================
Запуск обучения Campaign Agent
Всего шагов: 1,000,000
Параллельных сред: 12
VecEnv: subproc
VecEnv start method: forkserver
Seed: 105
Checkpoint каждые: 500,000 шагов
Evaluation каждые: 83,334 шагов
Eval deterministic эпизодов: 20
Eval stochastic эпизодов: 0
Eval лимит шагов на эпизод: 5000
Campaign objective: blue_dragon
System resources at training start:
  Platform: Linux 6.17.0-1018-azure (x86_64)
  Python: 3.14.6
  PyTorch: 2.13.0+cpu
  Training device: cpu
  CPU model: AMD EPYC 7763 64-Core Processor
  CPU vendor: AuthenticAMD
  Logical CPUs visible: 4
  Process CPU affinity: 4
  Sockets: 1
  Cores per socket: 2
  Threads per core: 2
  CPU max MHz: unknown
  CPU min MHz: unknown
  L1d cache: 64 KiB (2 instances)
  L1i cache: 64 KiB (2 instances)
  L2 cache: 1 MiB (2 instances)
  L3 cache: 32 MiB (1 instance)
  Virtualization: AMD-V
  Hypervisor: Microsoft
  RAM total: 15.61 GiB
  RAM available at start: 13.97 GiB
  Disk total: 144.26 GiB
  Disk free at start: 86.08 GiB
  Torch intra-op threads: 4
  Torch inter-op threads: 2
  OMP_NUM_THREADS: 4
  MKL_NUM_THREADS: 4
  OPENBLAS_NUM_THREADS: 4
  GitHub runner OS: Linux
  GitHub runner architecture: X64
  GitHub runner environment: github-hosted
PPO n_steps: 2,048
PPO batch_size: 512
PPO n_epochs: 5
PPO learning_rate: 0.0003
PPO clip_range: 0.2
PPO ent_coef: 0.01
PPO gamma: 0.995
PPO gae_lambda: 0.95
PPO target_kl: disabled
PPO gradient batches per rollout: 240
VecCheckNan: disabled
Freeze action layout: enabled
Empire territory: enabled
Torch threads per process: 4
Diagnostics: disabled
Wall-clock training limit: disabled
Run ID: seed105-blue_dragon-29324491904-1
============================================================

Logging to /home/runner/work/Disciples2-RL/Disciples2-RL/github_experiments/105/blue_dragon/seed105-blue_dragon-29324491904-1/tensorboard/MaskablePPO_1
---------------------------------
| rollout/           |          |
|    ep_len_mean     | 276      |
|    ep_rew_mean     | 3.16     |
| time/              |          |
|    fps             | 437      |
|    iterations      | 1        |
|    time_elapsed    | 56       |
|    total_timesteps | 24576    |
---------------------------------
----------------------------------------
| rollout/                |            |
|    ep_len_mean          | 350        |
|    ep_rew_mean          | 3.16       |
| time/                   |            |
|    fps                  | 410        |
|    iterations           | 2          |
|    time_elapsed         | 119        |
|    total_timesteps      | 49152      |
| train/                  |            |
|    approx_kl            | 0.01024975 |
|    clip_fraction        | 0.0848     |
|    clip_range           | 0.2        |
|    entropy_loss         | -2.23      |
|    explained_variance   | -0.0479    |
|    learning_rate        | 0.0003     |
|    loss                 | 0.168      |
|    n_updates            | 5          |
|    policy_gradient_loss | -0.00646   |
|    value_loss           | 0.257      |
----------------------------------------
-----------------------------------------
| rollout/                |             |
|    ep_len_mean          | 473         |
|    ep_rew_mean          | 1.14        |
| time/                   |             |
|    fps                  | 399         |
|    iterations           | 3           |
|    time_elapsed         | 184         |
|    total_timesteps      | 73728       |
| train/                  |             |
|    approx_kl            | 0.010936311 |
|    clip_fraction        | 0.104       |
|    clip_range           | 0.2         |
|    entropy_loss         | -2.19       |
|    explained_variance   | 0.547       |
|    learning_rate        | 0.0003      |
|    loss                 | 0.0118      |
|    n_updates            | 10          |
|    policy_gradient_loss | -0.00863    |
|    value_loss           | 0.109       |
-----------------------------------------
-----------------------------------------
| rollout/                |             |
|    ep_len_mean          | 582         |
|    ep_rew_mean          | 0.659       |
| time/                   |             |
|    fps                  | 396         |
|    iterations           | 4           |
|    time_elapsed         | 247         |
|    total_timesteps      | 98304       |
| train/                  |             |
|    approx_kl            | 0.009438547 |
|    clip_fraction        | 0.0933      |
|    clip_range           | 0.2         |
|    entropy_loss         | -2.14       |
|    explained_variance   | 0.725       |
|    learning_rate        | 0.0003      |
|    loss                 | -0.0122     |
|    n_updates            | 15          |
|    policy_gradient_loss | -0.00846    |
|    value_loss           | 0.0513      |
-----------------------------------------
-----------------------------------------
| rollout/                |             |
|    ep_len_mean          | 455         |
|    ep_rew_mean          | 8.24        |
| time/                   |             |
|    fps                  | 396         |
|    iterations           | 5           |
|    time_elapsed         | 310         |
|    total_timesteps      | 122880      |
| train/                  |             |
|    approx_kl            | 0.010660435 |
|    clip_fraction        | 0.101       |
|    clip_range           | 0.2         |
|    entropy_loss         | -2.14       |
|    explained_variance   | 0.781       |
|    learning_rate        | 0.0003      |
|    loss                 | -0.0087     |
|    n_updates            | 20          |
|    policy_gradient_loss | -0.0091     |
|    value_loss           | 0.0565      |
-----------------------------------------
-----------------------------------------
| rollout/                |             |
|    ep_len_mean          | 362         |
|    ep_rew_mean          | 10.9        |
| time/                   |             |
|    fps                  | 394         |
|    iterations           | 6           |
|    time_elapsed         | 373         |
|    total_timesteps      | 147456      |
| train/                  |             |
|    approx_kl            | 0.010196498 |
|    clip_fraction        | 0.0959      |
|    clip_range           | 0.2         |
|    entropy_loss         | -2.06       |
|    explained_variance   | 0.8         |
|    learning_rate        | 0.0003      |
|    loss                 | 0.00593     |
|    n_updates            | 25          |
|    policy_gradient_loss | -0.00767    |
|    value_loss           | 0.0662      |
-----------------------------------------
---------------------------------------
| rollout/                |           |
|    ep_len_mean          | 338       |
|    ep_rew_mean          | 14.6      |
| time/                   |           |
|    fps                  | 394       |
|    iterations           | 7         |
|    time_elapsed         | 435       |
|    total_timesteps      | 172032    |
| train/                  |           |
|    approx_kl            | 0.0097389 |
|    clip_fraction        | 0.0874    |
|    clip_range           | 0.2       |
|    entropy_loss         | -2.08     |
|    explained_variance   | 0.823     |
|    learning_rate        | 0.0003    |
|    loss                 | 0.0124    |
|    n_updates            | 30        |
|    policy_gradient_loss | -0.00815  |
|    value_loss           | 0.0761    |
---------------------------------------
-----------------------------------------
| rollout/                |             |
|    ep_len_mean          | 282         |
|    ep_rew_mean          | 15          |
| time/                   |             |
|    fps                  | 395         |
|    iterations           | 8           |
|    time_elapsed         | 497         |
|    total_timesteps      | 196608      |
| train/                  |             |
|    approx_kl            | 0.009225267 |
|    clip_fraction        | 0.0871      |
|    clip_range           | 0.2         |
|    entropy_loss         | -2.1        |
|    explained_variance   | 0.848       |
|    learning_rate        | 0.0003      |
|    loss                 | 0.00506     |
|    n_updates            | 35          |
|    policy_gradient_loss | -0.00796    |
|    value_loss           | 0.0751      |
-----------------------------------------
-----------------------------------------
| rollout/                |             |
|    ep_len_mean          | 280         |
|    ep_rew_mean          | 15.9        |
| time/                   |             |
|    fps                  | 395         |
|    iterations           | 9           |
|    time_elapsed         | 558         |
|    total_timesteps      | 221184      |
| train/                  |             |
|    approx_kl            | 0.008693835 |
|    clip_fraction        | 0.0773      |
|    clip_range           | 0.2         |
|    entropy_loss         | -2.07       |
|    explained_variance   | 0.837       |
|    learning_rate        | 0.0003      |
|    loss                 | 0.0252      |
|    n_updates            | 40          |
|    policy_gradient_loss | -0.006      |
|    value_loss           | 0.0973      |
-----------------------------------------
-----------------------------------------
| rollout/                |             |
|    ep_len_mean          | 257         |
|    ep_rew_mean          | 18.8        |
| time/                   |             |
|    fps                  | 395         |
|    iterations           | 10          |
|    time_elapsed         | 621         |
|    total_timesteps      | 245760      |
| train/                  |             |
|    approx_kl            | 0.009491655 |
|    clip_fraction        | 0.0933      |
|    clip_range           | 0.2         |
|    entropy_loss         | -2.06       |
|    explained_variance   | 0.856       |
|    learning_rate        | 0.0003      |
|    loss                 | 0.00728     |
|    n_updates            | 45          |
|    policy_gradient_loss | -0.00688    |
|    value_loss           | 0.0782      |
-----------------------------------------
-----------------------------------------
| rollout/                |             |
|    ep_len_mean          | 240         |
|    ep_rew_mean          | 19.6        |
| time/                   |             |
|    fps                  | 396         |
|    iterations           | 11          |
|    time_elapsed         | 681         |
|    total_timesteps      | 270336      |
| train/                  |             |
|    approx_kl            | 0.008758527 |
|    clip_fraction        | 0.0788      |
|    clip_range           | 0.2         |
|    entropy_loss         | -2.03       |
|    explained_variance   | 0.828       |
|    learning_rate        | 0.0003      |
|    loss                 | 0.0212      |
|    n_updates            | 50          |
|    policy_gradient_loss | -0.00533    |
|    value_loss           | 0.105       |
-----------------------------------------
-----------------------------------------
| rollout/                |             |
|    ep_len_mean          | 205         |
|    ep_rew_mean          | 16.5        |
| time/                   |             |
|    fps                  | 398         |
|    iterations           | 12          |
|    time_elapsed         | 740         |
|    total_timesteps      | 294912      |
| train/                  |             |
|    approx_kl            | 0.008242652 |
|    clip_fraction        | 0.0772      |
|    clip_range           | 0.2         |
|    entropy_loss         | -2          |
|    explained_variance   | 0.817       |
|    learning_rate        | 0.0003      |
|    loss                 | 0.0166      |
|    n_updates            | 55          |
|    policy_gradient_loss | -0.00606    |
|    value_loss           | 0.122       |
-----------------------------------------
-----------------------------------------
| rollout/                |             |
|    ep_len_mean          | 233         |
|    ep_rew_mean          | 18.8        |
| time/                   |             |
|    fps                  | 398         |
|    iterations           | 13          |
|    time_elapsed         | 800         |
|    total_timesteps      | 319488      |
| train/                  |             |
|    approx_kl            | 0.008430164 |
|    clip_fraction        | 0.0857      |
|    clip_range           | 0.2         |
|    entropy_loss         | -1.97       |
|    explained_variance   | 0.829       |
|    learning_rate        | 0.0003      |
|    loss                 | 0.0247      |
|    n_updates            | 60          |
|    policy_gradient_loss | -0.00559    |
|    value_loss           | 0.107       |
-----------------------------------------
-----------------------------------------
| rollout/                |             |
|    ep_len_mean          | 284         |
|    ep_rew_mean          | 22.4        |
| time/                   |             |
|    fps                  | 399         |
|    iterations           | 14          |
|    time_elapsed         | 861         |
|    total_timesteps      | 344064      |
| train/                  |             |
|    approx_kl            | 0.008789273 |
|    clip_fraction        | 0.088       |
|    clip_range           | 0.2         |
|    entropy_loss         | -1.98       |
|    explained_variance   | 0.856       |
|    learning_rate        | 0.0003      |
|    loss                 | 0.00412     |
|    n_updates            | 65          |
|    policy_gradient_loss | -0.0072     |
|    value_loss           | 0.0954      |
-----------------------------------------
-----------------------------------------
| rollout/                |             |
|    ep_len_mean          | 247         |
|    ep_rew_mean          | 23.5        |
| time/                   |             |
|    fps                  | 400         |
|    iterations           | 15          |
|    time_elapsed         | 921         |
|    total_timesteps      | 368640      |
| train/                  |             |
|    approx_kl            | 0.007818758 |
|    clip_fraction        | 0.0774      |
|    clip_range           | 0.2         |
|    entropy_loss         | -1.95       |
|    explained_variance   | 0.839       |
|    learning_rate        | 0.0003      |
|    loss                 | 0.0256      |
|    n_updates            | 70          |
|    policy_gradient_loss | -0.00558    |
|    value_loss           | 0.102       |
-----------------------------------------
-----------------------------------------
| rollout/                |             |
|    ep_len_mean          | 278         |
|    ep_rew_mean          | 25.2        |
| time/                   |             |
|    fps                  | 400         |
|    iterations           | 16          |
|    time_elapsed         | 982         |
|    total_timesteps      | 393216      |
| train/                  |             |
|    approx_kl            | 0.009677776 |
|    clip_fraction        | 0.0813      |
|    clip_range           | 0.2         |
|    entropy_loss         | -1.95       |
|    explained_variance   | 0.845       |
|    learning_rate        | 0.0003      |
|    loss                 | 0.0216      |
|    n_updates            | 75          |
|    policy_gradient_loss | -0.00515    |
|    value_loss           | 0.108       |
-----------------------------------------
-----------------------------------------
| rollout/                |             |
|    ep_len_mean          | 260         |
|    ep_rew_mean          | 24.6        |
| time/                   |             |
|    fps                  | 401         |
|    iterations           | 17          |
|    time_elapsed         | 1041        |
|    total_timesteps      | 417792      |
| train/                  |             |
|    approx_kl            | 0.008352258 |
|    clip_fraction        | 0.0844      |
|    clip_range           | 0.2         |
|    entropy_loss         | -1.91       |
|    explained_variance   | 0.847       |
|    learning_rate        | 0.0003      |
|    loss                 | 0.00791     |
|    n_updates            | 80          |
|    policy_gradient_loss | -0.00616    |
|    value_loss           | 0.105       |
-----------------------------------------
-----------------------------------------
| rollout/                |             |
|    ep_len_mean          | 251         |
|    ep_rew_mean          | 27          |
| time/                   |             |
|    fps                  | 401         |
|    iterations           | 18          |
|    time_elapsed         | 1102        |
|    total_timesteps      | 442368      |
| train/                  |             |
|    approx_kl            | 0.007332357 |
|    clip_fraction        | 0.0731      |
|    clip_range           | 0.2         |
|    entropy_loss         | -1.84       |
|    explained_variance   | 0.854       |
|    learning_rate        | 0.0003      |
|    loss                 | 0.0217      |
|    n_updates            | 85          |
|    policy_gradient_loss | -0.00541    |
|    value_loss           | 0.1         |
-----------------------------------------
-----------------------------------------
| rollout/                |             |
|    ep_len_mean          | 277         |
|    ep_rew_mean          | 27.9        |
| time/                   |             |
|    fps                  | 401         |
|    iterations           | 19          |
|    time_elapsed         | 1161        |
|    total_timesteps      | 466944      |
| train/                  |             |
|    approx_kl            | 0.008083579 |
|    clip_fraction        | 0.0722      |
|    clip_range           | 0.2         |
|    entropy_loss         | -1.82       |
|    explained_variance   | 0.85        |
|    learning_rate        | 0.0003      |
|    loss                 | 0.024       |
|    n_updates            | 90          |
|    policy_gradient_loss | -0.00534    |
|    value_loss           | 0.118       |
-----------------------------------------
-----------------------------------------
| rollout/                |             |
|    ep_len_mean          | 240         |
|    ep_rew_mean          | 28.2        |
| time/                   |             |
|    fps                  | 402         |
|    iterations           | 20          |
|    time_elapsed         | 1221        |
|    total_timesteps      | 491520      |
| train/                  |             |
|    approx_kl            | 0.007820205 |
|    clip_fraction        | 0.0755      |
|    clip_range           | 0.2         |
|    entropy_loss         | -1.81       |
|    explained_variance   | 0.866       |
|    learning_rate        | 0.0003      |
|    loss                 | 0.0155      |
|    n_updates            | 95          |
|    policy_gradient_loss | -0.00574    |
|    value_loss           | 0.101       |
-----------------------------------------
[Checkpoint] Saved at 500000 steps > /home/runner/work/Disciples2-RL/Disciples2-RL/github_experiments/105/blue_dragon/seed105-blue_dragon-29324491904-1/checkpoints/campaign_ppo_step_500000.zip
------------------------------------------
| rollout/                |              |
|    ep_len_mean          | 283          |
|    ep_rew_mean          | 32.7         |
| time/                   |              |
|    fps                  | 402          |
|    iterations           | 21           |
|    time_elapsed         | 1282         |
|    total_timesteps      | 516096       |
| train/                  |              |
|    approx_kl            | 0.0078028315 |
|    clip_fraction        | 0.0716       |
|    clip_range           | 0.2          |
|    entropy_loss         | -1.75        |
|    explained_variance   | 0.835        |
|    learning_rate        | 0.0003       |
|    loss                 | 0.027        |
|    n_updates            | 100          |
|    policy_gradient_loss | -0.00515     |
|    value_loss           | 0.112        |
------------------------------------------
------------------------------------------
| rollout/                |              |
|    ep_len_mean          | 309          |
|    ep_rew_mean          | 36.2         |
| time/                   |              |
|    fps                  | 402          |
|    iterations           | 22           |
|    time_elapsed         | 1343         |
|    total_timesteps      | 540672       |
| train/                  |              |
|    approx_kl            | 0.0073882695 |
|    clip_fraction        | 0.0651       |
|    clip_range           | 0.2          |
|    entropy_loss         | -1.74        |
|    explained_variance   | 0.867        |
|    learning_rate        | 0.0003       |
|    loss                 | 0.0186       |
|    n_updates            | 105          |
|    policy_gradient_loss | -0.00451     |
|    value_loss           | 0.115        |
------------------------------------------
-----------------------------------------
| rollout/                |             |
|    ep_len_mean          | 368         |
|    ep_rew_mean          | 33.2        |
| time/                   |             |
|    fps                  | 402         |
|    iterations           | 23          |
|    time_elapsed         | 1403        |
|    total_timesteps      | 565248      |
| train/                  |             |
|    approx_kl            | 0.008437951 |
|    clip_fraction        | 0.0784      |
|    clip_range           | 0.2         |
|    entropy_loss         | -1.72       |
|    explained_variance   | 0.883       |
|    learning_rate        | 0.0003      |
|    loss                 | 0.0181      |
|    n_updates            | 110         |
|    policy_gradient_loss | -0.00544    |
|    value_loss           | 0.107       |
-----------------------------------------
-----------------------------------------
| rollout/                |             |
|    ep_len_mean          | 350         |
|    ep_rew_mean          | 35.3        |
| time/                   |             |
|    fps                  | 402         |
|    iterations           | 24          |
|    time_elapsed         | 1463        |
|    total_timesteps      | 589824      |
| train/                  |             |
|    approx_kl            | 0.007757087 |
|    clip_fraction        | 0.067       |
|    clip_range           | 0.2         |
|    entropy_loss         | -1.69       |
|    explained_variance   | 0.896       |
|    learning_rate        | 0.0003      |
|    loss                 | 0.0312      |
|    n_updates            | 115         |
|    policy_gradient_loss | -0.00528    |
|    value_loss           | 0.0996      |
-----------------------------------------
------------------------------------------
| rollout/                |              |
|    ep_len_mean          | 442          |
|    ep_rew_mean          | 33           |
| time/                   |              |
|    fps                  | 402          |
|    iterations           | 25           |
|    time_elapsed         | 1525         |
|    total_timesteps      | 614400       |
| train/                  |              |
|    approx_kl            | 0.0080821235 |
|    clip_fraction        | 0.0834       |
|    clip_range           | 0.2          |
|    entropy_loss         | -1.68        |
|    explained_variance   | 0.938        |
|    learning_rate        | 0.0003       |
|    loss                 | 0.0189       |
|    n_updates            | 120          |
|    policy_gradient_loss | -0.00617     |
|    value_loss           | 0.0867       |
------------------------------------------
------------------------------------------
| rollout/                |              |
|    ep_len_mean          | 479          |
|    ep_rew_mean          | 32.3         |
| time/                   |              |
|    fps                  | 402          |
|    iterations           | 26           |
|    time_elapsed         | 1585         |
|    total_timesteps      | 638976       |
| train/                  |              |
|    approx_kl            | 0.0073383744 |
|    clip_fraction        | 0.067        |
|    clip_range           | 0.2          |
|    entropy_loss         | -1.7         |
|    explained_variance   | 0.95         |
|    learning_rate        | 0.0003       |
|    loss                 | 0.0136       |
|    n_updates            | 125          |
|    policy_gradient_loss | -0.00458     |
|    value_loss           | 0.0719       |
------------------------------------------
-----------------------------------------
| rollout/                |             |
|    ep_len_mean          | 430         |
|    ep_rew_mean          | 39.6        |
| time/                   |             |
|    fps                  | 403         |
|    iterations           | 27          |
|    time_elapsed         | 1646        |
|    total_timesteps      | 663552      |
| train/                  |             |
|    approx_kl            | 0.009158756 |
|    clip_fraction        | 0.0862      |
|    clip_range           | 0.2         |
|    entropy_loss         | -1.7        |
|    explained_variance   | 0.941       |
|    learning_rate        | 0.0003      |
|    loss                 | 0.00294     |
|    n_updates            | 130         |
|    policy_gradient_loss | -0.0051     |
|    value_loss           | 0.0709      |
-----------------------------------------
-----------------------------------------
| rollout/                |             |
|    ep_len_mean          | 443         |
|    ep_rew_mean          | 44.9        |
| time/                   |             |
|    fps                  | 402         |
|    iterations           | 28          |
|    time_elapsed         | 1708        |
|    total_timesteps      | 688128      |
| train/                  |             |
|    approx_kl            | 0.007574767 |
|    clip_fraction        | 0.0663      |
|    clip_range           | 0.2         |
|    entropy_loss         | -1.65       |
|    explained_variance   | 0.902       |
|    learning_rate        | 0.0003      |
|    loss                 | 0.0161      |
|    n_updates            | 135         |
|    policy_gradient_loss | -0.00384    |
|    value_loss           | 0.0874      |
-----------------------------------------
------------------------------------------
| rollout/                |              |
|    ep_len_mean          | 516          |
|    ep_rew_mean          | 48.3         |
| time/                   |              |
|    fps                  | 402          |
|    iterations           | 29           |
|    time_elapsed         | 1770         |
|    total_timesteps      | 712704       |
| train/                  |              |
|    approx_kl            | 0.0068572355 |
|    clip_fraction        | 0.0549       |
|    clip_range           | 0.2          |
|    entropy_loss         | -1.71        |
|    explained_variance   | 0.918        |
|    learning_rate        | 0.0003       |
|    loss                 | 0.0123       |
|    n_updates            | 140          |
|    policy_gradient_loss | -0.00414     |
|    value_loss           | 0.074        |
------------------------------------------
-----------------------------------------
| rollout/                |             |
|    ep_len_mean          | 608         |
|    ep_rew_mean          | 50.2        |
| time/                   |             |
|    fps                  | 402         |
|    iterations           | 30          |
|    time_elapsed         | 1832        |
|    total_timesteps      | 737280      |
| train/                  |             |
|    approx_kl            | 0.006775301 |
|    clip_fraction        | 0.0616      |
|    clip_range           | 0.2         |
|    entropy_loss         | -1.71       |
|    explained_variance   | 0.945       |
|    learning_rate        | 0.0003      |
|    loss                 | 0.0004      |
|    n_updates            | 145         |
|    policy_gradient_loss | -0.00486    |
|    value_loss           | 0.056       |
-----------------------------------------
------------------------------------------
| rollout/                |              |
|    ep_len_mean          | 484          |
|    ep_rew_mean          | 46.1         |
| time/                   |              |
|    fps                  | 402          |
|    iterations           | 31           |
|    time_elapsed         | 1892         |
|    total_timesteps      | 761856       |
| train/                  |              |
|    approx_kl            | 0.0073817894 |
|    clip_fraction        | 0.0579       |
|    clip_range           | 0.2          |
|    entropy_loss         | -1.66        |
|    explained_variance   | 0.937        |
|    learning_rate        | 0.0003       |
|    loss                 | 0.00689      |
|    n_updates            | 150          |
|    policy_gradient_loss | -0.00387     |
|    value_loss           | 0.0638       |
------------------------------------------
-----------------------------------------
| rollout/                |             |
|    ep_len_mean          | 408         |
|    ep_rew_mean          | 48.3        |
| time/                   |             |
|    fps                  | 401         |
|    iterations           | 32          |
|    time_elapsed         | 1956        |
|    total_timesteps      | 786432      |
| train/                  |             |
|    approx_kl            | 0.008458117 |
|    clip_fraction        | 0.07        |
|    clip_range           | 0.2         |
|    entropy_loss         | -1.62       |
|    explained_variance   | 0.912       |
|    learning_rate        | 0.0003      |
|    loss                 | 0.0196      |
|    n_updates            | 155         |
|    policy_gradient_loss | -0.00488    |
|    value_loss           | 0.0805      |
-----------------------------------------
------------------------------------------
| rollout/                |              |
|    ep_len_mean          | 556          |
|    ep_rew_mean          | 51.8         |
| time/                   |              |
|    fps                  | 401          |
|    iterations           | 33           |
|    time_elapsed         | 2020         |
|    total_timesteps      | 811008       |
| train/                  |              |
|    approx_kl            | 0.0077023148 |
|    clip_fraction        | 0.0711       |
|    clip_range           | 0.2          |
|    entropy_loss         | -1.66        |
|    explained_variance   | 0.943        |
|    learning_rate        | 0.0003       |
|    loss                 | 0.00251      |
|    n_updates            | 160          |
|    policy_gradient_loss | -0.0045      |
|    value_loss           | 0.0636       |
------------------------------------------
------------------------------------------
| rollout/                |              |
|    ep_len_mean          | 642          |
|    ep_rew_mean          | 54.9         |
| time/                   |              |
|    fps                  | 401          |
|    iterations           | 34           |
|    time_elapsed         | 2083         |
|    total_timesteps      | 835584       |
| train/                  |              |
|    approx_kl            | 0.0063622487 |
|    clip_fraction        | 0.0576       |
|    clip_range           | 0.2          |
|    entropy_loss         | -1.65        |
|    explained_variance   | 0.933        |
|    learning_rate        | 0.0003       |
|    loss                 | -0.00154     |
|    n_updates            | 165          |
|    policy_gradient_loss | -0.00393     |
|    value_loss           | 0.0591       |
------------------------------------------
------------------------------------------
| rollout/                |              |
|    ep_len_mean          | 542          |
|    ep_rew_mean          | 59.2         |
| time/                   |              |
|    fps                  | 400          |
|    iterations           | 35           |
|    time_elapsed         | 2147         |
|    total_timesteps      | 860160       |
| train/                  |              |
|    approx_kl            | 0.0064174854 |
|    clip_fraction        | 0.0548       |
|    clip_range           | 0.2          |
|    entropy_loss         | -1.63        |
|    explained_variance   | 0.92         |
|    learning_rate        | 0.0003       |
|    loss                 | -0.00176     |
|    n_updates            | 170          |
|    policy_gradient_loss | -0.004       |
|    value_loss           | 0.0642       |
------------------------------------------
-----------------------------------------
| rollout/                |             |
|    ep_len_mean          | 493         |
|    ep_rew_mean          | 59.5        |
| time/                   |             |
|    fps                  | 399         |
|    iterations           | 36          |
|    time_elapsed         | 2212        |
|    total_timesteps      | 884736      |
| train/                  |             |
|    approx_kl            | 0.006527697 |
|    clip_fraction        | 0.0522      |
|    clip_range           | 0.2         |
|    entropy_loss         | -1.61       |
|    explained_variance   | 0.918       |
|    learning_rate        | 0.0003      |
|    loss                 | 0.00632     |
|    n_updates            | 175         |
|    policy_gradient_loss | -0.00314    |
|    value_loss           | 0.0599      |
-----------------------------------------
------------------------------------------
| rollout/                |              |
|    ep_len_mean          | 522          |
|    ep_rew_mean          | 62.5         |
| time/                   |              |
|    fps                  | 399          |
|    iterations           | 37           |
|    time_elapsed         | 2274         |
|    total_timesteps      | 909312       |
| train/                  |              |
|    approx_kl            | 0.0071037435 |
|    clip_fraction        | 0.0705       |
|    clip_range           | 0.2          |
|    entropy_loss         | -1.61        |
|    explained_variance   | 0.917        |
|    learning_rate        | 0.0003       |
|    loss                 | 0.00781      |
|    n_updates            | 180          |
|    policy_gradient_loss | -0.00394     |
|    value_loss           | 0.0632       |
------------------------------------------
------------------------------------------
| rollout/                |              |
|    ep_len_mean          | 522          |
|    ep_rew_mean          | 64.1         |
| time/                   |              |
|    fps                  | 399          |
|    iterations           | 38           |
|    time_elapsed         | 2336         |
|    total_timesteps      | 933888       |
| train/                  |              |
|    approx_kl            | 0.0072774105 |
|    clip_fraction        | 0.0637       |
|    clip_range           | 0.2          |
|    entropy_loss         | -1.56        |
|    explained_variance   | 0.904        |
|    learning_rate        | 0.0003       |
|    loss                 | 0.0194       |
|    n_updates            | 185          |
|    policy_gradient_loss | -0.00493     |
|    value_loss           | 0.0719       |
------------------------------------------
-----------------------------------------
| rollout/                |             |
|    ep_len_mean          | 515         |
|    ep_rew_mean          | 66.1        |
| time/                   |             |
|    fps                  | 399         |
|    iterations           | 39          |
|    time_elapsed         | 2398        |
|    total_timesteps      | 958464      |
| train/                  |             |
|    approx_kl            | 0.007606833 |
|    clip_fraction        | 0.0658      |
|    clip_range           | 0.2         |
|    entropy_loss         | -1.55       |
|    explained_variance   | 0.912       |
|    learning_rate        | 0.0003      |
|    loss                 | 0.00447     |
|    n_updates            | 190         |
|    policy_gradient_loss | -0.0038     |
|    value_loss           | 0.0631      |
-----------------------------------------
-----------------------------------------
| rollout/                |             |
|    ep_len_mean          | 680         |
|    ep_rew_mean          | 63.8        |
| time/                   |             |
|    fps                  | 399         |
|    iterations           | 40          |
|    time_elapsed         | 2461        |
|    total_timesteps      | 983040      |
| train/                  |             |
|    approx_kl            | 0.008180999 |
|    clip_fraction        | 0.0774      |
|    clip_range           | 0.2         |
|    entropy_loss         | -1.55       |
|    explained_variance   | 0.945       |
|    learning_rate        | 0.0003      |
|    loss                 | -0.00196    |
|    n_updates            | 195         |
|    policy_gradient_loss | -0.00457    |
|    value_loss           | 0.0486      |
-----------------------------------------
[Checkpoint] Saved at 1000000 steps > /home/runner/work/Disciples2-RL/Disciples2-RL/github_experiments/105/blue_dragon/seed105-blue_dragon-29324491904-1/checkpoints/campaign_ppo_step_1000000.zip
Eval num_timesteps=1000008, det_reward=-117.60 +/- 158.95
Episode length: det=3121.35 +/- 2218.11
Victory rate: det=0.00%
--------------------------------------------------
| eval/                           |              |
|    deterministic_mean_ep_length | 3.12e+03     |
|    deterministic_mean_reward    | -118         |
|    deterministic_victory_rate   | 0            |
|    mean_ep_length               | 3.12e+03     |
|    mean_reward                  | -118         |
|    victory_rate                 | 0            |
| time/                           |              |
|    total_timesteps              | 1000008      |
| train/                          |              |
|    approx_kl                    | 0.0075896196 |
|    clip_fraction                | 0.0681       |
|    clip_range                   | 0.2          |
|    entropy_loss                 | -1.62        |
|    explained_variance           | 0.94         |
|    learning_rate                | 0.0003       |
|    loss                         | -0.0075      |
|    n_updates                    | 200          |
|    policy_gradient_loss         | -0.00447     |
|    value_loss                   | 0.0532       |
--------------------------------------------------
New best model by deterministic victory rate!
---------------------------------
| rollout/           |          |
|    ep_len_mean     | 707      |
|    ep_rew_mean     | 68.7     |
| time/              |          |
|    fps             | 362      |
|    iterations      | 41       |
|    time_elapsed    | 2777     |
|    total_timesteps | 1007616  |
---------------------------------
VecNormalize stats saved: /home/runner/work/Disciples2-RL/Disciples2-RL/github_experiments/105/blue_dragon/seed105-blue_dragon-29324491904-1/models/vecnormalize.pkl

Финальная модель сохранена: /home/runner/work/Disciples2-RL/Disciples2-RL/github_experiments/105/blue_dragon/seed105-blue_dragon-29324491904-1/models/final_model.zip

============================================================
ИТОГИ ОБУЧЕНИЯ:
  Побед: 0
  Поражений: 2726
  Таймаутов: 0
  Побед бота столицы над врагами: 0
  Перестановок юнитов: 219593
  Winrate: 0.0%
============================================================
  График призывов за эпизод: /home/runner/work/Disciples2-RL/Disciples2-RL/github_experiments/105/blue_dragon/seed105-blue_dragon-29324491904-1/plots/campaign_summoned_units_per_episode.png
  График призывов за всё обучение: /home/runner/work/Disciples2-RL/Disciples2-RL/github_experiments/105/blue_dragon/seed105-blue_dragon-29324491904-1/plots/campaign_summoned_units_cumulative.png
  График найма за эпизод: /home/runner/work/Disciples2-RL/Disciples2-RL/github_experiments/105/blue_dragon/seed105-blue_dragon-29324491904-1/plots/campaign_hired_units_per_episode.png
  График найма за всё обучение: /home/runner/work/Disciples2-RL/Disciples2-RL/github_experiments/105/blue_dragon/seed105-blue_dragon-29324491904-1/plots/campaign_hired_units_cumulative.png
  График перестановок юнитов за эпизод: /home/runner/work/Disciples2-RL/Disciples2-RL/github_experiments/105/blue_dragon/seed105-blue_dragon-29324491904-1/plots/campaign_unit_swaps_per_episode.png
  График боевых предметов: /home/runner/work/Disciples2-RL/Disciples2-RL/github_experiments/105/blue_dragon/seed105-blue_dragon-29324491904-1/plots/campaign_battle_item_activity.png
  График побед бота столицы за эпизод: /home/runner/work/Disciples2-RL/Disciples2-RL/github_experiments/105/blue_dragon/seed105-blue_dragon-29324491904-1/plots/campaign_scripted_bot_victories_per_episode.png
  График применения заклинаний: /home/runner/work/Disciples2-RL/Disciples2-RL/github_experiments/105/blue_dragon/seed105-blue_dragon-29324491904-1/plots/campaign_spell_cast_activity.png
