Проверка среды CampaignEnv...
Среда прошла проверку!
[INFO] Comet disabled, running without experiment tracking
Создание 12 параллельных сред (subproc)...
Инициализация MaskablePPO...
Using cpu device

============================================================
Запуск обучения Campaign Agent
Всего шагов: 1,000,000
Параллельных сред: 12
VecEnv: subproc
VecEnv start method: forkserver
Seed: 108
Checkpoint каждые: 500,000 шагов
Evaluation каждые: 83,334 шагов
Eval deterministic эпизодов: 20
Eval stochastic эпизодов: 0
Eval лимит шагов на эпизод: 5000
Campaign map: small
Campaign objective: blue_dragon
System resources at training start:
  Platform: Linux 6.17.0-1020-azure (x86_64)
  Python: 3.14.6
  PyTorch: 2.13.0+cpu
  Training device: cpu
  CPU model: Intel(R) Xeon(R) 6973P-C
  CPU vendor: GenuineIntel
  Logical CPUs visible: 4
  Process CPU affinity: 4
  Sockets: 1
  Cores per socket: 2
  Threads per core: 2
  CPU max MHz: 2600.0000
  CPU min MHz: 800.0000
  L1d cache: 96 KiB (2 instances)
  L1i cache: 128 KiB (2 instances)
  L2 cache: 4 MiB (2 instances)
  L3 cache: 480 MiB (1 instance)
  Virtualization: VT-x
  Hypervisor: Microsoft
  RAM total: 15.61 GiB
  RAM available at start: 13.89 GiB
  Disk total: 144.26 GiB
  Disk free at start: 85.66 GiB
  Torch intra-op threads: 4
  Torch inter-op threads: 2
  OMP_NUM_THREADS: 4
  MKL_NUM_THREADS: 4
  OPENBLAS_NUM_THREADS: 4
  GitHub runner OS: Linux
  GitHub runner architecture: X64
  GitHub runner environment: github-hosted
PPO n_steps: 2,048
PPO batch_size: 512
PPO n_epochs: 5
PPO learning_rate: 0.0003
PPO clip_range: 0.2
PPO ent_coef: 0.01
PPO gamma: 0.995
PPO gae_lambda: 0.95
PPO target_kl: disabled
PPO gradient batches per rollout: 240
VecCheckNan: disabled
Freeze action layout: enabled
Empire territory: enabled
Torch threads per process: 4
Diagnostics: disabled
Wall-clock training limit: disabled
Run ID: seed108-blue_dragon-29477054110-1
============================================================

Logging to /home/runner/work/Disciples2-RL/Disciples2-RL/github_experiments/108/blue_dragon/seed108-blue_dragon-29477054110-1/tensorboard/MaskablePPO_1
---------------------------------
| rollout/           |          |
|    ep_len_mean     | 116      |
|    ep_rew_mean     | -2.63    |
| time/              |          |
|    fps             | 928      |
|    iterations      | 1        |
|    time_elapsed    | 26       |
|    total_timesteps | 24576    |
---------------------------------
-----------------------------------------
| rollout/                |             |
|    ep_len_mean          | 134         |
|    ep_rew_mean          | -0.16       |
| time/                   |             |
|    fps                  | 903         |
|    iterations           | 2           |
|    time_elapsed         | 54          |
|    total_timesteps      | 49152       |
| train/                  |             |
|    approx_kl            | 0.011236311 |
|    clip_fraction        | 0.114       |
|    clip_range           | 0.2         |
|    entropy_loss         | -2.2        |
|    explained_variance   | 0.0832      |
|    learning_rate        | 0.0003      |
|    loss                 | 0.242       |
|    n_updates            | 5           |
|    policy_gradient_loss | -0.00783    |
|    value_loss           | 0.571       |
-----------------------------------------
-----------------------------------------
| rollout/                |             |
|    ep_len_mean          | 168         |
|    ep_rew_mean          | 1.89        |
| time/                   |             |
|    fps                  | 891         |
|    iterations           | 3           |
|    time_elapsed         | 82          |
|    total_timesteps      | 73728       |
| train/                  |             |
|    approx_kl            | 0.011332293 |
|    clip_fraction        | 0.125       |
|    clip_range           | 0.2         |
|    entropy_loss         | -2.15       |
|    explained_variance   | 0.509       |
|    learning_rate        | 0.0003      |
|    loss                 | 0.132       |
|    n_updates            | 10          |
|    policy_gradient_loss | -0.0107     |
|    value_loss           | 0.335       |
-----------------------------------------
-----------------------------------------
| rollout/                |             |
|    ep_len_mean          | 221         |
|    ep_rew_mean          | 0.372       |
| time/                   |             |
|    fps                  | 881         |
|    iterations           | 4           |
|    time_elapsed         | 111         |
|    total_timesteps      | 98304       |
| train/                  |             |
|    approx_kl            | 0.009687805 |
|    clip_fraction        | 0.11        |
|    clip_range           | 0.2         |
|    entropy_loss         | -2.08       |
|    explained_variance   | 0.641       |
|    learning_rate        | 0.0003      |
|    loss                 | 0.105       |
|    n_updates            | 15          |
|    policy_gradient_loss | -0.0109     |
|    value_loss           | 0.262       |
-----------------------------------------
-----------------------------------------
| rollout/                |             |
|    ep_len_mean          | 349         |
|    ep_rew_mean          | -0.5        |
| time/                   |             |
|    fps                  | 866         |
|    iterations           | 5           |
|    time_elapsed         | 141         |
|    total_timesteps      | 122880      |
| train/                  |             |
|    approx_kl            | 0.009288846 |
|    clip_fraction        | 0.0985      |
|    clip_range           | 0.2         |
|    entropy_loss         | -2.07       |
|    explained_variance   | 0.837       |
|    learning_rate        | 0.0003      |
|    loss                 | 0.0163      |
|    n_updates            | 20          |
|    policy_gradient_loss | -0.00956    |
|    value_loss           | 0.115       |
-----------------------------------------
-----------------------------------------
| rollout/                |             |
|    ep_len_mean          | 273         |
|    ep_rew_mean          | 6.62        |
| time/                   |             |
|    fps                  | 860         |
|    iterations           | 6           |
|    time_elapsed         | 171         |
|    total_timesteps      | 147456      |
| train/                  |             |
|    approx_kl            | 0.010237756 |
|    clip_fraction        | 0.115       |
|    clip_range           | 0.2         |
|    entropy_loss         | -2.06       |
|    explained_variance   | 0.872       |
|    learning_rate        | 0.0003      |
|    loss                 | 0.0269      |
|    n_updates            | 25          |
|    policy_gradient_loss | -0.00976    |
|    value_loss           | 0.0703      |
-----------------------------------------
-----------------------------------------
| rollout/                |             |
|    ep_len_mean          | 257         |
|    ep_rew_mean          | 10          |
| time/                   |             |
|    fps                  | 854         |
|    iterations           | 7           |
|    time_elapsed         | 201         |
|    total_timesteps      | 172032      |
| train/                  |             |
|    approx_kl            | 0.009631601 |
|    clip_fraction        | 0.104       |
|    clip_range           | 0.2         |
|    entropy_loss         | -2.07       |
|    explained_variance   | 0.89        |
|    learning_rate        | 0.0003      |
|    loss                 | -0.00363    |
|    n_updates            | 30          |
|    policy_gradient_loss | -0.00844    |
|    value_loss           | 0.0753      |
-----------------------------------------
----------------------------------------
| rollout/                |            |
|    ep_len_mean          | 265        |
|    ep_rew_mean          | 15.2       |
| time/                   |            |
|    fps                  | 852        |
|    iterations           | 8          |
|    time_elapsed         | 230        |
|    total_timesteps      | 196608     |
| train/                  |            |
|    approx_kl            | 0.01102417 |
|    clip_fraction        | 0.1        |
|    clip_range           | 0.2        |
|    entropy_loss         | -2.05      |
|    explained_variance   | 0.87       |
|    learning_rate        | 0.0003     |
|    loss                 | 0.0131     |
|    n_updates            | 35         |
|    policy_gradient_loss | -0.00825   |
|    value_loss           | 0.0732     |
----------------------------------------
----------------------------------------
| rollout/                |            |
|    ep_len_mean          | 234        |
|    ep_rew_mean          | 17.8       |
| time/                   |            |
|    fps                  | 850        |
|    iterations           | 9          |
|    time_elapsed         | 259        |
|    total_timesteps      | 221184     |
| train/                  |            |
|    approx_kl            | 0.00946059 |
|    clip_fraction        | 0.0845     |
|    clip_range           | 0.2        |
|    entropy_loss         | -2.03      |
|    explained_variance   | 0.849      |
|    learning_rate        | 0.0003     |
|    loss                 | 0.00322    |
|    n_updates            | 40         |
|    policy_gradient_loss | -0.00799   |
|    value_loss           | 0.0771     |
----------------------------------------
-----------------------------------------
| rollout/                |             |
|    ep_len_mean          | 230         |
|    ep_rew_mean          | 20.7        |
| time/                   |             |
|    fps                  | 848         |
|    iterations           | 10          |
|    time_elapsed         | 289         |
|    total_timesteps      | 245760      |
| train/                  |             |
|    approx_kl            | 0.009190036 |
|    clip_fraction        | 0.0936      |
|    clip_range           | 0.2         |
|    entropy_loss         | -1.99       |
|    explained_variance   | 0.817       |
|    learning_rate        | 0.0003      |
|    loss                 | 0.013       |
|    n_updates            | 45          |
|    policy_gradient_loss | -0.00851    |
|    value_loss           | 0.0899      |
-----------------------------------------
-----------------------------------------
| rollout/                |             |
|    ep_len_mean          | 207         |
|    ep_rew_mean          | 20.4        |
| time/                   |             |
|    fps                  | 847         |
|    iterations           | 11          |
|    time_elapsed         | 318         |
|    total_timesteps      | 270336      |
| train/                  |             |
|    approx_kl            | 0.009207188 |
|    clip_fraction        | 0.0955      |
|    clip_range           | 0.2         |
|    entropy_loss         | -1.93       |
|    explained_variance   | 0.805       |
|    learning_rate        | 0.0003      |
|    loss                 | 0.0168      |
|    n_updates            | 50          |
|    policy_gradient_loss | -0.00736    |
|    value_loss           | 0.0978      |
-----------------------------------------
-----------------------------------------
| rollout/                |             |
|    ep_len_mean          | 173         |
|    ep_rew_mean          | 19.7        |
| time/                   |             |
|    fps                  | 847         |
|    iterations           | 12          |
|    time_elapsed         | 347         |
|    total_timesteps      | 294912      |
| train/                  |             |
|    approx_kl            | 0.009402155 |
|    clip_fraction        | 0.0954      |
|    clip_range           | 0.2         |
|    entropy_loss         | -1.87       |
|    explained_variance   | 0.808       |
|    learning_rate        | 0.0003      |
|    loss                 | 0.0163      |
|    n_updates            | 55          |
|    policy_gradient_loss | -0.00798    |
|    value_loss           | 0.0889      |
-----------------------------------------
-----------------------------------------
| rollout/                |             |
|    ep_len_mean          | 173         |
|    ep_rew_mean          | 19.4        |
| time/                   |             |
|    fps                  | 848         |
|    iterations           | 13          |
|    time_elapsed         | 376         |
|    total_timesteps      | 319488      |
| train/                  |             |
|    approx_kl            | 0.008133228 |
|    clip_fraction        | 0.0772      |
|    clip_range           | 0.2         |
|    entropy_loss         | -1.86       |
|    explained_variance   | 0.77        |
|    learning_rate        | 0.0003      |
|    loss                 | 0.0329      |
|    n_updates            | 60          |
|    policy_gradient_loss | -0.00609    |
|    value_loss           | 0.117       |
-----------------------------------------
-----------------------------------------
| rollout/                |             |
|    ep_len_mean          | 184         |
|    ep_rew_mean          | 21.6        |
| time/                   |             |
|    fps                  | 848         |
|    iterations           | 14          |
|    time_elapsed         | 405         |
|    total_timesteps      | 344064      |
| train/                  |             |
|    approx_kl            | 0.007860365 |
|    clip_fraction        | 0.0785      |
|    clip_range           | 0.2         |
|    entropy_loss         | -1.84       |
|    explained_variance   | 0.792       |
|    learning_rate        | 0.0003      |
|    loss                 | 0.0205      |
|    n_updates            | 65          |
|    policy_gradient_loss | -0.00589    |
|    value_loss           | 0.112       |
-----------------------------------------
-----------------------------------------
| rollout/                |             |
|    ep_len_mean          | 191         |
|    ep_rew_mean          | 25.2        |
| time/                   |             |
|    fps                  | 850         |
|    iterations           | 15          |
|    time_elapsed         | 433         |
|    total_timesteps      | 368640      |
| train/                  |             |
|    approx_kl            | 0.008032328 |
|    clip_fraction        | 0.077       |
|    clip_range           | 0.2         |
|    entropy_loss         | -1.82       |
|    explained_variance   | 0.821       |
|    learning_rate        | 0.0003      |
|    loss                 | 0.0145      |
|    n_updates            | 70          |
|    policy_gradient_loss | -0.00654    |
|    value_loss           | 0.103       |
-----------------------------------------
------------------------------------------
| rollout/                |              |
|    ep_len_mean          | 194          |
|    ep_rew_mean          | 24.1         |
| time/                   |              |
|    fps                  | 852          |
|    iterations           | 16           |
|    time_elapsed         | 461          |
|    total_timesteps      | 393216       |
| train/                  |              |
|    approx_kl            | 0.0071444265 |
|    clip_fraction        | 0.0666       |
|    clip_range           | 0.2          |
|    entropy_loss         | -1.83        |
|    explained_variance   | 0.82         |
|    learning_rate        | 0.0003       |
|    loss                 | 0.0146       |
|    n_updates            | 75           |
|    policy_gradient_loss | -0.00454     |
|    value_loss           | 0.109        |
------------------------------------------
-----------------------------------------
| rollout/                |             |
|    ep_len_mean          | 196         |
|    ep_rew_mean          | 25.3        |
| time/                   |             |
|    fps                  | 853         |
|    iterations           | 17          |
|    time_elapsed         | 489         |
|    total_timesteps      | 417792      |
| train/                  |             |
|    approx_kl            | 0.007636381 |
|    clip_fraction        | 0.0682      |
|    clip_range           | 0.2         |
|    entropy_loss         | -1.82       |
|    explained_variance   | 0.816       |
|    learning_rate        | 0.0003      |
|    loss                 | 0.0391      |
|    n_updates            | 80          |
|    policy_gradient_loss | -0.00556    |
|    value_loss           | 0.116       |
-----------------------------------------
------------------------------------------
| rollout/                |              |
|    ep_len_mean          | 189          |
|    ep_rew_mean          | 24.7         |
| time/                   |              |
|    fps                  | 855          |
|    iterations           | 18           |
|    time_elapsed         | 517          |
|    total_timesteps      | 442368       |
| train/                  |              |
|    approx_kl            | 0.0071020834 |
|    clip_fraction        | 0.0691       |
|    clip_range           | 0.2          |
|    entropy_loss         | -1.8         |
|    explained_variance   | 0.818        |
|    learning_rate        | 0.0003       |
|    loss                 | 0.0359       |
|    n_updates            | 85           |
|    policy_gradient_loss | -0.00553     |
|    value_loss           | 0.121        |
------------------------------------------
-----------------------------------------
| rollout/                |             |
|    ep_len_mean          | 196         |
|    ep_rew_mean          | 27          |
| time/                   |             |
|    fps                  | 855         |
|    iterations           | 19          |
|    time_elapsed         | 545         |
|    total_timesteps      | 466944      |
| train/                  |             |
|    approx_kl            | 0.008250162 |
|    clip_fraction        | 0.0858      |
|    clip_range           | 0.2         |
|    entropy_loss         | -1.78       |
|    explained_variance   | 0.819       |
|    learning_rate        | 0.0003      |
|    loss                 | 0.0294      |
|    n_updates            | 90          |
|    policy_gradient_loss | -0.00668    |
|    value_loss           | 0.13        |
-----------------------------------------
------------------------------------------
| rollout/                |              |
|    ep_len_mean          | 192          |
|    ep_rew_mean          | 28.7         |
| time/                   |              |
|    fps                  | 856          |
|    iterations           | 20           |
|    time_elapsed         | 573          |
|    total_timesteps      | 491520       |
| train/                  |              |
|    approx_kl            | 0.0077928505 |
|    clip_fraction        | 0.0865       |
|    clip_range           | 0.2          |
|    entropy_loss         | -1.72        |
|    explained_variance   | 0.866        |
|    learning_rate        | 0.0003       |
|    loss                 | 0.0394       |
|    n_updates            | 95           |
|    policy_gradient_loss | -0.0067      |
|    value_loss           | 0.106        |
------------------------------------------
[Checkpoint] Saved at 500000 steps > /home/runner/work/Disciples2-RL/Disciples2-RL/github_experiments/108/blue_dragon/seed108-blue_dragon-29477054110-1/checkpoints/campaign_ppo_step_500000.zip
------------------------------------------
| rollout/                |              |
|    ep_len_mean          | 222          |
|    ep_rew_mean          | 29.1         |
| time/                   |              |
|    fps                  | 856          |
|    iterations           | 21           |
|    time_elapsed         | 602          |
|    total_timesteps      | 516096       |
| train/                  |              |
|    approx_kl            | 0.0074045868 |
|    clip_fraction        | 0.0798       |
|    clip_range           | 0.2          |
|    entropy_loss         | -1.7         |
|    explained_variance   | 0.856        |
|    learning_rate        | 0.0003       |
|    loss                 | 0.0192       |
|    n_updates            | 100          |
|    policy_gradient_loss | -0.0062      |
|    value_loss           | 0.114        |
------------------------------------------
-----------------------------------------
| rollout/                |             |
|    ep_len_mean          | 210         |
|    ep_rew_mean          | 31.3        |
| time/                   |             |
|    fps                  | 857         |
|    iterations           | 22          |
|    time_elapsed         | 630         |
|    total_timesteps      | 540672      |
| train/                  |             |
|    approx_kl            | 0.008186468 |
|    clip_fraction        | 0.0793      |
|    clip_range           | 0.2         |
|    entropy_loss         | -1.68       |
|    explained_variance   | 0.899       |
|    learning_rate        | 0.0003      |
|    loss                 | 0.0169      |
|    n_updates            | 105         |
|    policy_gradient_loss | -0.00543    |
|    value_loss           | 0.0958      |
-----------------------------------------
------------------------------------------
| rollout/                |              |
|    ep_len_mean          | 262          |
|    ep_rew_mean          | 31.7         |
| time/                   |              |
|    fps                  | 857          |
|    iterations           | 23           |
|    time_elapsed         | 659          |
|    total_timesteps      | 565248       |
| train/                  |              |
|    approx_kl            | 0.0066689774 |
|    clip_fraction        | 0.0644       |
|    clip_range           | 0.2          |
|    entropy_loss         | -1.65        |
|    explained_variance   | 0.898        |
|    learning_rate        | 0.0003       |
|    loss                 | 0.0315       |
|    n_updates            | 110          |
|    policy_gradient_loss | -0.00502     |
|    value_loss           | 0.0957       |
------------------------------------------
------------------------------------------
| rollout/                |              |
|    ep_len_mean          | 235          |
|    ep_rew_mean          | 32.1         |
| time/                   |              |
|    fps                  | 857          |
|    iterations           | 24           |
|    time_elapsed         | 687          |
|    total_timesteps      | 589824       |
| train/                  |              |
|    approx_kl            | 0.0074935877 |
|    clip_fraction        | 0.0847       |
|    clip_range           | 0.2          |
|    entropy_loss         | -1.62        |
|    explained_variance   | 0.913        |
|    learning_rate        | 0.0003       |
|    loss                 | 0.0225       |
|    n_updates            | 115          |
|    policy_gradient_loss | -0.00545     |
|    value_loss           | 0.0901       |
------------------------------------------
------------------------------------------
| rollout/                |              |
|    ep_len_mean          | 270          |
|    ep_rew_mean          | 37.3         |
| time/                   |              |
|    fps                  | 858          |
|    iterations           | 25           |
|    time_elapsed         | 716          |
|    total_timesteps      | 614400       |
| train/                  |              |
|    approx_kl            | 0.0061209747 |
|    clip_fraction        | 0.0602       |
|    clip_range           | 0.2          |
|    entropy_loss         | -1.58        |
|    explained_variance   | 0.908        |
|    learning_rate        | 0.0003       |
|    loss                 | 0.0198       |
|    n_updates            | 120          |
|    policy_gradient_loss | -0.00511     |
|    value_loss           | 0.0928       |
------------------------------------------
----------------------------------------
| rollout/                |            |
|    ep_len_mean          | 280        |
|    ep_rew_mean          | 35         |
| time/                   |            |
|    fps                  | 857        |
|    iterations           | 26         |
|    time_elapsed         | 745        |
|    total_timesteps      | 638976     |
| train/                  |            |
|    approx_kl            | 0.00753952 |
|    clip_fraction        | 0.072      |
|    clip_range           | 0.2        |
|    entropy_loss         | -1.57      |
|    explained_variance   | 0.93       |
|    learning_rate        | 0.0003     |
|    loss                 | 0.00433    |
|    n_updates            | 125        |
|    policy_gradient_loss | -0.00534   |
|    value_loss           | 0.0748     |
----------------------------------------
------------------------------------------
| rollout/                |              |
|    ep_len_mean          | 265          |
|    ep_rew_mean          | 36           |
| time/                   |              |
|    fps                  | 856          |
|    iterations           | 27           |
|    time_elapsed         | 774          |
|    total_timesteps      | 663552       |
| train/                  |              |
|    approx_kl            | 0.0072645308 |
|    clip_fraction        | 0.0767       |
|    clip_range           | 0.2          |
|    entropy_loss         | -1.58        |
|    explained_variance   | 0.943        |
|    learning_rate        | 0.0003       |
|    loss                 | 0.0119       |
|    n_updates            | 130          |
|    policy_gradient_loss | -0.00563     |
|    value_loss           | 0.0683       |
------------------------------------------
----------------------------------------
| rollout/                |            |
|    ep_len_mean          | 292        |
|    ep_rew_mean          | 34.6       |
| time/                   |            |
|    fps                  | 856        |
|    iterations           | 28         |
|    time_elapsed         | 803        |
|    total_timesteps      | 688128     |
| train/                  |            |
|    approx_kl            | 0.00660786 |
|    clip_fraction        | 0.0768     |
|    clip_range           | 0.2        |
|    entropy_loss         | -1.56      |
|    explained_variance   | 0.95       |
|    learning_rate        | 0.0003     |
|    loss                 | 0.00196    |
|    n_updates            | 135        |
|    policy_gradient_loss | -0.0055    |
|    value_loss           | 0.0583     |
----------------------------------------
-----------------------------------------
| rollout/                |             |
|    ep_len_mean          | 344         |
|    ep_rew_mean          | 32.3        |
| time/                   |             |
|    fps                  | 856         |
|    iterations           | 29          |
|    time_elapsed         | 832         |
|    total_timesteps      | 712704      |
| train/                  |             |
|    approx_kl            | 0.007435559 |
|    clip_fraction        | 0.0814      |
|    clip_range           | 0.2         |
|    entropy_loss         | -1.59       |
|    explained_variance   | 0.962       |
|    learning_rate        | 0.0003      |
|    loss                 | 0.00746     |
|    n_updates            | 140         |
|    policy_gradient_loss | -0.00424    |
|    value_loss           | 0.0483      |
-----------------------------------------
------------------------------------------
| rollout/                |              |
|    ep_len_mean          | 313          |
|    ep_rew_mean          | 38.6         |
| time/                   |              |
|    fps                  | 855          |
|    iterations           | 30           |
|    time_elapsed         | 861          |
|    total_timesteps      | 737280       |
| train/                  |              |
|    approx_kl            | 0.0067374627 |
|    clip_fraction        | 0.0706       |
|    clip_range           | 0.2          |
|    entropy_loss         | -1.56        |
|    explained_variance   | 0.946        |
|    learning_rate        | 0.0003       |
|    loss                 | 0.0085       |
|    n_updates            | 145          |
|    policy_gradient_loss | -0.00455     |
|    value_loss           | 0.0676       |
------------------------------------------
----------------------------------------
| rollout/                |            |
|    ep_len_mean          | 338        |
|    ep_rew_mean          | 40.1       |
| time/                   |            |
|    fps                  | 856        |
|    iterations           | 31         |
|    time_elapsed         | 889        |
|    total_timesteps      | 761856     |
| train/                  |            |
|    approx_kl            | 0.00694989 |
|    clip_fraction        | 0.0797     |
|    clip_range           | 0.2        |
|    entropy_loss         | -1.55      |
|    explained_variance   | 0.948      |
|    learning_rate        | 0.0003     |
|    loss                 | 0.00072    |
|    n_updates            | 150        |
|    policy_gradient_loss | -0.00462   |
|    value_loss           | 0.0591     |
----------------------------------------
------------------------------------------
| rollout/                |              |
|    ep_len_mean          | 332          |
|    ep_rew_mean          | 40.7         |
| time/                   |              |
|    fps                  | 856          |
|    iterations           | 32           |
|    time_elapsed         | 918          |
|    total_timesteps      | 786432       |
| train/                  |              |
|    approx_kl            | 0.0065299813 |
|    clip_fraction        | 0.0597       |
|    clip_range           | 0.2          |
|    entropy_loss         | -1.54        |
|    explained_variance   | 0.955        |
|    learning_rate        | 0.0003       |
|    loss                 | 0.00214      |
|    n_updates            | 155          |
|    policy_gradient_loss | -0.00376     |
|    value_loss           | 0.0516       |
------------------------------------------
-----------------------------------------
| rollout/                |             |
|    ep_len_mean          | 310         |
|    ep_rew_mean          | 42.3        |
| time/                   |             |
|    fps                  | 856         |
|    iterations           | 33          |
|    time_elapsed         | 946         |
|    total_timesteps      | 811008      |
| train/                  |             |
|    approx_kl            | 0.005842492 |
|    clip_fraction        | 0.0648      |
|    clip_range           | 0.2         |
|    entropy_loss         | -1.53       |
|    explained_variance   | 0.959       |
|    learning_rate        | 0.0003      |
|    loss                 | -0.00626    |
|    n_updates            | 160         |
|    policy_gradient_loss | -0.00417    |
|    value_loss           | 0.0506      |
-----------------------------------------
------------------------------------------
| rollout/                |              |
|    ep_len_mean          | 262          |
|    ep_rew_mean          | 41.3         |
| time/                   |              |
|    fps                  | 857          |
|    iterations           | 34           |
|    time_elapsed         | 974          |
|    total_timesteps      | 835584       |
| train/                  |              |
|    approx_kl            | 0.0060935807 |
|    clip_fraction        | 0.0621       |
|    clip_range           | 0.2          |
|    entropy_loss         | -1.49        |
|    explained_variance   | 0.95         |
|    learning_rate        | 0.0003       |
|    loss                 | 0.0141       |
|    n_updates            | 165          |
|    policy_gradient_loss | -0.00319     |
|    value_loss           | 0.056        |
------------------------------------------
------------------------------------------
| rollout/                |              |
|    ep_len_mean          | 295          |
|    ep_rew_mean          | 43           |
| time/                   |              |
|    fps                  | 857          |
|    iterations           | 35           |
|    time_elapsed         | 1002         |
|    total_timesteps      | 860160       |
| train/                  |              |
|    approx_kl            | 0.0066423374 |
|    clip_fraction        | 0.0546       |
|    clip_range           | 0.2          |
|    entropy_loss         | -1.44        |
|    explained_variance   | 0.931        |
|    learning_rate        | 0.0003       |
|    loss                 | 0.0127       |
|    n_updates            | 170          |
|    policy_gradient_loss | -0.00385     |
|    value_loss           | 0.0755       |
------------------------------------------
----------------------------------------
| rollout/                |            |
|    ep_len_mean          | 308        |
|    ep_rew_mean          | 45.5       |
| time/                   |            |
|    fps                  | 857        |
|    iterations           | 36         |
|    time_elapsed         | 1031       |
|    total_timesteps      | 884736     |
| train/                  |            |
|    approx_kl            | 0.00695332 |
|    clip_fraction        | 0.0679     |
|    clip_range           | 0.2        |
|    entropy_loss         | -1.48      |
|    explained_variance   | 0.958      |
|    learning_rate        | 0.0003     |
|    loss                 | 0.000878   |
|    n_updates            | 175        |
|    policy_gradient_loss | -0.004     |
|    value_loss           | 0.0507     |
----------------------------------------
------------------------------------------
| rollout/                |              |
|    ep_len_mean          | 361          |
|    ep_rew_mean          | 41.7         |
| time/                   |              |
|    fps                  | 857          |
|    iterations           | 37           |
|    time_elapsed         | 1060         |
|    total_timesteps      | 909312       |
| train/                  |              |
|    approx_kl            | 0.0062990137 |
|    clip_fraction        | 0.0605       |
|    clip_range           | 0.2          |
|    entropy_loss         | -1.48        |
|    explained_variance   | 0.963        |
|    learning_rate        | 0.0003       |
|    loss                 | -0.00586     |
|    n_updates            | 180          |
|    policy_gradient_loss | -0.00425     |
|    value_loss           | 0.0489       |
------------------------------------------
-----------------------------------------
| rollout/                |             |
|    ep_len_mean          | 398         |
|    ep_rew_mean          | 44.4        |
| time/                   |             |
|    fps                  | 857         |
|    iterations           | 38          |
|    time_elapsed         | 1088        |
|    total_timesteps      | 933888      |
| train/                  |             |
|    approx_kl            | 0.006790021 |
|    clip_fraction        | 0.0626      |
|    clip_range           | 0.2         |
|    entropy_loss         | -1.54       |
|    explained_variance   | 0.966       |
|    learning_rate        | 0.0003      |
|    loss                 | 0.00817     |
|    n_updates            | 185         |
|    policy_gradient_loss | -0.00379    |
|    value_loss           | 0.0421      |
-----------------------------------------
------------------------------------------
| rollout/                |              |
|    ep_len_mean          | 304          |
|    ep_rew_mean          | 46.6         |
| time/                   |              |
|    fps                  | 858          |
|    iterations           | 39           |
|    time_elapsed         | 1116         |
|    total_timesteps      | 958464       |
| train/                  |              |
|    approx_kl            | 0.0072778673 |
|    clip_fraction        | 0.0663       |
|    clip_range           | 0.2          |
|    entropy_loss         | -1.53        |
|    explained_variance   | 0.969        |
|    learning_rate        | 0.0003       |
|    loss                 | -0.002       |
|    n_updates            | 190          |
|    policy_gradient_loss | -0.00364     |
|    value_loss           | 0.0375       |
------------------------------------------
------------------------------------------
| rollout/                |              |
|    ep_len_mean          | 325          |
|    ep_rew_mean          | 49.2         |
| time/                   |              |
|    fps                  | 858          |
|    iterations           | 40           |
|    time_elapsed         | 1145         |
|    total_timesteps      | 983040       |
| train/                  |              |
|    approx_kl            | 0.0068171076 |
|    clip_fraction        | 0.0726       |
|    clip_range           | 0.2          |
|    entropy_loss         | -1.5         |
|    explained_variance   | 0.951        |
|    learning_rate        | 0.0003       |
|    loss                 | 0.00528      |
|    n_updates            | 195          |
|    policy_gradient_loss | -0.00462     |
|    value_loss           | 0.0545       |
------------------------------------------
[Checkpoint] Saved at 1000000 steps > /home/runner/work/Disciples2-RL/Disciples2-RL/github_experiments/108/blue_dragon/seed108-blue_dragon-29477054110-1/checkpoints/campaign_ppo_step_1000000.zip
Eval num_timesteps=1000008, det_reward=54.98 +/- 13.36
Episode length: det=207.55 +/- 58.35
Victory rate: det=0.00%
-------------------------------------------------
| eval/                           |             |
|    deterministic_mean_ep_length | 208         |
|    deterministic_mean_reward    | 55          |
|    deterministic_victory_rate   | 0           |
|    mean_ep_length               | 208         |
|    mean_reward                  | 55          |
|    victory_rate                 | 0           |
| time/                           |             |
|    total_timesteps              | 1000008     |
| train/                          |             |
|    approx_kl                    | 0.007324817 |
|    clip_fraction                | 0.0671      |
|    clip_range                   | 0.2         |
|    entropy_loss                 | -1.48       |
|    explained_variance           | 0.966       |
|    learning_rate                | 0.0003      |
|    loss                         | 0.00346     |
|    n_updates                    | 200         |
|    policy_gradient_loss         | -0.00415    |
|    value_loss                   | 0.0417      |
-------------------------------------------------
New best model by deterministic victory rate!
---------------------------------
| rollout/           |          |
|    ep_len_mean     | 384      |
|    ep_rew_mean     | 45.4     |
| time/              |          |
|    fps             | 853      |
|    iterations      | 41       |
|    time_elapsed    | 1181     |
|    total_timesteps | 1007616  |
---------------------------------
VecNormalize stats saved: /home/runner/work/Disciples2-RL/Disciples2-RL/github_experiments/108/blue_dragon/seed108-blue_dragon-29477054110-1/models/vecnormalize.pkl

Финальная модель сохранена: /home/runner/work/Disciples2-RL/Disciples2-RL/github_experiments/108/blue_dragon/seed108-blue_dragon-29477054110-1/models/final_model.zip

============================================================
ИТОГИ ОБУЧЕНИЯ:
  Побед: 0
  Поражений: 4255
  Таймаутов: 1
  Побед бота столицы над врагами: 0
  Перестановок юнитов: 216865
  Winrate: 0.0%
============================================================
  График призывов за эпизод: /home/runner/work/Disciples2-RL/Disciples2-RL/github_experiments/108/blue_dragon/seed108-blue_dragon-29477054110-1/plots/campaign_summoned_units_per_episode.png
  График призывов за всё обучение: /home/runner/work/Disciples2-RL/Disciples2-RL/github_experiments/108/blue_dragon/seed108-blue_dragon-29477054110-1/plots/campaign_summoned_units_cumulative.png
  График найма за эпизод: /home/runner/work/Disciples2-RL/Disciples2-RL/github_experiments/108/blue_dragon/seed108-blue_dragon-29477054110-1/plots/campaign_hired_units_per_episode.png
  График найма за всё обучение: /home/runner/work/Disciples2-RL/Disciples2-RL/github_experiments/108/blue_dragon/seed108-blue_dragon-29477054110-1/plots/campaign_hired_units_cumulative.png
  График перестановок юнитов за эпизод: /home/runner/work/Disciples2-RL/Disciples2-RL/github_experiments/108/blue_dragon/seed108-blue_dragon-29477054110-1/plots/campaign_unit_swaps_per_episode.png
  График боевых предметов: /home/runner/work/Disciples2-RL/Disciples2-RL/github_experiments/108/blue_dragon/seed108-blue_dragon-29477054110-1/plots/campaign_battle_item_activity.png
  График побед бота столицы за эпизод: /home/runner/work/Disciples2-RL/Disciples2-RL/github_experiments/108/blue_dragon/seed108-blue_dragon-29477054110-1/plots/campaign_scripted_bot_victories_per_episode.png
  График применения заклинаний: /home/runner/work/Disciples2-RL/Disciples2-RL/github_experiments/108/blue_dragon/seed108-blue_dragon-29477054110-1/plots/campaign_spell_cast_activity.png
