Проверка среды CampaignEnv...
Среда прошла проверку!
[INFO] Comet disabled, running without experiment tracking
Создание 12 параллельных сред (subproc)...
Инициализация MaskablePPO...
Using cpu device

============================================================
Запуск обучения Campaign Agent
Всего шагов: 1,000,000
Параллельных сред: 12
VecEnv: subproc
VecEnv start method: forkserver
Seed: 102
Checkpoint каждые: 500,000 шагов
Evaluation каждые: 83,334 шагов
Eval deterministic эпизодов: 20
Eval stochastic эпизодов: 0
Eval лимит шагов на эпизод: 5000
Campaign objective: dragon
System resources at training start:
  Platform: Linux 6.17.0-1018-azure (x86_64)
  Python: 3.14.6
  PyTorch: 2.12.1+cpu
  Training device: cpu
  CPU model: AMD EPYC 9V74 80-Core Processor
  CPU vendor: AuthenticAMD
  Logical CPUs visible: 4
  Process CPU affinity: 4
  Sockets: 1
  Cores per socket: 2
  Threads per core: 2
  CPU max MHz: unknown
  CPU min MHz: unknown
  L1d cache: 64 KiB (2 instances)
  L1i cache: 64 KiB (2 instances)
  L2 cache: 2 MiB (2 instances)
  L3 cache: 32 MiB (1 instance)
  Virtualization: AMD-V
  Hypervisor: Microsoft
  RAM total: 15.61 GiB
  RAM available at start: 13.94 GiB
  Disk total: 144.26 GiB
  Disk free at start: 86.58 GiB
  Torch intra-op threads: 4
  Torch inter-op threads: 2
  OMP_NUM_THREADS: 4
  MKL_NUM_THREADS: 4
  OPENBLAS_NUM_THREADS: 4
  GitHub runner OS: Linux
  GitHub runner architecture: X64
  GitHub runner environment: github-hosted
PPO n_steps: 2,048
PPO batch_size: 512
PPO n_epochs: 5
PPO learning_rate: 0.0003
PPO clip_range: 0.2
PPO ent_coef: 0.01
PPO gamma: 0.995
PPO gae_lambda: 0.95
PPO target_kl: disabled
PPO gradient batches per rollout: 240
VecCheckNan: disabled
Freeze action layout: enabled
Empire territory: enabled
Torch threads per process: 4
Diagnostics: disabled
Wall-clock training limit: disabled
Run ID: seed102-green_dragon-29202018350-1
============================================================

Logging to /home/runner/work/Disciples2-RL/Disciples2-RL/github_experiments/102/green_dragon/seed102-green_dragon-29202018350-1/tensorboard/MaskablePPO_1
---------------------------------
| rollout/           |          |
|    ep_len_mean     | 240      |
|    ep_rew_mean     | 3.43     |
| time/              |          |
|    fps             | 574      |
|    iterations      | 1        |
|    time_elapsed    | 42       |
|    total_timesteps | 24576    |
---------------------------------
-----------------------------------------
| rollout/                |             |
|    ep_len_mean          | 262         |
|    ep_rew_mean          | 3.64        |
| time/                   |             |
|    fps                  | 525         |
|    iterations           | 2           |
|    time_elapsed         | 93          |
|    total_timesteps      | 49152       |
| train/                  |             |
|    approx_kl            | 0.011000964 |
|    clip_fraction        | 0.0878      |
|    clip_range           | 0.2         |
|    entropy_loss         | -2.21       |
|    explained_variance   | -0.158      |
|    learning_rate        | 0.0003      |
|    loss                 | 0.13        |
|    n_updates            | 5           |
|    policy_gradient_loss | -0.00641    |
|    value_loss           | 0.275       |
-----------------------------------------
-----------------------------------------
| rollout/                |             |
|    ep_len_mean          | 532         |
|    ep_rew_mean          | -5.58       |
| time/                   |             |
|    fps                  | 515         |
|    iterations           | 3           |
|    time_elapsed         | 143         |
|    total_timesteps      | 73728       |
| train/                  |             |
|    approx_kl            | 0.010464031 |
|    clip_fraction        | 0.093       |
|    clip_range           | 0.2         |
|    entropy_loss         | -2.17       |
|    explained_variance   | 0.458       |
|    learning_rate        | 0.0003      |
|    loss                 | -0.013      |
|    n_updates            | 10          |
|    policy_gradient_loss | -0.00715    |
|    value_loss           | 0.0435      |
-----------------------------------------
-----------------------------------------
| rollout/                |             |
|    ep_len_mean          | 694         |
|    ep_rew_mean          | -9.22       |
| time/                   |             |
|    fps                  | 510         |
|    iterations           | 4           |
|    time_elapsed         | 192         |
|    total_timesteps      | 98304       |
| train/                  |             |
|    approx_kl            | 0.009337605 |
|    clip_fraction        | 0.0704      |
|    clip_range           | 0.2         |
|    entropy_loss         | -2.16       |
|    explained_variance   | 0.73        |
|    learning_rate        | 0.0003      |
|    loss                 | -0.026      |
|    n_updates            | 15          |
|    policy_gradient_loss | -0.00625    |
|    value_loss           | 0.029       |
-----------------------------------------
-----------------------------------------
| rollout/                |             |
|    ep_len_mean          | 640         |
|    ep_rew_mean          | 0.0752      |
| time/                   |             |
|    fps                  | 507         |
|    iterations           | 5           |
|    time_elapsed         | 241         |
|    total_timesteps      | 122880      |
| train/                  |             |
|    approx_kl            | 0.008757877 |
|    clip_fraction        | 0.0745      |
|    clip_range           | 0.2         |
|    entropy_loss         | -2.16       |
|    explained_variance   | 0.804       |
|    learning_rate        | 0.0003      |
|    loss                 | -0.0173     |
|    n_updates            | 20          |
|    policy_gradient_loss | -0.00704    |
|    value_loss           | 0.0236      |
-----------------------------------------
-----------------------------------------
| rollout/                |             |
|    ep_len_mean          | 502         |
|    ep_rew_mean          | 8.03        |
| time/                   |             |
|    fps                  | 504         |
|    iterations           | 6           |
|    time_elapsed         | 292         |
|    total_timesteps      | 147456      |
| train/                  |             |
|    approx_kl            | 0.009181135 |
|    clip_fraction        | 0.0724      |
|    clip_range           | 0.2         |
|    entropy_loss         | -2.15       |
|    explained_variance   | 0.816       |
|    learning_rate        | 0.0003      |
|    loss                 | -0.00911    |
|    n_updates            | 25          |
|    policy_gradient_loss | -0.00656    |
|    value_loss           | 0.0308      |
-----------------------------------------
-----------------------------------------
| rollout/                |             |
|    ep_len_mean          | 425         |
|    ep_rew_mean          | 13.1        |
| time/                   |             |
|    fps                  | 504         |
|    iterations           | 7           |
|    time_elapsed         | 340         |
|    total_timesteps      | 172032      |
| train/                  |             |
|    approx_kl            | 0.009527004 |
|    clip_fraction        | 0.0981      |
|    clip_range           | 0.2         |
|    entropy_loss         | -2.12       |
|    explained_variance   | 0.859       |
|    learning_rate        | 0.0003      |
|    loss                 | -0.0196     |
|    n_updates            | 30          |
|    policy_gradient_loss | -0.00759    |
|    value_loss           | 0.0302      |
-----------------------------------------
-----------------------------------------
| rollout/                |             |
|    ep_len_mean          | 370         |
|    ep_rew_mean          | 17.3        |
| time/                   |             |
|    fps                  | 505         |
|    iterations           | 8           |
|    time_elapsed         | 388         |
|    total_timesteps      | 196608      |
| train/                  |             |
|    approx_kl            | 0.009131902 |
|    clip_fraction        | 0.0863      |
|    clip_range           | 0.2         |
|    entropy_loss         | -2.13       |
|    explained_variance   | 0.844       |
|    learning_rate        | 0.0003      |
|    loss                 | -0.0127     |
|    n_updates            | 35          |
|    policy_gradient_loss | -0.00764    |
|    value_loss           | 0.0444      |
-----------------------------------------
-----------------------------------------
| rollout/                |             |
|    ep_len_mean          | 283         |
|    ep_rew_mean          | 19.2        |
| time/                   |             |
|    fps                  | 507         |
|    iterations           | 9           |
|    time_elapsed         | 436         |
|    total_timesteps      | 221184      |
| train/                  |             |
|    approx_kl            | 0.008798883 |
|    clip_fraction        | 0.0784      |
|    clip_range           | 0.2         |
|    entropy_loss         | -2.11       |
|    explained_variance   | 0.818       |
|    learning_rate        | 0.0003      |
|    loss                 | 0.00423     |
|    n_updates            | 40          |
|    policy_gradient_loss | -0.00569    |
|    value_loss           | 0.0549      |
-----------------------------------------
-----------------------------------------
| rollout/                |             |
|    ep_len_mean          | 251         |
|    ep_rew_mean          | 18.5        |
| time/                   |             |
|    fps                  | 509         |
|    iterations           | 10          |
|    time_elapsed         | 482         |
|    total_timesteps      | 245760      |
| train/                  |             |
|    approx_kl            | 0.008657974 |
|    clip_fraction        | 0.0788      |
|    clip_range           | 0.2         |
|    entropy_loss         | -2.07       |
|    explained_variance   | 0.803       |
|    learning_rate        | 0.0003      |
|    loss                 | -0.00102    |
|    n_updates            | 45          |
|    policy_gradient_loss | -0.00592    |
|    value_loss           | 0.0692      |
-----------------------------------------
------------------------------------------
| rollout/                |              |
|    ep_len_mean          | 237          |
|    ep_rew_mean          | 20           |
| time/                   |              |
|    fps                  | 511          |
|    iterations           | 11           |
|    time_elapsed         | 528          |
|    total_timesteps      | 270336       |
| train/                  |              |
|    approx_kl            | 0.0090283295 |
|    clip_fraction        | 0.0891       |
|    clip_range           | 0.2          |
|    entropy_loss         | -1.98        |
|    explained_variance   | 0.815        |
|    learning_rate        | 0.0003       |
|    loss                 | 0.00794      |
|    n_updates            | 50           |
|    policy_gradient_loss | -0.00695     |
|    value_loss           | 0.0677       |
------------------------------------------
-----------------------------------------
| rollout/                |             |
|    ep_len_mean          | 243         |
|    ep_rew_mean          | 19.3        |
| time/                   |             |
|    fps                  | 513         |
|    iterations           | 12          |
|    time_elapsed         | 574         |
|    total_timesteps      | 294912      |
| train/                  |             |
|    approx_kl            | 0.008235898 |
|    clip_fraction        | 0.0742      |
|    clip_range           | 0.2         |
|    entropy_loss         | -1.93       |
|    explained_variance   | 0.841       |
|    learning_rate        | 0.0003      |
|    loss                 | 0.00431     |
|    n_updates            | 55          |
|    policy_gradient_loss | -0.00705    |
|    value_loss           | 0.0668      |
-----------------------------------------
-----------------------------------------
| rollout/                |             |
|    ep_len_mean          | 234         |
|    ep_rew_mean          | 20.5        |
| time/                   |             |
|    fps                  | 515         |
|    iterations           | 13          |
|    time_elapsed         | 620         |
|    total_timesteps      | 319488      |
| train/                  |             |
|    approx_kl            | 0.008309588 |
|    clip_fraction        | 0.0854      |
|    clip_range           | 0.2         |
|    entropy_loss         | -1.93       |
|    explained_variance   | 0.848       |
|    learning_rate        | 0.0003      |
|    loss                 | 0.00952     |
|    n_updates            | 60          |
|    policy_gradient_loss | -0.00701    |
|    value_loss           | 0.0743      |
-----------------------------------------
-----------------------------------------
| rollout/                |             |
|    ep_len_mean          | 259         |
|    ep_rew_mean          | 24          |
| time/                   |             |
|    fps                  | 514         |
|    iterations           | 14          |
|    time_elapsed         | 668         |
|    total_timesteps      | 344064      |
| train/                  |             |
|    approx_kl            | 0.007288068 |
|    clip_fraction        | 0.0618      |
|    clip_range           | 0.2         |
|    entropy_loss         | -1.91       |
|    explained_variance   | 0.811       |
|    learning_rate        | 0.0003      |
|    loss                 | 0.00833     |
|    n_updates            | 65          |
|    policy_gradient_loss | -0.00466    |
|    value_loss           | 0.0871      |
-----------------------------------------
------------------------------------------
| rollout/                |              |
|    ep_len_mean          | 285          |
|    ep_rew_mean          | 22.8         |
| time/                   |              |
|    fps                  | 515          |
|    iterations           | 15           |
|    time_elapsed         | 715          |
|    total_timesteps      | 368640       |
| train/                  |              |
|    approx_kl            | 0.0076009263 |
|    clip_fraction        | 0.0632       |
|    clip_range           | 0.2          |
|    entropy_loss         | -1.9         |
|    explained_variance   | 0.871        |
|    learning_rate        | 0.0003       |
|    loss                 | 0.00326      |
|    n_updates            | 70           |
|    policy_gradient_loss | -0.00486     |
|    value_loss           | 0.0705       |
------------------------------------------
-----------------------------------------
| rollout/                |             |
|    ep_len_mean          | 297         |
|    ep_rew_mean          | 23          |
| time/                   |             |
|    fps                  | 516         |
|    iterations           | 16          |
|    time_elapsed         | 761         |
|    total_timesteps      | 393216      |
| train/                  |             |
|    approx_kl            | 0.008253676 |
|    clip_fraction        | 0.0722      |
|    clip_range           | 0.2         |
|    entropy_loss         | -1.89       |
|    explained_variance   | 0.853       |
|    learning_rate        | 0.0003      |
|    loss                 | 0.00733     |
|    n_updates            | 75          |
|    policy_gradient_loss | -0.00563    |
|    value_loss           | 0.0769      |
-----------------------------------------
-----------------------------------------
| rollout/                |             |
|    ep_len_mean          | 263         |
|    ep_rew_mean          | 25.7        |
| time/                   |             |
|    fps                  | 516         |
|    iterations           | 17          |
|    time_elapsed         | 808         |
|    total_timesteps      | 417792      |
| train/                  |             |
|    approx_kl            | 0.008045916 |
|    clip_fraction        | 0.0668      |
|    clip_range           | 0.2         |
|    entropy_loss         | -1.87       |
|    explained_variance   | 0.882       |
|    learning_rate        | 0.0003      |
|    loss                 | 0.00858     |
|    n_updates            | 80          |
|    policy_gradient_loss | -0.00457    |
|    value_loss           | 0.0751      |
-----------------------------------------
-----------------------------------------
| rollout/                |             |
|    ep_len_mean          | 389         |
|    ep_rew_mean          | 25.4        |
| time/                   |             |
|    fps                  | 516         |
|    iterations           | 18          |
|    time_elapsed         | 856         |
|    total_timesteps      | 442368      |
| train/                  |             |
|    approx_kl            | 0.008963221 |
|    clip_fraction        | 0.0862      |
|    clip_range           | 0.2         |
|    entropy_loss         | -1.87       |
|    explained_variance   | 0.913       |
|    learning_rate        | 0.0003      |
|    loss                 | 7.13e-05    |
|    n_updates            | 85          |
|    policy_gradient_loss | -0.0055     |
|    value_loss           | 0.0625      |
-----------------------------------------
------------------------------------------
| rollout/                |              |
|    ep_len_mean          | 262          |
|    ep_rew_mean          | 31.3         |
| time/                   |              |
|    fps                  | 517          |
|    iterations           | 19           |
|    time_elapsed         | 902          |
|    total_timesteps      | 466944       |
| train/                  |              |
|    approx_kl            | 0.0075948327 |
|    clip_fraction        | 0.0713       |
|    clip_range           | 0.2          |
|    entropy_loss         | -1.87        |
|    explained_variance   | 0.911        |
|    learning_rate        | 0.0003       |
|    loss                 | 0.00938      |
|    n_updates            | 90           |
|    policy_gradient_loss | -0.00531     |
|    value_loss           | 0.0708       |
------------------------------------------
-----------------------------------------
| rollout/                |             |
|    ep_len_mean          | 348         |
|    ep_rew_mean          | 32.7        |
| time/                   |             |
|    fps                  | 518         |
|    iterations           | 20          |
|    time_elapsed         | 948         |
|    total_timesteps      | 491520      |
| train/                  |             |
|    approx_kl            | 0.008048476 |
|    clip_fraction        | 0.0761      |
|    clip_range           | 0.2         |
|    entropy_loss         | -1.83       |
|    explained_variance   | 0.876       |
|    learning_rate        | 0.0003      |
|    loss                 | 0.0149      |
|    n_updates            | 95          |
|    policy_gradient_loss | -0.00583    |
|    value_loss           | 0.11        |
-----------------------------------------
[Checkpoint] Saved at 500000 steps > /home/runner/work/Disciples2-RL/Disciples2-RL/github_experiments/102/green_dragon/seed102-green_dragon-29202018350-1/checkpoints/campaign_ppo_step_500000.zip
------------------------------------------
| rollout/                |              |
|    ep_len_mean          | 360          |
|    ep_rew_mean          | 35.2         |
| time/                   |              |
|    fps                  | 517          |
|    iterations           | 21           |
|    time_elapsed         | 996          |
|    total_timesteps      | 516096       |
| train/                  |              |
|    approx_kl            | 0.0076874383 |
|    clip_fraction        | 0.0772       |
|    clip_range           | 0.2          |
|    entropy_loss         | -1.84        |
|    explained_variance   | 0.911        |
|    learning_rate        | 0.0003       |
|    loss                 | 0.00281      |
|    n_updates            | 100          |
|    policy_gradient_loss | -0.00514     |
|    value_loss           | 0.072        |
------------------------------------------
------------------------------------------
| rollout/                |              |
|    ep_len_mean          | 303          |
|    ep_rew_mean          | 36.5         |
| time/                   |              |
|    fps                  | 518          |
|    iterations           | 22           |
|    time_elapsed         | 1042         |
|    total_timesteps      | 540672       |
| train/                  |              |
|    approx_kl            | 0.0071280245 |
|    clip_fraction        | 0.0598       |
|    clip_range           | 0.2          |
|    entropy_loss         | -1.82        |
|    explained_variance   | 0.894        |
|    learning_rate        | 0.0003       |
|    loss                 | 0.0252       |
|    n_updates            | 105          |
|    policy_gradient_loss | -0.00388     |
|    value_loss           | 0.073        |
------------------------------------------
-----------------------------------------
| rollout/                |             |
|    ep_len_mean          | 338         |
|    ep_rew_mean          | 36.3        |
| time/                   |             |
|    fps                  | 518         |
|    iterations           | 23          |
|    time_elapsed         | 1090        |
|    total_timesteps      | 565248      |
| train/                  |             |
|    approx_kl            | 0.006780322 |
|    clip_fraction        | 0.0615      |
|    clip_range           | 0.2         |
|    entropy_loss         | -1.82       |
|    explained_variance   | 0.894       |
|    learning_rate        | 0.0003      |
|    loss                 | 0.0107      |
|    n_updates            | 110         |
|    policy_gradient_loss | -0.00516    |
|    value_loss           | 0.0751      |
-----------------------------------------
-----------------------------------------
| rollout/                |             |
|    ep_len_mean          | 321         |
|    ep_rew_mean          | 43.5        |
| time/                   |             |
|    fps                  | 518         |
|    iterations           | 24          |
|    time_elapsed         | 1136        |
|    total_timesteps      | 589824      |
| train/                  |             |
|    approx_kl            | 0.007320665 |
|    clip_fraction        | 0.0633      |
|    clip_range           | 0.2         |
|    entropy_loss         | -1.79       |
|    explained_variance   | 0.879       |
|    learning_rate        | 0.0003      |
|    loss                 | 0.0023      |
|    n_updates            | 115         |
|    policy_gradient_loss | -0.00467    |
|    value_loss           | 0.0732      |
-----------------------------------------
------------------------------------------
| rollout/                |              |
|    ep_len_mean          | 291          |
|    ep_rew_mean          | 40.3         |
| time/                   |              |
|    fps                  | 519          |
|    iterations           | 25           |
|    time_elapsed         | 1182         |
|    total_timesteps      | 614400       |
| train/                  |              |
|    approx_kl            | 0.0073589236 |
|    clip_fraction        | 0.0647       |
|    clip_range           | 0.2          |
|    entropy_loss         | -1.79        |
|    explained_variance   | 0.836        |
|    learning_rate        | 0.0003       |
|    loss                 | 0.0156       |
|    n_updates            | 120          |
|    policy_gradient_loss | -0.00506     |
|    value_loss           | 0.0819       |
------------------------------------------
-----------------------------------------
| rollout/                |             |
|    ep_len_mean          | 325         |
|    ep_rew_mean          | 39.7        |
| time/                   |             |
|    fps                  | 519         |
|    iterations           | 26          |
|    time_elapsed         | 1230        |
|    total_timesteps      | 638976      |
| train/                  |             |
|    approx_kl            | 0.007378196 |
|    clip_fraction        | 0.0709      |
|    clip_range           | 0.2         |
|    entropy_loss         | -1.75       |
|    explained_variance   | 0.858       |
|    learning_rate        | 0.0003      |
|    loss                 | 0.0151      |
|    n_updates            | 125         |
|    policy_gradient_loss | -0.00583    |
|    value_loss           | 0.0776      |
-----------------------------------------
------------------------------------------
| rollout/                |              |
|    ep_len_mean          | 372          |
|    ep_rew_mean          | 47.7         |
| time/                   |              |
|    fps                  | 519          |
|    iterations           | 27           |
|    time_elapsed         | 1276         |
|    total_timesteps      | 663552       |
| train/                  |              |
|    approx_kl            | 0.0077454303 |
|    clip_fraction        | 0.0643       |
|    clip_range           | 0.2          |
|    entropy_loss         | -1.74        |
|    explained_variance   | 0.852        |
|    learning_rate        | 0.0003       |
|    loss                 | 0.0124       |
|    n_updates            | 130          |
|    policy_gradient_loss | -0.00552     |
|    value_loss           | 0.104        |
------------------------------------------
-----------------------------------------
| rollout/                |             |
|    ep_len_mean          | 391         |
|    ep_rew_mean          | 51.2        |
| time/                   |             |
|    fps                  | 519         |
|    iterations           | 28          |
|    time_elapsed         | 1324        |
|    total_timesteps      | 688128      |
| train/                  |             |
|    approx_kl            | 0.007200584 |
|    clip_fraction        | 0.072       |
|    clip_range           | 0.2         |
|    entropy_loss         | -1.72       |
|    explained_variance   | 0.809       |
|    learning_rate        | 0.0003      |
|    loss                 | 0.0106      |
|    n_updates            | 135         |
|    policy_gradient_loss | -0.00474    |
|    value_loss           | 0.104       |
-----------------------------------------
-----------------------------------------
| rollout/                |             |
|    ep_len_mean          | 526         |
|    ep_rew_mean          | 52          |
| time/                   |             |
|    fps                  | 519         |
|    iterations           | 29          |
|    time_elapsed         | 1371        |
|    total_timesteps      | 712704      |
| train/                  |             |
|    approx_kl            | 0.006719789 |
|    clip_fraction        | 0.0602      |
|    clip_range           | 0.2         |
|    entropy_loss         | -1.77       |
|    explained_variance   | 0.874       |
|    learning_rate        | 0.0003      |
|    loss                 | 0.0165      |
|    n_updates            | 140         |
|    policy_gradient_loss | -0.0035     |
|    value_loss           | 0.0933      |
-----------------------------------------
-----------------------------------------
| rollout/                |             |
|    ep_len_mean          | 511         |
|    ep_rew_mean          | 53          |
| time/                   |             |
|    fps                  | 519         |
|    iterations           | 30          |
|    time_elapsed         | 1418        |
|    total_timesteps      | 737280      |
| train/                  |             |
|    approx_kl            | 0.007731147 |
|    clip_fraction        | 0.0665      |
|    clip_range           | 0.2         |
|    entropy_loss         | -1.74       |
|    explained_variance   | 0.693       |
|    learning_rate        | 0.0003      |
|    loss                 | 0.236       |
|    n_updates            | 145         |
|    policy_gradient_loss | -0.00307    |
|    value_loss           | 0.221       |
-----------------------------------------
-----------------------------------------
| rollout/                |             |
|    ep_len_mean          | 524         |
|    ep_rew_mean          | 53.6        |
| time/                   |             |
|    fps                  | 519         |
|    iterations           | 31          |
|    time_elapsed         | 1465        |
|    total_timesteps      | 761856      |
| train/                  |             |
|    approx_kl            | 0.006921749 |
|    clip_fraction        | 0.0639      |
|    clip_range           | 0.2         |
|    entropy_loss         | -1.7        |
|    explained_variance   | 0.723       |
|    learning_rate        | 0.0003      |
|    loss                 | 0.0339      |
|    n_updates            | 150         |
|    policy_gradient_loss | -0.00314    |
|    value_loss           | 0.134       |
-----------------------------------------
-----------------------------------------
| rollout/                |             |
|    ep_len_mean          | 504         |
|    ep_rew_mean          | 50.9        |
| time/                   |             |
|    fps                  | 520         |
|    iterations           | 32          |
|    time_elapsed         | 1511        |
|    total_timesteps      | 786432      |
| train/                  |             |
|    approx_kl            | 0.006813212 |
|    clip_fraction        | 0.0551      |
|    clip_range           | 0.2         |
|    entropy_loss         | -1.7        |
|    explained_variance   | 0.853       |
|    learning_rate        | 0.0003      |
|    loss                 | 0.00438     |
|    n_updates            | 155         |
|    policy_gradient_loss | -0.00312    |
|    value_loss           | 0.0756      |
-----------------------------------------
-----------------------------------------
| rollout/                |             |
|    ep_len_mean          | 658         |
|    ep_rew_mean          | 49.6        |
| time/                   |             |
|    fps                  | 520         |
|    iterations           | 33          |
|    time_elapsed         | 1558        |
|    total_timesteps      | 811008      |
| train/                  |             |
|    approx_kl            | 0.006541533 |
|    clip_fraction        | 0.0601      |
|    clip_range           | 0.2         |
|    entropy_loss         | -1.67       |
|    explained_variance   | 0.831       |
|    learning_rate        | 0.0003      |
|    loss                 | -0.0125     |
|    n_updates            | 160         |
|    policy_gradient_loss | -0.00399    |
|    value_loss           | 0.0924      |
-----------------------------------------
-----------------------------------------
| rollout/                |             |
|    ep_len_mean          | 545         |
|    ep_rew_mean          | 51.1        |
| time/                   |             |
|    fps                  | 520         |
|    iterations           | 34          |
|    time_elapsed         | 1604        |
|    total_timesteps      | 835584      |
| train/                  |             |
|    approx_kl            | 0.008285783 |
|    clip_fraction        | 0.0673      |
|    clip_range           | 0.2         |
|    entropy_loss         | -1.63       |
|    explained_variance   | 0.752       |
|    learning_rate        | 0.0003      |
|    loss                 | 0.131       |
|    n_updates            | 165         |
|    policy_gradient_loss | -0.00379    |
|    value_loss           | 0.174       |
-----------------------------------------
------------------------------------------
| rollout/                |              |
|    ep_len_mean          | 465          |
|    ep_rew_mean          | 57.4         |
| time/                   |              |
|    fps                  | 521          |
|    iterations           | 35           |
|    time_elapsed         | 1650         |
|    total_timesteps      | 860160       |
| train/                  |              |
|    approx_kl            | 0.0068020187 |
|    clip_fraction        | 0.0615       |
|    clip_range           | 0.2          |
|    entropy_loss         | -1.63        |
|    explained_variance   | 0.771        |
|    learning_rate        | 0.0003       |
|    loss                 | 0.109        |
|    n_updates            | 170          |
|    policy_gradient_loss | -0.00314     |
|    value_loss           | 0.203        |
------------------------------------------
-----------------------------------------
| rollout/                |             |
|    ep_len_mean          | 508         |
|    ep_rew_mean          | 55.5        |
| time/                   |             |
|    fps                  | 521         |
|    iterations           | 36          |
|    time_elapsed         | 1696        |
|    total_timesteps      | 884736      |
| train/                  |             |
|    approx_kl            | 0.007901483 |
|    clip_fraction        | 0.0676      |
|    clip_range           | 0.2         |
|    entropy_loss         | -1.6        |
|    explained_variance   | 0.684       |
|    learning_rate        | 0.0003      |
|    loss                 | 0.142       |
|    n_updates            | 175         |
|    policy_gradient_loss | -0.00373    |
|    value_loss           | 0.223       |
-----------------------------------------
-----------------------------------------
| rollout/                |             |
|    ep_len_mean          | 414         |
|    ep_rew_mean          | 58.3        |
| time/                   |             |
|    fps                  | 521         |
|    iterations           | 37          |
|    time_elapsed         | 1742        |
|    total_timesteps      | 909312      |
| train/                  |             |
|    approx_kl            | 0.006676741 |
|    clip_fraction        | 0.0552      |
|    clip_range           | 0.2         |
|    entropy_loss         | -1.59       |
|    explained_variance   | 0.614       |
|    learning_rate        | 0.0003      |
|    loss                 | 0.0597      |
|    n_updates            | 180         |
|    policy_gradient_loss | -0.00339    |
|    value_loss           | 0.219       |
-----------------------------------------
------------------------------------------
| rollout/                |              |
|    ep_len_mean          | 464          |
|    ep_rew_mean          | 70.3         |
| time/                   |              |
|    fps                  | 522          |
|    iterations           | 38           |
|    time_elapsed         | 1788         |
|    total_timesteps      | 933888       |
| train/                  |              |
|    approx_kl            | 0.0056999647 |
|    clip_fraction        | 0.0555       |
|    clip_range           | 0.2          |
|    entropy_loss         | -1.56        |
|    explained_variance   | 0.655        |
|    learning_rate        | 0.0003       |
|    loss                 | 0.0936       |
|    n_updates            | 185          |
|    policy_gradient_loss | -0.00261     |
|    value_loss           | 0.22         |
------------------------------------------
------------------------------------------
| rollout/                |              |
|    ep_len_mean          | 579          |
|    ep_rew_mean          | 78.4         |
| time/                   |              |
|    fps                  | 522          |
|    iterations           | 39           |
|    time_elapsed         | 1835         |
|    total_timesteps      | 958464       |
| train/                  |              |
|    approx_kl            | 0.0069353855 |
|    clip_fraction        | 0.0597       |
|    clip_range           | 0.2          |
|    entropy_loss         | -1.56        |
|    explained_variance   | 0.492        |
|    learning_rate        | 0.0003       |
|    loss                 | 0.0627       |
|    n_updates            | 190          |
|    policy_gradient_loss | -0.00264     |
|    value_loss           | 0.262        |
------------------------------------------
------------------------------------------
| rollout/                |              |
|    ep_len_mean          | 470          |
|    ep_rew_mean          | 60.8         |
| time/                   |              |
|    fps                  | 522          |
|    iterations           | 40           |
|    time_elapsed         | 1881         |
|    total_timesteps      | 983040       |
| train/                  |              |
|    approx_kl            | 0.0065463334 |
|    clip_fraction        | 0.0577       |
|    clip_range           | 0.2          |
|    entropy_loss         | -1.52        |
|    explained_variance   | 0.575        |
|    learning_rate        | 0.0003       |
|    loss                 | 0.181        |
|    n_updates            | 195          |
|    policy_gradient_loss | -0.0027      |
|    value_loss           | 0.303        |
------------------------------------------
[Checkpoint] Saved at 1000000 steps > /home/runner/work/Disciples2-RL/Disciples2-RL/github_experiments/102/green_dragon/seed102-green_dragon-29202018350-1/checkpoints/campaign_ppo_step_1000000.zip
Eval num_timesteps=1000008, det_reward=-129.58 +/- 146.21
Episode length: det=3516.20 +/- 1845.52
Victory rate: det=15.00%
--------------------------------------------------
| eval/                           |              |
|    deterministic_mean_ep_length | 3.52e+03     |
|    deterministic_mean_reward    | -130         |
|    deterministic_victory_rate   | 0.15         |
|    mean_ep_length               | 3.52e+03     |
|    mean_reward                  | -130         |
|    victory_rate                 | 0.15         |
| time/                           |              |
|    total_timesteps              | 1000008      |
| train/                          |              |
|    approx_kl                    | 0.0068098307 |
|    clip_fraction                | 0.0548       |
|    clip_range                   | 0.2          |
|    entropy_loss                 | -1.51        |
|    explained_variance           | 0.697        |
|    learning_rate                | 0.0003       |
|    loss                         | 0.104        |
|    n_updates                    | 200          |
|    policy_gradient_loss         | -0.00276     |
|    value_loss                   | 0.206        |
--------------------------------------------------
New best model by deterministic victory rate!
---------------------------------
| rollout/           |          |
|    ep_len_mean     | 472      |
|    ep_rew_mean     | 55.2     |
| time/              |          |
|    fps             | 472      |
|    iterations      | 41       |
|    time_elapsed    | 2132     |
|    total_timesteps | 1007616  |
---------------------------------
VecNormalize stats saved: /home/runner/work/Disciples2-RL/Disciples2-RL/github_experiments/102/green_dragon/seed102-green_dragon-29202018350-1/models/vecnormalize.pkl

Финальная модель сохранена: /home/runner/work/Disciples2-RL/Disciples2-RL/github_experiments/102/green_dragon/seed102-green_dragon-29202018350-1/models/final_model.zip

============================================================
ИТОГИ ОБУЧЕНИЯ:
  Побед: 69
  Поражений: 2554
  Таймаутов: 2
  Побед бота столицы над врагами: 0
  Перестановок юнитов: 216252
  Winrate: 2.6%
============================================================
  График призывов за эпизод: /home/runner/work/Disciples2-RL/Disciples2-RL/github_experiments/102/green_dragon/seed102-green_dragon-29202018350-1/plots/campaign_summoned_units_per_episode.png
  График призывов за всё обучение: /home/runner/work/Disciples2-RL/Disciples2-RL/github_experiments/102/green_dragon/seed102-green_dragon-29202018350-1/plots/campaign_summoned_units_cumulative.png
  График найма за эпизод: /home/runner/work/Disciples2-RL/Disciples2-RL/github_experiments/102/green_dragon/seed102-green_dragon-29202018350-1/plots/campaign_hired_units_per_episode.png
  График найма за всё обучение: /home/runner/work/Disciples2-RL/Disciples2-RL/github_experiments/102/green_dragon/seed102-green_dragon-29202018350-1/plots/campaign_hired_units_cumulative.png
  График перестановок юнитов за эпизод: /home/runner/work/Disciples2-RL/Disciples2-RL/github_experiments/102/green_dragon/seed102-green_dragon-29202018350-1/plots/campaign_unit_swaps_per_episode.png
  График боевых предметов: /home/runner/work/Disciples2-RL/Disciples2-RL/github_experiments/102/green_dragon/seed102-green_dragon-29202018350-1/plots/campaign_battle_item_activity.png
  График побед бота столицы за эпизод: /home/runner/work/Disciples2-RL/Disciples2-RL/github_experiments/102/green_dragon/seed102-green_dragon-29202018350-1/plots/campaign_scripted_bot_victories_per_episode.png
  График применения заклинаний: /home/runner/work/Disciples2-RL/Disciples2-RL/github_experiments/102/green_dragon/seed102-green_dragon-29202018350-1/plots/campaign_spell_cast_activity.png
