Проверка среды CampaignEnv...
Среда прошла проверку!
[INFO] Comet disabled, running without experiment tracking
Создание 12 параллельных сред (subproc)...
Инициализация MaskablePPO...
Using cpu device

============================================================
Запуск обучения Campaign Agent
Всего шагов: 1,000,000
Параллельных сред: 12
VecEnv: subproc
VecEnv start method: forkserver
Seed: 113
Checkpoint каждые: 500,000 шагов
Evaluation каждые: 83,334 шагов
Eval deterministic эпизодов: 20
Eval stochastic эпизодов: 0
Eval лимит шагов на эпизод: 5000
Campaign map: small
Campaign objective: blue_dragon
System resources at training start:
  Platform: Linux 6.17.0-1020-azure (x86_64)
  Python: 3.14.6
  PyTorch: 2.13.0+cpu
  Training device: cpu
  CPU model: AMD EPYC 7763 64-Core Processor
  CPU vendor: AuthenticAMD
  Logical CPUs visible: 4
  Process CPU affinity: 4
  Sockets: 1
  Cores per socket: 2
  Threads per core: 2
  CPU max MHz: unknown
  CPU min MHz: unknown
  L1d cache: 64 KiB (2 instances)
  L1i cache: 64 KiB (2 instances)
  L2 cache: 1 MiB (2 instances)
  L3 cache: 32 MiB (1 instance)
  Virtualization: AMD-V
  Hypervisor: Microsoft
  RAM total: 15.61 GiB
  RAM available at start: 13.91 GiB
  Disk total: 144.26 GiB
  Disk free at start: 85.34 GiB
  Torch intra-op threads: 4
  Torch inter-op threads: 2
  OMP_NUM_THREADS: 4
  MKL_NUM_THREADS: 4
  OPENBLAS_NUM_THREADS: 4
  GitHub runner OS: Linux
  GitHub runner architecture: X64
  GitHub runner environment: github-hosted
PPO n_steps: 2,048
PPO batch_size: 512
PPO n_epochs: 5
PPO learning_rate: 0.0003
PPO clip_range: 0.2
PPO ent_coef: 0.01
PPO gamma: 0.995
PPO gae_lambda: 0.95
PPO target_kl: disabled
PPO gradient batches per rollout: 240
VecCheckNan: disabled
Freeze action layout: enabled
Empire territory: enabled
Torch threads per process: 4
Diagnostics: disabled
Wall-clock training limit: disabled
Run ID: seed113-blue_dragon-29653597110-1
============================================================

Logging to /home/runner/work/Disciples2-RL/Disciples2-RL/github_experiments/113/blue_dragon/seed113-blue_dragon-29653597110-1/tensorboard/MaskablePPO_1
---------------------------------
| rollout/           |          |
|    ep_len_mean     | 123      |
|    ep_rew_mean     | -5.76    |
| time/              |          |
|    fps             | 482      |
|    iterations      | 1        |
|    time_elapsed    | 50       |
|    total_timesteps | 24576    |
---------------------------------
-----------------------------------------
| rollout/                |             |
|    ep_len_mean          | 140         |
|    ep_rew_mean          | -4.41       |
| time/                   |             |
|    fps                  | 466         |
|    iterations           | 2           |
|    time_elapsed         | 105         |
|    total_timesteps      | 49152       |
| train/                  |             |
|    approx_kl            | 0.011845586 |
|    clip_fraction        | 0.102       |
|    clip_range           | 0.2         |
|    entropy_loss         | -2.2        |
|    explained_variance   | -0.0515     |
|    learning_rate        | 0.0003      |
|    loss                 | 0.267       |
|    n_updates            | 5           |
|    policy_gradient_loss | -0.00781    |
|    value_loss           | 0.53        |
-----------------------------------------
-----------------------------------------
| rollout/                |             |
|    ep_len_mean          | 154         |
|    ep_rew_mean          | -2.25       |
| time/                   |             |
|    fps                  | 463         |
|    iterations           | 3           |
|    time_elapsed         | 158         |
|    total_timesteps      | 73728       |
| train/                  |             |
|    approx_kl            | 0.010649599 |
|    clip_fraction        | 0.105       |
|    clip_range           | 0.2         |
|    entropy_loss         | -2.12       |
|    explained_variance   | 0.585       |
|    learning_rate        | 0.0003      |
|    loss                 | 0.0958      |
|    n_updates            | 10          |
|    policy_gradient_loss | -0.0112     |
|    value_loss           | 0.264       |
-----------------------------------------
-----------------------------------------
| rollout/                |             |
|    ep_len_mean          | 213         |
|    ep_rew_mean          | 1.01        |
| time/                   |             |
|    fps                  | 455         |
|    iterations           | 4           |
|    time_elapsed         | 215         |
|    total_timesteps      | 98304       |
| train/                  |             |
|    approx_kl            | 0.010249486 |
|    clip_fraction        | 0.118       |
|    clip_range           | 0.2         |
|    entropy_loss         | -2.09       |
|    explained_variance   | 0.769       |
|    learning_rate        | 0.0003      |
|    loss                 | 0.0791      |
|    n_updates            | 15          |
|    policy_gradient_loss | -0.0118     |
|    value_loss           | 0.229       |
-----------------------------------------
-----------------------------------------
| rollout/                |             |
|    ep_len_mean          | 191         |
|    ep_rew_mean          | 1.68        |
| time/                   |             |
|    fps                  | 454         |
|    iterations           | 5           |
|    time_elapsed         | 270         |
|    total_timesteps      | 122880      |
| train/                  |             |
|    approx_kl            | 0.010779601 |
|    clip_fraction        | 0.116       |
|    clip_range           | 0.2         |
|    entropy_loss         | -2.07       |
|    explained_variance   | 0.82        |
|    learning_rate        | 0.0003      |
|    loss                 | 0.036       |
|    n_updates            | 20          |
|    policy_gradient_loss | -0.0113     |
|    value_loss           | 0.161       |
-----------------------------------------
-----------------------------------------
| rollout/                |             |
|    ep_len_mean          | 205         |
|    ep_rew_mean          | 5.56        |
| time/                   |             |
|    fps                  | 453         |
|    iterations           | 6           |
|    time_elapsed         | 325         |
|    total_timesteps      | 147456      |
| train/                  |             |
|    approx_kl            | 0.010886007 |
|    clip_fraction        | 0.116       |
|    clip_range           | 0.2         |
|    entropy_loss         | -2.02       |
|    explained_variance   | 0.851       |
|    learning_rate        | 0.0003      |
|    loss                 | 0.0492      |
|    n_updates            | 25          |
|    policy_gradient_loss | -0.011      |
|    value_loss           | 0.14        |
-----------------------------------------
-----------------------------------------
| rollout/                |             |
|    ep_len_mean          | 193         |
|    ep_rew_mean          | 10.3        |
| time/                   |             |
|    fps                  | 454         |
|    iterations           | 7           |
|    time_elapsed         | 378         |
|    total_timesteps      | 172032      |
| train/                  |             |
|    approx_kl            | 0.008816401 |
|    clip_fraction        | 0.102       |
|    clip_range           | 0.2         |
|    entropy_loss         | -1.99       |
|    explained_variance   | 0.845       |
|    learning_rate        | 0.0003      |
|    loss                 | 0.0183      |
|    n_updates            | 30          |
|    policy_gradient_loss | -0.00916    |
|    value_loss           | 0.107       |
-----------------------------------------
----------------------------------------
| rollout/                |            |
|    ep_len_mean          | 185        |
|    ep_rew_mean          | 10.5       |
| time/                   |            |
|    fps                  | 453        |
|    iterations           | 8          |
|    time_elapsed         | 433        |
|    total_timesteps      | 196608     |
| train/                  |            |
|    approx_kl            | 0.00910432 |
|    clip_fraction        | 0.0998     |
|    clip_range           | 0.2        |
|    entropy_loss         | -1.94      |
|    explained_variance   | 0.822      |
|    learning_rate        | 0.0003     |
|    loss                 | 0.0173     |
|    n_updates            | 35         |
|    policy_gradient_loss | -0.00814   |
|    value_loss           | 0.119      |
----------------------------------------
-----------------------------------------
| rollout/                |             |
|    ep_len_mean          | 186         |
|    ep_rew_mean          | 13.6        |
| time/                   |             |
|    fps                  | 452         |
|    iterations           | 9           |
|    time_elapsed         | 489         |
|    total_timesteps      | 221184      |
| train/                  |             |
|    approx_kl            | 0.008837648 |
|    clip_fraction        | 0.0831      |
|    clip_range           | 0.2         |
|    entropy_loss         | -1.88       |
|    explained_variance   | 0.847       |
|    learning_rate        | 0.0003      |
|    loss                 | 0.0244      |
|    n_updates            | 40          |
|    policy_gradient_loss | -0.00791    |
|    value_loss           | 0.0935      |
-----------------------------------------
-----------------------------------------
| rollout/                |             |
|    ep_len_mean          | 164         |
|    ep_rew_mean          | 12.8        |
| time/                   |             |
|    fps                  | 450         |
|    iterations           | 10          |
|    time_elapsed         | 545         |
|    total_timesteps      | 245760      |
| train/                  |             |
|    approx_kl            | 0.008313826 |
|    clip_fraction        | 0.0876      |
|    clip_range           | 0.2         |
|    entropy_loss         | -1.84       |
|    explained_variance   | 0.808       |
|    learning_rate        | 0.0003      |
|    loss                 | 0.0264      |
|    n_updates            | 45          |
|    policy_gradient_loss | -0.00701    |
|    value_loss           | 0.117       |
-----------------------------------------
-----------------------------------------
| rollout/                |             |
|    ep_len_mean          | 165         |
|    ep_rew_mean          | 16.7        |
| time/                   |             |
|    fps                  | 450         |
|    iterations           | 11          |
|    time_elapsed         | 599         |
|    total_timesteps      | 270336      |
| train/                  |             |
|    approx_kl            | 0.008040062 |
|    clip_fraction        | 0.0789      |
|    clip_range           | 0.2         |
|    entropy_loss         | -1.79       |
|    explained_variance   | 0.798       |
|    learning_rate        | 0.0003      |
|    loss                 | 0.0289      |
|    n_updates            | 50          |
|    policy_gradient_loss | -0.00632    |
|    value_loss           | 0.115       |
-----------------------------------------
-----------------------------------------
| rollout/                |             |
|    ep_len_mean          | 143         |
|    ep_rew_mean          | 14.1        |
| time/                   |             |
|    fps                  | 451         |
|    iterations           | 12          |
|    time_elapsed         | 653         |
|    total_timesteps      | 294912      |
| train/                  |             |
|    approx_kl            | 0.007510551 |
|    clip_fraction        | 0.0663      |
|    clip_range           | 0.2         |
|    entropy_loss         | -1.75       |
|    explained_variance   | 0.805       |
|    learning_rate        | 0.0003      |
|    loss                 | 0.0264      |
|    n_updates            | 55          |
|    policy_gradient_loss | -0.00582    |
|    value_loss           | 0.12        |
-----------------------------------------
------------------------------------------
| rollout/                |              |
|    ep_len_mean          | 143          |
|    ep_rew_mean          | 16.1         |
| time/                   |              |
|    fps                  | 452          |
|    iterations           | 13           |
|    time_elapsed         | 705          |
|    total_timesteps      | 319488       |
| train/                  |              |
|    approx_kl            | 0.0066561974 |
|    clip_fraction        | 0.0633       |
|    clip_range           | 0.2          |
|    entropy_loss         | -1.73        |
|    explained_variance   | 0.795        |
|    learning_rate        | 0.0003       |
|    loss                 | 0.0393       |
|    n_updates            | 60           |
|    policy_gradient_loss | -0.00561     |
|    value_loss           | 0.121        |
------------------------------------------
------------------------------------------
| rollout/                |              |
|    ep_len_mean          | 147          |
|    ep_rew_mean          | 17.7         |
| time/                   |              |
|    fps                  | 453          |
|    iterations           | 14           |
|    time_elapsed         | 759          |
|    total_timesteps      | 344064       |
| train/                  |              |
|    approx_kl            | 0.0068973484 |
|    clip_fraction        | 0.0699       |
|    clip_range           | 0.2          |
|    entropy_loss         | -1.69        |
|    explained_variance   | 0.784        |
|    learning_rate        | 0.0003       |
|    loss                 | 0.0305       |
|    n_updates            | 65           |
|    policy_gradient_loss | -0.0064      |
|    value_loss           | 0.131        |
------------------------------------------
------------------------------------------
| rollout/                |              |
|    ep_len_mean          | 156          |
|    ep_rew_mean          | 19.9         |
| time/                   |              |
|    fps                  | 453          |
|    iterations           | 15           |
|    time_elapsed         | 812          |
|    total_timesteps      | 368640       |
| train/                  |              |
|    approx_kl            | 0.0064415336 |
|    clip_fraction        | 0.0663       |
|    clip_range           | 0.2          |
|    entropy_loss         | -1.68        |
|    explained_variance   | 0.808        |
|    learning_rate        | 0.0003       |
|    loss                 | 0.0396       |
|    n_updates            | 70           |
|    policy_gradient_loss | -0.00497     |
|    value_loss           | 0.126        |
------------------------------------------
------------------------------------------
| rollout/                |              |
|    ep_len_mean          | 155          |
|    ep_rew_mean          | 20.5         |
| time/                   |              |
|    fps                  | 454          |
|    iterations           | 16           |
|    time_elapsed         | 865          |
|    total_timesteps      | 393216       |
| train/                  |              |
|    approx_kl            | 0.0067910203 |
|    clip_fraction        | 0.0691       |
|    clip_range           | 0.2          |
|    entropy_loss         | -1.65        |
|    explained_variance   | 0.774        |
|    learning_rate        | 0.0003       |
|    loss                 | 0.0517       |
|    n_updates            | 75           |
|    policy_gradient_loss | -0.00528     |
|    value_loss           | 0.148        |
------------------------------------------
-----------------------------------------
| rollout/                |             |
|    ep_len_mean          | 164         |
|    ep_rew_mean          | 23.5        |
| time/                   |             |
|    fps                  | 453         |
|    iterations           | 17          |
|    time_elapsed         | 921         |
|    total_timesteps      | 417792      |
| train/                  |             |
|    approx_kl            | 0.006922172 |
|    clip_fraction        | 0.0623      |
|    clip_range           | 0.2         |
|    entropy_loss         | -1.64       |
|    explained_variance   | 0.823       |
|    learning_rate        | 0.0003      |
|    loss                 | 0.0406      |
|    n_updates            | 80          |
|    policy_gradient_loss | -0.00559    |
|    value_loss           | 0.145       |
-----------------------------------------
-----------------------------------------
| rollout/                |             |
|    ep_len_mean          | 262         |
|    ep_rew_mean          | 11.6        |
| time/                   |             |
|    fps                  | 453         |
|    iterations           | 18          |
|    time_elapsed         | 975         |
|    total_timesteps      | 442368      |
| train/                  |             |
|    approx_kl            | 0.009999669 |
|    clip_fraction        | 0.0685      |
|    clip_range           | 0.2         |
|    entropy_loss         | -1.66       |
|    explained_variance   | 0.901       |
|    learning_rate        | 0.0003      |
|    loss                 | 0.0374      |
|    n_updates            | 85          |
|    policy_gradient_loss | -0.00512    |
|    value_loss           | 0.11        |
-----------------------------------------
------------------------------------------
| rollout/                |              |
|    ep_len_mean          | 215          |
|    ep_rew_mean          | 19.9         |
| time/                   |              |
|    fps                  | 453          |
|    iterations           | 19           |
|    time_elapsed         | 1030         |
|    total_timesteps      | 466944       |
| train/                  |              |
|    approx_kl            | 0.0072792447 |
|    clip_fraction        | 0.0763       |
|    clip_range           | 0.2          |
|    entropy_loss         | -1.67        |
|    explained_variance   | 0.936        |
|    learning_rate        | 0.0003       |
|    loss                 | 0.0228       |
|    n_updates            | 90           |
|    policy_gradient_loss | -0.00458     |
|    value_loss           | 0.0877       |
------------------------------------------
-----------------------------------------
| rollout/                |             |
|    ep_len_mean          | 207         |
|    ep_rew_mean          | 21.2        |
| time/                   |             |
|    fps                  | 453         |
|    iterations           | 20          |
|    time_elapsed         | 1084        |
|    total_timesteps      | 491520      |
| train/                  |             |
|    approx_kl            | 0.006794218 |
|    clip_fraction        | 0.0645      |
|    clip_range           | 0.2         |
|    entropy_loss         | -1.63       |
|    explained_variance   | 0.918       |
|    learning_rate        | 0.0003      |
|    loss                 | 0.0219      |
|    n_updates            | 95          |
|    policy_gradient_loss | -0.0063     |
|    value_loss           | 0.0962      |
-----------------------------------------
[Checkpoint] Saved at 500000 steps > /home/runner/work/Disciples2-RL/Disciples2-RL/github_experiments/113/blue_dragon/seed113-blue_dragon-29653597110-1/checkpoints/campaign_ppo_step_500000.zip
-----------------------------------------
| rollout/                |             |
|    ep_len_mean          | 214         |
|    ep_rew_mean          | 22.4        |
| time/                   |             |
|    fps                  | 453         |
|    iterations           | 21          |
|    time_elapsed         | 1138        |
|    total_timesteps      | 516096      |
| train/                  |             |
|    approx_kl            | 0.006725444 |
|    clip_fraction        | 0.063       |
|    clip_range           | 0.2         |
|    entropy_loss         | -1.59       |
|    explained_variance   | 0.928       |
|    learning_rate        | 0.0003      |
|    loss                 | 0.0138      |
|    n_updates            | 100         |
|    policy_gradient_loss | -0.00519    |
|    value_loss           | 0.0758      |
-----------------------------------------
-----------------------------------------
| rollout/                |             |
|    ep_len_mean          | 211         |
|    ep_rew_mean          | 24.1        |
| time/                   |             |
|    fps                  | 453         |
|    iterations           | 22          |
|    time_elapsed         | 1193        |
|    total_timesteps      | 540672      |
| train/                  |             |
|    approx_kl            | 0.006883643 |
|    clip_fraction        | 0.0701      |
|    clip_range           | 0.2         |
|    entropy_loss         | -1.58       |
|    explained_variance   | 0.926       |
|    learning_rate        | 0.0003      |
|    loss                 | 0.0112      |
|    n_updates            | 105         |
|    policy_gradient_loss | -0.00591    |
|    value_loss           | 0.0753      |
-----------------------------------------
------------------------------------------
| rollout/                |              |
|    ep_len_mean          | 186          |
|    ep_rew_mean          | 29.4         |
| time/                   |              |
|    fps                  | 452          |
|    iterations           | 23           |
|    time_elapsed         | 1248         |
|    total_timesteps      | 565248       |
| train/                  |              |
|    approx_kl            | 0.0059839436 |
|    clip_fraction        | 0.0566       |
|    clip_range           | 0.2          |
|    entropy_loss         | -1.53        |
|    explained_variance   | 0.934        |
|    learning_rate        | 0.0003       |
|    loss                 | 0.0111       |
|    n_updates            | 110          |
|    policy_gradient_loss | -0.00508     |
|    value_loss           | 0.0649       |
------------------------------------------
------------------------------------------
| rollout/                |              |
|    ep_len_mean          | 228          |
|    ep_rew_mean          | 22.9         |
| time/                   |              |
|    fps                  | 452          |
|    iterations           | 24           |
|    time_elapsed         | 1303         |
|    total_timesteps      | 589824       |
| train/                  |              |
|    approx_kl            | 0.0061108693 |
|    clip_fraction        | 0.056        |
|    clip_range           | 0.2          |
|    entropy_loss         | -1.55        |
|    explained_variance   | 0.937        |
|    learning_rate        | 0.0003       |
|    loss                 | -0.00403     |
|    n_updates            | 115          |
|    policy_gradient_loss | -0.00393     |
|    value_loss           | 0.0641       |
------------------------------------------
-----------------------------------------
| rollout/                |             |
|    ep_len_mean          | 193         |
|    ep_rew_mean          | 29.8        |
| time/                   |             |
|    fps                  | 452         |
|    iterations           | 25          |
|    time_elapsed         | 1356        |
|    total_timesteps      | 614400      |
| train/                  |             |
|    approx_kl            | 0.006116674 |
|    clip_fraction        | 0.0642      |
|    clip_range           | 0.2         |
|    entropy_loss         | -1.54       |
|    explained_variance   | 0.948       |
|    learning_rate        | 0.0003      |
|    loss                 | 0.00353     |
|    n_updates            | 120         |
|    policy_gradient_loss | -0.00417    |
|    value_loss           | 0.0566      |
-----------------------------------------
-----------------------------------------
| rollout/                |             |
|    ep_len_mean          | 321         |
|    ep_rew_mean          | 15.3        |
| time/                   |             |
|    fps                  | 452         |
|    iterations           | 26          |
|    time_elapsed         | 1411        |
|    total_timesteps      | 638976      |
| train/                  |             |
|    approx_kl            | 0.007184083 |
|    clip_fraction        | 0.07        |
|    clip_range           | 0.2         |
|    entropy_loss         | -1.59       |
|    explained_variance   | 0.979       |
|    learning_rate        | 0.0003      |
|    loss                 | -0.0166     |
|    n_updates            | 125         |
|    policy_gradient_loss | -0.00463    |
|    value_loss           | 0.0342      |
-----------------------------------------
------------------------------------------
| rollout/                |              |
|    ep_len_mean          | 238          |
|    ep_rew_mean          | 25.2         |
| time/                   |              |
|    fps                  | 453          |
|    iterations           | 27           |
|    time_elapsed         | 1464         |
|    total_timesteps      | 663552       |
| train/                  |              |
|    approx_kl            | 0.0071737976 |
|    clip_fraction        | 0.0684       |
|    clip_range           | 0.2          |
|    entropy_loss         | -1.61        |
|    explained_variance   | 0.977        |
|    learning_rate        | 0.0003       |
|    loss                 | -0.00996     |
|    n_updates            | 130          |
|    policy_gradient_loss | -0.00439     |
|    value_loss           | 0.0434       |
------------------------------------------
------------------------------------------
| rollout/                |              |
|    ep_len_mean          | 190          |
|    ep_rew_mean          | 32.6         |
| time/                   |              |
|    fps                  | 453          |
|    iterations           | 28           |
|    time_elapsed         | 1517         |
|    total_timesteps      | 688128       |
| train/                  |              |
|    approx_kl            | 0.0065481192 |
|    clip_fraction        | 0.0584       |
|    clip_range           | 0.2          |
|    entropy_loss         | -1.48        |
|    explained_variance   | 0.926        |
|    learning_rate        | 0.0003       |
|    loss                 | 0.0038       |
|    n_updates            | 135          |
|    policy_gradient_loss | -0.00475     |
|    value_loss           | 0.0524       |
------------------------------------------
-----------------------------------------
| rollout/                |             |
|    ep_len_mean          | 210         |
|    ep_rew_mean          | 37.6        |
| time/                   |             |
|    fps                  | 454         |
|    iterations           | 29          |
|    time_elapsed         | 1569        |
|    total_timesteps      | 712704      |
| train/                  |             |
|    approx_kl            | 0.006166531 |
|    clip_fraction        | 0.0594      |
|    clip_range           | 0.2         |
|    entropy_loss         | -1.46       |
|    explained_variance   | 0.921       |
|    learning_rate        | 0.0003      |
|    loss                 | -0.00112    |
|    n_updates            | 140         |
|    policy_gradient_loss | -0.00492    |
|    value_loss           | 0.0454      |
-----------------------------------------
-----------------------------------------
| rollout/                |             |
|    ep_len_mean          | 249         |
|    ep_rew_mean          | 29.8        |
| time/                   |             |
|    fps                  | 454         |
|    iterations           | 30          |
|    time_elapsed         | 1622        |
|    total_timesteps      | 737280      |
| train/                  |             |
|    approx_kl            | 0.006566907 |
|    clip_fraction        | 0.0696      |
|    clip_range           | 0.2         |
|    entropy_loss         | -1.48       |
|    explained_variance   | 0.956       |
|    learning_rate        | 0.0003      |
|    loss                 | -0.000889   |
|    n_updates            | 145         |
|    policy_gradient_loss | -0.00479    |
|    value_loss           | 0.0375      |
-----------------------------------------
------------------------------------------
| rollout/                |              |
|    ep_len_mean          | 291          |
|    ep_rew_mean          | 26.7         |
| time/                   |              |
|    fps                  | 453          |
|    iterations           | 31           |
|    time_elapsed         | 1678         |
|    total_timesteps      | 761856       |
| train/                  |              |
|    approx_kl            | 0.0058526597 |
|    clip_fraction        | 0.0612       |
|    clip_range           | 0.2          |
|    entropy_loss         | -1.53        |
|    explained_variance   | 0.977        |
|    learning_rate        | 0.0003       |
|    loss                 | -0.00659     |
|    n_updates            | 150          |
|    policy_gradient_loss | -0.00424     |
|    value_loss           | 0.0307       |
------------------------------------------
-----------------------------------------
| rollout/                |             |
|    ep_len_mean          | 466         |
|    ep_rew_mean          | 8.83        |
| time/                   |             |
|    fps                  | 454         |
|    iterations           | 32          |
|    time_elapsed         | 1731        |
|    total_timesteps      | 786432      |
| train/                  |             |
|    approx_kl            | 0.007000568 |
|    clip_fraction        | 0.0788      |
|    clip_range           | 0.2         |
|    entropy_loss         | -1.59       |
|    explained_variance   | 0.985       |
|    learning_rate        | 0.0003      |
|    loss                 | -0.00819    |
|    n_updates            | 155         |
|    policy_gradient_loss | -0.00425    |
|    value_loss           | 0.017       |
-----------------------------------------
-----------------------------------------
| rollout/                |             |
|    ep_len_mean          | 284         |
|    ep_rew_mean          | 23.6        |
| time/                   |             |
|    fps                  | 454         |
|    iterations           | 33          |
|    time_elapsed         | 1783        |
|    total_timesteps      | 811008      |
| train/                  |             |
|    approx_kl            | 0.006558839 |
|    clip_fraction        | 0.0581      |
|    clip_range           | 0.2         |
|    entropy_loss         | -1.45       |
|    explained_variance   | 0.983       |
|    learning_rate        | 0.0003      |
|    loss                 | -0.0125     |
|    n_updates            | 160         |
|    policy_gradient_loss | -0.00453    |
|    value_loss           | 0.0239      |
-----------------------------------------
-----------------------------------------
| rollout/                |             |
|    ep_len_mean          | 199         |
|    ep_rew_mean          | 40.3        |
| time/                   |             |
|    fps                  | 454         |
|    iterations           | 34          |
|    time_elapsed         | 1837        |
|    total_timesteps      | 835584      |
| train/                  |             |
|    approx_kl            | 0.006398672 |
|    clip_fraction        | 0.061       |
|    clip_range           | 0.2         |
|    entropy_loss         | -1.39       |
|    explained_variance   | 0.963       |
|    learning_rate        | 0.0003      |
|    loss                 | 0.00132     |
|    n_updates            | 165         |
|    policy_gradient_loss | -0.00453    |
|    value_loss           | 0.0337      |
-----------------------------------------
------------------------------------------
| rollout/                |              |
|    ep_len_mean          | 289          |
|    ep_rew_mean          | 35.5         |
| time/                   |              |
|    fps                  | 454          |
|    iterations           | 35           |
|    time_elapsed         | 1892         |
|    total_timesteps      | 860160       |
| train/                  |              |
|    approx_kl            | 0.0064180805 |
|    clip_fraction        | 0.0622       |
|    clip_range           | 0.2          |
|    entropy_loss         | -1.45        |
|    explained_variance   | 0.977        |
|    learning_rate        | 0.0003       |
|    loss                 | -0.00589     |
|    n_updates            | 170          |
|    policy_gradient_loss | -0.0047      |
|    value_loss           | 0.0268       |
------------------------------------------
----------------------------------------
| rollout/                |            |
|    ep_len_mean          | 429        |
|    ep_rew_mean          | 22         |
| time/                   |            |
|    fps                  | 454        |
|    iterations           | 36         |
|    time_elapsed         | 1947       |
|    total_timesteps      | 884736     |
| train/                  |            |
|    approx_kl            | 0.00657451 |
|    clip_fraction        | 0.0718     |
|    clip_range           | 0.2        |
|    entropy_loss         | -1.53      |
|    explained_variance   | 0.985      |
|    learning_rate        | 0.0003     |
|    loss                 | 0.00308    |
|    n_updates            | 175        |
|    policy_gradient_loss | -0.00392   |
|    value_loss           | 0.0202     |
----------------------------------------
-----------------------------------------
| rollout/                |             |
|    ep_len_mean          | 345         |
|    ep_rew_mean          | 35.3        |
| time/                   |             |
|    fps                  | 454         |
|    iterations           | 37          |
|    time_elapsed         | 2000        |
|    total_timesteps      | 909312      |
| train/                  |             |
|    approx_kl            | 0.007144219 |
|    clip_fraction        | 0.0674      |
|    clip_range           | 0.2         |
|    entropy_loss         | -1.53       |
|    explained_variance   | 0.988       |
|    learning_rate        | 0.0003      |
|    loss                 | -0.0142     |
|    n_updates            | 180         |
|    policy_gradient_loss | -0.00526    |
|    value_loss           | 0.0173      |
-----------------------------------------
-----------------------------------------
| rollout/                |             |
|    ep_len_mean          | 319         |
|    ep_rew_mean          | 30.2        |
| time/                   |             |
|    fps                  | 454         |
|    iterations           | 38          |
|    time_elapsed         | 2055        |
|    total_timesteps      | 933888      |
| train/                  |             |
|    approx_kl            | 0.006883128 |
|    clip_fraction        | 0.0704      |
|    clip_range           | 0.2         |
|    entropy_loss         | -1.45       |
|    explained_variance   | 0.982       |
|    learning_rate        | 0.0003      |
|    loss                 | -0.0117     |
|    n_updates            | 185         |
|    policy_gradient_loss | -0.00457    |
|    value_loss           | 0.0233      |
-----------------------------------------
-----------------------------------------
| rollout/                |             |
|    ep_len_mean          | 374         |
|    ep_rew_mean          | 26.5        |
| time/                   |             |
|    fps                  | 454         |
|    iterations           | 39          |
|    time_elapsed         | 2109        |
|    total_timesteps      | 958464      |
| train/                  |             |
|    approx_kl            | 0.005552543 |
|    clip_fraction        | 0.0606      |
|    clip_range           | 0.2         |
|    entropy_loss         | -1.5        |
|    explained_variance   | 0.983       |
|    learning_rate        | 0.0003      |
|    loss                 | -0.0203     |
|    n_updates            | 190         |
|    policy_gradient_loss | -0.00459    |
|    value_loss           | 0.0194      |
-----------------------------------------
------------------------------------------
| rollout/                |              |
|    ep_len_mean          | 437          |
|    ep_rew_mean          | 21.6         |
| time/                   |              |
|    fps                  | 454          |
|    iterations           | 40           |
|    time_elapsed         | 2163         |
|    total_timesteps      | 983040       |
| train/                  |              |
|    approx_kl            | 0.0067075156 |
|    clip_fraction        | 0.072        |
|    clip_range           | 0.2          |
|    entropy_loss         | -1.54        |
|    explained_variance   | 0.989        |
|    learning_rate        | 0.0003       |
|    loss                 | -0.00856     |
|    n_updates            | 195          |
|    policy_gradient_loss | -0.00438     |
|    value_loss           | 0.0165       |
------------------------------------------
[Checkpoint] Saved at 1000000 steps > /home/runner/work/Disciples2-RL/Disciples2-RL/github_experiments/113/blue_dragon/seed113-blue_dragon-29653597110-1/checkpoints/campaign_ppo_step_1000000.zip
Eval num_timesteps=1000008, det_reward=7.43 +/- 145.52
Episode length: det=872.40 +/- 1470.13
Victory rate: det=0.00%
-------------------------------------------------
| eval/                           |             |
|    deterministic_mean_ep_length | 872         |
|    deterministic_mean_reward    | 7.43        |
|    deterministic_victory_rate   | 0           |
|    mean_ep_length               | 872         |
|    mean_reward                  | 7.43        |
|    victory_rate                 | 0           |
| time/                           |             |
|    total_timesteps              | 1000008     |
| train/                          |             |
|    approx_kl                    | 0.007766412 |
|    clip_fraction                | 0.0772      |
|    clip_range                   | 0.2         |
|    entropy_loss                 | -1.46       |
|    explained_variance           | 0.988       |
|    learning_rate                | 0.0003      |
|    loss                         | -0.0189     |
|    n_updates                    | 200         |
|    policy_gradient_loss         | -0.00514    |
|    value_loss                   | 0.0162      |
-------------------------------------------------
New best model by deterministic victory rate!
---------------------------------
| rollout/           |          |
|    ep_len_mean     | 358      |
|    ep_rew_mean     | 33.9     |
| time/              |          |
|    fps             | 440      |
|    iterations      | 41       |
|    time_elapsed    | 2285     |
|    total_timesteps | 1007616  |
---------------------------------
VecNormalize stats saved: /home/runner/work/Disciples2-RL/Disciples2-RL/github_experiments/113/blue_dragon/seed113-blue_dragon-29653597110-1/models/vecnormalize.pkl

Финальная модель сохранена: /home/runner/work/Disciples2-RL/Disciples2-RL/github_experiments/113/blue_dragon/seed113-blue_dragon-29653597110-1/models/final_model.zip

============================================================
ИТОГИ ОБУЧЕНИЯ:
  Побед: 0
  Поражений: 4702
  Таймаутов: 16
  Побед бота столицы над врагами: 0
  Перестановок юнитов: 192039
  Терминальные поражения по противникам:
    enemy_31: 1170 — Отряд: зеленый дракон
    enemy_29: 520 — Отряд: 3 скваера на передней линии
    enemy_25: 502 — Отряд: копейщик спереди и служка сзади
    enemy_23: 395 — Отряд: волк на передней линии
    enemy_74: 342 — Руины (43, 34): Лорд Тьмы, Лич
    enemy_34: 282 — Отряд Порта Полонис: Воин спереди, Колдун, Нигош (Носферату) и Привидение сзади
    enemy_15: 255 — Отряд: 2 привидения спереди, вампир сзади
    enemy_61: 228 — Отряд: Зомби, Призрак
    enemy_7: 215 — Отряд: воин + привидение спереди, колдун + призрак + привидение сзади
    enemy_27: 193 — Отряд: скваер в центре и 2 крестьянина на передней линии
    enemy_17: 170 — Отряд: воин спереди, 2 призрака и привидение сзади
    enemy_65: 164 — Отряд: Кентавр копейщик, Рейнджер
    enemy_21: 115 — Отряд: зомби спереди, привидение сзади
    enemy_19: 68 — Отряд: зомби спереди, привидение сзади
    enemy_9: 32 — Отряд: тамплиер спереди, колдун и призрак сзади
    enemy_3: 19 — Отряд: орк чемпион на передней линии
    enemy_63: 9 — Отряд: Разбойник
    enemy_59: 6 — Отряд: Зомби
    enemy_5: 4 — Отряд: орк чемпион на передней линии
    enemy_57: 4 — Отряд: Призрак, Привидение, Воин
    enemy_35: 3 — Отряд Соругириллы: Унфегра (Королева личей), Виверна
    enemy_11: 3 — Отряд: оборотень спереди и тень сзади
    enemy_70: 1 — Руины (15, 9): Орк, Гоблин, Гоблин
    enemy_68: 1 — Внутренний гарнизон Порта Полонис: Зомби, Воин
    enemy_47: 1 — Отряд: Призрак, Привидение, Привидение, Воин
  Winrate: 0.0%
============================================================
  График призывов за эпизод: /home/runner/work/Disciples2-RL/Disciples2-RL/github_experiments/113/blue_dragon/seed113-blue_dragon-29653597110-1/plots/campaign_summoned_units_per_episode.png
  График призывов за всё обучение: /home/runner/work/Disciples2-RL/Disciples2-RL/github_experiments/113/blue_dragon/seed113-blue_dragon-29653597110-1/plots/campaign_summoned_units_cumulative.png
  График найма за эпизод: /home/runner/work/Disciples2-RL/Disciples2-RL/github_experiments/113/blue_dragon/seed113-blue_dragon-29653597110-1/plots/campaign_hired_units_per_episode.png
  График найма за всё обучение: /home/runner/work/Disciples2-RL/Disciples2-RL/github_experiments/113/blue_dragon/seed113-blue_dragon-29653597110-1/plots/campaign_hired_units_cumulative.png
  График перестановок юнитов за эпизод: /home/runner/work/Disciples2-RL/Disciples2-RL/github_experiments/113/blue_dragon/seed113-blue_dragon-29653597110-1/plots/campaign_unit_swaps_per_episode.png
  График боевых предметов: /home/runner/work/Disciples2-RL/Disciples2-RL/github_experiments/113/blue_dragon/seed113-blue_dragon-29653597110-1/plots/campaign_battle_item_activity.png
  График побед бота столицы за эпизод: /home/runner/work/Disciples2-RL/Disciples2-RL/github_experiments/113/blue_dragon/seed113-blue_dragon-29653597110-1/plots/campaign_scripted_bot_victories_per_episode.png
  График применения заклинаний: /home/runner/work/Disciples2-RL/Disciples2-RL/github_experiments/113/blue_dragon/seed113-blue_dragon-29653597110-1/plots/campaign_spell_cast_activity.png
