Проверка среды CampaignEnv...
Среда прошла проверку!
[INFO] Comet disabled, running without experiment tracking
Создание 12 параллельных сред (subproc)...
Инициализация MaskablePPO...
Using cpu device

============================================================
Запуск обучения Campaign Agent
Всего шагов: 1,000,000
Параллельных сред: 12
VecEnv: subproc
VecEnv start method: forkserver
Seed: 116
Checkpoint каждые: 500,000 шагов
Evaluation каждые: 83,334 шагов
Eval deterministic эпизодов: 20
Eval stochastic эпизодов: 0
Eval лимит шагов на эпизод: 5000
Campaign map: small
Campaign objective: dragon
System resources at training start:
  Platform: Linux 6.17.0-1020-azure (x86_64)
  Python: 3.14.6
  PyTorch: 2.13.0+cpu
  Training device: cpu
  CPU model: AMD EPYC 9V74 80-Core Processor
  CPU vendor: AuthenticAMD
  Logical CPUs visible: 4
  Process CPU affinity: 4
  Sockets: 1
  Cores per socket: 2
  Threads per core: 2
  CPU max MHz: unknown
  CPU min MHz: unknown
  L1d cache: 64 KiB (2 instances)
  L1i cache: 64 KiB (2 instances)
  L2 cache: 2 MiB (2 instances)
  L3 cache: 32 MiB (1 instance)
  Virtualization: AMD-V
  Hypervisor: Microsoft
  RAM total: 15.61 GiB
  RAM available at start: 13.92 GiB
  Disk total: 144.26 GiB
  Disk free at start: 85.17 GiB
  Torch intra-op threads: 4
  Torch inter-op threads: 2
  OMP_NUM_THREADS: 4
  MKL_NUM_THREADS: 4
  OPENBLAS_NUM_THREADS: 4
  GitHub runner OS: Linux
  GitHub runner architecture: X64
  GitHub runner environment: github-hosted
PPO n_steps: 2,048
PPO batch_size: 512
PPO n_epochs: 5
PPO learning_rate: 0.0003
PPO clip_range: 0.2
PPO ent_coef: 0.01
PPO gamma: 0.995
PPO gae_lambda: 0.95
PPO target_kl: disabled
PPO gradient batches per rollout: 240
VecCheckNan: disabled
Freeze action layout: enabled
Empire territory: enabled
Torch threads per process: 4
Diagnostics: disabled
Wall-clock training limit: disabled
Run ID: seed116-green_dragon-29716129776-1
============================================================

Logging to /home/runner/work/Disciples2-RL/Disciples2-RL/github_experiments/116/green_dragon/seed116-green_dragon-29716129776-1/tensorboard/MaskablePPO_1
---------------------------------
| rollout/           |          |
|    ep_len_mean     | 122      |
|    ep_rew_mean     | -4.93    |
| time/              |          |
|    fps             | 454      |
|    iterations      | 1        |
|    time_elapsed    | 54       |
|    total_timesteps | 24576    |
---------------------------------
------------------------------------------
| rollout/                |              |
|    ep_len_mean          | 129          |
|    ep_rew_mean          | -3.43        |
| time/                   |              |
|    fps                  | 438          |
|    iterations           | 2            |
|    time_elapsed         | 112          |
|    total_timesteps      | 49152        |
| train/                  |              |
|    approx_kl            | 0.0102441525 |
|    clip_fraction        | 0.122        |
|    clip_range           | 0.2          |
|    entropy_loss         | -2.2         |
|    explained_variance   | -0.129       |
|    learning_rate        | 0.0003       |
|    loss                 | 0.205        |
|    n_updates            | 5            |
|    policy_gradient_loss | -0.00815     |
|    value_loss           | 0.574        |
------------------------------------------
-----------------------------------------
| rollout/                |             |
|    ep_len_mean          | 187         |
|    ep_rew_mean          | -3.89       |
| time/                   |             |
|    fps                  | 435         |
|    iterations           | 3           |
|    time_elapsed         | 169         |
|    total_timesteps      | 73728       |
| train/                  |             |
|    approx_kl            | 0.010512489 |
|    clip_fraction        | 0.109       |
|    clip_range           | 0.2         |
|    entropy_loss         | -2.12       |
|    explained_variance   | 0.568       |
|    learning_rate        | 0.0003      |
|    loss                 | 0.0551      |
|    n_updates            | 10          |
|    policy_gradient_loss | -0.0114     |
|    value_loss           | 0.224       |
-----------------------------------------
-----------------------------------------
| rollout/                |             |
|    ep_len_mean          | 233         |
|    ep_rew_mean          | -4.73       |
| time/                   |             |
|    fps                  | 428         |
|    iterations           | 4           |
|    time_elapsed         | 229         |
|    total_timesteps      | 98304       |
| train/                  |             |
|    approx_kl            | 0.010584039 |
|    clip_fraction        | 0.115       |
|    clip_range           | 0.2         |
|    entropy_loss         | -2.09       |
|    explained_variance   | 0.766       |
|    learning_rate        | 0.0003      |
|    loss                 | 0.0341      |
|    n_updates            | 15          |
|    policy_gradient_loss | -0.0106     |
|    value_loss           | 0.129       |
-----------------------------------------
-----------------------------------------
| rollout/                |             |
|    ep_len_mean          | 291         |
|    ep_rew_mean          | -6.42       |
| time/                   |             |
|    fps                  | 428         |
|    iterations           | 5           |
|    time_elapsed         | 286         |
|    total_timesteps      | 122880      |
| train/                  |             |
|    approx_kl            | 0.010012654 |
|    clip_fraction        | 0.0994      |
|    clip_range           | 0.2         |
|    entropy_loss         | -2.1        |
|    explained_variance   | 0.863       |
|    learning_rate        | 0.0003      |
|    loss                 | 0.0111      |
|    n_updates            | 20          |
|    policy_gradient_loss | -0.00786    |
|    value_loss           | 0.0741      |
-----------------------------------------
---------------------------------------
| rollout/                |           |
|    ep_len_mean          | 240       |
|    ep_rew_mean          | 4.69      |
| time/                   |           |
|    fps                  | 426       |
|    iterations           | 6         |
|    time_elapsed         | 345       |
|    total_timesteps      | 147456    |
| train/                  |           |
|    approx_kl            | 0.0097726 |
|    clip_fraction        | 0.0932    |
|    clip_range           | 0.2       |
|    entropy_loss         | -2.06     |
|    explained_variance   | 0.89      |
|    learning_rate        | 0.0003    |
|    loss                 | -0.00663  |
|    n_updates            | 25        |
|    policy_gradient_loss | -0.00932  |
|    value_loss           | 0.0633    |
---------------------------------------
-----------------------------------------
| rollout/                |             |
|    ep_len_mean          | 219         |
|    ep_rew_mean          | 7.93        |
| time/                   |             |
|    fps                  | 425         |
|    iterations           | 7           |
|    time_elapsed         | 404         |
|    total_timesteps      | 172032      |
| train/                  |             |
|    approx_kl            | 0.009613796 |
|    clip_fraction        | 0.106       |
|    clip_range           | 0.2         |
|    entropy_loss         | -2.01       |
|    explained_variance   | 0.87        |
|    learning_rate        | 0.0003      |
|    loss                 | -0.00238    |
|    n_updates            | 30          |
|    policy_gradient_loss | -0.00748    |
|    value_loss           | 0.0481      |
-----------------------------------------
-----------------------------------------
| rollout/                |             |
|    ep_len_mean          | 205         |
|    ep_rew_mean          | 9.34        |
| time/                   |             |
|    fps                  | 424         |
|    iterations           | 8           |
|    time_elapsed         | 463         |
|    total_timesteps      | 196608      |
| train/                  |             |
|    approx_kl            | 0.008967646 |
|    clip_fraction        | 0.0787      |
|    clip_range           | 0.2         |
|    entropy_loss         | -2.03       |
|    explained_variance   | 0.808       |
|    learning_rate        | 0.0003      |
|    loss                 | -0.00159    |
|    n_updates            | 35          |
|    policy_gradient_loss | -0.00631    |
|    value_loss           | 0.0509      |
-----------------------------------------
-----------------------------------------
| rollout/                |             |
|    ep_len_mean          | 205         |
|    ep_rew_mean          | 11          |
| time/                   |             |
|    fps                  | 424         |
|    iterations           | 9           |
|    time_elapsed         | 521         |
|    total_timesteps      | 221184      |
| train/                  |             |
|    approx_kl            | 0.008175586 |
|    clip_fraction        | 0.0858      |
|    clip_range           | 0.2         |
|    entropy_loss         | -1.98       |
|    explained_variance   | 0.811       |
|    learning_rate        | 0.0003      |
|    loss                 | -0.0169     |
|    n_updates            | 40          |
|    policy_gradient_loss | -0.00754    |
|    value_loss           | 0.0385      |
-----------------------------------------
-----------------------------------------
| rollout/                |             |
|    ep_len_mean          | 185         |
|    ep_rew_mean          | 13.5        |
| time/                   |             |
|    fps                  | 425         |
|    iterations           | 10          |
|    time_elapsed         | 577         |
|    total_timesteps      | 245760      |
| train/                  |             |
|    approx_kl            | 0.008697049 |
|    clip_fraction        | 0.0953      |
|    clip_range           | 0.2         |
|    entropy_loss         | -1.97       |
|    explained_variance   | 0.806       |
|    learning_rate        | 0.0003      |
|    loss                 | -0.00216    |
|    n_updates            | 45          |
|    policy_gradient_loss | -0.00716    |
|    value_loss           | 0.0464      |
-----------------------------------------
-----------------------------------------
| rollout/                |             |
|    ep_len_mean          | 164         |
|    ep_rew_mean          | 14.4        |
| time/                   |             |
|    fps                  | 426         |
|    iterations           | 11          |
|    time_elapsed         | 634         |
|    total_timesteps      | 270336      |
| train/                  |             |
|    approx_kl            | 0.008798496 |
|    clip_fraction        | 0.0836      |
|    clip_range           | 0.2         |
|    entropy_loss         | -1.89       |
|    explained_variance   | 0.769       |
|    learning_rate        | 0.0003      |
|    loss                 | 0.00646     |
|    n_updates            | 50          |
|    policy_gradient_loss | -0.00697    |
|    value_loss           | 0.0528      |
-----------------------------------------
-----------------------------------------
| rollout/                |             |
|    ep_len_mean          | 222         |
|    ep_rew_mean          | 10.3        |
| time/                   |             |
|    fps                  | 426         |
|    iterations           | 12          |
|    time_elapsed         | 691         |
|    total_timesteps      | 294912      |
| train/                  |             |
|    approx_kl            | 0.008336223 |
|    clip_fraction        | 0.0809      |
|    clip_range           | 0.2         |
|    entropy_loss         | -1.82       |
|    explained_variance   | 0.819       |
|    learning_rate        | 0.0003      |
|    loss                 | -0.00264    |
|    n_updates            | 55          |
|    policy_gradient_loss | -0.00592    |
|    value_loss           | 0.0484      |
-----------------------------------------
------------------------------------------
| rollout/                |              |
|    ep_len_mean          | 174          |
|    ep_rew_mean          | 17           |
| time/                   |              |
|    fps                  | 426          |
|    iterations           | 13           |
|    time_elapsed         | 748          |
|    total_timesteps      | 319488       |
| train/                  |              |
|    approx_kl            | 0.0070224977 |
|    clip_fraction        | 0.0709       |
|    clip_range           | 0.2          |
|    entropy_loss         | -1.8         |
|    explained_variance   | 0.825        |
|    learning_rate        | 0.0003       |
|    loss                 | -0.00501     |
|    n_updates            | 60           |
|    policy_gradient_loss | -0.00548     |
|    value_loss           | 0.0549       |
------------------------------------------
----------------------------------------
| rollout/                |            |
|    ep_len_mean          | 175        |
|    ep_rew_mean          | 18         |
| time/                   |            |
|    fps                  | 426        |
|    iterations           | 14         |
|    time_elapsed         | 806        |
|    total_timesteps      | 344064     |
| train/                  |            |
|    approx_kl            | 0.00699019 |
|    clip_fraction        | 0.071      |
|    clip_range           | 0.2        |
|    entropy_loss         | -1.8       |
|    explained_variance   | 0.761      |
|    learning_rate        | 0.0003     |
|    loss                 | 0.00599    |
|    n_updates            | 65         |
|    policy_gradient_loss | -0.00563   |
|    value_loss           | 0.0625     |
----------------------------------------
-----------------------------------------
| rollout/                |             |
|    ep_len_mean          | 182         |
|    ep_rew_mean          | 20.1        |
| time/                   |             |
|    fps                  | 426         |
|    iterations           | 15          |
|    time_elapsed         | 864         |
|    total_timesteps      | 368640      |
| train/                  |             |
|    approx_kl            | 0.007638063 |
|    clip_fraction        | 0.0781      |
|    clip_range           | 0.2         |
|    entropy_loss         | -1.8        |
|    explained_variance   | 0.77        |
|    learning_rate        | 0.0003      |
|    loss                 | 0.023       |
|    n_updates            | 70          |
|    policy_gradient_loss | -0.00642    |
|    value_loss           | 0.0669      |
-----------------------------------------
------------------------------------------
| rollout/                |              |
|    ep_len_mean          | 195          |
|    ep_rew_mean          | 20.2         |
| time/                   |              |
|    fps                  | 425          |
|    iterations           | 16           |
|    time_elapsed         | 924          |
|    total_timesteps      | 393216       |
| train/                  |              |
|    approx_kl            | 0.0071194484 |
|    clip_fraction        | 0.0673       |
|    clip_range           | 0.2          |
|    entropy_loss         | -1.79        |
|    explained_variance   | 0.748        |
|    learning_rate        | 0.0003       |
|    loss                 | 0.0167       |
|    n_updates            | 75           |
|    policy_gradient_loss | -0.00468     |
|    value_loss           | 0.073        |
------------------------------------------
-----------------------------------------
| rollout/                |             |
|    ep_len_mean          | 200         |
|    ep_rew_mean          | 20.9        |
| time/                   |             |
|    fps                  | 424         |
|    iterations           | 17          |
|    time_elapsed         | 983         |
|    total_timesteps      | 417792      |
| train/                  |             |
|    approx_kl            | 0.007920664 |
|    clip_fraction        | 0.0726      |
|    clip_range           | 0.2         |
|    entropy_loss         | -1.8        |
|    explained_variance   | 0.789       |
|    learning_rate        | 0.0003      |
|    loss                 | 0.0197      |
|    n_updates            | 80          |
|    policy_gradient_loss | -0.00588    |
|    value_loss           | 0.0698      |
-----------------------------------------
-----------------------------------------
| rollout/                |             |
|    ep_len_mean          | 240         |
|    ep_rew_mean          | 22          |
| time/                   |             |
|    fps                  | 424         |
|    iterations           | 18          |
|    time_elapsed         | 1042        |
|    total_timesteps      | 442368      |
| train/                  |             |
|    approx_kl            | 0.006908156 |
|    clip_fraction        | 0.0709      |
|    clip_range           | 0.2         |
|    entropy_loss         | -1.81       |
|    explained_variance   | 0.779       |
|    learning_rate        | 0.0003      |
|    loss                 | 0.0163      |
|    n_updates            | 85          |
|    policy_gradient_loss | -0.00545    |
|    value_loss           | 0.0802      |
-----------------------------------------
----------------------------------------
| rollout/                |            |
|    ep_len_mean          | 253        |
|    ep_rew_mean          | 26.4       |
| time/                   |            |
|    fps                  | 423        |
|    iterations           | 19         |
|    time_elapsed         | 1101       |
|    total_timesteps      | 466944     |
| train/                  |            |
|    approx_kl            | 0.00658603 |
|    clip_fraction        | 0.0639     |
|    clip_range           | 0.2        |
|    entropy_loss         | -1.84      |
|    explained_variance   | 0.807      |
|    learning_rate        | 0.0003     |
|    loss                 | 0.011      |
|    n_updates            | 90         |
|    policy_gradient_loss | -0.00481   |
|    value_loss           | 0.066      |
----------------------------------------
-----------------------------------------
| rollout/                |             |
|    ep_len_mean          | 215         |
|    ep_rew_mean          | 23.6        |
| time/                   |             |
|    fps                  | 423         |
|    iterations           | 20          |
|    time_elapsed         | 1159        |
|    total_timesteps      | 491520      |
| train/                  |             |
|    approx_kl            | 0.006993173 |
|    clip_fraction        | 0.0701      |
|    clip_range           | 0.2         |
|    entropy_loss         | -1.83       |
|    explained_variance   | 0.786       |
|    learning_rate        | 0.0003      |
|    loss                 | -0.00236    |
|    n_updates            | 95          |
|    policy_gradient_loss | -0.00554    |
|    value_loss           | 0.0756      |
-----------------------------------------
[Checkpoint] Saved at 500000 steps > /home/runner/work/Disciples2-RL/Disciples2-RL/github_experiments/116/green_dragon/seed116-green_dragon-29716129776-1/checkpoints/campaign_ppo_step_500000.zip
-----------------------------------------
| rollout/                |             |
|    ep_len_mean          | 216         |
|    ep_rew_mean          | 25.3        |
| time/                   |             |
|    fps                  | 424         |
|    iterations           | 21          |
|    time_elapsed         | 1217        |
|    total_timesteps      | 516096      |
| train/                  |             |
|    approx_kl            | 0.006312506 |
|    clip_fraction        | 0.0621      |
|    clip_range           | 0.2         |
|    entropy_loss         | -1.79       |
|    explained_variance   | 0.776       |
|    learning_rate        | 0.0003      |
|    loss                 | 0.0188      |
|    n_updates            | 100         |
|    policy_gradient_loss | -0.0052     |
|    value_loss           | 0.0798      |
-----------------------------------------
-----------------------------------------
| rollout/                |             |
|    ep_len_mean          | 283         |
|    ep_rew_mean          | 29.9        |
| time/                   |             |
|    fps                  | 423         |
|    iterations           | 22          |
|    time_elapsed         | 1276        |
|    total_timesteps      | 540672      |
| train/                  |             |
|    approx_kl            | 0.006966509 |
|    clip_fraction        | 0.0712      |
|    clip_range           | 0.2         |
|    entropy_loss         | -1.75       |
|    explained_variance   | 0.813       |
|    learning_rate        | 0.0003      |
|    loss                 | 0.0127      |
|    n_updates            | 105         |
|    policy_gradient_loss | -0.00501    |
|    value_loss           | 0.0779      |
-----------------------------------------
-----------------------------------------
| rollout/                |             |
|    ep_len_mean          | 260         |
|    ep_rew_mean          | 29.6        |
| time/                   |             |
|    fps                  | 423         |
|    iterations           | 23          |
|    time_elapsed         | 1334        |
|    total_timesteps      | 565248      |
| train/                  |             |
|    approx_kl            | 0.007098017 |
|    clip_fraction        | 0.0749      |
|    clip_range           | 0.2         |
|    entropy_loss         | -1.81       |
|    explained_variance   | 0.838       |
|    learning_rate        | 0.0003      |
|    loss                 | 0.00935     |
|    n_updates            | 110         |
|    policy_gradient_loss | -0.00505    |
|    value_loss           | 0.0685      |
-----------------------------------------
------------------------------------------
| rollout/                |              |
|    ep_len_mean          | 339          |
|    ep_rew_mean          | 34           |
| time/                   |              |
|    fps                  | 423          |
|    iterations           | 24           |
|    time_elapsed         | 1393         |
|    total_timesteps      | 589824       |
| train/                  |              |
|    approx_kl            | 0.0074458946 |
|    clip_fraction        | 0.0714       |
|    clip_range           | 0.2          |
|    entropy_loss         | -1.78        |
|    explained_variance   | 0.846        |
|    learning_rate        | 0.0003       |
|    loss                 | 0.0046       |
|    n_updates            | 115          |
|    policy_gradient_loss | -0.00518     |
|    value_loss           | 0.0713       |
------------------------------------------
------------------------------------------
| rollout/                |              |
|    ep_len_mean          | 254          |
|    ep_rew_mean          | 29           |
| time/                   |              |
|    fps                  | 423          |
|    iterations           | 25           |
|    time_elapsed         | 1451         |
|    total_timesteps      | 614400       |
| train/                  |              |
|    approx_kl            | 0.0070387633 |
|    clip_fraction        | 0.0647       |
|    clip_range           | 0.2          |
|    entropy_loss         | -1.84        |
|    explained_variance   | 0.774        |
|    learning_rate        | 0.0003       |
|    loss                 | 0.0409       |
|    n_updates            | 120          |
|    policy_gradient_loss | -0.00385     |
|    value_loss           | 0.121        |
------------------------------------------
------------------------------------------
| rollout/                |              |
|    ep_len_mean          | 208          |
|    ep_rew_mean          | 30.1         |
| time/                   |              |
|    fps                  | 423          |
|    iterations           | 26           |
|    time_elapsed         | 1509         |
|    total_timesteps      | 638976       |
| train/                  |              |
|    approx_kl            | 0.0066671507 |
|    clip_fraction        | 0.0589       |
|    clip_range           | 0.2          |
|    entropy_loss         | -1.7         |
|    explained_variance   | 0.791        |
|    learning_rate        | 0.0003       |
|    loss                 | 0.0109       |
|    n_updates            | 125          |
|    policy_gradient_loss | -0.00395     |
|    value_loss           | 0.102        |
------------------------------------------
-----------------------------------------
| rollout/                |             |
|    ep_len_mean          | 261         |
|    ep_rew_mean          | 33.4        |
| time/                   |             |
|    fps                  | 422         |
|    iterations           | 27          |
|    time_elapsed         | 1569        |
|    total_timesteps      | 663552      |
| train/                  |             |
|    approx_kl            | 0.007363487 |
|    clip_fraction        | 0.0781      |
|    clip_range           | 0.2         |
|    entropy_loss         | -1.68       |
|    explained_variance   | 0.838       |
|    learning_rate        | 0.0003      |
|    loss                 | 0.0089      |
|    n_updates            | 130         |
|    policy_gradient_loss | -0.00448    |
|    value_loss           | 0.0763      |
-----------------------------------------
------------------------------------------
| rollout/                |              |
|    ep_len_mean          | 272          |
|    ep_rew_mean          | 35.5         |
| time/                   |              |
|    fps                  | 422          |
|    iterations           | 28           |
|    time_elapsed         | 1628         |
|    total_timesteps      | 688128       |
| train/                  |              |
|    approx_kl            | 0.0068667214 |
|    clip_fraction        | 0.0739       |
|    clip_range           | 0.2          |
|    entropy_loss         | -1.7         |
|    explained_variance   | 0.81         |
|    learning_rate        | 0.0003       |
|    loss                 | 0.0125       |
|    n_updates            | 135          |
|    policy_gradient_loss | -0.00439     |
|    value_loss           | 0.105        |
------------------------------------------
-----------------------------------------
| rollout/                |             |
|    ep_len_mean          | 353         |
|    ep_rew_mean          | 34.4        |
| time/                   |             |
|    fps                  | 422         |
|    iterations           | 29          |
|    time_elapsed         | 1687        |
|    total_timesteps      | 712704      |
| train/                  |             |
|    approx_kl            | 0.006755721 |
|    clip_fraction        | 0.0582      |
|    clip_range           | 0.2         |
|    entropy_loss         | -1.71       |
|    explained_variance   | 0.826       |
|    learning_rate        | 0.0003      |
|    loss                 | -0.00368    |
|    n_updates            | 140         |
|    policy_gradient_loss | -0.00505    |
|    value_loss           | 0.103       |
-----------------------------------------
----------------------------------------
| rollout/                |            |
|    ep_len_mean          | 294        |
|    ep_rew_mean          | 33.6       |
| time/                   |            |
|    fps                  | 422        |
|    iterations           | 30         |
|    time_elapsed         | 1745       |
|    total_timesteps      | 737280     |
| train/                  |            |
|    approx_kl            | 0.00804205 |
|    clip_fraction        | 0.0842     |
|    clip_range           | 0.2        |
|    entropy_loss         | -1.74      |
|    explained_variance   | 0.922      |
|    learning_rate        | 0.0003     |
|    loss                 | 0.0114     |
|    n_updates            | 145        |
|    policy_gradient_loss | -0.00517   |
|    value_loss           | 0.0514     |
----------------------------------------
-----------------------------------------
| rollout/                |             |
|    ep_len_mean          | 304         |
|    ep_rew_mean          | 36.2        |
| time/                   |             |
|    fps                  | 422         |
|    iterations           | 31          |
|    time_elapsed         | 1803        |
|    total_timesteps      | 761856      |
| train/                  |             |
|    approx_kl            | 0.008358986 |
|    clip_fraction        | 0.0759      |
|    clip_range           | 0.2         |
|    entropy_loss         | -1.67       |
|    explained_variance   | 0.914       |
|    learning_rate        | 0.0003      |
|    loss                 | 0.0093      |
|    n_updates            | 150         |
|    policy_gradient_loss | -0.00429    |
|    value_loss           | 0.0613      |
-----------------------------------------
----------------------------------------
| rollout/                |            |
|    ep_len_mean          | 270        |
|    ep_rew_mean          | 41.9       |
| time/                   |            |
|    fps                  | 422        |
|    iterations           | 32         |
|    time_elapsed         | 1862       |
|    total_timesteps      | 786432     |
| train/                  |            |
|    approx_kl            | 0.00745916 |
|    clip_fraction        | 0.0684     |
|    clip_range           | 0.2        |
|    entropy_loss         | -1.67      |
|    explained_variance   | 0.837      |
|    learning_rate        | 0.0003     |
|    loss                 | 0.0164     |
|    n_updates            | 155        |
|    policy_gradient_loss | -0.00354   |
|    value_loss           | 0.131      |
----------------------------------------
------------------------------------------
| rollout/                |              |
|    ep_len_mean          | 254          |
|    ep_rew_mean          | 40.2         |
| time/                   |              |
|    fps                  | 422          |
|    iterations           | 33           |
|    time_elapsed         | 1920         |
|    total_timesteps      | 811008       |
| train/                  |              |
|    approx_kl            | 0.0069582253 |
|    clip_fraction        | 0.0734       |
|    clip_range           | 0.2          |
|    entropy_loss         | -1.64        |
|    explained_variance   | 0.779        |
|    learning_rate        | 0.0003       |
|    loss                 | 0.159        |
|    n_updates            | 160          |
|    policy_gradient_loss | -0.00475     |
|    value_loss           | 0.134        |
------------------------------------------
-----------------------------------------
| rollout/                |             |
|    ep_len_mean          | 229         |
|    ep_rew_mean          | 39.7        |
| time/                   |             |
|    fps                  | 422         |
|    iterations           | 34          |
|    time_elapsed         | 1977        |
|    total_timesteps      | 835584      |
| train/                  |             |
|    approx_kl            | 0.008045373 |
|    clip_fraction        | 0.0744      |
|    clip_range           | 0.2         |
|    entropy_loss         | -1.61       |
|    explained_variance   | 0.821       |
|    learning_rate        | 0.0003      |
|    loss                 | 0.0137      |
|    n_updates            | 165         |
|    policy_gradient_loss | -0.00403    |
|    value_loss           | 0.116       |
-----------------------------------------
-----------------------------------------
| rollout/                |             |
|    ep_len_mean          | 241         |
|    ep_rew_mean          | 38.6        |
| time/                   |             |
|    fps                  | 422         |
|    iterations           | 35          |
|    time_elapsed         | 2034        |
|    total_timesteps      | 860160      |
| train/                  |             |
|    approx_kl            | 0.007487636 |
|    clip_fraction        | 0.0859      |
|    clip_range           | 0.2         |
|    entropy_loss         | -1.57       |
|    explained_variance   | 0.869       |
|    learning_rate        | 0.0003      |
|    loss                 | 0.0142      |
|    n_updates            | 170         |
|    policy_gradient_loss | -0.00477    |
|    value_loss           | 0.0733      |
-----------------------------------------
-----------------------------------------
| rollout/                |             |
|    ep_len_mean          | 295         |
|    ep_rew_mean          | 41.8        |
| time/                   |             |
|    fps                  | 422         |
|    iterations           | 36          |
|    time_elapsed         | 2091        |
|    total_timesteps      | 884736      |
| train/                  |             |
|    approx_kl            | 0.007276971 |
|    clip_fraction        | 0.0724      |
|    clip_range           | 0.2         |
|    entropy_loss         | -1.6        |
|    explained_variance   | 0.835       |
|    learning_rate        | 0.0003      |
|    loss                 | 0.0169      |
|    n_updates            | 175         |
|    policy_gradient_loss | -0.00496    |
|    value_loss           | 0.107       |
-----------------------------------------
------------------------------------------
| rollout/                |              |
|    ep_len_mean          | 295          |
|    ep_rew_mean          | 45.8         |
| time/                   |              |
|    fps                  | 423          |
|    iterations           | 37           |
|    time_elapsed         | 2149         |
|    total_timesteps      | 909312       |
| train/                  |              |
|    approx_kl            | 0.0076731225 |
|    clip_fraction        | 0.0839       |
|    clip_range           | 0.2          |
|    entropy_loss         | -1.63        |
|    explained_variance   | 0.892        |
|    learning_rate        | 0.0003       |
|    loss                 | 0.00891      |
|    n_updates            | 180          |
|    policy_gradient_loss | -0.0043      |
|    value_loss           | 0.0748       |
------------------------------------------
------------------------------------------
| rollout/                |              |
|    ep_len_mean          | 305          |
|    ep_rew_mean          | 38.9         |
| time/                   |              |
|    fps                  | 423          |
|    iterations           | 38           |
|    time_elapsed         | 2206         |
|    total_timesteps      | 933888       |
| train/                  |              |
|    approx_kl            | 0.0067596273 |
|    clip_fraction        | 0.0714       |
|    clip_range           | 0.2          |
|    entropy_loss         | -1.61        |
|    explained_variance   | 0.795        |
|    learning_rate        | 0.0003       |
|    loss                 | 0.0458       |
|    n_updates            | 185          |
|    policy_gradient_loss | -0.0037      |
|    value_loss           | 0.193        |
------------------------------------------
------------------------------------------
| rollout/                |              |
|    ep_len_mean          | 306          |
|    ep_rew_mean          | 46.2         |
| time/                   |              |
|    fps                  | 423          |
|    iterations           | 39           |
|    time_elapsed         | 2263         |
|    total_timesteps      | 958464       |
| train/                  |              |
|    approx_kl            | 0.0069285333 |
|    clip_fraction        | 0.0756       |
|    clip_range           | 0.2          |
|    entropy_loss         | -1.61        |
|    explained_variance   | 0.914        |
|    learning_rate        | 0.0003       |
|    loss                 | -0.00204     |
|    n_updates            | 190          |
|    policy_gradient_loss | -0.00474     |
|    value_loss           | 0.0625       |
------------------------------------------
-----------------------------------------
| rollout/                |             |
|    ep_len_mean          | 308         |
|    ep_rew_mean          | 49.6        |
| time/                   |             |
|    fps                  | 423         |
|    iterations           | 40          |
|    time_elapsed         | 2321        |
|    total_timesteps      | 983040      |
| train/                  |             |
|    approx_kl            | 0.007559761 |
|    clip_fraction        | 0.085       |
|    clip_range           | 0.2         |
|    entropy_loss         | -1.6        |
|    explained_variance   | 0.844       |
|    learning_rate        | 0.0003      |
|    loss                 | 0.0301      |
|    n_updates            | 195         |
|    policy_gradient_loss | -0.00359    |
|    value_loss           | 0.108       |
-----------------------------------------
[Checkpoint] Saved at 1000000 steps > /home/runner/work/Disciples2-RL/Disciples2-RL/github_experiments/116/green_dragon/seed116-green_dragon-29716129776-1/checkpoints/campaign_ppo_step_1000000.zip
Eval num_timesteps=1000008, det_reward=-167.74 +/- 167.57
Episode length: det=2315.65 +/- 1569.38
Victory rate: det=10.00%
-------------------------------------------------
| eval/                           |             |
|    deterministic_mean_ep_length | 2.32e+03    |
|    deterministic_mean_reward    | -168        |
|    deterministic_victory_rate   | 0.1         |
|    mean_ep_length               | 2.32e+03    |
|    mean_reward                  | -168        |
|    victory_rate                 | 0.1         |
| time/                           |             |
|    total_timesteps              | 1000008     |
| train/                          |             |
|    approx_kl                    | 0.008823165 |
|    clip_fraction                | 0.0813      |
|    clip_range                   | 0.2         |
|    entropy_loss                 | -1.62       |
|    explained_variance           | 0.766       |
|    learning_rate                | 0.0003      |
|    loss                         | 0.0046      |
|    n_updates                    | 200         |
|    policy_gradient_loss         | -0.0038     |
|    value_loss                   | 0.17        |
-------------------------------------------------
New best model by deterministic victory rate!
---------------------------------
| rollout/           |          |
|    ep_len_mean     | 271      |
|    ep_rew_mean     | 46.9     |
| time/              |          |
|    fps             | 393      |
|    iterations      | 41       |
|    time_elapsed    | 2562     |
|    total_timesteps | 1007616  |
---------------------------------
VecNormalize stats saved: /home/runner/work/Disciples2-RL/Disciples2-RL/github_experiments/116/green_dragon/seed116-green_dragon-29716129776-1/models/vecnormalize.pkl

Финальная модель сохранена: /home/runner/work/Disciples2-RL/Disciples2-RL/github_experiments/116/green_dragon/seed116-green_dragon-29716129776-1/models/final_model.zip

============================================================
ИТОГИ ОБУЧЕНИЯ:
  Побед: 21
  Поражений: 4386
  Таймаутов: 2
  Побед бота столицы над врагами: 0
  Перестановок юнитов: 203044
  Терминальные поражения по противникам:
    enemy_7: 1109 — Отряд: воин + привидение спереди, колдун + призрак + привидение сзади
    enemy_31: 675 — Отряд: зеленый дракон
    enemy_29: 529 — Отряд: 3 скваера на передней линии
    enemy_15: 340 — Отряд: 2 привидения спереди, вампир сзади
    enemy_25: 319 — Отряд: копейщик спереди и служка сзади
    enemy_23: 319 — Отряд: волк на передней линии
    enemy_3: 203 — Отряд: орк чемпион на передней линии
    enemy_27: 163 — Отряд: скваер в центре и 2 крестьянина на передней линии
    enemy_21: 127 — Отряд: зомби спереди, привидение сзади
    enemy_34: 107 — Отряд Порта Полонис: Воин спереди, Колдун, Нигош (Носферату) и Привидение сзади
    enemy_17: 103 — Отряд: воин спереди, 2 призрака и привидение сзади
    enemy_9: 79 — Отряд: тамплиер спереди, колдун и призрак сзади
    enemy_39: 68 — Отряд: Волк, Варвар
    enemy_65: 61 — Отряд: Кентавр копейщик, Рейнджер
    enemy_5: 50 — Отряд: орк чемпион на передней линии
    enemy_70: 39 — Руины (15, 9): Орк, Гоблин, Гоблин
    enemy_61: 17 — Отряд: Зомби, Призрак
    enemy_75: 15 — Страж столицы Империи: Мизраэль
    enemy_63: 13 — Отряд: Разбойник
    enemy_37: 8 — Отряд: Гном, Травница, Алхимик
    enemy_59: 7 — Отряд: Зомби
    enemy_11: 7 — Отряд: оборотень спереди и тень сзади
    enemy_1: 6 — Отряд: волк на передней линии
    enemy_41: 6 — Отряд: Гном, Метатель топоров
    enemy_49: 5 — Отряд: Гном
    enemy_68: 5 — Внутренний гарнизон Порта Полонис: Зомби, Воин
    enemy_13: 3 — Отряд: 2 зомби спереди и привидение сзади
    enemy_19: 1 — Отряд: зомби спереди, привидение сзади
    enemy_74: 1 — Руины (43, 34): Лорд Тьмы, Лич
    enemy_43: 1 — Отряд: Призрак, Тамплиер
  Winrate: 0.5%
============================================================
  График призывов за эпизод: /home/runner/work/Disciples2-RL/Disciples2-RL/github_experiments/116/green_dragon/seed116-green_dragon-29716129776-1/plots/campaign_summoned_units_per_episode.png
  График призывов за всё обучение: /home/runner/work/Disciples2-RL/Disciples2-RL/github_experiments/116/green_dragon/seed116-green_dragon-29716129776-1/plots/campaign_summoned_units_cumulative.png
  График найма за эпизод: /home/runner/work/Disciples2-RL/Disciples2-RL/github_experiments/116/green_dragon/seed116-green_dragon-29716129776-1/plots/campaign_hired_units_per_episode.png
  График найма за всё обучение: /home/runner/work/Disciples2-RL/Disciples2-RL/github_experiments/116/green_dragon/seed116-green_dragon-29716129776-1/plots/campaign_hired_units_cumulative.png
  График перестановок юнитов за эпизод: /home/runner/work/Disciples2-RL/Disciples2-RL/github_experiments/116/green_dragon/seed116-green_dragon-29716129776-1/plots/campaign_unit_swaps_per_episode.png
  График боевых предметов: /home/runner/work/Disciples2-RL/Disciples2-RL/github_experiments/116/green_dragon/seed116-green_dragon-29716129776-1/plots/campaign_battle_item_activity.png
  График побед бота столицы за эпизод: /home/runner/work/Disciples2-RL/Disciples2-RL/github_experiments/116/green_dragon/seed116-green_dragon-29716129776-1/plots/campaign_scripted_bot_victories_per_episode.png
  График применения заклинаний: /home/runner/work/Disciples2-RL/Disciples2-RL/github_experiments/116/green_dragon/seed116-green_dragon-29716129776-1/plots/campaign_spell_cast_activity.png
