Проверка среды CampaignEnv...
Среда прошла проверку!
[INFO] Comet disabled, running without experiment tracking
Создание 12 параллельных сред (subproc)...
Инициализация MaskablePPO...
Using cpu device

============================================================
Запуск обучения Campaign Agent
Всего шагов: 1,000,000
Параллельных сред: 12
VecEnv: subproc
VecEnv start method: forkserver
Seed: 117
Checkpoint каждые: 500,000 шагов
Evaluation каждые: 83,334 шагов
Eval deterministic эпизодов: 20
Eval stochastic эпизодов: 0
Eval лимит шагов на эпизод: 5000
Campaign map: small
Campaign objective: dragon
System resources at training start:
  Platform: Linux 6.17.0-1020-azure (x86_64)
  Python: 3.14.6
  PyTorch: 2.13.0+cpu
  Training device: cpu
  CPU model: AMD EPYC 9V74 80-Core Processor
  CPU vendor: AuthenticAMD
  Logical CPUs visible: 4
  Process CPU affinity: 4
  Sockets: 1
  Cores per socket: 2
  Threads per core: 2
  CPU max MHz: unknown
  CPU min MHz: unknown
  L1d cache: 64 KiB (2 instances)
  L1i cache: 64 KiB (2 instances)
  L2 cache: 2 MiB (2 instances)
  L3 cache: 32 MiB (1 instance)
  Virtualization: AMD-V
  Hypervisor: Microsoft
  RAM total: 15.61 GiB
  RAM available at start: 13.82 GiB
  Disk total: 144.26 GiB
  Disk free at start: 85.09 GiB
  Torch intra-op threads: 4
  Torch inter-op threads: 2
  OMP_NUM_THREADS: 4
  MKL_NUM_THREADS: 4
  OPENBLAS_NUM_THREADS: 4
  GitHub runner OS: Linux
  GitHub runner architecture: X64
  GitHub runner environment: github-hosted
PPO n_steps: 2,048
PPO batch_size: 512
PPO n_epochs: 5
PPO learning_rate: 0.0003
PPO clip_range: 0.2
PPO ent_coef: 0.01
PPO gamma: 0.995
PPO gae_lambda: 0.95
PPO target_kl: disabled
PPO gradient batches per rollout: 240
VecCheckNan: disabled
Freeze action layout: enabled
Empire territory: enabled
Torch threads per process: 4
Diagnostics: disabled
Wall-clock training limit: disabled
Run ID: seed117-green_dragon-29751251345-1
============================================================

Logging to /home/runner/work/Disciples2-RL/Disciples2-RL/github_experiments/117/green_dragon/seed117-green_dragon-29751251345-1/tensorboard/MaskablePPO_1
---------------------------------
| rollout/           |          |
|    ep_len_mean     | 116      |
|    ep_rew_mean     | -5.13    |
| time/              |          |
|    fps             | 514      |
|    iterations      | 1        |
|    time_elapsed    | 47       |
|    total_timesteps | 24576    |
---------------------------------
-----------------------------------------
| rollout/                |             |
|    ep_len_mean          | 124         |
|    ep_rew_mean          | -3.15       |
| time/                   |             |
|    fps                  | 487         |
|    iterations           | 2           |
|    time_elapsed         | 100         |
|    total_timesteps      | 49152       |
| train/                  |             |
|    approx_kl            | 0.012108065 |
|    clip_fraction        | 0.102       |
|    clip_range           | 0.2         |
|    entropy_loss         | -2.2        |
|    explained_variance   | -0.179      |
|    learning_rate        | 0.0003      |
|    loss                 | 0.153       |
|    n_updates            | 5           |
|    policy_gradient_loss | -0.00793    |
|    value_loss           | 0.567       |
-----------------------------------------
-----------------------------------------
| rollout/                |             |
|    ep_len_mean          | 185         |
|    ep_rew_mean          | -7          |
| time/                   |             |
|    fps                  | 476         |
|    iterations           | 3           |
|    time_elapsed         | 154         |
|    total_timesteps      | 73728       |
| train/                  |             |
|    approx_kl            | 0.010902256 |
|    clip_fraction        | 0.139       |
|    clip_range           | 0.2         |
|    entropy_loss         | -2.1        |
|    explained_variance   | 0.604       |
|    learning_rate        | 0.0003      |
|    loss                 | 0.0521      |
|    n_updates            | 10          |
|    policy_gradient_loss | -0.013      |
|    value_loss           | 0.232       |
-----------------------------------------
-----------------------------------------
| rollout/                |             |
|    ep_len_mean          | 229         |
|    ep_rew_mean          | -7.94       |
| time/                   |             |
|    fps                  | 467         |
|    iterations           | 4           |
|    time_elapsed         | 210         |
|    total_timesteps      | 98304       |
| train/                  |             |
|    approx_kl            | 0.010031951 |
|    clip_fraction        | 0.0993      |
|    clip_range           | 0.2         |
|    entropy_loss         | -2.06       |
|    explained_variance   | 0.805       |
|    learning_rate        | 0.0003      |
|    loss                 | 0.0132      |
|    n_updates            | 15          |
|    policy_gradient_loss | -0.00915    |
|    value_loss           | 0.117       |
-----------------------------------------
----------------------------------------
| rollout/                |            |
|    ep_len_mean          | 201        |
|    ep_rew_mean          | 0.93       |
| time/                   |            |
|    fps                  | 462        |
|    iterations           | 5          |
|    time_elapsed         | 265        |
|    total_timesteps      | 122880     |
| train/                  |            |
|    approx_kl            | 0.00974701 |
|    clip_fraction        | 0.11       |
|    clip_range           | 0.2        |
|    entropy_loss         | -2.01      |
|    explained_variance   | 0.873      |
|    learning_rate        | 0.0003     |
|    loss                 | -0.00426   |
|    n_updates            | 20         |
|    policy_gradient_loss | -0.0094    |
|    value_loss           | 0.0566     |
----------------------------------------
----------------------------------------
| rollout/                |            |
|    ep_len_mean          | 192        |
|    ep_rew_mean          | 6.48       |
| time/                   |            |
|    fps                  | 463        |
|    iterations           | 6          |
|    time_elapsed         | 318        |
|    total_timesteps      | 147456     |
| train/                  |            |
|    approx_kl            | 0.01031454 |
|    clip_fraction        | 0.119      |
|    clip_range           | 0.2        |
|    entropy_loss         | -1.98      |
|    explained_variance   | 0.858      |
|    learning_rate        | 0.0003     |
|    loss                 | -0.00264   |
|    n_updates            | 25         |
|    policy_gradient_loss | -0.0101    |
|    value_loss           | 0.0501     |
----------------------------------------
-----------------------------------------
| rollout/                |             |
|    ep_len_mean          | 190         |
|    ep_rew_mean          | 9.72        |
| time/                   |             |
|    fps                  | 466         |
|    iterations           | 7           |
|    time_elapsed         | 368         |
|    total_timesteps      | 172032      |
| train/                  |             |
|    approx_kl            | 0.010471531 |
|    clip_fraction        | 0.117       |
|    clip_range           | 0.2         |
|    entropy_loss         | -1.95       |
|    explained_variance   | 0.831       |
|    learning_rate        | 0.0003      |
|    loss                 | -0.018      |
|    n_updates            | 30          |
|    policy_gradient_loss | -0.0108     |
|    value_loss           | 0.0405      |
-----------------------------------------
------------------------------------------
| rollout/                |              |
|    ep_len_mean          | 187          |
|    ep_rew_mean          | 12.6         |
| time/                   |              |
|    fps                  | 468          |
|    iterations           | 8            |
|    time_elapsed         | 419          |
|    total_timesteps      | 196608       |
| train/                  |              |
|    approx_kl            | 0.0099444715 |
|    clip_fraction        | 0.119        |
|    clip_range           | 0.2          |
|    entropy_loss         | -1.9         |
|    explained_variance   | 0.824        |
|    learning_rate        | 0.0003       |
|    loss                 | -0.0163      |
|    n_updates            | 35           |
|    policy_gradient_loss | -0.0102      |
|    value_loss           | 0.0375       |
------------------------------------------
-----------------------------------------
| rollout/                |             |
|    ep_len_mean          | 171         |
|    ep_rew_mean          | 13.7        |
| time/                   |             |
|    fps                  | 470         |
|    iterations           | 9           |
|    time_elapsed         | 470         |
|    total_timesteps      | 221184      |
| train/                  |             |
|    approx_kl            | 0.008756698 |
|    clip_fraction        | 0.0945      |
|    clip_range           | 0.2         |
|    entropy_loss         | -1.85       |
|    explained_variance   | 0.774       |
|    learning_rate        | 0.0003      |
|    loss                 | -0.00537    |
|    n_updates            | 40          |
|    policy_gradient_loss | -0.00815    |
|    value_loss           | 0.0393      |
-----------------------------------------
-----------------------------------------
| rollout/                |             |
|    ep_len_mean          | 181         |
|    ep_rew_mean          | 16.6        |
| time/                   |             |
|    fps                  | 472         |
|    iterations           | 10          |
|    time_elapsed         | 520         |
|    total_timesteps      | 245760      |
| train/                  |             |
|    approx_kl            | 0.008599927 |
|    clip_fraction        | 0.0837      |
|    clip_range           | 0.2         |
|    entropy_loss         | -1.81       |
|    explained_variance   | 0.781       |
|    learning_rate        | 0.0003      |
|    loss                 | -0.0075     |
|    n_updates            | 45          |
|    policy_gradient_loss | -0.00717    |
|    value_loss           | 0.0423      |
-----------------------------------------
-----------------------------------------
| rollout/                |             |
|    ep_len_mean          | 150         |
|    ep_rew_mean          | 13.3        |
| time/                   |             |
|    fps                  | 474         |
|    iterations           | 11          |
|    time_elapsed         | 569         |
|    total_timesteps      | 270336      |
| train/                  |             |
|    approx_kl            | 0.008665154 |
|    clip_fraction        | 0.0856      |
|    clip_range           | 0.2         |
|    entropy_loss         | -1.77       |
|    explained_variance   | 0.742       |
|    learning_rate        | 0.0003      |
|    loss                 | -0.00642    |
|    n_updates            | 50          |
|    policy_gradient_loss | -0.00729    |
|    value_loss           | 0.0513      |
-----------------------------------------
------------------------------------------
| rollout/                |              |
|    ep_len_mean          | 157          |
|    ep_rew_mean          | 16.3         |
| time/                   |              |
|    fps                  | 474          |
|    iterations           | 12           |
|    time_elapsed         | 621          |
|    total_timesteps      | 294912       |
| train/                  |              |
|    approx_kl            | 0.0073359963 |
|    clip_fraction        | 0.0717       |
|    clip_range           | 0.2          |
|    entropy_loss         | -1.77        |
|    explained_variance   | 0.758        |
|    learning_rate        | 0.0003       |
|    loss                 | 0.00304      |
|    n_updates            | 55           |
|    policy_gradient_loss | -0.00609     |
|    value_loss           | 0.0536       |
------------------------------------------
------------------------------------------
| rollout/                |              |
|    ep_len_mean          | 152          |
|    ep_rew_mean          | 17.8         |
| time/                   |              |
|    fps                  | 476          |
|    iterations           | 13           |
|    time_elapsed         | 671          |
|    total_timesteps      | 319488       |
| train/                  |              |
|    approx_kl            | 0.0069258325 |
|    clip_fraction        | 0.061        |
|    clip_range           | 0.2          |
|    entropy_loss         | -1.74        |
|    explained_variance   | 0.774        |
|    learning_rate        | 0.0003       |
|    loss                 | -0.0017      |
|    n_updates            | 60           |
|    policy_gradient_loss | -0.0052      |
|    value_loss           | 0.059        |
------------------------------------------
-----------------------------------------
| rollout/                |             |
|    ep_len_mean          | 150         |
|    ep_rew_mean          | 18.4        |
| time/                   |             |
|    fps                  | 477         |
|    iterations           | 14          |
|    time_elapsed         | 720         |
|    total_timesteps      | 344064      |
| train/                  |             |
|    approx_kl            | 0.007284085 |
|    clip_fraction        | 0.0657      |
|    clip_range           | 0.2         |
|    entropy_loss         | -1.71       |
|    explained_variance   | 0.769       |
|    learning_rate        | 0.0003      |
|    loss                 | 0.0114      |
|    n_updates            | 65          |
|    policy_gradient_loss | -0.00527    |
|    value_loss           | 0.0672      |
-----------------------------------------
-----------------------------------------
| rollout/                |             |
|    ep_len_mean          | 142         |
|    ep_rew_mean          | 17.6        |
| time/                   |             |
|    fps                  | 479         |
|    iterations           | 15          |
|    time_elapsed         | 769         |
|    total_timesteps      | 368640      |
| train/                  |             |
|    approx_kl            | 0.008038257 |
|    clip_fraction        | 0.0757      |
|    clip_range           | 0.2         |
|    entropy_loss         | -1.69       |
|    explained_variance   | 0.791       |
|    learning_rate        | 0.0003      |
|    loss                 | -0.00146    |
|    n_updates            | 70          |
|    policy_gradient_loss | -0.00658    |
|    value_loss           | 0.0741      |
-----------------------------------------
------------------------------------------
| rollout/                |              |
|    ep_len_mean          | 171          |
|    ep_rew_mean          | 23.2         |
| time/                   |              |
|    fps                  | 479          |
|    iterations           | 16           |
|    time_elapsed         | 820          |
|    total_timesteps      | 393216       |
| train/                  |              |
|    approx_kl            | 0.0073463307 |
|    clip_fraction        | 0.0668       |
|    clip_range           | 0.2          |
|    entropy_loss         | -1.65        |
|    explained_variance   | 0.823        |
|    learning_rate        | 0.0003       |
|    loss                 | 0.0111       |
|    n_updates            | 75           |
|    policy_gradient_loss | -0.00552     |
|    value_loss           | 0.0811       |
------------------------------------------
-----------------------------------------
| rollout/                |             |
|    ep_len_mean          | 164         |
|    ep_rew_mean          | 23.7        |
| time/                   |             |
|    fps                  | 480         |
|    iterations           | 17          |
|    time_elapsed         | 869         |
|    total_timesteps      | 417792      |
| train/                  |             |
|    approx_kl            | 0.007992427 |
|    clip_fraction        | 0.065       |
|    clip_range           | 0.2         |
|    entropy_loss         | -1.69       |
|    explained_variance   | 0.896       |
|    learning_rate        | 0.0003      |
|    loss                 | 0.0164      |
|    n_updates            | 80          |
|    policy_gradient_loss | -0.00558    |
|    value_loss           | 0.0766      |
-----------------------------------------
-----------------------------------------
| rollout/                |             |
|    ep_len_mean          | 146         |
|    ep_rew_mean          | 18.4        |
| time/                   |             |
|    fps                  | 481         |
|    iterations           | 18          |
|    time_elapsed         | 918         |
|    total_timesteps      | 442368      |
| train/                  |             |
|    approx_kl            | 0.006337239 |
|    clip_fraction        | 0.0599      |
|    clip_range           | 0.2         |
|    entropy_loss         | -1.63       |
|    explained_variance   | 0.915       |
|    learning_rate        | 0.0003      |
|    loss                 | 0.00593     |
|    n_updates            | 85          |
|    policy_gradient_loss | -0.00553    |
|    value_loss           | 0.0716      |
-----------------------------------------
------------------------------------------
| rollout/                |              |
|    ep_len_mean          | 159          |
|    ep_rew_mean          | 24.4         |
| time/                   |              |
|    fps                  | 481          |
|    iterations           | 19           |
|    time_elapsed         | 968          |
|    total_timesteps      | 466944       |
| train/                  |              |
|    approx_kl            | 0.0073703043 |
|    clip_fraction        | 0.0663       |
|    clip_range           | 0.2          |
|    entropy_loss         | -1.6         |
|    explained_variance   | 0.883        |
|    learning_rate        | 0.0003       |
|    loss                 | 0.0186       |
|    n_updates            | 90           |
|    policy_gradient_loss | -0.00498     |
|    value_loss           | 0.0803       |
------------------------------------------
-----------------------------------------
| rollout/                |             |
|    ep_len_mean          | 202         |
|    ep_rew_mean          | 15.4        |
| time/                   |             |
|    fps                  | 482         |
|    iterations           | 20          |
|    time_elapsed         | 1019        |
|    total_timesteps      | 491520      |
| train/                  |             |
|    approx_kl            | 0.008233691 |
|    clip_fraction        | 0.0802      |
|    clip_range           | 0.2         |
|    entropy_loss         | -1.58       |
|    explained_variance   | 0.939       |
|    learning_rate        | 0.0003      |
|    loss                 | 0.0064      |
|    n_updates            | 95          |
|    policy_gradient_loss | -0.00632    |
|    value_loss           | 0.064       |
-----------------------------------------
[Checkpoint] Saved at 500000 steps > /home/runner/work/Disciples2-RL/Disciples2-RL/github_experiments/117/green_dragon/seed117-green_dragon-29751251345-1/checkpoints/campaign_ppo_step_500000.zip
------------------------------------------
| rollout/                |              |
|    ep_len_mean          | 221          |
|    ep_rew_mean          | 24           |
| time/                   |              |
|    fps                  | 481          |
|    iterations           | 21           |
|    time_elapsed         | 1070         |
|    total_timesteps      | 516096       |
| train/                  |              |
|    approx_kl            | 0.0068562324 |
|    clip_fraction        | 0.0569       |
|    clip_range           | 0.2          |
|    entropy_loss         | -1.57        |
|    explained_variance   | 0.964        |
|    learning_rate        | 0.0003       |
|    loss                 | 0.00123      |
|    n_updates            | 100          |
|    policy_gradient_loss | -0.00419     |
|    value_loss           | 0.0592       |
------------------------------------------
-----------------------------------------
| rollout/                |             |
|    ep_len_mean          | 303         |
|    ep_rew_mean          | 5.08        |
| time/                   |             |
|    fps                  | 482         |
|    iterations           | 22          |
|    time_elapsed         | 1121        |
|    total_timesteps      | 540672      |
| train/                  |             |
|    approx_kl            | 0.006175436 |
|    clip_fraction        | 0.0567      |
|    clip_range           | 0.2         |
|    entropy_loss         | -1.53       |
|    explained_variance   | 0.974       |
|    learning_rate        | 0.0003      |
|    loss                 | 0.00121     |
|    n_updates            | 105         |
|    policy_gradient_loss | -0.00463    |
|    value_loss           | 0.0472      |
-----------------------------------------
-----------------------------------------
| rollout/                |             |
|    ep_len_mean          | 217         |
|    ep_rew_mean          | 19.8        |
| time/                   |             |
|    fps                  | 482         |
|    iterations           | 23          |
|    time_elapsed         | 1171        |
|    total_timesteps      | 565248      |
| train/                  |             |
|    approx_kl            | 0.007023612 |
|    clip_fraction        | 0.0611      |
|    clip_range           | 0.2         |
|    entropy_loss         | -1.52       |
|    explained_variance   | 0.969       |
|    learning_rate        | 0.0003      |
|    loss                 | 0.005       |
|    n_updates            | 110         |
|    policy_gradient_loss | -0.00423    |
|    value_loss           | 0.0498      |
-----------------------------------------
------------------------------------------
| rollout/                |              |
|    ep_len_mean          | 257          |
|    ep_rew_mean          | 16.2         |
| time/                   |              |
|    fps                  | 482          |
|    iterations           | 24           |
|    time_elapsed         | 1222         |
|    total_timesteps      | 589824       |
| train/                  |              |
|    approx_kl            | 0.0076334407 |
|    clip_fraction        | 0.0679       |
|    clip_range           | 0.2          |
|    entropy_loss         | -1.46        |
|    explained_variance   | 0.974        |
|    learning_rate        | 0.0003       |
|    loss                 | 0.00252      |
|    n_updates            | 115          |
|    policy_gradient_loss | -0.00521     |
|    value_loss           | 0.0398       |
------------------------------------------
------------------------------------------
| rollout/                |              |
|    ep_len_mean          | 304          |
|    ep_rew_mean          | 10.3         |
| time/                   |              |
|    fps                  | 482          |
|    iterations           | 25           |
|    time_elapsed         | 1272         |
|    total_timesteps      | 614400       |
| train/                  |              |
|    approx_kl            | 0.0069923587 |
|    clip_fraction        | 0.0634       |
|    clip_range           | 0.2          |
|    entropy_loss         | -1.44        |
|    explained_variance   | 0.979        |
|    learning_rate        | 0.0003       |
|    loss                 | 0.00204      |
|    n_updates            | 120          |
|    policy_gradient_loss | -0.00488     |
|    value_loss           | 0.0349       |
------------------------------------------
------------------------------------------
| rollout/                |              |
|    ep_len_mean          | 271          |
|    ep_rew_mean          | 19.8         |
| time/                   |              |
|    fps                  | 482          |
|    iterations           | 26           |
|    time_elapsed         | 1323         |
|    total_timesteps      | 638976       |
| train/                  |              |
|    approx_kl            | 0.0065945685 |
|    clip_fraction        | 0.059        |
|    clip_range           | 0.2          |
|    entropy_loss         | -1.43        |
|    explained_variance   | 0.975        |
|    learning_rate        | 0.0003       |
|    loss                 | -0.000553    |
|    n_updates            | 125          |
|    policy_gradient_loss | -0.00499     |
|    value_loss           | 0.0414       |
------------------------------------------
------------------------------------------
| rollout/                |              |
|    ep_len_mean          | 230          |
|    ep_rew_mean          | 29.1         |
| time/                   |              |
|    fps                  | 482          |
|    iterations           | 27           |
|    time_elapsed         | 1376         |
|    total_timesteps      | 663552       |
| train/                  |              |
|    approx_kl            | 0.0064158267 |
|    clip_fraction        | 0.0636       |
|    clip_range           | 0.2          |
|    entropy_loss         | -1.44        |
|    explained_variance   | 0.972        |
|    learning_rate        | 0.0003       |
|    loss                 | -0.0068      |
|    n_updates            | 130          |
|    policy_gradient_loss | -0.00526     |
|    value_loss           | 0.0391       |
------------------------------------------
-----------------------------------------
| rollout/                |             |
|    ep_len_mean          | 224         |
|    ep_rew_mean          | 29.4        |
| time/                   |             |
|    fps                  | 481         |
|    iterations           | 28          |
|    time_elapsed         | 1428        |
|    total_timesteps      | 688128      |
| train/                  |             |
|    approx_kl            | 0.006423282 |
|    clip_fraction        | 0.0693      |
|    clip_range           | 0.2         |
|    entropy_loss         | -1.38       |
|    explained_variance   | 0.965       |
|    learning_rate        | 0.0003      |
|    loss                 | -0.00427    |
|    n_updates            | 135         |
|    policy_gradient_loss | -0.006      |
|    value_loss           | 0.039       |
-----------------------------------------
-----------------------------------------
| rollout/                |             |
|    ep_len_mean          | 189         |
|    ep_rew_mean          | 36.4        |
| time/                   |             |
|    fps                  | 481         |
|    iterations           | 29          |
|    time_elapsed         | 1480        |
|    total_timesteps      | 712704      |
| train/                  |             |
|    approx_kl            | 0.005853241 |
|    clip_fraction        | 0.0626      |
|    clip_range           | 0.2         |
|    entropy_loss         | -1.38       |
|    explained_variance   | 0.961       |
|    learning_rate        | 0.0003      |
|    loss                 | 0.0061      |
|    n_updates            | 140         |
|    policy_gradient_loss | -0.00497    |
|    value_loss           | 0.0424      |
-----------------------------------------
-----------------------------------------
| rollout/                |             |
|    ep_len_mean          | 289         |
|    ep_rew_mean          | 20.6        |
| time/                   |             |
|    fps                  | 480         |
|    iterations           | 30          |
|    time_elapsed         | 1534        |
|    total_timesteps      | 737280      |
| train/                  |             |
|    approx_kl            | 0.005838428 |
|    clip_fraction        | 0.0568      |
|    clip_range           | 0.2         |
|    entropy_loss         | -1.39       |
|    explained_variance   | 0.976       |
|    learning_rate        | 0.0003      |
|    loss                 | -0.00371    |
|    n_updates            | 145         |
|    policy_gradient_loss | -0.00485    |
|    value_loss           | 0.0352      |
-----------------------------------------
-----------------------------------------
| rollout/                |             |
|    ep_len_mean          | 386         |
|    ep_rew_mean          | 7.72        |
| time/                   |             |
|    fps                  | 477         |
|    iterations           | 31          |
|    time_elapsed         | 1595        |
|    total_timesteps      | 761856      |
| train/                  |             |
|    approx_kl            | 0.007121545 |
|    clip_fraction        | 0.0731      |
|    clip_range           | 0.2         |
|    entropy_loss         | -1.42       |
|    explained_variance   | 0.986       |
|    learning_rate        | 0.0003      |
|    loss                 | -0.00453    |
|    n_updates            | 150         |
|    policy_gradient_loss | -0.0045     |
|    value_loss           | 0.0228      |
-----------------------------------------
------------------------------------------
| rollout/                |              |
|    ep_len_mean          | 445          |
|    ep_rew_mean          | 4.94         |
| time/                   |              |
|    fps                  | 474          |
|    iterations           | 32           |
|    time_elapsed         | 1658         |
|    total_timesteps      | 786432       |
| train/                  |              |
|    approx_kl            | 0.0059762592 |
|    clip_fraction        | 0.052        |
|    clip_range           | 0.2          |
|    entropy_loss         | -1.47        |
|    explained_variance   | 0.989        |
|    learning_rate        | 0.0003       |
|    loss                 | -0.0175      |
|    n_updates            | 155          |
|    policy_gradient_loss | -0.00418     |
|    value_loss           | 0.0178       |
------------------------------------------
-----------------------------------------
| rollout/                |             |
|    ep_len_mean          | 485         |
|    ep_rew_mean          | 8.58        |
| time/                   |             |
|    fps                  | 471         |
|    iterations           | 33          |
|    time_elapsed         | 1720        |
|    total_timesteps      | 811008      |
| train/                  |             |
|    approx_kl            | 0.008224095 |
|    clip_fraction        | 0.0686      |
|    clip_range           | 0.2         |
|    entropy_loss         | -1.39       |
|    explained_variance   | 0.991       |
|    learning_rate        | 0.0003      |
|    loss                 | -0.0119     |
|    n_updates            | 160         |
|    policy_gradient_loss | -0.00514    |
|    value_loss           | 0.0141      |
-----------------------------------------
----------------------------------------
| rollout/                |            |
|    ep_len_mean          | 480        |
|    ep_rew_mean          | 14.5       |
| time/                   |            |
|    fps                  | 469        |
|    iterations           | 34         |
|    time_elapsed         | 1781       |
|    total_timesteps      | 835584     |
| train/                  |            |
|    approx_kl            | 0.00652724 |
|    clip_fraction        | 0.0606     |
|    clip_range           | 0.2        |
|    entropy_loss         | -1.38      |
|    explained_variance   | 0.988      |
|    learning_rate        | 0.0003     |
|    loss                 | -0.0127    |
|    n_updates            | 165        |
|    policy_gradient_loss | -0.00419   |
|    value_loss           | 0.019      |
----------------------------------------
------------------------------------------
| rollout/                |              |
|    ep_len_mean          | 425          |
|    ep_rew_mean          | 13.9         |
| time/                   |              |
|    fps                  | 466          |
|    iterations           | 35           |
|    time_elapsed         | 1842         |
|    total_timesteps      | 860160       |
| train/                  |              |
|    approx_kl            | 0.0070959665 |
|    clip_fraction        | 0.0595       |
|    clip_range           | 0.2          |
|    entropy_loss         | -1.36        |
|    explained_variance   | 0.989        |
|    learning_rate        | 0.0003       |
|    loss                 | -0.0137      |
|    n_updates            | 170          |
|    policy_gradient_loss | -0.00498     |
|    value_loss           | 0.0172       |
------------------------------------------
------------------------------------------
| rollout/                |              |
|    ep_len_mean          | 379          |
|    ep_rew_mean          | 25.2         |
| time/                   |              |
|    fps                  | 464          |
|    iterations           | 36           |
|    time_elapsed         | 1902         |
|    total_timesteps      | 884736       |
| train/                  |              |
|    approx_kl            | 0.0063416776 |
|    clip_fraction        | 0.0613       |
|    clip_range           | 0.2          |
|    entropy_loss         | -1.39        |
|    explained_variance   | 0.989        |
|    learning_rate        | 0.0003       |
|    loss                 | -0.0112      |
|    n_updates            | 175          |
|    policy_gradient_loss | -0.00489     |
|    value_loss           | 0.0184       |
------------------------------------------
------------------------------------------
| rollout/                |              |
|    ep_len_mean          | 341          |
|    ep_rew_mean          | 36.7         |
| time/                   |              |
|    fps                  | 462          |
|    iterations           | 37           |
|    time_elapsed         | 1964         |
|    total_timesteps      | 909312       |
| train/                  |              |
|    approx_kl            | 0.0065926365 |
|    clip_fraction        | 0.0655       |
|    clip_range           | 0.2          |
|    entropy_loss         | -1.34        |
|    explained_variance   | 0.983        |
|    learning_rate        | 0.0003       |
|    loss                 | -0.0123      |
|    n_updates            | 180          |
|    policy_gradient_loss | -0.00394     |
|    value_loss           | 0.0219       |
------------------------------------------
------------------------------------------
| rollout/                |              |
|    ep_len_mean          | 399          |
|    ep_rew_mean          | 30           |
| time/                   |              |
|    fps                  | 461          |
|    iterations           | 38           |
|    time_elapsed         | 2025         |
|    total_timesteps      | 933888       |
| train/                  |              |
|    approx_kl            | 0.0070482236 |
|    clip_fraction        | 0.0546       |
|    clip_range           | 0.2          |
|    entropy_loss         | -1.42        |
|    explained_variance   | 0.991        |
|    learning_rate        | 0.0003       |
|    loss                 | -0.0277      |
|    n_updates            | 185          |
|    policy_gradient_loss | -0.00431     |
|    value_loss           | 0.0112       |
------------------------------------------
------------------------------------------
| rollout/                |              |
|    ep_len_mean          | 586          |
|    ep_rew_mean          | 9.15         |
| time/                   |              |
|    fps                  | 459          |
|    iterations           | 39           |
|    time_elapsed         | 2085         |
|    total_timesteps      | 958464       |
| train/                  |              |
|    approx_kl            | 0.0050299847 |
|    clip_fraction        | 0.046        |
|    clip_range           | 0.2          |
|    entropy_loss         | -1.46        |
|    explained_variance   | 0.994        |
|    learning_rate        | 0.0003       |
|    loss                 | -0.0187      |
|    n_updates            | 190          |
|    policy_gradient_loss | -0.00426     |
|    value_loss           | 0.00756      |
------------------------------------------
------------------------------------------
| rollout/                |              |
|    ep_len_mean          | 482          |
|    ep_rew_mean          | 17.5         |
| time/                   |              |
|    fps                  | 458          |
|    iterations           | 40           |
|    time_elapsed         | 2145         |
|    total_timesteps      | 983040       |
| train/                  |              |
|    approx_kl            | 0.0054912814 |
|    clip_fraction        | 0.0536       |
|    clip_range           | 0.2          |
|    entropy_loss         | -1.42        |
|    explained_variance   | 0.991        |
|    learning_rate        | 0.0003       |
|    loss                 | -0.0139      |
|    n_updates            | 195          |
|    policy_gradient_loss | -0.00484     |
|    value_loss           | 0.0148       |
------------------------------------------
[Checkpoint] Saved at 1000000 steps > /home/runner/work/Disciples2-RL/Disciples2-RL/github_experiments/117/green_dragon/seed117-green_dragon-29751251345-1/checkpoints/campaign_ppo_step_1000000.zip
Eval num_timesteps=1000008, det_reward=-106.99 +/- 230.25
Episode length: det=1998.10 +/- 2175.02
Victory rate: det=0.00%
-------------------------------------------------
| eval/                           |             |
|    deterministic_mean_ep_length | 2e+03       |
|    deterministic_mean_reward    | -107        |
|    deterministic_victory_rate   | 0           |
|    mean_ep_length               | 2e+03       |
|    mean_reward                  | -107        |
|    victory_rate                 | 0           |
| time/                           |             |
|    total_timesteps              | 1000008     |
| train/                          |             |
|    approx_kl                    | 0.007049661 |
|    clip_fraction                | 0.0703      |
|    clip_range                   | 0.2         |
|    entropy_loss                 | -1.44       |
|    explained_variance           | 0.989       |
|    learning_rate                | 0.0003      |
|    loss                         | -0.0104     |
|    n_updates                    | 200         |
|    policy_gradient_loss         | -0.00518    |
|    value_loss                   | 0.0136      |
-------------------------------------------------
New best model by deterministic victory rate!
---------------------------------
| rollout/           |          |
|    ep_len_mean     | 389      |
|    ep_rew_mean     | 23       |
| time/              |          |
|    fps             | 429      |
|    iterations      | 41       |
|    time_elapsed    | 2345     |
|    total_timesteps | 1007616  |
---------------------------------
VecNormalize stats saved: /home/runner/work/Disciples2-RL/Disciples2-RL/github_experiments/117/green_dragon/seed117-green_dragon-29751251345-1/models/vecnormalize.pkl

Финальная модель сохранена: /home/runner/work/Disciples2-RL/Disciples2-RL/github_experiments/117/green_dragon/seed117-green_dragon-29751251345-1/models/final_model.zip

============================================================
ИТОГИ ОБУЧЕНИЯ:
  Побед: 0
  Поражений: 4386
  Таймаутов: 22
  Побед бота столицы над врагами: 0
  Перестановок юнитов: 192337
  Терминальные поражения по противникам:
    enemy_31: 934 — Отряд: зеленый дракон
    enemy_29: 595 — Отряд: 3 скваера на передней линии
    enemy_25: 471 — Отряд: копейщик спереди и служка сзади
    enemy_74: 365 — Руины (43, 34): Лорд Тьмы, Лич
    enemy_23: 344 — Отряд: волк на передней линии
    enemy_61: 260 — Отряд: Зомби, Призрак
    enemy_15: 249 — Отряд: 2 привидения спереди, вампир сзади
    enemy_34: 241 — Отряд Порта Полонис: Воин спереди, Колдун, Нигош (Носферату) и Привидение сзади
    enemy_65: 236 — Отряд: Кентавр копейщик, Рейнджер
    enemy_7: 190 — Отряд: воин + привидение спереди, колдун + призрак + привидение сзади
    enemy_27: 158 — Отряд: скваер в центре и 2 крестьянина на передней линии
    enemy_17: 124 — Отряд: воин спереди, 2 призрака и привидение сзади
    enemy_19: 98 — Отряд: зомби спереди, привидение сзади
    enemy_21: 69 — Отряд: зомби спереди, привидение сзади
    enemy_63: 12 — Отряд: Разбойник
    enemy_3: 8 — Отряд: орк чемпион на передней линии
    enemy_59: 7 — Отряд: Зомби
    enemy_9: 6 — Отряд: тамплиер спереди, колдун и призрак сзади
    enemy_35: 6 — Отряд Соругириллы: Унфегра (Королева личей), Виверна
    enemy_68: 5 — Внутренний гарнизон Порта Полонис: Зомби, Воин
    enemy_11: 3 — Отряд: оборотень спереди и тень сзади
    enemy_5: 2 — Отряд: орк чемпион на передней линии
    enemy_75: 1 — Страж столицы Империи: Мизраэль
    enemy_69: 1 — Внутренний гарнизон Соругириллы: Зомби, Воин
    enemy_57: 1 — Отряд: Призрак, Привидение, Воин
  Winrate: 0.0%
============================================================
  График призывов за эпизод: /home/runner/work/Disciples2-RL/Disciples2-RL/github_experiments/117/green_dragon/seed117-green_dragon-29751251345-1/plots/campaign_summoned_units_per_episode.png
  График призывов за всё обучение: /home/runner/work/Disciples2-RL/Disciples2-RL/github_experiments/117/green_dragon/seed117-green_dragon-29751251345-1/plots/campaign_summoned_units_cumulative.png
  График найма за эпизод: /home/runner/work/Disciples2-RL/Disciples2-RL/github_experiments/117/green_dragon/seed117-green_dragon-29751251345-1/plots/campaign_hired_units_per_episode.png
  График найма за всё обучение: /home/runner/work/Disciples2-RL/Disciples2-RL/github_experiments/117/green_dragon/seed117-green_dragon-29751251345-1/plots/campaign_hired_units_cumulative.png
  График перестановок юнитов за эпизод: /home/runner/work/Disciples2-RL/Disciples2-RL/github_experiments/117/green_dragon/seed117-green_dragon-29751251345-1/plots/campaign_unit_swaps_per_episode.png
  График боевых предметов: /home/runner/work/Disciples2-RL/Disciples2-RL/github_experiments/117/green_dragon/seed117-green_dragon-29751251345-1/plots/campaign_battle_item_activity.png
  График побед бота столицы за эпизод: /home/runner/work/Disciples2-RL/Disciples2-RL/github_experiments/117/green_dragon/seed117-green_dragon-29751251345-1/plots/campaign_scripted_bot_victories_per_episode.png
  График применения заклинаний: /home/runner/work/Disciples2-RL/Disciples2-RL/github_experiments/117/green_dragon/seed117-green_dragon-29751251345-1/plots/campaign_spell_cast_activity.png
