Проверка среды CampaignEnv...
Среда прошла проверку!
[INFO] Comet disabled, running without experiment tracking
Создание 12 параллельных сред (subproc)...
Инициализация MaskablePPO...
Using cpu device

============================================================
Запуск обучения Campaign Agent
Всего шагов: 1,000,000
Параллельных сред: 12
VecEnv: subproc
VecEnv start method: forkserver
Seed: 120
Checkpoint каждые: 500,000 шагов
Evaluation каждые: 83,334 шагов
Eval deterministic эпизодов: 20
Eval stochastic эпизодов: 0
Eval лимит шагов на эпизод: 5000
Campaign map: default
Campaign objective: dragon
System resources at training start:
  Platform: Linux 6.17.0-1020-azure (x86_64)
  Python: 3.14.6
  PyTorch: 2.13.0+cpu
  Training device: cpu
  CPU model: INTEL(R) XEON(R) PLATINUM 8573C
  CPU vendor: GenuineIntel
  Logical CPUs visible: 4
  Process CPU affinity: 4
  Sockets: 1
  Cores per socket: 2
  Threads per core: 2
  CPU max MHz: 2300.0000
  CPU min MHz: 800.0000
  L1d cache: 96 KiB (2 instances)
  L1i cache: 64 KiB (2 instances)
  L2 cache: 4 MiB (2 instances)
  L3 cache: 260 MiB (1 instance)
  Virtualization: VT-x
  Hypervisor: Microsoft
  RAM total: 15.61 GiB
  RAM available at start: 13.83 GiB
  Disk total: 144.26 GiB
  Disk free at start: 83.61 GiB
  Torch intra-op threads: 4
  Torch inter-op threads: 2
  OMP_NUM_THREADS: 4
  MKL_NUM_THREADS: 4
  OPENBLAS_NUM_THREADS: 4
  GitHub runner OS: Linux
  GitHub runner architecture: X64
  GitHub runner environment: github-hosted
PPO n_steps: 2,048
PPO batch_size: 512
PPO n_epochs: 5
PPO learning_rate: 0.0003
PPO clip_range: 0.2
PPO ent_coef: 0.01
PPO gamma: 0.995
PPO gae_lambda: 0.95
PPO target_kl: disabled
PPO gradient batches per rollout: 240
VecCheckNan: disabled
Freeze action layout: enabled
Empire territory: enabled
Torch threads per process: 4
Diagnostics: disabled
Wall-clock training limit: disabled
Run ID: seed120-default-green_dragon-30088776385-1
============================================================

Logging to /home/runner/work/Disciples2-RL/Disciples2-RL/github_experiments/120/default/green_dragon/seed120-default-green_dragon-30088776385-1/tensorboard/MaskablePPO_1
---------------------------------
| rollout/           |          |
|    ep_len_mean     | 1.63e+03 |
|    ep_rew_mean     | 183      |
| time/              |          |
|    fps             | 520      |
|    iterations      | 1        |
|    time_elapsed    | 47       |
|    total_timesteps | 24576    |
---------------------------------
-----------------------------------------
| rollout/                |             |
|    ep_len_mean          | 1.81e+03    |
|    ep_rew_mean          | 147         |
| time/                   |             |
|    fps                  | 508         |
|    iterations           | 2           |
|    time_elapsed         | 96          |
|    total_timesteps      | 49152       |
| train/                  |             |
|    approx_kl            | 0.008983662 |
|    clip_fraction        | 0.0563      |
|    clip_range           | 0.2         |
|    entropy_loss         | -2.24       |
|    explained_variance   | 0.232       |
|    learning_rate        | 0.0003      |
|    loss                 | 0.00112     |
|    n_updates            | 5           |
|    policy_gradient_loss | -0.00635    |
|    value_loss           | 0.129       |
-----------------------------------------
-----------------------------------------
| rollout/                |             |
|    ep_len_mean          | 1.39e+03    |
|    ep_rew_mean          | 140         |
| time/                   |             |
|    fps                  | 508         |
|    iterations           | 3           |
|    time_elapsed         | 144         |
|    total_timesteps      | 73728       |
| train/                  |             |
|    approx_kl            | 0.009576698 |
|    clip_fraction        | 0.071       |
|    clip_range           | 0.2         |
|    entropy_loss         | -2.22       |
|    explained_variance   | 0.412       |
|    learning_rate        | 0.0003      |
|    loss                 | 0.186       |
|    n_updates            | 10          |
|    policy_gradient_loss | -0.0049     |
|    value_loss           | 0.412       |
-----------------------------------------
-----------------------------------------
| rollout/                |             |
|    ep_len_mean          | 1.24e+03    |
|    ep_rew_mean          | 133         |
| time/                   |             |
|    fps                  | 506         |
|    iterations           | 4           |
|    time_elapsed         | 193         |
|    total_timesteps      | 98304       |
| train/                  |             |
|    approx_kl            | 0.009216556 |
|    clip_fraction        | 0.0687      |
|    clip_range           | 0.2         |
|    entropy_loss         | -2.09       |
|    explained_variance   | 0.626       |
|    learning_rate        | 0.0003      |
|    loss                 | 0.172       |
|    n_updates            | 15          |
|    policy_gradient_loss | -0.005      |
|    value_loss           | 0.444       |
-----------------------------------------
-----------------------------------------
| rollout/                |             |
|    ep_len_mean          | 1.02e+03    |
|    ep_rew_mean          | 125         |
| time/                   |             |
|    fps                  | 508         |
|    iterations           | 5           |
|    time_elapsed         | 241         |
|    total_timesteps      | 122880      |
| train/                  |             |
|    approx_kl            | 0.008449211 |
|    clip_fraction        | 0.0559      |
|    clip_range           | 0.2         |
|    entropy_loss         | -2.01       |
|    explained_variance   | 0.766       |
|    learning_rate        | 0.0003      |
|    loss                 | 0.129       |
|    n_updates            | 20          |
|    policy_gradient_loss | -0.00413    |
|    value_loss           | 0.38        |
-----------------------------------------
----------------------------------------
| rollout/                |            |
|    ep_len_mean          | 720        |
|    ep_rew_mean          | 126        |
| time/                   |            |
|    fps                  | 509        |
|    iterations           | 6          |
|    time_elapsed         | 289        |
|    total_timesteps      | 147456     |
| train/                  |            |
|    approx_kl            | 0.00652649 |
|    clip_fraction        | 0.0406     |
|    clip_range           | 0.2        |
|    entropy_loss         | -1.91      |
|    explained_variance   | 0.815      |
|    learning_rate        | 0.0003     |
|    loss                 | 0.34       |
|    n_updates            | 25         |
|    policy_gradient_loss | -0.00467   |
|    value_loss           | 0.572      |
----------------------------------------
-----------------------------------------
| rollout/                |             |
|    ep_len_mean          | 834         |
|    ep_rew_mean          | 105         |
| time/                   |             |
|    fps                  | 511         |
|    iterations           | 7           |
|    time_elapsed         | 336         |
|    total_timesteps      | 172032      |
| train/                  |             |
|    approx_kl            | 0.007799825 |
|    clip_fraction        | 0.0456      |
|    clip_range           | 0.2         |
|    entropy_loss         | -1.83       |
|    explained_variance   | 0.9         |
|    learning_rate        | 0.0003      |
|    loss                 | 0.0817      |
|    n_updates            | 30          |
|    policy_gradient_loss | -0.00373    |
|    value_loss           | 0.245       |
-----------------------------------------
------------------------------------------
| rollout/                |              |
|    ep_len_mean          | 804          |
|    ep_rew_mean          | 93.3         |
| time/                   |              |
|    fps                  | 512          |
|    iterations           | 8            |
|    time_elapsed         | 383          |
|    total_timesteps      | 196608       |
| train/                  |              |
|    approx_kl            | 0.0103319725 |
|    clip_fraction        | 0.0873       |
|    clip_range           | 0.2          |
|    entropy_loss         | -1.9         |
|    explained_variance   | 0.928        |
|    learning_rate        | 0.0003       |
|    loss                 | 0.015        |
|    n_updates            | 35           |
|    policy_gradient_loss | -0.00372     |
|    value_loss           | 0.134        |
------------------------------------------
-----------------------------------------
| rollout/                |             |
|    ep_len_mean          | 827         |
|    ep_rew_mean          | 80.9        |
| time/                   |             |
|    fps                  | 513         |
|    iterations           | 9           |
|    time_elapsed         | 430         |
|    total_timesteps      | 221184      |
| train/                  |             |
|    approx_kl            | 0.014760368 |
|    clip_fraction        | 0.118       |
|    clip_range           | 0.2         |
|    entropy_loss         | -1.91       |
|    explained_variance   | 0.952       |
|    learning_rate        | 0.0003      |
|    loss                 | 0.00178     |
|    n_updates            | 40          |
|    policy_gradient_loss | -0.00595    |
|    value_loss           | 0.0864      |
-----------------------------------------
-----------------------------------------
| rollout/                |             |
|    ep_len_mean          | 547         |
|    ep_rew_mean          | 101         |
| time/                   |             |
|    fps                  | 513         |
|    iterations           | 10          |
|    time_elapsed         | 478         |
|    total_timesteps      | 245760      |
| train/                  |             |
|    approx_kl            | 0.010520268 |
|    clip_fraction        | 0.0843      |
|    clip_range           | 0.2         |
|    entropy_loss         | -1.97       |
|    explained_variance   | 0.947       |
|    learning_rate        | 0.0003      |
|    loss                 | 0.0225      |
|    n_updates            | 45          |
|    policy_gradient_loss | -0.00412    |
|    value_loss           | 0.119       |
-----------------------------------------
-----------------------------------------
| rollout/                |             |
|    ep_len_mean          | 479         |
|    ep_rew_mean          | 104         |
| time/                   |             |
|    fps                  | 512         |
|    iterations           | 11          |
|    time_elapsed         | 527         |
|    total_timesteps      | 270336      |
| train/                  |             |
|    approx_kl            | 0.008532438 |
|    clip_fraction        | 0.0626      |
|    clip_range           | 0.2         |
|    entropy_loss         | -1.96       |
|    explained_variance   | 0.949       |
|    learning_rate        | 0.0003      |
|    loss                 | 0.0428      |
|    n_updates            | 50          |
|    policy_gradient_loss | -0.00394    |
|    value_loss           | 0.174       |
-----------------------------------------
----------------------------------------
| rollout/                |            |
|    ep_len_mean          | 438        |
|    ep_rew_mean          | 107        |
| time/                   |            |
|    fps                  | 512        |
|    iterations           | 12         |
|    time_elapsed         | 575        |
|    total_timesteps      | 294912     |
| train/                  |            |
|    approx_kl            | 0.01138341 |
|    clip_fraction        | 0.113      |
|    clip_range           | 0.2        |
|    entropy_loss         | -2.07      |
|    explained_variance   | 0.944      |
|    learning_rate        | 0.0003     |
|    loss                 | 0.0154     |
|    n_updates            | 55         |
|    policy_gradient_loss | -0.00505   |
|    value_loss           | 0.134      |
----------------------------------------
-----------------------------------------
| rollout/                |             |
|    ep_len_mean          | 292         |
|    ep_rew_mean          | 118         |
| time/                   |             |
|    fps                  | 511         |
|    iterations           | 13          |
|    time_elapsed         | 624         |
|    total_timesteps      | 319488      |
| train/                  |             |
|    approx_kl            | 0.009575072 |
|    clip_fraction        | 0.0916      |
|    clip_range           | 0.2         |
|    entropy_loss         | -1.95       |
|    explained_variance   | 0.969       |
|    learning_rate        | 0.0003      |
|    loss                 | 0.0356      |
|    n_updates            | 60          |
|    policy_gradient_loss | -0.00577    |
|    value_loss           | 0.119       |
-----------------------------------------
------------------------------------------
| rollout/                |              |
|    ep_len_mean          | 136          |
|    ep_rew_mean          | 120          |
| time/                   |              |
|    fps                  | 512          |
|    iterations           | 14           |
|    time_elapsed         | 671          |
|    total_timesteps      | 344064       |
| train/                  |              |
|    approx_kl            | 0.0078075645 |
|    clip_fraction        | 0.0739       |
|    clip_range           | 0.2          |
|    entropy_loss         | -1.98        |
|    explained_variance   | 0.963        |
|    learning_rate        | 0.0003       |
|    loss                 | 0.0526       |
|    n_updates            | 65           |
|    policy_gradient_loss | -0.00511     |
|    value_loss           | 0.167        |
------------------------------------------
-----------------------------------------
| rollout/                |             |
|    ep_len_mean          | 127         |
|    ep_rew_mean          | 121         |
| time/                   |             |
|    fps                  | 512         |
|    iterations           | 15          |
|    time_elapsed         | 719         |
|    total_timesteps      | 368640      |
| train/                  |             |
|    approx_kl            | 0.009765373 |
|    clip_fraction        | 0.104       |
|    clip_range           | 0.2         |
|    entropy_loss         | -1.82       |
|    explained_variance   | 0.983       |
|    learning_rate        | 0.0003      |
|    loss                 | 0.0188      |
|    n_updates            | 70          |
|    policy_gradient_loss | -0.00585    |
|    value_loss           | 0.118       |
-----------------------------------------
-----------------------------------------
| rollout/                |             |
|    ep_len_mean          | 112         |
|    ep_rew_mean          | 119         |
| time/                   |             |
|    fps                  | 512         |
|    iterations           | 16          |
|    time_elapsed         | 767         |
|    total_timesteps      | 393216      |
| train/                  |             |
|    approx_kl            | 0.009370758 |
|    clip_fraction        | 0.0986      |
|    clip_range           | 0.2         |
|    entropy_loss         | -1.73       |
|    explained_variance   | 0.985       |
|    learning_rate        | 0.0003      |
|    loss                 | 0.0242      |
|    n_updates            | 75          |
|    policy_gradient_loss | -0.00571    |
|    value_loss           | 0.0927      |
-----------------------------------------
-----------------------------------------
| rollout/                |             |
|    ep_len_mean          | 60          |
|    ep_rew_mean          | 120         |
| time/                   |             |
|    fps                  | 512         |
|    iterations           | 17          |
|    time_elapsed         | 815         |
|    total_timesteps      | 417792      |
| train/                  |             |
|    approx_kl            | 0.011758375 |
|    clip_fraction        | 0.123       |
|    clip_range           | 0.2         |
|    entropy_loss         | -1.59       |
|    explained_variance   | 0.994       |
|    learning_rate        | 0.0003      |
|    loss                 | 0.00628     |
|    n_updates            | 80          |
|    policy_gradient_loss | -0.00785    |
|    value_loss           | 0.0406      |
-----------------------------------------
-----------------------------------------
| rollout/                |             |
|    ep_len_mean          | 58.6        |
|    ep_rew_mean          | 120         |
| time/                   |             |
|    fps                  | 511         |
|    iterations           | 18          |
|    time_elapsed         | 865         |
|    total_timesteps      | 442368      |
| train/                  |             |
|    approx_kl            | 0.008891348 |
|    clip_fraction        | 0.0957      |
|    clip_range           | 0.2         |
|    entropy_loss         | -1.42       |
|    explained_variance   | 0.98        |
|    learning_rate        | 0.0003      |
|    loss                 | 0.00937     |
|    n_updates            | 85          |
|    policy_gradient_loss | -0.00575    |
|    value_loss           | 0.0453      |
-----------------------------------------
-----------------------------------------
| rollout/                |             |
|    ep_len_mean          | 77.9        |
|    ep_rew_mean          | 120         |
| time/                   |             |
|    fps                  | 510         |
|    iterations           | 19          |
|    time_elapsed         | 914         |
|    total_timesteps      | 466944      |
| train/                  |             |
|    approx_kl            | 0.008554162 |
|    clip_fraction        | 0.106       |
|    clip_range           | 0.2         |
|    entropy_loss         | -1.35       |
|    explained_variance   | 0.987       |
|    learning_rate        | 0.0003      |
|    loss                 | 0.00168     |
|    n_updates            | 90          |
|    policy_gradient_loss | -0.00722    |
|    value_loss           | 0.0307      |
-----------------------------------------
-----------------------------------------
| rollout/                |             |
|    ep_len_mean          | 55.1        |
|    ep_rew_mean          | 120         |
| time/                   |             |
|    fps                  | 510         |
|    iterations           | 20          |
|    time_elapsed         | 963         |
|    total_timesteps      | 491520      |
| train/                  |             |
|    approx_kl            | 0.009653539 |
|    clip_fraction        | 0.122       |
|    clip_range           | 0.2         |
|    entropy_loss         | -1.48       |
|    explained_variance   | 0.985       |
|    learning_rate        | 0.0003      |
|    loss                 | 0.000242    |
|    n_updates            | 95          |
|    policy_gradient_loss | -0.00944    |
|    value_loss           | 0.0471      |
-----------------------------------------
[Checkpoint] Saved at 500000 steps > /home/runner/work/Disciples2-RL/Disciples2-RL/github_experiments/120/default/green_dragon/seed120-default-green_dragon-30088776385-1/checkpoints/campaign_ppo_step_500000.zip
-----------------------------------------
| rollout/                |             |
|    ep_len_mean          | 54.9        |
|    ep_rew_mean          | 121         |
| time/                   |             |
|    fps                  | 509         |
|    iterations           | 21          |
|    time_elapsed         | 1012        |
|    total_timesteps      | 516096      |
| train/                  |             |
|    approx_kl            | 0.008892846 |
|    clip_fraction        | 0.13        |
|    clip_range           | 0.2         |
|    entropy_loss         | -1.23       |
|    explained_variance   | 0.944       |
|    learning_rate        | 0.0003      |
|    loss                 | -0.00879    |
|    n_updates            | 100         |
|    policy_gradient_loss | -0.0103     |
|    value_loss           | 0.0248      |
-----------------------------------------
-----------------------------------------
| rollout/                |             |
|    ep_len_mean          | 51.6        |
|    ep_rew_mean          | 122         |
| time/                   |             |
|    fps                  | 509         |
|    iterations           | 22          |
|    time_elapsed         | 1061        |
|    total_timesteps      | 540672      |
| train/                  |             |
|    approx_kl            | 0.010711619 |
|    clip_fraction        | 0.166       |
|    clip_range           | 0.2         |
|    entropy_loss         | -1.14       |
|    explained_variance   | 0.658       |
|    learning_rate        | 0.0003      |
|    loss                 | -0.0278     |
|    n_updates            | 105         |
|    policy_gradient_loss | -0.0152     |
|    value_loss           | 0.00879     |
-----------------------------------------
-----------------------------------------
| rollout/                |             |
|    ep_len_mean          | 50.2        |
|    ep_rew_mean          | 123         |
| time/                   |             |
|    fps                  | 509         |
|    iterations           | 23          |
|    time_elapsed         | 1109        |
|    total_timesteps      | 565248      |
| train/                  |             |
|    approx_kl            | 0.015461686 |
|    clip_fraction        | 0.177       |
|    clip_range           | 0.2         |
|    entropy_loss         | -1.02       |
|    explained_variance   | 0.659       |
|    learning_rate        | 0.0003      |
|    loss                 | -0.0344     |
|    n_updates            | 110         |
|    policy_gradient_loss | -0.0212     |
|    value_loss           | 0.00742     |
-----------------------------------------
-----------------------------------------
| rollout/                |             |
|    ep_len_mean          | 49.8        |
|    ep_rew_mean          | 126         |
| time/                   |             |
|    fps                  | 509         |
|    iterations           | 24          |
|    time_elapsed         | 1158        |
|    total_timesteps      | 589824      |
| train/                  |             |
|    approx_kl            | 0.013162132 |
|    clip_fraction        | 0.143       |
|    clip_range           | 0.2         |
|    entropy_loss         | -0.892      |
|    explained_variance   | 0.583       |
|    learning_rate        | 0.0003      |
|    loss                 | -0.0344     |
|    n_updates            | 115         |
|    policy_gradient_loss | -0.0172     |
|    value_loss           | 0.00681     |
-----------------------------------------
-----------------------------------------
| rollout/                |             |
|    ep_len_mean          | 51.2        |
|    ep_rew_mean          | 127         |
| time/                   |             |
|    fps                  | 509         |
|    iterations           | 25          |
|    time_elapsed         | 1206        |
|    total_timesteps      | 614400      |
| train/                  |             |
|    approx_kl            | 0.010212016 |
|    clip_fraction        | 0.126       |
|    clip_range           | 0.2         |
|    entropy_loss         | -0.83       |
|    explained_variance   | 0.599       |
|    learning_rate        | 0.0003      |
|    loss                 | -0.0123     |
|    n_updates            | 120         |
|    policy_gradient_loss | -0.0137     |
|    value_loss           | 0.00731     |
-----------------------------------------
-----------------------------------------
| rollout/                |             |
|    ep_len_mean          | 81.7        |
|    ep_rew_mean          | 126         |
| time/                   |             |
|    fps                  | 508         |
|    iterations           | 26          |
|    time_elapsed         | 1256        |
|    total_timesteps      | 638976      |
| train/                  |             |
|    approx_kl            | 0.008361605 |
|    clip_fraction        | 0.0969      |
|    clip_range           | 0.2         |
|    entropy_loss         | -0.861      |
|    explained_variance   | 0.952       |
|    learning_rate        | 0.0003      |
|    loss                 | 0.00937     |
|    n_updates            | 125         |
|    policy_gradient_loss | -0.00771    |
|    value_loss           | 0.0114      |
-----------------------------------------
-----------------------------------------
| rollout/                |             |
|    ep_len_mean          | 69.3        |
|    ep_rew_mean          | 129         |
| time/                   |             |
|    fps                  | 508         |
|    iterations           | 27          |
|    time_elapsed         | 1305        |
|    total_timesteps      | 663552      |
| train/                  |             |
|    approx_kl            | 0.008968717 |
|    clip_fraction        | 0.105       |
|    clip_range           | 0.2         |
|    entropy_loss         | -0.794      |
|    explained_variance   | 0.984       |
|    learning_rate        | 0.0003      |
|    loss                 | -0.0102     |
|    n_updates            | 130         |
|    policy_gradient_loss | -0.00744    |
|    value_loss           | 0.0151      |
-----------------------------------------
-----------------------------------------
| rollout/                |             |
|    ep_len_mean          | 49.4        |
|    ep_rew_mean          | 130         |
| time/                   |             |
|    fps                  | 508         |
|    iterations           | 28          |
|    time_elapsed         | 1353        |
|    total_timesteps      | 688128      |
| train/                  |             |
|    approx_kl            | 0.009161333 |
|    clip_fraction        | 0.0937      |
|    clip_range           | 0.2         |
|    entropy_loss         | -0.756      |
|    explained_variance   | 0.97        |
|    learning_rate        | 0.0003      |
|    loss                 | -0.00847    |
|    n_updates            | 135         |
|    policy_gradient_loss | -0.0113     |
|    value_loss           | 0.0104      |
-----------------------------------------
----------------------------------------
| rollout/                |            |
|    ep_len_mean          | 48.8       |
|    ep_rew_mean          | 130        |
| time/                   |            |
|    fps                  | 508        |
|    iterations           | 29         |
|    time_elapsed         | 1402       |
|    total_timesteps      | 712704     |
| train/                  |            |
|    approx_kl            | 0.00670854 |
|    clip_fraction        | 0.0756     |
|    clip_range           | 0.2        |
|    entropy_loss         | -0.556     |
|    explained_variance   | 0.797      |
|    learning_rate        | 0.0003     |
|    loss                 | -0.0186    |
|    n_updates            | 140        |
|    policy_gradient_loss | -0.00817   |
|    value_loss           | 0.006      |
----------------------------------------
-----------------------------------------
| rollout/                |             |
|    ep_len_mean          | 50.7        |
|    ep_rew_mean          | 132         |
| time/                   |             |
|    fps                  | 508         |
|    iterations           | 30          |
|    time_elapsed         | 1450        |
|    total_timesteps      | 737280      |
| train/                  |             |
|    approx_kl            | 0.007160913 |
|    clip_fraction        | 0.0665      |
|    clip_range           | 0.2         |
|    entropy_loss         | -0.52       |
|    explained_variance   | 0.93        |
|    learning_rate        | 0.0003      |
|    loss                 | -0.00519    |
|    n_updates            | 145         |
|    policy_gradient_loss | -0.00689    |
|    value_loss           | 0.00738     |
-----------------------------------------
-----------------------------------------
| rollout/                |             |
|    ep_len_mean          | 50.1        |
|    ep_rew_mean          | 133         |
| time/                   |             |
|    fps                  | 508         |
|    iterations           | 31          |
|    time_elapsed         | 1497        |
|    total_timesteps      | 761856      |
| train/                  |             |
|    approx_kl            | 0.006210942 |
|    clip_fraction        | 0.057       |
|    clip_range           | 0.2         |
|    entropy_loss         | -0.516      |
|    explained_variance   | 0.974       |
|    learning_rate        | 0.0003      |
|    loss                 | -0.0128     |
|    n_updates            | 150         |
|    policy_gradient_loss | -0.00607    |
|    value_loss           | 0.00874     |
-----------------------------------------
------------------------------------------
| rollout/                |              |
|    ep_len_mean          | 50.8         |
|    ep_rew_mean          | 134          |
| time/                   |              |
|    fps                  | 508          |
|    iterations           | 32           |
|    time_elapsed         | 1545         |
|    total_timesteps      | 786432       |
| train/                  |              |
|    approx_kl            | 0.0050657685 |
|    clip_fraction        | 0.0597       |
|    clip_range           | 0.2          |
|    entropy_loss         | -0.482       |
|    explained_variance   | 0.748        |
|    learning_rate        | 0.0003       |
|    loss                 | -0.0252      |
|    n_updates            | 155          |
|    policy_gradient_loss | -0.00714     |
|    value_loss           | 0.01         |
------------------------------------------
------------------------------------------
| rollout/                |              |
|    ep_len_mean          | 50.8         |
|    ep_rew_mean          | 134          |
| time/                   |              |
|    fps                  | 509          |
|    iterations           | 33           |
|    time_elapsed         | 1592         |
|    total_timesteps      | 811008       |
| train/                  |              |
|    approx_kl            | 0.0036394366 |
|    clip_fraction        | 0.0398       |
|    clip_range           | 0.2          |
|    entropy_loss         | -0.377       |
|    explained_variance   | 0.878        |
|    learning_rate        | 0.0003       |
|    loss                 | -0.00832     |
|    n_updates            | 160          |
|    policy_gradient_loss | -0.00437     |
|    value_loss           | 0.00567      |
------------------------------------------
------------------------------------------
| rollout/                |              |
|    ep_len_mean          | 51.1         |
|    ep_rew_mean          | 135          |
| time/                   |              |
|    fps                  | 509          |
|    iterations           | 34           |
|    time_elapsed         | 1640         |
|    total_timesteps      | 835584       |
| train/                  |              |
|    approx_kl            | 0.0066753863 |
|    clip_fraction        | 0.0467       |
|    clip_range           | 0.2          |
|    entropy_loss         | -0.317       |
|    explained_variance   | 0.883        |
|    learning_rate        | 0.0003       |
|    loss                 | -0.0099      |
|    n_updates            | 165          |
|    policy_gradient_loss | -0.00577     |
|    value_loss           | 0.00537      |
------------------------------------------
-----------------------------------------
| rollout/                |             |
|    ep_len_mean          | 50.5        |
|    ep_rew_mean          | 135         |
| time/                   |             |
|    fps                  | 509         |
|    iterations           | 35          |
|    time_elapsed         | 1687        |
|    total_timesteps      | 860160      |
| train/                  |             |
|    approx_kl            | 0.004214633 |
|    clip_fraction        | 0.0299      |
|    clip_range           | 0.2         |
|    entropy_loss         | -0.271      |
|    explained_variance   | 0.891       |
|    learning_rate        | 0.0003      |
|    loss                 | -0.0053     |
|    n_updates            | 170         |
|    policy_gradient_loss | -0.00386    |
|    value_loss           | 0.0036      |
-----------------------------------------
------------------------------------------
| rollout/                |              |
|    ep_len_mean          | 50           |
|    ep_rew_mean          | 135          |
| time/                   |              |
|    fps                  | 510          |
|    iterations           | 36           |
|    time_elapsed         | 1734         |
|    total_timesteps      | 884736       |
| train/                  |              |
|    approx_kl            | 0.0022754276 |
|    clip_fraction        | 0.0197       |
|    clip_range           | 0.2          |
|    entropy_loss         | -0.232       |
|    explained_variance   | 0.952        |
|    learning_rate        | 0.0003       |
|    loss                 | -0.0057      |
|    n_updates            | 175          |
|    policy_gradient_loss | -0.00377     |
|    value_loss           | 0.00212      |
------------------------------------------
------------------------------------------
| rollout/                |              |
|    ep_len_mean          | 51           |
|    ep_rew_mean          | 136          |
| time/                   |              |
|    fps                  | 510          |
|    iterations           | 37           |
|    time_elapsed         | 1781         |
|    total_timesteps      | 909312       |
| train/                  |              |
|    approx_kl            | 0.0046549803 |
|    clip_fraction        | 0.0254       |
|    clip_range           | 0.2          |
|    entropy_loss         | -0.218       |
|    explained_variance   | 0.96         |
|    learning_rate        | 0.0003       |
|    loss                 | -0.00297     |
|    n_updates            | 180          |
|    policy_gradient_loss | -0.00296     |
|    value_loss           | 0.00202      |
------------------------------------------
------------------------------------------
| rollout/                |              |
|    ep_len_mean          | 50.5         |
|    ep_rew_mean          | 135          |
| time/                   |              |
|    fps                  | 510          |
|    iterations           | 38           |
|    time_elapsed         | 1828         |
|    total_timesteps      | 933888       |
| train/                  |              |
|    approx_kl            | 0.0035768484 |
|    clip_fraction        | 0.032        |
|    clip_range           | 0.2          |
|    entropy_loss         | -0.206       |
|    explained_variance   | 0.95         |
|    learning_rate        | 0.0003       |
|    loss                 | -0.0117      |
|    n_updates            | 185          |
|    policy_gradient_loss | -0.0047      |
|    value_loss           | 0.00276      |
------------------------------------------
------------------------------------------
| rollout/                |              |
|    ep_len_mean          | 50.8         |
|    ep_rew_mean          | 136          |
| time/                   |              |
|    fps                  | 510          |
|    iterations           | 39           |
|    time_elapsed         | 1875         |
|    total_timesteps      | 958464       |
| train/                  |              |
|    approx_kl            | 0.0034450095 |
|    clip_fraction        | 0.0172       |
|    clip_range           | 0.2          |
|    entropy_loss         | -0.174       |
|    explained_variance   | 0.97         |
|    learning_rate        | 0.0003       |
|    loss                 | -0.0106      |
|    n_updates            | 190          |
|    policy_gradient_loss | 0.00078      |
|    value_loss           | 0.00152      |
------------------------------------------
------------------------------------------
| rollout/                |              |
|    ep_len_mean          | 50.4         |
|    ep_rew_mean          | 136          |
| time/                   |              |
|    fps                  | 510          |
|    iterations           | 40           |
|    time_elapsed         | 1924         |
|    total_timesteps      | 983040       |
| train/                  |              |
|    approx_kl            | 0.0020648255 |
|    clip_fraction        | 0.0245       |
|    clip_range           | 0.2          |
|    entropy_loss         | -0.186       |
|    explained_variance   | 0.963        |
|    learning_rate        | 0.0003       |
|    loss                 | -0.00577     |
|    n_updates            | 195          |
|    policy_gradient_loss | -0.00637     |
|    value_loss           | 0.0019       |
------------------------------------------
[Checkpoint] Saved at 1000000 steps > /home/runner/work/Disciples2-RL/Disciples2-RL/github_experiments/120/default/green_dragon/seed120-default-green_dragon-30088776385-1/checkpoints/campaign_ppo_step_1000000.zip
Eval num_timesteps=1000008, det_reward=135.82 +/- 0.01
Episode length: det=50.05 +/- 0.97
Victory rate: det=100.00%
-------------------------------------------------
| eval/                           |             |
|    deterministic_mean_ep_length | 50          |
|    deterministic_mean_reward    | 136         |
|    deterministic_victory_rate   | 1           |
|    mean_ep_length               | 50          |
|    mean_reward                  | 136         |
|    victory_rate                 | 1           |
| time/                           |             |
|    total_timesteps              | 1000008     |
| train/                          |             |
|    approx_kl                    | 0.003800146 |
|    clip_fraction                | 0.0144      |
|    clip_range                   | 0.2         |
|    entropy_loss                 | -0.163      |
|    explained_variance           | 0.982       |
|    learning_rate                | 0.0003      |
|    loss                         | -0.0131     |
|    n_updates                    | 200         |
|    policy_gradient_loss         | -0.00107    |
|    value_loss                   | 0.000977    |
-------------------------------------------------
New best model by deterministic victory rate!
---------------------------------
| rollout/           |          |
|    ep_len_mean     | 50       |
|    ep_rew_mean     | 135      |
| time/              |          |
|    fps             | 509      |
|    iterations      | 41       |
|    time_elapsed    | 1976     |
|    total_timesteps | 1007616  |
---------------------------------
VecNormalize stats saved: /home/runner/work/Disciples2-RL/Disciples2-RL/github_experiments/120/default/green_dragon/seed120-default-green_dragon-30088776385-1/models/vecnormalize.pkl

Финальная модель сохранена: /home/runner/work/Disciples2-RL/Disciples2-RL/github_experiments/120/default/green_dragon/seed120-default-green_dragon-30088776385-1/models/final_model.zip

============================================================
ИТОГИ ОБУЧЕНИЯ:
  Побед: 12652
  Поражений: 2
  Таймаутов: 30
  Побед бота столицы над врагами: 0
  Перестановок юнитов: 134052
  Терминальные поражения по противникам:
    enemy_75: 2 — Страж столицы Империи: Мизраэль
  Winrate: 99.7%
============================================================
  График призывов за эпизод: /home/runner/work/Disciples2-RL/Disciples2-RL/github_experiments/120/default/green_dragon/seed120-default-green_dragon-30088776385-1/plots/campaign_summoned_units_per_episode.png
  График призывов за всё обучение: /home/runner/work/Disciples2-RL/Disciples2-RL/github_experiments/120/default/green_dragon/seed120-default-green_dragon-30088776385-1/plots/campaign_summoned_units_cumulative.png
  График найма за эпизод: /home/runner/work/Disciples2-RL/Disciples2-RL/github_experiments/120/default/green_dragon/seed120-default-green_dragon-30088776385-1/plots/campaign_hired_units_per_episode.png
  График найма за всё обучение: /home/runner/work/Disciples2-RL/Disciples2-RL/github_experiments/120/default/green_dragon/seed120-default-green_dragon-30088776385-1/plots/campaign_hired_units_cumulative.png
  График перестановок юнитов за эпизод: /home/runner/work/Disciples2-RL/Disciples2-RL/github_experiments/120/default/green_dragon/seed120-default-green_dragon-30088776385-1/plots/campaign_unit_swaps_per_episode.png
  График боевых предметов: /home/runner/work/Disciples2-RL/Disciples2-RL/github_experiments/120/default/green_dragon/seed120-default-green_dragon-30088776385-1/plots/campaign_battle_item_activity.png
  График побед бота столицы за эпизод: /home/runner/work/Disciples2-RL/Disciples2-RL/github_experiments/120/default/green_dragon/seed120-default-green_dragon-30088776385-1/plots/campaign_scripted_bot_victories_per_episode.png
  График применения заклинаний: /home/runner/work/Disciples2-RL/Disciples2-RL/github_experiments/120/default/green_dragon/seed120-default-green_dragon-30088776385-1/plots/campaign_spell_cast_activity.png
