Проверка среды CampaignEnv...
Среда прошла проверку!
[INFO] Comet disabled, running without experiment tracking
Создание 12 параллельных сред (subproc)...
Инициализация MaskablePPO...
Using cpu device

============================================================
Запуск обучения Campaign Agent
Всего шагов: 1,000,000
Параллельных сред: 12
VecEnv: subproc
VecEnv start method: forkserver
Seed: 119
Checkpoint каждые: 500,000 шагов
Evaluation каждые: 83,334 шагов
Eval deterministic эпизодов: 20
Eval stochastic эпизодов: 0
Eval лимит шагов на эпизод: 5000
Campaign map: default
Campaign objective: full_party
System resources at training start:
  Platform: Linux 6.17.0-1020-azure (x86_64)
  Python: 3.14.6
  PyTorch: 2.13.0+cpu
  Training device: cpu
  CPU model: AMD EPYC 9V74 80-Core Processor
  CPU vendor: AuthenticAMD
  Logical CPUs visible: 4
  Process CPU affinity: 4
  Sockets: 1
  Cores per socket: 2
  Threads per core: 2
  CPU max MHz: unknown
  CPU min MHz: unknown
  L1d cache: 64 KiB (2 instances)
  L1i cache: 64 KiB (2 instances)
  L2 cache: 2 MiB (2 instances)
  L3 cache: 32 MiB (1 instance)
  Virtualization: AMD-V
  Hypervisor: Microsoft
  RAM total: 15.61 GiB
  RAM available at start: 13.91 GiB
  Disk total: 144.26 GiB
  Disk free at start: 84.04 GiB
  Torch intra-op threads: 4
  Torch inter-op threads: 2
  OMP_NUM_THREADS: 4
  MKL_NUM_THREADS: 4
  OPENBLAS_NUM_THREADS: 4
  GitHub runner OS: Linux
  GitHub runner architecture: X64
  GitHub runner environment: github-hosted
PPO n_steps: 2,048
PPO batch_size: 512
PPO n_epochs: 5
PPO learning_rate: 0.0003
PPO clip_range: 0.2
PPO ent_coef: 0.01
PPO gamma: 0.995
PPO gae_lambda: 0.95
PPO target_kl: disabled
PPO gradient batches per rollout: 240
VecCheckNan: disabled
Freeze action layout: enabled
Empire territory: enabled
Torch threads per process: 4
Diagnostics: disabled
Wall-clock training limit: disabled
Run ID: seed119-default-full_party-29863269188-1
============================================================

Logging to /home/runner/work/Disciples2-RL/Disciples2-RL/github_experiments/119/default/full_party/seed119-default-full_party-29863269188-1/tensorboard/MaskablePPO_1
------------------------------
| time/              |       |
|    fps             | 381   |
|    iterations      | 1     |
|    time_elapsed    | 64    |
|    total_timesteps | 24576 |
------------------------------
-----------------------------------------
| time/                   |             |
|    fps                  | 363         |
|    iterations           | 2           |
|    time_elapsed         | 135         |
|    total_timesteps      | 49152       |
| train/                  |             |
|    approx_kl            | 0.011747186 |
|    clip_fraction        | 0.0745      |
|    clip_range           | 0.2         |
|    entropy_loss         | -2.25       |
|    explained_variance   | -0.0833     |
|    learning_rate        | 0.0003      |
|    loss                 | -0.00441    |
|    n_updates            | 5           |
|    policy_gradient_loss | -0.00671    |
|    value_loss           | 0.102       |
-----------------------------------------
-----------------------------------------
| rollout/                |             |
|    ep_len_mean          | 5e+03       |
|    ep_rew_mean          | 16.2        |
| time/                   |             |
|    fps                  | 351         |
|    iterations           | 3           |
|    time_elapsed         | 209         |
|    total_timesteps      | 73728       |
| train/                  |             |
|    approx_kl            | 0.009375111 |
|    clip_fraction        | 0.064       |
|    clip_range           | 0.2         |
|    entropy_loss         | -2.16       |
|    explained_variance   | 0.414       |
|    learning_rate        | 0.0003      |
|    loss                 | -0.00893    |
|    n_updates            | 10          |
|    policy_gradient_loss | -0.00549    |
|    value_loss           | 0.0283      |
-----------------------------------------
-----------------------------------------
| rollout/                |             |
|    ep_len_mean          | 5e+03       |
|    ep_rew_mean          | 16.2        |
| time/                   |             |
|    fps                  | 349         |
|    iterations           | 4           |
|    time_elapsed         | 281         |
|    total_timesteps      | 98304       |
| train/                  |             |
|    approx_kl            | 0.009583528 |
|    clip_fraction        | 0.0905      |
|    clip_range           | 0.2         |
|    entropy_loss         | -2.19       |
|    explained_variance   | 0.725       |
|    learning_rate        | 0.0003      |
|    loss                 | -0.0155     |
|    n_updates            | 15          |
|    policy_gradient_loss | -0.00799    |
|    value_loss           | 0.0449      |
-----------------------------------------
-----------------------------------------
| rollout/                |             |
|    ep_len_mean          | 4.93e+03    |
|    ep_rew_mean          | 1.83        |
| time/                   |             |
|    fps                  | 350         |
|    iterations           | 5           |
|    time_elapsed         | 350         |
|    total_timesteps      | 122880      |
| train/                  |             |
|    approx_kl            | 0.010036435 |
|    clip_fraction        | 0.103       |
|    clip_range           | 0.2         |
|    entropy_loss         | -2.15       |
|    explained_variance   | 0.489       |
|    learning_rate        | 0.0003      |
|    loss                 | -0.0257     |
|    n_updates            | 20          |
|    policy_gradient_loss | -0.0076     |
|    value_loss           | 0.0221      |
-----------------------------------------
-----------------------------------------
| rollout/                |             |
|    ep_len_mean          | 4.67e+03    |
|    ep_rew_mean          | 9.23        |
| time/                   |             |
|    fps                  | 346         |
|    iterations           | 6           |
|    time_elapsed         | 425         |
|    total_timesteps      | 147456      |
| train/                  |             |
|    approx_kl            | 0.009248088 |
|    clip_fraction        | 0.0883      |
|    clip_range           | 0.2         |
|    entropy_loss         | -2.14       |
|    explained_variance   | 0.908       |
|    learning_rate        | 0.0003      |
|    loss                 | -0.0325     |
|    n_updates            | 25          |
|    policy_gradient_loss | -0.00684    |
|    value_loss           | 0.0172      |
-----------------------------------------
-----------------------------------------
| rollout/                |             |
|    ep_len_mean          | 4.67e+03    |
|    ep_rew_mean          | 9.23        |
| time/                   |             |
|    fps                  | 345         |
|    iterations           | 7           |
|    time_elapsed         | 498         |
|    total_timesteps      | 172032      |
| train/                  |             |
|    approx_kl            | 0.009403762 |
|    clip_fraction        | 0.0655      |
|    clip_range           | 0.2         |
|    entropy_loss         | -2.16       |
|    explained_variance   | 0.673       |
|    learning_rate        | 0.0003      |
|    loss                 | -0.0108     |
|    n_updates            | 30          |
|    policy_gradient_loss | -0.00652    |
|    value_loss           | 0.0403      |
-----------------------------------------
-----------------------------------------
| rollout/                |             |
|    ep_len_mean          | 4.76e+03    |
|    ep_rew_mean          | 12.5        |
| time/                   |             |
|    fps                  | 345         |
|    iterations           | 8           |
|    time_elapsed         | 569         |
|    total_timesteps      | 196608      |
| train/                  |             |
|    approx_kl            | 0.010126649 |
|    clip_fraction        | 0.118       |
|    clip_range           | 0.2         |
|    entropy_loss         | -2.1        |
|    explained_variance   | 0.634       |
|    learning_rate        | 0.0003      |
|    loss                 | -0.0233     |
|    n_updates            | 35          |
|    policy_gradient_loss | -0.00704    |
|    value_loss           | 0.0117      |
-----------------------------------------
----------------------------------------
| rollout/                |            |
|    ep_len_mean          | 4.77e+03   |
|    ep_rew_mean          | 13.4       |
| time/                   |            |
|    fps                  | 345        |
|    iterations           | 9          |
|    time_elapsed         | 641        |
|    total_timesteps      | 221184     |
| train/                  |            |
|    approx_kl            | 0.00885687 |
|    clip_fraction        | 0.0765     |
|    clip_range           | 0.2        |
|    entropy_loss         | -2.12      |
|    explained_variance   | 0.879      |
|    learning_rate        | 0.0003     |
|    loss                 | -0.0204    |
|    n_updates            | 40         |
|    policy_gradient_loss | -0.00744   |
|    value_loss           | 0.0308     |
----------------------------------------
-----------------------------------------
| rollout/                |             |
|    ep_len_mean          | 4.81e+03    |
|    ep_rew_mean          | 27.9        |
| time/                   |             |
|    fps                  | 346         |
|    iterations           | 10          |
|    time_elapsed         | 709         |
|    total_timesteps      | 245760      |
| train/                  |             |
|    approx_kl            | 0.007501262 |
|    clip_fraction        | 0.0653      |
|    clip_range           | 0.2         |
|    entropy_loss         | -2.08       |
|    explained_variance   | 0.722       |
|    learning_rate        | 0.0003      |
|    loss                 | -0.00904    |
|    n_updates            | 45          |
|    policy_gradient_loss | -0.00605    |
|    value_loss           | 0.0302      |
-----------------------------------------
-----------------------------------------
| rollout/                |             |
|    ep_len_mean          | 4.82e+03    |
|    ep_rew_mean          | 29.4        |
| time/                   |             |
|    fps                  | 344         |
|    iterations           | 11          |
|    time_elapsed         | 783         |
|    total_timesteps      | 270336      |
| train/                  |             |
|    approx_kl            | 0.008700936 |
|    clip_fraction        | 0.0778      |
|    clip_range           | 0.2         |
|    entropy_loss         | -1.98       |
|    explained_variance   | 0.938       |
|    learning_rate        | 0.0003      |
|    loss                 | -0.0267     |
|    n_updates            | 50          |
|    policy_gradient_loss | -0.008      |
|    value_loss           | 0.022       |
-----------------------------------------
------------------------------------------
| rollout/                |              |
|    ep_len_mean          | 4.8e+03      |
|    ep_rew_mean          | 28.5         |
| time/                   |              |
|    fps                  | 344          |
|    iterations           | 12           |
|    time_elapsed         | 855          |
|    total_timesteps      | 294912       |
| train/                  |              |
|    approx_kl            | 0.0092835985 |
|    clip_fraction        | 0.0852       |
|    clip_range           | 0.2          |
|    entropy_loss         | -2.09        |
|    explained_variance   | 0.825        |
|    learning_rate        | 0.0003       |
|    loss                 | -0.0179      |
|    n_updates            | 55           |
|    policy_gradient_loss | -0.00649     |
|    value_loss           | 0.022        |
------------------------------------------
-----------------------------------------
| rollout/                |             |
|    ep_len_mean          | 4.71e+03    |
|    ep_rew_mean          | 31.2        |
| time/                   |             |
|    fps                  | 343         |
|    iterations           | 13          |
|    time_elapsed         | 929         |
|    total_timesteps      | 319488      |
| train/                  |             |
|    approx_kl            | 0.009740267 |
|    clip_fraction        | 0.0985      |
|    clip_range           | 0.2         |
|    entropy_loss         | -2          |
|    explained_variance   | 0.864       |
|    learning_rate        | 0.0003      |
|    loss                 | -0.0235     |
|    n_updates            | 60          |
|    policy_gradient_loss | -0.00747    |
|    value_loss           | 0.00968     |
-----------------------------------------
-----------------------------------------
| rollout/                |             |
|    ep_len_mean          | 4.67e+03    |
|    ep_rew_mean          | 30.3        |
| time/                   |             |
|    fps                  | 343         |
|    iterations           | 14          |
|    time_elapsed         | 1001        |
|    total_timesteps      | 344064      |
| train/                  |             |
|    approx_kl            | 0.008166719 |
|    clip_fraction        | 0.0667      |
|    clip_range           | 0.2         |
|    entropy_loss         | -2.05       |
|    explained_variance   | 0.932       |
|    learning_rate        | 0.0003      |
|    loss                 | -0.013      |
|    n_updates            | 65          |
|    policy_gradient_loss | -0.00626    |
|    value_loss           | 0.0265      |
-----------------------------------------
-----------------------------------------
| rollout/                |             |
|    ep_len_mean          | 4.59e+03    |
|    ep_rew_mean          | 34.4        |
| time/                   |             |
|    fps                  | 342         |
|    iterations           | 15          |
|    time_elapsed         | 1075        |
|    total_timesteps      | 368640      |
| train/                  |             |
|    approx_kl            | 0.008741497 |
|    clip_fraction        | 0.0889      |
|    clip_range           | 0.2         |
|    entropy_loss         | -1.99       |
|    explained_variance   | 0.901       |
|    learning_rate        | 0.0003      |
|    loss                 | -0.0304     |
|    n_updates            | 70          |
|    policy_gradient_loss | -0.00643    |
|    value_loss           | 0.015       |
-----------------------------------------
------------------------------------------
| rollout/                |              |
|    ep_len_mean          | 4.58e+03     |
|    ep_rew_mean          | 39.3         |
| time/                   |              |
|    fps                  | 342          |
|    iterations           | 16           |
|    time_elapsed         | 1148         |
|    total_timesteps      | 393216       |
| train/                  |              |
|    approx_kl            | 0.0075364583 |
|    clip_fraction        | 0.068        |
|    clip_range           | 0.2          |
|    entropy_loss         | -2.05        |
|    explained_variance   | 0.955        |
|    learning_rate        | 0.0003       |
|    loss                 | -0.0225      |
|    n_updates            | 75           |
|    policy_gradient_loss | -0.00654     |
|    value_loss           | 0.02         |
------------------------------------------
-----------------------------------------
| rollout/                |             |
|    ep_len_mean          | 4.56e+03    |
|    ep_rew_mean          | 46          |
| time/                   |             |
|    fps                  | 342         |
|    iterations           | 17          |
|    time_elapsed         | 1218        |
|    total_timesteps      | 417792      |
| train/                  |             |
|    approx_kl            | 0.007587003 |
|    clip_fraction        | 0.0688      |
|    clip_range           | 0.2         |
|    entropy_loss         | -2.03       |
|    explained_variance   | 0.883       |
|    learning_rate        | 0.0003      |
|    loss                 | -0.00896    |
|    n_updates            | 80          |
|    policy_gradient_loss | -0.00546    |
|    value_loss           | 0.0283      |
-----------------------------------------
------------------------------------------
| rollout/                |              |
|    ep_len_mean          | 4.59e+03     |
|    ep_rew_mean          | 51.6         |
| time/                   |              |
|    fps                  | 343          |
|    iterations           | 18           |
|    time_elapsed         | 1287         |
|    total_timesteps      | 442368       |
| train/                  |              |
|    approx_kl            | 0.0075658024 |
|    clip_fraction        | 0.0699       |
|    clip_range           | 0.2          |
|    entropy_loss         | -2.02        |
|    explained_variance   | 0.898        |
|    learning_rate        | 0.0003       |
|    loss                 | -0.00972     |
|    n_updates            | 85           |
|    policy_gradient_loss | -0.00573     |
|    value_loss           | 0.0248       |
------------------------------------------
-----------------------------------------
| rollout/                |             |
|    ep_len_mean          | 4.6e+03     |
|    ep_rew_mean          | 53          |
| time/                   |             |
|    fps                  | 344         |
|    iterations           | 19          |
|    time_elapsed         | 1354        |
|    total_timesteps      | 466944      |
| train/                  |             |
|    approx_kl            | 0.008834381 |
|    clip_fraction        | 0.0853      |
|    clip_range           | 0.2         |
|    entropy_loss         | -1.96       |
|    explained_variance   | 0.947       |
|    learning_rate        | 0.0003      |
|    loss                 | -0.0206     |
|    n_updates            | 90          |
|    policy_gradient_loss | -0.00678    |
|    value_loss           | 0.0223      |
-----------------------------------------
-----------------------------------------
| rollout/                |             |
|    ep_len_mean          | 4.58e+03    |
|    ep_rew_mean          | 55.5        |
| time/                   |             |
|    fps                  | 346         |
|    iterations           | 20          |
|    time_elapsed         | 1420        |
|    total_timesteps      | 491520      |
| train/                  |             |
|    approx_kl            | 0.007882831 |
|    clip_fraction        | 0.081       |
|    clip_range           | 0.2         |
|    entropy_loss         | -1.96       |
|    explained_variance   | 0.921       |
|    learning_rate        | 0.0003      |
|    loss                 | -0.0163     |
|    n_updates            | 95          |
|    policy_gradient_loss | -0.00504    |
|    value_loss           | 0.0144      |
-----------------------------------------
[Checkpoint] Saved at 500000 steps > /home/runner/work/Disciples2-RL/Disciples2-RL/github_experiments/119/default/full_party/seed119-default-full_party-29863269188-1/checkpoints/campaign_ppo_step_500000.zip
-----------------------------------------
| rollout/                |             |
|    ep_len_mean          | 4.58e+03    |
|    ep_rew_mean          | 59.5        |
| time/                   |             |
|    fps                  | 346         |
|    iterations           | 21          |
|    time_elapsed         | 1487        |
|    total_timesteps      | 516096      |
| train/                  |             |
|    approx_kl            | 0.006940229 |
|    clip_fraction        | 0.0636      |
|    clip_range           | 0.2         |
|    entropy_loss         | -1.91       |
|    explained_variance   | 0.951       |
|    learning_rate        | 0.0003      |
|    loss                 | -0.0227     |
|    n_updates            | 100         |
|    policy_gradient_loss | -0.00533    |
|    value_loss           | 0.017       |
-----------------------------------------
----------------------------------------
| rollout/                |            |
|    ep_len_mean          | 4.57e+03   |
|    ep_rew_mean          | 63.8       |
| time/                   |            |
|    fps                  | 348        |
|    iterations           | 22         |
|    time_elapsed         | 1552       |
|    total_timesteps      | 540672     |
| train/                  |            |
|    approx_kl            | 0.00772305 |
|    clip_fraction        | 0.0671     |
|    clip_range           | 0.2        |
|    entropy_loss         | -2.01      |
|    explained_variance   | 0.93       |
|    learning_rate        | 0.0003     |
|    loss                 | -0.0117    |
|    n_updates            | 105        |
|    policy_gradient_loss | -0.00561   |
|    value_loss           | 0.0218     |
----------------------------------------
------------------------------------------
| rollout/                |              |
|    ep_len_mean          | 4.54e+03     |
|    ep_rew_mean          | 70           |
| time/                   |              |
|    fps                  | 349          |
|    iterations           | 23           |
|    time_elapsed         | 1615         |
|    total_timesteps      | 565248       |
| train/                  |              |
|    approx_kl            | 0.0081807105 |
|    clip_fraction        | 0.0838       |
|    clip_range           | 0.2          |
|    entropy_loss         | -1.9         |
|    explained_variance   | 0.952        |
|    learning_rate        | 0.0003       |
|    loss                 | -0.0143      |
|    n_updates            | 110          |
|    policy_gradient_loss | -0.00512     |
|    value_loss           | 0.0166       |
------------------------------------------
------------------------------------------
| rollout/                |              |
|    ep_len_mean          | 4.48e+03     |
|    ep_rew_mean          | 78.2         |
| time/                   |              |
|    fps                  | 351          |
|    iterations           | 24           |
|    time_elapsed         | 1678         |
|    total_timesteps      | 589824       |
| train/                  |              |
|    approx_kl            | 0.0068220333 |
|    clip_fraction        | 0.0626       |
|    clip_range           | 0.2          |
|    entropy_loss         | -1.9         |
|    explained_variance   | 0.962        |
|    learning_rate        | 0.0003       |
|    loss                 | -0.0228      |
|    n_updates            | 115          |
|    policy_gradient_loss | -0.00579     |
|    value_loss           | 0.0189       |
------------------------------------------
-----------------------------------------
| rollout/                |             |
|    ep_len_mean          | 4.55e+03    |
|    ep_rew_mean          | 85.9        |
| time/                   |             |
|    fps                  | 352         |
|    iterations           | 25          |
|    time_elapsed         | 1741        |
|    total_timesteps      | 614400      |
| train/                  |             |
|    approx_kl            | 0.007783482 |
|    clip_fraction        | 0.0615      |
|    clip_range           | 0.2         |
|    entropy_loss         | -1.87       |
|    explained_variance   | 0.94        |
|    learning_rate        | 0.0003      |
|    loss                 | -0.0124     |
|    n_updates            | 120         |
|    policy_gradient_loss | -0.0055     |
|    value_loss           | 0.0182      |
-----------------------------------------
-----------------------------------------
| rollout/                |             |
|    ep_len_mean          | 4.46e+03    |
|    ep_rew_mean          | 90          |
| time/                   |             |
|    fps                  | 353         |
|    iterations           | 26          |
|    time_elapsed         | 1805        |
|    total_timesteps      | 638976      |
| train/                  |             |
|    approx_kl            | 0.007851143 |
|    clip_fraction        | 0.0764      |
|    clip_range           | 0.2         |
|    entropy_loss         | -1.85       |
|    explained_variance   | 0.967       |
|    learning_rate        | 0.0003      |
|    loss                 | -0.029      |
|    n_updates            | 125         |
|    policy_gradient_loss | -0.00552    |
|    value_loss           | 0.0158      |
-----------------------------------------
-----------------------------------------
| rollout/                |             |
|    ep_len_mean          | 4.46e+03    |
|    ep_rew_mean          | 93.9        |
| time/                   |             |
|    fps                  | 355         |
|    iterations           | 27          |
|    time_elapsed         | 1867        |
|    total_timesteps      | 663552      |
| train/                  |             |
|    approx_kl            | 0.006424504 |
|    clip_fraction        | 0.0527      |
|    clip_range           | 0.2         |
|    entropy_loss         | -1.82       |
|    explained_variance   | 0.955       |
|    learning_rate        | 0.0003      |
|    loss                 | -0.017      |
|    n_updates            | 130         |
|    policy_gradient_loss | -0.00481    |
|    value_loss           | 0.0223      |
-----------------------------------------
-----------------------------------------
| rollout/                |             |
|    ep_len_mean          | 4.44e+03    |
|    ep_rew_mean          | 99          |
| time/                   |             |
|    fps                  | 356         |
|    iterations           | 28          |
|    time_elapsed         | 1930        |
|    total_timesteps      | 688128      |
| train/                  |             |
|    approx_kl            | 0.006915068 |
|    clip_fraction        | 0.0675      |
|    clip_range           | 0.2         |
|    entropy_loss         | -1.78       |
|    explained_variance   | 0.956       |
|    learning_rate        | 0.0003      |
|    loss                 | -0.0103     |
|    n_updates            | 135         |
|    policy_gradient_loss | -0.00382    |
|    value_loss           | 0.0185      |
-----------------------------------------
-----------------------------------------
| rollout/                |             |
|    ep_len_mean          | 4.39e+03    |
|    ep_rew_mean          | 107         |
| time/                   |             |
|    fps                  | 357         |
|    iterations           | 29          |
|    time_elapsed         | 1993        |
|    total_timesteps      | 712704      |
| train/                  |             |
|    approx_kl            | 0.007665793 |
|    clip_fraction        | 0.0746      |
|    clip_range           | 0.2         |
|    entropy_loss         | -1.85       |
|    explained_variance   | 0.955       |
|    learning_rate        | 0.0003      |
|    loss                 | -0.0216     |
|    n_updates            | 140         |
|    policy_gradient_loss | -0.00615    |
|    value_loss           | 0.0246      |
-----------------------------------------
------------------------------------------
| rollout/                |              |
|    ep_len_mean          | 4.39e+03     |
|    ep_rew_mean          | 112          |
| time/                   |              |
|    fps                  | 358          |
|    iterations           | 30           |
|    time_elapsed         | 2058         |
|    total_timesteps      | 737280       |
| train/                  |              |
|    approx_kl            | 0.0076226625 |
|    clip_fraction        | 0.086        |
|    clip_range           | 0.2          |
|    entropy_loss         | -1.86        |
|    explained_variance   | 0.966        |
|    learning_rate        | 0.0003       |
|    loss                 | -0.0219      |
|    n_updates            | 145          |
|    policy_gradient_loss | -0.00565     |
|    value_loss           | 0.0177       |
------------------------------------------
------------------------------------------
| rollout/                |              |
|    ep_len_mean          | 4.39e+03     |
|    ep_rew_mean          | 115          |
| time/                   |              |
|    fps                  | 359          |
|    iterations           | 31           |
|    time_elapsed         | 2120         |
|    total_timesteps      | 761856       |
| train/                  |              |
|    approx_kl            | 0.0072796172 |
|    clip_fraction        | 0.0584       |
|    clip_range           | 0.2          |
|    entropy_loss         | -1.87        |
|    explained_variance   | 0.962        |
|    learning_rate        | 0.0003       |
|    loss                 | -0.00844     |
|    n_updates            | 150          |
|    policy_gradient_loss | -0.00469     |
|    value_loss           | 0.018        |
------------------------------------------
-----------------------------------------
| rollout/                |             |
|    ep_len_mean          | 4.47e+03    |
|    ep_rew_mean          | 124         |
| time/                   |             |
|    fps                  | 360         |
|    iterations           | 32          |
|    time_elapsed         | 2184        |
|    total_timesteps      | 786432      |
| train/                  |             |
|    approx_kl            | 0.006366922 |
|    clip_fraction        | 0.0567      |
|    clip_range           | 0.2         |
|    entropy_loss         | -1.78       |
|    explained_variance   | 0.953       |
|    learning_rate        | 0.0003      |
|    loss                 | -0.0102     |
|    n_updates            | 155         |
|    policy_gradient_loss | -0.00367    |
|    value_loss           | 0.0164      |
-----------------------------------------
-----------------------------------------
| rollout/                |             |
|    ep_len_mean          | 4.43e+03    |
|    ep_rew_mean          | 129         |
| time/                   |             |
|    fps                  | 360         |
|    iterations           | 33          |
|    time_elapsed         | 2246        |
|    total_timesteps      | 811008      |
| train/                  |             |
|    approx_kl            | 0.007030338 |
|    clip_fraction        | 0.0638      |
|    clip_range           | 0.2         |
|    entropy_loss         | -1.76       |
|    explained_variance   | 0.974       |
|    learning_rate        | 0.0003      |
|    loss                 | -0.0227     |
|    n_updates            | 160         |
|    policy_gradient_loss | -0.00522    |
|    value_loss           | 0.0172      |
-----------------------------------------
-----------------------------------------
| rollout/                |             |
|    ep_len_mean          | 4.54e+03    |
|    ep_rew_mean          | 126         |
| time/                   |             |
|    fps                  | 362         |
|    iterations           | 34          |
|    time_elapsed         | 2307        |
|    total_timesteps      | 835584      |
| train/                  |             |
|    approx_kl            | 0.007527606 |
|    clip_fraction        | 0.0615      |
|    clip_range           | 0.2         |
|    entropy_loss         | -1.67       |
|    explained_variance   | 0.964       |
|    learning_rate        | 0.0003      |
|    loss                 | -0.0148     |
|    n_updates            | 165         |
|    policy_gradient_loss | -0.0046     |
|    value_loss           | 0.016       |
-----------------------------------------
------------------------------------------
| rollout/                |              |
|    ep_len_mean          | 4.57e+03     |
|    ep_rew_mean          | 122          |
| time/                   |              |
|    fps                  | 363          |
|    iterations           | 35           |
|    time_elapsed         | 2368         |
|    total_timesteps      | 860160       |
| train/                  |              |
|    approx_kl            | 0.0065072193 |
|    clip_fraction        | 0.053        |
|    clip_range           | 0.2          |
|    entropy_loss         | -1.63        |
|    explained_variance   | 0.978        |
|    learning_rate        | 0.0003       |
|    loss                 | -0.0167      |
|    n_updates            | 170          |
|    policy_gradient_loss | -0.00468     |
|    value_loss           | 0.0124       |
------------------------------------------
-----------------------------------------
| rollout/                |             |
|    ep_len_mean          | 4.58e+03    |
|    ep_rew_mean          | 121         |
| time/                   |             |
|    fps                  | 364         |
|    iterations           | 36          |
|    time_elapsed         | 2429        |
|    total_timesteps      | 884736      |
| train/                  |             |
|    approx_kl            | 0.005160862 |
|    clip_fraction        | 0.0504      |
|    clip_range           | 0.2         |
|    entropy_loss         | -1.67       |
|    explained_variance   | 0.965       |
|    learning_rate        | 0.0003      |
|    loss                 | -0.0131     |
|    n_updates            | 175         |
|    policy_gradient_loss | -0.00405    |
|    value_loss           | 0.0152      |
-----------------------------------------
-----------------------------------------
| rollout/                |             |
|    ep_len_mean          | 4.58e+03    |
|    ep_rew_mean          | 124         |
| time/                   |             |
|    fps                  | 364         |
|    iterations           | 37          |
|    time_elapsed         | 2491        |
|    total_timesteps      | 909312      |
| train/                  |             |
|    approx_kl            | 0.007841497 |
|    clip_fraction        | 0.0631      |
|    clip_range           | 0.2         |
|    entropy_loss         | -1.71       |
|    explained_variance   | 0.972       |
|    learning_rate        | 0.0003      |
|    loss                 | -0.023      |
|    n_updates            | 180         |
|    policy_gradient_loss | -0.00437    |
|    value_loss           | 0.0113      |
-----------------------------------------
------------------------------------------
| rollout/                |              |
|    ep_len_mean          | 4.57e+03     |
|    ep_rew_mean          | 128          |
| time/                   |              |
|    fps                  | 365          |
|    iterations           | 38           |
|    time_elapsed         | 2553         |
|    total_timesteps      | 933888       |
| train/                  |              |
|    approx_kl            | 0.0082883425 |
|    clip_fraction        | 0.0837       |
|    clip_range           | 0.2          |
|    entropy_loss         | -1.85        |
|    explained_variance   | 0.975        |
|    learning_rate        | 0.0003       |
|    loss                 | -0.0192      |
|    n_updates            | 185          |
|    policy_gradient_loss | -0.00408     |
|    value_loss           | 0.0155       |
------------------------------------------
------------------------------------------
| rollout/                |              |
|    ep_len_mean          | 4.62e+03     |
|    ep_rew_mean          | 131          |
| time/                   |              |
|    fps                  | 366          |
|    iterations           | 39           |
|    time_elapsed         | 2615         |
|    total_timesteps      | 958464       |
| train/                  |              |
|    approx_kl            | 0.0066876113 |
|    clip_fraction        | 0.0645       |
|    clip_range           | 0.2          |
|    entropy_loss         | -1.74        |
|    explained_variance   | 0.967        |
|    learning_rate        | 0.0003       |
|    loss                 | -0.0116      |
|    n_updates            | 190          |
|    policy_gradient_loss | -0.004       |
|    value_loss           | 0.0155       |
------------------------------------------
------------------------------------------
| rollout/                |              |
|    ep_len_mean          | 4.63e+03     |
|    ep_rew_mean          | 131          |
| time/                   |              |
|    fps                  | 367          |
|    iterations           | 40           |
|    time_elapsed         | 2677         |
|    total_timesteps      | 983040       |
| train/                  |              |
|    approx_kl            | 0.0063015684 |
|    clip_fraction        | 0.0685       |
|    clip_range           | 0.2          |
|    entropy_loss         | -1.7         |
|    explained_variance   | 0.974        |
|    learning_rate        | 0.0003       |
|    loss                 | -0.0147      |
|    n_updates            | 195          |
|    policy_gradient_loss | -0.0039      |
|    value_loss           | 0.0146       |
------------------------------------------
[Checkpoint] Saved at 1000000 steps > /home/runner/work/Disciples2-RL/Disciples2-RL/github_experiments/119/default/full_party/seed119-default-full_party-29863269188-1/checkpoints/campaign_ppo_step_1000000.zip
Eval num_timesteps=1000008, det_reward=-196.67 +/- 0.21
Episode length: det=4578.90 +/- 20.76
Victory rate: det=0.00%
--------------------------------------------------
| eval/                           |              |
|    deterministic_mean_ep_length | 4.58e+03     |
|    deterministic_mean_reward    | -197         |
|    deterministic_victory_rate   | 0            |
|    mean_ep_length               | 4.58e+03     |
|    mean_reward                  | -197         |
|    victory_rate                 | 0            |
| time/                           |              |
|    total_timesteps              | 1000008      |
| train/                          |              |
|    approx_kl                    | 0.0068837684 |
|    clip_fraction                | 0.0596       |
|    clip_range                   | 0.2          |
|    entropy_loss                 | -1.74        |
|    explained_variance           | 0.969        |
|    learning_rate                | 0.0003       |
|    loss                         | -0.0194      |
|    n_updates                    | 200          |
|    policy_gradient_loss         | -0.00472     |
|    value_loss                   | 0.0182       |
--------------------------------------------------
New best model by deterministic victory rate!
---------------------------------
| rollout/           |          |
|    ep_len_mean     | 4.63e+03 |
|    ep_rew_mean     | 133      |
| time/              |          |
|    fps             | 323      |
|    iterations      | 41       |
|    time_elapsed    | 3110     |
|    total_timesteps | 1007616  |
---------------------------------
VecNormalize stats saved: /home/runner/work/Disciples2-RL/Disciples2-RL/github_experiments/119/default/full_party/seed119-default-full_party-29863269188-1/models/vecnormalize.pkl

Финальная модель сохранена: /home/runner/work/Disciples2-RL/Disciples2-RL/github_experiments/119/default/full_party/seed119-default-full_party-29863269188-1/models/final_model.zip

============================================================
ИТОГИ ОБУЧЕНИЯ:
  Побед: 0
  Поражений: 24
  Таймаутов: 29
  Побед бота столицы над врагами: 0
  Перестановок юнитов: 219056
  Терминальные поражения по противникам:
    enemy_75: 24 — Страж столицы Империи: Мизраэль
  Winrate: 0.0%
============================================================
  График призывов за эпизод: /home/runner/work/Disciples2-RL/Disciples2-RL/github_experiments/119/default/full_party/seed119-default-full_party-29863269188-1/plots/campaign_summoned_units_per_episode.png
  График призывов за всё обучение: /home/runner/work/Disciples2-RL/Disciples2-RL/github_experiments/119/default/full_party/seed119-default-full_party-29863269188-1/plots/campaign_summoned_units_cumulative.png
  График найма за эпизод: /home/runner/work/Disciples2-RL/Disciples2-RL/github_experiments/119/default/full_party/seed119-default-full_party-29863269188-1/plots/campaign_hired_units_per_episode.png
  График найма за всё обучение: /home/runner/work/Disciples2-RL/Disciples2-RL/github_experiments/119/default/full_party/seed119-default-full_party-29863269188-1/plots/campaign_hired_units_cumulative.png
  График перестановок юнитов за эпизод: /home/runner/work/Disciples2-RL/Disciples2-RL/github_experiments/119/default/full_party/seed119-default-full_party-29863269188-1/plots/campaign_unit_swaps_per_episode.png
  График боевых предметов: /home/runner/work/Disciples2-RL/Disciples2-RL/github_experiments/119/default/full_party/seed119-default-full_party-29863269188-1/plots/campaign_battle_item_activity.png
  График побед бота столицы за эпизод: /home/runner/work/Disciples2-RL/Disciples2-RL/github_experiments/119/default/full_party/seed119-default-full_party-29863269188-1/plots/campaign_scripted_bot_victories_per_episode.png
  График применения заклинаний: /home/runner/work/Disciples2-RL/Disciples2-RL/github_experiments/119/default/full_party/seed119-default-full_party-29863269188-1/plots/campaign_spell_cast_activity.png
