Проверка среды CampaignEnv...
Среда прошла проверку!
[INFO] Comet disabled, running without experiment tracking
Создание 12 параллельных сред (subproc)...
Инициализация MaskablePPO...
Using cpu device

============================================================
Запуск обучения Campaign Agent
Всего шагов: 1,000,000
Параллельных сред: 12
VecEnv: subproc
VecEnv start method: forkserver
Seed: 101
Checkpoint каждые: 500,000 шагов
Evaluation каждые: 83,334 шагов
Eval deterministic эпизодов: 20
Eval stochastic эпизодов: 0
Eval лимит шагов на эпизод: 5000
Campaign objective: dragon
System resources at training start:
  Platform: Linux 6.17.0-1018-azure (x86_64)
  Python: 3.14.6
  PyTorch: 2.12.1+cpu
  Training device: cpu
  CPU model: INTEL(R) XEON(R) PLATINUM 8573C
  CPU vendor: GenuineIntel
  Logical CPUs visible: 4
  Process CPU affinity: 4
  Sockets: 1
  Cores per socket: 2
  Threads per core: 2
  CPU max MHz: 2300.0000
  CPU min MHz: 800.0000
  L1d cache: 96 KiB (2 instances)
  L1i cache: 64 KiB (2 instances)
  L2 cache: 4 MiB (2 instances)
  L3 cache: 260 MiB (1 instance)
  Virtualization: VT-x
  Hypervisor: Microsoft
  RAM total: 15.61 GiB
  RAM available at start: 13.90 GiB
  Disk total: 144.26 GiB
  Disk free at start: 86.66 GiB
  Torch intra-op threads: 4
  Torch inter-op threads: 2
  OMP_NUM_THREADS: 4
  MKL_NUM_THREADS: 4
  OPENBLAS_NUM_THREADS: 4
  GitHub runner OS: Linux
  GitHub runner architecture: X64
  GitHub runner environment: github-hosted
PPO n_steps: 2,048
PPO batch_size: 512
PPO n_epochs: 5
PPO learning_rate: 0.0003
PPO clip_range: 0.2
PPO ent_coef: 0.01
PPO gamma: 0.995
PPO gae_lambda: 0.95
PPO target_kl: disabled
PPO gradient batches per rollout: 240
VecCheckNan: disabled
Freeze action layout: enabled
Empire territory: enabled
Torch threads per process: 4
Diagnostics: disabled
Wall-clock training limit: disabled
Run ID: seed101-green_dragon-29173326149-1
============================================================

Logging to /home/runner/work/Disciples2-RL/Disciples2-RL/github_experiments/101/green_dragon/seed101-green_dragon-29173326149-1/tensorboard/MaskablePPO_1
---------------------------------
| rollout/           |          |
|    ep_len_mean     | 249      |
|    ep_rew_mean     | 2.98     |
| time/              |          |
|    fps             | 495      |
|    iterations      | 1        |
|    time_elapsed    | 49       |
|    total_timesteps | 24576    |
---------------------------------
------------------------------------------
| rollout/                |              |
|    ep_len_mean          | 333          |
|    ep_rew_mean          | 0.895        |
| time/                   |              |
|    fps                  | 467          |
|    iterations           | 2            |
|    time_elapsed         | 105          |
|    total_timesteps      | 49152        |
| train/                  |              |
|    approx_kl            | 0.0105820745 |
|    clip_fraction        | 0.0937       |
|    clip_range           | 0.2          |
|    entropy_loss         | -2.2         |
|    explained_variance   | -0.0666      |
|    learning_rate        | 0.0003       |
|    loss                 | 0.0765       |
|    n_updates            | 5            |
|    policy_gradient_loss | -0.00634     |
|    value_loss           | 0.28         |
------------------------------------------
-----------------------------------------
| rollout/                |             |
|    ep_len_mean          | 466         |
|    ep_rew_mean          | -1.96       |
| time/                   |             |
|    fps                  | 457         |
|    iterations           | 3           |
|    time_elapsed         | 161         |
|    total_timesteps      | 73728       |
| train/                  |             |
|    approx_kl            | 0.008147557 |
|    clip_fraction        | 0.0794      |
|    clip_range           | 0.2         |
|    entropy_loss         | -2.23       |
|    explained_variance   | 0.582       |
|    learning_rate        | 0.0003      |
|    loss                 | -0.0049     |
|    n_updates            | 10          |
|    policy_gradient_loss | -0.00696    |
|    value_loss           | 0.0786      |
-----------------------------------------
-----------------------------------------
| rollout/                |             |
|    ep_len_mean          | 663         |
|    ep_rew_mean          | -7.36       |
| time/                   |             |
|    fps                  | 452         |
|    iterations           | 4           |
|    time_elapsed         | 217         |
|    total_timesteps      | 98304       |
| train/                  |             |
|    approx_kl            | 0.010584739 |
|    clip_fraction        | 0.0815      |
|    clip_range           | 0.2         |
|    entropy_loss         | -2.2        |
|    explained_variance   | 0.734       |
|    learning_rate        | 0.0003      |
|    loss                 | -0.0221     |
|    n_updates            | 15          |
|    policy_gradient_loss | -0.00712    |
|    value_loss           | 0.0352      |
-----------------------------------------
----------------------------------------
| rollout/                |            |
|    ep_len_mean          | 744        |
|    ep_rew_mean          | -6.23      |
| time/                   |            |
|    fps                  | 451        |
|    iterations           | 5          |
|    time_elapsed         | 272        |
|    total_timesteps      | 122880     |
| train/                  |            |
|    approx_kl            | 0.01126333 |
|    clip_fraction        | 0.105      |
|    clip_range           | 0.2        |
|    entropy_loss         | -2.15      |
|    explained_variance   | 0.852      |
|    learning_rate        | 0.0003     |
|    loss                 | -0.0219    |
|    n_updates            | 20         |
|    policy_gradient_loss | -0.00821   |
|    value_loss           | 0.0182     |
----------------------------------------
-----------------------------------------
| rollout/                |             |
|    ep_len_mean          | 734         |
|    ep_rew_mean          | -2.05       |
| time/                   |             |
|    fps                  | 450         |
|    iterations           | 6           |
|    time_elapsed         | 327         |
|    total_timesteps      | 147456      |
| train/                  |             |
|    approx_kl            | 0.010138421 |
|    clip_fraction        | 0.0887      |
|    clip_range           | 0.2         |
|    entropy_loss         | -2.13       |
|    explained_variance   | 0.889       |
|    learning_rate        | 0.0003      |
|    loss                 | -0.0105     |
|    n_updates            | 25          |
|    policy_gradient_loss | -0.00731    |
|    value_loss           | 0.0234      |
-----------------------------------------
-----------------------------------------
| rollout/                |             |
|    ep_len_mean          | 531         |
|    ep_rew_mean          | 7.79        |
| time/                   |             |
|    fps                  | 450         |
|    iterations           | 7           |
|    time_elapsed         | 382         |
|    total_timesteps      | 172032      |
| train/                  |             |
|    approx_kl            | 0.009775308 |
|    clip_fraction        | 0.11        |
|    clip_range           | 0.2         |
|    entropy_loss         | -2.1        |
|    explained_variance   | 0.914       |
|    learning_rate        | 0.0003      |
|    loss                 | -0.0115     |
|    n_updates            | 30          |
|    policy_gradient_loss | -0.00862    |
|    value_loss           | 0.0211      |
-----------------------------------------
-----------------------------------------
| rollout/                |             |
|    ep_len_mean          | 487         |
|    ep_rew_mean          | 10.3        |
| time/                   |             |
|    fps                  | 449         |
|    iterations           | 8           |
|    time_elapsed         | 437         |
|    total_timesteps      | 196608      |
| train/                  |             |
|    approx_kl            | 0.009841681 |
|    clip_fraction        | 0.0907      |
|    clip_range           | 0.2         |
|    entropy_loss         | -2.14       |
|    explained_variance   | 0.922       |
|    learning_rate        | 0.0003      |
|    loss                 | -0.0142     |
|    n_updates            | 35          |
|    policy_gradient_loss | -0.00726    |
|    value_loss           | 0.0313      |
-----------------------------------------
-----------------------------------------
| rollout/                |             |
|    ep_len_mean          | 505         |
|    ep_rew_mean          | 12.1        |
| time/                   |             |
|    fps                  | 449         |
|    iterations           | 9           |
|    time_elapsed         | 492         |
|    total_timesteps      | 221184      |
| train/                  |             |
|    approx_kl            | 0.009723179 |
|    clip_fraction        | 0.0937      |
|    clip_range           | 0.2         |
|    entropy_loss         | -2.16       |
|    explained_variance   | 0.932       |
|    learning_rate        | 0.0003      |
|    loss                 | -0.0268     |
|    n_updates            | 40          |
|    policy_gradient_loss | -0.00847    |
|    value_loss           | 0.0234      |
-----------------------------------------
-----------------------------------------
| rollout/                |             |
|    ep_len_mean          | 389         |
|    ep_rew_mean          | 16.9        |
| time/                   |             |
|    fps                  | 450         |
|    iterations           | 10          |
|    time_elapsed         | 545         |
|    total_timesteps      | 245760      |
| train/                  |             |
|    approx_kl            | 0.010587308 |
|    clip_fraction        | 0.117       |
|    clip_range           | 0.2         |
|    entropy_loss         | -2.11       |
|    explained_variance   | 0.918       |
|    learning_rate        | 0.0003      |
|    loss                 | -0.0128     |
|    n_updates            | 45          |
|    policy_gradient_loss | -0.00838    |
|    value_loss           | 0.0364      |
-----------------------------------------
-----------------------------------------
| rollout/                |             |
|    ep_len_mean          | 336         |
|    ep_rew_mean          | 19.7        |
| time/                   |             |
|    fps                  | 451         |
|    iterations           | 11          |
|    time_elapsed         | 598         |
|    total_timesteps      | 270336      |
| train/                  |             |
|    approx_kl            | 0.009347249 |
|    clip_fraction        | 0.0983      |
|    clip_range           | 0.2         |
|    entropy_loss         | -2.08       |
|    explained_variance   | 0.917       |
|    learning_rate        | 0.0003      |
|    loss                 | -0.0121     |
|    n_updates            | 50          |
|    policy_gradient_loss | -0.00792    |
|    value_loss           | 0.0386      |
-----------------------------------------
-----------------------------------------
| rollout/                |             |
|    ep_len_mean          | 317         |
|    ep_rew_mean          | 20.3        |
| time/                   |             |
|    fps                  | 452         |
|    iterations           | 12          |
|    time_elapsed         | 651         |
|    total_timesteps      | 294912      |
| train/                  |             |
|    approx_kl            | 0.009391819 |
|    clip_fraction        | 0.0891      |
|    clip_range           | 0.2         |
|    entropy_loss         | -2.06       |
|    explained_variance   | 0.907       |
|    learning_rate        | 0.0003      |
|    loss                 | -0.0152     |
|    n_updates            | 55          |
|    policy_gradient_loss | -0.00675    |
|    value_loss           | 0.0441      |
-----------------------------------------
------------------------------------------
| rollout/                |              |
|    ep_len_mean          | 289          |
|    ep_rew_mean          | 19.2         |
| time/                   |              |
|    fps                  | 453          |
|    iterations           | 13           |
|    time_elapsed         | 704          |
|    total_timesteps      | 319488       |
| train/                  |              |
|    approx_kl            | 0.0077279485 |
|    clip_fraction        | 0.0799       |
|    clip_range           | 0.2          |
|    entropy_loss         | -2.06        |
|    explained_variance   | 0.913        |
|    learning_rate        | 0.0003       |
|    loss                 | -0.0108      |
|    n_updates            | 60           |
|    policy_gradient_loss | -0.0058      |
|    value_loss           | 0.0446       |
------------------------------------------
-----------------------------------------
| rollout/                |             |
|    ep_len_mean          | 362         |
|    ep_rew_mean          | 17          |
| time/                   |             |
|    fps                  | 453         |
|    iterations           | 14          |
|    time_elapsed         | 758         |
|    total_timesteps      | 344064      |
| train/                  |             |
|    approx_kl            | 0.009555579 |
|    clip_fraction        | 0.103       |
|    clip_range           | 0.2         |
|    entropy_loss         | -2.03       |
|    explained_variance   | 0.936       |
|    learning_rate        | 0.0003      |
|    loss                 | -0.00905    |
|    n_updates            | 65          |
|    policy_gradient_loss | -0.00778    |
|    value_loss           | 0.0427      |
-----------------------------------------
-----------------------------------------
| rollout/                |             |
|    ep_len_mean          | 506         |
|    ep_rew_mean          | 13.2        |
| time/                   |             |
|    fps                  | 454         |
|    iterations           | 15          |
|    time_elapsed         | 810         |
|    total_timesteps      | 368640      |
| train/                  |             |
|    approx_kl            | 0.009011325 |
|    clip_fraction        | 0.0781      |
|    clip_range           | 0.2         |
|    entropy_loss         | -1.99       |
|    explained_variance   | 0.875       |
|    learning_rate        | 0.0003      |
|    loss                 | -0.00921    |
|    n_updates            | 70          |
|    policy_gradient_loss | -0.00527    |
|    value_loss           | 0.0835      |
-----------------------------------------
----------------------------------------
| rollout/                |            |
|    ep_len_mean          | 726        |
|    ep_rew_mean          | 8.46       |
| time/                   |            |
|    fps                  | 455        |
|    iterations           | 16         |
|    time_elapsed         | 863        |
|    total_timesteps      | 393216     |
| train/                  |            |
|    approx_kl            | 0.00855404 |
|    clip_fraction        | 0.0736     |
|    clip_range           | 0.2        |
|    entropy_loss         | -1.93      |
|    explained_variance   | 0.927      |
|    learning_rate        | 0.0003     |
|    loss                 | -0.0177    |
|    n_updates            | 75         |
|    policy_gradient_loss | -0.0052    |
|    value_loss           | 0.0284     |
----------------------------------------
----------------------------------------
| rollout/                |            |
|    ep_len_mean          | 869        |
|    ep_rew_mean          | 5.07       |
| time/                   |            |
|    fps                  | 456        |
|    iterations           | 17         |
|    time_elapsed         | 914        |
|    total_timesteps      | 417792     |
| train/                  |            |
|    approx_kl            | 0.00927994 |
|    clip_fraction        | 0.0975     |
|    clip_range           | 0.2        |
|    entropy_loss         | -1.94      |
|    explained_variance   | 0.824      |
|    learning_rate        | 0.0003     |
|    loss                 | -0.016     |
|    n_updates            | 80         |
|    policy_gradient_loss | -0.00562   |
|    value_loss           | 0.0749     |
----------------------------------------
------------------------------------------
| rollout/                |              |
|    ep_len_mean          | 1.25e+03     |
|    ep_rew_mean          | 2.81         |
| time/                   |              |
|    fps                  | 457          |
|    iterations           | 18           |
|    time_elapsed         | 967          |
|    total_timesteps      | 442368       |
| train/                  |              |
|    approx_kl            | 0.0069852523 |
|    clip_fraction        | 0.0625       |
|    clip_range           | 0.2          |
|    entropy_loss         | -1.92        |
|    explained_variance   | 0.919        |
|    learning_rate        | 0.0003       |
|    loss                 | -0.0262      |
|    n_updates            | 85           |
|    policy_gradient_loss | -0.00512     |
|    value_loss           | 0.0275       |
------------------------------------------
-----------------------------------------
| rollout/                |             |
|    ep_len_mean          | 1.21e+03    |
|    ep_rew_mean          | 13.8        |
| time/                   |             |
|    fps                  | 457         |
|    iterations           | 19          |
|    time_elapsed         | 1020        |
|    total_timesteps      | 466944      |
| train/                  |             |
|    approx_kl            | 0.008983847 |
|    clip_fraction        | 0.0847      |
|    clip_range           | 0.2         |
|    entropy_loss         | -1.94       |
|    explained_variance   | 0.887       |
|    learning_rate        | 0.0003      |
|    loss                 | -0.00307    |
|    n_updates            | 90          |
|    policy_gradient_loss | -0.00538    |
|    value_loss           | 0.0882      |
-----------------------------------------
-----------------------------------------
| rollout/                |             |
|    ep_len_mean          | 877         |
|    ep_rew_mean          | 35.4        |
| time/                   |             |
|    fps                  | 457         |
|    iterations           | 20          |
|    time_elapsed         | 1073        |
|    total_timesteps      | 491520      |
| train/                  |             |
|    approx_kl            | 0.008069369 |
|    clip_fraction        | 0.075       |
|    clip_range           | 0.2         |
|    entropy_loss         | -1.94       |
|    explained_variance   | 0.837       |
|    learning_rate        | 0.0003      |
|    loss                 | 0.0281      |
|    n_updates            | 95          |
|    policy_gradient_loss | -0.00485    |
|    value_loss           | 0.0967      |
-----------------------------------------
[Checkpoint] Saved at 500000 steps > /home/runner/work/Disciples2-RL/Disciples2-RL/github_experiments/101/green_dragon/seed101-green_dragon-29173326149-1/checkpoints/campaign_ppo_step_500000.zip
-----------------------------------------
| rollout/                |             |
|    ep_len_mean          | 674         |
|    ep_rew_mean          | 42.6        |
| time/                   |             |
|    fps                  | 458         |
|    iterations           | 21          |
|    time_elapsed         | 1125        |
|    total_timesteps      | 516096      |
| train/                  |             |
|    approx_kl            | 0.007897725 |
|    clip_fraction        | 0.0622      |
|    clip_range           | 0.2         |
|    entropy_loss         | -1.87       |
|    explained_variance   | 0.894       |
|    learning_rate        | 0.0003      |
|    loss                 | -0.0126     |
|    n_updates            | 100         |
|    policy_gradient_loss | -0.00578    |
|    value_loss           | 0.0469      |
-----------------------------------------
-----------------------------------------
| rollout/                |             |
|    ep_len_mean          | 520         |
|    ep_rew_mean          | 41.4        |
| time/                   |             |
|    fps                  | 459         |
|    iterations           | 22          |
|    time_elapsed         | 1177        |
|    total_timesteps      | 540672      |
| train/                  |             |
|    approx_kl            | 0.008359338 |
|    clip_fraction        | 0.0804      |
|    clip_range           | 0.2         |
|    entropy_loss         | -1.84       |
|    explained_variance   | 0.88        |
|    learning_rate        | 0.0003      |
|    loss                 | -0.00741    |
|    n_updates            | 105         |
|    policy_gradient_loss | -0.00553    |
|    value_loss           | 0.0525      |
-----------------------------------------
------------------------------------------
| rollout/                |              |
|    ep_len_mean          | 519          |
|    ep_rew_mean          | 45.7         |
| time/                   |              |
|    fps                  | 459          |
|    iterations           | 23           |
|    time_elapsed         | 1230         |
|    total_timesteps      | 565248       |
| train/                  |              |
|    approx_kl            | 0.0076560085 |
|    clip_fraction        | 0.059        |
|    clip_range           | 0.2          |
|    entropy_loss         | -1.8         |
|    explained_variance   | 0.78         |
|    learning_rate        | 0.0003       |
|    loss                 | 0.0226       |
|    n_updates            | 110          |
|    policy_gradient_loss | -0.0041      |
|    value_loss           | 0.0974       |
------------------------------------------
-----------------------------------------
| rollout/                |             |
|    ep_len_mean          | 588         |
|    ep_rew_mean          | 48          |
| time/                   |             |
|    fps                  | 459         |
|    iterations           | 24          |
|    time_elapsed         | 1283        |
|    total_timesteps      | 589824      |
| train/                  |             |
|    approx_kl            | 0.008423661 |
|    clip_fraction        | 0.0764      |
|    clip_range           | 0.2         |
|    entropy_loss         | -1.78       |
|    explained_variance   | 0.885       |
|    learning_rate        | 0.0003      |
|    loss                 | 0.00487     |
|    n_updates            | 115         |
|    policy_gradient_loss | -0.00619    |
|    value_loss           | 0.0537      |
-----------------------------------------
------------------------------------------
| rollout/                |              |
|    ep_len_mean          | 616          |
|    ep_rew_mean          | 52.7         |
| time/                   |              |
|    fps                  | 460          |
|    iterations           | 25           |
|    time_elapsed         | 1334         |
|    total_timesteps      | 614400       |
| train/                  |              |
|    approx_kl            | 0.0073820525 |
|    clip_fraction        | 0.0668       |
|    clip_range           | 0.2          |
|    entropy_loss         | -1.79        |
|    explained_variance   | 0.872        |
|    learning_rate        | 0.0003       |
|    loss                 | 0.00235      |
|    n_updates            | 120          |
|    policy_gradient_loss | -0.00515     |
|    value_loss           | 0.0542       |
------------------------------------------
------------------------------------------
| rollout/                |              |
|    ep_len_mean          | 640          |
|    ep_rew_mean          | 57.4         |
| time/                   |              |
|    fps                  | 460          |
|    iterations           | 26           |
|    time_elapsed         | 1387         |
|    total_timesteps      | 638976       |
| train/                  |              |
|    approx_kl            | 0.0077639488 |
|    clip_fraction        | 0.067        |
|    clip_range           | 0.2          |
|    entropy_loss         | -1.76        |
|    explained_variance   | 0.826        |
|    learning_rate        | 0.0003       |
|    loss                 | 0.0147       |
|    n_updates            | 125          |
|    policy_gradient_loss | -0.00486     |
|    value_loss           | 0.0601       |
------------------------------------------
------------------------------------------
| rollout/                |              |
|    ep_len_mean          | 602          |
|    ep_rew_mean          | 56.3         |
| time/                   |              |
|    fps                  | 461          |
|    iterations           | 27           |
|    time_elapsed         | 1438         |
|    total_timesteps      | 663552       |
| train/                  |              |
|    approx_kl            | 0.0078002173 |
|    clip_fraction        | 0.0807       |
|    clip_range           | 0.2          |
|    entropy_loss         | -1.77        |
|    explained_variance   | 0.85         |
|    learning_rate        | 0.0003       |
|    loss                 | -0.00723     |
|    n_updates            | 130          |
|    policy_gradient_loss | -0.00564     |
|    value_loss           | 0.0561       |
------------------------------------------
------------------------------------------
| rollout/                |              |
|    ep_len_mean          | 756          |
|    ep_rew_mean          | 61.4         |
| time/                   |              |
|    fps                  | 461          |
|    iterations           | 28           |
|    time_elapsed         | 1489         |
|    total_timesteps      | 688128       |
| train/                  |              |
|    approx_kl            | 0.0068730824 |
|    clip_fraction        | 0.0596       |
|    clip_range           | 0.2          |
|    entropy_loss         | -1.75        |
|    explained_variance   | 0.885        |
|    learning_rate        | 0.0003       |
|    loss                 | -0.00488     |
|    n_updates            | 135          |
|    policy_gradient_loss | -0.00447     |
|    value_loss           | 0.0502       |
------------------------------------------
-----------------------------------------
| rollout/                |             |
|    ep_len_mean          | 768         |
|    ep_rew_mean          | 61.4        |
| time/                   |             |
|    fps                  | 462         |
|    iterations           | 29          |
|    time_elapsed         | 1542        |
|    total_timesteps      | 712704      |
| train/                  |             |
|    approx_kl            | 0.009232648 |
|    clip_fraction        | 0.0882      |
|    clip_range           | 0.2         |
|    entropy_loss         | -1.67       |
|    explained_variance   | 0.881       |
|    learning_rate        | 0.0003      |
|    loss                 | -0.00241    |
|    n_updates            | 140         |
|    policy_gradient_loss | -0.00616    |
|    value_loss           | 0.0537      |
-----------------------------------------
------------------------------------------
| rollout/                |              |
|    ep_len_mean          | 820          |
|    ep_rew_mean          | 65           |
| time/                   |              |
|    fps                  | 462          |
|    iterations           | 30           |
|    time_elapsed         | 1594         |
|    total_timesteps      | 737280       |
| train/                  |              |
|    approx_kl            | 0.0075840093 |
|    clip_fraction        | 0.0611       |
|    clip_range           | 0.2          |
|    entropy_loss         | -1.73        |
|    explained_variance   | 0.784        |
|    learning_rate        | 0.0003       |
|    loss                 | 0.0307       |
|    n_updates            | 145          |
|    policy_gradient_loss | -0.00349     |
|    value_loss           | 0.0813       |
------------------------------------------
------------------------------------------
| rollout/                |              |
|    ep_len_mean          | 887          |
|    ep_rew_mean          | 67.5         |
| time/                   |              |
|    fps                  | 463          |
|    iterations           | 31           |
|    time_elapsed         | 1645         |
|    total_timesteps      | 761856       |
| train/                  |              |
|    approx_kl            | 0.0073316614 |
|    clip_fraction        | 0.0608       |
|    clip_range           | 0.2          |
|    entropy_loss         | -1.73        |
|    explained_variance   | 0.841        |
|    learning_rate        | 0.0003       |
|    loss                 | 0.00103      |
|    n_updates            | 150          |
|    policy_gradient_loss | -0.00263     |
|    value_loss           | 0.0728       |
------------------------------------------
-----------------------------------------
| rollout/                |             |
|    ep_len_mean          | 1.11e+03    |
|    ep_rew_mean          | 72          |
| time/                   |             |
|    fps                  | 463         |
|    iterations           | 32          |
|    time_elapsed         | 1695        |
|    total_timesteps      | 786432      |
| train/                  |             |
|    approx_kl            | 0.008153573 |
|    clip_fraction        | 0.0767      |
|    clip_range           | 0.2         |
|    entropy_loss         | -1.74       |
|    explained_variance   | 0.829       |
|    learning_rate        | 0.0003      |
|    loss                 | -0.00555    |
|    n_updates            | 155         |
|    policy_gradient_loss | -0.00409    |
|    value_loss           | 0.0696      |
-----------------------------------------
----------------------------------------
| rollout/                |            |
|    ep_len_mean          | 1.16e+03   |
|    ep_rew_mean          | 78.6       |
| time/                   |            |
|    fps                  | 464        |
|    iterations           | 33         |
|    time_elapsed         | 1747       |
|    total_timesteps      | 811008     |
| train/                  |            |
|    approx_kl            | 0.00725371 |
|    clip_fraction        | 0.067      |
|    clip_range           | 0.2        |
|    entropy_loss         | -1.68      |
|    explained_variance   | 0.926      |
|    learning_rate        | 0.0003     |
|    loss                 | 0.00616    |
|    n_updates            | 160        |
|    policy_gradient_loss | -0.00391   |
|    value_loss           | 0.0355     |
----------------------------------------
------------------------------------------
| rollout/                |              |
|    ep_len_mean          | 1.21e+03     |
|    ep_rew_mean          | 82.4         |
| time/                   |              |
|    fps                  | 464          |
|    iterations           | 34           |
|    time_elapsed         | 1799         |
|    total_timesteps      | 835584       |
| train/                  |              |
|    approx_kl            | 0.0070768506 |
|    clip_fraction        | 0.0607       |
|    clip_range           | 0.2          |
|    entropy_loss         | -1.65        |
|    explained_variance   | 0.905        |
|    learning_rate        | 0.0003       |
|    loss                 | -0.000222    |
|    n_updates            | 165          |
|    policy_gradient_loss | -0.00456     |
|    value_loss           | 0.0496       |
------------------------------------------
----------------------------------------
| rollout/                |            |
|    ep_len_mean          | 1.09e+03   |
|    ep_rew_mean          | 83.3       |
| time/                   |            |
|    fps                  | 464        |
|    iterations           | 35         |
|    time_elapsed         | 1852       |
|    total_timesteps      | 860160     |
| train/                  |            |
|    approx_kl            | 0.00702041 |
|    clip_fraction        | 0.0674     |
|    clip_range           | 0.2        |
|    entropy_loss         | -1.64      |
|    explained_variance   | 0.87       |
|    learning_rate        | 0.0003     |
|    loss                 | 0.000799   |
|    n_updates            | 170        |
|    policy_gradient_loss | -0.00382   |
|    value_loss           | 0.0861     |
----------------------------------------
-----------------------------------------
| rollout/                |             |
|    ep_len_mean          | 875         |
|    ep_rew_mean          | 82.9        |
| time/                   |             |
|    fps                  | 464         |
|    iterations           | 36          |
|    time_elapsed         | 1905        |
|    total_timesteps      | 884736      |
| train/                  |             |
|    approx_kl            | 0.007053492 |
|    clip_fraction        | 0.0665      |
|    clip_range           | 0.2         |
|    entropy_loss         | -1.65       |
|    explained_variance   | 0.918       |
|    learning_rate        | 0.0003      |
|    loss                 | 0.00599     |
|    n_updates            | 175         |
|    policy_gradient_loss | -0.00367    |
|    value_loss           | 0.0445      |
-----------------------------------------
------------------------------------------
| rollout/                |              |
|    ep_len_mean          | 907          |
|    ep_rew_mean          | 83.4         |
| time/                   |              |
|    fps                  | 464          |
|    iterations           | 37           |
|    time_elapsed         | 1957         |
|    total_timesteps      | 909312       |
| train/                  |              |
|    approx_kl            | 0.0067562363 |
|    clip_fraction        | 0.0622       |
|    clip_range           | 0.2          |
|    entropy_loss         | -1.62        |
|    explained_variance   | 0.89         |
|    learning_rate        | 0.0003       |
|    loss                 | -0.00568     |
|    n_updates            | 180          |
|    policy_gradient_loss | -0.00306     |
|    value_loss           | 0.0679       |
------------------------------------------
-----------------------------------------
| rollout/                |             |
|    ep_len_mean          | 1.02e+03    |
|    ep_rew_mean          | 76.1        |
| time/                   |             |
|    fps                  | 465         |
|    iterations           | 38          |
|    time_elapsed         | 2008        |
|    total_timesteps      | 933888      |
| train/                  |             |
|    approx_kl            | 0.008217482 |
|    clip_fraction        | 0.0766      |
|    clip_range           | 0.2         |
|    entropy_loss         | -1.62       |
|    explained_variance   | 0.952       |
|    learning_rate        | 0.0003      |
|    loss                 | -0.0111     |
|    n_updates            | 185         |
|    policy_gradient_loss | -0.00434    |
|    value_loss           | 0.0301      |
-----------------------------------------
------------------------------------------
| rollout/                |              |
|    ep_len_mean          | 977          |
|    ep_rew_mean          | 75           |
| time/                   |              |
|    fps                  | 465          |
|    iterations           | 39           |
|    time_elapsed         | 2059         |
|    total_timesteps      | 958464       |
| train/                  |              |
|    approx_kl            | 0.0078060036 |
|    clip_fraction        | 0.0729       |
|    clip_range           | 0.2          |
|    entropy_loss         | -1.63        |
|    explained_variance   | 0.945        |
|    learning_rate        | 0.0003       |
|    loss                 | 0.00603      |
|    n_updates            | 190          |
|    policy_gradient_loss | -0.00407     |
|    value_loss           | 0.039        |
------------------------------------------
-----------------------------------------
| rollout/                |             |
|    ep_len_mean          | 970         |
|    ep_rew_mean          | 74.9        |
| time/                   |             |
|    fps                  | 465         |
|    iterations           | 40          |
|    time_elapsed         | 2111        |
|    total_timesteps      | 983040      |
| train/                  |             |
|    approx_kl            | 0.007855703 |
|    clip_fraction        | 0.0798      |
|    clip_range           | 0.2         |
|    entropy_loss         | -1.59       |
|    explained_variance   | 0.879       |
|    learning_rate        | 0.0003      |
|    loss                 | 0.00453     |
|    n_updates            | 195         |
|    policy_gradient_loss | -0.00261    |
|    value_loss           | 0.0771      |
-----------------------------------------
[Checkpoint] Saved at 1000000 steps > /home/runner/work/Disciples2-RL/Disciples2-RL/github_experiments/101/green_dragon/seed101-green_dragon-29173326149-1/checkpoints/campaign_ppo_step_1000000.zip
Eval num_timesteps=1000008, det_reward=-139.82 +/- 130.66
Episode length: det=4008.45 +/- 1610.43
Victory rate: det=15.00%
--------------------------------------------------
| eval/                           |              |
|    deterministic_mean_ep_length | 4.01e+03     |
|    deterministic_mean_reward    | -140         |
|    deterministic_victory_rate   | 0.15         |
|    mean_ep_length               | 4.01e+03     |
|    mean_reward                  | -140         |
|    victory_rate                 | 0.15         |
| time/                           |              |
|    total_timesteps              | 1000008      |
| train/                          |              |
|    approx_kl                    | 0.0058678617 |
|    clip_fraction                | 0.0576       |
|    clip_range                   | 0.2          |
|    entropy_loss                 | -1.63        |
|    explained_variance           | 0.922        |
|    learning_rate                | 0.0003       |
|    loss                         | 0.0133       |
|    n_updates                    | 200          |
|    policy_gradient_loss         | -0.00255     |
|    value_loss                   | 0.0598       |
--------------------------------------------------
New best model by deterministic victory rate!
---------------------------------
| rollout/           |          |
|    ep_len_mean     | 1.05e+03 |
|    ep_rew_mean     | 77.7     |
| time/              |          |
|    fps             | 420      |
|    iterations      | 41       |
|    time_elapsed    | 2397     |
|    total_timesteps | 1007616  |
---------------------------------
VecNormalize stats saved: /home/runner/work/Disciples2-RL/Disciples2-RL/github_experiments/101/green_dragon/seed101-green_dragon-29173326149-1/models/vecnormalize.pkl

Финальная модель сохранена: /home/runner/work/Disciples2-RL/Disciples2-RL/github_experiments/101/green_dragon/seed101-green_dragon-29173326149-1/models/final_model.zip

============================================================
ИТОГИ ОБУЧЕНИЯ:
  Побед: 13
  Поражений: 1464
  Таймаутов: 3
  Побед бота столицы над врагами: 0
  Перестановок юнитов: 232157
  Winrate: 0.9%
============================================================
  График призывов за эпизод: /home/runner/work/Disciples2-RL/Disciples2-RL/github_experiments/101/green_dragon/seed101-green_dragon-29173326149-1/plots/campaign_summoned_units_per_episode.png
  График призывов за всё обучение: /home/runner/work/Disciples2-RL/Disciples2-RL/github_experiments/101/green_dragon/seed101-green_dragon-29173326149-1/plots/campaign_summoned_units_cumulative.png
  График найма за эпизод: /home/runner/work/Disciples2-RL/Disciples2-RL/github_experiments/101/green_dragon/seed101-green_dragon-29173326149-1/plots/campaign_hired_units_per_episode.png
  График найма за всё обучение: /home/runner/work/Disciples2-RL/Disciples2-RL/github_experiments/101/green_dragon/seed101-green_dragon-29173326149-1/plots/campaign_hired_units_cumulative.png
  График перестановок юнитов за эпизод: /home/runner/work/Disciples2-RL/Disciples2-RL/github_experiments/101/green_dragon/seed101-green_dragon-29173326149-1/plots/campaign_unit_swaps_per_episode.png
  График боевых предметов: /home/runner/work/Disciples2-RL/Disciples2-RL/github_experiments/101/green_dragon/seed101-green_dragon-29173326149-1/plots/campaign_battle_item_activity.png
  График побед бота столицы за эпизод: /home/runner/work/Disciples2-RL/Disciples2-RL/github_experiments/101/green_dragon/seed101-green_dragon-29173326149-1/plots/campaign_scripted_bot_victories_per_episode.png
  График применения заклинаний: /home/runner/work/Disciples2-RL/Disciples2-RL/github_experiments/101/green_dragon/seed101-green_dragon-29173326149-1/plots/campaign_spell_cast_activity.png
