Проверка среды CampaignEnv...
Среда прошла проверку!
[INFO] Comet disabled, running without experiment tracking
Создание 12 параллельных сред (subproc)...
Инициализация MaskablePPO...
Using cpu device

============================================================
Запуск обучения Campaign Agent
Всего шагов: 1,000,000
Параллельных сред: 12
VecEnv: subproc
VecEnv start method: forkserver
Seed: 107
Checkpoint каждые: 500,000 шагов
Evaluation каждые: 83,334 шагов
Eval deterministic эпизодов: 20
Eval stochastic эпизодов: 0
Eval лимит шагов на эпизод: 5000
Campaign map: small
Campaign objective: blue_dragon
System resources at training start:
  Platform: Linux 6.17.0-1020-azure (x86_64)
  Python: 3.14.6
  PyTorch: 2.13.0+cpu
  Training device: cpu
  CPU model: AMD EPYC 7763 64-Core Processor
  CPU vendor: AuthenticAMD
  Logical CPUs visible: 4
  Process CPU affinity: 4
  Sockets: 1
  Cores per socket: 2
  Threads per core: 2
  CPU max MHz: unknown
  CPU min MHz: unknown
  L1d cache: 64 KiB (2 instances)
  L1i cache: 64 KiB (2 instances)
  L2 cache: 1 MiB (2 instances)
  L3 cache: 32 MiB (1 instance)
  Virtualization: AMD-V
  Hypervisor: Microsoft
  RAM total: 15.61 GiB
  RAM available at start: 13.94 GiB
  Disk total: 144.26 GiB
  Disk free at start: 85.72 GiB
  Torch intra-op threads: 4
  Torch inter-op threads: 2
  OMP_NUM_THREADS: 4
  MKL_NUM_THREADS: 4
  OPENBLAS_NUM_THREADS: 4
  GitHub runner OS: Linux
  GitHub runner architecture: X64
  GitHub runner environment: github-hosted
PPO n_steps: 2,048
PPO batch_size: 512
PPO n_epochs: 5
PPO learning_rate: 0.0003
PPO clip_range: 0.2
PPO ent_coef: 0.01
PPO gamma: 0.995
PPO gae_lambda: 0.95
PPO target_kl: disabled
PPO gradient batches per rollout: 240
VecCheckNan: disabled
Freeze action layout: enabled
Empire territory: enabled
Torch threads per process: 4
Diagnostics: disabled
Wall-clock training limit: disabled
Run ID: seed107-blue_dragon-29437469808-1
============================================================

Logging to /home/runner/work/Disciples2-RL/Disciples2-RL/github_experiments/107/blue_dragon/seed107-blue_dragon-29437469808-1/tensorboard/MaskablePPO_1
---------------------------------
| rollout/           |          |
|    ep_len_mean     | 117      |
|    ep_rew_mean     | -2.29    |
| time/              |          |
|    fps             | 478      |
|    iterations      | 1        |
|    time_elapsed    | 51       |
|    total_timesteps | 24576    |
---------------------------------
-----------------------------------------
| rollout/                |             |
|    ep_len_mean          | 125         |
|    ep_rew_mean          | -0.215      |
| time/                   |             |
|    fps                  | 458         |
|    iterations           | 2           |
|    time_elapsed         | 107         |
|    total_timesteps      | 49152       |
| train/                  |             |
|    approx_kl            | 0.010241086 |
|    clip_fraction        | 0.095       |
|    clip_range           | 0.2         |
|    entropy_loss         | -2.21       |
|    explained_variance   | 0.0146      |
|    learning_rate        | 0.0003      |
|    loss                 | 0.249       |
|    n_updates            | 5           |
|    policy_gradient_loss | -0.00792    |
|    value_loss           | 0.606       |
-----------------------------------------
-----------------------------------------
| rollout/                |             |
|    ep_len_mean          | 175         |
|    ep_rew_mean          | 3.45        |
| time/                   |             |
|    fps                  | 455         |
|    iterations           | 3           |
|    time_elapsed         | 161         |
|    total_timesteps      | 73728       |
| train/                  |             |
|    approx_kl            | 0.011159801 |
|    clip_fraction        | 0.138       |
|    clip_range           | 0.2         |
|    entropy_loss         | -2.15       |
|    explained_variance   | 0.542       |
|    learning_rate        | 0.0003      |
|    loss                 | 0.102       |
|    n_updates            | 10          |
|    policy_gradient_loss | -0.0129     |
|    value_loss           | 0.336       |
-----------------------------------------
----------------------------------------
| rollout/                |            |
|    ep_len_mean          | 232        |
|    ep_rew_mean          | 3.72       |
| time/                   |            |
|    fps                  | 452        |
|    iterations           | 4          |
|    time_elapsed         | 217        |
|    total_timesteps      | 98304      |
| train/                  |            |
|    approx_kl            | 0.00999349 |
|    clip_fraction        | 0.114      |
|    clip_range           | 0.2        |
|    entropy_loss         | -2.08      |
|    explained_variance   | 0.661      |
|    learning_rate        | 0.0003     |
|    loss                 | 0.106      |
|    n_updates            | 15         |
|    policy_gradient_loss | -0.0109    |
|    value_loss           | 0.263      |
----------------------------------------
-----------------------------------------
| rollout/                |             |
|    ep_len_mean          | 374         |
|    ep_rew_mean          | 0.877       |
| time/                   |             |
|    fps                  | 448         |
|    iterations           | 5           |
|    time_elapsed         | 273         |
|    total_timesteps      | 122880      |
| train/                  |             |
|    approx_kl            | 0.009171007 |
|    clip_fraction        | 0.102       |
|    clip_range           | 0.2         |
|    entropy_loss         | -2.06       |
|    explained_variance   | 0.8         |
|    learning_rate        | 0.0003      |
|    loss                 | 0.0252      |
|    n_updates            | 20          |
|    policy_gradient_loss | -0.0096     |
|    value_loss           | 0.125       |
-----------------------------------------
---------------------------------------
| rollout/                |           |
|    ep_len_mean          | 456       |
|    ep_rew_mean          | -1.81     |
| time/                   |           |
|    fps                  | 444       |
|    iterations           | 6         |
|    time_elapsed         | 332       |
|    total_timesteps      | 147456    |
| train/                  |           |
|    approx_kl            | 0.0107231 |
|    clip_fraction        | 0.108     |
|    clip_range           | 0.2       |
|    entropy_loss         | -2        |
|    explained_variance   | 0.897     |
|    learning_rate        | 0.0003    |
|    loss                 | 0.00564   |
|    n_updates            | 25        |
|    policy_gradient_loss | -0.00853  |
|    value_loss           | 0.0534    |
---------------------------------------
-----------------------------------------
| rollout/                |             |
|    ep_len_mean          | 297         |
|    ep_rew_mean          | 9.07        |
| time/                   |             |
|    fps                  | 442         |
|    iterations           | 7           |
|    time_elapsed         | 388         |
|    total_timesteps      | 172032      |
| train/                  |             |
|    approx_kl            | 0.010809988 |
|    clip_fraction        | 0.133       |
|    clip_range           | 0.2         |
|    entropy_loss         | -2.03       |
|    explained_variance   | 0.921       |
|    learning_rate        | 0.0003      |
|    loss                 | -0.0157     |
|    n_updates            | 30          |
|    policy_gradient_loss | -0.00913    |
|    value_loss           | 0.0587      |
-----------------------------------------
------------------------------------------
| rollout/                |              |
|    ep_len_mean          | 248          |
|    ep_rew_mean          | 14.7         |
| time/                   |              |
|    fps                  | 441          |
|    iterations           | 8            |
|    time_elapsed         | 444          |
|    total_timesteps      | 196608       |
| train/                  |              |
|    approx_kl            | 0.0095591955 |
|    clip_fraction        | 0.114        |
|    clip_range           | 0.2          |
|    entropy_loss         | -1.99        |
|    explained_variance   | 0.878        |
|    learning_rate        | 0.0003       |
|    loss                 | -0.00862     |
|    n_updates            | 35           |
|    policy_gradient_loss | -0.00937     |
|    value_loss           | 0.0716       |
------------------------------------------
-----------------------------------------
| rollout/                |             |
|    ep_len_mean          | 199         |
|    ep_rew_mean          | 16.4        |
| time/                   |             |
|    fps                  | 443         |
|    iterations           | 9           |
|    time_elapsed         | 498         |
|    total_timesteps      | 221184      |
| train/                  |             |
|    approx_kl            | 0.010052082 |
|    clip_fraction        | 0.109       |
|    clip_range           | 0.2         |
|    entropy_loss         | -1.95       |
|    explained_variance   | 0.843       |
|    learning_rate        | 0.0003      |
|    loss                 | 0.00604     |
|    n_updates            | 40          |
|    policy_gradient_loss | -0.00956    |
|    value_loss           | 0.0759      |
-----------------------------------------
-----------------------------------------
| rollout/                |             |
|    ep_len_mean          | 196         |
|    ep_rew_mean          | 18.8        |
| time/                   |             |
|    fps                  | 445         |
|    iterations           | 10          |
|    time_elapsed         | 551         |
|    total_timesteps      | 245760      |
| train/                  |             |
|    approx_kl            | 0.008713485 |
|    clip_fraction        | 0.0817      |
|    clip_range           | 0.2         |
|    entropy_loss         | -1.93       |
|    explained_variance   | 0.8         |
|    learning_rate        | 0.0003      |
|    loss                 | 0.000383    |
|    n_updates            | 45          |
|    policy_gradient_loss | -0.00744    |
|    value_loss           | 0.0859      |
-----------------------------------------
-----------------------------------------
| rollout/                |             |
|    ep_len_mean          | 193         |
|    ep_rew_mean          | 20.8        |
| time/                   |             |
|    fps                  | 446         |
|    iterations           | 11          |
|    time_elapsed         | 605         |
|    total_timesteps      | 270336      |
| train/                  |             |
|    approx_kl            | 0.009085671 |
|    clip_fraction        | 0.0926      |
|    clip_range           | 0.2         |
|    entropy_loss         | -1.87       |
|    explained_variance   | 0.778       |
|    learning_rate        | 0.0003      |
|    loss                 | 0.0152      |
|    n_updates            | 50          |
|    policy_gradient_loss | -0.00818    |
|    value_loss           | 0.0913      |
-----------------------------------------
-----------------------------------------
| rollout/                |             |
|    ep_len_mean          | 169         |
|    ep_rew_mean          | 17          |
| time/                   |             |
|    fps                  | 446         |
|    iterations           | 12          |
|    time_elapsed         | 660         |
|    total_timesteps      | 294912      |
| train/                  |             |
|    approx_kl            | 0.008610948 |
|    clip_fraction        | 0.0817      |
|    clip_range           | 0.2         |
|    entropy_loss         | -1.85       |
|    explained_variance   | 0.772       |
|    learning_rate        | 0.0003      |
|    loss                 | 0.0148      |
|    n_updates            | 55          |
|    policy_gradient_loss | -0.0071     |
|    value_loss           | 0.0853      |
-----------------------------------------
-----------------------------------------
| rollout/                |             |
|    ep_len_mean          | 180         |
|    ep_rew_mean          | 20.6        |
| time/                   |             |
|    fps                  | 447         |
|    iterations           | 13          |
|    time_elapsed         | 714         |
|    total_timesteps      | 319488      |
| train/                  |             |
|    approx_kl            | 0.008650459 |
|    clip_fraction        | 0.0802      |
|    clip_range           | 0.2         |
|    entropy_loss         | -1.86       |
|    explained_variance   | 0.748       |
|    learning_rate        | 0.0003      |
|    loss                 | 0.0171      |
|    n_updates            | 60          |
|    policy_gradient_loss | -0.00656    |
|    value_loss           | 0.0997      |
-----------------------------------------
------------------------------------------
| rollout/                |              |
|    ep_len_mean          | 181          |
|    ep_rew_mean          | 21.8         |
| time/                   |              |
|    fps                  | 447          |
|    iterations           | 14           |
|    time_elapsed         | 768          |
|    total_timesteps      | 344064       |
| train/                  |              |
|    approx_kl            | 0.0076023727 |
|    clip_fraction        | 0.0764       |
|    clip_range           | 0.2          |
|    entropy_loss         | -1.83        |
|    explained_variance   | 0.765        |
|    learning_rate        | 0.0003       |
|    loss                 | 0.00864      |
|    n_updates            | 65           |
|    policy_gradient_loss | -0.00661     |
|    value_loss           | 0.1          |
------------------------------------------
-----------------------------------------
| rollout/                |             |
|    ep_len_mean          | 188         |
|    ep_rew_mean          | 22.3        |
| time/                   |             |
|    fps                  | 449         |
|    iterations           | 15          |
|    time_elapsed         | 820         |
|    total_timesteps      | 368640      |
| train/                  |             |
|    approx_kl            | 0.007090597 |
|    clip_fraction        | 0.063       |
|    clip_range           | 0.2         |
|    entropy_loss         | -1.81       |
|    explained_variance   | 0.816       |
|    learning_rate        | 0.0003      |
|    loss                 | 0.0204      |
|    n_updates            | 70          |
|    policy_gradient_loss | -0.00544    |
|    value_loss           | 0.0891      |
-----------------------------------------
-----------------------------------------
| rollout/                |             |
|    ep_len_mean          | 196         |
|    ep_rew_mean          | 23          |
| time/                   |             |
|    fps                  | 449         |
|    iterations           | 16          |
|    time_elapsed         | 874         |
|    total_timesteps      | 393216      |
| train/                  |             |
|    approx_kl            | 0.007535167 |
|    clip_fraction        | 0.0734      |
|    clip_range           | 0.2         |
|    entropy_loss         | -1.83       |
|    explained_variance   | 0.831       |
|    learning_rate        | 0.0003      |
|    loss                 | 0.0159      |
|    n_updates            | 75          |
|    policy_gradient_loss | -0.00545    |
|    value_loss           | 0.0937      |
-----------------------------------------
------------------------------------------
| rollout/                |              |
|    ep_len_mean          | 190          |
|    ep_rew_mean          | 24.2         |
| time/                   |              |
|    fps                  | 450          |
|    iterations           | 17           |
|    time_elapsed         | 927          |
|    total_timesteps      | 417792       |
| train/                  |              |
|    approx_kl            | 0.0071405284 |
|    clip_fraction        | 0.0719       |
|    clip_range           | 0.2          |
|    entropy_loss         | -1.8         |
|    explained_variance   | 0.819        |
|    learning_rate        | 0.0003       |
|    loss                 | 0.0226       |
|    n_updates            | 80           |
|    policy_gradient_loss | -0.00597     |
|    value_loss           | 0.0997       |
------------------------------------------
------------------------------------------
| rollout/                |              |
|    ep_len_mean          | 204          |
|    ep_rew_mean          | 25.4         |
| time/                   |              |
|    fps                  | 450          |
|    iterations           | 18           |
|    time_elapsed         | 982          |
|    total_timesteps      | 442368       |
| train/                  |              |
|    approx_kl            | 0.0074325576 |
|    clip_fraction        | 0.0719       |
|    clip_range           | 0.2          |
|    entropy_loss         | -1.78        |
|    explained_variance   | 0.836        |
|    learning_rate        | 0.0003       |
|    loss                 | 0.0171       |
|    n_updates            | 85           |
|    policy_gradient_loss | -0.00614     |
|    value_loss           | 0.104        |
------------------------------------------
-----------------------------------------
| rollout/                |             |
|    ep_len_mean          | 187         |
|    ep_rew_mean          | 23.7        |
| time/                   |             |
|    fps                  | 449         |
|    iterations           | 19          |
|    time_elapsed         | 1039        |
|    total_timesteps      | 466944      |
| train/                  |             |
|    approx_kl            | 0.007434249 |
|    clip_fraction        | 0.0717      |
|    clip_range           | 0.2         |
|    entropy_loss         | -1.78       |
|    explained_variance   | 0.859       |
|    learning_rate        | 0.0003      |
|    loss                 | 0.0254      |
|    n_updates            | 90          |
|    policy_gradient_loss | -0.00605    |
|    value_loss           | 0.0942      |
-----------------------------------------
------------------------------------------
| rollout/                |              |
|    ep_len_mean          | 186          |
|    ep_rew_mean          | 24.4         |
| time/                   |              |
|    fps                  | 448          |
|    iterations           | 20           |
|    time_elapsed         | 1096         |
|    total_timesteps      | 491520       |
| train/                  |              |
|    approx_kl            | 0.0076395446 |
|    clip_fraction        | 0.0701       |
|    clip_range           | 0.2          |
|    entropy_loss         | -1.77        |
|    explained_variance   | 0.855        |
|    learning_rate        | 0.0003       |
|    loss                 | 0.0184       |
|    n_updates            | 95           |
|    policy_gradient_loss | -0.00578     |
|    value_loss           | 0.108        |
------------------------------------------
[Checkpoint] Saved at 500000 steps > /home/runner/work/Disciples2-RL/Disciples2-RL/github_experiments/107/blue_dragon/seed107-blue_dragon-29437469808-1/checkpoints/campaign_ppo_step_500000.zip
------------------------------------------
| rollout/                |              |
|    ep_len_mean          | 225          |
|    ep_rew_mean          | 26.5         |
| time/                   |              |
|    fps                  | 447          |
|    iterations           | 21           |
|    time_elapsed         | 1152         |
|    total_timesteps      | 516096       |
| train/                  |              |
|    approx_kl            | 0.0073820576 |
|    clip_fraction        | 0.0788       |
|    clip_range           | 0.2          |
|    entropy_loss         | -1.71        |
|    explained_variance   | 0.854        |
|    learning_rate        | 0.0003       |
|    loss                 | 0.0289       |
|    n_updates            | 100          |
|    policy_gradient_loss | -0.00621     |
|    value_loss           | 0.103        |
------------------------------------------
-----------------------------------------
| rollout/                |             |
|    ep_len_mean          | 260         |
|    ep_rew_mean          | 33.7        |
| time/                   |             |
|    fps                  | 447         |
|    iterations           | 22          |
|    time_elapsed         | 1208        |
|    total_timesteps      | 540672      |
| train/                  |             |
|    approx_kl            | 0.008234867 |
|    clip_fraction        | 0.085       |
|    clip_range           | 0.2         |
|    entropy_loss         | -1.73       |
|    explained_variance   | 0.9         |
|    learning_rate        | 0.0003      |
|    loss                 | 0.0129      |
|    n_updates            | 105         |
|    policy_gradient_loss | -0.00633    |
|    value_loss           | 0.0835      |
-----------------------------------------
-----------------------------------------
| rollout/                |             |
|    ep_len_mean          | 240         |
|    ep_rew_mean          | 29.8        |
| time/                   |             |
|    fps                  | 446         |
|    iterations           | 23          |
|    time_elapsed         | 1266        |
|    total_timesteps      | 565248      |
| train/                  |             |
|    approx_kl            | 0.007261203 |
|    clip_fraction        | 0.0743      |
|    clip_range           | 0.2         |
|    entropy_loss         | -1.68       |
|    explained_variance   | 0.918       |
|    learning_rate        | 0.0003      |
|    loss                 | 0.00733     |
|    n_updates            | 110         |
|    policy_gradient_loss | -0.00511    |
|    value_loss           | 0.0668      |
-----------------------------------------
----------------------------------------
| rollout/                |            |
|    ep_len_mean          | 232        |
|    ep_rew_mean          | 30.8       |
| time/                   |            |
|    fps                  | 445        |
|    iterations           | 24         |
|    time_elapsed         | 1322       |
|    total_timesteps      | 589824     |
| train/                  |            |
|    approx_kl            | 0.00801229 |
|    clip_fraction        | 0.0782     |
|    clip_range           | 0.2        |
|    entropy_loss         | -1.64      |
|    explained_variance   | 0.912      |
|    learning_rate        | 0.0003     |
|    loss                 | 0.0163     |
|    n_updates            | 115        |
|    policy_gradient_loss | -0.00585   |
|    value_loss           | 0.0759     |
----------------------------------------
-----------------------------------------
| rollout/                |             |
|    ep_len_mean          | 243         |
|    ep_rew_mean          | 34.5        |
| time/                   |             |
|    fps                  | 445         |
|    iterations           | 25          |
|    time_elapsed         | 1378        |
|    total_timesteps      | 614400      |
| train/                  |             |
|    approx_kl            | 0.007102642 |
|    clip_fraction        | 0.0761      |
|    clip_range           | 0.2         |
|    entropy_loss         | -1.61       |
|    explained_variance   | 0.896       |
|    learning_rate        | 0.0003      |
|    loss                 | 0.0283      |
|    n_updates            | 120         |
|    policy_gradient_loss | -0.00577    |
|    value_loss           | 0.0838      |
-----------------------------------------
-----------------------------------------
| rollout/                |             |
|    ep_len_mean          | 238         |
|    ep_rew_mean          | 35.9        |
| time/                   |             |
|    fps                  | 445         |
|    iterations           | 26          |
|    time_elapsed         | 1434        |
|    total_timesteps      | 638976      |
| train/                  |             |
|    approx_kl            | 0.006664732 |
|    clip_fraction        | 0.0719      |
|    clip_range           | 0.2         |
|    entropy_loss         | -1.61       |
|    explained_variance   | 0.904       |
|    learning_rate        | 0.0003      |
|    loss                 | 0.0188      |
|    n_updates            | 125         |
|    policy_gradient_loss | -0.00565    |
|    value_loss           | 0.0751      |
-----------------------------------------
------------------------------------------
| rollout/                |              |
|    ep_len_mean          | 224          |
|    ep_rew_mean          | 35.2         |
| time/                   |              |
|    fps                  | 445          |
|    iterations           | 27           |
|    time_elapsed         | 1489         |
|    total_timesteps      | 663552       |
| train/                  |              |
|    approx_kl            | 0.0071998364 |
|    clip_fraction        | 0.0746       |
|    clip_range           | 0.2          |
|    entropy_loss         | -1.58        |
|    explained_variance   | 0.913        |
|    learning_rate        | 0.0003       |
|    loss                 | 0.00293      |
|    n_updates            | 130          |
|    policy_gradient_loss | -0.00518     |
|    value_loss           | 0.0696       |
------------------------------------------
------------------------------------------
| rollout/                |              |
|    ep_len_mean          | 285          |
|    ep_rew_mean          | 35.8         |
| time/                   |              |
|    fps                  | 445          |
|    iterations           | 28           |
|    time_elapsed         | 1544         |
|    total_timesteps      | 688128       |
| train/                  |              |
|    approx_kl            | 0.0068119713 |
|    clip_fraction        | 0.073        |
|    clip_range           | 0.2          |
|    entropy_loss         | -1.6         |
|    explained_variance   | 0.933        |
|    learning_rate        | 0.0003       |
|    loss                 | 0.00502      |
|    n_updates            | 135          |
|    policy_gradient_loss | -0.00587     |
|    value_loss           | 0.0696       |
------------------------------------------
------------------------------------------
| rollout/                |              |
|    ep_len_mean          | 288          |
|    ep_rew_mean          | 38.8         |
| time/                   |              |
|    fps                  | 445          |
|    iterations           | 29           |
|    time_elapsed         | 1599         |
|    total_timesteps      | 712704       |
| train/                  |              |
|    approx_kl            | 0.0066294656 |
|    clip_fraction        | 0.0698       |
|    clip_range           | 0.2          |
|    entropy_loss         | -1.56        |
|    explained_variance   | 0.93         |
|    learning_rate        | 0.0003       |
|    loss                 | 0.0125       |
|    n_updates            | 140          |
|    policy_gradient_loss | -0.00544     |
|    value_loss           | 0.0763       |
------------------------------------------
-----------------------------------------
| rollout/                |             |
|    ep_len_mean          | 278         |
|    ep_rew_mean          | 41.2        |
| time/                   |             |
|    fps                  | 445         |
|    iterations           | 30          |
|    time_elapsed         | 1655        |
|    total_timesteps      | 737280      |
| train/                  |             |
|    approx_kl            | 0.006638007 |
|    clip_fraction        | 0.0615      |
|    clip_range           | 0.2         |
|    entropy_loss         | -1.5        |
|    explained_variance   | 0.898       |
|    learning_rate        | 0.0003      |
|    loss                 | 0.0154      |
|    n_updates            | 145         |
|    policy_gradient_loss | -0.00483    |
|    value_loss           | 0.0779      |
-----------------------------------------
------------------------------------------
| rollout/                |              |
|    ep_len_mean          | 293          |
|    ep_rew_mean          | 39           |
| time/                   |              |
|    fps                  | 445          |
|    iterations           | 31           |
|    time_elapsed         | 1711         |
|    total_timesteps      | 761856       |
| train/                  |              |
|    approx_kl            | 0.0064411648 |
|    clip_fraction        | 0.0671       |
|    clip_range           | 0.2          |
|    entropy_loss         | -1.44        |
|    explained_variance   | 0.938        |
|    learning_rate        | 0.0003       |
|    loss                 | 0.0144       |
|    n_updates            | 150          |
|    policy_gradient_loss | -0.00507     |
|    value_loss           | 0.0606       |
------------------------------------------
------------------------------------------
| rollout/                |              |
|    ep_len_mean          | 369          |
|    ep_rew_mean          | 32.7         |
| time/                   |              |
|    fps                  | 444          |
|    iterations           | 32           |
|    time_elapsed         | 1767         |
|    total_timesteps      | 786432       |
| train/                  |              |
|    approx_kl            | 0.0069812606 |
|    clip_fraction        | 0.0675       |
|    clip_range           | 0.2          |
|    entropy_loss         | -1.49        |
|    explained_variance   | 0.954        |
|    learning_rate        | 0.0003       |
|    loss                 | -0.00364     |
|    n_updates            | 155          |
|    policy_gradient_loss | -0.00436     |
|    value_loss           | 0.0541       |
------------------------------------------
-----------------------------------------
| rollout/                |             |
|    ep_len_mean          | 485         |
|    ep_rew_mean          | 30.8        |
| time/                   |             |
|    fps                  | 444         |
|    iterations           | 33          |
|    time_elapsed         | 1823        |
|    total_timesteps      | 811008      |
| train/                  |             |
|    approx_kl            | 0.008398044 |
|    clip_fraction        | 0.0739      |
|    clip_range           | 0.2         |
|    entropy_loss         | -1.64       |
|    explained_variance   | 0.962       |
|    learning_rate        | 0.0003      |
|    loss                 | -0.01       |
|    n_updates            | 160         |
|    policy_gradient_loss | -0.00493    |
|    value_loss           | 0.0426      |
-----------------------------------------
-----------------------------------------
| rollout/                |             |
|    ep_len_mean          | 523         |
|    ep_rew_mean          | 32.8        |
| time/                   |             |
|    fps                  | 444         |
|    iterations           | 34          |
|    time_elapsed         | 1878        |
|    total_timesteps      | 835584      |
| train/                  |             |
|    approx_kl            | 0.006514139 |
|    clip_fraction        | 0.067       |
|    clip_range           | 0.2         |
|    entropy_loss         | -1.63       |
|    explained_variance   | 0.979       |
|    learning_rate        | 0.0003      |
|    loss                 | -0.00571    |
|    n_updates            | 165         |
|    policy_gradient_loss | -0.00409    |
|    value_loss           | 0.0289      |
-----------------------------------------
------------------------------------------
| rollout/                |              |
|    ep_len_mean          | 355          |
|    ep_rew_mean          | 39.9         |
| time/                   |              |
|    fps                  | 444          |
|    iterations           | 35           |
|    time_elapsed         | 1934         |
|    total_timesteps      | 860160       |
| train/                  |              |
|    approx_kl            | 0.0064246315 |
|    clip_fraction        | 0.0605       |
|    clip_range           | 0.2          |
|    entropy_loss         | -1.51        |
|    explained_variance   | 0.966        |
|    learning_rate        | 0.0003       |
|    loss                 | -0.00148     |
|    n_updates            | 170          |
|    policy_gradient_loss | -0.00485     |
|    value_loss           | 0.0489       |
------------------------------------------
------------------------------------------
| rollout/                |              |
|    ep_len_mean          | 454          |
|    ep_rew_mean          | 38.4         |
| time/                   |              |
|    fps                  | 444          |
|    iterations           | 36           |
|    time_elapsed         | 1990         |
|    total_timesteps      | 884736       |
| train/                  |              |
|    approx_kl            | 0.0060623195 |
|    clip_fraction        | 0.0589       |
|    clip_range           | 0.2          |
|    entropy_loss         | -1.53        |
|    explained_variance   | 0.963        |
|    learning_rate        | 0.0003       |
|    loss                 | -0.0016      |
|    n_updates            | 175          |
|    policy_gradient_loss | -0.00385     |
|    value_loss           | 0.0536       |
------------------------------------------
-----------------------------------------
| rollout/                |             |
|    ep_len_mean          | 319         |
|    ep_rew_mean          | 42.4        |
| time/                   |             |
|    fps                  | 444         |
|    iterations           | 37          |
|    time_elapsed         | 2045        |
|    total_timesteps      | 909312      |
| train/                  |             |
|    approx_kl            | 0.008337357 |
|    clip_fraction        | 0.0719      |
|    clip_range           | 0.2         |
|    entropy_loss         | -1.51       |
|    explained_variance   | 0.961       |
|    learning_rate        | 0.0003      |
|    loss                 | -0.018      |
|    n_updates            | 180         |
|    policy_gradient_loss | -0.00467    |
|    value_loss           | 0.0498      |
-----------------------------------------
------------------------------------------
| rollout/                |              |
|    ep_len_mean          | 345          |
|    ep_rew_mean          | 42.7         |
| time/                   |              |
|    fps                  | 444          |
|    iterations           | 38           |
|    time_elapsed         | 2102         |
|    total_timesteps      | 933888       |
| train/                  |              |
|    approx_kl            | 0.0064177364 |
|    clip_fraction        | 0.0653       |
|    clip_range           | 0.2          |
|    entropy_loss         | -1.45        |
|    explained_variance   | 0.956        |
|    learning_rate        | 0.0003       |
|    loss                 | -0.000669    |
|    n_updates            | 185          |
|    policy_gradient_loss | -0.00488     |
|    value_loss           | 0.0581       |
------------------------------------------
------------------------------------------
| rollout/                |              |
|    ep_len_mean          | 312          |
|    ep_rew_mean          | 43.6         |
| time/                   |              |
|    fps                  | 444          |
|    iterations           | 39           |
|    time_elapsed         | 2158         |
|    total_timesteps      | 958464       |
| train/                  |              |
|    approx_kl            | 0.0077148736 |
|    clip_fraction        | 0.0717       |
|    clip_range           | 0.2          |
|    entropy_loss         | -1.46        |
|    explained_variance   | 0.956        |
|    learning_rate        | 0.0003       |
|    loss                 | -0.00843     |
|    n_updates            | 190          |
|    policy_gradient_loss | -0.00433     |
|    value_loss           | 0.0499       |
------------------------------------------
------------------------------------------
| rollout/                |              |
|    ep_len_mean          | 484          |
|    ep_rew_mean          | 40.3         |
| time/                   |              |
|    fps                  | 444          |
|    iterations           | 40           |
|    time_elapsed         | 2213         |
|    total_timesteps      | 983040       |
| train/                  |              |
|    approx_kl            | 0.0075038983 |
|    clip_fraction        | 0.0656       |
|    clip_range           | 0.2          |
|    entropy_loss         | -1.57        |
|    explained_variance   | 0.965        |
|    learning_rate        | 0.0003       |
|    loss                 | -0.00226     |
|    n_updates            | 195          |
|    policy_gradient_loss | -0.0043      |
|    value_loss           | 0.0425       |
------------------------------------------
[Checkpoint] Saved at 1000000 steps > /home/runner/work/Disciples2-RL/Disciples2-RL/github_experiments/107/blue_dragon/seed107-blue_dragon-29437469808-1/checkpoints/campaign_ppo_step_1000000.zip
Eval num_timesteps=1000008, det_reward=-24.02 +/- 136.62
Episode length: det=1592.65 +/- 2122.88
Victory rate: det=0.00%
--------------------------------------------------
| eval/                           |              |
|    deterministic_mean_ep_length | 1.59e+03     |
|    deterministic_mean_reward    | -24          |
|    deterministic_victory_rate   | 0            |
|    mean_ep_length               | 1.59e+03     |
|    mean_reward                  | -24          |
|    victory_rate                 | 0            |
| time/                           |              |
|    total_timesteps              | 1000008      |
| train/                          |              |
|    approx_kl                    | 0.0059796856 |
|    clip_fraction                | 0.0579       |
|    clip_range                   | 0.2          |
|    entropy_loss                 | -1.52        |
|    explained_variance           | 0.963        |
|    learning_rate                | 0.0003       |
|    loss                         | -0.00111     |
|    n_updates                    | 200          |
|    policy_gradient_loss         | -0.00425     |
|    value_loss                   | 0.0435       |
--------------------------------------------------
New best model by deterministic victory rate!
---------------------------------
| rollout/           |          |
|    ep_len_mean     | 457      |
|    ep_rew_mean     | 47       |
| time/              |          |
|    fps             | 423      |
|    iterations      | 41       |
|    time_elapsed    | 2376     |
|    total_timesteps | 1007616  |
---------------------------------
VecNormalize stats saved: /home/runner/work/Disciples2-RL/Disciples2-RL/github_experiments/107/blue_dragon/seed107-blue_dragon-29437469808-1/models/vecnormalize.pkl

Финальная модель сохранена: /home/runner/work/Disciples2-RL/Disciples2-RL/github_experiments/107/blue_dragon/seed107-blue_dragon-29437469808-1/models/final_model.zip

============================================================
ИТОГИ ОБУЧЕНИЯ:
  Побед: 0
  Поражений: 4095
  Таймаутов: 6
  Побед бота столицы над врагами: 0
  Перестановок юнитов: 209681
  Winrate: 0.0%
============================================================
  График призывов за эпизод: /home/runner/work/Disciples2-RL/Disciples2-RL/github_experiments/107/blue_dragon/seed107-blue_dragon-29437469808-1/plots/campaign_summoned_units_per_episode.png
  График призывов за всё обучение: /home/runner/work/Disciples2-RL/Disciples2-RL/github_experiments/107/blue_dragon/seed107-blue_dragon-29437469808-1/plots/campaign_summoned_units_cumulative.png
  График найма за эпизод: /home/runner/work/Disciples2-RL/Disciples2-RL/github_experiments/107/blue_dragon/seed107-blue_dragon-29437469808-1/plots/campaign_hired_units_per_episode.png
  График найма за всё обучение: /home/runner/work/Disciples2-RL/Disciples2-RL/github_experiments/107/blue_dragon/seed107-blue_dragon-29437469808-1/plots/campaign_hired_units_cumulative.png
  График перестановок юнитов за эпизод: /home/runner/work/Disciples2-RL/Disciples2-RL/github_experiments/107/blue_dragon/seed107-blue_dragon-29437469808-1/plots/campaign_unit_swaps_per_episode.png
  График боевых предметов: /home/runner/work/Disciples2-RL/Disciples2-RL/github_experiments/107/blue_dragon/seed107-blue_dragon-29437469808-1/plots/campaign_battle_item_activity.png
  График побед бота столицы за эпизод: /home/runner/work/Disciples2-RL/Disciples2-RL/github_experiments/107/blue_dragon/seed107-blue_dragon-29437469808-1/plots/campaign_scripted_bot_victories_per_episode.png
  График применения заклинаний: /home/runner/work/Disciples2-RL/Disciples2-RL/github_experiments/107/blue_dragon/seed107-blue_dragon-29437469808-1/plots/campaign_spell_cast_activity.png
