Проверка среды CampaignEnv...
Среда прошла проверку!
[INFO] Comet disabled, running without experiment tracking
Создание 12 параллельных сред (subproc)...
Инициализация MaskablePPO...
Using cpu device

============================================================
Запуск обучения Campaign Agent
Всего шагов: 1,000,000
Параллельных сред: 12
VecEnv: subproc
VecEnv start method: forkserver
Seed: 105
Checkpoint каждые: 500,000 шагов
Evaluation каждые: 83,334 шагов
Eval deterministic эпизодов: 20
Eval stochastic эпизодов: 0
Eval лимит шагов на эпизод: 5000
Campaign objective: dragon
System resources at training start:
  Platform: Linux 6.17.0-1018-azure (x86_64)
  Python: 3.14.6
  PyTorch: 2.13.0+cpu
  Training device: cpu
  CPU model: AMD EPYC 7763 64-Core Processor
  CPU vendor: AuthenticAMD
  Logical CPUs visible: 4
  Process CPU affinity: 4
  Sockets: 1
  Cores per socket: 2
  Threads per core: 2
  CPU max MHz: unknown
  CPU min MHz: unknown
  L1d cache: 64 KiB (2 instances)
  L1i cache: 64 KiB (2 instances)
  L2 cache: 1 MiB (2 instances)
  L3 cache: 32 MiB (1 instance)
  Virtualization: AMD-V
  Hypervisor: Microsoft
  RAM total: 15.61 GiB
  RAM available at start: 13.93 GiB
  Disk total: 144.26 GiB
  Disk free at start: 86.11 GiB
  Torch intra-op threads: 4
  Torch inter-op threads: 2
  OMP_NUM_THREADS: 4
  MKL_NUM_THREADS: 4
  OPENBLAS_NUM_THREADS: 4
  GitHub runner OS: Linux
  GitHub runner architecture: X64
  GitHub runner environment: github-hosted
PPO n_steps: 2,048
PPO batch_size: 512
PPO n_epochs: 5
PPO learning_rate: 0.0003
PPO clip_range: 0.2
PPO ent_coef: 0.01
PPO gamma: 0.995
PPO gae_lambda: 0.95
PPO target_kl: disabled
PPO gradient batches per rollout: 240
VecCheckNan: disabled
Freeze action layout: enabled
Empire territory: enabled
Torch threads per process: 4
Diagnostics: disabled
Wall-clock training limit: disabled
Run ID: seed105-green_dragon-29311397403-1
============================================================

Logging to /home/runner/work/Disciples2-RL/Disciples2-RL/github_experiments/105/green_dragon/seed105-green_dragon-29311397403-1/tensorboard/MaskablePPO_1
---------------------------------
| rollout/           |          |
|    ep_len_mean     | 321      |
|    ep_rew_mean     | 3.25     |
| time/              |          |
|    fps             | 406      |
|    iterations      | 1        |
|    time_elapsed    | 60       |
|    total_timesteps | 24576    |
---------------------------------
------------------------------------------
| rollout/                |              |
|    ep_len_mean          | 395          |
|    ep_rew_mean          | 3.36         |
| time/                   |              |
|    fps                  | 380          |
|    iterations           | 2            |
|    time_elapsed         | 129          |
|    total_timesteps      | 49152        |
| train/                  |              |
|    approx_kl            | 0.0098486915 |
|    clip_fraction        | 0.0801       |
|    clip_range           | 0.2          |
|    entropy_loss         | -2.24        |
|    explained_variance   | -0.0621      |
|    learning_rate        | 0.0003       |
|    loss                 | 0.166        |
|    n_updates            | 5            |
|    policy_gradient_loss | -0.00584     |
|    value_loss           | 0.275        |
------------------------------------------
-----------------------------------------
| rollout/                |             |
|    ep_len_mean          | 450         |
|    ep_rew_mean          | 2.43        |
| time/                   |             |
|    fps                  | 368         |
|    iterations           | 3           |
|    time_elapsed         | 200         |
|    total_timesteps      | 73728       |
| train/                  |             |
|    approx_kl            | 0.012224175 |
|    clip_fraction        | 0.129       |
|    clip_range           | 0.2         |
|    entropy_loss         | -2.22       |
|    explained_variance   | 0.571       |
|    learning_rate        | 0.0003      |
|    loss                 | 0.0346      |
|    n_updates            | 10          |
|    policy_gradient_loss | -0.0092     |
|    value_loss           | 0.115       |
-----------------------------------------
-----------------------------------------
| rollout/                |             |
|    ep_len_mean          | 692         |
|    ep_rew_mean          | -4.81       |
| time/                   |             |
|    fps                  | 366         |
|    iterations           | 4           |
|    time_elapsed         | 268         |
|    total_timesteps      | 98304       |
| train/                  |             |
|    approx_kl            | 0.009987953 |
|    clip_fraction        | 0.0957      |
|    clip_range           | 0.2         |
|    entropy_loss         | -2.1        |
|    explained_variance   | 0.696       |
|    learning_rate        | 0.0003      |
|    loss                 | 4.77e-05    |
|    n_updates            | 15          |
|    policy_gradient_loss | -0.00677    |
|    value_loss           | 0.0598      |
-----------------------------------------
-----------------------------------------
| rollout/                |             |
|    ep_len_mean          | 762         |
|    ep_rew_mean          | -6.09       |
| time/                   |             |
|    fps                  | 364         |
|    iterations           | 5           |
|    time_elapsed         | 337         |
|    total_timesteps      | 122880      |
| train/                  |             |
|    approx_kl            | 0.009098316 |
|    clip_fraction        | 0.0837      |
|    clip_range           | 0.2         |
|    entropy_loss         | -2.17       |
|    explained_variance   | 0.892       |
|    learning_rate        | 0.0003      |
|    loss                 | -0.0172     |
|    n_updates            | 20          |
|    policy_gradient_loss | -0.00618    |
|    value_loss           | 0.0267      |
-----------------------------------------
----------------------------------------
| rollout/                |            |
|    ep_len_mean          | 667        |
|    ep_rew_mean          | 1.31       |
| time/                   |            |
|    fps                  | 362        |
|    iterations           | 6          |
|    time_elapsed         | 406        |
|    total_timesteps      | 147456     |
| train/                  |            |
|    approx_kl            | 0.01033025 |
|    clip_fraction        | 0.0907     |
|    clip_range           | 0.2        |
|    entropy_loss         | -2.14      |
|    explained_variance   | 0.9        |
|    learning_rate        | 0.0003     |
|    loss                 | -0.0161    |
|    n_updates            | 25         |
|    policy_gradient_loss | -0.0075    |
|    value_loss           | 0.0268     |
----------------------------------------
-----------------------------------------
| rollout/                |             |
|    ep_len_mean          | 503         |
|    ep_rew_mean          | 9.17        |
| time/                   |             |
|    fps                  | 362         |
|    iterations           | 7           |
|    time_elapsed         | 474         |
|    total_timesteps      | 172032      |
| train/                  |             |
|    approx_kl            | 0.008749287 |
|    clip_fraction        | 0.0787      |
|    clip_range           | 0.2         |
|    entropy_loss         | -2.09       |
|    explained_variance   | 0.91        |
|    learning_rate        | 0.0003      |
|    loss                 | -0.0198     |
|    n_updates            | 30          |
|    policy_gradient_loss | -0.00706    |
|    value_loss           | 0.0336      |
-----------------------------------------
---------------------------------------
| rollout/                |           |
|    ep_len_mean          | 449       |
|    ep_rew_mean          | 12.9      |
| time/                   |           |
|    fps                  | 361       |
|    iterations           | 8         |
|    time_elapsed         | 544       |
|    total_timesteps      | 196608    |
| train/                  |           |
|    approx_kl            | 0.0106815 |
|    clip_fraction        | 0.123     |
|    clip_range           | 0.2       |
|    entropy_loss         | -2.11     |
|    explained_variance   | 0.92      |
|    learning_rate        | 0.0003    |
|    loss                 | -0.0111   |
|    n_updates            | 35        |
|    policy_gradient_loss | -0.00966  |
|    value_loss           | 0.0319    |
---------------------------------------
-----------------------------------------
| rollout/                |             |
|    ep_len_mean          | 413         |
|    ep_rew_mean          | 14.7        |
| time/                   |             |
|    fps                  | 360         |
|    iterations           | 9           |
|    time_elapsed         | 613         |
|    total_timesteps      | 221184      |
| train/                  |             |
|    approx_kl            | 0.009175763 |
|    clip_fraction        | 0.0972      |
|    clip_range           | 0.2         |
|    entropy_loss         | -2.09       |
|    explained_variance   | 0.895       |
|    learning_rate        | 0.0003      |
|    loss                 | -0.0087     |
|    n_updates            | 40          |
|    policy_gradient_loss | -0.00886    |
|    value_loss           | 0.0458      |
-----------------------------------------
----------------------------------------
| rollout/                |            |
|    ep_len_mean          | 346        |
|    ep_rew_mean          | 15.7       |
| time/                   |            |
|    fps                  | 360        |
|    iterations           | 10         |
|    time_elapsed         | 682        |
|    total_timesteps      | 245760     |
| train/                  |            |
|    approx_kl            | 0.00949309 |
|    clip_fraction        | 0.105      |
|    clip_range           | 0.2        |
|    entropy_loss         | -2.1       |
|    explained_variance   | 0.914      |
|    learning_rate        | 0.0003     |
|    loss                 | -0.00982   |
|    n_updates            | 45         |
|    policy_gradient_loss | -0.00813   |
|    value_loss           | 0.0402     |
----------------------------------------
-----------------------------------------
| rollout/                |             |
|    ep_len_mean          | 324         |
|    ep_rew_mean          | 17.7        |
| time/                   |             |
|    fps                  | 360         |
|    iterations           | 11          |
|    time_elapsed         | 749         |
|    total_timesteps      | 270336      |
| train/                  |             |
|    approx_kl            | 0.009435991 |
|    clip_fraction        | 0.0989      |
|    clip_range           | 0.2         |
|    entropy_loss         | -2.11       |
|    explained_variance   | 0.89        |
|    learning_rate        | 0.0003      |
|    loss                 | -0.00905    |
|    n_updates            | 50          |
|    policy_gradient_loss | -0.00711    |
|    value_loss           | 0.0587      |
-----------------------------------------
-----------------------------------------
| rollout/                |             |
|    ep_len_mean          | 317         |
|    ep_rew_mean          | 18.8        |
| time/                   |             |
|    fps                  | 361         |
|    iterations           | 12          |
|    time_elapsed         | 815         |
|    total_timesteps      | 294912      |
| train/                  |             |
|    approx_kl            | 0.009909832 |
|    clip_fraction        | 0.0926      |
|    clip_range           | 0.2         |
|    entropy_loss         | -2.1        |
|    explained_variance   | 0.908       |
|    learning_rate        | 0.0003      |
|    loss                 | -0.0138     |
|    n_updates            | 55          |
|    policy_gradient_loss | -0.00639    |
|    value_loss           | 0.0511      |
-----------------------------------------
-----------------------------------------
| rollout/                |             |
|    ep_len_mean          | 328         |
|    ep_rew_mean          | 19.9        |
| time/                   |             |
|    fps                  | 361         |
|    iterations           | 13          |
|    time_elapsed         | 883         |
|    total_timesteps      | 319488      |
| train/                  |             |
|    approx_kl            | 0.008721019 |
|    clip_fraction        | 0.0891      |
|    clip_range           | 0.2         |
|    entropy_loss         | -2.09       |
|    explained_variance   | 0.927       |
|    learning_rate        | 0.0003      |
|    loss                 | -0.00912    |
|    n_updates            | 60          |
|    policy_gradient_loss | -0.00696    |
|    value_loss           | 0.0466      |
-----------------------------------------
-----------------------------------------
| rollout/                |             |
|    ep_len_mean          | 331         |
|    ep_rew_mean          | 21          |
| time/                   |             |
|    fps                  | 361         |
|    iterations           | 14          |
|    time_elapsed         | 951         |
|    total_timesteps      | 344064      |
| train/                  |             |
|    approx_kl            | 0.008869875 |
|    clip_fraction        | 0.0975      |
|    clip_range           | 0.2         |
|    entropy_loss         | -2.04       |
|    explained_variance   | 0.933       |
|    learning_rate        | 0.0003      |
|    loss                 | -0.0228     |
|    n_updates            | 65          |
|    policy_gradient_loss | -0.00706    |
|    value_loss           | 0.0453      |
-----------------------------------------
-----------------------------------------
| rollout/                |             |
|    ep_len_mean          | 315         |
|    ep_rew_mean          | 21.6        |
| time/                   |             |
|    fps                  | 361         |
|    iterations           | 15          |
|    time_elapsed         | 1021        |
|    total_timesteps      | 368640      |
| train/                  |             |
|    approx_kl            | 0.009184469 |
|    clip_fraction        | 0.0929      |
|    clip_range           | 0.2         |
|    entropy_loss         | -2          |
|    explained_variance   | 0.93        |
|    learning_rate        | 0.0003      |
|    loss                 | -0.00123    |
|    n_updates            | 70          |
|    policy_gradient_loss | -0.00669    |
|    value_loss           | 0.0504      |
-----------------------------------------
-----------------------------------------
| rollout/                |             |
|    ep_len_mean          | 300         |
|    ep_rew_mean          | 22.9        |
| time/                   |             |
|    fps                  | 361         |
|    iterations           | 16          |
|    time_elapsed         | 1088        |
|    total_timesteps      | 393216      |
| train/                  |             |
|    approx_kl            | 0.008313954 |
|    clip_fraction        | 0.0847      |
|    clip_range           | 0.2         |
|    entropy_loss         | -2.01       |
|    explained_variance   | 0.927       |
|    learning_rate        | 0.0003      |
|    loss                 | -0.0103     |
|    n_updates            | 75          |
|    policy_gradient_loss | -0.00604    |
|    value_loss           | 0.0556      |
-----------------------------------------
-----------------------------------------
| rollout/                |             |
|    ep_len_mean          | 314         |
|    ep_rew_mean          | 22.7        |
| time/                   |             |
|    fps                  | 361         |
|    iterations           | 17          |
|    time_elapsed         | 1156        |
|    total_timesteps      | 417792      |
| train/                  |             |
|    approx_kl            | 0.008149306 |
|    clip_fraction        | 0.0821      |
|    clip_range           | 0.2         |
|    entropy_loss         | -1.96       |
|    explained_variance   | 0.874       |
|    learning_rate        | 0.0003      |
|    loss                 | 0.00351     |
|    n_updates            | 80          |
|    policy_gradient_loss | -0.006      |
|    value_loss           | 0.102       |
-----------------------------------------
-----------------------------------------
| rollout/                |             |
|    ep_len_mean          | 328         |
|    ep_rew_mean          | 24.7        |
| time/                   |             |
|    fps                  | 361         |
|    iterations           | 18          |
|    time_elapsed         | 1223        |
|    total_timesteps      | 442368      |
| train/                  |             |
|    approx_kl            | 0.008480748 |
|    clip_fraction        | 0.0788      |
|    clip_range           | 0.2         |
|    entropy_loss         | -1.92       |
|    explained_variance   | 0.922       |
|    learning_rate        | 0.0003      |
|    loss                 | -0.00768    |
|    n_updates            | 85          |
|    policy_gradient_loss | -0.00594    |
|    value_loss           | 0.0488      |
-----------------------------------------
------------------------------------------
| rollout/                |              |
|    ep_len_mean          | 395          |
|    ep_rew_mean          | 23.2         |
| time/                   |              |
|    fps                  | 362          |
|    iterations           | 19           |
|    time_elapsed         | 1289         |
|    total_timesteps      | 466944       |
| train/                  |              |
|    approx_kl            | 0.0077068973 |
|    clip_fraction        | 0.072        |
|    clip_range           | 0.2          |
|    entropy_loss         | -1.86        |
|    explained_variance   | 0.931        |
|    learning_rate        | 0.0003       |
|    loss                 | 0.00175      |
|    n_updates            | 90           |
|    policy_gradient_loss | -0.00508     |
|    value_loss           | 0.0508       |
------------------------------------------
----------------------------------------
| rollout/                |            |
|    ep_len_mean          | 461        |
|    ep_rew_mean          | 23.9       |
| time/                   |            |
|    fps                  | 362        |
|    iterations           | 20         |
|    time_elapsed         | 1354       |
|    total_timesteps      | 491520     |
| train/                  |            |
|    approx_kl            | 0.00757769 |
|    clip_fraction        | 0.074      |
|    clip_range           | 0.2        |
|    entropy_loss         | -1.8       |
|    explained_variance   | 0.95       |
|    learning_rate        | 0.0003     |
|    loss                 | -0.01      |
|    n_updates            | 95         |
|    policy_gradient_loss | -0.00561   |
|    value_loss           | 0.0425     |
----------------------------------------
[Checkpoint] Saved at 500000 steps > /home/runner/work/Disciples2-RL/Disciples2-RL/github_experiments/105/green_dragon/seed105-green_dragon-29311397403-1/checkpoints/campaign_ppo_step_500000.zip
-----------------------------------------
| rollout/                |             |
|    ep_len_mean          | 648         |
|    ep_rew_mean          | 21.4        |
| time/                   |             |
|    fps                  | 363         |
|    iterations           | 21          |
|    time_elapsed         | 1419        |
|    total_timesteps      | 516096      |
| train/                  |             |
|    approx_kl            | 0.009221354 |
|    clip_fraction        | 0.0696      |
|    clip_range           | 0.2         |
|    entropy_loss         | -1.77       |
|    explained_variance   | 0.902       |
|    learning_rate        | 0.0003      |
|    loss                 | 0.00282     |
|    n_updates            | 100         |
|    policy_gradient_loss | -0.00316    |
|    value_loss           | 0.0864      |
-----------------------------------------
-----------------------------------------
| rollout/                |             |
|    ep_len_mean          | 698         |
|    ep_rew_mean          | 22          |
| time/                   |             |
|    fps                  | 363         |
|    iterations           | 22          |
|    time_elapsed         | 1487        |
|    total_timesteps      | 540672      |
| train/                  |             |
|    approx_kl            | 0.008588704 |
|    clip_fraction        | 0.101       |
|    clip_range           | 0.2         |
|    entropy_loss         | -1.69       |
|    explained_variance   | 0.965       |
|    learning_rate        | 0.0003      |
|    loss                 | -0.0278     |
|    n_updates            | 105         |
|    policy_gradient_loss | -0.00606    |
|    value_loss           | 0.0236      |
-----------------------------------------
-----------------------------------------
| rollout/                |             |
|    ep_len_mean          | 837         |
|    ep_rew_mean          | 22.5        |
| time/                   |             |
|    fps                  | 363         |
|    iterations           | 23          |
|    time_elapsed         | 1553        |
|    total_timesteps      | 565248      |
| train/                  |             |
|    approx_kl            | 0.007924422 |
|    clip_fraction        | 0.067       |
|    clip_range           | 0.2         |
|    entropy_loss         | -1.72       |
|    explained_variance   | 0.949       |
|    learning_rate        | 0.0003      |
|    loss                 | -0.0109     |
|    n_updates            | 110         |
|    policy_gradient_loss | -0.00418    |
|    value_loss           | 0.033       |
-----------------------------------------
-----------------------------------------
| rollout/                |             |
|    ep_len_mean          | 1.01e+03    |
|    ep_rew_mean          | 17.9        |
| time/                   |             |
|    fps                  | 364         |
|    iterations           | 24          |
|    time_elapsed         | 1618        |
|    total_timesteps      | 589824      |
| train/                  |             |
|    approx_kl            | 0.008099598 |
|    clip_fraction        | 0.075       |
|    clip_range           | 0.2         |
|    entropy_loss         | -1.71       |
|    explained_variance   | 0.957       |
|    learning_rate        | 0.0003      |
|    loss                 | -0.00756    |
|    n_updates            | 115         |
|    policy_gradient_loss | -0.00467    |
|    value_loss           | 0.0267      |
-----------------------------------------
------------------------------------------
| rollout/                |              |
|    ep_len_mean          | 1.13e+03     |
|    ep_rew_mean          | 19.5         |
| time/                   |              |
|    fps                  | 364          |
|    iterations           | 25           |
|    time_elapsed         | 1683         |
|    total_timesteps      | 614400       |
| train/                  |              |
|    approx_kl            | 0.0064682043 |
|    clip_fraction        | 0.0531       |
|    clip_range           | 0.2          |
|    entropy_loss         | -1.71        |
|    explained_variance   | 0.967        |
|    learning_rate        | 0.0003       |
|    loss                 | -0.00903     |
|    n_updates            | 120          |
|    policy_gradient_loss | -0.00392     |
|    value_loss           | 0.0255       |
------------------------------------------
-----------------------------------------
| rollout/                |             |
|    ep_len_mean          | 1.07e+03    |
|    ep_rew_mean          | 30.2        |
| time/                   |             |
|    fps                  | 364         |
|    iterations           | 26          |
|    time_elapsed         | 1751        |
|    total_timesteps      | 638976      |
| train/                  |             |
|    approx_kl            | 0.008156191 |
|    clip_fraction        | 0.0819      |
|    clip_range           | 0.2         |
|    entropy_loss         | -1.68       |
|    explained_variance   | 0.914       |
|    learning_rate        | 0.0003      |
|    loss                 | -0.000913   |
|    n_updates            | 125         |
|    policy_gradient_loss | -0.00296    |
|    value_loss           | 0.0696      |
-----------------------------------------
----------------------------------------
| rollout/                |            |
|    ep_len_mean          | 826        |
|    ep_rew_mean          | 43.3       |
| time/                   |            |
|    fps                  | 364        |
|    iterations           | 27         |
|    time_elapsed         | 1818       |
|    total_timesteps      | 663552     |
| train/                  |            |
|    approx_kl            | 0.00766407 |
|    clip_fraction        | 0.0591     |
|    clip_range           | 0.2        |
|    entropy_loss         | -1.76      |
|    explained_variance   | 0.912      |
|    learning_rate        | 0.0003     |
|    loss                 | -0.00588   |
|    n_updates            | 130        |
|    policy_gradient_loss | -0.00473   |
|    value_loss           | 0.0537     |
----------------------------------------
-----------------------------------------
| rollout/                |             |
|    ep_len_mean          | 617         |
|    ep_rew_mean          | 54.9        |
| time/                   |             |
|    fps                  | 364         |
|    iterations           | 28          |
|    time_elapsed         | 1886        |
|    total_timesteps      | 688128      |
| train/                  |             |
|    approx_kl            | 0.007824226 |
|    clip_fraction        | 0.0637      |
|    clip_range           | 0.2         |
|    entropy_loss         | -1.73       |
|    explained_variance   | 0.886       |
|    learning_rate        | 0.0003      |
|    loss                 | 0.00965     |
|    n_updates            | 135         |
|    policy_gradient_loss | -0.00344    |
|    value_loss           | 0.0596      |
-----------------------------------------
-----------------------------------------
| rollout/                |             |
|    ep_len_mean          | 644         |
|    ep_rew_mean          | 53.4        |
| time/                   |             |
|    fps                  | 365         |
|    iterations           | 29          |
|    time_elapsed         | 1950        |
|    total_timesteps      | 712704      |
| train/                  |             |
|    approx_kl            | 0.007584393 |
|    clip_fraction        | 0.0702      |
|    clip_range           | 0.2         |
|    entropy_loss         | -1.68       |
|    explained_variance   | 0.848       |
|    learning_rate        | 0.0003      |
|    loss                 | 0.0216      |
|    n_updates            | 140         |
|    policy_gradient_loss | -0.00391    |
|    value_loss           | 0.0902      |
-----------------------------------------
------------------------------------------
| rollout/                |              |
|    ep_len_mean          | 721          |
|    ep_rew_mean          | 60.1         |
| time/                   |              |
|    fps                  | 365          |
|    iterations           | 30           |
|    time_elapsed         | 2016         |
|    total_timesteps      | 737280       |
| train/                  |              |
|    approx_kl            | 0.0072185844 |
|    clip_fraction        | 0.0573       |
|    clip_range           | 0.2          |
|    entropy_loss         | -1.61        |
|    explained_variance   | 0.928        |
|    learning_rate        | 0.0003       |
|    loss                 | -0.00347     |
|    n_updates            | 145          |
|    policy_gradient_loss | -0.00446     |
|    value_loss           | 0.0479       |
------------------------------------------
------------------------------------------
| rollout/                |              |
|    ep_len_mean          | 744          |
|    ep_rew_mean          | 55.6         |
| time/                   |              |
|    fps                  | 365          |
|    iterations           | 31           |
|    time_elapsed         | 2085         |
|    total_timesteps      | 761856       |
| train/                  |              |
|    approx_kl            | 0.0066655693 |
|    clip_fraction        | 0.057        |
|    clip_range           | 0.2          |
|    entropy_loss         | -1.64        |
|    explained_variance   | 0.916        |
|    learning_rate        | 0.0003       |
|    loss                 | 0.00207      |
|    n_updates            | 150          |
|    policy_gradient_loss | -0.00385     |
|    value_loss           | 0.0564       |
------------------------------------------
-----------------------------------------
| rollout/                |             |
|    ep_len_mean          | 804         |
|    ep_rew_mean          | 64.4        |
| time/                   |             |
|    fps                  | 365         |
|    iterations           | 32          |
|    time_elapsed         | 2152        |
|    total_timesteps      | 786432      |
| train/                  |             |
|    approx_kl            | 0.007445462 |
|    clip_fraction        | 0.0539      |
|    clip_range           | 0.2         |
|    entropy_loss         | -1.66       |
|    explained_variance   | 0.919       |
|    learning_rate        | 0.0003      |
|    loss                 | 0.00169     |
|    n_updates            | 155         |
|    policy_gradient_loss | -0.00374    |
|    value_loss           | 0.0491      |
-----------------------------------------
-----------------------------------------
| rollout/                |             |
|    ep_len_mean          | 793         |
|    ep_rew_mean          | 65.2        |
| time/                   |             |
|    fps                  | 365         |
|    iterations           | 33          |
|    time_elapsed         | 2218        |
|    total_timesteps      | 811008      |
| train/                  |             |
|    approx_kl            | 0.007345337 |
|    clip_fraction        | 0.0589      |
|    clip_range           | 0.2         |
|    entropy_loss         | -1.61       |
|    explained_variance   | 0.835       |
|    learning_rate        | 0.0003      |
|    loss                 | 0.0353      |
|    n_updates            | 160         |
|    policy_gradient_loss | -0.00333    |
|    value_loss           | 0.119       |
-----------------------------------------
-----------------------------------------
| rollout/                |             |
|    ep_len_mean          | 898         |
|    ep_rew_mean          | 70.5        |
| time/                   |             |
|    fps                  | 365         |
|    iterations           | 34          |
|    time_elapsed         | 2284        |
|    total_timesteps      | 835584      |
| train/                  |             |
|    approx_kl            | 0.006878011 |
|    clip_fraction        | 0.0482      |
|    clip_range           | 0.2         |
|    entropy_loss         | -1.57       |
|    explained_variance   | 0.91        |
|    learning_rate        | 0.0003      |
|    loss                 | 0.00995     |
|    n_updates            | 165         |
|    policy_gradient_loss | -0.00333    |
|    value_loss           | 0.0455      |
-----------------------------------------
------------------------------------------
| rollout/                |              |
|    ep_len_mean          | 910          |
|    ep_rew_mean          | 75.6         |
| time/                   |              |
|    fps                  | 365          |
|    iterations           | 35           |
|    time_elapsed         | 2351         |
|    total_timesteps      | 860160       |
| train/                  |              |
|    approx_kl            | 0.0062589697 |
|    clip_fraction        | 0.0482       |
|    clip_range           | 0.2          |
|    entropy_loss         | -1.58        |
|    explained_variance   | 0.92         |
|    learning_rate        | 0.0003       |
|    loss                 | -0.0011      |
|    n_updates            | 170          |
|    policy_gradient_loss | -0.00307     |
|    value_loss           | 0.0401       |
------------------------------------------
-----------------------------------------
| rollout/                |             |
|    ep_len_mean          | 987         |
|    ep_rew_mean          | 77.7        |
| time/                   |             |
|    fps                  | 365         |
|    iterations           | 36          |
|    time_elapsed         | 2419        |
|    total_timesteps      | 884736      |
| train/                  |             |
|    approx_kl            | 0.006744962 |
|    clip_fraction        | 0.0561      |
|    clip_range           | 0.2         |
|    entropy_loss         | -1.58       |
|    explained_variance   | 0.943       |
|    learning_rate        | 0.0003      |
|    loss                 | -0.00583    |
|    n_updates            | 175         |
|    policy_gradient_loss | -0.00375    |
|    value_loss           | 0.0416      |
-----------------------------------------
------------------------------------------
| rollout/                |              |
|    ep_len_mean          | 904          |
|    ep_rew_mean          | 75.8         |
| time/                   |              |
|    fps                  | 365          |
|    iterations           | 37           |
|    time_elapsed         | 2485         |
|    total_timesteps      | 909312       |
| train/                  |              |
|    approx_kl            | 0.0073324605 |
|    clip_fraction        | 0.06         |
|    clip_range           | 0.2          |
|    entropy_loss         | -1.58        |
|    explained_variance   | 0.899        |
|    learning_rate        | 0.0003       |
|    loss                 | 0.0586       |
|    n_updates            | 180          |
|    policy_gradient_loss | -0.00362     |
|    value_loss           | 0.0748       |
------------------------------------------
-----------------------------------------
| rollout/                |             |
|    ep_len_mean          | 789         |
|    ep_rew_mean          | 73.4        |
| time/                   |             |
|    fps                  | 366         |
|    iterations           | 38          |
|    time_elapsed         | 2551        |
|    total_timesteps      | 933888      |
| train/                  |             |
|    approx_kl            | 0.008600025 |
|    clip_fraction        | 0.0664      |
|    clip_range           | 0.2         |
|    entropy_loss         | -1.56       |
|    explained_variance   | 0.884       |
|    learning_rate        | 0.0003      |
|    loss                 | 0.00554     |
|    n_updates            | 185         |
|    policy_gradient_loss | -0.00419    |
|    value_loss           | 0.0571      |
-----------------------------------------
-----------------------------------------
| rollout/                |             |
|    ep_len_mean          | 671         |
|    ep_rew_mean          | 67.5        |
| time/                   |             |
|    fps                  | 366         |
|    iterations           | 39          |
|    time_elapsed         | 2618        |
|    total_timesteps      | 958464      |
| train/                  |             |
|    approx_kl            | 0.007913663 |
|    clip_fraction        | 0.0696      |
|    clip_range           | 0.2         |
|    entropy_loss         | -1.55       |
|    explained_variance   | 0.918       |
|    learning_rate        | 0.0003      |
|    loss                 | 0.0147      |
|    n_updates            | 190         |
|    policy_gradient_loss | -0.00425    |
|    value_loss           | 0.058       |
-----------------------------------------
-----------------------------------------
| rollout/                |             |
|    ep_len_mean          | 769         |
|    ep_rew_mean          | 73.9        |
| time/                   |             |
|    fps                  | 365         |
|    iterations           | 40          |
|    time_elapsed         | 2686        |
|    total_timesteps      | 983040      |
| train/                  |             |
|    approx_kl            | 0.007671596 |
|    clip_fraction        | 0.0693      |
|    clip_range           | 0.2         |
|    entropy_loss         | -1.55       |
|    explained_variance   | 0.923       |
|    learning_rate        | 0.0003      |
|    loss                 | -0.00424    |
|    n_updates            | 195         |
|    policy_gradient_loss | -0.00426    |
|    value_loss           | 0.0533      |
-----------------------------------------
[Checkpoint] Saved at 1000000 steps > /home/runner/work/Disciples2-RL/Disciples2-RL/github_experiments/105/green_dragon/seed105-green_dragon-29311397403-1/checkpoints/campaign_ppo_step_1000000.zip
Eval num_timesteps=1000008, det_reward=-111.32 +/- 122.74
Episode length: det=3388.40 +/- 1907.45
Victory rate: det=0.00%
-------------------------------------------------
| eval/                           |             |
|    deterministic_mean_ep_length | 3.39e+03    |
|    deterministic_mean_reward    | -111        |
|    deterministic_victory_rate   | 0           |
|    mean_ep_length               | 3.39e+03    |
|    mean_reward                  | -111        |
|    victory_rate                 | 0           |
| time/                           |             |
|    total_timesteps              | 1000008     |
| train/                          |             |
|    approx_kl                    | 0.009087981 |
|    clip_fraction                | 0.0549      |
|    clip_range                   | 0.2         |
|    entropy_loss                 | -1.57       |
|    explained_variance           | 0.937       |
|    learning_rate                | 0.0003      |
|    loss                         | 0.00168     |
|    n_updates                    | 200         |
|    policy_gradient_loss         | -0.00364    |
|    value_loss                   | 0.0385      |
-------------------------------------------------
New best model by deterministic victory rate!
---------------------------------
| rollout/           |          |
|    ep_len_mean     | 806      |
|    ep_rew_mean     | 73.3     |
| time/              |          |
|    fps             | 330      |
|    iterations      | 41       |
|    time_elapsed    | 3047     |
|    total_timesteps | 1007616  |
---------------------------------
VecNormalize stats saved: /home/runner/work/Disciples2-RL/Disciples2-RL/github_experiments/105/green_dragon/seed105-green_dragon-29311397403-1/models/vecnormalize.pkl

Финальная модель сохранена: /home/runner/work/Disciples2-RL/Disciples2-RL/github_experiments/105/green_dragon/seed105-green_dragon-29311397403-1/models/final_model.zip

============================================================
ИТОГИ ОБУЧЕНИЯ:
  Побед: 7
  Поражений: 1800
  Таймаутов: 0
  Побед бота столицы над врагами: 0
  Перестановок юнитов: 234761
  Winrate: 0.4%
============================================================
  График призывов за эпизод: /home/runner/work/Disciples2-RL/Disciples2-RL/github_experiments/105/green_dragon/seed105-green_dragon-29311397403-1/plots/campaign_summoned_units_per_episode.png
  График призывов за всё обучение: /home/runner/work/Disciples2-RL/Disciples2-RL/github_experiments/105/green_dragon/seed105-green_dragon-29311397403-1/plots/campaign_summoned_units_cumulative.png
  График найма за эпизод: /home/runner/work/Disciples2-RL/Disciples2-RL/github_experiments/105/green_dragon/seed105-green_dragon-29311397403-1/plots/campaign_hired_units_per_episode.png
  График найма за всё обучение: /home/runner/work/Disciples2-RL/Disciples2-RL/github_experiments/105/green_dragon/seed105-green_dragon-29311397403-1/plots/campaign_hired_units_cumulative.png
  График перестановок юнитов за эпизод: /home/runner/work/Disciples2-RL/Disciples2-RL/github_experiments/105/green_dragon/seed105-green_dragon-29311397403-1/plots/campaign_unit_swaps_per_episode.png
  График боевых предметов: /home/runner/work/Disciples2-RL/Disciples2-RL/github_experiments/105/green_dragon/seed105-green_dragon-29311397403-1/plots/campaign_battle_item_activity.png
  График побед бота столицы за эпизод: /home/runner/work/Disciples2-RL/Disciples2-RL/github_experiments/105/green_dragon/seed105-green_dragon-29311397403-1/plots/campaign_scripted_bot_victories_per_episode.png
  График применения заклинаний: /home/runner/work/Disciples2-RL/Disciples2-RL/github_experiments/105/green_dragon/seed105-green_dragon-29311397403-1/plots/campaign_spell_cast_activity.png
