Проверка среды CampaignEnv...
Среда прошла проверку!
[INFO] Comet disabled, running without experiment tracking
Создание 12 параллельных сред (subproc)...
Инициализация MaskablePPO...
Using cpu device

============================================================
Запуск обучения Campaign Agent
Всего шагов: 1,000,000
Параллельных сред: 12
VecEnv: subproc
VecEnv start method: forkserver
Seed: 109
Checkpoint каждые: 500,000 шагов
Evaluation каждые: 83,334 шагов
Eval deterministic эпизодов: 20
Eval stochastic эпизодов: 0
Eval лимит шагов на эпизод: 5000
Campaign map: small
Campaign objective: blue_dragon
System resources at training start:
  Platform: Linux 6.17.0-1020-azure (x86_64)
  Python: 3.14.6
  PyTorch: 2.13.0+cpu
  Training device: cpu
  CPU model: AMD EPYC 7763 64-Core Processor
  CPU vendor: AuthenticAMD
  Logical CPUs visible: 4
  Process CPU affinity: 4
  Sockets: 1
  Cores per socket: 2
  Threads per core: 2
  CPU max MHz: unknown
  CPU min MHz: unknown
  L1d cache: 64 KiB (2 instances)
  L1i cache: 64 KiB (2 instances)
  L2 cache: 1 MiB (2 instances)
  L3 cache: 32 MiB (1 instance)
  Virtualization: AMD-V
  Hypervisor: Microsoft
  RAM total: 15.61 GiB
  RAM available at start: 13.95 GiB
  Disk total: 144.26 GiB
  Disk free at start: 85.60 GiB
  Torch intra-op threads: 4
  Torch inter-op threads: 2
  OMP_NUM_THREADS: 4
  MKL_NUM_THREADS: 4
  OPENBLAS_NUM_THREADS: 4
  GitHub runner OS: Linux
  GitHub runner architecture: X64
  GitHub runner environment: github-hosted
PPO n_steps: 2,048
PPO batch_size: 512
PPO n_epochs: 5
PPO learning_rate: 0.0003
PPO clip_range: 0.2
PPO ent_coef: 0.01
PPO gamma: 0.995
PPO gae_lambda: 0.95
PPO target_kl: disabled
PPO gradient batches per rollout: 240
VecCheckNan: disabled
Freeze action layout: enabled
Empire territory: enabled
Torch threads per process: 4
Diagnostics: disabled
Wall-clock training limit: disabled
Run ID: seed109-blue_dragon-29520794642-1
============================================================

Logging to /home/runner/work/Disciples2-RL/Disciples2-RL/github_experiments/109/blue_dragon/seed109-blue_dragon-29520794642-1/tensorboard/MaskablePPO_1
---------------------------------
| rollout/           |          |
|    ep_len_mean     | 136      |
|    ep_rew_mean     | -1.43    |
| time/              |          |
|    fps             | 539      |
|    iterations      | 1        |
|    time_elapsed    | 45       |
|    total_timesteps | 24576    |
---------------------------------
-----------------------------------------
| rollout/                |             |
|    ep_len_mean          | 120         |
|    ep_rew_mean          | 0.0895      |
| time/                   |             |
|    fps                  | 521         |
|    iterations           | 2           |
|    time_elapsed         | 94          |
|    total_timesteps      | 49152       |
| train/                  |             |
|    approx_kl            | 0.011837033 |
|    clip_fraction        | 0.0999      |
|    clip_range           | 0.2         |
|    entropy_loss         | -2.21       |
|    explained_variance   | -0.0694     |
|    learning_rate        | 0.0003      |
|    loss                 | 0.107       |
|    n_updates            | 5           |
|    policy_gradient_loss | -0.00853    |
|    value_loss           | 0.463       |
-----------------------------------------
-----------------------------------------
| rollout/                |             |
|    ep_len_mean          | 139         |
|    ep_rew_mean          | 1.76        |
| time/                   |             |
|    fps                  | 515         |
|    iterations           | 3           |
|    time_elapsed         | 143         |
|    total_timesteps      | 73728       |
| train/                  |             |
|    approx_kl            | 0.010246859 |
|    clip_fraction        | 0.116       |
|    clip_range           | 0.2         |
|    entropy_loss         | -2.16       |
|    explained_variance   | 0.484       |
|    learning_rate        | 0.0003      |
|    loss                 | 0.117       |
|    n_updates            | 10          |
|    policy_gradient_loss | -0.0108     |
|    value_loss           | 0.321       |
-----------------------------------------
-----------------------------------------
| rollout/                |             |
|    ep_len_mean          | 160         |
|    ep_rew_mean          | 2.96        |
| time/                   |             |
|    fps                  | 511         |
|    iterations           | 4           |
|    time_elapsed         | 192         |
|    total_timesteps      | 98304       |
| train/                  |             |
|    approx_kl            | 0.011106883 |
|    clip_fraction        | 0.117       |
|    clip_range           | 0.2         |
|    entropy_loss         | -2.1        |
|    explained_variance   | 0.637       |
|    learning_rate        | 0.0003      |
|    loss                 | 0.102       |
|    n_updates            | 15          |
|    policy_gradient_loss | -0.011      |
|    value_loss           | 0.261       |
-----------------------------------------
-----------------------------------------
| rollout/                |             |
|    ep_len_mean          | 252         |
|    ep_rew_mean          | 2.02        |
| time/                   |             |
|    fps                  | 505         |
|    iterations           | 5           |
|    time_elapsed         | 242         |
|    total_timesteps      | 122880      |
| train/                  |             |
|    approx_kl            | 0.010421616 |
|    clip_fraction        | 0.116       |
|    clip_range           | 0.2         |
|    entropy_loss         | -2.05       |
|    explained_variance   | 0.766       |
|    learning_rate        | 0.0003      |
|    loss                 | 0.0439      |
|    n_updates            | 20          |
|    policy_gradient_loss | -0.00961    |
|    value_loss           | 0.151       |
-----------------------------------------
-----------------------------------------
| rollout/                |             |
|    ep_len_mean          | 298         |
|    ep_rew_mean          | 1.21        |
| time/                   |             |
|    fps                  | 502         |
|    iterations           | 6           |
|    time_elapsed         | 293         |
|    total_timesteps      | 147456      |
| train/                  |             |
|    approx_kl            | 0.010839842 |
|    clip_fraction        | 0.113       |
|    clip_range           | 0.2         |
|    entropy_loss         | -2.05       |
|    explained_variance   | 0.858       |
|    learning_rate        | 0.0003      |
|    loss                 | -0.000922   |
|    n_updates            | 25          |
|    policy_gradient_loss | -0.0099     |
|    value_loss           | 0.062       |
-----------------------------------------
-----------------------------------------
| rollout/                |             |
|    ep_len_mean          | 375         |
|    ep_rew_mean          | 1.98        |
| time/                   |             |
|    fps                  | 498         |
|    iterations           | 7           |
|    time_elapsed         | 345         |
|    total_timesteps      | 172032      |
| train/                  |             |
|    approx_kl            | 0.009835888 |
|    clip_fraction        | 0.12        |
|    clip_range           | 0.2         |
|    entropy_loss         | -2.06       |
|    explained_variance   | 0.887       |
|    learning_rate        | 0.0003      |
|    loss                 | -0.0161     |
|    n_updates            | 30          |
|    policy_gradient_loss | -0.0101     |
|    value_loss           | 0.0455      |
-----------------------------------------
-----------------------------------------
| rollout/                |             |
|    ep_len_mean          | 318         |
|    ep_rew_mean          | 10.2        |
| time/                   |             |
|    fps                  | 495         |
|    iterations           | 8           |
|    time_elapsed         | 396         |
|    total_timesteps      | 196608      |
| train/                  |             |
|    approx_kl            | 0.009962454 |
|    clip_fraction        | 0.108       |
|    clip_range           | 0.2         |
|    entropy_loss         | -2.06       |
|    explained_variance   | 0.881       |
|    learning_rate        | 0.0003      |
|    loss                 | -0.0107     |
|    n_updates            | 35          |
|    policy_gradient_loss | -0.00792    |
|    value_loss           | 0.0467      |
-----------------------------------------
-----------------------------------------
| rollout/                |             |
|    ep_len_mean          | 288         |
|    ep_rew_mean          | 15          |
| time/                   |             |
|    fps                  | 494         |
|    iterations           | 9           |
|    time_elapsed         | 447         |
|    total_timesteps      | 221184      |
| train/                  |             |
|    approx_kl            | 0.009473068 |
|    clip_fraction        | 0.104       |
|    clip_range           | 0.2         |
|    entropy_loss         | -2.04       |
|    explained_variance   | 0.847       |
|    learning_rate        | 0.0003      |
|    loss                 | -0.0163     |
|    n_updates            | 40          |
|    policy_gradient_loss | -0.00868    |
|    value_loss           | 0.0506      |
-----------------------------------------
------------------------------------------
| rollout/                |              |
|    ep_len_mean          | 235          |
|    ep_rew_mean          | 17.5         |
| time/                   |              |
|    fps                  | 493          |
|    iterations           | 10           |
|    time_elapsed         | 497          |
|    total_timesteps      | 245760       |
| train/                  |              |
|    approx_kl            | 0.0097088395 |
|    clip_fraction        | 0.11         |
|    clip_range           | 0.2          |
|    entropy_loss         | -2           |
|    explained_variance   | 0.831        |
|    learning_rate        | 0.0003       |
|    loss                 | -0.00523     |
|    n_updates            | 45           |
|    policy_gradient_loss | -0.00908     |
|    value_loss           | 0.0582       |
------------------------------------------
----------------------------------------
| rollout/                |            |
|    ep_len_mean          | 200        |
|    ep_rew_mean          | 17.6       |
| time/                   |            |
|    fps                  | 494        |
|    iterations           | 11         |
|    time_elapsed         | 546        |
|    total_timesteps      | 270336     |
| train/                  |            |
|    approx_kl            | 0.00853561 |
|    clip_fraction        | 0.0821     |
|    clip_range           | 0.2        |
|    entropy_loss         | -1.95      |
|    explained_variance   | 0.789      |
|    learning_rate        | 0.0003     |
|    loss                 | -0.00473   |
|    n_updates            | 50         |
|    policy_gradient_loss | -0.00667   |
|    value_loss           | 0.0674     |
----------------------------------------
-----------------------------------------
| rollout/                |             |
|    ep_len_mean          | 203         |
|    ep_rew_mean          | 20.2        |
| time/                   |             |
|    fps                  | 495         |
|    iterations           | 12          |
|    time_elapsed         | 595         |
|    total_timesteps      | 294912      |
| train/                  |             |
|    approx_kl            | 0.008851429 |
|    clip_fraction        | 0.0919      |
|    clip_range           | 0.2         |
|    entropy_loss         | -1.9        |
|    explained_variance   | 0.767       |
|    learning_rate        | 0.0003      |
|    loss                 | 0.0128      |
|    n_updates            | 55          |
|    policy_gradient_loss | -0.00869    |
|    value_loss           | 0.0752      |
-----------------------------------------
-----------------------------------------
| rollout/                |             |
|    ep_len_mean          | 188         |
|    ep_rew_mean          | 21          |
| time/                   |             |
|    fps                  | 496         |
|    iterations           | 13          |
|    time_elapsed         | 643         |
|    total_timesteps      | 319488      |
| train/                  |             |
|    approx_kl            | 0.007934433 |
|    clip_fraction        | 0.084       |
|    clip_range           | 0.2         |
|    entropy_loss         | -1.83       |
|    explained_variance   | 0.757       |
|    learning_rate        | 0.0003      |
|    loss                 | 0.0163      |
|    n_updates            | 60          |
|    policy_gradient_loss | -0.00649    |
|    value_loss           | 0.083       |
-----------------------------------------
-----------------------------------------
| rollout/                |             |
|    ep_len_mean          | 172         |
|    ep_rew_mean          | 21          |
| time/                   |             |
|    fps                  | 497         |
|    iterations           | 14          |
|    time_elapsed         | 691         |
|    total_timesteps      | 344064      |
| train/                  |             |
|    approx_kl            | 0.008028772 |
|    clip_fraction        | 0.0782      |
|    clip_range           | 0.2         |
|    entropy_loss         | -1.83       |
|    explained_variance   | 0.753       |
|    learning_rate        | 0.0003      |
|    loss                 | 0.0225      |
|    n_updates            | 65          |
|    policy_gradient_loss | -0.00575    |
|    value_loss           | 0.0984      |
-----------------------------------------
-----------------------------------------
| rollout/                |             |
|    ep_len_mean          | 181         |
|    ep_rew_mean          | 24.2        |
| time/                   |             |
|    fps                  | 498         |
|    iterations           | 15          |
|    time_elapsed         | 740         |
|    total_timesteps      | 368640      |
| train/                  |             |
|    approx_kl            | 0.007770791 |
|    clip_fraction        | 0.0639      |
|    clip_range           | 0.2         |
|    entropy_loss         | -1.82       |
|    explained_variance   | 0.761       |
|    learning_rate        | 0.0003      |
|    loss                 | 0.0287      |
|    n_updates            | 70          |
|    policy_gradient_loss | -0.00511    |
|    value_loss           | 0.112       |
-----------------------------------------
-----------------------------------------
| rollout/                |             |
|    ep_len_mean          | 185         |
|    ep_rew_mean          | 23.1        |
| time/                   |             |
|    fps                  | 498         |
|    iterations           | 16          |
|    time_elapsed         | 788         |
|    total_timesteps      | 393216      |
| train/                  |             |
|    approx_kl            | 0.008644784 |
|    clip_fraction        | 0.0842      |
|    clip_range           | 0.2         |
|    entropy_loss         | -1.79       |
|    explained_variance   | 0.83        |
|    learning_rate        | 0.0003      |
|    loss                 | 0.0297      |
|    n_updates            | 75          |
|    policy_gradient_loss | -0.00626    |
|    value_loss           | 0.0973      |
-----------------------------------------
-----------------------------------------
| rollout/                |             |
|    ep_len_mean          | 235         |
|    ep_rew_mean          | 24.4        |
| time/                   |             |
|    fps                  | 498         |
|    iterations           | 17          |
|    time_elapsed         | 837         |
|    total_timesteps      | 417792      |
| train/                  |             |
|    approx_kl            | 0.007632801 |
|    clip_fraction        | 0.0675      |
|    clip_range           | 0.2         |
|    entropy_loss         | -1.78       |
|    explained_variance   | 0.853       |
|    learning_rate        | 0.0003      |
|    loss                 | 0.0264      |
|    n_updates            | 80          |
|    policy_gradient_loss | -0.00472    |
|    value_loss           | 0.0919      |
-----------------------------------------
-----------------------------------------
| rollout/                |             |
|    ep_len_mean          | 181         |
|    ep_rew_mean          | 25.2        |
| time/                   |             |
|    fps                  | 498         |
|    iterations           | 18          |
|    time_elapsed         | 887         |
|    total_timesteps      | 442368      |
| train/                  |             |
|    approx_kl            | 0.007296747 |
|    clip_fraction        | 0.0741      |
|    clip_range           | 0.2         |
|    entropy_loss         | -1.76       |
|    explained_variance   | 0.84        |
|    learning_rate        | 0.0003      |
|    loss                 | 0.0249      |
|    n_updates            | 85          |
|    policy_gradient_loss | -0.00533    |
|    value_loss           | 0.0947      |
-----------------------------------------
----------------------------------------
| rollout/                |            |
|    ep_len_mean          | 191        |
|    ep_rew_mean          | 26.4       |
| time/                   |            |
|    fps                  | 498        |
|    iterations           | 19         |
|    time_elapsed         | 935        |
|    total_timesteps      | 466944     |
| train/                  |            |
|    approx_kl            | 0.00707678 |
|    clip_fraction        | 0.062      |
|    clip_range           | 0.2        |
|    entropy_loss         | -1.73      |
|    explained_variance   | 0.833      |
|    learning_rate        | 0.0003     |
|    loss                 | 0.0246     |
|    n_updates            | 90         |
|    policy_gradient_loss | -0.00484   |
|    value_loss           | 0.104      |
----------------------------------------
-----------------------------------------
| rollout/                |             |
|    ep_len_mean          | 196         |
|    ep_rew_mean          | 29.7        |
| time/                   |             |
|    fps                  | 499         |
|    iterations           | 20          |
|    time_elapsed         | 984         |
|    total_timesteps      | 491520      |
| train/                  |             |
|    approx_kl            | 0.007753032 |
|    clip_fraction        | 0.0742      |
|    clip_range           | 0.2         |
|    entropy_loss         | -1.73       |
|    explained_variance   | 0.831       |
|    learning_rate        | 0.0003      |
|    loss                 | 0.0255      |
|    n_updates            | 95          |
|    policy_gradient_loss | -0.00533    |
|    value_loss           | 0.113       |
-----------------------------------------
[Checkpoint] Saved at 500000 steps > /home/runner/work/Disciples2-RL/Disciples2-RL/github_experiments/109/blue_dragon/seed109-blue_dragon-29520794642-1/checkpoints/campaign_ppo_step_500000.zip
----------------------------------------
| rollout/                |            |
|    ep_len_mean          | 207        |
|    ep_rew_mean          | 32.6       |
| time/                   |            |
|    fps                  | 500        |
|    iterations           | 21         |
|    time_elapsed         | 1031       |
|    total_timesteps      | 516096     |
| train/                  |            |
|    approx_kl            | 0.00805207 |
|    clip_fraction        | 0.0772     |
|    clip_range           | 0.2        |
|    entropy_loss         | -1.69      |
|    explained_variance   | 0.837      |
|    learning_rate        | 0.0003     |
|    loss                 | 0.0241     |
|    n_updates            | 100        |
|    policy_gradient_loss | -0.00547   |
|    value_loss           | 0.0971     |
----------------------------------------
-----------------------------------------
| rollout/                |             |
|    ep_len_mean          | 184         |
|    ep_rew_mean          | 28.7        |
| time/                   |             |
|    fps                  | 500         |
|    iterations           | 22          |
|    time_elapsed         | 1080        |
|    total_timesteps      | 540672      |
| train/                  |             |
|    approx_kl            | 0.007584614 |
|    clip_fraction        | 0.071       |
|    clip_range           | 0.2         |
|    entropy_loss         | -1.65       |
|    explained_variance   | 0.855       |
|    learning_rate        | 0.0003      |
|    loss                 | 0.0212      |
|    n_updates            | 105         |
|    policy_gradient_loss | -0.00417    |
|    value_loss           | 0.0908      |
-----------------------------------------
-----------------------------------------
| rollout/                |             |
|    ep_len_mean          | 232         |
|    ep_rew_mean          | 34.8        |
| time/                   |             |
|    fps                  | 500         |
|    iterations           | 23          |
|    time_elapsed         | 1129        |
|    total_timesteps      | 565248      |
| train/                  |             |
|    approx_kl            | 0.006278094 |
|    clip_fraction        | 0.0644      |
|    clip_range           | 0.2         |
|    entropy_loss         | -1.63       |
|    explained_variance   | 0.856       |
|    learning_rate        | 0.0003      |
|    loss                 | 0.026       |
|    n_updates            | 110         |
|    policy_gradient_loss | -0.00485    |
|    value_loss           | 0.0996      |
-----------------------------------------
-----------------------------------------
| rollout/                |             |
|    ep_len_mean          | 205         |
|    ep_rew_mean          | 35.4        |
| time/                   |             |
|    fps                  | 501         |
|    iterations           | 24          |
|    time_elapsed         | 1176        |
|    total_timesteps      | 589824      |
| train/                  |             |
|    approx_kl            | 0.006717228 |
|    clip_fraction        | 0.0625      |
|    clip_range           | 0.2         |
|    entropy_loss         | -1.61       |
|    explained_variance   | 0.902       |
|    learning_rate        | 0.0003      |
|    loss                 | 0.0179      |
|    n_updates            | 115         |
|    policy_gradient_loss | -0.0045     |
|    value_loss           | 0.0893      |
-----------------------------------------
------------------------------------------
| rollout/                |              |
|    ep_len_mean          | 253          |
|    ep_rew_mean          | 33.5         |
| time/                   |              |
|    fps                  | 500          |
|    iterations           | 25           |
|    time_elapsed         | 1227         |
|    total_timesteps      | 614400       |
| train/                  |              |
|    approx_kl            | 0.0068747415 |
|    clip_fraction        | 0.0702       |
|    clip_range           | 0.2          |
|    entropy_loss         | -1.57        |
|    explained_variance   | 0.912        |
|    learning_rate        | 0.0003       |
|    loss                 | 0.0284       |
|    n_updates            | 120          |
|    policy_gradient_loss | -0.00476     |
|    value_loss           | 0.0824       |
------------------------------------------
------------------------------------------
| rollout/                |              |
|    ep_len_mean          | 205          |
|    ep_rew_mean          | 37.5         |
| time/                   |              |
|    fps                  | 500          |
|    iterations           | 26           |
|    time_elapsed         | 1276         |
|    total_timesteps      | 638976       |
| train/                  |              |
|    approx_kl            | 0.0065158946 |
|    clip_fraction        | 0.0638       |
|    clip_range           | 0.2          |
|    entropy_loss         | -1.58        |
|    explained_variance   | 0.918        |
|    learning_rate        | 0.0003       |
|    loss                 | 0.0252       |
|    n_updates            | 125          |
|    policy_gradient_loss | -0.00447     |
|    value_loss           | 0.0842       |
------------------------------------------
----------------------------------------
| rollout/                |            |
|    ep_len_mean          | 208        |
|    ep_rew_mean          | 38.6       |
| time/                   |            |
|    fps                  | 501        |
|    iterations           | 27         |
|    time_elapsed         | 1324       |
|    total_timesteps      | 663552     |
| train/                  |            |
|    approx_kl            | 0.00807866 |
|    clip_fraction        | 0.0743     |
|    clip_range           | 0.2        |
|    entropy_loss         | -1.53      |
|    explained_variance   | 0.903      |
|    learning_rate        | 0.0003     |
|    loss                 | 0.0132     |
|    n_updates            | 130        |
|    policy_gradient_loss | -0.00568   |
|    value_loss           | 0.0804     |
----------------------------------------
------------------------------------------
| rollout/                |              |
|    ep_len_mean          | 293          |
|    ep_rew_mean          | 35           |
| time/                   |              |
|    fps                  | 501          |
|    iterations           | 28           |
|    time_elapsed         | 1372         |
|    total_timesteps      | 688128       |
| train/                  |              |
|    approx_kl            | 0.0066308877 |
|    clip_fraction        | 0.0613       |
|    clip_range           | 0.2          |
|    entropy_loss         | -1.51        |
|    explained_variance   | 0.953        |
|    learning_rate        | 0.0003       |
|    loss                 | 0.01         |
|    n_updates            | 135          |
|    policy_gradient_loss | -0.00475     |
|    value_loss           | 0.0573       |
------------------------------------------
-----------------------------------------
| rollout/                |             |
|    ep_len_mean          | 282         |
|    ep_rew_mean          | 32.8        |
| time/                   |             |
|    fps                  | 501         |
|    iterations           | 29          |
|    time_elapsed         | 1419        |
|    total_timesteps      | 712704      |
| train/                  |             |
|    approx_kl            | 0.005889729 |
|    clip_fraction        | 0.0563      |
|    clip_range           | 0.2         |
|    entropy_loss         | -1.48       |
|    explained_variance   | 0.954       |
|    learning_rate        | 0.0003      |
|    loss                 | 0.00574     |
|    n_updates            | 140         |
|    policy_gradient_loss | -0.00547    |
|    value_loss           | 0.0608      |
-----------------------------------------
-----------------------------------------
| rollout/                |             |
|    ep_len_mean          | 255         |
|    ep_rew_mean          | 38          |
| time/                   |             |
|    fps                  | 502         |
|    iterations           | 30          |
|    time_elapsed         | 1467        |
|    total_timesteps      | 737280      |
| train/                  |             |
|    approx_kl            | 0.006613504 |
|    clip_fraction        | 0.0647      |
|    clip_range           | 0.2         |
|    entropy_loss         | -1.47       |
|    explained_variance   | 0.934       |
|    learning_rate        | 0.0003      |
|    loss                 | 0.0114      |
|    n_updates            | 145         |
|    policy_gradient_loss | -0.00434    |
|    value_loss           | 0.0788      |
-----------------------------------------
------------------------------------------
| rollout/                |              |
|    ep_len_mean          | 257          |
|    ep_rew_mean          | 40.5         |
| time/                   |              |
|    fps                  | 502          |
|    iterations           | 31           |
|    time_elapsed         | 1515         |
|    total_timesteps      | 761856       |
| train/                  |              |
|    approx_kl            | 0.0074591353 |
|    clip_fraction        | 0.0704       |
|    clip_range           | 0.2          |
|    entropy_loss         | -1.47        |
|    explained_variance   | 0.951        |
|    learning_rate        | 0.0003       |
|    loss                 | 0.00445      |
|    n_updates            | 150          |
|    policy_gradient_loss | -0.00501     |
|    value_loss           | 0.0583       |
------------------------------------------
------------------------------------------
| rollout/                |              |
|    ep_len_mean          | 320          |
|    ep_rew_mean          | 41.4         |
| time/                   |              |
|    fps                  | 502          |
|    iterations           | 32           |
|    time_elapsed         | 1563         |
|    total_timesteps      | 786432       |
| train/                  |              |
|    approx_kl            | 0.0067022946 |
|    clip_fraction        | 0.0682       |
|    clip_range           | 0.2          |
|    entropy_loss         | -1.46        |
|    explained_variance   | 0.95         |
|    learning_rate        | 0.0003       |
|    loss                 | 0.00397      |
|    n_updates            | 155          |
|    policy_gradient_loss | -0.00523     |
|    value_loss           | 0.0636       |
------------------------------------------
-----------------------------------------
| rollout/                |             |
|    ep_len_mean          | 378         |
|    ep_rew_mean          | 38.3        |
| time/                   |             |
|    fps                  | 503         |
|    iterations           | 33          |
|    time_elapsed         | 1612        |
|    total_timesteps      | 811008      |
| train/                  |             |
|    approx_kl            | 0.006468928 |
|    clip_fraction        | 0.0658      |
|    clip_range           | 0.2         |
|    entropy_loss         | -1.49       |
|    explained_variance   | 0.961       |
|    learning_rate        | 0.0003      |
|    loss                 | 0.00571     |
|    n_updates            | 160         |
|    policy_gradient_loss | -0.00476    |
|    value_loss           | 0.0475      |
-----------------------------------------
-----------------------------------------
| rollout/                |             |
|    ep_len_mean          | 317         |
|    ep_rew_mean          | 39.6        |
| time/                   |             |
|    fps                  | 503         |
|    iterations           | 34          |
|    time_elapsed         | 1660        |
|    total_timesteps      | 835584      |
| train/                  |             |
|    approx_kl            | 0.006868647 |
|    clip_fraction        | 0.065       |
|    clip_range           | 0.2         |
|    entropy_loss         | -1.45       |
|    explained_variance   | 0.96        |
|    learning_rate        | 0.0003      |
|    loss                 | 0.00495     |
|    n_updates            | 165         |
|    policy_gradient_loss | -0.0048     |
|    value_loss           | 0.0506      |
-----------------------------------------
------------------------------------------
| rollout/                |              |
|    ep_len_mean          | 330          |
|    ep_rew_mean          | 41.5         |
| time/                   |              |
|    fps                  | 503          |
|    iterations           | 35           |
|    time_elapsed         | 1709         |
|    total_timesteps      | 860160       |
| train/                  |              |
|    approx_kl            | 0.0065553575 |
|    clip_fraction        | 0.0632       |
|    clip_range           | 0.2          |
|    entropy_loss         | -1.42        |
|    explained_variance   | 0.965        |
|    learning_rate        | 0.0003       |
|    loss                 | -0.00113     |
|    n_updates            | 170          |
|    policy_gradient_loss | -0.00505     |
|    value_loss           | 0.0438       |
------------------------------------------
-----------------------------------------
| rollout/                |             |
|    ep_len_mean          | 424         |
|    ep_rew_mean          | 38          |
| time/                   |             |
|    fps                  | 502         |
|    iterations           | 36          |
|    time_elapsed         | 1759        |
|    total_timesteps      | 884736      |
| train/                  |             |
|    approx_kl            | 0.006029334 |
|    clip_fraction        | 0.0522      |
|    clip_range           | 0.2         |
|    entropy_loss         | -1.41       |
|    explained_variance   | 0.97        |
|    learning_rate        | 0.0003      |
|    loss                 | 0.00232     |
|    n_updates            | 175         |
|    policy_gradient_loss | -0.00362    |
|    value_loss           | 0.0364      |
-----------------------------------------
-----------------------------------------
| rollout/                |             |
|    ep_len_mean          | 572         |
|    ep_rew_mean          | 31.7        |
| time/                   |             |
|    fps                  | 502         |
|    iterations           | 37          |
|    time_elapsed         | 1808        |
|    total_timesteps      | 909312      |
| train/                  |             |
|    approx_kl            | 0.006956853 |
|    clip_fraction        | 0.0647      |
|    clip_range           | 0.2         |
|    entropy_loss         | -1.4        |
|    explained_variance   | 0.978       |
|    learning_rate        | 0.0003      |
|    loss                 | -0.012      |
|    n_updates            | 180         |
|    policy_gradient_loss | -0.00501    |
|    value_loss           | 0.0264      |
-----------------------------------------
------------------------------------------
| rollout/                |              |
|    ep_len_mean          | 471          |
|    ep_rew_mean          | 37.7         |
| time/                   |              |
|    fps                  | 502          |
|    iterations           | 38           |
|    time_elapsed         | 1859         |
|    total_timesteps      | 933888       |
| train/                  |              |
|    approx_kl            | 0.0069553107 |
|    clip_fraction        | 0.0643       |
|    clip_range           | 0.2          |
|    entropy_loss         | -1.37        |
|    explained_variance   | 0.972        |
|    learning_rate        | 0.0003       |
|    loss                 | -0.00335     |
|    n_updates            | 185          |
|    policy_gradient_loss | -0.00377     |
|    value_loss           | 0.0345       |
------------------------------------------
------------------------------------------
| rollout/                |              |
|    ep_len_mean          | 447          |
|    ep_rew_mean          | 42.4         |
| time/                   |              |
|    fps                  | 501          |
|    iterations           | 39           |
|    time_elapsed         | 1909         |
|    total_timesteps      | 958464       |
| train/                  |              |
|    approx_kl            | 0.0063446756 |
|    clip_fraction        | 0.0668       |
|    clip_range           | 0.2          |
|    entropy_loss         | -1.35        |
|    explained_variance   | 0.974        |
|    learning_rate        | 0.0003       |
|    loss                 | -0.00371     |
|    n_updates            | 190          |
|    policy_gradient_loss | -0.00482     |
|    value_loss           | 0.0318       |
------------------------------------------
------------------------------------------
| rollout/                |              |
|    ep_len_mean          | 587          |
|    ep_rew_mean          | 33           |
| time/                   |              |
|    fps                  | 502          |
|    iterations           | 40           |
|    time_elapsed         | 1957         |
|    total_timesteps      | 983040       |
| train/                  |              |
|    approx_kl            | 0.0070425333 |
|    clip_fraction        | 0.0578       |
|    clip_range           | 0.2          |
|    entropy_loss         | -1.37        |
|    explained_variance   | 0.98         |
|    learning_rate        | 0.0003       |
|    loss                 | -0.00645     |
|    n_updates            | 195          |
|    policy_gradient_loss | -0.00325     |
|    value_loss           | 0.0202       |
------------------------------------------
[Checkpoint] Saved at 1000000 steps > /home/runner/work/Disciples2-RL/Disciples2-RL/github_experiments/109/blue_dragon/seed109-blue_dragon-29520794642-1/checkpoints/campaign_ppo_step_1000000.zip
Eval num_timesteps=1000008, det_reward=-0.47 +/- 114.69
Episode length: det=1144.65 +/- 1894.05
Victory rate: det=0.00%
-------------------------------------------------
| eval/                           |             |
|    deterministic_mean_ep_length | 1.14e+03    |
|    deterministic_mean_reward    | -0.471      |
|    deterministic_victory_rate   | 0           |
|    mean_ep_length               | 1.14e+03    |
|    mean_reward                  | -0.471      |
|    victory_rate                 | 0           |
| time/                           |             |
|    total_timesteps              | 1000008     |
| train/                          |             |
|    approx_kl                    | 0.006241247 |
|    clip_fraction                | 0.0513      |
|    clip_range                   | 0.2         |
|    entropy_loss                 | -1.41       |
|    explained_variance           | 0.982       |
|    learning_rate                | 0.0003      |
|    loss                         | -0.011      |
|    n_updates                    | 200         |
|    policy_gradient_loss         | -0.00341    |
|    value_loss                   | 0.0207      |
-------------------------------------------------
New best model by deterministic victory rate!
---------------------------------
| rollout/           |          |
|    ep_len_mean     | 630      |
|    ep_rew_mean     | 30.5     |
| time/              |          |
|    fps             | 484      |
|    iterations      | 41       |
|    time_elapsed    | 2080     |
|    total_timesteps | 1007616  |
---------------------------------
VecNormalize stats saved: /home/runner/work/Disciples2-RL/Disciples2-RL/github_experiments/109/blue_dragon/seed109-blue_dragon-29520794642-1/models/vecnormalize.pkl

Финальная модель сохранена: /home/runner/work/Disciples2-RL/Disciples2-RL/github_experiments/109/blue_dragon/seed109-blue_dragon-29520794642-1/models/final_model.zip

============================================================
ИТОГИ ОБУЧЕНИЯ:
  Побед: 0
  Поражений: 4103
  Таймаутов: 17
  Побед бота столицы над врагами: 0
  Перестановок юнитов: 202606
  Winrate: 0.0%
============================================================
  График призывов за эпизод: /home/runner/work/Disciples2-RL/Disciples2-RL/github_experiments/109/blue_dragon/seed109-blue_dragon-29520794642-1/plots/campaign_summoned_units_per_episode.png
  График призывов за всё обучение: /home/runner/work/Disciples2-RL/Disciples2-RL/github_experiments/109/blue_dragon/seed109-blue_dragon-29520794642-1/plots/campaign_summoned_units_cumulative.png
  График найма за эпизод: /home/runner/work/Disciples2-RL/Disciples2-RL/github_experiments/109/blue_dragon/seed109-blue_dragon-29520794642-1/plots/campaign_hired_units_per_episode.png
  График найма за всё обучение: /home/runner/work/Disciples2-RL/Disciples2-RL/github_experiments/109/blue_dragon/seed109-blue_dragon-29520794642-1/plots/campaign_hired_units_cumulative.png
  График перестановок юнитов за эпизод: /home/runner/work/Disciples2-RL/Disciples2-RL/github_experiments/109/blue_dragon/seed109-blue_dragon-29520794642-1/plots/campaign_unit_swaps_per_episode.png
  График боевых предметов: /home/runner/work/Disciples2-RL/Disciples2-RL/github_experiments/109/blue_dragon/seed109-blue_dragon-29520794642-1/plots/campaign_battle_item_activity.png
  График побед бота столицы за эпизод: /home/runner/work/Disciples2-RL/Disciples2-RL/github_experiments/109/blue_dragon/seed109-blue_dragon-29520794642-1/plots/campaign_scripted_bot_victories_per_episode.png
  График применения заклинаний: /home/runner/work/Disciples2-RL/Disciples2-RL/github_experiments/109/blue_dragon/seed109-blue_dragon-29520794642-1/plots/campaign_spell_cast_activity.png
