Проверка среды CampaignEnv...
Среда прошла проверку!
[INFO] Comet disabled, running without experiment tracking
Создание 12 параллельных сред (subproc)...
Инициализация MaskablePPO...
Using cpu device

============================================================
Запуск обучения Campaign Agent
Всего шагов: 1,000,000
Параллельных сред: 12
VecEnv: subproc
VecEnv start method: forkserver
Seed: 102
Checkpoint каждые: 500,000 шагов
Evaluation каждые: 83,334 шагов
Eval deterministic эпизодов: 20
Eval stochastic эпизодов: 0
Eval лимит шагов на эпизод: 5000
Campaign objective: cities
System resources at training start:
  Platform: Linux 6.17.0-1018-azure (x86_64)
  Python: 3.14.6
  PyTorch: 2.12.1+cpu
  Training device: cpu
  CPU model: AMD EPYC 7763 64-Core Processor
  CPU vendor: AuthenticAMD
  Logical CPUs visible: 4
  Process CPU affinity: 4
  Sockets: 1
  Cores per socket: 2
  Threads per core: 2
  CPU max MHz: unknown
  CPU min MHz: unknown
  L1d cache: 64 KiB (2 instances)
  L1i cache: 64 KiB (2 instances)
  L2 cache: 1 MiB (2 instances)
  L3 cache: 32 MiB (1 instance)
  Virtualization: AMD-V
  Hypervisor: Microsoft
  RAM total: 15.61 GiB
  RAM available at start: 13.93 GiB
  Disk total: 144.26 GiB
  Disk free at start: 86.61 GiB
  Torch intra-op threads: 4
  Torch inter-op threads: 2
  OMP_NUM_THREADS: 4
  MKL_NUM_THREADS: 4
  OPENBLAS_NUM_THREADS: 4
  GitHub runner OS: Linux
  GitHub runner architecture: X64
  GitHub runner environment: github-hosted
PPO n_steps: 2,048
PPO batch_size: 512
PPO n_epochs: 5
PPO learning_rate: 0.0003
PPO clip_range: 0.2
PPO ent_coef: 0.01
PPO gamma: 0.995
PPO gae_lambda: 0.95
PPO target_kl: disabled
PPO gradient batches per rollout: 240
VecCheckNan: disabled
Freeze action layout: enabled
Empire territory: enabled
Torch threads per process: 4
Diagnostics: disabled
Wall-clock training limit: disabled
Run ID: seed102-cities-29195376255-1
============================================================

Logging to /home/runner/work/Disciples2-RL/Disciples2-RL/github_experiments/102/cities/seed102-cities-29195376255-1/tensorboard/MaskablePPO_1
---------------------------------
| rollout/           |          |
|    ep_len_mean     | 239      |
|    ep_rew_mean     | 4.22     |
| time/              |          |
|    fps             | 437      |
|    iterations      | 1        |
|    time_elapsed    | 56       |
|    total_timesteps | 24576    |
---------------------------------
-----------------------------------------
| rollout/                |             |
|    ep_len_mean          | 345         |
|    ep_rew_mean          | 2.75        |
| time/                   |             |
|    fps                  | 405         |
|    iterations           | 2           |
|    time_elapsed         | 121         |
|    total_timesteps      | 49152       |
| train/                  |             |
|    approx_kl            | 0.008505619 |
|    clip_fraction        | 0.0801      |
|    clip_range           | 0.2         |
|    entropy_loss         | -2.21       |
|    explained_variance   | -0.153      |
|    learning_rate        | 0.0003      |
|    loss                 | 0.132       |
|    n_updates            | 5           |
|    policy_gradient_loss | -0.00609    |
|    value_loss           | 0.289       |
-----------------------------------------
-----------------------------------------
| rollout/                |             |
|    ep_len_mean          | 440         |
|    ep_rew_mean          | -0.725      |
| time/                   |             |
|    fps                  | 395         |
|    iterations           | 3           |
|    time_elapsed         | 186         |
|    total_timesteps      | 73728       |
| train/                  |             |
|    approx_kl            | 0.011092355 |
|    clip_fraction        | 0.12        |
|    clip_range           | 0.2         |
|    entropy_loss         | -2.14       |
|    explained_variance   | 0.536       |
|    learning_rate        | 0.0003      |
|    loss                 | -0.00147    |
|    n_updates            | 10          |
|    policy_gradient_loss | -0.00708    |
|    value_loss           | 0.0846      |
-----------------------------------------
-----------------------------------------
| rollout/                |             |
|    ep_len_mean          | 698         |
|    ep_rew_mean          | -8.96       |
| time/                   |             |
|    fps                  | 388         |
|    iterations           | 4           |
|    time_elapsed         | 253         |
|    total_timesteps      | 98304       |
| train/                  |             |
|    approx_kl            | 0.011030612 |
|    clip_fraction        | 0.104       |
|    clip_range           | 0.2         |
|    entropy_loss         | -2.17       |
|    explained_variance   | 0.813       |
|    learning_rate        | 0.0003      |
|    loss                 | -0.0266     |
|    n_updates            | 15          |
|    policy_gradient_loss | -0.00763    |
|    value_loss           | 0.0128      |
-----------------------------------------
-----------------------------------------
| rollout/                |             |
|    ep_len_mean          | 837         |
|    ep_rew_mean          | -10.7       |
| time/                   |             |
|    fps                  | 380         |
|    iterations           | 5           |
|    time_elapsed         | 322         |
|    total_timesteps      | 122880      |
| train/                  |             |
|    approx_kl            | 0.009385538 |
|    clip_fraction        | 0.0899      |
|    clip_range           | 0.2         |
|    entropy_loss         | -2.17       |
|    explained_variance   | 0.902       |
|    learning_rate        | 0.0003      |
|    loss                 | -0.0178     |
|    n_updates            | 20          |
|    policy_gradient_loss | -0.00632    |
|    value_loss           | 0.0163      |
-----------------------------------------
-----------------------------------------
| rollout/                |             |
|    ep_len_mean          | 630         |
|    ep_rew_mean          | 2.46        |
| time/                   |             |
|    fps                  | 380         |
|    iterations           | 6           |
|    time_elapsed         | 387         |
|    total_timesteps      | 147456      |
| train/                  |             |
|    approx_kl            | 0.010461487 |
|    clip_fraction        | 0.103       |
|    clip_range           | 0.2         |
|    entropy_loss         | -2.16       |
|    explained_variance   | 0.911       |
|    learning_rate        | 0.0003      |
|    loss                 | -0.021      |
|    n_updates            | 25          |
|    policy_gradient_loss | -0.00814    |
|    value_loss           | 0.0182      |
-----------------------------------------
-----------------------------------------
| rollout/                |             |
|    ep_len_mean          | 415         |
|    ep_rew_mean          | 12.4        |
| time/                   |             |
|    fps                  | 381         |
|    iterations           | 7           |
|    time_elapsed         | 451         |
|    total_timesteps      | 172032      |
| train/                  |             |
|    approx_kl            | 0.009335498 |
|    clip_fraction        | 0.0908      |
|    clip_range           | 0.2         |
|    entropy_loss         | -2.16       |
|    explained_variance   | 0.913       |
|    learning_rate        | 0.0003      |
|    loss                 | -0.0258     |
|    n_updates            | 30          |
|    policy_gradient_loss | -0.008      |
|    value_loss           | 0.0281      |
-----------------------------------------
-----------------------------------------
| rollout/                |             |
|    ep_len_mean          | 325         |
|    ep_rew_mean          | 12.9        |
| time/                   |             |
|    fps                  | 382         |
|    iterations           | 8           |
|    time_elapsed         | 514         |
|    total_timesteps      | 196608      |
| train/                  |             |
|    approx_kl            | 0.010194716 |
|    clip_fraction        | 0.0987      |
|    clip_range           | 0.2         |
|    entropy_loss         | -2.15       |
|    explained_variance   | 0.883       |
|    learning_rate        | 0.0003      |
|    loss                 | -0.00274    |
|    n_updates            | 35          |
|    policy_gradient_loss | -0.00773    |
|    value_loss           | 0.0369      |
-----------------------------------------
-----------------------------------------
| rollout/                |             |
|    ep_len_mean          | 334         |
|    ep_rew_mean          | 15          |
| time/                   |             |
|    fps                  | 383         |
|    iterations           | 9           |
|    time_elapsed         | 576         |
|    total_timesteps      | 221184      |
| train/                  |             |
|    approx_kl            | 0.009637901 |
|    clip_fraction        | 0.103       |
|    clip_range           | 0.2         |
|    entropy_loss         | -2.12       |
|    explained_variance   | 0.896       |
|    learning_rate        | 0.0003      |
|    loss                 | -0.0209     |
|    n_updates            | 40          |
|    policy_gradient_loss | -0.00769    |
|    value_loss           | 0.0382      |
-----------------------------------------
-----------------------------------------
| rollout/                |             |
|    ep_len_mean          | 365         |
|    ep_rew_mean          | 16.8        |
| time/                   |             |
|    fps                  | 383         |
|    iterations           | 10          |
|    time_elapsed         | 640         |
|    total_timesteps      | 245760      |
| train/                  |             |
|    approx_kl            | 0.009896341 |
|    clip_fraction        | 0.1         |
|    clip_range           | 0.2         |
|    entropy_loss         | -2.12       |
|    explained_variance   | 0.883       |
|    learning_rate        | 0.0003      |
|    loss                 | -0.0122     |
|    n_updates            | 45          |
|    policy_gradient_loss | -0.00853    |
|    value_loss           | 0.0397      |
-----------------------------------------
-----------------------------------------
| rollout/                |             |
|    ep_len_mean          | 328         |
|    ep_rew_mean          | 16.9        |
| time/                   |             |
|    fps                  | 383         |
|    iterations           | 11          |
|    time_elapsed         | 705         |
|    total_timesteps      | 270336      |
| train/                  |             |
|    approx_kl            | 0.008816793 |
|    clip_fraction        | 0.0954      |
|    clip_range           | 0.2         |
|    entropy_loss         | -2.08       |
|    explained_variance   | 0.903       |
|    learning_rate        | 0.0003      |
|    loss                 | -0.0134     |
|    n_updates            | 50          |
|    policy_gradient_loss | -0.00859    |
|    value_loss           | 0.0344      |
-----------------------------------------
-----------------------------------------
| rollout/                |             |
|    ep_len_mean          | 278         |
|    ep_rew_mean          | 16.6        |
| time/                   |             |
|    fps                  | 384         |
|    iterations           | 12          |
|    time_elapsed         | 766         |
|    total_timesteps      | 294912      |
| train/                  |             |
|    approx_kl            | 0.009056537 |
|    clip_fraction        | 0.0919      |
|    clip_range           | 0.2         |
|    entropy_loss         | -2.08       |
|    explained_variance   | 0.9         |
|    learning_rate        | 0.0003      |
|    loss                 | -0.0174     |
|    n_updates            | 55          |
|    policy_gradient_loss | -0.00752    |
|    value_loss           | 0.0412      |
-----------------------------------------
----------------------------------------
| rollout/                |            |
|    ep_len_mean          | 279        |
|    ep_rew_mean          | 19.4       |
| time/                   |            |
|    fps                  | 385        |
|    iterations           | 13         |
|    time_elapsed         | 829        |
|    total_timesteps      | 319488     |
| train/                  |            |
|    approx_kl            | 0.00847206 |
|    clip_fraction        | 0.0925     |
|    clip_range           | 0.2        |
|    entropy_loss         | -2.04      |
|    explained_variance   | 0.892      |
|    learning_rate        | 0.0003     |
|    loss                 | -0.00896   |
|    n_updates            | 60         |
|    policy_gradient_loss | -0.00671   |
|    value_loss           | 0.0484     |
----------------------------------------
-----------------------------------------
| rollout/                |             |
|    ep_len_mean          | 287         |
|    ep_rew_mean          | 21.3        |
| time/                   |             |
|    fps                  | 385         |
|    iterations           | 14          |
|    time_elapsed         | 892         |
|    total_timesteps      | 344064      |
| train/                  |             |
|    approx_kl            | 0.009751577 |
|    clip_fraction        | 0.105       |
|    clip_range           | 0.2         |
|    entropy_loss         | -2.03       |
|    explained_variance   | 0.891       |
|    learning_rate        | 0.0003      |
|    loss                 | -0.00754    |
|    n_updates            | 65          |
|    policy_gradient_loss | -0.0089     |
|    value_loss           | 0.0462      |
-----------------------------------------
-----------------------------------------
| rollout/                |             |
|    ep_len_mean          | 337         |
|    ep_rew_mean          | 21.8        |
| time/                   |             |
|    fps                  | 386         |
|    iterations           | 15          |
|    time_elapsed         | 954         |
|    total_timesteps      | 368640      |
| train/                  |             |
|    approx_kl            | 0.008495882 |
|    clip_fraction        | 0.0965      |
|    clip_range           | 0.2         |
|    entropy_loss         | -1.95       |
|    explained_variance   | 0.891       |
|    learning_rate        | 0.0003      |
|    loss                 | -0.00115    |
|    n_updates            | 70          |
|    policy_gradient_loss | -0.00715    |
|    value_loss           | 0.0567      |
-----------------------------------------
-----------------------------------------
| rollout/                |             |
|    ep_len_mean          | 412         |
|    ep_rew_mean          | 23.8        |
| time/                   |             |
|    fps                  | 386         |
|    iterations           | 16          |
|    time_elapsed         | 1016        |
|    total_timesteps      | 393216      |
| train/                  |             |
|    approx_kl            | 0.007879867 |
|    clip_fraction        | 0.0764      |
|    clip_range           | 0.2         |
|    entropy_loss         | -1.92       |
|    explained_variance   | 0.923       |
|    learning_rate        | 0.0003      |
|    loss                 | -0.0109     |
|    n_updates            | 75          |
|    policy_gradient_loss | -0.0065     |
|    value_loss           | 0.0544      |
-----------------------------------------
-----------------------------------------
| rollout/                |             |
|    ep_len_mean          | 509         |
|    ep_rew_mean          | 26.6        |
| time/                   |             |
|    fps                  | 386         |
|    iterations           | 17          |
|    time_elapsed         | 1079        |
|    total_timesteps      | 417792      |
| train/                  |             |
|    approx_kl            | 0.008320678 |
|    clip_fraction        | 0.0737      |
|    clip_range           | 0.2         |
|    entropy_loss         | -1.86       |
|    explained_variance   | 0.905       |
|    learning_rate        | 0.0003      |
|    loss                 | -0.00462    |
|    n_updates            | 80          |
|    policy_gradient_loss | -0.00623    |
|    value_loss           | 0.0517      |
-----------------------------------------
------------------------------------------
| rollout/                |              |
|    ep_len_mean          | 673          |
|    ep_rew_mean          | 26.8         |
| time/                   |              |
|    fps                  | 386          |
|    iterations           | 18           |
|    time_elapsed         | 1143         |
|    total_timesteps      | 442368       |
| train/                  |              |
|    approx_kl            | 0.0075311833 |
|    clip_fraction        | 0.0626       |
|    clip_range           | 0.2          |
|    entropy_loss         | -1.82        |
|    explained_variance   | 0.925        |
|    learning_rate        | 0.0003       |
|    loss                 | -0.0139      |
|    n_updates            | 85           |
|    policy_gradient_loss | -0.00463     |
|    value_loss           | 0.0405       |
------------------------------------------
-----------------------------------------
| rollout/                |             |
|    ep_len_mean          | 853         |
|    ep_rew_mean          | 32.2        |
| time/                   |             |
|    fps                  | 386         |
|    iterations           | 19          |
|    time_elapsed         | 1206        |
|    total_timesteps      | 466944      |
| train/                  |             |
|    approx_kl            | 0.006973956 |
|    clip_fraction        | 0.0556      |
|    clip_range           | 0.2         |
|    entropy_loss         | -1.82       |
|    explained_variance   | 0.943       |
|    learning_rate        | 0.0003      |
|    loss                 | -0.012      |
|    n_updates            | 90          |
|    policy_gradient_loss | -0.00562    |
|    value_loss           | 0.0378      |
-----------------------------------------
-----------------------------------------
| rollout/                |             |
|    ep_len_mean          | 856         |
|    ep_rew_mean          | 32.7        |
| time/                   |             |
|    fps                  | 386         |
|    iterations           | 20          |
|    time_elapsed         | 1270        |
|    total_timesteps      | 491520      |
| train/                  |             |
|    approx_kl            | 0.006824167 |
|    clip_fraction        | 0.063       |
|    clip_range           | 0.2         |
|    entropy_loss         | -1.79       |
|    explained_variance   | 0.925       |
|    learning_rate        | 0.0003      |
|    loss                 | -0.00761    |
|    n_updates            | 95          |
|    policy_gradient_loss | -0.00519    |
|    value_loss           | 0.0519      |
-----------------------------------------
[Checkpoint] Saved at 500000 steps > /home/runner/work/Disciples2-RL/Disciples2-RL/github_experiments/102/cities/seed102-cities-29195376255-1/checkpoints/campaign_ppo_step_500000.zip
----------------------------------------
| rollout/                |            |
|    ep_len_mean          | 859        |
|    ep_rew_mean          | 43.5       |
| time/                   |            |
|    fps                  | 386        |
|    iterations           | 21         |
|    time_elapsed         | 1336       |
|    total_timesteps      | 516096     |
| train/                  |            |
|    approx_kl            | 0.00839763 |
|    clip_fraction        | 0.0682     |
|    clip_range           | 0.2        |
|    entropy_loss         | -1.78      |
|    explained_variance   | 0.927      |
|    learning_rate        | 0.0003     |
|    loss                 | -0.00978   |
|    n_updates            | 100        |
|    policy_gradient_loss | -0.00583   |
|    value_loss           | 0.0535     |
----------------------------------------
-----------------------------------------
| rollout/                |             |
|    ep_len_mean          | 810         |
|    ep_rew_mean          | 54          |
| time/                   |             |
|    fps                  | 386         |
|    iterations           | 22          |
|    time_elapsed         | 1399        |
|    total_timesteps      | 540672      |
| train/                  |             |
|    approx_kl            | 0.007929329 |
|    clip_fraction        | 0.0647      |
|    clip_range           | 0.2         |
|    entropy_loss         | -1.85       |
|    explained_variance   | 0.87        |
|    learning_rate        | 0.0003      |
|    loss                 | 0.00792     |
|    n_updates            | 105         |
|    policy_gradient_loss | -0.00389    |
|    value_loss           | 0.0802      |
-----------------------------------------
-----------------------------------------
| rollout/                |             |
|    ep_len_mean          | 750         |
|    ep_rew_mean          | 64.4        |
| time/                   |             |
|    fps                  | 386         |
|    iterations           | 23          |
|    time_elapsed         | 1462        |
|    total_timesteps      | 565248      |
| train/                  |             |
|    approx_kl            | 0.008299067 |
|    clip_fraction        | 0.0698      |
|    clip_range           | 0.2         |
|    entropy_loss         | -1.82       |
|    explained_variance   | 0.847       |
|    learning_rate        | 0.0003      |
|    loss                 | 0.0133      |
|    n_updates            | 110         |
|    policy_gradient_loss | -0.0046     |
|    value_loss           | 0.0979      |
-----------------------------------------
----------------------------------------
| rollout/                |            |
|    ep_len_mean          | 576        |
|    ep_rew_mean          | 58.9       |
| time/                   |            |
|    fps                  | 386        |
|    iterations           | 24         |
|    time_elapsed         | 1526       |
|    total_timesteps      | 589824     |
| train/                  |            |
|    approx_kl            | 0.00797925 |
|    clip_fraction        | 0.0652     |
|    clip_range           | 0.2        |
|    entropy_loss         | -1.78      |
|    explained_variance   | 0.759      |
|    learning_rate        | 0.0003     |
|    loss                 | 0.0157     |
|    n_updates            | 115        |
|    policy_gradient_loss | -0.00453   |
|    value_loss           | 0.11       |
----------------------------------------
------------------------------------------
| rollout/                |              |
|    ep_len_mean          | 559          |
|    ep_rew_mean          | 59.4         |
| time/                   |              |
|    fps                  | 386          |
|    iterations           | 25           |
|    time_elapsed         | 1590         |
|    total_timesteps      | 614400       |
| train/                  |              |
|    approx_kl            | 0.0075816265 |
|    clip_fraction        | 0.0653       |
|    clip_range           | 0.2          |
|    entropy_loss         | -1.8         |
|    explained_variance   | 0.856        |
|    learning_rate        | 0.0003       |
|    loss                 | 0.0061       |
|    n_updates            | 120          |
|    policy_gradient_loss | -0.00469     |
|    value_loss           | 0.0778       |
------------------------------------------
----------------------------------------
| rollout/                |            |
|    ep_len_mean          | 612        |
|    ep_rew_mean          | 58.2       |
| time/                   |            |
|    fps                  | 386        |
|    iterations           | 26         |
|    time_elapsed         | 1652       |
|    total_timesteps      | 638976     |
| train/                  |            |
|    approx_kl            | 0.00826118 |
|    clip_fraction        | 0.0723     |
|    clip_range           | 0.2        |
|    entropy_loss         | -1.76      |
|    explained_variance   | 0.882      |
|    learning_rate        | 0.0003     |
|    loss                 | 0.0128     |
|    n_updates            | 125        |
|    policy_gradient_loss | -0.00571   |
|    value_loss           | 0.0805     |
----------------------------------------
------------------------------------------
| rollout/                |              |
|    ep_len_mean          | 591          |
|    ep_rew_mean          | 55.9         |
| time/                   |              |
|    fps                  | 387          |
|    iterations           | 27           |
|    time_elapsed         | 1712         |
|    total_timesteps      | 663552       |
| train/                  |              |
|    approx_kl            | 0.0073697586 |
|    clip_fraction        | 0.0625       |
|    clip_range           | 0.2          |
|    entropy_loss         | -1.67        |
|    explained_variance   | 0.866        |
|    learning_rate        | 0.0003       |
|    loss                 | 0.0193       |
|    n_updates            | 130          |
|    policy_gradient_loss | -0.00427     |
|    value_loss           | 0.0987       |
------------------------------------------
-----------------------------------------
| rollout/                |             |
|    ep_len_mean          | 619         |
|    ep_rew_mean          | 53.6        |
| time/                   |             |
|    fps                  | 387         |
|    iterations           | 28          |
|    time_elapsed         | 1775        |
|    total_timesteps      | 688128      |
| train/                  |             |
|    approx_kl            | 0.008232265 |
|    clip_fraction        | 0.0751      |
|    clip_range           | 0.2         |
|    entropy_loss         | -1.69       |
|    explained_variance   | 0.894       |
|    learning_rate        | 0.0003      |
|    loss                 | 0.00342     |
|    n_updates            | 135         |
|    policy_gradient_loss | -0.00465    |
|    value_loss           | 0.076       |
-----------------------------------------
-----------------------------------------
| rollout/                |             |
|    ep_len_mean          | 667         |
|    ep_rew_mean          | 52.3        |
| time/                   |             |
|    fps                  | 387         |
|    iterations           | 29          |
|    time_elapsed         | 1838        |
|    total_timesteps      | 712704      |
| train/                  |             |
|    approx_kl            | 0.006464659 |
|    clip_fraction        | 0.0547      |
|    clip_range           | 0.2         |
|    entropy_loss         | -1.65       |
|    explained_variance   | 0.924       |
|    learning_rate        | 0.0003      |
|    loss                 | 0.00373     |
|    n_updates            | 140         |
|    policy_gradient_loss | -0.00394    |
|    value_loss           | 0.0617      |
-----------------------------------------
-----------------------------------------
| rollout/                |             |
|    ep_len_mean          | 766         |
|    ep_rew_mean          | 58.3        |
| time/                   |             |
|    fps                  | 387         |
|    iterations           | 30          |
|    time_elapsed         | 1901        |
|    total_timesteps      | 737280      |
| train/                  |             |
|    approx_kl            | 0.008140619 |
|    clip_fraction        | 0.0753      |
|    clip_range           | 0.2         |
|    entropy_loss         | -1.69       |
|    explained_variance   | 0.901       |
|    learning_rate        | 0.0003      |
|    loss                 | 0.00441     |
|    n_updates            | 145         |
|    policy_gradient_loss | -0.00517    |
|    value_loss           | 0.0746      |
-----------------------------------------
-----------------------------------------
| rollout/                |             |
|    ep_len_mean          | 877         |
|    ep_rew_mean          | 64.2        |
| time/                   |             |
|    fps                  | 387         |
|    iterations           | 31          |
|    time_elapsed         | 1964        |
|    total_timesteps      | 761856      |
| train/                  |             |
|    approx_kl            | 0.008445573 |
|    clip_fraction        | 0.0682      |
|    clip_range           | 0.2         |
|    entropy_loss         | -1.69       |
|    explained_variance   | 0.913       |
|    learning_rate        | 0.0003      |
|    loss                 | -0.00884    |
|    n_updates            | 150         |
|    policy_gradient_loss | -0.00446    |
|    value_loss           | 0.064       |
-----------------------------------------
-----------------------------------------
| rollout/                |             |
|    ep_len_mean          | 968         |
|    ep_rew_mean          | 74.4        |
| time/                   |             |
|    fps                  | 388         |
|    iterations           | 32          |
|    time_elapsed         | 2026        |
|    total_timesteps      | 786432      |
| train/                  |             |
|    approx_kl            | 0.006854562 |
|    clip_fraction        | 0.0563      |
|    clip_range           | 0.2         |
|    entropy_loss         | -1.7        |
|    explained_variance   | 0.884       |
|    learning_rate        | 0.0003      |
|    loss                 | 0.00485     |
|    n_updates            | 155         |
|    policy_gradient_loss | -0.00367    |
|    value_loss           | 0.0579      |
-----------------------------------------
------------------------------------------
| rollout/                |              |
|    ep_len_mean          | 1.04e+03     |
|    ep_rew_mean          | 80.5         |
| time/                   |              |
|    fps                  | 388          |
|    iterations           | 33           |
|    time_elapsed         | 2087         |
|    total_timesteps      | 811008       |
| train/                  |              |
|    approx_kl            | 0.0076020136 |
|    clip_fraction        | 0.0529       |
|    clip_range           | 0.2          |
|    entropy_loss         | -1.7         |
|    explained_variance   | 0.898        |
|    learning_rate        | 0.0003       |
|    loss                 | -0.00894     |
|    n_updates            | 160          |
|    policy_gradient_loss | -0.0037      |
|    value_loss           | 0.0596       |
------------------------------------------
-----------------------------------------
| rollout/                |             |
|    ep_len_mean          | 890         |
|    ep_rew_mean          | 84          |
| time/                   |             |
|    fps                  | 389         |
|    iterations           | 34          |
|    time_elapsed         | 2148        |
|    total_timesteps      | 835584      |
| train/                  |             |
|    approx_kl            | 0.008182322 |
|    clip_fraction        | 0.0727      |
|    clip_range           | 0.2         |
|    entropy_loss         | -1.61       |
|    explained_variance   | 0.891       |
|    learning_rate        | 0.0003      |
|    loss                 | 0.0191      |
|    n_updates            | 165         |
|    policy_gradient_loss | -0.00403    |
|    value_loss           | 0.0645      |
-----------------------------------------
-----------------------------------------
| rollout/                |             |
|    ep_len_mean          | 793         |
|    ep_rew_mean          | 81.8        |
| time/                   |             |
|    fps                  | 389         |
|    iterations           | 35          |
|    time_elapsed         | 2208        |
|    total_timesteps      | 860160      |
| train/                  |             |
|    approx_kl            | 0.006777072 |
|    clip_fraction        | 0.0569      |
|    clip_range           | 0.2         |
|    entropy_loss         | -1.61       |
|    explained_variance   | 0.86        |
|    learning_rate        | 0.0003      |
|    loss                 | 0.0165      |
|    n_updates            | 170         |
|    policy_gradient_loss | -0.00366    |
|    value_loss           | 0.0865      |
-----------------------------------------
-----------------------------------------
| rollout/                |             |
|    ep_len_mean          | 679         |
|    ep_rew_mean          | 73.9        |
| time/                   |             |
|    fps                  | 389         |
|    iterations           | 36          |
|    time_elapsed         | 2269        |
|    total_timesteps      | 884736      |
| train/                  |             |
|    approx_kl            | 0.008445813 |
|    clip_fraction        | 0.0636      |
|    clip_range           | 0.2         |
|    entropy_loss         | -1.61       |
|    explained_variance   | 0.877       |
|    learning_rate        | 0.0003      |
|    loss                 | 0.00831     |
|    n_updates            | 175         |
|    policy_gradient_loss | -0.00469    |
|    value_loss           | 0.0743      |
-----------------------------------------
-----------------------------------------
| rollout/                |             |
|    ep_len_mean          | 816         |
|    ep_rew_mean          | 74.5        |
| time/                   |             |
|    fps                  | 390         |
|    iterations           | 37          |
|    time_elapsed         | 2330        |
|    total_timesteps      | 909312      |
| train/                  |             |
|    approx_kl            | 0.006154619 |
|    clip_fraction        | 0.0506      |
|    clip_range           | 0.2         |
|    entropy_loss         | -1.59       |
|    explained_variance   | 0.93        |
|    learning_rate        | 0.0003      |
|    loss                 | 0.00289     |
|    n_updates            | 180         |
|    policy_gradient_loss | -0.00431    |
|    value_loss           | 0.0563      |
-----------------------------------------
-----------------------------------------
| rollout/                |             |
|    ep_len_mean          | 798         |
|    ep_rew_mean          | 70.9        |
| time/                   |             |
|    fps                  | 390         |
|    iterations           | 38          |
|    time_elapsed         | 2391        |
|    total_timesteps      | 933888      |
| train/                  |             |
|    approx_kl            | 0.006843314 |
|    clip_fraction        | 0.0549      |
|    clip_range           | 0.2         |
|    entropy_loss         | -1.56       |
|    explained_variance   | 0.89        |
|    learning_rate        | 0.0003      |
|    loss                 | 0.00657     |
|    n_updates            | 185         |
|    policy_gradient_loss | -0.00386    |
|    value_loss           | 0.0691      |
-----------------------------------------
-----------------------------------------
| rollout/                |             |
|    ep_len_mean          | 836         |
|    ep_rew_mean          | 78          |
| time/                   |             |
|    fps                  | 390         |
|    iterations           | 39          |
|    time_elapsed         | 2452        |
|    total_timesteps      | 958464      |
| train/                  |             |
|    approx_kl            | 0.009050387 |
|    clip_fraction        | 0.0834      |
|    clip_range           | 0.2         |
|    entropy_loss         | -1.62       |
|    explained_variance   | 0.871       |
|    learning_rate        | 0.0003      |
|    loss                 | 0.0139      |
|    n_updates            | 190         |
|    policy_gradient_loss | -0.00515    |
|    value_loss           | 0.0782      |
-----------------------------------------
-----------------------------------------
| rollout/                |             |
|    ep_len_mean          | 873         |
|    ep_rew_mean          | 83.5        |
| time/                   |             |
|    fps                  | 390         |
|    iterations           | 40          |
|    time_elapsed         | 2516        |
|    total_timesteps      | 983040      |
| train/                  |             |
|    approx_kl            | 0.007590028 |
|    clip_fraction        | 0.0592      |
|    clip_range           | 0.2         |
|    entropy_loss         | -1.61       |
|    explained_variance   | 0.872       |
|    learning_rate        | 0.0003      |
|    loss                 | -0.0036     |
|    n_updates            | 195         |
|    policy_gradient_loss | -0.00505    |
|    value_loss           | 0.0812      |
-----------------------------------------
[Checkpoint] Saved at 1000000 steps > /home/runner/work/Disciples2-RL/Disciples2-RL/github_experiments/102/cities/seed102-cities-29195376255-1/checkpoints/campaign_ppo_step_1000000.zip
Eval num_timesteps=1000008, det_reward=-75.77 +/- 156.46
Episode length: det=2950.85 +/- 2126.85
Victory rate: det=20.00%
-------------------------------------------------
| eval/                           |             |
|    deterministic_mean_ep_length | 2.95e+03    |
|    deterministic_mean_reward    | -75.8       |
|    deterministic_victory_rate   | 0.2         |
|    mean_ep_length               | 2.95e+03    |
|    mean_reward                  | -75.8       |
|    victory_rate                 | 0.2         |
| time/                           |             |
|    total_timesteps              | 1000008     |
| train/                          |             |
|    approx_kl                    | 0.007691711 |
|    clip_fraction                | 0.0668      |
|    clip_range                   | 0.2         |
|    entropy_loss                 | -1.59       |
|    explained_variance           | 0.882       |
|    learning_rate                | 0.0003      |
|    loss                         | -0.00066    |
|    n_updates                    | 200         |
|    policy_gradient_loss         | -0.00415    |
|    value_loss                   | 0.0668      |
-------------------------------------------------
New best model by deterministic victory rate!
---------------------------------
| rollout/           |          |
|    ep_len_mean     | 829      |
|    ep_rew_mean     | 87.2     |
| time/              |          |
|    fps             | 356      |
|    iterations      | 41       |
|    time_elapsed    | 2823     |
|    total_timesteps | 1007616  |
---------------------------------
VecNormalize stats saved: /home/runner/work/Disciples2-RL/Disciples2-RL/github_experiments/102/cities/seed102-cities-29195376255-1/models/vecnormalize.pkl

Финальная модель сохранена: /home/runner/work/Disciples2-RL/Disciples2-RL/github_experiments/102/cities/seed102-cities-29195376255-1/models/final_model.zip

============================================================
ИТОГИ ОБУЧЕНИЯ:
  Побед: 36
  Поражений: 1742
  Таймаутов: 1
  Побед бота столицы над врагами: 0
  Перестановок юнитов: 229811
  Winrate: 2.0%
============================================================
  График призывов за эпизод: /home/runner/work/Disciples2-RL/Disciples2-RL/github_experiments/102/cities/seed102-cities-29195376255-1/plots/campaign_summoned_units_per_episode.png
  График призывов за всё обучение: /home/runner/work/Disciples2-RL/Disciples2-RL/github_experiments/102/cities/seed102-cities-29195376255-1/plots/campaign_summoned_units_cumulative.png
  График найма за эпизод: /home/runner/work/Disciples2-RL/Disciples2-RL/github_experiments/102/cities/seed102-cities-29195376255-1/plots/campaign_hired_units_per_episode.png
  График найма за всё обучение: /home/runner/work/Disciples2-RL/Disciples2-RL/github_experiments/102/cities/seed102-cities-29195376255-1/plots/campaign_hired_units_cumulative.png
  График перестановок юнитов за эпизод: /home/runner/work/Disciples2-RL/Disciples2-RL/github_experiments/102/cities/seed102-cities-29195376255-1/plots/campaign_unit_swaps_per_episode.png
  График боевых предметов: /home/runner/work/Disciples2-RL/Disciples2-RL/github_experiments/102/cities/seed102-cities-29195376255-1/plots/campaign_battle_item_activity.png
  График побед бота столицы за эпизод: /home/runner/work/Disciples2-RL/Disciples2-RL/github_experiments/102/cities/seed102-cities-29195376255-1/plots/campaign_scripted_bot_victories_per_episode.png
  График применения заклинаний: /home/runner/work/Disciples2-RL/Disciples2-RL/github_experiments/102/cities/seed102-cities-29195376255-1/plots/campaign_spell_cast_activity.png
