Проверка среды CampaignEnv...
Среда прошла проверку!
[INFO] Comet disabled, running without experiment tracking
Создание 12 параллельных сред (subproc)...
Инициализация MaskablePPO...
Using cpu device

============================================================
Запуск обучения Campaign Agent
Всего шагов: 1,000,000
Параллельных сред: 12
VecEnv: subproc
VecEnv start method: forkserver
Seed: 120
Checkpoint каждые: 500,000 шагов
Evaluation каждые: 83,334 шагов
Eval deterministic эпизодов: 20
Eval stochastic эпизодов: 0
Eval лимит шагов на эпизод: 5000
Campaign map: default
Campaign objective: cities
System resources at training start:
  Platform: Linux 6.17.0-1020-azure (x86_64)
  Python: 3.14.6
  PyTorch: 2.13.0+cpu
  Training device: cpu
  CPU model: AMD EPYC 7763 64-Core Processor
  CPU vendor: AuthenticAMD
  Logical CPUs visible: 4
  Process CPU affinity: 4
  Sockets: 1
  Cores per socket: 2
  Threads per core: 2
  CPU max MHz: unknown
  CPU min MHz: unknown
  L1d cache: 64 KiB (2 instances)
  L1i cache: 64 KiB (2 instances)
  L2 cache: 1 MiB (2 instances)
  L3 cache: 32 MiB (1 instance)
  Virtualization: AMD-V
  Hypervisor: Microsoft
  RAM total: 15.61 GiB
  RAM available at start: 13.90 GiB
  Disk total: 144.26 GiB
  Disk free at start: 83.65 GiB
  Torch intra-op threads: 4
  Torch inter-op threads: 2
  OMP_NUM_THREADS: 4
  MKL_NUM_THREADS: 4
  OPENBLAS_NUM_THREADS: 4
  GitHub runner OS: Linux
  GitHub runner architecture: X64
  GitHub runner environment: github-hosted
PPO n_steps: 2,048
PPO batch_size: 512
PPO n_epochs: 5
PPO learning_rate: 0.0003
PPO clip_range: 0.2
PPO ent_coef: 0.01
PPO gamma: 0.995
PPO gae_lambda: 0.95
PPO target_kl: disabled
PPO gradient batches per rollout: 240
VecCheckNan: disabled
Freeze action layout: enabled
Empire territory: enabled
Torch threads per process: 4
Diagnostics: disabled
Wall-clock training limit: disabled
Run ID: seed120-default-cities-30079892780-1
============================================================

Logging to /home/runner/work/Disciples2-RL/Disciples2-RL/github_experiments/120/default/cities/seed120-default-cities-30079892780-1/tensorboard/MaskablePPO_1
------------------------------
| time/              |       |
|    fps             | 367   |
|    iterations      | 1     |
|    time_elapsed    | 66    |
|    total_timesteps | 24576 |
------------------------------
-----------------------------------------
| rollout/                |             |
|    ep_len_mean          | 2.41e+03    |
|    ep_rew_mean          | 81.3        |
| time/                   |             |
|    fps                  | 356         |
|    iterations           | 2           |
|    time_elapsed         | 137         |
|    total_timesteps      | 49152       |
| train/                  |             |
|    approx_kl            | 0.008840133 |
|    clip_fraction        | 0.0603      |
|    clip_range           | 0.2         |
|    entropy_loss         | -2.25       |
|    explained_variance   | 0.25        |
|    learning_rate        | 0.0003      |
|    loss                 | 0.0073      |
|    n_updates            | 5           |
|    policy_gradient_loss | -0.00639    |
|    value_loss           | 0.108       |
-----------------------------------------
-----------------------------------------
| rollout/                |             |
|    ep_len_mean          | 4.5e+03     |
|    ep_rew_mean          | 48.1        |
| time/                   |             |
|    fps                  | 357         |
|    iterations           | 3           |
|    time_elapsed         | 206         |
|    total_timesteps      | 73728       |
| train/                  |             |
|    approx_kl            | 0.008441337 |
|    clip_fraction        | 0.0596      |
|    clip_range           | 0.2         |
|    entropy_loss         | -2.17       |
|    explained_variance   | 0.454       |
|    learning_rate        | 0.0003      |
|    loss                 | -0.00824    |
|    n_updates            | 10          |
|    policy_gradient_loss | -0.005      |
|    value_loss           | 0.0659      |
-----------------------------------------
-----------------------------------------
| rollout/                |             |
|    ep_len_mean          | 4.06e+03    |
|    ep_rew_mean          | 60.5        |
| time/                   |             |
|    fps                  | 353         |
|    iterations           | 4           |
|    time_elapsed         | 278         |
|    total_timesteps      | 98304       |
| train/                  |             |
|    approx_kl            | 0.008295489 |
|    clip_fraction        | 0.0583      |
|    clip_range           | 0.2         |
|    entropy_loss         | -2.16       |
|    explained_variance   | 0.687       |
|    learning_rate        | 0.0003      |
|    loss                 | -0.00142    |
|    n_updates            | 15          |
|    policy_gradient_loss | -0.00587    |
|    value_loss           | 0.0672      |
-----------------------------------------
-----------------------------------------
| rollout/                |             |
|    ep_len_mean          | 4.05e+03    |
|    ep_rew_mean          | 52.1        |
| time/                   |             |
|    fps                  | 351         |
|    iterations           | 5           |
|    time_elapsed         | 350         |
|    total_timesteps      | 122880      |
| train/                  |             |
|    approx_kl            | 0.009818516 |
|    clip_fraction        | 0.0972      |
|    clip_range           | 0.2         |
|    entropy_loss         | -2.18       |
|    explained_variance   | 0.749       |
|    learning_rate        | 0.0003      |
|    loss                 | -0.0158     |
|    n_updates            | 20          |
|    policy_gradient_loss | -0.00718    |
|    value_loss           | 0.0444      |
-----------------------------------------
-----------------------------------------
| rollout/                |             |
|    ep_len_mean          | 3.84e+03    |
|    ep_rew_mean          | 61.9        |
| time/                   |             |
|    fps                  | 349         |
|    iterations           | 6           |
|    time_elapsed         | 421         |
|    total_timesteps      | 147456      |
| train/                  |             |
|    approx_kl            | 0.008031671 |
|    clip_fraction        | 0.0715      |
|    clip_range           | 0.2         |
|    entropy_loss         | -2.16       |
|    explained_variance   | 0.866       |
|    learning_rate        | 0.0003      |
|    loss                 | -0.0173     |
|    n_updates            | 25          |
|    policy_gradient_loss | -0.00552    |
|    value_loss           | 0.0358      |
-----------------------------------------
-----------------------------------------
| rollout/                |             |
|    ep_len_mean          | 3.6e+03     |
|    ep_rew_mean          | 66.9        |
| time/                   |             |
|    fps                  | 347         |
|    iterations           | 7           |
|    time_elapsed         | 494         |
|    total_timesteps      | 172032      |
| train/                  |             |
|    approx_kl            | 0.008068913 |
|    clip_fraction        | 0.0654      |
|    clip_range           | 0.2         |
|    entropy_loss         | -2.16       |
|    explained_variance   | 0.838       |
|    learning_rate        | 0.0003      |
|    loss                 | -0.000723   |
|    n_updates            | 30          |
|    policy_gradient_loss | -0.00592    |
|    value_loss           | 0.0633      |
-----------------------------------------
-----------------------------------------
| rollout/                |             |
|    ep_len_mean          | 3.64e+03    |
|    ep_rew_mean          | 64.2        |
| time/                   |             |
|    fps                  | 346         |
|    iterations           | 8           |
|    time_elapsed         | 566         |
|    total_timesteps      | 196608      |
| train/                  |             |
|    approx_kl            | 0.008769196 |
|    clip_fraction        | 0.0707      |
|    clip_range           | 0.2         |
|    entropy_loss         | -2.11       |
|    explained_variance   | 0.822       |
|    learning_rate        | 0.0003      |
|    loss                 | 0.00189     |
|    n_updates            | 35          |
|    policy_gradient_loss | -0.00647    |
|    value_loss           | 0.0684      |
-----------------------------------------
-----------------------------------------
| rollout/                |             |
|    ep_len_mean          | 3.56e+03    |
|    ep_rew_mean          | 65.3        |
| time/                   |             |
|    fps                  | 345         |
|    iterations           | 9           |
|    time_elapsed         | 639         |
|    total_timesteps      | 221184      |
| train/                  |             |
|    approx_kl            | 0.008616807 |
|    clip_fraction        | 0.0855      |
|    clip_range           | 0.2         |
|    entropy_loss         | -2.09       |
|    explained_variance   | 0.904       |
|    learning_rate        | 0.0003      |
|    loss                 | -0.026      |
|    n_updates            | 40          |
|    policy_gradient_loss | -0.00615    |
|    value_loss           | 0.029       |
-----------------------------------------
-----------------------------------------
| rollout/                |             |
|    ep_len_mean          | 3.56e+03    |
|    ep_rew_mean          | 63.9        |
| time/                   |             |
|    fps                  | 344         |
|    iterations           | 10          |
|    time_elapsed         | 713         |
|    total_timesteps      | 245760      |
| train/                  |             |
|    approx_kl            | 0.009077295 |
|    clip_fraction        | 0.0865      |
|    clip_range           | 0.2         |
|    entropy_loss         | -2.05       |
|    explained_variance   | 0.938       |
|    learning_rate        | 0.0003      |
|    loss                 | -0.0169     |
|    n_updates            | 45          |
|    policy_gradient_loss | -0.0066     |
|    value_loss           | 0.0281      |
-----------------------------------------
------------------------------------------
| rollout/                |              |
|    ep_len_mean          | 3.54e+03     |
|    ep_rew_mean          | 65.9         |
| time/                   |              |
|    fps                  | 343          |
|    iterations           | 11           |
|    time_elapsed         | 787          |
|    total_timesteps      | 270336       |
| train/                  |              |
|    approx_kl            | 0.0095585175 |
|    clip_fraction        | 0.0984       |
|    clip_range           | 0.2          |
|    entropy_loss         | -2.08        |
|    explained_variance   | 0.937        |
|    learning_rate        | 0.0003       |
|    loss                 | -0.0238      |
|    n_updates            | 50           |
|    policy_gradient_loss | -0.00688     |
|    value_loss           | 0.0276       |
------------------------------------------
-----------------------------------------
| rollout/                |             |
|    ep_len_mean          | 3.45e+03    |
|    ep_rew_mean          | 72.6        |
| time/                   |             |
|    fps                  | 343         |
|    iterations           | 12          |
|    time_elapsed         | 859         |
|    total_timesteps      | 294912      |
| train/                  |             |
|    approx_kl            | 0.010327779 |
|    clip_fraction        | 0.103       |
|    clip_range           | 0.2         |
|    entropy_loss         | -2.11       |
|    explained_variance   | 0.905       |
|    learning_rate        | 0.0003      |
|    loss                 | -0.00414    |
|    n_updates            | 55          |
|    policy_gradient_loss | -0.00678    |
|    value_loss           | 0.0358      |
-----------------------------------------
----------------------------------------
| rollout/                |            |
|    ep_len_mean          | 3.43e+03   |
|    ep_rew_mean          | 72.5       |
| time/                   |            |
|    fps                  | 343        |
|    iterations           | 13         |
|    time_elapsed         | 930        |
|    total_timesteps      | 319488     |
| train/                  |            |
|    approx_kl            | 0.00763963 |
|    clip_fraction        | 0.0697     |
|    clip_range           | 0.2        |
|    entropy_loss         | -2.09      |
|    explained_variance   | 0.922      |
|    learning_rate        | 0.0003     |
|    loss                 | 0.00165    |
|    n_updates            | 60         |
|    policy_gradient_loss | -0.0055    |
|    value_loss           | 0.0474     |
----------------------------------------
-----------------------------------------
| rollout/                |             |
|    ep_len_mean          | 3.47e+03    |
|    ep_rew_mean          | 76.1        |
| time/                   |             |
|    fps                  | 343         |
|    iterations           | 14          |
|    time_elapsed         | 1002        |
|    total_timesteps      | 344064      |
| train/                  |             |
|    approx_kl            | 0.009383422 |
|    clip_fraction        | 0.1         |
|    clip_range           | 0.2         |
|    entropy_loss         | -2.11       |
|    explained_variance   | 0.939       |
|    learning_rate        | 0.0003      |
|    loss                 | -0.0287     |
|    n_updates            | 65          |
|    policy_gradient_loss | -0.00693    |
|    value_loss           | 0.0158      |
-----------------------------------------
------------------------------------------
| rollout/                |              |
|    ep_len_mean          | 3.3e+03      |
|    ep_rew_mean          | 87.1         |
| time/                   |              |
|    fps                  | 343          |
|    iterations           | 15           |
|    time_elapsed         | 1074         |
|    total_timesteps      | 368640       |
| train/                  |              |
|    approx_kl            | 0.0103810625 |
|    clip_fraction        | 0.11         |
|    clip_range           | 0.2          |
|    entropy_loss         | -2.16        |
|    explained_variance   | 0.938        |
|    learning_rate        | 0.0003       |
|    loss                 | -0.0129      |
|    n_updates            | 70           |
|    policy_gradient_loss | -0.00912     |
|    value_loss           | 0.0401       |
------------------------------------------
-----------------------------------------
| rollout/                |             |
|    ep_len_mean          | 3.09e+03    |
|    ep_rew_mean          | 96.7        |
| time/                   |             |
|    fps                  | 343         |
|    iterations           | 16          |
|    time_elapsed         | 1145        |
|    total_timesteps      | 393216      |
| train/                  |             |
|    approx_kl            | 0.008595371 |
|    clip_fraction        | 0.0971      |
|    clip_range           | 0.2         |
|    entropy_loss         | -2.15       |
|    explained_variance   | 0.937       |
|    learning_rate        | 0.0003      |
|    loss                 | -0.016      |
|    n_updates            | 75          |
|    policy_gradient_loss | -0.00781    |
|    value_loss           | 0.0324      |
-----------------------------------------
-----------------------------------------
| rollout/                |             |
|    ep_len_mean          | 3.1e+03     |
|    ep_rew_mean          | 99          |
| time/                   |             |
|    fps                  | 343         |
|    iterations           | 17          |
|    time_elapsed         | 1216        |
|    total_timesteps      | 417792      |
| train/                  |             |
|    approx_kl            | 0.009228115 |
|    clip_fraction        | 0.0994      |
|    clip_range           | 0.2         |
|    entropy_loss         | -2.17       |
|    explained_variance   | 0.94        |
|    learning_rate        | 0.0003      |
|    loss                 | -0.0175     |
|    n_updates            | 80          |
|    policy_gradient_loss | -0.00795    |
|    value_loss           | 0.0338      |
-----------------------------------------
-----------------------------------------
| rollout/                |             |
|    ep_len_mean          | 2.99e+03    |
|    ep_rew_mean          | 108         |
| time/                   |             |
|    fps                  | 343         |
|    iterations           | 18          |
|    time_elapsed         | 1289        |
|    total_timesteps      | 442368      |
| train/                  |             |
|    approx_kl            | 0.007862168 |
|    clip_fraction        | 0.0999      |
|    clip_range           | 0.2         |
|    entropy_loss         | -2.22       |
|    explained_variance   | 0.951       |
|    learning_rate        | 0.0003      |
|    loss                 | -0.0185     |
|    n_updates            | 85          |
|    policy_gradient_loss | -0.00573    |
|    value_loss           | 0.0229      |
-----------------------------------------
-----------------------------------------
| rollout/                |             |
|    ep_len_mean          | 2.93e+03    |
|    ep_rew_mean          | 120         |
| time/                   |             |
|    fps                  | 343         |
|    iterations           | 19          |
|    time_elapsed         | 1359        |
|    total_timesteps      | 466944      |
| train/                  |             |
|    approx_kl            | 0.008392057 |
|    clip_fraction        | 0.0905      |
|    clip_range           | 0.2         |
|    entropy_loss         | -2.18       |
|    explained_variance   | 0.946       |
|    learning_rate        | 0.0003      |
|    loss                 | -0.0117     |
|    n_updates            | 90          |
|    policy_gradient_loss | -0.00637    |
|    value_loss           | 0.0355      |
-----------------------------------------
----------------------------------------
| rollout/                |            |
|    ep_len_mean          | 2.68e+03   |
|    ep_rew_mean          | 136        |
| time/                   |            |
|    fps                  | 344        |
|    iterations           | 20         |
|    time_elapsed         | 1428       |
|    total_timesteps      | 491520     |
| train/                  |            |
|    approx_kl            | 0.00962945 |
|    clip_fraction        | 0.0934     |
|    clip_range           | 0.2        |
|    entropy_loss         | -2.14      |
|    explained_variance   | 0.952      |
|    learning_rate        | 0.0003     |
|    loss                 | -0.0171    |
|    n_updates            | 95         |
|    policy_gradient_loss | -0.00585   |
|    value_loss           | 0.0339     |
----------------------------------------
[Checkpoint] Saved at 500000 steps > /home/runner/work/Disciples2-RL/Disciples2-RL/github_experiments/120/default/cities/seed120-default-cities-30079892780-1/checkpoints/campaign_ppo_step_500000.zip
------------------------------------------
| rollout/                |              |
|    ep_len_mean          | 2.28e+03     |
|    ep_rew_mean          | 146          |
| time/                   |              |
|    fps                  | 342          |
|    iterations           | 21           |
|    time_elapsed         | 1505         |
|    total_timesteps      | 516096       |
| train/                  |              |
|    approx_kl            | 0.0081440145 |
|    clip_fraction        | 0.0869       |
|    clip_range           | 0.2          |
|    entropy_loss         | -2.17        |
|    explained_variance   | 0.945        |
|    learning_rate        | 0.0003       |
|    loss                 | -0.0136      |
|    n_updates            | 100          |
|    policy_gradient_loss | -0.00621     |
|    value_loss           | 0.0352       |
------------------------------------------
-----------------------------------------
| rollout/                |             |
|    ep_len_mean          | 2.1e+03     |
|    ep_rew_mean          | 155         |
| time/                   |             |
|    fps                  | 342         |
|    iterations           | 22          |
|    time_elapsed         | 1580        |
|    total_timesteps      | 540672      |
| train/                  |             |
|    approx_kl            | 0.007920541 |
|    clip_fraction        | 0.0816      |
|    clip_range           | 0.2         |
|    entropy_loss         | -2.16       |
|    explained_variance   | 0.965       |
|    learning_rate        | 0.0003      |
|    loss                 | -0.0113     |
|    n_updates            | 105         |
|    policy_gradient_loss | -0.00722    |
|    value_loss           | 0.0356      |
-----------------------------------------
-----------------------------------------
| rollout/                |             |
|    ep_len_mean          | 2.02e+03    |
|    ep_rew_mean          | 159         |
| time/                   |             |
|    fps                  | 341         |
|    iterations           | 23          |
|    time_elapsed         | 1655        |
|    total_timesteps      | 565248      |
| train/                  |             |
|    approx_kl            | 0.008129864 |
|    clip_fraction        | 0.0949      |
|    clip_range           | 0.2         |
|    entropy_loss         | -2.15       |
|    explained_variance   | 0.954       |
|    learning_rate        | 0.0003      |
|    loss                 | -0.0211     |
|    n_updates            | 110         |
|    policy_gradient_loss | -0.00584    |
|    value_loss           | 0.0327      |
-----------------------------------------
-----------------------------------------
| rollout/                |             |
|    ep_len_mean          | 1.31e+03    |
|    ep_rew_mean          | 163         |
| time/                   |             |
|    fps                  | 341         |
|    iterations           | 24          |
|    time_elapsed         | 1728        |
|    total_timesteps      | 589824      |
| train/                  |             |
|    approx_kl            | 0.009218535 |
|    clip_fraction        | 0.101       |
|    clip_range           | 0.2         |
|    entropy_loss         | -2.12       |
|    explained_variance   | 0.966       |
|    learning_rate        | 0.0003      |
|    loss                 | -0.0164     |
|    n_updates            | 115         |
|    policy_gradient_loss | -0.00679    |
|    value_loss           | 0.0341      |
-----------------------------------------
----------------------------------------
| rollout/                |            |
|    ep_len_mean          | 720        |
|    ep_rew_mean          | 155        |
| time/                   |            |
|    fps                  | 340        |
|    iterations           | 25         |
|    time_elapsed         | 1801       |
|    total_timesteps      | 614400     |
| train/                  |            |
|    approx_kl            | 0.00901597 |
|    clip_fraction        | 0.0919     |
|    clip_range           | 0.2        |
|    entropy_loss         | -2.06      |
|    explained_variance   | 0.968      |
|    learning_rate        | 0.0003     |
|    loss                 | -0.00771   |
|    n_updates            | 120        |
|    policy_gradient_loss | -0.00556   |
|    value_loss           | 0.0339     |
----------------------------------------
-----------------------------------------
| rollout/                |             |
|    ep_len_mean          | 531         |
|    ep_rew_mean          | 153         |
| time/                   |             |
|    fps                  | 340         |
|    iterations           | 26          |
|    time_elapsed         | 1877        |
|    total_timesteps      | 638976      |
| train/                  |             |
|    approx_kl            | 0.009527952 |
|    clip_fraction        | 0.111       |
|    clip_range           | 0.2         |
|    entropy_loss         | -1.95       |
|    explained_variance   | 0.959       |
|    learning_rate        | 0.0003      |
|    loss                 | -0.00242    |
|    n_updates            | 125         |
|    policy_gradient_loss | -0.00775    |
|    value_loss           | 0.0384      |
-----------------------------------------
-----------------------------------------
| rollout/                |             |
|    ep_len_mean          | 534         |
|    ep_rew_mean          | 150         |
| time/                   |             |
|    fps                  | 340         |
|    iterations           | 27          |
|    time_elapsed         | 1949        |
|    total_timesteps      | 663552      |
| train/                  |             |
|    approx_kl            | 0.010018118 |
|    clip_fraction        | 0.114       |
|    clip_range           | 0.2         |
|    entropy_loss         | -2.08       |
|    explained_variance   | 0.964       |
|    learning_rate        | 0.0003      |
|    loss                 | -0.0187     |
|    n_updates            | 130         |
|    policy_gradient_loss | -0.00682    |
|    value_loss           | 0.0307      |
-----------------------------------------
-----------------------------------------
| rollout/                |             |
|    ep_len_mean          | 476         |
|    ep_rew_mean          | 152         |
| time/                   |             |
|    fps                  | 340         |
|    iterations           | 28          |
|    time_elapsed         | 2020        |
|    total_timesteps      | 688128      |
| train/                  |             |
|    approx_kl            | 0.008423786 |
|    clip_fraction        | 0.0945      |
|    clip_range           | 0.2         |
|    entropy_loss         | -2.04       |
|    explained_variance   | 0.974       |
|    learning_rate        | 0.0003      |
|    loss                 | -0.0135     |
|    n_updates            | 135         |
|    policy_gradient_loss | -0.0059     |
|    value_loss           | 0.0287      |
-----------------------------------------
-----------------------------------------
| rollout/                |             |
|    ep_len_mean          | 547         |
|    ep_rew_mean          | 156         |
| time/                   |             |
|    fps                  | 340         |
|    iterations           | 29          |
|    time_elapsed         | 2091        |
|    total_timesteps      | 712704      |
| train/                  |             |
|    approx_kl            | 0.009248166 |
|    clip_fraction        | 0.0967      |
|    clip_range           | 0.2         |
|    entropy_loss         | -2.02       |
|    explained_variance   | 0.981       |
|    learning_rate        | 0.0003      |
|    loss                 | -0.015      |
|    n_updates            | 140         |
|    policy_gradient_loss | -0.00661    |
|    value_loss           | 0.0227      |
-----------------------------------------
-----------------------------------------
| rollout/                |             |
|    ep_len_mean          | 385         |
|    ep_rew_mean          | 154         |
| time/                   |             |
|    fps                  | 340         |
|    iterations           | 30          |
|    time_elapsed         | 2162        |
|    total_timesteps      | 737280      |
| train/                  |             |
|    approx_kl            | 0.008795799 |
|    clip_fraction        | 0.0883      |
|    clip_range           | 0.2         |
|    entropy_loss         | -2.01       |
|    explained_variance   | 0.984       |
|    learning_rate        | 0.0003      |
|    loss                 | -0.0186     |
|    n_updates            | 145         |
|    policy_gradient_loss | -0.0054     |
|    value_loss           | 0.0233      |
-----------------------------------------
-----------------------------------------
| rollout/                |             |
|    ep_len_mean          | 409         |
|    ep_rew_mean          | 155         |
| time/                   |             |
|    fps                  | 340         |
|    iterations           | 31          |
|    time_elapsed         | 2236        |
|    total_timesteps      | 761856      |
| train/                  |             |
|    approx_kl            | 0.008901567 |
|    clip_fraction        | 0.1         |
|    clip_range           | 0.2         |
|    entropy_loss         | -1.9        |
|    explained_variance   | 0.988       |
|    learning_rate        | 0.0003      |
|    loss                 | -0.0284     |
|    n_updates            | 150         |
|    policy_gradient_loss | -0.00513    |
|    value_loss           | 0.0189      |
-----------------------------------------
-----------------------------------------
| rollout/                |             |
|    ep_len_mean          | 264         |
|    ep_rew_mean          | 154         |
| time/                   |             |
|    fps                  | 340         |
|    iterations           | 32          |
|    time_elapsed         | 2309        |
|    total_timesteps      | 786432      |
| train/                  |             |
|    approx_kl            | 0.007895556 |
|    clip_fraction        | 0.087       |
|    clip_range           | 0.2         |
|    entropy_loss         | -1.86       |
|    explained_variance   | 0.986       |
|    learning_rate        | 0.0003      |
|    loss                 | -0.011      |
|    n_updates            | 155         |
|    policy_gradient_loss | -0.00555    |
|    value_loss           | 0.0222      |
-----------------------------------------
-----------------------------------------
| rollout/                |             |
|    ep_len_mean          | 339         |
|    ep_rew_mean          | 162         |
| time/                   |             |
|    fps                  | 340         |
|    iterations           | 33          |
|    time_elapsed         | 2383        |
|    total_timesteps      | 811008      |
| train/                  |             |
|    approx_kl            | 0.008691891 |
|    clip_fraction        | 0.093       |
|    clip_range           | 0.2         |
|    entropy_loss         | -1.82       |
|    explained_variance   | 0.984       |
|    learning_rate        | 0.0003      |
|    loss                 | -0.0071     |
|    n_updates            | 160         |
|    policy_gradient_loss | -0.00553    |
|    value_loss           | 0.0213      |
-----------------------------------------
-----------------------------------------
| rollout/                |             |
|    ep_len_mean          | 228         |
|    ep_rew_mean          | 153         |
| time/                   |             |
|    fps                  | 339         |
|    iterations           | 34          |
|    time_elapsed         | 2457        |
|    total_timesteps      | 835584      |
| train/                  |             |
|    approx_kl            | 0.009130926 |
|    clip_fraction        | 0.101       |
|    clip_range           | 0.2         |
|    entropy_loss         | -1.82       |
|    explained_variance   | 0.987       |
|    learning_rate        | 0.0003      |
|    loss                 | -0.0154     |
|    n_updates            | 165         |
|    policy_gradient_loss | -0.00555    |
|    value_loss           | 0.0181      |
-----------------------------------------
-----------------------------------------
| rollout/                |             |
|    ep_len_mean          | 258         |
|    ep_rew_mean          | 158         |
| time/                   |             |
|    fps                  | 339         |
|    iterations           | 35          |
|    time_elapsed         | 2531        |
|    total_timesteps      | 860160      |
| train/                  |             |
|    approx_kl            | 0.008636941 |
|    clip_fraction        | 0.0962      |
|    clip_range           | 0.2         |
|    entropy_loss         | -1.7        |
|    explained_variance   | 0.984       |
|    learning_rate        | 0.0003      |
|    loss                 | -0.0157     |
|    n_updates            | 170         |
|    policy_gradient_loss | -0.00509    |
|    value_loss           | 0.0223      |
-----------------------------------------
-----------------------------------------
| rollout/                |             |
|    ep_len_mean          | 202         |
|    ep_rew_mean          | 156         |
| time/                   |             |
|    fps                  | 339         |
|    iterations           | 36          |
|    time_elapsed         | 2604        |
|    total_timesteps      | 884736      |
| train/                  |             |
|    approx_kl            | 0.008122117 |
|    clip_fraction        | 0.098       |
|    clip_range           | 0.2         |
|    entropy_loss         | -1.67       |
|    explained_variance   | 0.982       |
|    learning_rate        | 0.0003      |
|    loss                 | -0.0216     |
|    n_updates            | 175         |
|    policy_gradient_loss | -0.00457    |
|    value_loss           | 0.0204      |
-----------------------------------------
-----------------------------------------
| rollout/                |             |
|    ep_len_mean          | 191         |
|    ep_rew_mean          | 156         |
| time/                   |             |
|    fps                  | 339         |
|    iterations           | 37          |
|    time_elapsed         | 2677        |
|    total_timesteps      | 909312      |
| train/                  |             |
|    approx_kl            | 0.007947984 |
|    clip_fraction        | 0.0929      |
|    clip_range           | 0.2         |
|    entropy_loss         | -1.64       |
|    explained_variance   | 0.988       |
|    learning_rate        | 0.0003      |
|    loss                 | -0.0253     |
|    n_updates            | 180         |
|    policy_gradient_loss | -0.0057     |
|    value_loss           | 0.0173      |
-----------------------------------------
----------------------------------------
| rollout/                |            |
|    ep_len_mean          | 279        |
|    ep_rew_mean          | 165        |
| time/                   |            |
|    fps                  | 339        |
|    iterations           | 38         |
|    time_elapsed         | 2750       |
|    total_timesteps      | 933888     |
| train/                  |            |
|    approx_kl            | 0.00820652 |
|    clip_fraction        | 0.0857     |
|    clip_range           | 0.2        |
|    entropy_loss         | -1.58      |
|    explained_variance   | 0.985      |
|    learning_rate        | 0.0003     |
|    loss                 | -0.00256   |
|    n_updates            | 185        |
|    policy_gradient_loss | -0.00457   |
|    value_loss           | 0.02       |
----------------------------------------
-----------------------------------------
| rollout/                |             |
|    ep_len_mean          | 268         |
|    ep_rew_mean          | 162         |
| time/                   |             |
|    fps                  | 339         |
|    iterations           | 39          |
|    time_elapsed         | 2823        |
|    total_timesteps      | 958464      |
| train/                  |             |
|    approx_kl            | 0.008197258 |
|    clip_fraction        | 0.0963      |
|    clip_range           | 0.2         |
|    entropy_loss         | -1.68       |
|    explained_variance   | 0.982       |
|    learning_rate        | 0.0003      |
|    loss                 | -0.0159     |
|    n_updates            | 190         |
|    policy_gradient_loss | -0.00516    |
|    value_loss           | 0.0163      |
-----------------------------------------
-----------------------------------------
| rollout/                |             |
|    ep_len_mean          | 305         |
|    ep_rew_mean          | 159         |
| time/                   |             |
|    fps                  | 339         |
|    iterations           | 40          |
|    time_elapsed         | 2896        |
|    total_timesteps      | 983040      |
| train/                  |             |
|    approx_kl            | 0.008567235 |
|    clip_fraction        | 0.092       |
|    clip_range           | 0.2         |
|    entropy_loss         | -1.62       |
|    explained_variance   | 0.986       |
|    learning_rate        | 0.0003      |
|    loss                 | -0.0139     |
|    n_updates            | 195         |
|    policy_gradient_loss | -0.00454    |
|    value_loss           | 0.0123      |
-----------------------------------------
[Checkpoint] Saved at 1000000 steps > /home/runner/work/Disciples2-RL/Disciples2-RL/github_experiments/120/default/cities/seed120-default-cities-30079892780-1/checkpoints/campaign_ppo_step_1000000.zip
Eval num_timesteps=1000008, det_reward=135.41 +/- 0.01
Episode length: det=73.55 +/- 1.02
Victory rate: det=100.00%
--------------------------------------------------
| eval/                           |              |
|    deterministic_mean_ep_length | 73.5         |
|    deterministic_mean_reward    | 135          |
|    deterministic_victory_rate   | 1            |
|    mean_ep_length               | 73.5         |
|    mean_reward                  | 135          |
|    victory_rate                 | 1            |
| time/                           |              |
|    total_timesteps              | 1000008      |
| train/                          |              |
|    approx_kl                    | 0.0074615385 |
|    clip_fraction                | 0.0688       |
|    clip_range                   | 0.2          |
|    entropy_loss                 | -1.6         |
|    explained_variance           | 0.989        |
|    learning_rate                | 0.0003       |
|    loss                         | -0.0161      |
|    n_updates                    | 200          |
|    policy_gradient_loss         | -0.00371     |
|    value_loss                   | 0.00966      |
--------------------------------------------------
New best model by deterministic victory rate!
---------------------------------
| rollout/           |          |
|    ep_len_mean     | 417      |
|    ep_rew_mean     | 161      |
| time/              |          |
|    fps             | 338      |
|    iterations      | 41       |
|    time_elapsed    | 2978     |
|    total_timesteps | 1007616  |
---------------------------------
VecNormalize stats saved: /home/runner/work/Disciples2-RL/Disciples2-RL/github_experiments/120/default/cities/seed120-default-cities-30079892780-1/models/vecnormalize.pkl

Финальная модель сохранена: /home/runner/work/Disciples2-RL/Disciples2-RL/github_experiments/120/default/cities/seed120-default-cities-30079892780-1/models/final_model.zip

============================================================
ИТОГИ ОБУЧЕНИЯ:
  Побед: 1444
  Поражений: 9
  Таймаутов: 40
  Побед бота столицы над врагами: 0
  Перестановок юнитов: 222903
  Терминальные поражения по противникам:
    enemy_75: 9 — Страж столицы Империи: Мизраэль
  Winrate: 96.7%
============================================================
  График призывов за эпизод: /home/runner/work/Disciples2-RL/Disciples2-RL/github_experiments/120/default/cities/seed120-default-cities-30079892780-1/plots/campaign_summoned_units_per_episode.png
  График призывов за всё обучение: /home/runner/work/Disciples2-RL/Disciples2-RL/github_experiments/120/default/cities/seed120-default-cities-30079892780-1/plots/campaign_summoned_units_cumulative.png
  График найма за эпизод: /home/runner/work/Disciples2-RL/Disciples2-RL/github_experiments/120/default/cities/seed120-default-cities-30079892780-1/plots/campaign_hired_units_per_episode.png
  График найма за всё обучение: /home/runner/work/Disciples2-RL/Disciples2-RL/github_experiments/120/default/cities/seed120-default-cities-30079892780-1/plots/campaign_hired_units_cumulative.png
  График перестановок юнитов за эпизод: /home/runner/work/Disciples2-RL/Disciples2-RL/github_experiments/120/default/cities/seed120-default-cities-30079892780-1/plots/campaign_unit_swaps_per_episode.png
  График боевых предметов: /home/runner/work/Disciples2-RL/Disciples2-RL/github_experiments/120/default/cities/seed120-default-cities-30079892780-1/plots/campaign_battle_item_activity.png
  График побед бота столицы за эпизод: /home/runner/work/Disciples2-RL/Disciples2-RL/github_experiments/120/default/cities/seed120-default-cities-30079892780-1/plots/campaign_scripted_bot_victories_per_episode.png
  График применения заклинаний: /home/runner/work/Disciples2-RL/Disciples2-RL/github_experiments/120/default/cities/seed120-default-cities-30079892780-1/plots/campaign_spell_cast_activity.png
