Проверка среды CampaignEnv...
Среда прошла проверку!
[INFO] Comet disabled, running without experiment tracking
Создание 12 параллельных сред (subproc)...
Инициализация MaskablePPO...
Using cpu device

============================================================
Запуск обучения Campaign Agent
Всего шагов: 1,000,000
Параллельных сред: 12
VecEnv: subproc
VecEnv start method: forkserver
Seed: 114
Checkpoint каждые: 500,000 шагов
Evaluation каждые: 83,334 шагов
Eval deterministic эпизодов: 20
Eval stochastic эпизодов: 0
Eval лимит шагов на эпизод: 5000
Campaign map: small
Campaign objective: dragon
System resources at training start:
  Platform: Linux 6.17.0-1020-azure (x86_64)
  Python: 3.14.6
  PyTorch: 2.13.0+cpu
  Training device: cpu
  CPU model: Intel(R) Xeon(R) 6973P-C
  CPU vendor: GenuineIntel
  Logical CPUs visible: 4
  Process CPU affinity: 4
  Sockets: 1
  Cores per socket: 2
  Threads per core: 2
  CPU max MHz: 2600.0000
  CPU min MHz: 800.0000
  L1d cache: 96 KiB (2 instances)
  L1i cache: 128 KiB (2 instances)
  L2 cache: 4 MiB (2 instances)
  L3 cache: 480 MiB (1 instance)
  Virtualization: VT-x
  Hypervisor: Microsoft
  RAM total: 15.61 GiB
  RAM available at start: 13.87 GiB
  Disk total: 144.26 GiB
  Disk free at start: 85.30 GiB
  Torch intra-op threads: 4
  Torch inter-op threads: 2
  OMP_NUM_THREADS: 4
  MKL_NUM_THREADS: 4
  OPENBLAS_NUM_THREADS: 4
  GitHub runner OS: Linux
  GitHub runner architecture: X64
  GitHub runner environment: github-hosted
PPO n_steps: 2,048
PPO batch_size: 512
PPO n_epochs: 5
PPO learning_rate: 0.0003
PPO clip_range: 0.2
PPO ent_coef: 0.01
PPO gamma: 0.995
PPO gae_lambda: 0.95
PPO target_kl: disabled
PPO gradient batches per rollout: 240
VecCheckNan: disabled
Freeze action layout: enabled
Empire territory: enabled
Torch threads per process: 4
Diagnostics: disabled
Wall-clock training limit: disabled
Run ID: seed114-green_dragon-29672567918-1
============================================================

Logging to /home/runner/work/Disciples2-RL/Disciples2-RL/github_experiments/114/green_dragon/seed114-green_dragon-29672567918-1/tensorboard/MaskablePPO_1
---------------------------------
| rollout/           |          |
|    ep_len_mean     | 112      |
|    ep_rew_mean     | -5.82    |
| time/              |          |
|    fps             | 844      |
|    iterations      | 1        |
|    time_elapsed    | 29       |
|    total_timesteps | 24576    |
---------------------------------
-----------------------------------------
| rollout/                |             |
|    ep_len_mean          | 145         |
|    ep_rew_mean          | -3.29       |
| time/                   |             |
|    fps                  | 821         |
|    iterations           | 2           |
|    time_elapsed         | 59          |
|    total_timesteps      | 49152       |
| train/                  |             |
|    approx_kl            | 0.009944078 |
|    clip_fraction        | 0.0836      |
|    clip_range           | 0.2         |
|    entropy_loss         | -2.2        |
|    explained_variance   | 0.0124      |
|    learning_rate        | 0.0003      |
|    loss                 | 0.279       |
|    n_updates            | 5           |
|    policy_gradient_loss | -0.00729    |
|    value_loss           | 0.519       |
-----------------------------------------
------------------------------------------
| rollout/                |              |
|    ep_len_mean          | 168          |
|    ep_rew_mean          | -2.68        |
| time/                   |              |
|    fps                  | 809          |
|    iterations           | 3            |
|    time_elapsed         | 91           |
|    total_timesteps      | 73728        |
| train/                  |              |
|    approx_kl            | 0.0109724505 |
|    clip_fraction        | 0.121        |
|    clip_range           | 0.2          |
|    entropy_loss         | -2.12        |
|    explained_variance   | 0.571        |
|    learning_rate        | 0.0003       |
|    loss                 | 0.0749       |
|    n_updates            | 10           |
|    policy_gradient_loss | -0.0115      |
|    value_loss           | 0.214        |
------------------------------------------
-----------------------------------------
| rollout/                |             |
|    ep_len_mean          | 197         |
|    ep_rew_mean          | 0.0021      |
| time/                   |             |
|    fps                  | 801         |
|    iterations           | 4           |
|    time_elapsed         | 122         |
|    total_timesteps      | 98304       |
| train/                  |             |
|    approx_kl            | 0.011537358 |
|    clip_fraction        | 0.126       |
|    clip_range           | 0.2         |
|    entropy_loss         | -2.07       |
|    explained_variance   | 0.713       |
|    learning_rate        | 0.0003      |
|    loss                 | 0.0531      |
|    n_updates            | 15          |
|    policy_gradient_loss | -0.012      |
|    value_loss           | 0.207       |
-----------------------------------------
-----------------------------------------
| rollout/                |             |
|    ep_len_mean          | 267         |
|    ep_rew_mean          | 1.62        |
| time/                   |             |
|    fps                  | 798         |
|    iterations           | 5           |
|    time_elapsed         | 153         |
|    total_timesteps      | 122880      |
| train/                  |             |
|    approx_kl            | 0.009693653 |
|    clip_fraction        | 0.107       |
|    clip_range           | 0.2         |
|    entropy_loss         | -2.06       |
|    explained_variance   | 0.793       |
|    learning_rate        | 0.0003      |
|    loss                 | 0.0302      |
|    n_updates            | 20          |
|    policy_gradient_loss | -0.00912    |
|    value_loss           | 0.156       |
-----------------------------------------
-----------------------------------------
| rollout/                |             |
|    ep_len_mean          | 212         |
|    ep_rew_mean          | 4.1         |
| time/                   |             |
|    fps                  | 795         |
|    iterations           | 6           |
|    time_elapsed         | 185         |
|    total_timesteps      | 147456      |
| train/                  |             |
|    approx_kl            | 0.009383276 |
|    clip_fraction        | 0.0964      |
|    clip_range           | 0.2         |
|    entropy_loss         | -2.02       |
|    explained_variance   | 0.794       |
|    learning_rate        | 0.0003      |
|    loss                 | 0.0393      |
|    n_updates            | 25          |
|    policy_gradient_loss | -0.00791    |
|    value_loss           | 0.144       |
-----------------------------------------
------------------------------------------
| rollout/                |              |
|    ep_len_mean          | 203          |
|    ep_rew_mean          | 7.09         |
| time/                   |              |
|    fps                  | 795          |
|    iterations           | 7            |
|    time_elapsed         | 216          |
|    total_timesteps      | 172032       |
| train/                  |              |
|    approx_kl            | 0.0088894265 |
|    clip_fraction        | 0.0883       |
|    clip_range           | 0.2          |
|    entropy_loss         | -2.02        |
|    explained_variance   | 0.827        |
|    learning_rate        | 0.0003       |
|    loss                 | 0.0283       |
|    n_updates            | 30           |
|    policy_gradient_loss | -0.00761     |
|    value_loss           | 0.115        |
------------------------------------------
----------------------------------------
| rollout/                |            |
|    ep_len_mean          | 197        |
|    ep_rew_mean          | 10.1       |
| time/                   |            |
|    fps                  | 795        |
|    iterations           | 8          |
|    time_elapsed         | 247        |
|    total_timesteps      | 196608     |
| train/                  |            |
|    approx_kl            | 0.00814844 |
|    clip_fraction        | 0.0838     |
|    clip_range           | 0.2        |
|    entropy_loss         | -1.96      |
|    explained_variance   | 0.801      |
|    learning_rate        | 0.0003     |
|    loss                 | 0.0314     |
|    n_updates            | 35         |
|    policy_gradient_loss | -0.00695   |
|    value_loss           | 0.126      |
----------------------------------------
-----------------------------------------
| rollout/                |             |
|    ep_len_mean          | 217         |
|    ep_rew_mean          | 12.3        |
| time/                   |             |
|    fps                  | 795         |
|    iterations           | 9           |
|    time_elapsed         | 278         |
|    total_timesteps      | 221184      |
| train/                  |             |
|    approx_kl            | 0.008461242 |
|    clip_fraction        | 0.0795      |
|    clip_range           | 0.2         |
|    entropy_loss         | -1.94       |
|    explained_variance   | 0.783       |
|    learning_rate        | 0.0003      |
|    loss                 | 0.0478      |
|    n_updates            | 40          |
|    policy_gradient_loss | -0.00672    |
|    value_loss           | 0.135       |
-----------------------------------------
----------------------------------------
| rollout/                |            |
|    ep_len_mean          | 207        |
|    ep_rew_mean          | 13.8       |
| time/                   |            |
|    fps                  | 796        |
|    iterations           | 10         |
|    time_elapsed         | 308        |
|    total_timesteps      | 245760     |
| train/                  |            |
|    approx_kl            | 0.00802214 |
|    clip_fraction        | 0.0738     |
|    clip_range           | 0.2        |
|    entropy_loss         | -1.93      |
|    explained_variance   | 0.814      |
|    learning_rate        | 0.0003     |
|    loss                 | 0.0463     |
|    n_updates            | 45         |
|    policy_gradient_loss | -0.00583   |
|    value_loss           | 0.122      |
----------------------------------------
-----------------------------------------
| rollout/                |             |
|    ep_len_mean          | 272         |
|    ep_rew_mean          | 13          |
| time/                   |             |
|    fps                  | 795         |
|    iterations           | 11          |
|    time_elapsed         | 339         |
|    total_timesteps      | 270336      |
| train/                  |             |
|    approx_kl            | 0.007591903 |
|    clip_fraction        | 0.0672      |
|    clip_range           | 0.2         |
|    entropy_loss         | -1.88       |
|    explained_variance   | 0.875       |
|    learning_rate        | 0.0003      |
|    loss                 | 0.0073      |
|    n_updates            | 50          |
|    policy_gradient_loss | -0.0061     |
|    value_loss           | 0.0965      |
-----------------------------------------
-----------------------------------------
| rollout/                |             |
|    ep_len_mean          | 261         |
|    ep_rew_mean          | 15.1        |
| time/                   |             |
|    fps                  | 794         |
|    iterations           | 12          |
|    time_elapsed         | 370         |
|    total_timesteps      | 294912      |
| train/                  |             |
|    approx_kl            | 0.007654534 |
|    clip_fraction        | 0.0719      |
|    clip_range           | 0.2         |
|    entropy_loss         | -1.88       |
|    explained_variance   | 0.858       |
|    learning_rate        | 0.0003      |
|    loss                 | 0.0169      |
|    n_updates            | 55          |
|    policy_gradient_loss | -0.00524    |
|    value_loss           | 0.104       |
-----------------------------------------
-----------------------------------------
| rollout/                |             |
|    ep_len_mean          | 279         |
|    ep_rew_mean          | 18.5        |
| time/                   |             |
|    fps                  | 795         |
|    iterations           | 13          |
|    time_elapsed         | 401         |
|    total_timesteps      | 319488      |
| train/                  |             |
|    approx_kl            | 0.007863206 |
|    clip_fraction        | 0.0802      |
|    clip_range           | 0.2         |
|    entropy_loss         | -1.86       |
|    explained_variance   | 0.883       |
|    learning_rate        | 0.0003      |
|    loss                 | 0.0288      |
|    n_updates            | 60          |
|    policy_gradient_loss | -0.00562    |
|    value_loss           | 0.0903      |
-----------------------------------------
----------------------------------------
| rollout/                |            |
|    ep_len_mean          | 250        |
|    ep_rew_mean          | 15.6       |
| time/                   |            |
|    fps                  | 795        |
|    iterations           | 14         |
|    time_elapsed         | 432        |
|    total_timesteps      | 344064     |
| train/                  |            |
|    approx_kl            | 0.00800344 |
|    clip_fraction        | 0.0744     |
|    clip_range           | 0.2        |
|    entropy_loss         | -1.88      |
|    explained_variance   | 0.911      |
|    learning_rate        | 0.0003     |
|    loss                 | 0.0233     |
|    n_updates            | 65         |
|    policy_gradient_loss | -0.0053    |
|    value_loss           | 0.0949     |
----------------------------------------
------------------------------------------
| rollout/                |              |
|    ep_len_mean          | 286          |
|    ep_rew_mean          | 16.8         |
| time/                   |              |
|    fps                  | 795          |
|    iterations           | 15           |
|    time_elapsed         | 463          |
|    total_timesteps      | 368640       |
| train/                  |              |
|    approx_kl            | 0.0067398846 |
|    clip_fraction        | 0.0641       |
|    clip_range           | 0.2          |
|    entropy_loss         | -1.84        |
|    explained_variance   | 0.944        |
|    learning_rate        | 0.0003       |
|    loss                 | 0.00649      |
|    n_updates            | 70           |
|    policy_gradient_loss | -0.00424     |
|    value_loss           | 0.0679       |
------------------------------------------
-----------------------------------------
| rollout/                |             |
|    ep_len_mean          | 205         |
|    ep_rew_mean          | 20.4        |
| time/                   |             |
|    fps                  | 794         |
|    iterations           | 16          |
|    time_elapsed         | 494         |
|    total_timesteps      | 393216      |
| train/                  |             |
|    approx_kl            | 0.006778987 |
|    clip_fraction        | 0.063       |
|    clip_range           | 0.2         |
|    entropy_loss         | -1.8        |
|    explained_variance   | 0.878       |
|    learning_rate        | 0.0003      |
|    loss                 | 0.0148      |
|    n_updates            | 75          |
|    policy_gradient_loss | -0.00428    |
|    value_loss           | 0.0823      |
-----------------------------------------
-----------------------------------------
| rollout/                |             |
|    ep_len_mean          | 252         |
|    ep_rew_mean          | 19.2        |
| time/                   |             |
|    fps                  | 793         |
|    iterations           | 17          |
|    time_elapsed         | 526         |
|    total_timesteps      | 417792      |
| train/                  |             |
|    approx_kl            | 0.006941974 |
|    clip_fraction        | 0.0691      |
|    clip_range           | 0.2         |
|    entropy_loss         | -1.74       |
|    explained_variance   | 0.867       |
|    learning_rate        | 0.0003      |
|    loss                 | 0.00636     |
|    n_updates            | 80          |
|    policy_gradient_loss | -0.00533    |
|    value_loss           | 0.0903      |
-----------------------------------------
------------------------------------------
| rollout/                |              |
|    ep_len_mean          | 244          |
|    ep_rew_mean          | 27           |
| time/                   |              |
|    fps                  | 792          |
|    iterations           | 18           |
|    time_elapsed         | 557          |
|    total_timesteps      | 442368       |
| train/                  |              |
|    approx_kl            | 0.0069907308 |
|    clip_fraction        | 0.078        |
|    clip_range           | 0.2          |
|    entropy_loss         | -1.77        |
|    explained_variance   | 0.911        |
|    learning_rate        | 0.0003       |
|    loss                 | 0.011        |
|    n_updates            | 85           |
|    policy_gradient_loss | -0.00594     |
|    value_loss           | 0.0747       |
------------------------------------------
------------------------------------------
| rollout/                |              |
|    ep_len_mean          | 246          |
|    ep_rew_mean          | 29.2         |
| time/                   |              |
|    fps                  | 793          |
|    iterations           | 19           |
|    time_elapsed         | 588          |
|    total_timesteps      | 466944       |
| train/                  |              |
|    approx_kl            | 0.0065626684 |
|    clip_fraction        | 0.0596       |
|    clip_range           | 0.2          |
|    entropy_loss         | -1.74        |
|    explained_variance   | 0.812        |
|    learning_rate        | 0.0003       |
|    loss                 | 0.0169       |
|    n_updates            | 90           |
|    policy_gradient_loss | -0.00496     |
|    value_loss           | 0.0836       |
------------------------------------------
------------------------------------------
| rollout/                |              |
|    ep_len_mean          | 196          |
|    ep_rew_mean          | 24.2         |
| time/                   |              |
|    fps                  | 793          |
|    iterations           | 20           |
|    time_elapsed         | 619          |
|    total_timesteps      | 491520       |
| train/                  |              |
|    approx_kl            | 0.0068659647 |
|    clip_fraction        | 0.0708       |
|    clip_range           | 0.2          |
|    entropy_loss         | -1.74        |
|    explained_variance   | 0.776        |
|    learning_rate        | 0.0003       |
|    loss                 | 0.0135       |
|    n_updates            | 95           |
|    policy_gradient_loss | -0.00513     |
|    value_loss           | 0.0864       |
------------------------------------------
[Checkpoint] Saved at 500000 steps > /home/runner/work/Disciples2-RL/Disciples2-RL/github_experiments/114/green_dragon/seed114-green_dragon-29672567918-1/checkpoints/campaign_ppo_step_500000.zip
-----------------------------------------
| rollout/                |             |
|    ep_len_mean          | 206         |
|    ep_rew_mean          | 27.3        |
| time/                   |             |
|    fps                  | 793         |
|    iterations           | 21          |
|    time_elapsed         | 650         |
|    total_timesteps      | 516096      |
| train/                  |             |
|    approx_kl            | 0.007141826 |
|    clip_fraction        | 0.078       |
|    clip_range           | 0.2         |
|    entropy_loss         | -1.72       |
|    explained_variance   | 0.835       |
|    learning_rate        | 0.0003      |
|    loss                 | 0.00677     |
|    n_updates            | 100         |
|    policy_gradient_loss | -0.00525    |
|    value_loss           | 0.0879      |
-----------------------------------------
-----------------------------------------
| rollout/                |             |
|    ep_len_mean          | 332         |
|    ep_rew_mean          | 28.7        |
| time/                   |             |
|    fps                  | 793         |
|    iterations           | 22          |
|    time_elapsed         | 681         |
|    total_timesteps      | 540672      |
| train/                  |             |
|    approx_kl            | 0.007544086 |
|    clip_fraction        | 0.0727      |
|    clip_range           | 0.2         |
|    entropy_loss         | -1.75       |
|    explained_variance   | 0.818       |
|    learning_rate        | 0.0003      |
|    loss                 | 0.0271      |
|    n_updates            | 105         |
|    policy_gradient_loss | -0.00519    |
|    value_loss           | 0.0893      |
-----------------------------------------
-----------------------------------------
| rollout/                |             |
|    ep_len_mean          | 297         |
|    ep_rew_mean          | 30.5        |
| time/                   |             |
|    fps                  | 793         |
|    iterations           | 23          |
|    time_elapsed         | 712         |
|    total_timesteps      | 565248      |
| train/                  |             |
|    approx_kl            | 0.006394472 |
|    clip_fraction        | 0.0606      |
|    clip_range           | 0.2         |
|    entropy_loss         | -1.73       |
|    explained_variance   | 0.852       |
|    learning_rate        | 0.0003      |
|    loss                 | 0.0227      |
|    n_updates            | 110         |
|    policy_gradient_loss | -0.00413    |
|    value_loss           | 0.0927      |
-----------------------------------------
------------------------------------------
| rollout/                |              |
|    ep_len_mean          | 274          |
|    ep_rew_mean          | 36.2         |
| time/                   |              |
|    fps                  | 792          |
|    iterations           | 24           |
|    time_elapsed         | 743          |
|    total_timesteps      | 589824       |
| train/                  |              |
|    approx_kl            | 0.0067068636 |
|    clip_fraction        | 0.0662       |
|    clip_range           | 0.2          |
|    entropy_loss         | -1.71        |
|    explained_variance   | 0.817        |
|    learning_rate        | 0.0003       |
|    loss                 | 0.00612      |
|    n_updates            | 115          |
|    policy_gradient_loss | -0.00541     |
|    value_loss           | 0.0882       |
------------------------------------------
-----------------------------------------
| rollout/                |             |
|    ep_len_mean          | 253         |
|    ep_rew_mean          | 39.2        |
| time/                   |             |
|    fps                  | 792         |
|    iterations           | 25          |
|    time_elapsed         | 775         |
|    total_timesteps      | 614400      |
| train/                  |             |
|    approx_kl            | 0.006822062 |
|    clip_fraction        | 0.0677      |
|    clip_range           | 0.2         |
|    entropy_loss         | -1.69       |
|    explained_variance   | 0.821       |
|    learning_rate        | 0.0003      |
|    loss                 | 0.0197      |
|    n_updates            | 120         |
|    policy_gradient_loss | -0.00462    |
|    value_loss           | 0.0836      |
-----------------------------------------
-----------------------------------------
| rollout/                |             |
|    ep_len_mean          | 225         |
|    ep_rew_mean          | 33.4        |
| time/                   |             |
|    fps                  | 792         |
|    iterations           | 26          |
|    time_elapsed         | 806         |
|    total_timesteps      | 638976      |
| train/                  |             |
|    approx_kl            | 0.006707531 |
|    clip_fraction        | 0.0634      |
|    clip_range           | 0.2         |
|    entropy_loss         | -1.65       |
|    explained_variance   | 0.757       |
|    learning_rate        | 0.0003      |
|    loss                 | 0.0132      |
|    n_updates            | 125         |
|    policy_gradient_loss | -0.00391    |
|    value_loss           | 0.117       |
-----------------------------------------
-----------------------------------------
| rollout/                |             |
|    ep_len_mean          | 264         |
|    ep_rew_mean          | 42.1        |
| time/                   |             |
|    fps                  | 792         |
|    iterations           | 27          |
|    time_elapsed         | 837         |
|    total_timesteps      | 663552      |
| train/                  |             |
|    approx_kl            | 0.006410349 |
|    clip_fraction        | 0.0572      |
|    clip_range           | 0.2         |
|    entropy_loss         | -1.6        |
|    explained_variance   | 0.777       |
|    learning_rate        | 0.0003      |
|    loss                 | 0.0336      |
|    n_updates            | 130         |
|    policy_gradient_loss | -0.00462    |
|    value_loss           | 0.103       |
-----------------------------------------
------------------------------------------
| rollout/                |              |
|    ep_len_mean          | 272          |
|    ep_rew_mean          | 42.5         |
| time/                   |              |
|    fps                  | 792          |
|    iterations           | 28           |
|    time_elapsed         | 868          |
|    total_timesteps      | 688128       |
| train/                  |              |
|    approx_kl            | 0.0067765242 |
|    clip_fraction        | 0.0656       |
|    clip_range           | 0.2          |
|    entropy_loss         | -1.59        |
|    explained_variance   | 0.769        |
|    learning_rate        | 0.0003       |
|    loss                 | 0.019        |
|    n_updates            | 135          |
|    policy_gradient_loss | -0.00425     |
|    value_loss           | 0.0989       |
------------------------------------------
------------------------------------------
| rollout/                |              |
|    ep_len_mean          | 261          |
|    ep_rew_mean          | 41.3         |
| time/                   |              |
|    fps                  | 792          |
|    iterations           | 29           |
|    time_elapsed         | 899          |
|    total_timesteps      | 712704       |
| train/                  |              |
|    approx_kl            | 0.0060258415 |
|    clip_fraction        | 0.0581       |
|    clip_range           | 0.2          |
|    entropy_loss         | -1.56        |
|    explained_variance   | 0.718        |
|    learning_rate        | 0.0003       |
|    loss                 | 0.0276       |
|    n_updates            | 140          |
|    policy_gradient_loss | -0.00368     |
|    value_loss           | 0.117        |
------------------------------------------
-----------------------------------------
| rollout/                |             |
|    ep_len_mean          | 265         |
|    ep_rew_mean          | 43.6        |
| time/                   |             |
|    fps                  | 792         |
|    iterations           | 30          |
|    time_elapsed         | 929         |
|    total_timesteps      | 737280      |
| train/                  |             |
|    approx_kl            | 0.007904372 |
|    clip_fraction        | 0.0711      |
|    clip_range           | 0.2         |
|    entropy_loss         | -1.57       |
|    explained_variance   | 0.788       |
|    learning_rate        | 0.0003      |
|    loss                 | 0.0369      |
|    n_updates            | 145         |
|    policy_gradient_loss | -0.00421    |
|    value_loss           | 0.108       |
-----------------------------------------
------------------------------------------
| rollout/                |              |
|    ep_len_mean          | 292          |
|    ep_rew_mean          | 48.6         |
| time/                   |              |
|    fps                  | 792          |
|    iterations           | 31           |
|    time_elapsed         | 961          |
|    total_timesteps      | 761856       |
| train/                  |              |
|    approx_kl            | 0.0068539064 |
|    clip_fraction        | 0.0705       |
|    clip_range           | 0.2          |
|    entropy_loss         | -1.54        |
|    explained_variance   | 0.769        |
|    learning_rate        | 0.0003       |
|    loss                 | 0.0122       |
|    n_updates            | 150          |
|    policy_gradient_loss | -0.00434     |
|    value_loss           | 0.1          |
------------------------------------------
------------------------------------------
| rollout/                |              |
|    ep_len_mean          | 286          |
|    ep_rew_mean          | 48.1         |
| time/                   |              |
|    fps                  | 792          |
|    iterations           | 32           |
|    time_elapsed         | 992          |
|    total_timesteps      | 786432       |
| train/                  |              |
|    approx_kl            | 0.0060587563 |
|    clip_fraction        | 0.0592       |
|    clip_range           | 0.2          |
|    entropy_loss         | -1.55        |
|    explained_variance   | 0.798        |
|    learning_rate        | 0.0003       |
|    loss                 | 0.016        |
|    n_updates            | 155          |
|    policy_gradient_loss | -0.00377     |
|    value_loss           | 0.0938       |
------------------------------------------
------------------------------------------
| rollout/                |              |
|    ep_len_mean          | 281          |
|    ep_rew_mean          | 46.4         |
| time/                   |              |
|    fps                  | 791          |
|    iterations           | 33           |
|    time_elapsed         | 1024         |
|    total_timesteps      | 811008       |
| train/                  |              |
|    approx_kl            | 0.0064165075 |
|    clip_fraction        | 0.0699       |
|    clip_range           | 0.2          |
|    entropy_loss         | -1.55        |
|    explained_variance   | 0.8          |
|    learning_rate        | 0.0003       |
|    loss                 | 0.0186       |
|    n_updates            | 160          |
|    policy_gradient_loss | -0.00442     |
|    value_loss           | 0.0986       |
------------------------------------------
------------------------------------------
| rollout/                |              |
|    ep_len_mean          | 263          |
|    ep_rew_mean          | 46.6         |
| time/                   |              |
|    fps                  | 790          |
|    iterations           | 34           |
|    time_elapsed         | 1056         |
|    total_timesteps      | 835584       |
| train/                  |              |
|    approx_kl            | 0.0066543533 |
|    clip_fraction        | 0.0649       |
|    clip_range           | 0.2          |
|    entropy_loss         | -1.52        |
|    explained_variance   | 0.797        |
|    learning_rate        | 0.0003       |
|    loss                 | 0.0173       |
|    n_updates            | 165          |
|    policy_gradient_loss | -0.0043      |
|    value_loss           | 0.105        |
------------------------------------------
-----------------------------------------
| rollout/                |             |
|    ep_len_mean          | 266         |
|    ep_rew_mean          | 47          |
| time/                   |             |
|    fps                  | 789         |
|    iterations           | 35          |
|    time_elapsed         | 1088        |
|    total_timesteps      | 860160      |
| train/                  |             |
|    approx_kl            | 0.006477823 |
|    clip_fraction        | 0.0621      |
|    clip_range           | 0.2         |
|    entropy_loss         | -1.49       |
|    explained_variance   | 0.808       |
|    learning_rate        | 0.0003      |
|    loss                 | 0.0169      |
|    n_updates            | 170         |
|    policy_gradient_loss | -0.00373    |
|    value_loss           | 0.104       |
-----------------------------------------
-----------------------------------------
| rollout/                |             |
|    ep_len_mean          | 303         |
|    ep_rew_mean          | 53.1        |
| time/                   |             |
|    fps                  | 789         |
|    iterations           | 36          |
|    time_elapsed         | 1120        |
|    total_timesteps      | 884736      |
| train/                  |             |
|    approx_kl            | 0.006371641 |
|    clip_fraction        | 0.0656      |
|    clip_range           | 0.2         |
|    entropy_loss         | -1.47       |
|    explained_variance   | 0.802       |
|    learning_rate        | 0.0003      |
|    loss                 | 0.0203      |
|    n_updates            | 175         |
|    policy_gradient_loss | -0.00437    |
|    value_loss           | 0.0964      |
-----------------------------------------
------------------------------------------
| rollout/                |              |
|    ep_len_mean          | 348          |
|    ep_rew_mean          | 53.7         |
| time/                   |              |
|    fps                  | 789          |
|    iterations           | 37           |
|    time_elapsed         | 1152         |
|    total_timesteps      | 909312       |
| train/                  |              |
|    approx_kl            | 0.0068802885 |
|    clip_fraction        | 0.0728       |
|    clip_range           | 0.2          |
|    entropy_loss         | -1.52        |
|    explained_variance   | 0.861        |
|    learning_rate        | 0.0003       |
|    loss                 | 0.0142       |
|    n_updates            | 180          |
|    policy_gradient_loss | -0.00437     |
|    value_loss           | 0.0741       |
------------------------------------------
------------------------------------------
| rollout/                |              |
|    ep_len_mean          | 268          |
|    ep_rew_mean          | 48.7         |
| time/                   |              |
|    fps                  | 789          |
|    iterations           | 38           |
|    time_elapsed         | 1183         |
|    total_timesteps      | 933888       |
| train/                  |              |
|    approx_kl            | 0.0064125913 |
|    clip_fraction        | 0.067        |
|    clip_range           | 0.2          |
|    entropy_loss         | -1.5         |
|    explained_variance   | 0.836        |
|    learning_rate        | 0.0003       |
|    loss                 | 0.0154       |
|    n_updates            | 185          |
|    policy_gradient_loss | -0.00387     |
|    value_loss           | 0.0851       |
------------------------------------------
------------------------------------------
| rollout/                |              |
|    ep_len_mean          | 297          |
|    ep_rew_mean          | 56.3         |
| time/                   |              |
|    fps                  | 789          |
|    iterations           | 39           |
|    time_elapsed         | 1214         |
|    total_timesteps      | 958464       |
| train/                  |              |
|    approx_kl            | 0.0059340843 |
|    clip_fraction        | 0.0614       |
|    clip_range           | 0.2          |
|    entropy_loss         | -1.44        |
|    explained_variance   | 0.778        |
|    learning_rate        | 0.0003       |
|    loss                 | 0.0117       |
|    n_updates            | 190          |
|    policy_gradient_loss | -0.0043      |
|    value_loss           | 0.101        |
------------------------------------------
-----------------------------------------
| rollout/                |             |
|    ep_len_mean          | 297         |
|    ep_rew_mean          | 54.3        |
| time/                   |             |
|    fps                  | 789         |
|    iterations           | 40          |
|    time_elapsed         | 1245        |
|    total_timesteps      | 983040      |
| train/                  |             |
|    approx_kl            | 0.006239889 |
|    clip_fraction        | 0.0668      |
|    clip_range           | 0.2         |
|    entropy_loss         | -1.43       |
|    explained_variance   | 0.815       |
|    learning_rate        | 0.0003      |
|    loss                 | 0.0213      |
|    n_updates            | 195         |
|    policy_gradient_loss | -0.0037     |
|    value_loss           | 0.0856      |
-----------------------------------------
[Checkpoint] Saved at 1000000 steps > /home/runner/work/Disciples2-RL/Disciples2-RL/github_experiments/114/green_dragon/seed114-green_dragon-29672567918-1/checkpoints/campaign_ppo_step_1000000.zip
Eval num_timesteps=1000008, det_reward=49.86 +/- 16.05
Episode length: det=495.20 +/- 70.27
Victory rate: det=0.00%
-------------------------------------------------
| eval/                           |             |
|    deterministic_mean_ep_length | 495         |
|    deterministic_mean_reward    | 49.9        |
|    deterministic_victory_rate   | 0           |
|    mean_ep_length               | 495         |
|    mean_reward                  | 49.9        |
|    victory_rate                 | 0           |
| time/                           |             |
|    total_timesteps              | 1000008     |
| train/                          |             |
|    approx_kl                    | 0.006331554 |
|    clip_fraction                | 0.0609      |
|    clip_range                   | 0.2         |
|    entropy_loss                 | -1.43       |
|    explained_variance           | 0.81        |
|    learning_rate                | 0.0003      |
|    loss                         | 0.0185      |
|    n_updates                    | 200         |
|    policy_gradient_loss         | -0.00449    |
|    value_loss                   | 0.0877      |
-------------------------------------------------
New best model by deterministic victory rate!
---------------------------------
| rollout/           |          |
|    ep_len_mean     | 283      |
|    ep_rew_mean     | 54       |
| time/              |          |
|    fps             | 776      |
|    iterations      | 41       |
|    time_elapsed    | 1297     |
|    total_timesteps | 1007616  |
---------------------------------
VecNormalize stats saved: /home/runner/work/Disciples2-RL/Disciples2-RL/github_experiments/114/green_dragon/seed114-green_dragon-29672567918-1/models/vecnormalize.pkl

Финальная модель сохранена: /home/runner/work/Disciples2-RL/Disciples2-RL/github_experiments/114/green_dragon/seed114-green_dragon-29672567918-1/models/final_model.zip

============================================================
ИТОГИ ОБУЧЕНИЯ:
  Побед: 2
  Поражений: 4177
  Таймаутов: 1
  Побед бота столицы над врагами: 0
  Перестановок юнитов: 201397
  Терминальные поражения по противникам:
    enemy_7: 1157 — Отряд: воин + привидение спереди, колдун + призрак + привидение сзади
    enemy_29: 584 — Отряд: 3 скваера на передней линии
    enemy_25: 389 — Отряд: копейщик спереди и служка сзади
    enemy_23: 325 — Отряд: волк на передней линии
    enemy_15: 207 — Отряд: 2 привидения спереди, вампир сзади
    enemy_75: 204 — Страж столицы Империи: Мизраэль
    enemy_3: 175 — Отряд: орк чемпион на передней линии
    enemy_27: 152 — Отряд: скваер в центре и 2 крестьянина на передней линии
    enemy_11: 140 — Отряд: оборотень спереди и тень сзади
    enemy_70: 138 — Руины (15, 9): Орк, Гоблин, Гоблин
    enemy_5: 117 — Отряд: орк чемпион на передней линии
    enemy_31: 86 — Отряд: зеленый дракон
    enemy_39: 80 — Отряд: Волк, Варвар
    enemy_9: 69 — Отряд: тамплиер спереди, колдун и призрак сзади
    enemy_37: 55 — Отряд: Гном, Травница, Алхимик
    enemy_34: 48 — Отряд Порта Полонис: Воин спереди, Колдун, Нигош (Носферату) и Привидение сзади
    enemy_35: 46 — Отряд Соругириллы: Унфегра (Королева личей), Виверна
    enemy_17: 34 — Отряд: воин спереди, 2 призрака и привидение сзади
    enemy_41: 30 — Отряд: Гном, Метатель топоров
    enemy_1: 28 — Отряд: волк на передней линии
    enemy_13: 19 — Отряд: 2 зомби спереди и привидение сзади
    enemy_47: 17 — Отряд: Призрак, Привидение, Привидение, Воин
    enemy_21: 16 — Отряд: зомби спереди, привидение сзади
    enemy_65: 9 — Отряд: Кентавр копейщик, Рейнджер
    enemy_49: 7 — Отряд: Гном
    enemy_43: 7 — Отряд: Призрак, Тамплиер
    enemy_61: 6 — Отряд: Зомби, Призрак
    enemy_45: 6 — Отряд: Головорез
    enemy_63: 5 — Отряд: Разбойник
    enemy_68: 5 — Внутренний гарнизон Порта Полонис: Зомби, Воин
    enemy_53: 5 — Отряд: Скваер, Ополченец
    enemy_69: 4 — Внутренний гарнизон Соругириллы: Зомби, Воин
    enemy_74: 3 — Руины (43, 34): Лорд Тьмы, Лич
    enemy_57: 2 — Отряд: Призрак, Привидение, Воин
    enemy_51: 1 — Отряд: Крестьянин, Крестьянин, Крестьянин
    enemy_59: 1 — Отряд: Зомби
  Winrate: 0.0%
============================================================
  График призывов за эпизод: /home/runner/work/Disciples2-RL/Disciples2-RL/github_experiments/114/green_dragon/seed114-green_dragon-29672567918-1/plots/campaign_summoned_units_per_episode.png
  График призывов за всё обучение: /home/runner/work/Disciples2-RL/Disciples2-RL/github_experiments/114/green_dragon/seed114-green_dragon-29672567918-1/plots/campaign_summoned_units_cumulative.png
  График найма за эпизод: /home/runner/work/Disciples2-RL/Disciples2-RL/github_experiments/114/green_dragon/seed114-green_dragon-29672567918-1/plots/campaign_hired_units_per_episode.png
  График найма за всё обучение: /home/runner/work/Disciples2-RL/Disciples2-RL/github_experiments/114/green_dragon/seed114-green_dragon-29672567918-1/plots/campaign_hired_units_cumulative.png
  График перестановок юнитов за эпизод: /home/runner/work/Disciples2-RL/Disciples2-RL/github_experiments/114/green_dragon/seed114-green_dragon-29672567918-1/plots/campaign_unit_swaps_per_episode.png
  График боевых предметов: /home/runner/work/Disciples2-RL/Disciples2-RL/github_experiments/114/green_dragon/seed114-green_dragon-29672567918-1/plots/campaign_battle_item_activity.png
  График побед бота столицы за эпизод: /home/runner/work/Disciples2-RL/Disciples2-RL/github_experiments/114/green_dragon/seed114-green_dragon-29672567918-1/plots/campaign_scripted_bot_victories_per_episode.png
  График применения заклинаний: /home/runner/work/Disciples2-RL/Disciples2-RL/github_experiments/114/green_dragon/seed114-green_dragon-29672567918-1/plots/campaign_spell_cast_activity.png
