Проверка среды CampaignEnv...
Среда прошла проверку!
[INFO] Comet disabled, running without experiment tracking
Создание 12 параллельных сред (subproc)...
Инициализация MaskablePPO...
Using cpu device

============================================================
Запуск обучения Campaign Agent
Всего шагов: 1,000,000
Параллельных сред: 12
VecEnv: subproc
VecEnv start method: forkserver
Seed: 109
Checkpoint каждые: 500,000 шагов
Evaluation каждые: 83,334 шагов
Eval deterministic эпизодов: 20
Eval stochastic эпизодов: 0
Eval лимит шагов на эпизод: 5000
Campaign map: small
Campaign objective: dragon
System resources at training start:
  Platform: Linux 6.17.0-1018-azure (x86_64)
  Python: 3.14.6
  PyTorch: 2.13.0+cpu
  Training device: cpu
  CPU model: AMD EPYC 9V74 80-Core Processor
  CPU vendor: AuthenticAMD
  Logical CPUs visible: 4
  Process CPU affinity: 4
  Sockets: 1
  Cores per socket: 2
  Threads per core: 2
  CPU max MHz: unknown
  CPU min MHz: unknown
  L1d cache: 64 KiB (2 instances)
  L1i cache: 64 KiB (2 instances)
  L2 cache: 2 MiB (2 instances)
  L3 cache: 32 MiB (1 instance)
  Virtualization: AMD-V
  Hypervisor: Microsoft
  RAM total: 15.61 GiB
  RAM available at start: 13.83 GiB
  Disk total: 144.26 GiB
  Disk free at start: 85.82 GiB
  Torch intra-op threads: 4
  Torch inter-op threads: 2
  OMP_NUM_THREADS: 4
  MKL_NUM_THREADS: 4
  OPENBLAS_NUM_THREADS: 4
  GitHub runner OS: Linux
  GitHub runner architecture: X64
  GitHub runner environment: github-hosted
PPO n_steps: 2,048
PPO batch_size: 512
PPO n_epochs: 5
PPO learning_rate: 0.0003
PPO clip_range: 0.2
PPO ent_coef: 0.01
PPO gamma: 0.995
PPO gae_lambda: 0.95
PPO target_kl: disabled
PPO gradient batches per rollout: 240
VecCheckNan: disabled
Freeze action layout: enabled
Empire territory: enabled
Torch threads per process: 4
Diagnostics: disabled
Wall-clock training limit: disabled
Run ID: seed109-green_dragon-29506546691-1
============================================================

Logging to /home/runner/work/Disciples2-RL/Disciples2-RL/github_experiments/109/green_dragon/seed109-green_dragon-29506546691-1/tensorboard/MaskablePPO_1
---------------------------------
| rollout/           |          |
|    ep_len_mean     | 129      |
|    ep_rew_mean     | -1.54    |
| time/              |          |
|    fps             | 681      |
|    iterations      | 1        |
|    time_elapsed    | 36       |
|    total_timesteps | 24576    |
---------------------------------
-----------------------------------------
| rollout/                |             |
|    ep_len_mean          | 143         |
|    ep_rew_mean          | 0.541       |
| time/                   |             |
|    fps                  | 638         |
|    iterations           | 2           |
|    time_elapsed         | 76          |
|    total_timesteps      | 49152       |
| train/                  |             |
|    approx_kl            | 0.011097151 |
|    clip_fraction        | 0.0948      |
|    clip_range           | 0.2         |
|    entropy_loss         | -2.19       |
|    explained_variance   | -0.0654     |
|    learning_rate        | 0.0003      |
|    loss                 | 0.119       |
|    n_updates            | 5           |
|    policy_gradient_loss | -0.00727    |
|    value_loss           | 0.475       |
-----------------------------------------
-----------------------------------------
| rollout/                |             |
|    ep_len_mean          | 146         |
|    ep_rew_mean          | 2.69        |
| time/                   |             |
|    fps                  | 622         |
|    iterations           | 3           |
|    time_elapsed         | 118         |
|    total_timesteps      | 73728       |
| train/                  |             |
|    approx_kl            | 0.010470907 |
|    clip_fraction        | 0.11        |
|    clip_range           | 0.2         |
|    entropy_loss         | -2.16       |
|    explained_variance   | 0.438       |
|    learning_rate        | 0.0003      |
|    loss                 | 0.0991      |
|    n_updates            | 10          |
|    policy_gradient_loss | -0.0104     |
|    value_loss           | 0.301       |
-----------------------------------------
-----------------------------------------
| rollout/                |             |
|    ep_len_mean          | 193         |
|    ep_rew_mean          | 3.1         |
| time/                   |             |
|    fps                  | 616         |
|    iterations           | 4           |
|    time_elapsed         | 159         |
|    total_timesteps      | 98304       |
| train/                  |             |
|    approx_kl            | 0.011150549 |
|    clip_fraction        | 0.11        |
|    clip_range           | 0.2         |
|    entropy_loss         | -2.1        |
|    explained_variance   | 0.588       |
|    learning_rate        | 0.0003      |
|    loss                 | 0.0637      |
|    n_updates            | 15          |
|    policy_gradient_loss | -0.0105     |
|    value_loss           | 0.254       |
-----------------------------------------
----------------------------------------
| rollout/                |            |
|    ep_len_mean          | 342        |
|    ep_rew_mean          | 3.03       |
| time/                   |            |
|    fps                  | 610        |
|    iterations           | 5          |
|    time_elapsed         | 201        |
|    total_timesteps      | 122880     |
| train/                  |            |
|    approx_kl            | 0.01019456 |
|    clip_fraction        | 0.109      |
|    clip_range           | 0.2        |
|    entropy_loss         | -2.1       |
|    explained_variance   | 0.765      |
|    learning_rate        | 0.0003     |
|    loss                 | 0.0228     |
|    n_updates            | 20         |
|    policy_gradient_loss | -0.00901   |
|    value_loss           | 0.126      |
----------------------------------------
-----------------------------------------
| rollout/                |             |
|    ep_len_mean          | 252         |
|    ep_rew_mean          | 9.28        |
| time/                   |             |
|    fps                  | 604         |
|    iterations           | 6           |
|    time_elapsed         | 243         |
|    total_timesteps      | 147456      |
| train/                  |             |
|    approx_kl            | 0.011350947 |
|    clip_fraction        | 0.1         |
|    clip_range           | 0.2         |
|    entropy_loss         | -2.11       |
|    explained_variance   | 0.795       |
|    learning_rate        | 0.0003      |
|    loss                 | 0.0155      |
|    n_updates            | 25          |
|    policy_gradient_loss | -0.00951    |
|    value_loss           | 0.0846      |
-----------------------------------------
----------------------------------------
| rollout/                |            |
|    ep_len_mean          | 230        |
|    ep_rew_mean          | 13.3       |
| time/                   |            |
|    fps                  | 603        |
|    iterations           | 7          |
|    time_elapsed         | 284        |
|    total_timesteps      | 172032     |
| train/                  |            |
|    approx_kl            | 0.01037345 |
|    clip_fraction        | 0.111      |
|    clip_range           | 0.2        |
|    entropy_loss         | -2.05      |
|    explained_variance   | 0.81       |
|    learning_rate        | 0.0003     |
|    loss                 | 0.00255    |
|    n_updates            | 30         |
|    policy_gradient_loss | -0.0097    |
|    value_loss           | 0.0801     |
----------------------------------------
-----------------------------------------
| rollout/                |             |
|    ep_len_mean          | 230         |
|    ep_rew_mean          | 15.7        |
| time/                   |             |
|    fps                  | 602         |
|    iterations           | 8           |
|    time_elapsed         | 326         |
|    total_timesteps      | 196608      |
| train/                  |             |
|    approx_kl            | 0.009309278 |
|    clip_fraction        | 0.089       |
|    clip_range           | 0.2         |
|    entropy_loss         | -2.01       |
|    explained_variance   | 0.807       |
|    learning_rate        | 0.0003      |
|    loss                 | 0.0116      |
|    n_updates            | 35          |
|    policy_gradient_loss | -0.0081     |
|    value_loss           | 0.0953      |
-----------------------------------------
-----------------------------------------
| rollout/                |             |
|    ep_len_mean          | 219         |
|    ep_rew_mean          | 16.8        |
| time/                   |             |
|    fps                  | 602         |
|    iterations           | 9           |
|    time_elapsed         | 367         |
|    total_timesteps      | 221184      |
| train/                  |             |
|    approx_kl            | 0.009274538 |
|    clip_fraction        | 0.0924      |
|    clip_range           | 0.2         |
|    entropy_loss         | -1.98       |
|    explained_variance   | 0.794       |
|    learning_rate        | 0.0003      |
|    loss                 | 0.0257      |
|    n_updates            | 40          |
|    policy_gradient_loss | -0.00734    |
|    value_loss           | 0.0956      |
-----------------------------------------
-----------------------------------------
| rollout/                |             |
|    ep_len_mean          | 191         |
|    ep_rew_mean          | 17.4        |
| time/                   |             |
|    fps                  | 603         |
|    iterations           | 10          |
|    time_elapsed         | 407         |
|    total_timesteps      | 245760      |
| train/                  |             |
|    approx_kl            | 0.009423341 |
|    clip_fraction        | 0.0989      |
|    clip_range           | 0.2         |
|    entropy_loss         | -1.96       |
|    explained_variance   | 0.784       |
|    learning_rate        | 0.0003      |
|    loss                 | 0.0152      |
|    n_updates            | 45          |
|    policy_gradient_loss | -0.00763    |
|    value_loss           | 0.102       |
-----------------------------------------
-----------------------------------------
| rollout/                |             |
|    ep_len_mean          | 202         |
|    ep_rew_mean          | 20.4        |
| time/                   |             |
|    fps                  | 603         |
|    iterations           | 11          |
|    time_elapsed         | 448         |
|    total_timesteps      | 270336      |
| train/                  |             |
|    approx_kl            | 0.009455268 |
|    clip_fraction        | 0.0865      |
|    clip_range           | 0.2         |
|    entropy_loss         | -1.92       |
|    explained_variance   | 0.771       |
|    learning_rate        | 0.0003      |
|    loss                 | 0.0213      |
|    n_updates            | 50          |
|    policy_gradient_loss | -0.00704    |
|    value_loss           | 0.112       |
-----------------------------------------
-----------------------------------------
| rollout/                |             |
|    ep_len_mean          | 182         |
|    ep_rew_mean          | 19.4        |
| time/                   |             |
|    fps                  | 602         |
|    iterations           | 12          |
|    time_elapsed         | 489         |
|    total_timesteps      | 294912      |
| train/                  |             |
|    approx_kl            | 0.008546856 |
|    clip_fraction        | 0.0786      |
|    clip_range           | 0.2         |
|    entropy_loss         | -1.87       |
|    explained_variance   | 0.767       |
|    learning_rate        | 0.0003      |
|    loss                 | 0.0288      |
|    n_updates            | 55          |
|    policy_gradient_loss | -0.00569    |
|    value_loss           | 0.114       |
-----------------------------------------
-----------------------------------------
| rollout/                |             |
|    ep_len_mean          | 185         |
|    ep_rew_mean          | 23.3        |
| time/                   |             |
|    fps                  | 605         |
|    iterations           | 13          |
|    time_elapsed         | 527         |
|    total_timesteps      | 319488      |
| train/                  |             |
|    approx_kl            | 0.007837604 |
|    clip_fraction        | 0.0757      |
|    clip_range           | 0.2         |
|    entropy_loss         | -1.83       |
|    explained_variance   | 0.79        |
|    learning_rate        | 0.0003      |
|    loss                 | 0.0288      |
|    n_updates            | 60          |
|    policy_gradient_loss | -0.00627    |
|    value_loss           | 0.109       |
-----------------------------------------
------------------------------------------
| rollout/                |              |
|    ep_len_mean          | 185          |
|    ep_rew_mean          | 24.3         |
| time/                   |              |
|    fps                  | 605          |
|    iterations           | 14           |
|    time_elapsed         | 568          |
|    total_timesteps      | 344064       |
| train/                  |              |
|    approx_kl            | 0.0076975836 |
|    clip_fraction        | 0.0785       |
|    clip_range           | 0.2          |
|    entropy_loss         | -1.79        |
|    explained_variance   | 0.788        |
|    learning_rate        | 0.0003       |
|    loss                 | 0.0317       |
|    n_updates            | 65           |
|    policy_gradient_loss | -0.00635     |
|    value_loss           | 0.114        |
------------------------------------------
-----------------------------------------
| rollout/                |             |
|    ep_len_mean          | 186         |
|    ep_rew_mean          | 25.1        |
| time/                   |             |
|    fps                  | 606         |
|    iterations           | 15          |
|    time_elapsed         | 607         |
|    total_timesteps      | 368640      |
| train/                  |             |
|    approx_kl            | 0.007342937 |
|    clip_fraction        | 0.0639      |
|    clip_range           | 0.2         |
|    entropy_loss         | -1.79       |
|    explained_variance   | 0.798       |
|    learning_rate        | 0.0003      |
|    loss                 | 0.0256      |
|    n_updates            | 70          |
|    policy_gradient_loss | -0.00532    |
|    value_loss           | 0.12        |
-----------------------------------------
-----------------------------------------
| rollout/                |             |
|    ep_len_mean          | 189         |
|    ep_rew_mean          | 26.6        |
| time/                   |             |
|    fps                  | 606         |
|    iterations           | 16          |
|    time_elapsed         | 648         |
|    total_timesteps      | 393216      |
| train/                  |             |
|    approx_kl            | 0.007568486 |
|    clip_fraction        | 0.0718      |
|    clip_range           | 0.2         |
|    entropy_loss         | -1.77       |
|    explained_variance   | 0.809       |
|    learning_rate        | 0.0003      |
|    loss                 | 0.044       |
|    n_updates            | 75          |
|    policy_gradient_loss | -0.00582    |
|    value_loss           | 0.116       |
-----------------------------------------
-----------------------------------------
| rollout/                |             |
|    ep_len_mean          | 202         |
|    ep_rew_mean          | 28.4        |
| time/                   |             |
|    fps                  | 607         |
|    iterations           | 17          |
|    time_elapsed         | 688         |
|    total_timesteps      | 417792      |
| train/                  |             |
|    approx_kl            | 0.007647457 |
|    clip_fraction        | 0.0816      |
|    clip_range           | 0.2         |
|    entropy_loss         | -1.74       |
|    explained_variance   | 0.805       |
|    learning_rate        | 0.0003      |
|    loss                 | 0.0248      |
|    n_updates            | 80          |
|    policy_gradient_loss | -0.00621    |
|    value_loss           | 0.121       |
-----------------------------------------
------------------------------------------
| rollout/                |              |
|    ep_len_mean          | 220          |
|    ep_rew_mean          | 30.5         |
| time/                   |              |
|    fps                  | 604          |
|    iterations           | 18           |
|    time_elapsed         | 732          |
|    total_timesteps      | 442368       |
| train/                  |              |
|    approx_kl            | 0.0075476784 |
|    clip_fraction        | 0.0713       |
|    clip_range           | 0.2          |
|    entropy_loss         | -1.75        |
|    explained_variance   | 0.867        |
|    learning_rate        | 0.0003       |
|    loss                 | 0.0384       |
|    n_updates            | 85           |
|    policy_gradient_loss | -0.00496     |
|    value_loss           | 0.0971       |
------------------------------------------
------------------------------------------
| rollout/                |              |
|    ep_len_mean          | 203          |
|    ep_rew_mean          | 31.3         |
| time/                   |              |
|    fps                  | 601          |
|    iterations           | 19           |
|    time_elapsed         | 776          |
|    total_timesteps      | 466944       |
| train/                  |              |
|    approx_kl            | 0.0071871355 |
|    clip_fraction        | 0.0759       |
|    clip_range           | 0.2          |
|    entropy_loss         | -1.75        |
|    explained_variance   | 0.893        |
|    learning_rate        | 0.0003       |
|    loss                 | 0.00721      |
|    n_updates            | 90           |
|    policy_gradient_loss | -0.00519     |
|    value_loss           | 0.0895       |
------------------------------------------
------------------------------------------
| rollout/                |              |
|    ep_len_mean          | 264          |
|    ep_rew_mean          | 31.6         |
| time/                   |              |
|    fps                  | 598          |
|    iterations           | 20           |
|    time_elapsed         | 821          |
|    total_timesteps      | 491520       |
| train/                  |              |
|    approx_kl            | 0.0070838872 |
|    clip_fraction        | 0.0764       |
|    clip_range           | 0.2          |
|    entropy_loss         | -1.71        |
|    explained_variance   | 0.911        |
|    learning_rate        | 0.0003       |
|    loss                 | 0.0162       |
|    n_updates            | 95           |
|    policy_gradient_loss | -0.00514     |
|    value_loss           | 0.0959       |
------------------------------------------
[Checkpoint] Saved at 500000 steps > /home/runner/work/Disciples2-RL/Disciples2-RL/github_experiments/109/green_dragon/seed109-green_dragon-29506546691-1/checkpoints/campaign_ppo_step_500000.zip
-----------------------------------------
| rollout/                |             |
|    ep_len_mean          | 211         |
|    ep_rew_mean          | 31.1        |
| time/                   |             |
|    fps                  | 596         |
|    iterations           | 21          |
|    time_elapsed         | 865         |
|    total_timesteps      | 516096      |
| train/                  |             |
|    approx_kl            | 0.007278294 |
|    clip_fraction        | 0.0736      |
|    clip_range           | 0.2         |
|    entropy_loss         | -1.72       |
|    explained_variance   | 0.917       |
|    learning_rate        | 0.0003      |
|    loss                 | 0.0244      |
|    n_updates            | 100         |
|    policy_gradient_loss | -0.00481    |
|    value_loss           | 0.0926      |
-----------------------------------------
------------------------------------------
| rollout/                |              |
|    ep_len_mean          | 221          |
|    ep_rew_mean          | 34.4         |
| time/                   |              |
|    fps                  | 595          |
|    iterations           | 22           |
|    time_elapsed         | 907          |
|    total_timesteps      | 540672       |
| train/                  |              |
|    approx_kl            | 0.0073891543 |
|    clip_fraction        | 0.081        |
|    clip_range           | 0.2          |
|    entropy_loss         | -1.71        |
|    explained_variance   | 0.882        |
|    learning_rate        | 0.0003       |
|    loss                 | 0.0129       |
|    n_updates            | 105          |
|    policy_gradient_loss | -0.0057      |
|    value_loss           | 0.104        |
------------------------------------------
------------------------------------------
| rollout/                |              |
|    ep_len_mean          | 249          |
|    ep_rew_mean          | 30.7         |
| time/                   |              |
|    fps                  | 596          |
|    iterations           | 23           |
|    time_elapsed         | 947          |
|    total_timesteps      | 565248       |
| train/                  |              |
|    approx_kl            | 0.0068653263 |
|    clip_fraction        | 0.0668       |
|    clip_range           | 0.2          |
|    entropy_loss         | -1.68        |
|    explained_variance   | 0.904        |
|    learning_rate        | 0.0003       |
|    loss                 | 0.0308       |
|    n_updates            | 110          |
|    policy_gradient_loss | -0.00421     |
|    value_loss           | 0.101        |
------------------------------------------
------------------------------------------
| rollout/                |              |
|    ep_len_mean          | 292          |
|    ep_rew_mean          | 31.3         |
| time/                   |              |
|    fps                  | 596          |
|    iterations           | 24           |
|    time_elapsed         | 988          |
|    total_timesteps      | 589824       |
| train/                  |              |
|    approx_kl            | 0.0064644963 |
|    clip_fraction        | 0.0698       |
|    clip_range           | 0.2          |
|    entropy_loss         | -1.64        |
|    explained_variance   | 0.924        |
|    learning_rate        | 0.0003       |
|    loss                 | 0.0224       |
|    n_updates            | 115          |
|    policy_gradient_loss | -0.0055      |
|    value_loss           | 0.0947       |
------------------------------------------
-----------------------------------------
| rollout/                |             |
|    ep_len_mean          | 298         |
|    ep_rew_mean          | 32.3        |
| time/                   |             |
|    fps                  | 595         |
|    iterations           | 25          |
|    time_elapsed         | 1030        |
|    total_timesteps      | 614400      |
| train/                  |             |
|    approx_kl            | 0.006869024 |
|    clip_fraction        | 0.0593      |
|    clip_range           | 0.2         |
|    entropy_loss         | -1.6        |
|    explained_variance   | 0.936       |
|    learning_rate        | 0.0003      |
|    loss                 | 0.0139      |
|    n_updates            | 120         |
|    policy_gradient_loss | -0.00514    |
|    value_loss           | 0.0847      |
-----------------------------------------
-----------------------------------------
| rollout/                |             |
|    ep_len_mean          | 433         |
|    ep_rew_mean          | 25.2        |
| time/                   |             |
|    fps                  | 595         |
|    iterations           | 26          |
|    time_elapsed         | 1073        |
|    total_timesteps      | 638976      |
| train/                  |             |
|    approx_kl            | 0.007046804 |
|    clip_fraction        | 0.0684      |
|    clip_range           | 0.2         |
|    entropy_loss         | -1.61       |
|    explained_variance   | 0.968       |
|    learning_rate        | 0.0003      |
|    loss                 | 0.00122     |
|    n_updates            | 125         |
|    policy_gradient_loss | -0.0047     |
|    value_loss           | 0.0458      |
-----------------------------------------
------------------------------------------
| rollout/                |              |
|    ep_len_mean          | 380          |
|    ep_rew_mean          | 31.4         |
| time/                   |              |
|    fps                  | 594          |
|    iterations           | 27           |
|    time_elapsed         | 1116         |
|    total_timesteps      | 663552       |
| train/                  |              |
|    approx_kl            | 0.0074145813 |
|    clip_fraction        | 0.0722       |
|    clip_range           | 0.2          |
|    entropy_loss         | -1.62        |
|    explained_variance   | 0.96         |
|    learning_rate        | 0.0003       |
|    loss                 | -0.00086     |
|    n_updates            | 130          |
|    policy_gradient_loss | -0.00455     |
|    value_loss           | 0.059        |
------------------------------------------
-----------------------------------------
| rollout/                |             |
|    ep_len_mean          | 409         |
|    ep_rew_mean          | 34.9        |
| time/                   |             |
|    fps                  | 594         |
|    iterations           | 28          |
|    time_elapsed         | 1158        |
|    total_timesteps      | 688128      |
| train/                  |             |
|    approx_kl            | 0.007560788 |
|    clip_fraction        | 0.0827      |
|    clip_range           | 0.2         |
|    entropy_loss         | -1.64       |
|    explained_variance   | 0.969       |
|    learning_rate        | 0.0003      |
|    loss                 | -0.00731    |
|    n_updates            | 135         |
|    policy_gradient_loss | -0.00571    |
|    value_loss           | 0.0407      |
-----------------------------------------
------------------------------------------
| rollout/                |              |
|    ep_len_mean          | 423          |
|    ep_rew_mean          | 30           |
| time/                   |              |
|    fps                  | 593          |
|    iterations           | 29           |
|    time_elapsed         | 1200         |
|    total_timesteps      | 712704       |
| train/                  |              |
|    approx_kl            | 0.0065893657 |
|    clip_fraction        | 0.0761       |
|    clip_range           | 0.2          |
|    entropy_loss         | -1.61        |
|    explained_variance   | 0.945        |
|    learning_rate        | 0.0003       |
|    loss                 | 0.0089       |
|    n_updates            | 140          |
|    policy_gradient_loss | -0.0039      |
|    value_loss           | 0.0759       |
------------------------------------------
------------------------------------------
| rollout/                |              |
|    ep_len_mean          | 376          |
|    ep_rew_mean          | 32.7         |
| time/                   |              |
|    fps                  | 593          |
|    iterations           | 30           |
|    time_elapsed         | 1241         |
|    total_timesteps      | 737280       |
| train/                  |              |
|    approx_kl            | 0.0063573495 |
|    clip_fraction        | 0.0571       |
|    clip_range           | 0.2          |
|    entropy_loss         | -1.59        |
|    explained_variance   | 0.963        |
|    learning_rate        | 0.0003       |
|    loss                 | -0.00876     |
|    n_updates            | 145          |
|    policy_gradient_loss | -0.00432     |
|    value_loss           | 0.0511       |
------------------------------------------
-----------------------------------------
| rollout/                |             |
|    ep_len_mean          | 481         |
|    ep_rew_mean          | 30.5        |
| time/                   |             |
|    fps                  | 593         |
|    iterations           | 31          |
|    time_elapsed         | 1283        |
|    total_timesteps      | 761856      |
| train/                  |             |
|    approx_kl            | 0.007475136 |
|    clip_fraction        | 0.0852      |
|    clip_range           | 0.2         |
|    entropy_loss         | -1.6        |
|    explained_variance   | 0.976       |
|    learning_rate        | 0.0003      |
|    loss                 | -0.0124     |
|    n_updates            | 150         |
|    policy_gradient_loss | -0.00612    |
|    value_loss           | 0.0325      |
-----------------------------------------
------------------------------------------
| rollout/                |              |
|    ep_len_mean          | 473          |
|    ep_rew_mean          | 30           |
| time/                   |              |
|    fps                  | 593          |
|    iterations           | 32           |
|    time_elapsed         | 1325         |
|    total_timesteps      | 786432       |
| train/                  |              |
|    approx_kl            | 0.0071836407 |
|    clip_fraction        | 0.0731       |
|    clip_range           | 0.2          |
|    entropy_loss         | -1.61        |
|    explained_variance   | 0.969        |
|    learning_rate        | 0.0003       |
|    loss                 | 0.000703     |
|    n_updates            | 155          |
|    policy_gradient_loss | -0.00428     |
|    value_loss           | 0.0407       |
------------------------------------------
-----------------------------------------
| rollout/                |             |
|    ep_len_mean          | 450         |
|    ep_rew_mean          | 25.9        |
| time/                   |             |
|    fps                  | 593         |
|    iterations           | 33          |
|    time_elapsed         | 1366        |
|    total_timesteps      | 811008      |
| train/                  |             |
|    approx_kl            | 0.007996597 |
|    clip_fraction        | 0.0753      |
|    clip_range           | 0.2         |
|    entropy_loss         | -1.62       |
|    explained_variance   | 0.973       |
|    learning_rate        | 0.0003      |
|    loss                 | -0.00556    |
|    n_updates            | 160         |
|    policy_gradient_loss | -0.0053     |
|    value_loss           | 0.0364      |
-----------------------------------------
------------------------------------------
| rollout/                |              |
|    ep_len_mean          | 347          |
|    ep_rew_mean          | 38.2         |
| time/                   |              |
|    fps                  | 592          |
|    iterations           | 34           |
|    time_elapsed         | 1411         |
|    total_timesteps      | 835584       |
| train/                  |              |
|    approx_kl            | 0.0076510073 |
|    clip_fraction        | 0.0759       |
|    clip_range           | 0.2          |
|    entropy_loss         | -1.57        |
|    explained_variance   | 0.945        |
|    learning_rate        | 0.0003       |
|    loss                 | -0.00694     |
|    n_updates            | 165          |
|    policy_gradient_loss | -0.00501     |
|    value_loss           | 0.0781       |
------------------------------------------
-----------------------------------------
| rollout/                |             |
|    ep_len_mean          | 491         |
|    ep_rew_mean          | 34.2        |
| time/                   |             |
|    fps                  | 590         |
|    iterations           | 35          |
|    time_elapsed         | 1456        |
|    total_timesteps      | 860160      |
| train/                  |             |
|    approx_kl            | 0.007071035 |
|    clip_fraction        | 0.0759      |
|    clip_range           | 0.2         |
|    entropy_loss         | -1.6        |
|    explained_variance   | 0.97        |
|    learning_rate        | 0.0003      |
|    loss                 | -0.00327    |
|    n_updates            | 170         |
|    policy_gradient_loss | -0.00476    |
|    value_loss           | 0.0351      |
-----------------------------------------
------------------------------------------
| rollout/                |              |
|    ep_len_mean          | 480          |
|    ep_rew_mean          | 39.5         |
| time/                   |              |
|    fps                  | 590          |
|    iterations           | 36           |
|    time_elapsed         | 1499         |
|    total_timesteps      | 884736       |
| train/                  |              |
|    approx_kl            | 0.0076874257 |
|    clip_fraction        | 0.0753       |
|    clip_range           | 0.2          |
|    entropy_loss         | -1.63        |
|    explained_variance   | 0.973        |
|    learning_rate        | 0.0003       |
|    loss                 | -0.00907     |
|    n_updates            | 175          |
|    policy_gradient_loss | -0.00477     |
|    value_loss           | 0.028        |
------------------------------------------
-----------------------------------------
| rollout/                |             |
|    ep_len_mean          | 484         |
|    ep_rew_mean          | 41.1        |
| time/                   |             |
|    fps                  | 589         |
|    iterations           | 37          |
|    time_elapsed         | 1541        |
|    total_timesteps      | 909312      |
| train/                  |             |
|    approx_kl            | 0.008444935 |
|    clip_fraction        | 0.0851      |
|    clip_range           | 0.2         |
|    entropy_loss         | -1.65       |
|    explained_variance   | 0.923       |
|    learning_rate        | 0.0003      |
|    loss                 | 0.0024      |
|    n_updates            | 180         |
|    policy_gradient_loss | -0.00345    |
|    value_loss           | 0.0898      |
-----------------------------------------
------------------------------------------
| rollout/                |              |
|    ep_len_mean          | 569          |
|    ep_rew_mean          | 40.1         |
| time/                   |              |
|    fps                  | 589          |
|    iterations           | 38           |
|    time_elapsed         | 1584         |
|    total_timesteps      | 933888       |
| train/                  |              |
|    approx_kl            | 0.0079717515 |
|    clip_fraction        | 0.069        |
|    clip_range           | 0.2          |
|    entropy_loss         | -1.63        |
|    explained_variance   | 0.969        |
|    learning_rate        | 0.0003       |
|    loss                 | -0.0128      |
|    n_updates            | 185          |
|    policy_gradient_loss | -0.00493     |
|    value_loss           | 0.0304       |
------------------------------------------
-----------------------------------------
| rollout/                |             |
|    ep_len_mean          | 480         |
|    ep_rew_mean          | 49.3        |
| time/                   |             |
|    fps                  | 589         |
|    iterations           | 39          |
|    time_elapsed         | 1627        |
|    total_timesteps      | 958464      |
| train/                  |             |
|    approx_kl            | 0.006978739 |
|    clip_fraction        | 0.0704      |
|    clip_range           | 0.2         |
|    entropy_loss         | -1.64       |
|    explained_variance   | 0.939       |
|    learning_rate        | 0.0003      |
|    loss                 | 0.0117      |
|    n_updates            | 190         |
|    policy_gradient_loss | -0.00472    |
|    value_loss           | 0.0586      |
-----------------------------------------
-----------------------------------------
| rollout/                |             |
|    ep_len_mean          | 425         |
|    ep_rew_mean          | 50.2        |
| time/                   |             |
|    fps                  | 588         |
|    iterations           | 40          |
|    time_elapsed         | 1669        |
|    total_timesteps      | 983040      |
| train/                  |             |
|    approx_kl            | 0.006223382 |
|    clip_fraction        | 0.0618      |
|    clip_range           | 0.2         |
|    entropy_loss         | -1.56       |
|    explained_variance   | 0.936       |
|    learning_rate        | 0.0003      |
|    loss                 | -0.0122     |
|    n_updates            | 195         |
|    policy_gradient_loss | -0.00387    |
|    value_loss           | 0.0617      |
-----------------------------------------
[Checkpoint] Saved at 1000000 steps > /home/runner/work/Disciples2-RL/Disciples2-RL/github_experiments/109/green_dragon/seed109-green_dragon-29506546691-1/checkpoints/campaign_ppo_step_1000000.zip
Eval num_timesteps=1000008, det_reward=-39.11 +/- 146.77
Episode length: det=1713.30 +/- 1983.52
Victory rate: det=0.00%
--------------------------------------------------
| eval/                           |              |
|    deterministic_mean_ep_length | 1.71e+03     |
|    deterministic_mean_reward    | -39.1        |
|    deterministic_victory_rate   | 0            |
|    mean_ep_length               | 1.71e+03     |
|    mean_reward                  | -39.1        |
|    victory_rate                 | 0            |
| time/                           |              |
|    total_timesteps              | 1000008      |
| train/                          |              |
|    approx_kl                    | 0.0063661058 |
|    clip_fraction                | 0.068        |
|    clip_range                   | 0.2          |
|    entropy_loss                 | -1.59        |
|    explained_variance           | 0.925        |
|    learning_rate                | 0.0003       |
|    loss                         | -0.00921     |
|    n_updates                    | 200          |
|    policy_gradient_loss         | -0.00539     |
|    value_loss                   | 0.0648       |
--------------------------------------------------
New best model by deterministic victory rate!
---------------------------------
| rollout/           |          |
|    ep_len_mean     | 485      |
|    ep_rew_mean     | 53.6     |
| time/              |          |
|    fps             | 560      |
|    iterations      | 41       |
|    time_elapsed    | 1797     |
|    total_timesteps | 1007616  |
---------------------------------
VecNormalize stats saved: /home/runner/work/Disciples2-RL/Disciples2-RL/github_experiments/109/green_dragon/seed109-green_dragon-29506546691-1/models/vecnormalize.pkl

Финальная модель сохранена: /home/runner/work/Disciples2-RL/Disciples2-RL/github_experiments/109/green_dragon/seed109-green_dragon-29506546691-1/models/final_model.zip

============================================================
ИТОГИ ОБУЧЕНИЯ:
  Побед: 7
  Поражений: 3768
  Таймаутов: 22
  Побед бота столицы над врагами: 0
  Перестановок юнитов: 206053
  Winrate: 0.2%
============================================================
  График призывов за эпизод: /home/runner/work/Disciples2-RL/Disciples2-RL/github_experiments/109/green_dragon/seed109-green_dragon-29506546691-1/plots/campaign_summoned_units_per_episode.png
  График призывов за всё обучение: /home/runner/work/Disciples2-RL/Disciples2-RL/github_experiments/109/green_dragon/seed109-green_dragon-29506546691-1/plots/campaign_summoned_units_cumulative.png
  График найма за эпизод: /home/runner/work/Disciples2-RL/Disciples2-RL/github_experiments/109/green_dragon/seed109-green_dragon-29506546691-1/plots/campaign_hired_units_per_episode.png
  График найма за всё обучение: /home/runner/work/Disciples2-RL/Disciples2-RL/github_experiments/109/green_dragon/seed109-green_dragon-29506546691-1/plots/campaign_hired_units_cumulative.png
  График перестановок юнитов за эпизод: /home/runner/work/Disciples2-RL/Disciples2-RL/github_experiments/109/green_dragon/seed109-green_dragon-29506546691-1/plots/campaign_unit_swaps_per_episode.png
  График боевых предметов: /home/runner/work/Disciples2-RL/Disciples2-RL/github_experiments/109/green_dragon/seed109-green_dragon-29506546691-1/plots/campaign_battle_item_activity.png
  График побед бота столицы за эпизод: /home/runner/work/Disciples2-RL/Disciples2-RL/github_experiments/109/green_dragon/seed109-green_dragon-29506546691-1/plots/campaign_scripted_bot_victories_per_episode.png
  График применения заклинаний: /home/runner/work/Disciples2-RL/Disciples2-RL/github_experiments/109/green_dragon/seed109-green_dragon-29506546691-1/plots/campaign_spell_cast_activity.png
