Проверка среды CampaignEnv...
Среда прошла проверку!
[INFO] Comet disabled, running without experiment tracking
Создание 12 параллельных сред (subproc)...
Инициализация MaskablePPO...
Using cpu device

============================================================
Запуск обучения Campaign Agent
Всего шагов: 1,000,000
Параллельных сред: 12
VecEnv: subproc
VecEnv start method: forkserver
Seed: 119
Checkpoint каждые: 500,000 шагов
Evaluation каждые: 83,334 шагов
Eval deterministic эпизодов: 20
Eval stochastic эпизодов: 0
Eval лимит шагов на эпизод: 5000
Campaign map: small
Campaign objective: blue_dragon
System resources at training start:
  Platform: Linux 6.17.0-1020-azure (x86_64)
  Python: 3.14.6
  PyTorch: 2.13.0+cpu
  Training device: cpu
  CPU model: INTEL(R) XEON(R) PLATINUM 8573C
  CPU vendor: GenuineIntel
  Logical CPUs visible: 4
  Process CPU affinity: 4
  Sockets: 1
  Cores per socket: 2
  Threads per core: 2
  CPU max MHz: 2300.0000
  CPU min MHz: 800.0000
  L1d cache: 96 KiB (2 instances)
  L1i cache: 64 KiB (2 instances)
  L2 cache: 4 MiB (2 instances)
  L3 cache: 260 MiB (1 instance)
  Virtualization: VT-x
  Hypervisor: Microsoft
  RAM total: 15.61 GiB
  RAM available at start: 13.85 GiB
  Disk total: 144.26 GiB
  Disk free at start: 83.96 GiB
  Torch intra-op threads: 4
  Torch inter-op threads: 2
  OMP_NUM_THREADS: 4
  MKL_NUM_THREADS: 4
  OPENBLAS_NUM_THREADS: 4
  GitHub runner OS: Linux
  GitHub runner architecture: X64
  GitHub runner environment: github-hosted
PPO n_steps: 2,048
PPO batch_size: 512
PPO n_epochs: 5
PPO learning_rate: 0.0003
PPO clip_range: 0.2
PPO ent_coef: 0.01
PPO gamma: 0.995
PPO gae_lambda: 0.95
PPO target_kl: disabled
PPO gradient batches per rollout: 240
VecCheckNan: disabled
Freeze action layout: enabled
Empire territory: enabled
Torch threads per process: 4
Diagnostics: disabled
Wall-clock training limit: disabled
Run ID: seed119-small-blue_dragon-29905200010-1
============================================================

Logging to /home/runner/work/Disciples2-RL/Disciples2-RL/github_experiments/119/small/blue_dragon/seed119-small-blue_dragon-29905200010-1/tensorboard/MaskablePPO_1
---------------------------------
| rollout/           |          |
|    ep_len_mean     | 129      |
|    ep_rew_mean     | -5.2     |
| time/              |          |
|    fps             | 547      |
|    iterations      | 1        |
|    time_elapsed    | 44       |
|    total_timesteps | 24576    |
---------------------------------
-----------------------------------------
| rollout/                |             |
|    ep_len_mean          | 167         |
|    ep_rew_mean          | -3.92       |
| time/                   |             |
|    fps                  | 542         |
|    iterations           | 2           |
|    time_elapsed         | 90          |
|    total_timesteps      | 49152       |
| train/                  |             |
|    approx_kl            | 0.009914838 |
|    clip_fraction        | 0.0901      |
|    clip_range           | 0.2         |
|    entropy_loss         | -2.2        |
|    explained_variance   | -0.00901    |
|    learning_rate        | 0.0003      |
|    loss                 | 0.268       |
|    n_updates            | 5           |
|    policy_gradient_loss | -0.0077     |
|    value_loss           | 0.571       |
-----------------------------------------
-----------------------------------------
| rollout/                |             |
|    ep_len_mean          | 197         |
|    ep_rew_mean          | -6.07       |
| time/                   |             |
|    fps                  | 546         |
|    iterations           | 3           |
|    time_elapsed         | 134         |
|    total_timesteps      | 73728       |
| train/                  |             |
|    approx_kl            | 0.011471398 |
|    clip_fraction        | 0.123       |
|    clip_range           | 0.2         |
|    entropy_loss         | -2.15       |
|    explained_variance   | 0.604       |
|    learning_rate        | 0.0003      |
|    loss                 | 0.0644      |
|    n_updates            | 10          |
|    policy_gradient_loss | -0.0113     |
|    value_loss           | 0.216       |
-----------------------------------------
-----------------------------------------
| rollout/                |             |
|    ep_len_mean          | 231         |
|    ep_rew_mean          | -4.93       |
| time/                   |             |
|    fps                  | 547         |
|    iterations           | 4           |
|    time_elapsed         | 179         |
|    total_timesteps      | 98304       |
| train/                  |             |
|    approx_kl            | 0.010194366 |
|    clip_fraction        | 0.103       |
|    clip_range           | 0.2         |
|    entropy_loss         | -2.08       |
|    explained_variance   | 0.808       |
|    learning_rate        | 0.0003      |
|    loss                 | 0.0216      |
|    n_updates            | 15          |
|    policy_gradient_loss | -0.0094     |
|    value_loss           | 0.132       |
-----------------------------------------
-----------------------------------------
| rollout/                |             |
|    ep_len_mean          | 242         |
|    ep_rew_mean          | 0.693       |
| time/                   |             |
|    fps                  | 538         |
|    iterations           | 5           |
|    time_elapsed         | 228         |
|    total_timesteps      | 122880      |
| train/                  |             |
|    approx_kl            | 0.010010249 |
|    clip_fraction        | 0.102       |
|    clip_range           | 0.2         |
|    entropy_loss         | -2.07       |
|    explained_variance   | 0.857       |
|    learning_rate        | 0.0003      |
|    loss                 | 0.0105      |
|    n_updates            | 20          |
|    policy_gradient_loss | -0.00984    |
|    value_loss           | 0.0961      |
-----------------------------------------
-----------------------------------------
| rollout/                |             |
|    ep_len_mean          | 203         |
|    ep_rew_mean          | 3.74        |
| time/                   |             |
|    fps                  | 535         |
|    iterations           | 6           |
|    time_elapsed         | 275         |
|    total_timesteps      | 147456      |
| train/                  |             |
|    approx_kl            | 0.010611822 |
|    clip_fraction        | 0.134       |
|    clip_range           | 0.2         |
|    entropy_loss         | -2.03       |
|    explained_variance   | 0.873       |
|    learning_rate        | 0.0003      |
|    loss                 | 0.00369     |
|    n_updates            | 25          |
|    policy_gradient_loss | -0.0111     |
|    value_loss           | 0.0773      |
-----------------------------------------
-----------------------------------------
| rollout/                |             |
|    ep_len_mean          | 196         |
|    ep_rew_mean          | 8.23        |
| time/                   |             |
|    fps                  | 534         |
|    iterations           | 7           |
|    time_elapsed         | 321         |
|    total_timesteps      | 172032      |
| train/                  |             |
|    approx_kl            | 0.010146032 |
|    clip_fraction        | 0.113       |
|    clip_range           | 0.2         |
|    entropy_loss         | -1.96       |
|    explained_variance   | 0.869       |
|    learning_rate        | 0.0003      |
|    loss                 | 0.00221     |
|    n_updates            | 30          |
|    policy_gradient_loss | -0.00991    |
|    value_loss           | 0.0709      |
-----------------------------------------
-----------------------------------------
| rollout/                |             |
|    ep_len_mean          | 180         |
|    ep_rew_mean          | 9.69        |
| time/                   |             |
|    fps                  | 535         |
|    iterations           | 8           |
|    time_elapsed         | 367         |
|    total_timesteps      | 196608      |
| train/                  |             |
|    approx_kl            | 0.009601998 |
|    clip_fraction        | 0.106       |
|    clip_range           | 0.2         |
|    entropy_loss         | -1.95       |
|    explained_variance   | 0.854       |
|    learning_rate        | 0.0003      |
|    loss                 | -0.0076     |
|    n_updates            | 35          |
|    policy_gradient_loss | -0.00997    |
|    value_loss           | 0.0587      |
-----------------------------------------
-----------------------------------------
| rollout/                |             |
|    ep_len_mean          | 185         |
|    ep_rew_mean          | 13.8        |
| time/                   |             |
|    fps                  | 536         |
|    iterations           | 9           |
|    time_elapsed         | 412         |
|    total_timesteps      | 221184      |
| train/                  |             |
|    approx_kl            | 0.008769575 |
|    clip_fraction        | 0.09        |
|    clip_range           | 0.2         |
|    entropy_loss         | -1.88       |
|    explained_variance   | 0.833       |
|    learning_rate        | 0.0003      |
|    loss                 | -0.0122     |
|    n_updates            | 40          |
|    policy_gradient_loss | -0.00851    |
|    value_loss           | 0.0512      |
-----------------------------------------
-----------------------------------------
| rollout/                |             |
|    ep_len_mean          | 172         |
|    ep_rew_mean          | 14.3        |
| time/                   |             |
|    fps                  | 536         |
|    iterations           | 10          |
|    time_elapsed         | 458         |
|    total_timesteps      | 245760      |
| train/                  |             |
|    approx_kl            | 0.008499815 |
|    clip_fraction        | 0.0911      |
|    clip_range           | 0.2         |
|    entropy_loss         | -1.85       |
|    explained_variance   | 0.81        |
|    learning_rate        | 0.0003      |
|    loss                 | 0.00473     |
|    n_updates            | 45          |
|    policy_gradient_loss | -0.00785    |
|    value_loss           | 0.0606      |
-----------------------------------------
-----------------------------------------
| rollout/                |             |
|    ep_len_mean          | 163         |
|    ep_rew_mean          | 15.7        |
| time/                   |             |
|    fps                  | 537         |
|    iterations           | 11          |
|    time_elapsed         | 503         |
|    total_timesteps      | 270336      |
| train/                  |             |
|    approx_kl            | 0.008303912 |
|    clip_fraction        | 0.0751      |
|    clip_range           | 0.2         |
|    entropy_loss         | -1.83       |
|    explained_variance   | 0.769       |
|    learning_rate        | 0.0003      |
|    loss                 | 0.00692     |
|    n_updates            | 50          |
|    policy_gradient_loss | -0.00746    |
|    value_loss           | 0.0671      |
-----------------------------------------
-----------------------------------------
| rollout/                |             |
|    ep_len_mean          | 170         |
|    ep_rew_mean          | 18.2        |
| time/                   |             |
|    fps                  | 539         |
|    iterations           | 12          |
|    time_elapsed         | 546         |
|    total_timesteps      | 294912      |
| train/                  |             |
|    approx_kl            | 0.008224497 |
|    clip_fraction        | 0.0797      |
|    clip_range           | 0.2         |
|    entropy_loss         | -1.78       |
|    explained_variance   | 0.758       |
|    learning_rate        | 0.0003      |
|    loss                 | 0.0131      |
|    n_updates            | 55          |
|    policy_gradient_loss | -0.0067     |
|    value_loss           | 0.0735      |
-----------------------------------------
------------------------------------------
| rollout/                |              |
|    ep_len_mean          | 157          |
|    ep_rew_mean          | 17.2         |
| time/                   |              |
|    fps                  | 540          |
|    iterations           | 13           |
|    time_elapsed         | 591          |
|    total_timesteps      | 319488       |
| train/                  |              |
|    approx_kl            | 0.0077017155 |
|    clip_fraction        | 0.0676       |
|    clip_range           | 0.2          |
|    entropy_loss         | -1.77        |
|    explained_variance   | 0.799        |
|    learning_rate        | 0.0003       |
|    loss                 | 0.0225       |
|    n_updates            | 60           |
|    policy_gradient_loss | -0.00531     |
|    value_loss           | 0.0787       |
------------------------------------------
------------------------------------------
| rollout/                |              |
|    ep_len_mean          | 159          |
|    ep_rew_mean          | 18.8         |
| time/                   |              |
|    fps                  | 541          |
|    iterations           | 14           |
|    time_elapsed         | 635          |
|    total_timesteps      | 344064       |
| train/                  |              |
|    approx_kl            | 0.0068283626 |
|    clip_fraction        | 0.0643       |
|    clip_range           | 0.2          |
|    entropy_loss         | -1.74        |
|    explained_variance   | 0.784        |
|    learning_rate        | 0.0003       |
|    loss                 | 0.0159       |
|    n_updates            | 65           |
|    policy_gradient_loss | -0.0053      |
|    value_loss           | 0.082        |
------------------------------------------
----------------------------------------
| rollout/                |            |
|    ep_len_mean          | 159        |
|    ep_rew_mean          | 19.4       |
| time/                   |            |
|    fps                  | 542        |
|    iterations           | 15         |
|    time_elapsed         | 679        |
|    total_timesteps      | 368640     |
| train/                  |            |
|    approx_kl            | 0.00770177 |
|    clip_fraction        | 0.0773     |
|    clip_range           | 0.2        |
|    entropy_loss         | -1.73      |
|    explained_variance   | 0.796      |
|    learning_rate        | 0.0003     |
|    loss                 | 0.0172     |
|    n_updates            | 70         |
|    policy_gradient_loss | -0.00603   |
|    value_loss           | 0.0852     |
----------------------------------------
-----------------------------------------
| rollout/                |             |
|    ep_len_mean          | 162         |
|    ep_rew_mean          | 20.6        |
| time/                   |             |
|    fps                  | 543         |
|    iterations           | 16          |
|    time_elapsed         | 723         |
|    total_timesteps      | 393216      |
| train/                  |             |
|    approx_kl            | 0.007326668 |
|    clip_fraction        | 0.0764      |
|    clip_range           | 0.2         |
|    entropy_loss         | -1.69       |
|    explained_variance   | 0.793       |
|    learning_rate        | 0.0003      |
|    loss                 | 0.019       |
|    n_updates            | 75          |
|    policy_gradient_loss | -0.0064     |
|    value_loss           | 0.0999      |
-----------------------------------------
----------------------------------------
| rollout/                |            |
|    ep_len_mean          | 157        |
|    ep_rew_mean          | 18.8       |
| time/                   |            |
|    fps                  | 544        |
|    iterations           | 17         |
|    time_elapsed         | 767        |
|    total_timesteps      | 417792     |
| train/                  |            |
|    approx_kl            | 0.00717541 |
|    clip_fraction        | 0.0774     |
|    clip_range           | 0.2        |
|    entropy_loss         | -1.71      |
|    explained_variance   | 0.833      |
|    learning_rate        | 0.0003     |
|    loss                 | 0.0233     |
|    n_updates            | 80         |
|    policy_gradient_loss | -0.00588   |
|    value_loss           | 0.093      |
----------------------------------------
-----------------------------------------
| rollout/                |             |
|    ep_len_mean          | 161         |
|    ep_rew_mean          | 22.8        |
| time/                   |             |
|    fps                  | 545         |
|    iterations           | 18          |
|    time_elapsed         | 810         |
|    total_timesteps      | 442368      |
| train/                  |             |
|    approx_kl            | 0.006767523 |
|    clip_fraction        | 0.0655      |
|    clip_range           | 0.2         |
|    entropy_loss         | -1.7        |
|    explained_variance   | 0.821       |
|    learning_rate        | 0.0003      |
|    loss                 | 0.0142      |
|    n_updates            | 85          |
|    policy_gradient_loss | -0.00489    |
|    value_loss           | 0.0997      |
-----------------------------------------
------------------------------------------
| rollout/                |              |
|    ep_len_mean          | 173          |
|    ep_rew_mean          | 24.4         |
| time/                   |              |
|    fps                  | 546          |
|    iterations           | 19           |
|    time_elapsed         | 854          |
|    total_timesteps      | 466944       |
| train/                  |              |
|    approx_kl            | 0.0064872676 |
|    clip_fraction        | 0.0664       |
|    clip_range           | 0.2          |
|    entropy_loss         | -1.66        |
|    explained_variance   | 0.827        |
|    learning_rate        | 0.0003       |
|    loss                 | 0.0214       |
|    n_updates            | 90           |
|    policy_gradient_loss | -0.00527     |
|    value_loss           | 0.101        |
------------------------------------------
------------------------------------------
| rollout/                |              |
|    ep_len_mean          | 165          |
|    ep_rew_mean          | 23.8         |
| time/                   |              |
|    fps                  | 546          |
|    iterations           | 20           |
|    time_elapsed         | 898          |
|    total_timesteps      | 491520       |
| train/                  |              |
|    approx_kl            | 0.0067898356 |
|    clip_fraction        | 0.0688       |
|    clip_range           | 0.2          |
|    entropy_loss         | -1.65        |
|    explained_variance   | 0.845        |
|    learning_rate        | 0.0003       |
|    loss                 | 0.0347       |
|    n_updates            | 95           |
|    policy_gradient_loss | -0.00525     |
|    value_loss           | 0.0988       |
------------------------------------------
[Checkpoint] Saved at 500000 steps > /home/runner/work/Disciples2-RL/Disciples2-RL/github_experiments/119/small/blue_dragon/seed119-small-blue_dragon-29905200010-1/checkpoints/campaign_ppo_step_500000.zip
------------------------------------------
| rollout/                |              |
|    ep_len_mean          | 170          |
|    ep_rew_mean          | 26.7         |
| time/                   |              |
|    fps                  | 548          |
|    iterations           | 21           |
|    time_elapsed         | 940          |
|    total_timesteps      | 516096       |
| train/                  |              |
|    approx_kl            | 0.0064952807 |
|    clip_fraction        | 0.0684       |
|    clip_range           | 0.2          |
|    entropy_loss         | -1.64        |
|    explained_variance   | 0.847        |
|    learning_rate        | 0.0003       |
|    loss                 | 0.0335       |
|    n_updates            | 100          |
|    policy_gradient_loss | -0.00505     |
|    value_loss           | 0.101        |
------------------------------------------
------------------------------------------
| rollout/                |              |
|    ep_len_mean          | 167          |
|    ep_rew_mean          | 26.7         |
| time/                   |              |
|    fps                  | 549          |
|    iterations           | 22           |
|    time_elapsed         | 984          |
|    total_timesteps      | 540672       |
| train/                  |              |
|    approx_kl            | 0.0068199956 |
|    clip_fraction        | 0.0719       |
|    clip_range           | 0.2          |
|    entropy_loss         | -1.61        |
|    explained_variance   | 0.868        |
|    learning_rate        | 0.0003       |
|    loss                 | 0.0166       |
|    n_updates            | 105          |
|    policy_gradient_loss | -0.00566     |
|    value_loss           | 0.0944       |
------------------------------------------
-----------------------------------------
| rollout/                |             |
|    ep_len_mean          | 206         |
|    ep_rew_mean          | 20.2        |
| time/                   |             |
|    fps                  | 550         |
|    iterations           | 23          |
|    time_elapsed         | 1026        |
|    total_timesteps      | 565248      |
| train/                  |             |
|    approx_kl            | 0.007536302 |
|    clip_fraction        | 0.0792      |
|    clip_range           | 0.2         |
|    entropy_loss         | -1.6        |
|    explained_variance   | 0.928       |
|    learning_rate        | 0.0003      |
|    loss                 | 0.0228      |
|    n_updates            | 110         |
|    policy_gradient_loss | -0.00508    |
|    value_loss           | 0.0927      |
-----------------------------------------
-----------------------------------------
| rollout/                |             |
|    ep_len_mean          | 223         |
|    ep_rew_mean          | 20          |
| time/                   |             |
|    fps                  | 551         |
|    iterations           | 24          |
|    time_elapsed         | 1069        |
|    total_timesteps      | 589824      |
| train/                  |             |
|    approx_kl            | 0.008076907 |
|    clip_fraction        | 0.0878      |
|    clip_range           | 0.2         |
|    entropy_loss         | -1.56       |
|    explained_variance   | 0.941       |
|    learning_rate        | 0.0003      |
|    loss                 | 0.0195      |
|    n_updates            | 115         |
|    policy_gradient_loss | -0.00639    |
|    value_loss           | 0.0884      |
-----------------------------------------
------------------------------------------
| rollout/                |              |
|    ep_len_mean          | 185          |
|    ep_rew_mean          | 32           |
| time/                   |              |
|    fps                  | 552          |
|    iterations           | 25           |
|    time_elapsed         | 1112         |
|    total_timesteps      | 614400       |
| train/                  |              |
|    approx_kl            | 0.0068426705 |
|    clip_fraction        | 0.0677       |
|    clip_range           | 0.2          |
|    entropy_loss         | -1.53        |
|    explained_variance   | 0.93         |
|    learning_rate        | 0.0003       |
|    loss                 | 0.0153       |
|    n_updates            | 120          |
|    policy_gradient_loss | -0.00522     |
|    value_loss           | 0.0866       |
------------------------------------------
------------------------------------------
| rollout/                |              |
|    ep_len_mean          | 174          |
|    ep_rew_mean          | 31.3         |
| time/                   |              |
|    fps                  | 553          |
|    iterations           | 26           |
|    time_elapsed         | 1154         |
|    total_timesteps      | 638976       |
| train/                  |              |
|    approx_kl            | 0.0064088926 |
|    clip_fraction        | 0.064        |
|    clip_range           | 0.2          |
|    entropy_loss         | -1.54        |
|    explained_variance   | 0.937        |
|    learning_rate        | 0.0003       |
|    loss                 | 0.00772      |
|    n_updates            | 125          |
|    policy_gradient_loss | -0.00508     |
|    value_loss           | 0.0722       |
------------------------------------------
------------------------------------------
| rollout/                |              |
|    ep_len_mean          | 179          |
|    ep_rew_mean          | 32.4         |
| time/                   |              |
|    fps                  | 554          |
|    iterations           | 27           |
|    time_elapsed         | 1196         |
|    total_timesteps      | 663552       |
| train/                  |              |
|    approx_kl            | 0.0061059208 |
|    clip_fraction        | 0.0583       |
|    clip_range           | 0.2          |
|    entropy_loss         | -1.48        |
|    explained_variance   | 0.923        |
|    learning_rate        | 0.0003       |
|    loss                 | 0.0169       |
|    n_updates            | 130          |
|    policy_gradient_loss | -0.00484     |
|    value_loss           | 0.0752       |
------------------------------------------
----------------------------------------
| rollout/                |            |
|    ep_len_mean          | 276        |
|    ep_rew_mean          | 25.3       |
| time/                   |            |
|    fps                  | 555        |
|    iterations           | 28         |
|    time_elapsed         | 1238       |
|    total_timesteps      | 688128     |
| train/                  |            |
|    approx_kl            | 0.00729527 |
|    clip_fraction        | 0.0686     |
|    clip_range           | 0.2        |
|    entropy_loss         | -1.51      |
|    explained_variance   | 0.951      |
|    learning_rate        | 0.0003     |
|    loss                 | 0.00501    |
|    n_updates            | 135        |
|    policy_gradient_loss | -0.00426   |
|    value_loss           | 0.0626     |
----------------------------------------
------------------------------------------
| rollout/                |              |
|    ep_len_mean          | 180          |
|    ep_rew_mean          | 34           |
| time/                   |              |
|    fps                  | 556          |
|    iterations           | 29           |
|    time_elapsed         | 1280         |
|    total_timesteps      | 712704       |
| train/                  |              |
|    approx_kl            | 0.0061162733 |
|    clip_fraction        | 0.0647       |
|    clip_range           | 0.2          |
|    entropy_loss         | -1.49        |
|    explained_variance   | 0.961        |
|    learning_rate        | 0.0003       |
|    loss                 | 0.00249      |
|    n_updates            | 140          |
|    policy_gradient_loss | -0.00545     |
|    value_loss           | 0.0552       |
------------------------------------------
------------------------------------------
| rollout/                |              |
|    ep_len_mean          | 170          |
|    ep_rew_mean          | 33.7         |
| time/                   |              |
|    fps                  | 557          |
|    iterations           | 30           |
|    time_elapsed         | 1323         |
|    total_timesteps      | 737280       |
| train/                  |              |
|    approx_kl            | 0.0060743503 |
|    clip_fraction        | 0.0667       |
|    clip_range           | 0.2          |
|    entropy_loss         | -1.48        |
|    explained_variance   | 0.948        |
|    learning_rate        | 0.0003       |
|    loss                 | 0.0179       |
|    n_updates            | 145          |
|    policy_gradient_loss | -0.00385     |
|    value_loss           | 0.0646       |
------------------------------------------
------------------------------------------
| rollout/                |              |
|    ep_len_mean          | 262          |
|    ep_rew_mean          | 23.7         |
| time/                   |              |
|    fps                  | 556          |
|    iterations           | 31           |
|    time_elapsed         | 1368         |
|    total_timesteps      | 761856       |
| train/                  |              |
|    approx_kl            | 0.0077634244 |
|    clip_fraction        | 0.08         |
|    clip_range           | 0.2          |
|    entropy_loss         | -1.5         |
|    explained_variance   | 0.973        |
|    learning_rate        | 0.0003       |
|    loss                 | 0.0106       |
|    n_updates            | 150          |
|    policy_gradient_loss | -0.00428     |
|    value_loss           | 0.0521       |
------------------------------------------
-----------------------------------------
| rollout/                |             |
|    ep_len_mean          | 303         |
|    ep_rew_mean          | 20          |
| time/                   |             |
|    fps                  | 555         |
|    iterations           | 32          |
|    time_elapsed         | 1415        |
|    total_timesteps      | 786432      |
| train/                  |             |
|    approx_kl            | 0.007191052 |
|    clip_fraction        | 0.067       |
|    clip_range           | 0.2         |
|    entropy_loss         | -1.46       |
|    explained_variance   | 0.972       |
|    learning_rate        | 0.0003      |
|    loss                 | 0.0182      |
|    n_updates            | 155         |
|    policy_gradient_loss | -0.00488    |
|    value_loss           | 0.0527      |
-----------------------------------------
-----------------------------------------
| rollout/                |             |
|    ep_len_mean          | 240         |
|    ep_rew_mean          | 32.7        |
| time/                   |             |
|    fps                  | 554         |
|    iterations           | 33          |
|    time_elapsed         | 1462        |
|    total_timesteps      | 811008      |
| train/                  |             |
|    approx_kl            | 0.007170892 |
|    clip_fraction        | 0.0665      |
|    clip_range           | 0.2         |
|    entropy_loss         | -1.49       |
|    explained_variance   | 0.979       |
|    learning_rate        | 0.0003      |
|    loss                 | -0.00538    |
|    n_updates            | 160         |
|    policy_gradient_loss | -0.00497    |
|    value_loss           | 0.0424      |
-----------------------------------------
-----------------------------------------
| rollout/                |             |
|    ep_len_mean          | 323         |
|    ep_rew_mean          | 19.4        |
| time/                   |             |
|    fps                  | 554         |
|    iterations           | 34          |
|    time_elapsed         | 1507        |
|    total_timesteps      | 835584      |
| train/                  |             |
|    approx_kl            | 0.007836713 |
|    clip_fraction        | 0.0802      |
|    clip_range           | 0.2         |
|    entropy_loss         | -1.5        |
|    explained_variance   | 0.985       |
|    learning_rate        | 0.0003      |
|    loss                 | -0.00509    |
|    n_updates            | 165         |
|    policy_gradient_loss | -0.00538    |
|    value_loss           | 0.0304      |
-----------------------------------------
-----------------------------------------
| rollout/                |             |
|    ep_len_mean          | 312         |
|    ep_rew_mean          | 21.4        |
| time/                   |             |
|    fps                  | 553         |
|    iterations           | 35          |
|    time_elapsed         | 1552        |
|    total_timesteps      | 860160      |
| train/                  |             |
|    approx_kl            | 0.006077005 |
|    clip_fraction        | 0.0569      |
|    clip_range           | 0.2         |
|    entropy_loss         | -1.4        |
|    explained_variance   | 0.983       |
|    learning_rate        | 0.0003      |
|    loss                 | -0.00919    |
|    n_updates            | 170         |
|    policy_gradient_loss | -0.00456    |
|    value_loss           | 0.033       |
-----------------------------------------
-----------------------------------------
| rollout/                |             |
|    ep_len_mean          | 289         |
|    ep_rew_mean          | 28.9        |
| time/                   |             |
|    fps                  | 553         |
|    iterations           | 36          |
|    time_elapsed         | 1597        |
|    total_timesteps      | 884736      |
| train/                  |             |
|    approx_kl            | 0.006488846 |
|    clip_fraction        | 0.0628      |
|    clip_range           | 0.2         |
|    entropy_loss         | -1.39       |
|    explained_variance   | 0.983       |
|    learning_rate        | 0.0003      |
|    loss                 | -0.00523    |
|    n_updates            | 175         |
|    policy_gradient_loss | -0.00542    |
|    value_loss           | 0.0308      |
-----------------------------------------
------------------------------------------
| rollout/                |              |
|    ep_len_mean          | 411          |
|    ep_rew_mean          | 14.5         |
| time/                   |              |
|    fps                  | 553          |
|    iterations           | 37           |
|    time_elapsed         | 1641         |
|    total_timesteps      | 909312       |
| train/                  |              |
|    approx_kl            | 0.0067764367 |
|    clip_fraction        | 0.0568       |
|    clip_range           | 0.2          |
|    entropy_loss         | -1.39        |
|    explained_variance   | 0.985        |
|    learning_rate        | 0.0003       |
|    loss                 | -0.013       |
|    n_updates            | 180          |
|    policy_gradient_loss | -0.00459     |
|    value_loss           | 0.0223       |
------------------------------------------
-----------------------------------------
| rollout/                |             |
|    ep_len_mean          | 285         |
|    ep_rew_mean          | 36.6        |
| time/                   |             |
|    fps                  | 553         |
|    iterations           | 38          |
|    time_elapsed         | 1686        |
|    total_timesteps      | 933888      |
| train/                  |             |
|    approx_kl            | 0.006688235 |
|    clip_fraction        | 0.0682      |
|    clip_range           | 0.2         |
|    entropy_loss         | -1.4        |
|    explained_variance   | 0.985       |
|    learning_rate        | 0.0003      |
|    loss                 | -0.0119     |
|    n_updates            | 185         |
|    policy_gradient_loss | -0.00412    |
|    value_loss           | 0.0243      |
-----------------------------------------
------------------------------------------
| rollout/                |              |
|    ep_len_mean          | 471          |
|    ep_rew_mean          | 14.8         |
| time/                   |              |
|    fps                  | 553          |
|    iterations           | 39           |
|    time_elapsed         | 1730         |
|    total_timesteps      | 958464       |
| train/                  |              |
|    approx_kl            | 0.0058309906 |
|    clip_fraction        | 0.0594       |
|    clip_range           | 0.2          |
|    entropy_loss         | -1.39        |
|    explained_variance   | 0.986        |
|    learning_rate        | 0.0003       |
|    loss                 | -0.0115      |
|    n_updates            | 190          |
|    policy_gradient_loss | -0.00417     |
|    value_loss           | 0.023        |
------------------------------------------
------------------------------------------
| rollout/                |              |
|    ep_len_mean          | 471          |
|    ep_rew_mean          | 15.5         |
| time/                   |              |
|    fps                  | 553          |
|    iterations           | 40           |
|    time_elapsed         | 1776         |
|    total_timesteps      | 983040       |
| train/                  |              |
|    approx_kl            | 0.0063399044 |
|    clip_fraction        | 0.0588       |
|    clip_range           | 0.2          |
|    entropy_loss         | -1.49        |
|    explained_variance   | 0.989        |
|    learning_rate        | 0.0003       |
|    loss                 | -0.0197      |
|    n_updates            | 195          |
|    policy_gradient_loss | -0.0041      |
|    value_loss           | 0.0127       |
------------------------------------------
[Checkpoint] Saved at 1000000 steps > /home/runner/work/Disciples2-RL/Disciples2-RL/github_experiments/119/small/blue_dragon/seed119-small-blue_dragon-29905200010-1/checkpoints/campaign_ppo_step_1000000.zip
Eval num_timesteps=1000008, det_reward=-55.35 +/- 135.33
Episode length: det=2198.65 +/- 2040.29
Victory rate: det=0.00%
-------------------------------------------------
| eval/                           |             |
|    deterministic_mean_ep_length | 2.2e+03     |
|    deterministic_mean_reward    | -55.3       |
|    deterministic_victory_rate   | 0           |
|    mean_ep_length               | 2.2e+03     |
|    mean_reward                  | -55.3       |
|    victory_rate                 | 0           |
| time/                           |             |
|    total_timesteps              | 1000008     |
| train/                          |             |
|    approx_kl                    | 0.006527973 |
|    clip_fraction                | 0.0555      |
|    clip_range                   | 0.2         |
|    entropy_loss                 | -1.5        |
|    explained_variance           | 0.989       |
|    learning_rate                | 0.0003      |
|    loss                         | -0.0104     |
|    n_updates                    | 200         |
|    policy_gradient_loss         | -0.00367    |
|    value_loss                   | 0.0135      |
-------------------------------------------------
New best model by deterministic victory rate!
---------------------------------
| rollout/           |          |
|    ep_len_mean     | 701      |
|    ep_rew_mean     | -9.57    |
| time/              |          |
|    fps             | 514      |
|    iterations      | 41       |
|    time_elapsed    | 1957     |
|    total_timesteps | 1007616  |
---------------------------------
VecNormalize stats saved: /home/runner/work/Disciples2-RL/Disciples2-RL/github_experiments/119/small/blue_dragon/seed119-small-blue_dragon-29905200010-1/models/vecnormalize.pkl

Финальная модель сохранена: /home/runner/work/Disciples2-RL/Disciples2-RL/github_experiments/119/small/blue_dragon/seed119-small-blue_dragon-29905200010-1/models/final_model.zip

============================================================
ИТОГИ ОБУЧЕНИЯ:
  Побед: 0
  Поражений: 4765
  Таймаутов: 20
  Побед бота столицы над врагами: 0
  Перестановок юнитов: 188605
  Терминальные поражения по противникам:
    enemy_31: 1298 — Отряд: зеленый дракон
    enemy_29: 604 — Отряд: 3 скваера на передней линии
    enemy_25: 561 — Отряд: копейщик спереди и служка сзади
    enemy_23: 424 — Отряд: волк на передней линии
    enemy_74: 300 — Руины (43, 34): Лорд Тьмы, Лич
    enemy_65: 273 — Отряд: Кентавр копейщик, Рейнджер
    enemy_61: 255 — Отряд: Зомби, Призрак
    enemy_15: 228 — Отряд: 2 привидения спереди, вампир сзади
    enemy_7: 215 — Отряд: воин + привидение спереди, колдун + призрак + привидение сзади
    enemy_27: 152 — Отряд: скваер в центре и 2 крестьянина на передней линии
    enemy_17: 136 — Отряд: воин спереди, 2 призрака и привидение сзади
    enemy_34: 119 — Отряд Порта Полонис: Воин спереди, Колдун, Нигош (Носферату) и Привидение сзади
    enemy_21: 70 — Отряд: зомби спереди, привидение сзади
    enemy_19: 69 — Отряд: зомби спереди, привидение сзади
    enemy_3: 14 — Отряд: орк чемпион на передней линии
    enemy_59: 10 — Отряд: Зомби
    enemy_35: 8 — Отряд Соругириллы: Унфегра (Королева личей), Виверна
    enemy_9: 6 — Отряд: тамплиер спереди, колдун и призрак сзади
    enemy_11: 6 — Отряд: оборотень спереди и тень сзади
    enemy_63: 5 — Отряд: Разбойник
    enemy_5: 5 — Отряд: орк чемпион на передней линии
    enemy_57: 2 — Отряд: Призрак, Привидение, Воин
    enemy_69: 2 — Внутренний гарнизон Соругириллы: Зомби, Воин
    enemy_70: 1 — Руины (15, 9): Орк, Гоблин, Гоблин
    enemy_53: 1 — Отряд: Скваер, Ополченец
    enemy_43: 1 — Отряд: Призрак, Тамплиер
  Winrate: 0.0%
============================================================
  График призывов за эпизод: /home/runner/work/Disciples2-RL/Disciples2-RL/github_experiments/119/small/blue_dragon/seed119-small-blue_dragon-29905200010-1/plots/campaign_summoned_units_per_episode.png
  График призывов за всё обучение: /home/runner/work/Disciples2-RL/Disciples2-RL/github_experiments/119/small/blue_dragon/seed119-small-blue_dragon-29905200010-1/plots/campaign_summoned_units_cumulative.png
  График найма за эпизод: /home/runner/work/Disciples2-RL/Disciples2-RL/github_experiments/119/small/blue_dragon/seed119-small-blue_dragon-29905200010-1/plots/campaign_hired_units_per_episode.png
  График найма за всё обучение: /home/runner/work/Disciples2-RL/Disciples2-RL/github_experiments/119/small/blue_dragon/seed119-small-blue_dragon-29905200010-1/plots/campaign_hired_units_cumulative.png
  График перестановок юнитов за эпизод: /home/runner/work/Disciples2-RL/Disciples2-RL/github_experiments/119/small/blue_dragon/seed119-small-blue_dragon-29905200010-1/plots/campaign_unit_swaps_per_episode.png
  График боевых предметов: /home/runner/work/Disciples2-RL/Disciples2-RL/github_experiments/119/small/blue_dragon/seed119-small-blue_dragon-29905200010-1/plots/campaign_battle_item_activity.png
  График побед бота столицы за эпизод: /home/runner/work/Disciples2-RL/Disciples2-RL/github_experiments/119/small/blue_dragon/seed119-small-blue_dragon-29905200010-1/plots/campaign_scripted_bot_victories_per_episode.png
  График применения заклинаний: /home/runner/work/Disciples2-RL/Disciples2-RL/github_experiments/119/small/blue_dragon/seed119-small-blue_dragon-29905200010-1/plots/campaign_spell_cast_activity.png
