Проверка среды CampaignEnv...
Среда прошла проверку!
[INFO] Comet disabled, running without experiment tracking
Создание 12 параллельных сред (subproc)...
Инициализация MaskablePPO...
Using cpu device

============================================================
Запуск обучения Campaign Agent
Всего шагов: 1,000,000
Параллельных сред: 12
VecEnv: subproc
VecEnv start method: forkserver
Seed: 118
Checkpoint каждые: 500,000 шагов
Evaluation каждые: 83,334 шагов
Eval deterministic эпизодов: 20
Eval stochastic эпизодов: 0
Eval лимит шагов на эпизод: 5000
Campaign map: small
Campaign objective: dragon
System resources at training start:
  Platform: Linux 6.17.0-1020-azure (x86_64)
  Python: 3.14.6
  PyTorch: 2.13.0+cpu
  Training device: cpu
  CPU model: AMD EPYC 9V74 80-Core Processor
  CPU vendor: AuthenticAMD
  Logical CPUs visible: 4
  Process CPU affinity: 4
  Sockets: 1
  Cores per socket: 2
  Threads per core: 2
  CPU max MHz: unknown
  CPU min MHz: unknown
  L1d cache: 64 KiB (2 instances)
  L1i cache: 64 KiB (2 instances)
  L2 cache: 2 MiB (2 instances)
  L3 cache: 32 MiB (1 instance)
  Virtualization: AMD-V
  Hypervisor: Microsoft
  RAM total: 15.61 GiB
  RAM available at start: 13.92 GiB
  Disk total: 144.26 GiB
  Disk free at start: 84.17 GiB
  Torch intra-op threads: 4
  Torch inter-op threads: 2
  OMP_NUM_THREADS: 4
  MKL_NUM_THREADS: 4
  OPENBLAS_NUM_THREADS: 4
  GitHub runner OS: Linux
  GitHub runner architecture: X64
  GitHub runner environment: github-hosted
PPO n_steps: 2,048
PPO batch_size: 512
PPO n_epochs: 5
PPO learning_rate: 0.0003
PPO clip_range: 0.2
PPO ent_coef: 0.01
PPO gamma: 0.995
PPO gae_lambda: 0.95
PPO target_kl: disabled
PPO gradient batches per rollout: 240
VecCheckNan: disabled
Freeze action layout: enabled
Empire territory: enabled
Torch threads per process: 4
Diagnostics: disabled
Wall-clock training limit: disabled
Run ID: seed118-green_dragon-29799518590-1
============================================================

Logging to /home/runner/work/Disciples2-RL/Disciples2-RL/github_experiments/118/green_dragon/seed118-green_dragon-29799518590-1/tensorboard/MaskablePPO_1
---------------------------------
| rollout/           |          |
|    ep_len_mean     | 113      |
|    ep_rew_mean     | -4.86    |
| time/              |          |
|    fps             | 464      |
|    iterations      | 1        |
|    time_elapsed    | 52       |
|    total_timesteps | 24576    |
---------------------------------
-----------------------------------------
| rollout/                |             |
|    ep_len_mean          | 160         |
|    ep_rew_mean          | -3.94       |
| time/                   |             |
|    fps                  | 443         |
|    iterations           | 2           |
|    time_elapsed         | 110         |
|    total_timesteps      | 49152       |
| train/                  |             |
|    approx_kl            | 0.010200398 |
|    clip_fraction        | 0.0974      |
|    clip_range           | 0.2         |
|    entropy_loss         | -2.2        |
|    explained_variance   | 0.0571      |
|    learning_rate        | 0.0003      |
|    loss                 | 0.146       |
|    n_updates            | 5           |
|    policy_gradient_loss | -0.00792    |
|    value_loss           | 0.441       |
-----------------------------------------
------------------------------------------
| rollout/                |              |
|    ep_len_mean          | 170          |
|    ep_rew_mean          | -2.16        |
| time/                   |              |
|    fps                  | 438          |
|    iterations           | 3            |
|    time_elapsed         | 168          |
|    total_timesteps      | 73728        |
| train/                  |              |
|    approx_kl            | 0.0098260315 |
|    clip_fraction        | 0.106        |
|    clip_range           | 0.2          |
|    entropy_loss         | -2.14        |
|    explained_variance   | 0.5          |
|    learning_rate        | 0.0003       |
|    loss                 | 0.0457       |
|    n_updates            | 10           |
|    policy_gradient_loss | -0.00999     |
|    value_loss           | 0.22         |
------------------------------------------
-----------------------------------------
| rollout/                |             |
|    ep_len_mean          | 244         |
|    ep_rew_mean          | -3.37       |
| time/                   |             |
|    fps                  | 437         |
|    iterations           | 4           |
|    time_elapsed         | 224         |
|    total_timesteps      | 98304       |
| train/                  |             |
|    approx_kl            | 0.010220985 |
|    clip_fraction        | 0.102       |
|    clip_range           | 0.2         |
|    entropy_loss         | -2.07       |
|    explained_variance   | 0.713       |
|    learning_rate        | 0.0003      |
|    loss                 | 0.0438      |
|    n_updates            | 15          |
|    policy_gradient_loss | -0.00995    |
|    value_loss           | 0.166       |
-----------------------------------------
-----------------------------------------
| rollout/                |             |
|    ep_len_mean          | 281         |
|    ep_rew_mean          | -1.45       |
| time/                   |             |
|    fps                  | 437         |
|    iterations           | 5           |
|    time_elapsed         | 280         |
|    total_timesteps      | 122880      |
| train/                  |             |
|    approx_kl            | 0.011355723 |
|    clip_fraction        | 0.124       |
|    clip_range           | 0.2         |
|    entropy_loss         | -2.06       |
|    explained_variance   | 0.819       |
|    learning_rate        | 0.0003      |
|    loss                 | 0.0256      |
|    n_updates            | 20          |
|    policy_gradient_loss | -0.0103     |
|    value_loss           | 0.102       |
-----------------------------------------
-----------------------------------------
| rollout/                |             |
|    ep_len_mean          | 248         |
|    ep_rew_mean          | 5.2         |
| time/                   |             |
|    fps                  | 437         |
|    iterations           | 6           |
|    time_elapsed         | 337         |
|    total_timesteps      | 147456      |
| train/                  |             |
|    approx_kl            | 0.010596671 |
|    clip_fraction        | 0.111       |
|    clip_range           | 0.2         |
|    entropy_loss         | -2.04       |
|    explained_variance   | 0.781       |
|    learning_rate        | 0.0003      |
|    loss                 | 0.0182      |
|    n_updates            | 25          |
|    policy_gradient_loss | -0.00915    |
|    value_loss           | 0.101       |
-----------------------------------------
-----------------------------------------
| rollout/                |             |
|    ep_len_mean          | 247         |
|    ep_rew_mean          | 7.63        |
| time/                   |             |
|    fps                  | 435         |
|    iterations           | 7           |
|    time_elapsed         | 394         |
|    total_timesteps      | 172032      |
| train/                  |             |
|    approx_kl            | 0.008005954 |
|    clip_fraction        | 0.0685      |
|    clip_range           | 0.2         |
|    entropy_loss         | -2.01       |
|    explained_variance   | 0.799       |
|    learning_rate        | 0.0003      |
|    loss                 | 0.00475     |
|    n_updates            | 30          |
|    policy_gradient_loss | -0.00572    |
|    value_loss           | 0.0734      |
-----------------------------------------
-----------------------------------------
| rollout/                |             |
|    ep_len_mean          | 240         |
|    ep_rew_mean          | 8.86        |
| time/                   |             |
|    fps                  | 435         |
|    iterations           | 8           |
|    time_elapsed         | 451         |
|    total_timesteps      | 196608      |
| train/                  |             |
|    approx_kl            | 0.009103468 |
|    clip_fraction        | 0.0864      |
|    clip_range           | 0.2         |
|    entropy_loss         | -1.99       |
|    explained_variance   | 0.796       |
|    learning_rate        | 0.0003      |
|    loss                 | 0.00101     |
|    n_updates            | 35          |
|    policy_gradient_loss | -0.00687    |
|    value_loss           | 0.0687      |
-----------------------------------------
-----------------------------------------
| rollout/                |             |
|    ep_len_mean          | 243         |
|    ep_rew_mean          | 12.4        |
| time/                   |             |
|    fps                  | 435         |
|    iterations           | 9           |
|    time_elapsed         | 507         |
|    total_timesteps      | 221184      |
| train/                  |             |
|    approx_kl            | 0.008886359 |
|    clip_fraction        | 0.0866      |
|    clip_range           | 0.2         |
|    entropy_loss         | -1.97       |
|    explained_variance   | 0.715       |
|    learning_rate        | 0.0003      |
|    loss                 | 0.0395      |
|    n_updates            | 40          |
|    policy_gradient_loss | -0.00609    |
|    value_loss           | 0.0954      |
-----------------------------------------
------------------------------------------
| rollout/                |              |
|    ep_len_mean          | 221          |
|    ep_rew_mean          | 14.6         |
| time/                   |              |
|    fps                  | 436          |
|    iterations           | 10           |
|    time_elapsed         | 562          |
|    total_timesteps      | 245760       |
| train/                  |              |
|    approx_kl            | 0.0073775086 |
|    clip_fraction        | 0.0724       |
|    clip_range           | 0.2          |
|    entropy_loss         | -1.92        |
|    explained_variance   | 0.744        |
|    learning_rate        | 0.0003       |
|    loss                 | 0.0267       |
|    n_updates            | 45           |
|    policy_gradient_loss | -0.00619     |
|    value_loss           | 0.102        |
------------------------------------------
-----------------------------------------
| rollout/                |             |
|    ep_len_mean          | 221         |
|    ep_rew_mean          | 15.2        |
| time/                   |             |
|    fps                  | 436         |
|    iterations           | 11          |
|    time_elapsed         | 619         |
|    total_timesteps      | 270336      |
| train/                  |             |
|    approx_kl            | 0.007737649 |
|    clip_fraction        | 0.071       |
|    clip_range           | 0.2         |
|    entropy_loss         | -1.93       |
|    explained_variance   | 0.798       |
|    learning_rate        | 0.0003      |
|    loss                 | 0.011       |
|    n_updates            | 50          |
|    policy_gradient_loss | -0.00516    |
|    value_loss           | 0.0954      |
-----------------------------------------
-----------------------------------------
| rollout/                |             |
|    ep_len_mean          | 303         |
|    ep_rew_mean          | 14          |
| time/                   |             |
|    fps                  | 436         |
|    iterations           | 12          |
|    time_elapsed         | 675         |
|    total_timesteps      | 294912      |
| train/                  |             |
|    approx_kl            | 0.007443255 |
|    clip_fraction        | 0.072       |
|    clip_range           | 0.2         |
|    entropy_loss         | -1.91       |
|    explained_variance   | 0.845       |
|    learning_rate        | 0.0003      |
|    loss                 | -0.00293    |
|    n_updates            | 55          |
|    policy_gradient_loss | -0.00476    |
|    value_loss           | 0.0821      |
-----------------------------------------
-----------------------------------------
| rollout/                |             |
|    ep_len_mean          | 243         |
|    ep_rew_mean          | 17.6        |
| time/                   |             |
|    fps                  | 436         |
|    iterations           | 13          |
|    time_elapsed         | 732         |
|    total_timesteps      | 319488      |
| train/                  |             |
|    approx_kl            | 0.008650273 |
|    clip_fraction        | 0.0777      |
|    clip_range           | 0.2         |
|    entropy_loss         | -1.95       |
|    explained_variance   | 0.862       |
|    learning_rate        | 0.0003      |
|    loss                 | 0.0124      |
|    n_updates            | 60          |
|    policy_gradient_loss | -0.00584    |
|    value_loss           | 0.0769      |
-----------------------------------------
-----------------------------------------
| rollout/                |             |
|    ep_len_mean          | 376         |
|    ep_rew_mean          | 3.49        |
| time/                   |             |
|    fps                  | 435         |
|    iterations           | 14          |
|    time_elapsed         | 789         |
|    total_timesteps      | 344064      |
| train/                  |             |
|    approx_kl            | 0.007685238 |
|    clip_fraction        | 0.0737      |
|    clip_range           | 0.2         |
|    entropy_loss         | -1.91       |
|    explained_variance   | 0.918       |
|    learning_rate        | 0.0003      |
|    loss                 | 0.00987     |
|    n_updates            | 65          |
|    policy_gradient_loss | -0.00434    |
|    value_loss           | 0.066       |
-----------------------------------------
-----------------------------------------
| rollout/                |             |
|    ep_len_mean          | 341         |
|    ep_rew_mean          | 5.05        |
| time/                   |             |
|    fps                  | 434         |
|    iterations           | 15          |
|    time_elapsed         | 848         |
|    total_timesteps      | 368640      |
| train/                  |             |
|    approx_kl            | 0.008156867 |
|    clip_fraction        | 0.08        |
|    clip_range           | 0.2         |
|    entropy_loss         | -1.89       |
|    explained_variance   | 0.928       |
|    learning_rate        | 0.0003      |
|    loss                 | -0.00573    |
|    n_updates            | 70          |
|    policy_gradient_loss | -0.00489    |
|    value_loss           | 0.0532      |
-----------------------------------------
-----------------------------------------
| rollout/                |             |
|    ep_len_mean          | 301         |
|    ep_rew_mean          | 13.9        |
| time/                   |             |
|    fps                  | 434         |
|    iterations           | 16          |
|    time_elapsed         | 905         |
|    total_timesteps      | 393216      |
| train/                  |             |
|    approx_kl            | 0.008404273 |
|    clip_fraction        | 0.08        |
|    clip_range           | 0.2         |
|    entropy_loss         | -1.86       |
|    explained_variance   | 0.919       |
|    learning_rate        | 0.0003      |
|    loss                 | -0.000185   |
|    n_updates            | 75          |
|    policy_gradient_loss | -0.00596    |
|    value_loss           | 0.059       |
-----------------------------------------
-----------------------------------------
| rollout/                |             |
|    ep_len_mean          | 482         |
|    ep_rew_mean          | 8.35        |
| time/                   |             |
|    fps                  | 434         |
|    iterations           | 17          |
|    time_elapsed         | 962         |
|    total_timesteps      | 417792      |
| train/                  |             |
|    approx_kl            | 0.007686427 |
|    clip_fraction        | 0.0881      |
|    clip_range           | 0.2         |
|    entropy_loss         | -1.92       |
|    explained_variance   | 0.958       |
|    learning_rate        | 0.0003      |
|    loss                 | 0.00288     |
|    n_updates            | 80          |
|    policy_gradient_loss | -0.00604    |
|    value_loss           | 0.0412      |
-----------------------------------------
------------------------------------------
| rollout/                |              |
|    ep_len_mean          | 349          |
|    ep_rew_mean          | 22.8         |
| time/                   |              |
|    fps                  | 434          |
|    iterations           | 18           |
|    time_elapsed         | 1018         |
|    total_timesteps      | 442368       |
| train/                  |              |
|    approx_kl            | 0.0076471777 |
|    clip_fraction        | 0.084        |
|    clip_range           | 0.2          |
|    entropy_loss         | -1.89        |
|    explained_variance   | 0.921        |
|    learning_rate        | 0.0003       |
|    loss                 | -0.00305     |
|    n_updates            | 85           |
|    policy_gradient_loss | -0.0051      |
|    value_loss           | 0.0579       |
------------------------------------------
----------------------------------------
| rollout/                |            |
|    ep_len_mean          | 364        |
|    ep_rew_mean          | 23.2       |
| time/                   |            |
|    fps                  | 434        |
|    iterations           | 19         |
|    time_elapsed         | 1073       |
|    total_timesteps      | 466944     |
| train/                  |            |
|    approx_kl            | 0.00795059 |
|    clip_fraction        | 0.0727     |
|    clip_range           | 0.2        |
|    entropy_loss         | -1.91      |
|    explained_variance   | 0.878      |
|    learning_rate        | 0.0003     |
|    loss                 | -0.00938   |
|    n_updates            | 90         |
|    policy_gradient_loss | -0.00577   |
|    value_loss           | 0.0554     |
----------------------------------------
-----------------------------------------
| rollout/                |             |
|    ep_len_mean          | 268         |
|    ep_rew_mean          | 27.4        |
| time/                   |             |
|    fps                  | 435         |
|    iterations           | 20          |
|    time_elapsed         | 1129        |
|    total_timesteps      | 491520      |
| train/                  |             |
|    approx_kl            | 0.007649585 |
|    clip_fraction        | 0.0703      |
|    clip_range           | 0.2         |
|    entropy_loss         | -1.92       |
|    explained_variance   | 0.93        |
|    learning_rate        | 0.0003      |
|    loss                 | -0.0031     |
|    n_updates            | 95          |
|    policy_gradient_loss | -0.00541    |
|    value_loss           | 0.0471      |
-----------------------------------------
[Checkpoint] Saved at 500000 steps > /home/runner/work/Disciples2-RL/Disciples2-RL/github_experiments/118/green_dragon/seed118-green_dragon-29799518590-1/checkpoints/campaign_ppo_step_500000.zip
---------------------------------------
| rollout/                |           |
|    ep_len_mean          | 252       |
|    ep_rew_mean          | 26.4      |
| time/                   |           |
|    fps                  | 435       |
|    iterations           | 21        |
|    time_elapsed         | 1183      |
|    total_timesteps      | 516096    |
| train/                  |           |
|    approx_kl            | 0.0066112 |
|    clip_fraction        | 0.063     |
|    clip_range           | 0.2       |
|    entropy_loss         | -1.82     |
|    explained_variance   | 0.861     |
|    learning_rate        | 0.0003    |
|    loss                 | 0.000106  |
|    n_updates            | 100       |
|    policy_gradient_loss | -0.0043   |
|    value_loss           | 0.0584    |
---------------------------------------
------------------------------------------
| rollout/                |              |
|    ep_len_mean          | 234          |
|    ep_rew_mean          | 28.8         |
| time/                   |              |
|    fps                  | 437          |
|    iterations           | 22           |
|    time_elapsed         | 1236         |
|    total_timesteps      | 540672       |
| train/                  |              |
|    approx_kl            | 0.0070687705 |
|    clip_fraction        | 0.0661       |
|    clip_range           | 0.2          |
|    entropy_loss         | -1.81        |
|    explained_variance   | 0.85         |
|    learning_rate        | 0.0003       |
|    loss                 | 0.00384      |
|    n_updates            | 105          |
|    policy_gradient_loss | -0.00408     |
|    value_loss           | 0.0611       |
------------------------------------------
------------------------------------------
| rollout/                |              |
|    ep_len_mean          | 218          |
|    ep_rew_mean          | 28.9         |
| time/                   |              |
|    fps                  | 438          |
|    iterations           | 23           |
|    time_elapsed         | 1289         |
|    total_timesteps      | 565248       |
| train/                  |              |
|    approx_kl            | 0.0072532515 |
|    clip_fraction        | 0.0621       |
|    clip_range           | 0.2          |
|    entropy_loss         | -1.77        |
|    explained_variance   | 0.777        |
|    learning_rate        | 0.0003       |
|    loss                 | -0.00386     |
|    n_updates            | 110          |
|    policy_gradient_loss | -0.00411     |
|    value_loss           | 0.0883       |
------------------------------------------
------------------------------------------
| rollout/                |              |
|    ep_len_mean          | 228          |
|    ep_rew_mean          | 29.1         |
| time/                   |              |
|    fps                  | 439          |
|    iterations           | 24           |
|    time_elapsed         | 1341         |
|    total_timesteps      | 589824       |
| train/                  |              |
|    approx_kl            | 0.0076542906 |
|    clip_fraction        | 0.073        |
|    clip_range           | 0.2          |
|    entropy_loss         | -1.74        |
|    explained_variance   | 0.8          |
|    learning_rate        | 0.0003       |
|    loss                 | 0.0104       |
|    n_updates            | 115          |
|    policy_gradient_loss | -0.00623     |
|    value_loss           | 0.0675       |
------------------------------------------
-----------------------------------------
| rollout/                |             |
|    ep_len_mean          | 212         |
|    ep_rew_mean          | 29.3        |
| time/                   |             |
|    fps                  | 440         |
|    iterations           | 25          |
|    time_elapsed         | 1393        |
|    total_timesteps      | 614400      |
| train/                  |             |
|    approx_kl            | 0.006998127 |
|    clip_fraction        | 0.0694      |
|    clip_range           | 0.2         |
|    entropy_loss         | -1.73       |
|    explained_variance   | 0.854       |
|    learning_rate        | 0.0003      |
|    loss                 | -0.00356    |
|    n_updates            | 120         |
|    policy_gradient_loss | -0.00511    |
|    value_loss           | 0.0656      |
-----------------------------------------
-----------------------------------------
| rollout/                |             |
|    ep_len_mean          | 183         |
|    ep_rew_mean          | 26.4        |
| time/                   |             |
|    fps                  | 441         |
|    iterations           | 26          |
|    time_elapsed         | 1445        |
|    total_timesteps      | 638976      |
| train/                  |             |
|    approx_kl            | 0.007297994 |
|    clip_fraction        | 0.0714      |
|    clip_range           | 0.2         |
|    entropy_loss         | -1.7        |
|    explained_variance   | 0.873       |
|    learning_rate        | 0.0003      |
|    loss                 | 0.000603    |
|    n_updates            | 125         |
|    policy_gradient_loss | -0.00468    |
|    value_loss           | 0.0611      |
-----------------------------------------
------------------------------------------
| rollout/                |              |
|    ep_len_mean          | 202          |
|    ep_rew_mean          | 29.3         |
| time/                   |              |
|    fps                  | 442          |
|    iterations           | 27           |
|    time_elapsed         | 1499         |
|    total_timesteps      | 663552       |
| train/                  |              |
|    approx_kl            | 0.0074298996 |
|    clip_fraction        | 0.0821       |
|    clip_range           | 0.2          |
|    entropy_loss         | -1.64        |
|    explained_variance   | 0.826        |
|    learning_rate        | 0.0003       |
|    loss                 | 0.00415      |
|    n_updates            | 130          |
|    policy_gradient_loss | -0.00652     |
|    value_loss           | 0.0653       |
------------------------------------------
------------------------------------------
| rollout/                |              |
|    ep_len_mean          | 218          |
|    ep_rew_mean          | 30.6         |
| time/                   |              |
|    fps                  | 442          |
|    iterations           | 28           |
|    time_elapsed         | 1553         |
|    total_timesteps      | 688128       |
| train/                  |              |
|    approx_kl            | 0.0072830804 |
|    clip_fraction        | 0.0692       |
|    clip_range           | 0.2          |
|    entropy_loss         | -1.68        |
|    explained_variance   | 0.821        |
|    learning_rate        | 0.0003       |
|    loss                 | -0.00233     |
|    n_updates            | 135          |
|    policy_gradient_loss | -0.00531     |
|    value_loss           | 0.0608       |
------------------------------------------
-----------------------------------------
| rollout/                |             |
|    ep_len_mean          | 209         |
|    ep_rew_mean          | 32.5        |
| time/                   |             |
|    fps                  | 443         |
|    iterations           | 29          |
|    time_elapsed         | 1605        |
|    total_timesteps      | 712704      |
| train/                  |             |
|    approx_kl            | 0.006968815 |
|    clip_fraction        | 0.073       |
|    clip_range           | 0.2         |
|    entropy_loss         | -1.66       |
|    explained_variance   | 0.864       |
|    learning_rate        | 0.0003      |
|    loss                 | 0.00573     |
|    n_updates            | 140         |
|    policy_gradient_loss | -0.00544    |
|    value_loss           | 0.0546      |
-----------------------------------------
---------------------------------------
| rollout/                |           |
|    ep_len_mean          | 244       |
|    ep_rew_mean          | 25.7      |
| time/                   |           |
|    fps                  | 444       |
|    iterations           | 30        |
|    time_elapsed         | 1656      |
|    total_timesteps      | 737280    |
| train/                  |           |
|    approx_kl            | 0.0066236 |
|    clip_fraction        | 0.0677    |
|    clip_range           | 0.2       |
|    entropy_loss         | -1.67     |
|    explained_variance   | 0.894     |
|    learning_rate        | 0.0003    |
|    loss                 | -0.00522  |
|    n_updates            | 145       |
|    policy_gradient_loss | -0.00586  |
|    value_loss           | 0.0531    |
---------------------------------------
------------------------------------------
| rollout/                |              |
|    ep_len_mean          | 222          |
|    ep_rew_mean          | 36.1         |
| time/                   |              |
|    fps                  | 445          |
|    iterations           | 31           |
|    time_elapsed         | 1710         |
|    total_timesteps      | 761856       |
| train/                  |              |
|    approx_kl            | 0.0065783337 |
|    clip_fraction        | 0.0705       |
|    clip_range           | 0.2          |
|    entropy_loss         | -1.63        |
|    explained_variance   | 0.887        |
|    learning_rate        | 0.0003       |
|    loss                 | 0.00496      |
|    n_updates            | 150          |
|    policy_gradient_loss | -0.00529     |
|    value_loss           | 0.0622       |
------------------------------------------
-----------------------------------------
| rollout/                |             |
|    ep_len_mean          | 212         |
|    ep_rew_mean          | 33.7        |
| time/                   |             |
|    fps                  | 445         |
|    iterations           | 32          |
|    time_elapsed         | 1763        |
|    total_timesteps      | 786432      |
| train/                  |             |
|    approx_kl            | 0.007021889 |
|    clip_fraction        | 0.0692      |
|    clip_range           | 0.2         |
|    entropy_loss         | -1.6        |
|    explained_variance   | 0.873       |
|    learning_rate        | 0.0003      |
|    loss                 | -0.00688    |
|    n_updates            | 155         |
|    policy_gradient_loss | -0.00493    |
|    value_loss           | 0.0559      |
-----------------------------------------
-----------------------------------------
| rollout/                |             |
|    ep_len_mean          | 275         |
|    ep_rew_mean          | 32          |
| time/                   |             |
|    fps                  | 445         |
|    iterations           | 33          |
|    time_elapsed         | 1818        |
|    total_timesteps      | 811008      |
| train/                  |             |
|    approx_kl            | 0.007119769 |
|    clip_fraction        | 0.0634      |
|    clip_range           | 0.2         |
|    entropy_loss         | -1.59       |
|    explained_variance   | 0.911       |
|    learning_rate        | 0.0003      |
|    loss                 | -0.00649    |
|    n_updates            | 160         |
|    policy_gradient_loss | -0.00499    |
|    value_loss           | 0.0494      |
-----------------------------------------
------------------------------------------
| rollout/                |              |
|    ep_len_mean          | 240          |
|    ep_rew_mean          | 38.3         |
| time/                   |              |
|    fps                  | 446          |
|    iterations           | 34           |
|    time_elapsed         | 1871         |
|    total_timesteps      | 835584       |
| train/                  |              |
|    approx_kl            | 0.0067202933 |
|    clip_fraction        | 0.075        |
|    clip_range           | 0.2          |
|    entropy_loss         | -1.59        |
|    explained_variance   | 0.894        |
|    learning_rate        | 0.0003       |
|    loss                 | -0.00205     |
|    n_updates            | 165          |
|    policy_gradient_loss | -0.00415     |
|    value_loss           | 0.0556       |
------------------------------------------
------------------------------------------
| rollout/                |              |
|    ep_len_mean          | 242          |
|    ep_rew_mean          | 37.3         |
| time/                   |              |
|    fps                  | 447          |
|    iterations           | 35           |
|    time_elapsed         | 1923         |
|    total_timesteps      | 860160       |
| train/                  |              |
|    approx_kl            | 0.0057427012 |
|    clip_fraction        | 0.0682       |
|    clip_range           | 0.2          |
|    entropy_loss         | -1.58        |
|    explained_variance   | 0.893        |
|    learning_rate        | 0.0003       |
|    loss                 | -0.00922     |
|    n_updates            | 170          |
|    policy_gradient_loss | -0.00331     |
|    value_loss           | 0.0475       |
------------------------------------------
------------------------------------------
| rollout/                |              |
|    ep_len_mean          | 284          |
|    ep_rew_mean          | 35.1         |
| time/                   |              |
|    fps                  | 447          |
|    iterations           | 36           |
|    time_elapsed         | 1976         |
|    total_timesteps      | 884736       |
| train/                  |              |
|    approx_kl            | 0.0073646135 |
|    clip_fraction        | 0.0718       |
|    clip_range           | 0.2          |
|    entropy_loss         | -1.6         |
|    explained_variance   | 0.914        |
|    learning_rate        | 0.0003       |
|    loss                 | 0.00101      |
|    n_updates            | 175          |
|    policy_gradient_loss | -0.00376     |
|    value_loss           | 0.0478       |
------------------------------------------
-----------------------------------------
| rollout/                |             |
|    ep_len_mean          | 260         |
|    ep_rew_mean          | 41          |
| time/                   |             |
|    fps                  | 447         |
|    iterations           | 37          |
|    time_elapsed         | 2029        |
|    total_timesteps      | 909312      |
| train/                  |             |
|    approx_kl            | 0.006537692 |
|    clip_fraction        | 0.0787      |
|    clip_range           | 0.2         |
|    entropy_loss         | -1.6        |
|    explained_variance   | 0.921       |
|    learning_rate        | 0.0003      |
|    loss                 | -0.006      |
|    n_updates            | 180         |
|    policy_gradient_loss | -0.00461    |
|    value_loss           | 0.0463      |
-----------------------------------------
-----------------------------------------
| rollout/                |             |
|    ep_len_mean          | 346         |
|    ep_rew_mean          | 38.1        |
| time/                   |             |
|    fps                  | 448         |
|    iterations           | 38          |
|    time_elapsed         | 2083        |
|    total_timesteps      | 933888      |
| train/                  |             |
|    approx_kl            | 0.007893245 |
|    clip_fraction        | 0.0898      |
|    clip_range           | 0.2         |
|    entropy_loss         | -1.59       |
|    explained_variance   | 0.942       |
|    learning_rate        | 0.0003      |
|    loss                 | -0.00558    |
|    n_updates            | 185         |
|    policy_gradient_loss | -0.00497    |
|    value_loss           | 0.0451      |
-----------------------------------------
-----------------------------------------
| rollout/                |             |
|    ep_len_mean          | 222         |
|    ep_rew_mean          | 42.6        |
| time/                   |             |
|    fps                  | 448         |
|    iterations           | 39          |
|    time_elapsed         | 2135        |
|    total_timesteps      | 958464      |
| train/                  |             |
|    approx_kl            | 0.008373484 |
|    clip_fraction        | 0.0821      |
|    clip_range           | 0.2         |
|    entropy_loss         | -1.52       |
|    explained_variance   | 0.936       |
|    learning_rate        | 0.0003      |
|    loss                 | -0.00374    |
|    n_updates            | 190         |
|    policy_gradient_loss | -0.00549    |
|    value_loss           | 0.0455      |
-----------------------------------------
-----------------------------------------
| rollout/                |             |
|    ep_len_mean          | 231         |
|    ep_rew_mean          | 44.4        |
| time/                   |             |
|    fps                  | 449         |
|    iterations           | 40          |
|    time_elapsed         | 2186        |
|    total_timesteps      | 983040      |
| train/                  |             |
|    approx_kl            | 0.006371749 |
|    clip_fraction        | 0.0665      |
|    clip_range           | 0.2         |
|    entropy_loss         | -1.46       |
|    explained_variance   | 0.875       |
|    learning_rate        | 0.0003      |
|    loss                 | -0.0019     |
|    n_updates            | 195         |
|    policy_gradient_loss | -0.00397    |
|    value_loss           | 0.0474      |
-----------------------------------------
[Checkpoint] Saved at 1000000 steps > /home/runner/work/Disciples2-RL/Disciples2-RL/github_experiments/118/green_dragon/seed118-green_dragon-29799518590-1/checkpoints/campaign_ppo_step_1000000.zip
Eval num_timesteps=1000008, det_reward=-251.59 +/- 349.87
Episode length: det=2112.20 +/- 2113.31
Victory rate: det=0.00%
--------------------------------------------------
| eval/                           |              |
|    deterministic_mean_ep_length | 2.11e+03     |
|    deterministic_mean_reward    | -252         |
|    deterministic_victory_rate   | 0            |
|    mean_ep_length               | 2.11e+03     |
|    mean_reward                  | -252         |
|    victory_rate                 | 0            |
| time/                           |              |
|    total_timesteps              | 1000008      |
| train/                          |              |
|    approx_kl                    | 0.0060058385 |
|    clip_fraction                | 0.0623       |
|    clip_range                   | 0.2          |
|    entropy_loss                 | -1.43        |
|    explained_variance           | 0.931        |
|    learning_rate                | 0.0003       |
|    loss                         | 0.00327      |
|    n_updates                    | 200          |
|    policy_gradient_loss         | -0.00514     |
|    value_loss                   | 0.0437       |
--------------------------------------------------
New best model by deterministic victory rate!
---------------------------------
| rollout/           |          |
|    ep_len_mean     | 235      |
|    ep_rew_mean     | 44.7     |
| time/              |          |
|    fps             | 422      |
|    iterations      | 41       |
|    time_elapsed    | 2386     |
|    total_timesteps | 1007616  |
---------------------------------
VecNormalize stats saved: /home/runner/work/Disciples2-RL/Disciples2-RL/github_experiments/118/green_dragon/seed118-green_dragon-29799518590-1/models/vecnormalize.pkl

Финальная модель сохранена: /home/runner/work/Disciples2-RL/Disciples2-RL/github_experiments/118/green_dragon/seed118-green_dragon-29799518590-1/models/final_model.zip

============================================================
ИТОГИ ОБУЧЕНИЯ:
  Побед: 1
  Поражений: 4079
  Таймаутов: 4
  Побед бота столицы над врагами: 0
  Перестановок юнитов: 215489
  Терминальные поражения по противникам:
    enemy_7: 1106 — Отряд: воин + привидение спереди, колдун + призрак + привидение сзади
    enemy_31: 605 — Отряд: зеленый дракон
    enemy_29: 486 — Отряд: 3 скваера на передней линии
    enemy_15: 396 — Отряд: 2 привидения спереди, вампир сзади
    enemy_25: 254 — Отряд: копейщик спереди и служка сзади
    enemy_23: 236 — Отряд: волк на передней линии
    enemy_34: 197 — Отряд Порта Полонис: Воин спереди, Колдун, Нигош (Носферату) и Привидение сзади
    enemy_27: 148 — Отряд: скваер в центре и 2 крестьянина на передней линии
    enemy_3: 116 — Отряд: орк чемпион на передней линии
    enemy_74: 99 — Руины (43, 34): Лорд Тьмы, Лич
    enemy_39: 87 — Отряд: Волк, Варвар
    enemy_21: 70 — Отряд: зомби спереди, привидение сзади
    enemy_17: 64 — Отряд: воин спереди, 2 призрака и привидение сзади
    enemy_9: 38 — Отряд: тамплиер спереди, колдун и призрак сзади
    enemy_61: 27 — Отряд: Зомби, Призрак
    enemy_70: 22 — Руины (15, 9): Орк, Гоблин, Гоблин
    enemy_11: 20 — Отряд: оборотень спереди и тень сзади
    enemy_63: 14 — Отряд: Разбойник
    enemy_5: 14 — Отряд: орк чемпион на передней линии
    enemy_75: 13 — Страж столицы Империи: Мизраэль
    enemy_1: 12 — Отряд: волк на передней линии
    enemy_13: 11 — Отряд: 2 зомби спереди и привидение сзади
    enemy_65: 9 — Отряд: Кентавр копейщик, Рейнджер
    enemy_68: 8 — Внутренний гарнизон Порта Полонис: Зомби, Воин
    enemy_37: 7 — Отряд: Гном, Травница, Алхимик
    enemy_57: 5 — Отряд: Призрак, Привидение, Воин
    enemy_35: 4 — Отряд Соругириллы: Унфегра (Королева личей), Виверна
    enemy_59: 4 — Отряд: Зомби
    enemy_41: 2 — Отряд: Гном, Метатель топоров
    enemy_49: 2 — Отряд: Гном
    enemy_47: 2 — Отряд: Призрак, Привидение, Привидение, Воин
    enemy_19: 1 — Отряд: зомби спереди, привидение сзади
  Winrate: 0.0%
============================================================
  График призывов за эпизод: /home/runner/work/Disciples2-RL/Disciples2-RL/github_experiments/118/green_dragon/seed118-green_dragon-29799518590-1/plots/campaign_summoned_units_per_episode.png
  График призывов за всё обучение: /home/runner/work/Disciples2-RL/Disciples2-RL/github_experiments/118/green_dragon/seed118-green_dragon-29799518590-1/plots/campaign_summoned_units_cumulative.png
  График найма за эпизод: /home/runner/work/Disciples2-RL/Disciples2-RL/github_experiments/118/green_dragon/seed118-green_dragon-29799518590-1/plots/campaign_hired_units_per_episode.png
  График найма за всё обучение: /home/runner/work/Disciples2-RL/Disciples2-RL/github_experiments/118/green_dragon/seed118-green_dragon-29799518590-1/plots/campaign_hired_units_cumulative.png
  График перестановок юнитов за эпизод: /home/runner/work/Disciples2-RL/Disciples2-RL/github_experiments/118/green_dragon/seed118-green_dragon-29799518590-1/plots/campaign_unit_swaps_per_episode.png
  График боевых предметов: /home/runner/work/Disciples2-RL/Disciples2-RL/github_experiments/118/green_dragon/seed118-green_dragon-29799518590-1/plots/campaign_battle_item_activity.png
  График побед бота столицы за эпизод: /home/runner/work/Disciples2-RL/Disciples2-RL/github_experiments/118/green_dragon/seed118-green_dragon-29799518590-1/plots/campaign_scripted_bot_victories_per_episode.png
  График применения заклинаний: /home/runner/work/Disciples2-RL/Disciples2-RL/github_experiments/118/green_dragon/seed118-green_dragon-29799518590-1/plots/campaign_spell_cast_activity.png
