Проверка среды CampaignEnv...
Среда прошла проверку!
[INFO] Comet disabled, running without experiment tracking
Создание 12 параллельных сред (subproc)...
Инициализация MaskablePPO...
Using cpu device

============================================================
Запуск обучения Campaign Agent
Всего шагов: 1,000,000
Параллельных сред: 12
VecEnv: subproc
VecEnv start method: forkserver
Seed: 115
Checkpoint каждые: 500,000 шагов
Evaluation каждые: 83,334 шагов
Eval deterministic эпизодов: 20
Eval stochastic эпизодов: 0
Eval лимит шагов на эпизод: 5000
Campaign map: small
Campaign objective: blue_dragon
System resources at training start:
  Platform: Linux 6.17.0-1020-azure (x86_64)
  Python: 3.14.6
  PyTorch: 2.13.0+cpu
  Training device: cpu
  CPU model: AMD EPYC 9V74 80-Core Processor
  CPU vendor: AuthenticAMD
  Logical CPUs visible: 4
  Process CPU affinity: 4
  Sockets: 1
  Cores per socket: 2
  Threads per core: 2
  CPU max MHz: unknown
  CPU min MHz: unknown
  L1d cache: 64 KiB (2 instances)
  L1i cache: 64 KiB (2 instances)
  L2 cache: 2 MiB (2 instances)
  L3 cache: 32 MiB (1 instance)
  Virtualization: AMD-V
  Hypervisor: Microsoft
  RAM total: 15.61 GiB
  RAM available at start: 13.94 GiB
  Disk total: 144.26 GiB
  Disk free at start: 85.22 GiB
  Torch intra-op threads: 4
  Torch inter-op threads: 2
  OMP_NUM_THREADS: 4
  MKL_NUM_THREADS: 4
  OPENBLAS_NUM_THREADS: 4
  GitHub runner OS: Linux
  GitHub runner architecture: X64
  GitHub runner environment: github-hosted
PPO n_steps: 2,048
PPO batch_size: 512
PPO n_epochs: 5
PPO learning_rate: 0.0003
PPO clip_range: 0.2
PPO ent_coef: 0.01
PPO gamma: 0.995
PPO gae_lambda: 0.95
PPO target_kl: disabled
PPO gradient batches per rollout: 240
VecCheckNan: disabled
Freeze action layout: enabled
Empire territory: enabled
Torch threads per process: 4
Diagnostics: disabled
Wall-clock training limit: disabled
Run ID: seed115-blue_dragon-29696560629-1
============================================================

Logging to /home/runner/work/Disciples2-RL/Disciples2-RL/github_experiments/115/blue_dragon/seed115-blue_dragon-29696560629-1/tensorboard/MaskablePPO_1
---------------------------------
| rollout/           |          |
|    ep_len_mean     | 128      |
|    ep_rew_mean     | -5.54    |
| time/              |          |
|    fps             | 530      |
|    iterations      | 1        |
|    time_elapsed    | 46       |
|    total_timesteps | 24576    |
---------------------------------
-----------------------------------------
| rollout/                |             |
|    ep_len_mean          | 127         |
|    ep_rew_mean          | -3.06       |
| time/                   |             |
|    fps                  | 502         |
|    iterations           | 2           |
|    time_elapsed         | 97          |
|    total_timesteps      | 49152       |
| train/                  |             |
|    approx_kl            | 0.010308204 |
|    clip_fraction        | 0.0849      |
|    clip_range           | 0.2         |
|    entropy_loss         | -2.2        |
|    explained_variance   | -0.0387     |
|    learning_rate        | 0.0003      |
|    loss                 | 0.204       |
|    n_updates            | 5           |
|    policy_gradient_loss | -0.00682    |
|    value_loss           | 0.442       |
-----------------------------------------
-----------------------------------------
| rollout/                |             |
|    ep_len_mean          | 146         |
|    ep_rew_mean          | -2.45       |
| time/                   |             |
|    fps                  | 496         |
|    iterations           | 3           |
|    time_elapsed         | 148         |
|    total_timesteps      | 73728       |
| train/                  |             |
|    approx_kl            | 0.010563853 |
|    clip_fraction        | 0.122       |
|    clip_range           | 0.2         |
|    entropy_loss         | -2.11       |
|    explained_variance   | 0.538       |
|    learning_rate        | 0.0003      |
|    loss                 | 0.083       |
|    n_updates            | 10          |
|    policy_gradient_loss | -0.0121     |
|    value_loss           | 0.243       |
-----------------------------------------
-----------------------------------------
| rollout/                |             |
|    ep_len_mean          | 186         |
|    ep_rew_mean          | -0.59       |
| time/                   |             |
|    fps                  | 492         |
|    iterations           | 4           |
|    time_elapsed         | 199         |
|    total_timesteps      | 98304       |
| train/                  |             |
|    approx_kl            | 0.010562416 |
|    clip_fraction        | 0.113       |
|    clip_range           | 0.2         |
|    entropy_loss         | -2.05       |
|    explained_variance   | 0.686       |
|    learning_rate        | 0.0003      |
|    loss                 | 0.0732      |
|    n_updates            | 15          |
|    policy_gradient_loss | -0.0116     |
|    value_loss           | 0.231       |
-----------------------------------------
-----------------------------------------
| rollout/                |             |
|    ep_len_mean          | 189         |
|    ep_rew_mean          | 3.5         |
| time/                   |             |
|    fps                  | 490         |
|    iterations           | 5           |
|    time_elapsed         | 250         |
|    total_timesteps      | 122880      |
| train/                  |             |
|    approx_kl            | 0.010524217 |
|    clip_fraction        | 0.119       |
|    clip_range           | 0.2         |
|    entropy_loss         | -2.05       |
|    explained_variance   | 0.815       |
|    learning_rate        | 0.0003      |
|    loss                 | 0.0325      |
|    n_updates            | 20          |
|    policy_gradient_loss | -0.0104     |
|    value_loss           | 0.151       |
-----------------------------------------
-----------------------------------------
| rollout/                |             |
|    ep_len_mean          | 214         |
|    ep_rew_mean          | 5.44        |
| time/                   |             |
|    fps                  | 490         |
|    iterations           | 6           |
|    time_elapsed         | 300         |
|    total_timesteps      | 147456      |
| train/                  |             |
|    approx_kl            | 0.008694471 |
|    clip_fraction        | 0.0797      |
|    clip_range           | 0.2         |
|    entropy_loss         | -2.04       |
|    explained_variance   | 0.849       |
|    learning_rate        | 0.0003      |
|    loss                 | 0.0319      |
|    n_updates            | 25          |
|    policy_gradient_loss | -0.00832    |
|    value_loss           | 0.129       |
-----------------------------------------
-----------------------------------------
| rollout/                |             |
|    ep_len_mean          | 206         |
|    ep_rew_mean          | 8.15        |
| time/                   |             |
|    fps                  | 488         |
|    iterations           | 7           |
|    time_elapsed         | 351         |
|    total_timesteps      | 172032      |
| train/                  |             |
|    approx_kl            | 0.009056286 |
|    clip_fraction        | 0.0849      |
|    clip_range           | 0.2         |
|    entropy_loss         | -1.99       |
|    explained_variance   | 0.838       |
|    learning_rate        | 0.0003      |
|    loss                 | 0.0097      |
|    n_updates            | 30          |
|    policy_gradient_loss | -0.00748    |
|    value_loss           | 0.0965      |
-----------------------------------------
-----------------------------------------
| rollout/                |             |
|    ep_len_mean          | 204         |
|    ep_rew_mean          | 11.1        |
| time/                   |             |
|    fps                  | 488         |
|    iterations           | 8           |
|    time_elapsed         | 402         |
|    total_timesteps      | 196608      |
| train/                  |             |
|    approx_kl            | 0.008741872 |
|    clip_fraction        | 0.0897      |
|    clip_range           | 0.2         |
|    entropy_loss         | -1.96       |
|    explained_variance   | 0.841       |
|    learning_rate        | 0.0003      |
|    loss                 | 0.0122      |
|    n_updates            | 35          |
|    policy_gradient_loss | -0.00659    |
|    value_loss           | 0.0827      |
-----------------------------------------
-----------------------------------------
| rollout/                |             |
|    ep_len_mean          | 201         |
|    ep_rew_mean          | 11.8        |
| time/                   |             |
|    fps                  | 489         |
|    iterations           | 9           |
|    time_elapsed         | 451         |
|    total_timesteps      | 221184      |
| train/                  |             |
|    approx_kl            | 0.009726825 |
|    clip_fraction        | 0.0994      |
|    clip_range           | 0.2         |
|    entropy_loss         | -1.93       |
|    explained_variance   | 0.816       |
|    learning_rate        | 0.0003      |
|    loss                 | 0.00319     |
|    n_updates            | 40          |
|    policy_gradient_loss | -0.00826    |
|    value_loss           | 0.0875      |
-----------------------------------------
-----------------------------------------
| rollout/                |             |
|    ep_len_mean          | 182         |
|    ep_rew_mean          | 12.8        |
| time/                   |             |
|    fps                  | 490         |
|    iterations           | 10          |
|    time_elapsed         | 501         |
|    total_timesteps      | 245760      |
| train/                  |             |
|    approx_kl            | 0.008733641 |
|    clip_fraction        | 0.0801      |
|    clip_range           | 0.2         |
|    entropy_loss         | -1.87       |
|    explained_variance   | 0.823       |
|    learning_rate        | 0.0003      |
|    loss                 | 0.0136      |
|    n_updates            | 45          |
|    policy_gradient_loss | -0.00649    |
|    value_loss           | 0.0916      |
-----------------------------------------
----------------------------------------
| rollout/                |            |
|    ep_len_mean          | 179        |
|    ep_rew_mean          | 16.4       |
| time/                   |            |
|    fps                  | 490        |
|    iterations           | 11         |
|    time_elapsed         | 550        |
|    total_timesteps      | 270336     |
| train/                  |            |
|    approx_kl            | 0.00790484 |
|    clip_fraction        | 0.0727     |
|    clip_range           | 0.2        |
|    entropy_loss         | -1.83      |
|    explained_variance   | 0.808      |
|    learning_rate        | 0.0003     |
|    loss                 | 0.0211     |
|    n_updates            | 50         |
|    policy_gradient_loss | -0.00597   |
|    value_loss           | 0.094      |
----------------------------------------
-----------------------------------------
| rollout/                |             |
|    ep_len_mean          | 171         |
|    ep_rew_mean          | 16.4        |
| time/                   |             |
|    fps                  | 491         |
|    iterations           | 12          |
|    time_elapsed         | 600         |
|    total_timesteps      | 294912      |
| train/                  |             |
|    approx_kl            | 0.007686952 |
|    clip_fraction        | 0.0727      |
|    clip_range           | 0.2         |
|    entropy_loss         | -1.81       |
|    explained_variance   | 0.825       |
|    learning_rate        | 0.0003      |
|    loss                 | 0.00223     |
|    n_updates            | 55          |
|    policy_gradient_loss | -0.00607    |
|    value_loss           | 0.0887      |
-----------------------------------------
-----------------------------------------
| rollout/                |             |
|    ep_len_mean          | 224         |
|    ep_rew_mean          | 12          |
| time/                   |             |
|    fps                  | 491         |
|    iterations           | 13          |
|    time_elapsed         | 650         |
|    total_timesteps      | 319488      |
| train/                  |             |
|    approx_kl            | 0.007564088 |
|    clip_fraction        | 0.0756      |
|    clip_range           | 0.2         |
|    entropy_loss         | -1.82       |
|    explained_variance   | 0.864       |
|    learning_rate        | 0.0003      |
|    loss                 | 0.00465     |
|    n_updates            | 60          |
|    policy_gradient_loss | -0.00692    |
|    value_loss           | 0.0868      |
-----------------------------------------
-----------------------------------------
| rollout/                |             |
|    ep_len_mean          | 176         |
|    ep_rew_mean          | 20.5        |
| time/                   |             |
|    fps                  | 491         |
|    iterations           | 14          |
|    time_elapsed         | 700         |
|    total_timesteps      | 344064      |
| train/                  |             |
|    approx_kl            | 0.006945958 |
|    clip_fraction        | 0.0724      |
|    clip_range           | 0.2         |
|    entropy_loss         | -1.73       |
|    explained_variance   | 0.91        |
|    learning_rate        | 0.0003      |
|    loss                 | 0.0102      |
|    n_updates            | 65          |
|    policy_gradient_loss | -0.0057     |
|    value_loss           | 0.0668      |
-----------------------------------------
-----------------------------------------
| rollout/                |             |
|    ep_len_mean          | 244         |
|    ep_rew_mean          | 3.52        |
| time/                   |             |
|    fps                  | 491         |
|    iterations           | 15          |
|    time_elapsed         | 750         |
|    total_timesteps      | 368640      |
| train/                  |             |
|    approx_kl            | 0.007961173 |
|    clip_fraction        | 0.0695      |
|    clip_range           | 0.2         |
|    entropy_loss         | -1.72       |
|    explained_variance   | 0.933       |
|    learning_rate        | 0.0003      |
|    loss                 | 0.00463     |
|    n_updates            | 70          |
|    policy_gradient_loss | -0.00566    |
|    value_loss           | 0.065       |
-----------------------------------------
------------------------------------------
| rollout/                |              |
|    ep_len_mean          | 209          |
|    ep_rew_mean          | 11           |
| time/                   |              |
|    fps                  | 491          |
|    iterations           | 16           |
|    time_elapsed         | 799          |
|    total_timesteps      | 393216       |
| train/                  |              |
|    approx_kl            | 0.0074585453 |
|    clip_fraction        | 0.0709       |
|    clip_range           | 0.2          |
|    entropy_loss         | -1.72        |
|    explained_variance   | 0.952        |
|    learning_rate        | 0.0003       |
|    loss                 | -0.0102      |
|    n_updates            | 75           |
|    policy_gradient_loss | -0.00552     |
|    value_loss           | 0.053        |
------------------------------------------
-----------------------------------------
| rollout/                |             |
|    ep_len_mean          | 172         |
|    ep_rew_mean          | 20.5        |
| time/                   |             |
|    fps                  | 492         |
|    iterations           | 17          |
|    time_elapsed         | 848         |
|    total_timesteps      | 417792      |
| train/                  |             |
|    approx_kl            | 0.006367003 |
|    clip_fraction        | 0.0571      |
|    clip_range           | 0.2         |
|    entropy_loss         | -1.7        |
|    explained_variance   | 0.923       |
|    learning_rate        | 0.0003      |
|    loss                 | -0.00818    |
|    n_updates            | 80          |
|    policy_gradient_loss | -0.00431    |
|    value_loss           | 0.0486      |
-----------------------------------------
----------------------------------------
| rollout/                |            |
|    ep_len_mean          | 179        |
|    ep_rew_mean          | 25.7       |
| time/                   |            |
|    fps                  | 492        |
|    iterations           | 18         |
|    time_elapsed         | 897        |
|    total_timesteps      | 442368     |
| train/                  |            |
|    approx_kl            | 0.00630711 |
|    clip_fraction        | 0.063      |
|    clip_range           | 0.2        |
|    entropy_loss         | -1.66      |
|    explained_variance   | 0.86       |
|    learning_rate        | 0.0003     |
|    loss                 | -0.00159   |
|    n_updates            | 85         |
|    policy_gradient_loss | -0.00487   |
|    value_loss           | 0.0449     |
----------------------------------------
------------------------------------------
| rollout/                |              |
|    ep_len_mean          | 170          |
|    ep_rew_mean          | 24.1         |
| time/                   |              |
|    fps                  | 492          |
|    iterations           | 19           |
|    time_elapsed         | 947          |
|    total_timesteps      | 466944       |
| train/                  |              |
|    approx_kl            | 0.0066850916 |
|    clip_fraction        | 0.0592       |
|    clip_range           | 0.2          |
|    entropy_loss         | -1.63        |
|    explained_variance   | 0.833        |
|    learning_rate        | 0.0003       |
|    loss                 | -0.0101      |
|    n_updates            | 90           |
|    policy_gradient_loss | -0.00441     |
|    value_loss           | 0.0492       |
------------------------------------------
------------------------------------------
| rollout/                |              |
|    ep_len_mean          | 171          |
|    ep_rew_mean          | 24.4         |
| time/                   |              |
|    fps                  | 493          |
|    iterations           | 20           |
|    time_elapsed         | 996          |
|    total_timesteps      | 491520       |
| train/                  |              |
|    approx_kl            | 0.0059742755 |
|    clip_fraction        | 0.0592       |
|    clip_range           | 0.2          |
|    entropy_loss         | -1.63        |
|    explained_variance   | 0.885        |
|    learning_rate        | 0.0003       |
|    loss                 | -0.00683     |
|    n_updates            | 95           |
|    policy_gradient_loss | -0.00484     |
|    value_loss           | 0.0453       |
------------------------------------------
[Checkpoint] Saved at 500000 steps > /home/runner/work/Disciples2-RL/Disciples2-RL/github_experiments/115/blue_dragon/seed115-blue_dragon-29696560629-1/checkpoints/campaign_ppo_step_500000.zip
-----------------------------------------
| rollout/                |             |
|    ep_len_mean          | 218         |
|    ep_rew_mean          | 18.5        |
| time/                   |             |
|    fps                  | 493         |
|    iterations           | 21          |
|    time_elapsed         | 1046        |
|    total_timesteps      | 516096      |
| train/                  |             |
|    approx_kl            | 0.006705299 |
|    clip_fraction        | 0.0616      |
|    clip_range           | 0.2         |
|    entropy_loss         | -1.61       |
|    explained_variance   | 0.94        |
|    learning_rate        | 0.0003      |
|    loss                 | 0.00569     |
|    n_updates            | 100         |
|    policy_gradient_loss | -0.00494    |
|    value_loss           | 0.0448      |
-----------------------------------------
-----------------------------------------
| rollout/                |             |
|    ep_len_mean          | 222         |
|    ep_rew_mean          | 22.1        |
| time/                   |             |
|    fps                  | 493         |
|    iterations           | 22          |
|    time_elapsed         | 1095        |
|    total_timesteps      | 540672      |
| train/                  |             |
|    approx_kl            | 0.006115762 |
|    clip_fraction        | 0.0604      |
|    clip_range           | 0.2         |
|    entropy_loss         | -1.62       |
|    explained_variance   | 0.954       |
|    learning_rate        | 0.0003      |
|    loss                 | -0.00516    |
|    n_updates            | 105         |
|    policy_gradient_loss | -0.00464    |
|    value_loss           | 0.0464      |
-----------------------------------------
-----------------------------------------
| rollout/                |             |
|    ep_len_mean          | 182         |
|    ep_rew_mean          | 28.4        |
| time/                   |             |
|    fps                  | 493         |
|    iterations           | 23          |
|    time_elapsed         | 1145        |
|    total_timesteps      | 565248      |
| train/                  |             |
|    approx_kl            | 0.006353423 |
|    clip_fraction        | 0.0657      |
|    clip_range           | 0.2         |
|    entropy_loss         | -1.59       |
|    explained_variance   | 0.895       |
|    learning_rate        | 0.0003      |
|    loss                 | 0.00536     |
|    n_updates            | 110         |
|    policy_gradient_loss | -0.0046     |
|    value_loss           | 0.0528      |
-----------------------------------------
-----------------------------------------
| rollout/                |             |
|    ep_len_mean          | 177         |
|    ep_rew_mean          | 29          |
| time/                   |             |
|    fps                  | 493         |
|    iterations           | 24          |
|    time_elapsed         | 1196        |
|    total_timesteps      | 589824      |
| train/                  |             |
|    approx_kl            | 0.006380139 |
|    clip_fraction        | 0.0615      |
|    clip_range           | 0.2         |
|    entropy_loss         | -1.57       |
|    explained_variance   | 0.892       |
|    learning_rate        | 0.0003      |
|    loss                 | -0.00167    |
|    n_updates            | 115         |
|    policy_gradient_loss | -0.00496    |
|    value_loss           | 0.0496      |
-----------------------------------------
------------------------------------------
| rollout/                |              |
|    ep_len_mean          | 235          |
|    ep_rew_mean          | 24.6         |
| time/                   |              |
|    fps                  | 493          |
|    iterations           | 25           |
|    time_elapsed         | 1245         |
|    total_timesteps      | 614400       |
| train/                  |              |
|    approx_kl            | 0.0058508497 |
|    clip_fraction        | 0.0525       |
|    clip_range           | 0.2          |
|    entropy_loss         | -1.58        |
|    explained_variance   | 0.962        |
|    learning_rate        | 0.0003       |
|    loss                 | -0.00341     |
|    n_updates            | 120          |
|    policy_gradient_loss | -0.00411     |
|    value_loss           | 0.0427       |
------------------------------------------
------------------------------------------
| rollout/                |              |
|    ep_len_mean          | 285          |
|    ep_rew_mean          | 22.3         |
| time/                   |              |
|    fps                  | 492          |
|    iterations           | 26           |
|    time_elapsed         | 1297         |
|    total_timesteps      | 638976       |
| train/                  |              |
|    approx_kl            | 0.0076105073 |
|    clip_fraction        | 0.0662       |
|    clip_range           | 0.2          |
|    entropy_loss         | -1.61        |
|    explained_variance   | 0.974        |
|    learning_rate        | 0.0003       |
|    loss                 | -0.00379     |
|    n_updates            | 125          |
|    policy_gradient_loss | -0.004       |
|    value_loss           | 0.0357       |
------------------------------------------
------------------------------------------
| rollout/                |              |
|    ep_len_mean          | 245          |
|    ep_rew_mean          | 27.6         |
| time/                   |              |
|    fps                  | 492          |
|    iterations           | 27           |
|    time_elapsed         | 1348         |
|    total_timesteps      | 663552       |
| train/                  |              |
|    approx_kl            | 0.0063752993 |
|    clip_fraction        | 0.063        |
|    clip_range           | 0.2          |
|    entropy_loss         | -1.6         |
|    explained_variance   | 0.978        |
|    learning_rate        | 0.0003       |
|    loss                 | -0.00798     |
|    n_updates            | 130          |
|    policy_gradient_loss | -0.00558     |
|    value_loss           | 0.033        |
------------------------------------------
-----------------------------------------
| rollout/                |             |
|    ep_len_mean          | 333         |
|    ep_rew_mean          | 15.6        |
| time/                   |             |
|    fps                  | 491         |
|    iterations           | 28          |
|    time_elapsed         | 1399        |
|    total_timesteps      | 688128      |
| train/                  |             |
|    approx_kl            | 0.006672736 |
|    clip_fraction        | 0.0635      |
|    clip_range           | 0.2         |
|    entropy_loss         | -1.62       |
|    explained_variance   | 0.983       |
|    learning_rate        | 0.0003      |
|    loss                 | -0.0193     |
|    n_updates            | 135         |
|    policy_gradient_loss | -0.00535    |
|    value_loss           | 0.0265      |
-----------------------------------------
------------------------------------------
| rollout/                |              |
|    ep_len_mean          | 414          |
|    ep_rew_mean          | 6.81         |
| time/                   |              |
|    fps                  | 491          |
|    iterations           | 29           |
|    time_elapsed         | 1450         |
|    total_timesteps      | 712704       |
| train/                  |              |
|    approx_kl            | 0.0067320582 |
|    clip_fraction        | 0.0548       |
|    clip_range           | 0.2          |
|    entropy_loss         | -1.71        |
|    explained_variance   | 0.988        |
|    learning_rate        | 0.0003       |
|    loss                 | -0.0142      |
|    n_updates            | 140          |
|    policy_gradient_loss | -0.00502     |
|    value_loss           | 0.0171       |
------------------------------------------
------------------------------------------
| rollout/                |              |
|    ep_len_mean          | 430          |
|    ep_rew_mean          | 7.42         |
| time/                   |              |
|    fps                  | 491          |
|    iterations           | 30           |
|    time_elapsed         | 1500         |
|    total_timesteps      | 737280       |
| train/                  |              |
|    approx_kl            | 0.0057453234 |
|    clip_fraction        | 0.0584       |
|    clip_range           | 0.2          |
|    entropy_loss         | -1.67        |
|    explained_variance   | 0.987        |
|    learning_rate        | 0.0003       |
|    loss                 | -0.0096      |
|    n_updates            | 145          |
|    policy_gradient_loss | -0.0043      |
|    value_loss           | 0.0184       |
------------------------------------------
-----------------------------------------
| rollout/                |             |
|    ep_len_mean          | 507         |
|    ep_rew_mean          | -3.99       |
| time/                   |             |
|    fps                  | 491         |
|    iterations           | 31          |
|    time_elapsed         | 1551        |
|    total_timesteps      | 761856      |
| train/                  |             |
|    approx_kl            | 0.006602214 |
|    clip_fraction        | 0.0493      |
|    clip_range           | 0.2         |
|    entropy_loss         | -1.62       |
|    explained_variance   | 0.983       |
|    learning_rate        | 0.0003      |
|    loss                 | -0.00853    |
|    n_updates            | 150         |
|    policy_gradient_loss | -0.00414    |
|    value_loss           | 0.021       |
-----------------------------------------
------------------------------------------
| rollout/                |              |
|    ep_len_mean          | 563          |
|    ep_rew_mean          | -11.9        |
| time/                   |              |
|    fps                  | 491          |
|    iterations           | 32           |
|    time_elapsed         | 1601         |
|    total_timesteps      | 786432       |
| train/                  |              |
|    approx_kl            | 0.0061893365 |
|    clip_fraction        | 0.0522       |
|    clip_range           | 0.2          |
|    entropy_loss         | -1.63        |
|    explained_variance   | 0.984        |
|    learning_rate        | 0.0003       |
|    loss                 | -0.0231      |
|    n_updates            | 155          |
|    policy_gradient_loss | -0.00415     |
|    value_loss           | 0.0172       |
------------------------------------------
-----------------------------------------
| rollout/                |             |
|    ep_len_mean          | 314         |
|    ep_rew_mean          | 17.8        |
| time/                   |             |
|    fps                  | 491         |
|    iterations           | 33          |
|    time_elapsed         | 1650        |
|    total_timesteps      | 811008      |
| train/                  |             |
|    approx_kl            | 0.006479123 |
|    clip_fraction        | 0.055       |
|    clip_range           | 0.2         |
|    entropy_loss         | -1.61       |
|    explained_variance   | 0.987       |
|    learning_rate        | 0.0003      |
|    loss                 | -0.0156     |
|    n_updates            | 160         |
|    policy_gradient_loss | -0.00374    |
|    value_loss           | 0.0187      |
-----------------------------------------
------------------------------------------
| rollout/                |              |
|    ep_len_mean          | 324          |
|    ep_rew_mean          | 23.6         |
| time/                   |              |
|    fps                  | 491          |
|    iterations           | 34           |
|    time_elapsed         | 1700         |
|    total_timesteps      | 835584       |
| train/                  |              |
|    approx_kl            | 0.0062065073 |
|    clip_fraction        | 0.0546       |
|    clip_range           | 0.2          |
|    entropy_loss         | -1.5         |
|    explained_variance   | 0.984        |
|    learning_rate        | 0.0003       |
|    loss                 | -0.0053      |
|    n_updates            | 165          |
|    policy_gradient_loss | -0.00463     |
|    value_loss           | 0.0207       |
------------------------------------------
------------------------------------------
| rollout/                |              |
|    ep_len_mean          | 264          |
|    ep_rew_mean          | 23.5         |
| time/                   |              |
|    fps                  | 491          |
|    iterations           | 35           |
|    time_elapsed         | 1750         |
|    total_timesteps      | 860160       |
| train/                  |              |
|    approx_kl            | 0.0066192523 |
|    clip_fraction        | 0.0535       |
|    clip_range           | 0.2          |
|    entropy_loss         | -1.53        |
|    explained_variance   | 0.983        |
|    learning_rate        | 0.0003       |
|    loss                 | -0.0178      |
|    n_updates            | 170          |
|    policy_gradient_loss | -0.00434     |
|    value_loss           | 0.0227       |
------------------------------------------
------------------------------------------
| rollout/                |              |
|    ep_len_mean          | 363          |
|    ep_rew_mean          | 14.8         |
| time/                   |              |
|    fps                  | 491          |
|    iterations           | 36           |
|    time_elapsed         | 1800         |
|    total_timesteps      | 884736       |
| train/                  |              |
|    approx_kl            | 0.0069455034 |
|    clip_fraction        | 0.065        |
|    clip_range           | 0.2          |
|    entropy_loss         | -1.5         |
|    explained_variance   | 0.988        |
|    learning_rate        | 0.0003       |
|    loss                 | -0.0233      |
|    n_updates            | 175          |
|    policy_gradient_loss | -0.00494     |
|    value_loss           | 0.0186       |
------------------------------------------
------------------------------------------
| rollout/                |              |
|    ep_len_mean          | 353          |
|    ep_rew_mean          | 14.8         |
| time/                   |              |
|    fps                  | 491          |
|    iterations           | 37           |
|    time_elapsed         | 1850         |
|    total_timesteps      | 909312       |
| train/                  |              |
|    approx_kl            | 0.0073410026 |
|    clip_fraction        | 0.0646       |
|    clip_range           | 0.2          |
|    entropy_loss         | -1.54        |
|    explained_variance   | 0.987        |
|    learning_rate        | 0.0003       |
|    loss                 | -0.0196      |
|    n_updates            | 180          |
|    policy_gradient_loss | -0.00458     |
|    value_loss           | 0.0155       |
------------------------------------------
-----------------------------------------
| rollout/                |             |
|    ep_len_mean          | 529         |
|    ep_rew_mean          | 1.67        |
| time/                   |             |
|    fps                  | 491         |
|    iterations           | 38          |
|    time_elapsed         | 1901        |
|    total_timesteps      | 933888      |
| train/                  |             |
|    approx_kl            | 0.007782005 |
|    clip_fraction        | 0.0719      |
|    clip_range           | 0.2         |
|    entropy_loss         | -1.68       |
|    explained_variance   | 0.989       |
|    learning_rate        | 0.0003      |
|    loss                 | -0.0144     |
|    n_updates            | 185         |
|    policy_gradient_loss | -0.00466    |
|    value_loss           | 0.0111      |
-----------------------------------------
-----------------------------------------
| rollout/                |             |
|    ep_len_mean          | 587         |
|    ep_rew_mean          | -2.24       |
| time/                   |             |
|    fps                  | 491         |
|    iterations           | 39          |
|    time_elapsed         | 1950        |
|    total_timesteps      | 958464      |
| train/                  |             |
|    approx_kl            | 0.007142354 |
|    clip_fraction        | 0.0626      |
|    clip_range           | 0.2         |
|    entropy_loss         | -1.68       |
|    explained_variance   | 0.989       |
|    learning_rate        | 0.0003      |
|    loss                 | -0.0172     |
|    n_updates            | 190         |
|    policy_gradient_loss | -0.00401    |
|    value_loss           | 0.0112      |
-----------------------------------------
------------------------------------------
| rollout/                |              |
|    ep_len_mean          | 348          |
|    ep_rew_mean          | 16.9         |
| time/                   |              |
|    fps                  | 491          |
|    iterations           | 40           |
|    time_elapsed         | 1998         |
|    total_timesteps      | 983040       |
| train/                  |              |
|    approx_kl            | 0.0066590547 |
|    clip_fraction        | 0.0577       |
|    clip_range           | 0.2          |
|    entropy_loss         | -1.57        |
|    explained_variance   | 0.991        |
|    learning_rate        | 0.0003       |
|    loss                 | -0.0184      |
|    n_updates            | 195          |
|    policy_gradient_loss | -0.00453     |
|    value_loss           | 0.0107       |
------------------------------------------
[Checkpoint] Saved at 1000000 steps > /home/runner/work/Disciples2-RL/Disciples2-RL/github_experiments/115/blue_dragon/seed115-blue_dragon-29696560629-1/checkpoints/campaign_ppo_step_1000000.zip
Eval num_timesteps=1000008, det_reward=-51.29 +/- 241.08
Episode length: det=1109.60 +/- 1868.27
Victory rate: det=0.00%
--------------------------------------------------
| eval/                           |              |
|    deterministic_mean_ep_length | 1.11e+03     |
|    deterministic_mean_reward    | -51.3        |
|    deterministic_victory_rate   | 0            |
|    mean_ep_length               | 1.11e+03     |
|    mean_reward                  | -51.3        |
|    victory_rate                 | 0            |
| time/                           |              |
|    total_timesteps              | 1000008      |
| train/                          |              |
|    approx_kl                    | 0.0066508097 |
|    clip_fraction                | 0.0657       |
|    clip_range                   | 0.2          |
|    entropy_loss                 | -1.42        |
|    explained_variance           | 0.985        |
|    learning_rate                | 0.0003       |
|    loss                         | -0.0092      |
|    n_updates                    | 200          |
|    policy_gradient_loss         | -0.00469     |
|    value_loss                   | 0.0188       |
--------------------------------------------------
New best model by deterministic victory rate!
---------------------------------
| rollout/           |          |
|    ep_len_mean     | 309      |
|    ep_rew_mean     | 22.1     |
| time/              |          |
|    fps             | 475      |
|    iterations      | 41       |
|    time_elapsed    | 2119     |
|    total_timesteps | 1007616  |
---------------------------------
VecNormalize stats saved: /home/runner/work/Disciples2-RL/Disciples2-RL/github_experiments/115/blue_dragon/seed115-blue_dragon-29696560629-1/models/vecnormalize.pkl

Финальная модель сохранена: /home/runner/work/Disciples2-RL/Disciples2-RL/github_experiments/115/blue_dragon/seed115-blue_dragon-29696560629-1/models/final_model.zip

============================================================
ИТОГИ ОБУЧЕНИЯ:
  Побед: 0
  Поражений: 4270
  Таймаутов: 29
  Побед бота столицы над врагами: 0
  Перестановок юнитов: 195789
  Терминальные поражения по противникам:
    enemy_31: 754 — Отряд: зеленый дракон
    enemy_29: 555 — Отряд: 3 скваера на передней линии
    enemy_15: 478 — Отряд: 2 привидения спереди, вампир сзади
    enemy_25: 420 — Отряд: копейщик спереди и служка сзади
    enemy_23: 400 — Отряд: волк на передней линии
    enemy_34: 274 — Отряд Порта Полонис: Воин спереди, Колдун, Нигош (Носферату) и Привидение сзади
    enemy_7: 262 — Отряд: воин + привидение спереди, колдун + призрак + привидение сзади
    enemy_74: 207 — Руины (43, 34): Лорд Тьмы, Лич
    enemy_27: 191 — Отряд: скваер в центре и 2 крестьянина на передней линии
    enemy_61: 185 — Отряд: Зомби, Призрак
    enemy_17: 177 — Отряд: воин спереди, 2 призрака и привидение сзади
    enemy_65: 93 — Отряд: Кентавр копейщик, Рейнджер
    enemy_21: 73 — Отряд: зомби спереди, привидение сзади
    enemy_9: 50 — Отряд: тамплиер спереди, колдун и призрак сзади
    enemy_19: 44 — Отряд: зомби спереди, привидение сзади
    enemy_3: 31 — Отряд: орк чемпион на передней линии
    enemy_11: 14 — Отряд: оборотень спереди и тень сзади
    enemy_59: 13 — Отряд: Зомби
    enemy_5: 9 — Отряд: орк чемпион на передней линии
    enemy_35: 9 — Отряд Соругириллы: Унфегра (Королева личей), Виверна
    enemy_70: 8 — Руины (15, 9): Орк, Гоблин, Гоблин
    enemy_57: 6 — Отряд: Призрак, Привидение, Воин
    enemy_63: 4 — Отряд: Разбойник
    enemy_68: 4 — Внутренний гарнизон Порта Полонис: Зомби, Воин
    enemy_75: 3 — Страж столицы Империи: Мизраэль
    enemy_13: 2 — Отряд: 2 зомби спереди и привидение сзади
    enemy_1: 1 — Отряд: волк на передней линии
    enemy_49: 1 — Отряд: Гном
    enemy_47: 1 — Отряд: Призрак, Привидение, Привидение, Воин
    enemy_69: 1 — Внутренний гарнизон Соругириллы: Зомби, Воин
  Winrate: 0.0%
============================================================
  График призывов за эпизод: /home/runner/work/Disciples2-RL/Disciples2-RL/github_experiments/115/blue_dragon/seed115-blue_dragon-29696560629-1/plots/campaign_summoned_units_per_episode.png
  График призывов за всё обучение: /home/runner/work/Disciples2-RL/Disciples2-RL/github_experiments/115/blue_dragon/seed115-blue_dragon-29696560629-1/plots/campaign_summoned_units_cumulative.png
  График найма за эпизод: /home/runner/work/Disciples2-RL/Disciples2-RL/github_experiments/115/blue_dragon/seed115-blue_dragon-29696560629-1/plots/campaign_hired_units_per_episode.png
  График найма за всё обучение: /home/runner/work/Disciples2-RL/Disciples2-RL/github_experiments/115/blue_dragon/seed115-blue_dragon-29696560629-1/plots/campaign_hired_units_cumulative.png
  График перестановок юнитов за эпизод: /home/runner/work/Disciples2-RL/Disciples2-RL/github_experiments/115/blue_dragon/seed115-blue_dragon-29696560629-1/plots/campaign_unit_swaps_per_episode.png
  График боевых предметов: /home/runner/work/Disciples2-RL/Disciples2-RL/github_experiments/115/blue_dragon/seed115-blue_dragon-29696560629-1/plots/campaign_battle_item_activity.png
  График побед бота столицы за эпизод: /home/runner/work/Disciples2-RL/Disciples2-RL/github_experiments/115/blue_dragon/seed115-blue_dragon-29696560629-1/plots/campaign_scripted_bot_victories_per_episode.png
  График применения заклинаний: /home/runner/work/Disciples2-RL/Disciples2-RL/github_experiments/115/blue_dragon/seed115-blue_dragon-29696560629-1/plots/campaign_spell_cast_activity.png
