Проверка среды CampaignEnv...
Среда прошла проверку!
[INFO] Comet disabled, running without experiment tracking
Создание 12 параллельных сред (subproc)...
Инициализация MaskablePPO...
Using cpu device

============================================================
Запуск обучения Campaign Agent
Всего шагов: 1,000,000
Параллельных сред: 12
VecEnv: subproc
VecEnv start method: forkserver
Seed: 107
Checkpoint каждые: 500,000 шагов
Evaluation каждые: 83,334 шагов
Eval deterministic эпизодов: 20
Eval stochastic эпизодов: 0
Eval лимит шагов на эпизод: 5000
Campaign map: default
Campaign objective: cities
System resources at training start:
  Platform: Linux 6.17.0-1018-azure (x86_64)
  Python: 3.14.6
  PyTorch: 2.13.0+cpu
  Training device: cpu
  CPU model: AMD EPYC 7763 64-Core Processor
  CPU vendor: AuthenticAMD
  Logical CPUs visible: 4
  Process CPU affinity: 4
  Sockets: 1
  Cores per socket: 2
  Threads per core: 2
  CPU max MHz: unknown
  CPU min MHz: unknown
  L1d cache: 64 KiB (2 instances)
  L1i cache: 64 KiB (2 instances)
  L2 cache: 1 MiB (2 instances)
  L3 cache: 32 MiB (1 instance)
  Virtualization: AMD-V
  Hypervisor: Microsoft
  RAM total: 15.61 GiB
  RAM available at start: 13.91 GiB
  Disk total: 144.26 GiB
  Disk free at start: 85.97 GiB
  Torch intra-op threads: 4
  Torch inter-op threads: 2
  OMP_NUM_THREADS: 4
  MKL_NUM_THREADS: 4
  OPENBLAS_NUM_THREADS: 4
  GitHub runner OS: Linux
  GitHub runner architecture: X64
  GitHub runner environment: github-hosted
PPO n_steps: 2,048
PPO batch_size: 512
PPO n_epochs: 5
PPO learning_rate: 0.0003
PPO clip_range: 0.2
PPO ent_coef: 0.01
PPO gamma: 0.995
PPO gae_lambda: 0.95
PPO target_kl: disabled
PPO gradient batches per rollout: 240
VecCheckNan: disabled
Freeze action layout: enabled
Empire territory: enabled
Torch threads per process: 4
Diagnostics: disabled
Wall-clock training limit: disabled
Run ID: seed107-cities-29387047818-1
============================================================

Logging to /home/runner/work/Disciples2-RL/Disciples2-RL/github_experiments/107/cities/seed107-cities-29387047818-1/tensorboard/MaskablePPO_1
------------------------------
| time/              |       |
|    fps             | 416   |
|    iterations      | 1     |
|    time_elapsed    | 58    |
|    total_timesteps | 24576 |
------------------------------
-----------------------------------------
| rollout/                |             |
|    ep_len_mean          | 3.48e+03    |
|    ep_rew_mean          | 93          |
| time/                   |             |
|    fps                  | 393         |
|    iterations           | 2           |
|    time_elapsed         | 124         |
|    total_timesteps      | 49152       |
| train/                  |             |
|    approx_kl            | 0.011834894 |
|    clip_fraction        | 0.0796      |
|    clip_range           | 0.2         |
|    entropy_loss         | -2.23       |
|    explained_variance   | -0.058      |
|    learning_rate        | 0.0003      |
|    loss                 | -0.0138     |
|    n_updates            | 5           |
|    policy_gradient_loss | -0.00675    |
|    value_loss           | 0.0854      |
-----------------------------------------
-----------------------------------------
| rollout/                |             |
|    ep_len_mean          | 4.4e+03     |
|    ep_rew_mean          | 53          |
| time/                   |             |
|    fps                  | 387         |
|    iterations           | 3           |
|    time_elapsed         | 190         |
|    total_timesteps      | 73728       |
| train/                  |             |
|    approx_kl            | 0.008071942 |
|    clip_fraction        | 0.055       |
|    clip_range           | 0.2         |
|    entropy_loss         | -2.18       |
|    explained_variance   | 0.452       |
|    learning_rate        | 0.0003      |
|    loss                 | -0.00531    |
|    n_updates            | 10          |
|    policy_gradient_loss | -0.00437    |
|    value_loss           | 0.0383      |
-----------------------------------------
----------------------------------------
| rollout/                |            |
|    ep_len_mean          | 3.97e+03   |
|    ep_rew_mean          | 68         |
| time/                   |            |
|    fps                  | 382        |
|    iterations           | 4          |
|    time_elapsed         | 256        |
|    total_timesteps      | 98304      |
| train/                  |            |
|    approx_kl            | 0.00819628 |
|    clip_fraction        | 0.0568     |
|    clip_range           | 0.2        |
|    entropy_loss         | -2.23      |
|    explained_variance   | 0.635      |
|    learning_rate        | 0.0003     |
|    loss                 | -0.000282  |
|    n_updates            | 15         |
|    policy_gradient_loss | -0.00495   |
|    value_loss           | 0.0773     |
----------------------------------------
-----------------------------------------
| rollout/                |             |
|    ep_len_mean          | 4.17e+03    |
|    ep_rew_mean          | 59.2        |
| time/                   |             |
|    fps                  | 384         |
|    iterations           | 5           |
|    time_elapsed         | 319         |
|    total_timesteps      | 122880      |
| train/                  |             |
|    approx_kl            | 0.008533691 |
|    clip_fraction        | 0.0757      |
|    clip_range           | 0.2         |
|    entropy_loss         | -2.18       |
|    explained_variance   | 0.618       |
|    learning_rate        | 0.0003      |
|    loss                 | 0.00584     |
|    n_updates            | 20          |
|    policy_gradient_loss | -0.00627    |
|    value_loss           | 0.0519      |
-----------------------------------------
----------------------------------------
| rollout/                |            |
|    ep_len_mean          | 3.95e+03   |
|    ep_rew_mean          | 61.9       |
| time/                   |            |
|    fps                  | 384        |
|    iterations           | 6          |
|    time_elapsed         | 383        |
|    total_timesteps      | 147456     |
| train/                  |            |
|    approx_kl            | 0.01004278 |
|    clip_fraction        | 0.111      |
|    clip_range           | 0.2        |
|    entropy_loss         | -2.11      |
|    explained_variance   | 0.875      |
|    learning_rate        | 0.0003     |
|    loss                 | -0.0231    |
|    n_updates            | 25         |
|    policy_gradient_loss | -0.00551   |
|    value_loss           | 0.0158     |
----------------------------------------
----------------------------------------
| rollout/                |            |
|    ep_len_mean          | 3.83e+03   |
|    ep_rew_mean          | 71.5       |
| time/                   |            |
|    fps                  | 382        |
|    iterations           | 7          |
|    time_elapsed         | 449        |
|    total_timesteps      | 172032     |
| train/                  |            |
|    approx_kl            | 0.00839065 |
|    clip_fraction        | 0.0589     |
|    clip_range           | 0.2        |
|    entropy_loss         | -2.18      |
|    explained_variance   | 0.817      |
|    learning_rate        | 0.0003     |
|    loss                 | -0.00601   |
|    n_updates            | 30         |
|    policy_gradient_loss | -0.0047    |
|    value_loss           | 0.0432     |
----------------------------------------
-----------------------------------------
| rollout/                |             |
|    ep_len_mean          | 4.02e+03    |
|    ep_rew_mean          | 73.5        |
| time/                   |             |
|    fps                  | 382         |
|    iterations           | 8           |
|    time_elapsed         | 513         |
|    total_timesteps      | 196608      |
| train/                  |             |
|    approx_kl            | 0.010704328 |
|    clip_fraction        | 0.105       |
|    clip_range           | 0.2         |
|    entropy_loss         | -2.18       |
|    explained_variance   | 0.775       |
|    learning_rate        | 0.0003      |
|    loss                 | -0.0131     |
|    n_updates            | 35          |
|    policy_gradient_loss | -0.00714    |
|    value_loss           | 0.0416      |
-----------------------------------------
------------------------------------------
| rollout/                |              |
|    ep_len_mean          | 3.88e+03     |
|    ep_rew_mean          | 72.9         |
| time/                   |              |
|    fps                  | 382          |
|    iterations           | 9            |
|    time_elapsed         | 578          |
|    total_timesteps      | 221184       |
| train/                  |              |
|    approx_kl            | 0.0075228536 |
|    clip_fraction        | 0.0656       |
|    clip_range           | 0.2          |
|    entropy_loss         | -2.1         |
|    explained_variance   | 0.906        |
|    learning_rate        | 0.0003       |
|    loss                 | -0.0251      |
|    n_updates            | 40           |
|    policy_gradient_loss | -0.00624     |
|    value_loss           | 0.0254       |
------------------------------------------
-----------------------------------------
| rollout/                |             |
|    ep_len_mean          | 3.69e+03    |
|    ep_rew_mean          | 76.3        |
| time/                   |             |
|    fps                  | 383         |
|    iterations           | 10          |
|    time_elapsed         | 640         |
|    total_timesteps      | 245760      |
| train/                  |             |
|    approx_kl            | 0.008515003 |
|    clip_fraction        | 0.0818      |
|    clip_range           | 0.2         |
|    entropy_loss         | -2.06       |
|    explained_variance   | 0.887       |
|    learning_rate        | 0.0003      |
|    loss                 | -0.00457    |
|    n_updates            | 45          |
|    policy_gradient_loss | -0.00587    |
|    value_loss           | 0.0391      |
-----------------------------------------
-----------------------------------------
| rollout/                |             |
|    ep_len_mean          | 3.76e+03    |
|    ep_rew_mean          | 65.2        |
| time/                   |             |
|    fps                  | 384         |
|    iterations           | 11          |
|    time_elapsed         | 703         |
|    total_timesteps      | 270336      |
| train/                  |             |
|    approx_kl            | 0.010353724 |
|    clip_fraction        | 0.123       |
|    clip_range           | 0.2         |
|    entropy_loss         | -1.99       |
|    explained_variance   | 0.921       |
|    learning_rate        | 0.0003      |
|    loss                 | -0.027      |
|    n_updates            | 50          |
|    policy_gradient_loss | -0.00747    |
|    value_loss           | 0.0182      |
-----------------------------------------
------------------------------------------
| rollout/                |              |
|    ep_len_mean          | 3.74e+03     |
|    ep_rew_mean          | 62.6         |
| time/                   |              |
|    fps                  | 383          |
|    iterations           | 12           |
|    time_elapsed         | 768          |
|    total_timesteps      | 294912       |
| train/                  |              |
|    approx_kl            | 0.0076208026 |
|    clip_fraction        | 0.0616       |
|    clip_range           | 0.2          |
|    entropy_loss         | -1.99        |
|    explained_variance   | 0.929        |
|    learning_rate        | 0.0003       |
|    loss                 | -0.0185      |
|    n_updates            | 55           |
|    policy_gradient_loss | -0.0065      |
|    value_loss           | 0.0298       |
------------------------------------------
-----------------------------------------
| rollout/                |             |
|    ep_len_mean          | 3.8e+03     |
|    ep_rew_mean          | 66.3        |
| time/                   |             |
|    fps                  | 383         |
|    iterations           | 13          |
|    time_elapsed         | 832         |
|    total_timesteps      | 319488      |
| train/                  |             |
|    approx_kl            | 0.008759924 |
|    clip_fraction        | 0.0922      |
|    clip_range           | 0.2         |
|    entropy_loss         | -2.03       |
|    explained_variance   | 0.947       |
|    learning_rate        | 0.0003      |
|    loss                 | -0.0174     |
|    n_updates            | 60          |
|    policy_gradient_loss | -0.00681    |
|    value_loss           | 0.0223      |
-----------------------------------------
-----------------------------------------
| rollout/                |             |
|    ep_len_mean          | 3.79e+03    |
|    ep_rew_mean          | 71.6        |
| time/                   |             |
|    fps                  | 383         |
|    iterations           | 14          |
|    time_elapsed         | 896         |
|    total_timesteps      | 344064      |
| train/                  |             |
|    approx_kl            | 0.008684074 |
|    clip_fraction        | 0.0866      |
|    clip_range           | 0.2         |
|    entropy_loss         | -2.11       |
|    explained_variance   | 0.917       |
|    learning_rate        | 0.0003      |
|    loss                 | -0.0263     |
|    n_updates            | 65          |
|    policy_gradient_loss | -0.00638    |
|    value_loss           | 0.0304      |
-----------------------------------------
-----------------------------------------
| rollout/                |             |
|    ep_len_mean          | 3.83e+03    |
|    ep_rew_mean          | 66.2        |
| time/                   |             |
|    fps                  | 384         |
|    iterations           | 15          |
|    time_elapsed         | 958         |
|    total_timesteps      | 368640      |
| train/                  |             |
|    approx_kl            | 0.007816064 |
|    clip_fraction        | 0.0776      |
|    clip_range           | 0.2         |
|    entropy_loss         | -2.03       |
|    explained_variance   | 0.915       |
|    learning_rate        | 0.0003      |
|    loss                 | -0.0177     |
|    n_updates            | 70          |
|    policy_gradient_loss | -0.00694    |
|    value_loss           | 0.0327      |
-----------------------------------------
-----------------------------------------
| rollout/                |             |
|    ep_len_mean          | 3.85e+03    |
|    ep_rew_mean          | 61.8        |
| time/                   |             |
|    fps                  | 384         |
|    iterations           | 16          |
|    time_elapsed         | 1023        |
|    total_timesteps      | 393216      |
| train/                  |             |
|    approx_kl            | 0.008217525 |
|    clip_fraction        | 0.0802      |
|    clip_range           | 0.2         |
|    entropy_loss         | -1.99       |
|    explained_variance   | 0.964       |
|    learning_rate        | 0.0003      |
|    loss                 | -0.0255     |
|    n_updates            | 75          |
|    policy_gradient_loss | -0.00591    |
|    value_loss           | 0.013       |
-----------------------------------------
----------------------------------------
| rollout/                |            |
|    ep_len_mean          | 3.7e+03    |
|    ep_rew_mean          | 65.7       |
| time/                   |            |
|    fps                  | 384        |
|    iterations           | 17         |
|    time_elapsed         | 1086       |
|    total_timesteps      | 417792     |
| train/                  |            |
|    approx_kl            | 0.00789705 |
|    clip_fraction        | 0.0776     |
|    clip_range           | 0.2        |
|    entropy_loss         | -2.07      |
|    explained_variance   | 0.952      |
|    learning_rate        | 0.0003     |
|    loss                 | -0.0183    |
|    n_updates            | 80         |
|    policy_gradient_loss | -0.00593   |
|    value_loss           | 0.0227     |
----------------------------------------
-----------------------------------------
| rollout/                |             |
|    ep_len_mean          | 3.65e+03    |
|    ep_rew_mean          | 68.2        |
| time/                   |             |
|    fps                  | 384         |
|    iterations           | 18          |
|    time_elapsed         | 1150        |
|    total_timesteps      | 442368      |
| train/                  |             |
|    approx_kl            | 0.008212414 |
|    clip_fraction        | 0.0911      |
|    clip_range           | 0.2         |
|    entropy_loss         | -2.11       |
|    explained_variance   | 0.915       |
|    learning_rate        | 0.0003      |
|    loss                 | -0.0223     |
|    n_updates            | 85          |
|    policy_gradient_loss | -0.00601    |
|    value_loss           | 0.0299      |
-----------------------------------------
------------------------------------------
| rollout/                |              |
|    ep_len_mean          | 3.63e+03     |
|    ep_rew_mean          | 70.8         |
| time/                   |              |
|    fps                  | 384          |
|    iterations           | 19           |
|    time_elapsed         | 1214         |
|    total_timesteps      | 466944       |
| train/                  |              |
|    approx_kl            | 0.0077016726 |
|    clip_fraction        | 0.0666       |
|    clip_range           | 0.2          |
|    entropy_loss         | -2.13        |
|    explained_variance   | 0.916        |
|    learning_rate        | 0.0003       |
|    loss                 | -0.0246      |
|    n_updates            | 90           |
|    policy_gradient_loss | -0.00562     |
|    value_loss           | 0.0247       |
------------------------------------------
-----------------------------------------
| rollout/                |             |
|    ep_len_mean          | 3.61e+03    |
|    ep_rew_mean          | 73          |
| time/                   |             |
|    fps                  | 384         |
|    iterations           | 20          |
|    time_elapsed         | 1278        |
|    total_timesteps      | 491520      |
| train/                  |             |
|    approx_kl            | 0.008897853 |
|    clip_fraction        | 0.101       |
|    clip_range           | 0.2         |
|    entropy_loss         | -2.12       |
|    explained_variance   | 0.958       |
|    learning_rate        | 0.0003      |
|    loss                 | -0.0265     |
|    n_updates            | 95          |
|    policy_gradient_loss | -0.00756    |
|    value_loss           | 0.0156      |
-----------------------------------------
[Checkpoint] Saved at 500000 steps > /home/runner/work/Disciples2-RL/Disciples2-RL/github_experiments/107/cities/seed107-cities-29387047818-1/checkpoints/campaign_ppo_step_500000.zip
-----------------------------------------
| rollout/                |             |
|    ep_len_mean          | 3.55e+03    |
|    ep_rew_mean          | 80.3        |
| time/                   |             |
|    fps                  | 384         |
|    iterations           | 21          |
|    time_elapsed         | 1343        |
|    total_timesteps      | 516096      |
| train/                  |             |
|    approx_kl            | 0.008751334 |
|    clip_fraction        | 0.0913      |
|    clip_range           | 0.2         |
|    entropy_loss         | -2.15       |
|    explained_variance   | 0.932       |
|    learning_rate        | 0.0003      |
|    loss                 | -0.0219     |
|    n_updates            | 100         |
|    policy_gradient_loss | -0.00725    |
|    value_loss           | 0.0318      |
-----------------------------------------
-----------------------------------------
| rollout/                |             |
|    ep_len_mean          | 3.36e+03    |
|    ep_rew_mean          | 84.3        |
| time/                   |             |
|    fps                  | 384         |
|    iterations           | 22          |
|    time_elapsed         | 1407        |
|    total_timesteps      | 540672      |
| train/                  |             |
|    approx_kl            | 0.008650935 |
|    clip_fraction        | 0.0861      |
|    clip_range           | 0.2         |
|    entropy_loss         | -2.16       |
|    explained_variance   | 0.937       |
|    learning_rate        | 0.0003      |
|    loss                 | -0.0208     |
|    n_updates            | 105         |
|    policy_gradient_loss | -0.00706    |
|    value_loss           | 0.0336      |
-----------------------------------------
-----------------------------------------
| rollout/                |             |
|    ep_len_mean          | 3.32e+03    |
|    ep_rew_mean          | 95.2        |
| time/                   |             |
|    fps                  | 383         |
|    iterations           | 23          |
|    time_elapsed         | 1472        |
|    total_timesteps      | 565248      |
| train/                  |             |
|    approx_kl            | 0.008944582 |
|    clip_fraction        | 0.0912      |
|    clip_range           | 0.2         |
|    entropy_loss         | -2.16       |
|    explained_variance   | 0.95        |
|    learning_rate        | 0.0003      |
|    loss                 | -0.0181     |
|    n_updates            | 110         |
|    policy_gradient_loss | -0.00557    |
|    value_loss           | 0.0278      |
-----------------------------------------
-----------------------------------------
| rollout/                |             |
|    ep_len_mean          | 3.17e+03    |
|    ep_rew_mean          | 108         |
| time/                   |             |
|    fps                  | 383         |
|    iterations           | 24          |
|    time_elapsed         | 1537        |
|    total_timesteps      | 589824      |
| train/                  |             |
|    approx_kl            | 0.009020372 |
|    clip_fraction        | 0.0989      |
|    clip_range           | 0.2         |
|    entropy_loss         | -2.13       |
|    explained_variance   | 0.946       |
|    learning_rate        | 0.0003      |
|    loss                 | -0.0107     |
|    n_updates            | 115         |
|    policy_gradient_loss | -0.00659    |
|    value_loss           | 0.0306      |
-----------------------------------------
-----------------------------------------
| rollout/                |             |
|    ep_len_mean          | 3.06e+03    |
|    ep_rew_mean          | 115         |
| time/                   |             |
|    fps                  | 383         |
|    iterations           | 25          |
|    time_elapsed         | 1601        |
|    total_timesteps      | 614400      |
| train/                  |             |
|    approx_kl            | 0.009441752 |
|    clip_fraction        | 0.111       |
|    clip_range           | 0.2         |
|    entropy_loss         | -2.15       |
|    explained_variance   | 0.944       |
|    learning_rate        | 0.0003      |
|    loss                 | -0.0187     |
|    n_updates            | 120         |
|    policy_gradient_loss | -0.00769    |
|    value_loss           | 0.0277      |
-----------------------------------------
------------------------------------------
| rollout/                |              |
|    ep_len_mean          | 2.74e+03     |
|    ep_rew_mean          | 129          |
| time/                   |              |
|    fps                  | 383          |
|    iterations           | 26           |
|    time_elapsed         | 1666         |
|    total_timesteps      | 638976       |
| train/                  |              |
|    approx_kl            | 0.0076700784 |
|    clip_fraction        | 0.0821       |
|    clip_range           | 0.2          |
|    entropy_loss         | -2.15        |
|    explained_variance   | 0.939        |
|    learning_rate        | 0.0003       |
|    loss                 | -0.0212      |
|    n_updates            | 125          |
|    policy_gradient_loss | -0.00603     |
|    value_loss           | 0.0277       |
------------------------------------------
-----------------------------------------
| rollout/                |             |
|    ep_len_mean          | 2.52e+03    |
|    ep_rew_mean          | 138         |
| time/                   |             |
|    fps                  | 383         |
|    iterations           | 27          |
|    time_elapsed         | 1732        |
|    total_timesteps      | 663552      |
| train/                  |             |
|    approx_kl            | 0.008253626 |
|    clip_fraction        | 0.0788      |
|    clip_range           | 0.2         |
|    entropy_loss         | -2.08       |
|    explained_variance   | 0.955       |
|    learning_rate        | 0.0003      |
|    loss                 | -0.0201     |
|    n_updates            | 130         |
|    policy_gradient_loss | -0.00587    |
|    value_loss           | 0.0293      |
-----------------------------------------
-----------------------------------------
| rollout/                |             |
|    ep_len_mean          | 2.17e+03    |
|    ep_rew_mean          | 143         |
| time/                   |             |
|    fps                  | 383         |
|    iterations           | 28          |
|    time_elapsed         | 1795        |
|    total_timesteps      | 688128      |
| train/                  |             |
|    approx_kl            | 0.009199892 |
|    clip_fraction        | 0.0989      |
|    clip_range           | 0.2         |
|    entropy_loss         | -2.1        |
|    explained_variance   | 0.948       |
|    learning_rate        | 0.0003      |
|    loss                 | -0.0142     |
|    n_updates            | 135         |
|    policy_gradient_loss | -0.00731    |
|    value_loss           | 0.0313      |
-----------------------------------------
-----------------------------------------
| rollout/                |             |
|    ep_len_mean          | 1.85e+03    |
|    ep_rew_mean          | 142         |
| time/                   |             |
|    fps                  | 383         |
|    iterations           | 29          |
|    time_elapsed         | 1860        |
|    total_timesteps      | 712704      |
| train/                  |             |
|    approx_kl            | 0.009710523 |
|    clip_fraction        | 0.118       |
|    clip_range           | 0.2         |
|    entropy_loss         | -2.12       |
|    explained_variance   | 0.968       |
|    learning_rate        | 0.0003      |
|    loss                 | -0.0201     |
|    n_updates            | 140         |
|    policy_gradient_loss | -0.00747    |
|    value_loss           | 0.0222      |
-----------------------------------------
-----------------------------------------
| rollout/                |             |
|    ep_len_mean          | 1.75e+03    |
|    ep_rew_mean          | 143         |
| time/                   |             |
|    fps                  | 382         |
|    iterations           | 30          |
|    time_elapsed         | 1925        |
|    total_timesteps      | 737280      |
| train/                  |             |
|    approx_kl            | 0.008747301 |
|    clip_fraction        | 0.0983      |
|    clip_range           | 0.2         |
|    entropy_loss         | -2.11       |
|    explained_variance   | 0.962       |
|    learning_rate        | 0.0003      |
|    loss                 | -0.00226    |
|    n_updates            | 145         |
|    policy_gradient_loss | -0.00663    |
|    value_loss           | 0.0428      |
-----------------------------------------
-----------------------------------------
| rollout/                |             |
|    ep_len_mean          | 1.47e+03    |
|    ep_rew_mean          | 142         |
| time/                   |             |
|    fps                  | 382         |
|    iterations           | 31          |
|    time_elapsed         | 1991        |
|    total_timesteps      | 761856      |
| train/                  |             |
|    approx_kl            | 0.009125656 |
|    clip_fraction        | 0.106       |
|    clip_range           | 0.2         |
|    entropy_loss         | -2.11       |
|    explained_variance   | 0.964       |
|    learning_rate        | 0.0003      |
|    loss                 | -0.00855    |
|    n_updates            | 150         |
|    policy_gradient_loss | -0.00669    |
|    value_loss           | 0.0259      |
-----------------------------------------
-----------------------------------------
| rollout/                |             |
|    ep_len_mean          | 1.32e+03    |
|    ep_rew_mean          | 144         |
| time/                   |             |
|    fps                  | 382         |
|    iterations           | 32          |
|    time_elapsed         | 2054        |
|    total_timesteps      | 786432      |
| train/                  |             |
|    approx_kl            | 0.009321981 |
|    clip_fraction        | 0.103       |
|    clip_range           | 0.2         |
|    entropy_loss         | -2.08       |
|    explained_variance   | 0.974       |
|    learning_rate        | 0.0003      |
|    loss                 | -0.00748    |
|    n_updates            | 155         |
|    policy_gradient_loss | -0.00619    |
|    value_loss           | 0.0261      |
-----------------------------------------
-----------------------------------------
| rollout/                |             |
|    ep_len_mean          | 1.4e+03     |
|    ep_rew_mean          | 143         |
| time/                   |             |
|    fps                  | 382         |
|    iterations           | 33          |
|    time_elapsed         | 2119        |
|    total_timesteps      | 811008      |
| train/                  |             |
|    approx_kl            | 0.009201449 |
|    clip_fraction        | 0.0945      |
|    clip_range           | 0.2         |
|    entropy_loss         | -2.08       |
|    explained_variance   | 0.974       |
|    learning_rate        | 0.0003      |
|    loss                 | -0.0194     |
|    n_updates            | 160         |
|    policy_gradient_loss | -0.00568    |
|    value_loss           | 0.0248      |
-----------------------------------------
-----------------------------------------
| rollout/                |             |
|    ep_len_mean          | 1.3e+03     |
|    ep_rew_mean          | 138         |
| time/                   |             |
|    fps                  | 382         |
|    iterations           | 34          |
|    time_elapsed         | 2182        |
|    total_timesteps      | 835584      |
| train/                  |             |
|    approx_kl            | 0.010048047 |
|    clip_fraction        | 0.103       |
|    clip_range           | 0.2         |
|    entropy_loss         | -2.05       |
|    explained_variance   | 0.975       |
|    learning_rate        | 0.0003      |
|    loss                 | -0.00827    |
|    n_updates            | 165         |
|    policy_gradient_loss | -0.00491    |
|    value_loss           | 0.0201      |
-----------------------------------------
-----------------------------------------
| rollout/                |             |
|    ep_len_mean          | 1.12e+03    |
|    ep_rew_mean          | 135         |
| time/                   |             |
|    fps                  | 382         |
|    iterations           | 35          |
|    time_elapsed         | 2245        |
|    total_timesteps      | 860160      |
| train/                  |             |
|    approx_kl            | 0.008657462 |
|    clip_fraction        | 0.0748      |
|    clip_range           | 0.2         |
|    entropy_loss         | -2.01       |
|    explained_variance   | 0.986       |
|    learning_rate        | 0.0003      |
|    loss                 | -0.0125     |
|    n_updates            | 170         |
|    policy_gradient_loss | -0.00492    |
|    value_loss           | 0.0195      |
-----------------------------------------
-----------------------------------------
| rollout/                |             |
|    ep_len_mean          | 683         |
|    ep_rew_mean          | 142         |
| time/                   |             |
|    fps                  | 383         |
|    iterations           | 36          |
|    time_elapsed         | 2309        |
|    total_timesteps      | 884736      |
| train/                  |             |
|    approx_kl            | 0.009006667 |
|    clip_fraction        | 0.109       |
|    clip_range           | 0.2         |
|    entropy_loss         | -2          |
|    explained_variance   | 0.974       |
|    learning_rate        | 0.0003      |
|    loss                 | -0.018      |
|    n_updates            | 175         |
|    policy_gradient_loss | -0.00605    |
|    value_loss           | 0.0343      |
-----------------------------------------
-----------------------------------------
| rollout/                |             |
|    ep_len_mean          | 452         |
|    ep_rew_mean          | 150         |
| time/                   |             |
|    fps                  | 383         |
|    iterations           | 37          |
|    time_elapsed         | 2371        |
|    total_timesteps      | 909312      |
| train/                  |             |
|    approx_kl            | 0.008516535 |
|    clip_fraction        | 0.0859      |
|    clip_range           | 0.2         |
|    entropy_loss         | -1.87       |
|    explained_variance   | 0.984       |
|    learning_rate        | 0.0003      |
|    loss                 | -0.00475    |
|    n_updates            | 180         |
|    policy_gradient_loss | -0.00605    |
|    value_loss           | 0.0341      |
-----------------------------------------
-----------------------------------------
| rollout/                |             |
|    ep_len_mean          | 466         |
|    ep_rew_mean          | 149         |
| time/                   |             |
|    fps                  | 383         |
|    iterations           | 38          |
|    time_elapsed         | 2436        |
|    total_timesteps      | 933888      |
| train/                  |             |
|    approx_kl            | 0.008355818 |
|    clip_fraction        | 0.0869      |
|    clip_range           | 0.2         |
|    entropy_loss         | -1.86       |
|    explained_variance   | 0.98        |
|    learning_rate        | 0.0003      |
|    loss                 | -0.0153     |
|    n_updates            | 185         |
|    policy_gradient_loss | -0.00583    |
|    value_loss           | 0.0319      |
-----------------------------------------
-----------------------------------------
| rollout/                |             |
|    ep_len_mean          | 540         |
|    ep_rew_mean          | 151         |
| time/                   |             |
|    fps                  | 383         |
|    iterations           | 39          |
|    time_elapsed         | 2498        |
|    total_timesteps      | 958464      |
| train/                  |             |
|    approx_kl            | 0.008338802 |
|    clip_fraction        | 0.1         |
|    clip_range           | 0.2         |
|    entropy_loss         | -1.82       |
|    explained_variance   | 0.985       |
|    learning_rate        | 0.0003      |
|    loss                 | -0.0154     |
|    n_updates            | 190         |
|    policy_gradient_loss | -0.00544    |
|    value_loss           | 0.0293      |
-----------------------------------------
-----------------------------------------
| rollout/                |             |
|    ep_len_mean          | 504         |
|    ep_rew_mean          | 151         |
| time/                   |             |
|    fps                  | 383         |
|    iterations           | 40          |
|    time_elapsed         | 2560        |
|    total_timesteps      | 983040      |
| train/                  |             |
|    approx_kl            | 0.008833845 |
|    clip_fraction        | 0.111       |
|    clip_range           | 0.2         |
|    entropy_loss         | -1.86       |
|    explained_variance   | 0.985       |
|    learning_rate        | 0.0003      |
|    loss                 | -0.0154     |
|    n_updates            | 195         |
|    policy_gradient_loss | -0.00605    |
|    value_loss           | 0.0257      |
-----------------------------------------
[Checkpoint] Saved at 1000000 steps > /home/runner/work/Disciples2-RL/Disciples2-RL/github_experiments/107/cities/seed107-cities-29387047818-1/checkpoints/campaign_ppo_step_1000000.zip
Eval num_timesteps=1000008, det_reward=122.43 +/- 0.01
Episode length: det=74.05 +/- 2.50
Victory rate: det=100.00%
-------------------------------------------------
| eval/                           |             |
|    deterministic_mean_ep_length | 74          |
|    deterministic_mean_reward    | 122         |
|    deterministic_victory_rate   | 1           |
|    mean_ep_length               | 74          |
|    mean_reward                  | 122         |
|    victory_rate                 | 1           |
| time/                           |             |
|    total_timesteps              | 1000008     |
| train/                          |             |
|    approx_kl                    | 0.009734938 |
|    clip_fraction                | 0.101       |
|    clip_range                   | 0.2         |
|    entropy_loss                 | -1.83       |
|    explained_variance           | 0.989       |
|    learning_rate                | 0.0003      |
|    loss                         | -0.027      |
|    n_updates                    | 200         |
|    policy_gradient_loss         | -0.00715    |
|    value_loss                   | 0.0156      |
-------------------------------------------------
New best model by deterministic victory rate!
---------------------------------
| rollout/           |          |
|    ep_len_mean     | 584      |
|    ep_rew_mean     | 152      |
| time/              |          |
|    fps             | 383      |
|    iterations      | 41       |
|    time_elapsed    | 2629     |
|    total_timesteps | 1007616  |
---------------------------------
VecNormalize stats saved: /home/runner/work/Disciples2-RL/Disciples2-RL/github_experiments/107/cities/seed107-cities-29387047818-1/models/vecnormalize.pkl

Финальная модель сохранена: /home/runner/work/Disciples2-RL/Disciples2-RL/github_experiments/107/cities/seed107-cities-29387047818-1/models/final_model.zip

============================================================
ИТОГИ ОБУЧЕНИЯ:
  Побед: 498
  Поражений: 33
  Таймаутов: 67
  Побед бота столицы над врагами: 0
  Перестановок юнитов: 226663
  Winrate: 83.3%
============================================================
  График призывов за эпизод: /home/runner/work/Disciples2-RL/Disciples2-RL/github_experiments/107/cities/seed107-cities-29387047818-1/plots/campaign_summoned_units_per_episode.png
  График призывов за всё обучение: /home/runner/work/Disciples2-RL/Disciples2-RL/github_experiments/107/cities/seed107-cities-29387047818-1/plots/campaign_summoned_units_cumulative.png
  График найма за эпизод: /home/runner/work/Disciples2-RL/Disciples2-RL/github_experiments/107/cities/seed107-cities-29387047818-1/plots/campaign_hired_units_per_episode.png
  График найма за всё обучение: /home/runner/work/Disciples2-RL/Disciples2-RL/github_experiments/107/cities/seed107-cities-29387047818-1/plots/campaign_hired_units_cumulative.png
  График перестановок юнитов за эпизод: /home/runner/work/Disciples2-RL/Disciples2-RL/github_experiments/107/cities/seed107-cities-29387047818-1/plots/campaign_unit_swaps_per_episode.png
  График боевых предметов: /home/runner/work/Disciples2-RL/Disciples2-RL/github_experiments/107/cities/seed107-cities-29387047818-1/plots/campaign_battle_item_activity.png
  График побед бота столицы за эпизод: /home/runner/work/Disciples2-RL/Disciples2-RL/github_experiments/107/cities/seed107-cities-29387047818-1/plots/campaign_scripted_bot_victories_per_episode.png
  График применения заклинаний: /home/runner/work/Disciples2-RL/Disciples2-RL/github_experiments/107/cities/seed107-cities-29387047818-1/plots/campaign_spell_cast_activity.png
