Проверка среды CampaignEnv...
Среда прошла проверку!
[INFO] Comet disabled, running without experiment tracking
Создание 12 параллельных сред (subproc)...
Инициализация MaskablePPO...
Using cpu device

============================================================
Запуск обучения Campaign Agent
Всего шагов: 1,000,000
Параллельных сред: 12
VecEnv: subproc
VecEnv start method: forkserver
Seed: 107
Checkpoint каждые: 500,000 шагов
Evaluation каждые: 83,334 шагов
Eval deterministic эпизодов: 20
Eval stochastic эпизодов: 0
Eval лимит шагов на эпизод: 5000
Campaign map: default
Campaign objective: dragon
System resources at training start:
  Platform: Linux 6.17.0-1018-azure (x86_64)
  Python: 3.14.6
  PyTorch: 2.13.0+cpu
  Training device: cpu
  CPU model: INTEL(R) XEON(R) PLATINUM 8573C
  CPU vendor: GenuineIntel
  Logical CPUs visible: 4
  Process CPU affinity: 4
  Sockets: 1
  Cores per socket: 2
  Threads per core: 2
  CPU max MHz: 2300.0000
  CPU min MHz: 800.0000
  L1d cache: 96 KiB (2 instances)
  L1i cache: 64 KiB (2 instances)
  L2 cache: 4 MiB (2 instances)
  L3 cache: 260 MiB (1 instance)
  Virtualization: VT-x
  Hypervisor: Microsoft
  RAM total: 15.61 GiB
  RAM available at start: 13.84 GiB
  Disk total: 144.26 GiB
  Disk free at start: 85.94 GiB
  Torch intra-op threads: 4
  Torch inter-op threads: 2
  OMP_NUM_THREADS: 4
  MKL_NUM_THREADS: 4
  OPENBLAS_NUM_THREADS: 4
  GitHub runner OS: Linux
  GitHub runner architecture: X64
  GitHub runner environment: github-hosted
PPO n_steps: 2,048
PPO batch_size: 512
PPO n_epochs: 5
PPO learning_rate: 0.0003
PPO clip_range: 0.2
PPO ent_coef: 0.01
PPO gamma: 0.995
PPO gae_lambda: 0.95
PPO target_kl: disabled
PPO gradient batches per rollout: 240
VecCheckNan: disabled
Freeze action layout: enabled
Empire territory: enabled
Torch threads per process: 4
Diagnostics: disabled
Wall-clock training limit: disabled
Run ID: seed107-green_dragon-29394376176-1
============================================================

Logging to /home/runner/work/Disciples2-RL/Disciples2-RL/github_experiments/107/green_dragon/seed107-green_dragon-29394376176-1/tensorboard/MaskablePPO_1
------------------------------
| time/              |       |
|    fps             | 577   |
|    iterations      | 1     |
|    time_elapsed    | 42    |
|    total_timesteps | 24576 |
------------------------------
-----------------------------------------
| rollout/                |             |
|    ep_len_mean          | 2.05e+03    |
|    ep_rew_mean          | 157         |
| time/                   |             |
|    fps                  | 560         |
|    iterations           | 2           |
|    time_elapsed         | 87          |
|    total_timesteps      | 49152       |
| train/                  |             |
|    approx_kl            | 0.010721787 |
|    clip_fraction        | 0.0582      |
|    clip_range           | 0.2         |
|    entropy_loss         | -2.22       |
|    explained_variance   | -0.0432     |
|    learning_rate        | 0.0003      |
|    loss                 | -0.000484   |
|    n_updates            | 5           |
|    policy_gradient_loss | -0.00504    |
|    value_loss           | 0.0702      |
-----------------------------------------
-----------------------------------------
| rollout/                |             |
|    ep_len_mean          | 2.33e+03    |
|    ep_rew_mean          | 115         |
| time/                   |             |
|    fps                  | 559         |
|    iterations           | 3           |
|    time_elapsed         | 131         |
|    total_timesteps      | 73728       |
| train/                  |             |
|    approx_kl            | 0.009863902 |
|    clip_fraction        | 0.0674      |
|    clip_range           | 0.2         |
|    entropy_loss         | -2.23       |
|    explained_variance   | 0.227       |
|    learning_rate        | 0.0003      |
|    loss                 | 0.0608      |
|    n_updates            | 10          |
|    policy_gradient_loss | -0.00518    |
|    value_loss           | 0.219       |
-----------------------------------------
-----------------------------------------
| rollout/                |             |
|    ep_len_mean          | 1.74e+03    |
|    ep_rew_mean          | 118         |
| time/                   |             |
|    fps                  | 561         |
|    iterations           | 4           |
|    time_elapsed         | 175         |
|    total_timesteps      | 98304       |
| train/                  |             |
|    approx_kl            | 0.010815394 |
|    clip_fraction        | 0.0892      |
|    clip_range           | 0.2         |
|    entropy_loss         | -2.14       |
|    explained_variance   | 0.637       |
|    learning_rate        | 0.0003      |
|    loss                 | 0.0774      |
|    n_updates            | 15          |
|    policy_gradient_loss | -0.00504    |
|    value_loss           | 0.215       |
-----------------------------------------
----------------------------------------
| rollout/                |            |
|    ep_len_mean          | 1.3e+03    |
|    ep_rew_mean          | 118        |
| time/                   |            |
|    fps                  | 562        |
|    iterations           | 5          |
|    time_elapsed         | 218        |
|    total_timesteps      | 122880     |
| train/                  |            |
|    approx_kl            | 0.01047926 |
|    clip_fraction        | 0.077      |
|    clip_range           | 0.2        |
|    entropy_loss         | -2         |
|    explained_variance   | 0.702      |
|    learning_rate        | 0.0003     |
|    loss                 | 0.129      |
|    n_updates            | 20         |
|    policy_gradient_loss | -0.00455   |
|    value_loss           | 0.298      |
----------------------------------------
-----------------------------------------
| rollout/                |             |
|    ep_len_mean          | 1.27e+03    |
|    ep_rew_mean          | 110         |
| time/                   |             |
|    fps                  | 563         |
|    iterations           | 6           |
|    time_elapsed         | 261         |
|    total_timesteps      | 147456      |
| train/                  |             |
|    approx_kl            | 0.007930242 |
|    clip_fraction        | 0.0555      |
|    clip_range           | 0.2         |
|    entropy_loss         | -1.93       |
|    explained_variance   | 0.818       |
|    learning_rate        | 0.0003      |
|    loss                 | 0.123       |
|    n_updates            | 25          |
|    policy_gradient_loss | -0.00438    |
|    value_loss           | 0.282       |
-----------------------------------------
-----------------------------------------
| rollout/                |             |
|    ep_len_mean          | 932         |
|    ep_rew_mean          | 96.1        |
| time/                   |             |
|    fps                  | 563         |
|    iterations           | 7           |
|    time_elapsed         | 305         |
|    total_timesteps      | 172032      |
| train/                  |             |
|    approx_kl            | 0.007828349 |
|    clip_fraction        | 0.0299      |
|    clip_range           | 0.2         |
|    entropy_loss         | -1.87       |
|    explained_variance   | 0.904       |
|    learning_rate        | 0.0003      |
|    loss                 | 0.0743      |
|    n_updates            | 30          |
|    policy_gradient_loss | -0.00285    |
|    value_loss           | 0.205       |
-----------------------------------------
------------------------------------------
| rollout/                |              |
|    ep_len_mean          | 770          |
|    ep_rew_mean          | 98.4         |
| time/                   |              |
|    fps                  | 565          |
|    iterations           | 8            |
|    time_elapsed         | 347          |
|    total_timesteps      | 196608       |
| train/                  |              |
|    approx_kl            | 0.0080030365 |
|    clip_fraction        | 0.0681       |
|    clip_range           | 0.2          |
|    entropy_loss         | -1.9         |
|    explained_variance   | 0.884        |
|    learning_rate        | 0.0003       |
|    loss                 | 0.0566       |
|    n_updates            | 35           |
|    policy_gradient_loss | -0.00418     |
|    value_loss           | 0.239        |
------------------------------------------
----------------------------------------
| rollout/                |            |
|    ep_len_mean          | 700        |
|    ep_rew_mean          | 90.6       |
| time/                   |            |
|    fps                  | 566        |
|    iterations           | 9          |
|    time_elapsed         | 390        |
|    total_timesteps      | 221184     |
| train/                  |            |
|    approx_kl            | 0.01168448 |
|    clip_fraction        | 0.101      |
|    clip_range           | 0.2        |
|    entropy_loss         | -1.8       |
|    explained_variance   | 0.956      |
|    learning_rate        | 0.0003     |
|    loss                 | -0.0107    |
|    n_updates            | 40         |
|    policy_gradient_loss | -0.00254   |
|    value_loss           | 0.0769     |
----------------------------------------
-----------------------------------------
| rollout/                |             |
|    ep_len_mean          | 554         |
|    ep_rew_mean          | 99.4        |
| time/                   |             |
|    fps                  | 565         |
|    iterations           | 10          |
|    time_elapsed         | 434         |
|    total_timesteps      | 245760      |
| train/                  |             |
|    approx_kl            | 0.009145472 |
|    clip_fraction        | 0.0774      |
|    clip_range           | 0.2         |
|    entropy_loss         | -1.93       |
|    explained_variance   | 0.954       |
|    learning_rate        | 0.0003      |
|    loss                 | 0.0176      |
|    n_updates            | 45          |
|    policy_gradient_loss | -0.00388    |
|    value_loss           | 0.176       |
-----------------------------------------
-----------------------------------------
| rollout/                |             |
|    ep_len_mean          | 393         |
|    ep_rew_mean          | 114         |
| time/                   |             |
|    fps                  | 564         |
|    iterations           | 11          |
|    time_elapsed         | 479         |
|    total_timesteps      | 270336      |
| train/                  |             |
|    approx_kl            | 0.009253734 |
|    clip_fraction        | 0.0824      |
|    clip_range           | 0.2         |
|    entropy_loss         | -2.02       |
|    explained_variance   | 0.96        |
|    learning_rate        | 0.0003      |
|    loss                 | 0.0309      |
|    n_updates            | 50          |
|    policy_gradient_loss | -0.00399    |
|    value_loss           | 0.126       |
-----------------------------------------
-----------------------------------------
| rollout/                |             |
|    ep_len_mean          | 486         |
|    ep_rew_mean          | 111         |
| time/                   |             |
|    fps                  | 563         |
|    iterations           | 12          |
|    time_elapsed         | 523         |
|    total_timesteps      | 294912      |
| train/                  |             |
|    approx_kl            | 0.010159165 |
|    clip_fraction        | 0.1         |
|    clip_range           | 0.2         |
|    entropy_loss         | -2.12       |
|    explained_variance   | 0.969       |
|    learning_rate        | 0.0003      |
|    loss                 | 0.063       |
|    n_updates            | 55          |
|    policy_gradient_loss | -0.00509    |
|    value_loss           | 0.103       |
-----------------------------------------
-----------------------------------------
| rollout/                |             |
|    ep_len_mean          | 157         |
|    ep_rew_mean          | 123         |
| time/                   |             |
|    fps                  | 564         |
|    iterations           | 13          |
|    time_elapsed         | 566         |
|    total_timesteps      | 319488      |
| train/                  |             |
|    approx_kl            | 0.008909981 |
|    clip_fraction        | 0.0749      |
|    clip_range           | 0.2         |
|    entropy_loss         | -1.99       |
|    explained_variance   | 0.977       |
|    learning_rate        | 0.0003      |
|    loss                 | 0.0344      |
|    n_updates            | 60          |
|    policy_gradient_loss | -0.00598    |
|    value_loss           | 0.149       |
-----------------------------------------
----------------------------------------
| rollout/                |            |
|    ep_len_mean          | 149        |
|    ep_rew_mean          | 121        |
| time/                   |            |
|    fps                  | 564        |
|    iterations           | 14         |
|    time_elapsed         | 609        |
|    total_timesteps      | 344064     |
| train/                  |            |
|    approx_kl            | 0.00892285 |
|    clip_fraction        | 0.0951     |
|    clip_range           | 0.2        |
|    entropy_loss         | -1.83      |
|    explained_variance   | 0.975      |
|    learning_rate        | 0.0003     |
|    loss                 | 0.083      |
|    n_updates            | 65         |
|    policy_gradient_loss | -0.0071    |
|    value_loss           | 0.178      |
----------------------------------------
-----------------------------------------
| rollout/                |             |
|    ep_len_mean          | 69.7        |
|    ep_rew_mean          | 122         |
| time/                   |             |
|    fps                  | 565         |
|    iterations           | 15          |
|    time_elapsed         | 652         |
|    total_timesteps      | 368640      |
| train/                  |             |
|    approx_kl            | 0.009300374 |
|    clip_fraction        | 0.0877      |
|    clip_range           | 0.2         |
|    entropy_loss         | -1.73       |
|    explained_variance   | 0.979       |
|    learning_rate        | 0.0003      |
|    loss                 | 0.034       |
|    n_updates            | 70          |
|    policy_gradient_loss | -0.00634    |
|    value_loss           | 0.124       |
-----------------------------------------
-----------------------------------------
| rollout/                |             |
|    ep_len_mean          | 63.3        |
|    ep_rew_mean          | 121         |
| time/                   |             |
|    fps                  | 565         |
|    iterations           | 16          |
|    time_elapsed         | 695         |
|    total_timesteps      | 393216      |
| train/                  |             |
|    approx_kl            | 0.011176907 |
|    clip_fraction        | 0.143       |
|    clip_range           | 0.2         |
|    entropy_loss         | -1.49       |
|    explained_variance   | 0.979       |
|    learning_rate        | 0.0003      |
|    loss                 | 0.0172      |
|    n_updates            | 75          |
|    policy_gradient_loss | -0.0117     |
|    value_loss           | 0.0541      |
-----------------------------------------
-----------------------------------------
| rollout/                |             |
|    ep_len_mean          | 64.1        |
|    ep_rew_mean          | 121         |
| time/                   |             |
|    fps                  | 565         |
|    iterations           | 17          |
|    time_elapsed         | 738         |
|    total_timesteps      | 417792      |
| train/                  |             |
|    approx_kl            | 0.008590818 |
|    clip_fraction        | 0.108       |
|    clip_range           | 0.2         |
|    entropy_loss         | -1.44       |
|    explained_variance   | 0.974       |
|    learning_rate        | 0.0003      |
|    loss                 | -0.00264    |
|    n_updates            | 80          |
|    policy_gradient_loss | -0.00676    |
|    value_loss           | 0.0607      |
-----------------------------------------
-----------------------------------------
| rollout/                |             |
|    ep_len_mean          | 105         |
|    ep_rew_mean          | 119         |
| time/                   |             |
|    fps                  | 564         |
|    iterations           | 18          |
|    time_elapsed         | 783         |
|    total_timesteps      | 442368      |
| train/                  |             |
|    approx_kl            | 0.009780188 |
|    clip_fraction        | 0.107       |
|    clip_range           | 0.2         |
|    entropy_loss         | -1.36       |
|    explained_variance   | 0.989       |
|    learning_rate        | 0.0003      |
|    loss                 | -0.00831    |
|    n_updates            | 85          |
|    policy_gradient_loss | -0.00822    |
|    value_loss           | 0.0327      |
-----------------------------------------
-----------------------------------------
| rollout/                |             |
|    ep_len_mean          | 105         |
|    ep_rew_mean          | 120         |
| time/                   |             |
|    fps                  | 564         |
|    iterations           | 19          |
|    time_elapsed         | 826         |
|    total_timesteps      | 466944      |
| train/                  |             |
|    approx_kl            | 0.010381874 |
|    clip_fraction        | 0.13        |
|    clip_range           | 0.2         |
|    entropy_loss         | -1.32       |
|    explained_variance   | 0.988       |
|    learning_rate        | 0.0003      |
|    loss                 | -0.0114     |
|    n_updates            | 90          |
|    policy_gradient_loss | -0.00885    |
|    value_loss           | 0.0313      |
-----------------------------------------
----------------------------------------
| rollout/                |            |
|    ep_len_mean          | 55.6       |
|    ep_rew_mean          | 122        |
| time/                   |            |
|    fps                  | 564        |
|    iterations           | 20         |
|    time_elapsed         | 871        |
|    total_timesteps      | 491520     |
| train/                  |            |
|    approx_kl            | 0.00856975 |
|    clip_fraction        | 0.124      |
|    clip_range           | 0.2        |
|    entropy_loss         | -1.14      |
|    explained_variance   | 0.992      |
|    learning_rate        | 0.0003     |
|    loss                 | -0.0175    |
|    n_updates            | 95         |
|    policy_gradient_loss | -0.00907   |
|    value_loss           | 0.0127     |
----------------------------------------
[Checkpoint] Saved at 500000 steps > /home/runner/work/Disciples2-RL/Disciples2-RL/github_experiments/107/green_dragon/seed107-green_dragon-29394376176-1/checkpoints/campaign_ppo_step_500000.zip
-----------------------------------------
| rollout/                |             |
|    ep_len_mean          | 54.4        |
|    ep_rew_mean          | 123         |
| time/                   |             |
|    fps                  | 564         |
|    iterations           | 21          |
|    time_elapsed         | 914         |
|    total_timesteps      | 516096      |
| train/                  |             |
|    approx_kl            | 0.009758043 |
|    clip_fraction        | 0.13        |
|    clip_range           | 0.2         |
|    entropy_loss         | -1.02       |
|    explained_variance   | 0.409       |
|    learning_rate        | 0.0003      |
|    loss                 | -0.0184     |
|    n_updates            | 100         |
|    policy_gradient_loss | -0.0104     |
|    value_loss           | 0.0129      |
-----------------------------------------
-----------------------------------------
| rollout/                |             |
|    ep_len_mean          | 53.2        |
|    ep_rew_mean          | 124         |
| time/                   |             |
|    fps                  | 564         |
|    iterations           | 22          |
|    time_elapsed         | 957         |
|    total_timesteps      | 540672      |
| train/                  |             |
|    approx_kl            | 0.009320831 |
|    clip_fraction        | 0.117       |
|    clip_range           | 0.2         |
|    entropy_loss         | -0.953      |
|    explained_variance   | 0.591       |
|    learning_rate        | 0.0003      |
|    loss                 | -0.0243     |
|    n_updates            | 105         |
|    policy_gradient_loss | -0.0124     |
|    value_loss           | 0.0107      |
-----------------------------------------
-----------------------------------------
| rollout/                |             |
|    ep_len_mean          | 53          |
|    ep_rew_mean          | 126         |
| time/                   |             |
|    fps                  | 564         |
|    iterations           | 23          |
|    time_elapsed         | 1001        |
|    total_timesteps      | 565248      |
| train/                  |             |
|    approx_kl            | 0.009139611 |
|    clip_fraction        | 0.101       |
|    clip_range           | 0.2         |
|    entropy_loss         | -0.885      |
|    explained_variance   | 0.499       |
|    learning_rate        | 0.0003      |
|    loss                 | -0.0236     |
|    n_updates            | 110         |
|    policy_gradient_loss | -0.0116     |
|    value_loss           | 0.011       |
-----------------------------------------
------------------------------------------
| rollout/                |              |
|    ep_len_mean          | 50.8         |
|    ep_rew_mean          | 126          |
| time/                   |              |
|    fps                  | 564          |
|    iterations           | 24           |
|    time_elapsed         | 1045         |
|    total_timesteps      | 589824       |
| train/                  |              |
|    approx_kl            | 0.0077954717 |
|    clip_fraction        | 0.081        |
|    clip_range           | 0.2          |
|    entropy_loss         | -0.862       |
|    explained_variance   | 0.982        |
|    learning_rate        | 0.0003       |
|    loss                 | -0.0014      |
|    n_updates            | 115          |
|    policy_gradient_loss | -0.00906     |
|    value_loss           | 0.0128       |
------------------------------------------
------------------------------------------
| rollout/                |              |
|    ep_len_mean          | 50.4         |
|    ep_rew_mean          | 128          |
| time/                   |              |
|    fps                  | 563          |
|    iterations           | 25           |
|    time_elapsed         | 1089         |
|    total_timesteps      | 614400       |
| train/                  |              |
|    approx_kl            | 0.0072827525 |
|    clip_fraction        | 0.0816       |
|    clip_range           | 0.2          |
|    entropy_loss         | -0.805       |
|    explained_variance   | 0.995        |
|    learning_rate        | 0.0003       |
|    loss                 | -0.0151      |
|    n_updates            | 120          |
|    policy_gradient_loss | -0.00914     |
|    value_loss           | 0.00957      |
------------------------------------------
-----------------------------------------
| rollout/                |             |
|    ep_len_mean          | 51          |
|    ep_rew_mean          | 129         |
| time/                   |             |
|    fps                  | 563         |
|    iterations           | 26          |
|    time_elapsed         | 1133        |
|    total_timesteps      | 638976      |
| train/                  |             |
|    approx_kl            | 0.006178748 |
|    clip_fraction        | 0.0615      |
|    clip_range           | 0.2         |
|    entropy_loss         | -0.678      |
|    explained_variance   | 0.993       |
|    learning_rate        | 0.0003      |
|    loss                 | -0.00638    |
|    n_updates            | 125         |
|    policy_gradient_loss | -0.00681    |
|    value_loss           | 0.00811     |
-----------------------------------------
-----------------------------------------
| rollout/                |             |
|    ep_len_mean          | 50.4        |
|    ep_rew_mean          | 129         |
| time/                   |             |
|    fps                  | 563         |
|    iterations           | 27          |
|    time_elapsed         | 1177        |
|    total_timesteps      | 663552      |
| train/                  |             |
|    approx_kl            | 0.008080521 |
|    clip_fraction        | 0.067       |
|    clip_range           | 0.2         |
|    entropy_loss         | -0.758      |
|    explained_variance   | 0.984       |
|    learning_rate        | 0.0003      |
|    loss                 | -0.00596    |
|    n_updates            | 130         |
|    policy_gradient_loss | -0.00616    |
|    value_loss           | 0.0185      |
-----------------------------------------
------------------------------------------
| rollout/                |              |
|    ep_len_mean          | 134          |
|    ep_rew_mean          | 126          |
| time/                   |              |
|    fps                  | 563          |
|    iterations           | 28           |
|    time_elapsed         | 1220         |
|    total_timesteps      | 688128       |
| train/                  |              |
|    approx_kl            | 0.0067108744 |
|    clip_fraction        | 0.0594       |
|    clip_range           | 0.2          |
|    entropy_loss         | -1.16        |
|    explained_variance   | 0.996        |
|    learning_rate        | 0.0003       |
|    loss                 | -0.0106      |
|    n_updates            | 135          |
|    policy_gradient_loss | -0.00412     |
|    value_loss           | 0.0149       |
------------------------------------------
------------------------------------------
| rollout/                |              |
|    ep_len_mean          | 96.8         |
|    ep_rew_mean          | 126          |
| time/                   |              |
|    fps                  | 564          |
|    iterations           | 29           |
|    time_elapsed         | 1262         |
|    total_timesteps      | 712704       |
| train/                  |              |
|    approx_kl            | 0.0068218424 |
|    clip_fraction        | 0.0691       |
|    clip_range           | 0.2          |
|    entropy_loss         | -1.25        |
|    explained_variance   | 0.992        |
|    learning_rate        | 0.0003       |
|    loss                 | -0.000384    |
|    n_updates            | 140          |
|    policy_gradient_loss | -0.0029      |
|    value_loss           | 0.044        |
------------------------------------------
------------------------------------------
| rollout/                |              |
|    ep_len_mean          | 95.4         |
|    ep_rew_mean          | 127          |
| time/                   |              |
|    fps                  | 564          |
|    iterations           | 30           |
|    time_elapsed         | 1306         |
|    total_timesteps      | 737280       |
| train/                  |              |
|    approx_kl            | 0.0060082357 |
|    clip_fraction        | 0.0601       |
|    clip_range           | 0.2          |
|    entropy_loss         | -0.945       |
|    explained_variance   | 0.997        |
|    learning_rate        | 0.0003       |
|    loss                 | -0.0225      |
|    n_updates            | 145          |
|    policy_gradient_loss | -0.00443     |
|    value_loss           | 0.0138       |
------------------------------------------
-----------------------------------------
| rollout/                |             |
|    ep_len_mean          | 51.2        |
|    ep_rew_mean          | 132         |
| time/                   |             |
|    fps                  | 564         |
|    iterations           | 31          |
|    time_elapsed         | 1349        |
|    total_timesteps      | 761856      |
| train/                  |             |
|    approx_kl            | 0.009182996 |
|    clip_fraction        | 0.0523      |
|    clip_range           | 0.2         |
|    entropy_loss         | -0.837      |
|    explained_variance   | 0.997       |
|    learning_rate        | 0.0003      |
|    loss                 | -0.00693    |
|    n_updates            | 150         |
|    policy_gradient_loss | -0.00355    |
|    value_loss           | 0.0151      |
-----------------------------------------
------------------------------------------
| rollout/                |              |
|    ep_len_mean          | 53.7         |
|    ep_rew_mean          | 132          |
| time/                   |              |
|    fps                  | 564          |
|    iterations           | 32           |
|    time_elapsed         | 1393         |
|    total_timesteps      | 786432       |
| train/                  |              |
|    approx_kl            | 0.0044610114 |
|    clip_fraction        | 0.0443       |
|    clip_range           | 0.2          |
|    entropy_loss         | -0.697       |
|    explained_variance   | 0.997        |
|    learning_rate        | 0.0003       |
|    loss                 | 0.000705     |
|    n_updates            | 155          |
|    policy_gradient_loss | -0.00211     |
|    value_loss           | 0.00997      |
------------------------------------------
-----------------------------------------
| rollout/                |             |
|    ep_len_mean          | 51.4        |
|    ep_rew_mean          | 133         |
| time/                   |             |
|    fps                  | 564         |
|    iterations           | 33          |
|    time_elapsed         | 1437        |
|    total_timesteps      | 811008      |
| train/                  |             |
|    approx_kl            | 0.005828257 |
|    clip_fraction        | 0.0416      |
|    clip_range           | 0.2         |
|    entropy_loss         | -0.749      |
|    explained_variance   | 0.995       |
|    learning_rate        | 0.0003      |
|    loss                 | -0.000717   |
|    n_updates            | 160         |
|    policy_gradient_loss | -0.00346    |
|    value_loss           | 0.0227      |
-----------------------------------------
------------------------------------------
| rollout/                |              |
|    ep_len_mean          | 73.7         |
|    ep_rew_mean          | 133          |
| time/                   |              |
|    fps                  | 564          |
|    iterations           | 34           |
|    time_elapsed         | 1480         |
|    total_timesteps      | 835584       |
| train/                  |              |
|    approx_kl            | 0.0049013714 |
|    clip_fraction        | 0.0486       |
|    clip_range           | 0.2          |
|    entropy_loss         | -0.788       |
|    explained_variance   | 0.994        |
|    learning_rate        | 0.0003       |
|    loss                 | -0.00116     |
|    n_updates            | 165          |
|    policy_gradient_loss | -0.00239     |
|    value_loss           | 0.0269       |
------------------------------------------
------------------------------------------
| rollout/                |              |
|    ep_len_mean          | 97.7         |
|    ep_rew_mean          | 128          |
| time/                   |              |
|    fps                  | 564          |
|    iterations           | 35           |
|    time_elapsed         | 1523         |
|    total_timesteps      | 860160       |
| train/                  |              |
|    approx_kl            | 0.0050919694 |
|    clip_fraction        | 0.0633       |
|    clip_range           | 0.2          |
|    entropy_loss         | -0.811       |
|    explained_variance   | 0.993        |
|    learning_rate        | 0.0003       |
|    loss                 | 0.00636      |
|    n_updates            | 170          |
|    policy_gradient_loss | -0.00215     |
|    value_loss           | 0.0363       |
------------------------------------------
-----------------------------------------
| rollout/                |             |
|    ep_len_mean          | 51.2        |
|    ep_rew_mean          | 133         |
| time/                   |             |
|    fps                  | 564         |
|    iterations           | 36          |
|    time_elapsed         | 1566        |
|    total_timesteps      | 884736      |
| train/                  |             |
|    approx_kl            | 0.004312487 |
|    clip_fraction        | 0.0426      |
|    clip_range           | 0.2         |
|    entropy_loss         | -0.488      |
|    explained_variance   | 0.997       |
|    learning_rate        | 0.0003      |
|    loss                 | -0.00417    |
|    n_updates            | 175         |
|    policy_gradient_loss | -0.0042     |
|    value_loss           | 0.00595     |
-----------------------------------------
------------------------------------------
| rollout/                |              |
|    ep_len_mean          | 51           |
|    ep_rew_mean          | 132          |
| time/                   |              |
|    fps                  | 564          |
|    iterations           | 37           |
|    time_elapsed         | 1609         |
|    total_timesteps      | 909312       |
| train/                  |              |
|    approx_kl            | 0.0030287427 |
|    clip_fraction        | 0.0278       |
|    clip_range           | 0.2          |
|    entropy_loss         | -0.32        |
|    explained_variance   | 0.863        |
|    learning_rate        | 0.0003       |
|    loss                 | -0.00517     |
|    n_updates            | 180          |
|    policy_gradient_loss | -0.00237     |
|    value_loss           | 0.00455      |
------------------------------------------
------------------------------------------
| rollout/                |              |
|    ep_len_mean          | 51.4         |
|    ep_rew_mean          | 133          |
| time/                   |              |
|    fps                  | 565          |
|    iterations           | 38           |
|    time_elapsed         | 1652         |
|    total_timesteps      | 933888       |
| train/                  |              |
|    approx_kl            | 0.0021582812 |
|    clip_fraction        | 0.0152       |
|    clip_range           | 0.2          |
|    entropy_loss         | -0.306       |
|    explained_variance   | 0.859        |
|    learning_rate        | 0.0003       |
|    loss                 | -0.000471    |
|    n_updates            | 185          |
|    policy_gradient_loss | -0.000575    |
|    value_loss           | 0.00466      |
------------------------------------------
------------------------------------------
| rollout/                |              |
|    ep_len_mean          | 51.5         |
|    ep_rew_mean          | 133          |
| time/                   |              |
|    fps                  | 565          |
|    iterations           | 39           |
|    time_elapsed         | 1695         |
|    total_timesteps      | 958464       |
| train/                  |              |
|    approx_kl            | 0.0031709124 |
|    clip_fraction        | 0.0293       |
|    clip_range           | 0.2          |
|    entropy_loss         | -0.3         |
|    explained_variance   | 0.872        |
|    learning_rate        | 0.0003       |
|    loss                 | -0.00703     |
|    n_updates            | 190          |
|    policy_gradient_loss | -0.00246     |
|    value_loss           | 0.00412      |
------------------------------------------
------------------------------------------
| rollout/                |              |
|    ep_len_mean          | 51.4         |
|    ep_rew_mean          | 133          |
| time/                   |              |
|    fps                  | 565          |
|    iterations           | 40           |
|    time_elapsed         | 1737         |
|    total_timesteps      | 983040       |
| train/                  |              |
|    approx_kl            | 0.0019327003 |
|    clip_fraction        | 0.0174       |
|    clip_range           | 0.2          |
|    entropy_loss         | -0.287       |
|    explained_variance   | 0.872        |
|    learning_rate        | 0.0003       |
|    loss                 | -0.00277     |
|    n_updates            | 195          |
|    policy_gradient_loss | -0.00125     |
|    value_loss           | 0.00418      |
------------------------------------------
[Checkpoint] Saved at 1000000 steps > /home/runner/work/Disciples2-RL/Disciples2-RL/github_experiments/107/green_dragon/seed107-green_dragon-29394376176-1/checkpoints/campaign_ppo_step_1000000.zip
Eval num_timesteps=1000008, det_reward=130.55 +/- 0.01
Episode length: det=48.35 +/- 2.63
Victory rate: det=100.00%
--------------------------------------------------
| eval/                           |              |
|    deterministic_mean_ep_length | 48.4         |
|    deterministic_mean_reward    | 131          |
|    deterministic_victory_rate   | 1            |
|    mean_ep_length               | 48.4         |
|    mean_reward                  | 131          |
|    victory_rate                 | 1            |
| time/                           |              |
|    total_timesteps              | 1000008      |
| train/                          |              |
|    approx_kl                    | 0.0023478754 |
|    clip_fraction                | 0.0227       |
|    clip_range                   | 0.2          |
|    entropy_loss                 | -0.286       |
|    explained_variance           | 0.96         |
|    learning_rate                | 0.0003       |
|    loss                         | -0.00305     |
|    n_updates                    | 200          |
|    policy_gradient_loss         | -0.000143    |
|    value_loss                   | 0.0115       |
--------------------------------------------------
New best model by deterministic victory rate!
---------------------------------
| rollout/           |          |
|    ep_len_mean     | 51.1     |
|    ep_rew_mean     | 133      |
| time/              |          |
|    fps             | 564      |
|    iterations      | 41       |
|    time_elapsed    | 1783     |
|    total_timesteps | 1007616  |
---------------------------------
VecNormalize stats saved: /home/runner/work/Disciples2-RL/Disciples2-RL/github_experiments/107/green_dragon/seed107-green_dragon-29394376176-1/models/vecnormalize.pkl

Финальная модель сохранена: /home/runner/work/Disciples2-RL/Disciples2-RL/github_experiments/107/green_dragon/seed107-green_dragon-29394376176-1/models/final_model.zip

============================================================
ИТОГИ ОБУЧЕНИЯ:
  Побед: 11416
  Поражений: 1
  Таймаутов: 42
  Побед бота столицы над врагами: 0
  Перестановок юнитов: 131786
  Winrate: 99.6%
============================================================
  График призывов за эпизод: /home/runner/work/Disciples2-RL/Disciples2-RL/github_experiments/107/green_dragon/seed107-green_dragon-29394376176-1/plots/campaign_summoned_units_per_episode.png
  График призывов за всё обучение: /home/runner/work/Disciples2-RL/Disciples2-RL/github_experiments/107/green_dragon/seed107-green_dragon-29394376176-1/plots/campaign_summoned_units_cumulative.png
  График найма за эпизод: /home/runner/work/Disciples2-RL/Disciples2-RL/github_experiments/107/green_dragon/seed107-green_dragon-29394376176-1/plots/campaign_hired_units_per_episode.png
  График найма за всё обучение: /home/runner/work/Disciples2-RL/Disciples2-RL/github_experiments/107/green_dragon/seed107-green_dragon-29394376176-1/plots/campaign_hired_units_cumulative.png
  График перестановок юнитов за эпизод: /home/runner/work/Disciples2-RL/Disciples2-RL/github_experiments/107/green_dragon/seed107-green_dragon-29394376176-1/plots/campaign_unit_swaps_per_episode.png
  График боевых предметов: /home/runner/work/Disciples2-RL/Disciples2-RL/github_experiments/107/green_dragon/seed107-green_dragon-29394376176-1/plots/campaign_battle_item_activity.png
  График побед бота столицы за эпизод: /home/runner/work/Disciples2-RL/Disciples2-RL/github_experiments/107/green_dragon/seed107-green_dragon-29394376176-1/plots/campaign_scripted_bot_victories_per_episode.png
  График применения заклинаний: /home/runner/work/Disciples2-RL/Disciples2-RL/github_experiments/107/green_dragon/seed107-green_dragon-29394376176-1/plots/campaign_spell_cast_activity.png
