Проверка среды CampaignEnv...
Среда прошла проверку!
[INFO] Comet disabled, running without experiment tracking
Создание 12 параллельных сред (subproc)...
Инициализация MaskablePPO...
Using cpu device

============================================================
Запуск обучения Campaign Agent
Всего шагов: 1,000,000
Параллельных сред: 12
VecEnv: subproc
VecEnv start method: forkserver
Seed: 119
Checkpoint каждые: 500,000 шагов
Evaluation каждые: 83,334 шагов
Eval deterministic эпизодов: 20
Eval stochastic эпизодов: 0
Eval лимит шагов на эпизод: 5000
Campaign map: default
Campaign objective: blue_dragon
System resources at training start:
  Platform: Linux 6.17.0-1020-azure (x86_64)
  Python: 3.14.6
  PyTorch: 2.13.0+cpu
  Training device: cpu
  CPU model: AMD EPYC 7763 64-Core Processor
  CPU vendor: AuthenticAMD
  Logical CPUs visible: 4
  Process CPU affinity: 4
  Sockets: 1
  Cores per socket: 2
  Threads per core: 2
  CPU max MHz: unknown
  CPU min MHz: unknown
  L1d cache: 64 KiB (2 instances)
  L1i cache: 64 KiB (2 instances)
  L2 cache: 1 MiB (2 instances)
  L3 cache: 32 MiB (1 instance)
  Virtualization: AMD-V
  Hypervisor: Microsoft
  RAM total: 15.61 GiB
  RAM available at start: 13.90 GiB
  Disk total: 144.26 GiB
  Disk free at start: 84.93 GiB
  Torch intra-op threads: 4
  Torch inter-op threads: 2
  OMP_NUM_THREADS: 4
  MKL_NUM_THREADS: 4
  OPENBLAS_NUM_THREADS: 4
  GitHub runner OS: Linux
  GitHub runner architecture: X64
  GitHub runner environment: github-hosted
PPO n_steps: 2,048
PPO batch_size: 512
PPO n_epochs: 5
PPO learning_rate: 0.0003
PPO clip_range: 0.2
PPO ent_coef: 0.01
PPO gamma: 0.995
PPO gae_lambda: 0.95
PPO target_kl: disabled
PPO gradient batches per rollout: 240
VecCheckNan: disabled
Freeze action layout: enabled
Empire territory: enabled
Torch threads per process: 4
Diagnostics: disabled
Wall-clock training limit: disabled
Run ID: seed119-default-blue_dragon-29849755044-1
============================================================

Logging to /home/runner/work/Disciples2-RL/Disciples2-RL/github_experiments/119/default/blue_dragon/seed119-default-blue_dragon-29849755044-1/tensorboard/MaskablePPO_1
------------------------------
| time/              |       |
|    fps             | 382   |
|    iterations      | 1     |
|    time_elapsed    | 64    |
|    total_timesteps | 24576 |
------------------------------
-----------------------------------------
| rollout/                |             |
|    ep_len_mean          | 3.93e+03    |
|    ep_rew_mean          | 87.2        |
| time/                   |             |
|    fps                  | 366         |
|    iterations           | 2           |
|    time_elapsed         | 134         |
|    total_timesteps      | 49152       |
| train/                  |             |
|    approx_kl            | 0.009310507 |
|    clip_fraction        | 0.0596      |
|    clip_range           | 0.2         |
|    entropy_loss         | -2.26       |
|    explained_variance   | -0.0655     |
|    learning_rate        | 0.0003      |
|    loss                 | 0.0213      |
|    n_updates            | 5           |
|    policy_gradient_loss | -0.00563    |
|    value_loss           | 0.0953      |
-----------------------------------------
-----------------------------------------
| rollout/                |             |
|    ep_len_mean          | 4.61e+03    |
|    ep_rew_mean          | 13.8        |
| time/                   |             |
|    fps                  | 360         |
|    iterations           | 3           |
|    time_elapsed         | 204         |
|    total_timesteps      | 73728       |
| train/                  |             |
|    approx_kl            | 0.009760132 |
|    clip_fraction        | 0.069       |
|    clip_range           | 0.2         |
|    entropy_loss         | -2.26       |
|    explained_variance   | 0.18        |
|    learning_rate        | 0.0003      |
|    loss                 | -0.00838    |
|    n_updates            | 10          |
|    policy_gradient_loss | -0.00505    |
|    value_loss           | 0.0522      |
-----------------------------------------
----------------------------------------
| rollout/                |            |
|    ep_len_mean          | 4.61e+03   |
|    ep_rew_mean          | 13.8       |
| time/                   |            |
|    fps                  | 359        |
|    iterations           | 4          |
|    time_elapsed         | 273        |
|    total_timesteps      | 98304      |
| train/                  |            |
|    approx_kl            | 0.00990623 |
|    clip_fraction        | 0.07       |
|    clip_range           | 0.2        |
|    entropy_loss         | -2.19      |
|    explained_variance   | 0.471      |
|    learning_rate        | 0.0003     |
|    loss                 | 0.00673    |
|    n_updates            | 15         |
|    policy_gradient_loss | -0.00621   |
|    value_loss           | 0.0608     |
----------------------------------------
-----------------------------------------
| rollout/                |             |
|    ep_len_mean          | 4.69e+03    |
|    ep_rew_mean          | -33.4       |
| time/                   |             |
|    fps                  | 360         |
|    iterations           | 5           |
|    time_elapsed         | 340         |
|    total_timesteps      | 122880      |
| train/                  |             |
|    approx_kl            | 0.008054066 |
|    clip_fraction        | 0.0564      |
|    clip_range           | 0.2         |
|    entropy_loss         | -2.18       |
|    explained_variance   | 0.601       |
|    learning_rate        | 0.0003      |
|    loss                 | -0.0242     |
|    n_updates            | 20          |
|    policy_gradient_loss | -0.00487    |
|    value_loss           | 0.0204      |
-----------------------------------------
-----------------------------------------
| rollout/                |             |
|    ep_len_mean          | 4.7e+03     |
|    ep_rew_mean          | -34         |
| time/                   |             |
|    fps                  | 359         |
|    iterations           | 6           |
|    time_elapsed         | 410         |
|    total_timesteps      | 147456      |
| train/                  |             |
|    approx_kl            | 0.011765063 |
|    clip_fraction        | 0.122       |
|    clip_range           | 0.2         |
|    entropy_loss         | -2.14       |
|    explained_variance   | 0.895       |
|    learning_rate        | 0.0003      |
|    loss                 | -0.0326     |
|    n_updates            | 25          |
|    policy_gradient_loss | -0.00773    |
|    value_loss           | 0.013       |
-----------------------------------------
-----------------------------------------
| rollout/                |             |
|    ep_len_mean          | 4.46e+03    |
|    ep_rew_mean          | -13.9       |
| time/                   |             |
|    fps                  | 360         |
|    iterations           | 7           |
|    time_elapsed         | 477         |
|    total_timesteps      | 172032      |
| train/                  |             |
|    approx_kl            | 0.009645493 |
|    clip_fraction        | 0.0827      |
|    clip_range           | 0.2         |
|    entropy_loss         | -2.18       |
|    explained_variance   | 0.704       |
|    learning_rate        | 0.0003      |
|    loss                 | -0.0156     |
|    n_updates            | 30          |
|    policy_gradient_loss | -0.00719    |
|    value_loss           | 0.0246      |
-----------------------------------------
-----------------------------------------
| rollout/                |             |
|    ep_len_mean          | 4.47e+03    |
|    ep_rew_mean          | 6.22        |
| time/                   |             |
|    fps                  | 359         |
|    iterations           | 8           |
|    time_elapsed         | 547         |
|    total_timesteps      | 196608      |
| train/                  |             |
|    approx_kl            | 0.009247355 |
|    clip_fraction        | 0.0873      |
|    clip_range           | 0.2         |
|    entropy_loss         | -2.12       |
|    explained_variance   | 0.7         |
|    learning_rate        | 0.0003      |
|    loss                 | -0.0278     |
|    n_updates            | 35          |
|    policy_gradient_loss | -0.00578    |
|    value_loss           | 0.0501      |
-----------------------------------------
------------------------------------------
| rollout/                |              |
|    ep_len_mean          | 4.33e+03     |
|    ep_rew_mean          | 16           |
| time/                   |              |
|    fps                  | 360          |
|    iterations           | 9            |
|    time_elapsed         | 614          |
|    total_timesteps      | 221184       |
| train/                  |              |
|    approx_kl            | 0.0082665365 |
|    clip_fraction        | 0.074        |
|    clip_range           | 0.2          |
|    entropy_loss         | -2.07        |
|    explained_variance   | 0.841        |
|    learning_rate        | 0.0003       |
|    loss                 | -0.0163      |
|    n_updates            | 40           |
|    policy_gradient_loss | -0.00672     |
|    value_loss           | 0.0501       |
------------------------------------------
-----------------------------------------
| rollout/                |             |
|    ep_len_mean          | 3.52e+03    |
|    ep_rew_mean          | 44.6        |
| time/                   |             |
|    fps                  | 360         |
|    iterations           | 10          |
|    time_elapsed         | 681         |
|    total_timesteps      | 245760      |
| train/                  |             |
|    approx_kl            | 0.006640263 |
|    clip_fraction        | 0.0434      |
|    clip_range           | 0.2         |
|    entropy_loss         | -2.02       |
|    explained_variance   | 0.748       |
|    learning_rate        | 0.0003      |
|    loss                 | 0.0143      |
|    n_updates            | 45          |
|    policy_gradient_loss | -0.00567    |
|    value_loss           | 0.0477      |
-----------------------------------------
-----------------------------------------
| rollout/                |             |
|    ep_len_mean          | 2.85e+03    |
|    ep_rew_mean          | 64.8        |
| time/                   |             |
|    fps                  | 359         |
|    iterations           | 11          |
|    time_elapsed         | 751         |
|    total_timesteps      | 270336      |
| train/                  |             |
|    approx_kl            | 0.006868511 |
|    clip_fraction        | 0.0586      |
|    clip_range           | 0.2         |
|    entropy_loss         | -2.01       |
|    explained_variance   | 0.866       |
|    learning_rate        | 0.0003      |
|    loss                 | 0.0164      |
|    n_updates            | 50          |
|    policy_gradient_loss | -0.00499    |
|    value_loss           | 0.137       |
-----------------------------------------
-----------------------------------------
| rollout/                |             |
|    ep_len_mean          | 1.9e+03     |
|    ep_rew_mean          | 95.4        |
| time/                   |             |
|    fps                  | 358         |
|    iterations           | 12          |
|    time_elapsed         | 821         |
|    total_timesteps      | 294912      |
| train/                  |             |
|    approx_kl            | 0.007980048 |
|    clip_fraction        | 0.0547      |
|    clip_range           | 0.2         |
|    entropy_loss         | -2.03       |
|    explained_variance   | 0.883       |
|    learning_rate        | 0.0003      |
|    loss                 | 0.0343      |
|    n_updates            | 55          |
|    policy_gradient_loss | -0.00396    |
|    value_loss           | 0.148       |
-----------------------------------------
-----------------------------------------
| rollout/                |             |
|    ep_len_mean          | 618         |
|    ep_rew_mean          | 119         |
| time/                   |             |
|    fps                  | 358         |
|    iterations           | 13          |
|    time_elapsed         | 891         |
|    total_timesteps      | 319488      |
| train/                  |             |
|    approx_kl            | 0.010246697 |
|    clip_fraction        | 0.0957      |
|    clip_range           | 0.2         |
|    entropy_loss         | -2.04       |
|    explained_variance   | 0.943       |
|    learning_rate        | 0.0003      |
|    loss                 | 0.0166      |
|    n_updates            | 60          |
|    policy_gradient_loss | -0.00598    |
|    value_loss           | 0.0971      |
-----------------------------------------
-----------------------------------------
| rollout/                |             |
|    ep_len_mean          | 401         |
|    ep_rew_mean          | 121         |
| time/                   |             |
|    fps                  | 358         |
|    iterations           | 14          |
|    time_elapsed         | 960         |
|    total_timesteps      | 344064      |
| train/                  |             |
|    approx_kl            | 0.007758085 |
|    clip_fraction        | 0.0702      |
|    clip_range           | 0.2         |
|    entropy_loss         | -2.01       |
|    explained_variance   | 0.946       |
|    learning_rate        | 0.0003      |
|    loss                 | 0.0628      |
|    n_updates            | 65          |
|    policy_gradient_loss | -0.0065     |
|    value_loss           | 0.136       |
-----------------------------------------
-----------------------------------------
| rollout/                |             |
|    ep_len_mean          | 148         |
|    ep_rew_mean          | 124         |
| time/                   |             |
|    fps                  | 358         |
|    iterations           | 15          |
|    time_elapsed         | 1027        |
|    total_timesteps      | 368640      |
| train/                  |             |
|    approx_kl            | 0.008412302 |
|    clip_fraction        | 0.0669      |
|    clip_range           | 0.2         |
|    entropy_loss         | -1.87       |
|    explained_variance   | 0.96        |
|    learning_rate        | 0.0003      |
|    loss                 | 0.0643      |
|    n_updates            | 70          |
|    policy_gradient_loss | -0.00597    |
|    value_loss           | 0.239       |
-----------------------------------------
------------------------------------------
| rollout/                |              |
|    ep_len_mean          | 89.2         |
|    ep_rew_mean          | 124          |
| time/                   |              |
|    fps                  | 358          |
|    iterations           | 16           |
|    time_elapsed         | 1097         |
|    total_timesteps      | 393216       |
| train/                  |              |
|    approx_kl            | 0.0077985413 |
|    clip_fraction        | 0.0503       |
|    clip_range           | 0.2          |
|    entropy_loss         | -1.7         |
|    explained_variance   | 0.937        |
|    learning_rate        | 0.0003       |
|    loss                 | 0.0382       |
|    n_updates            | 75           |
|    policy_gradient_loss | -0.00526     |
|    value_loss           | 0.222        |
------------------------------------------
------------------------------------------
| rollout/                |              |
|    ep_len_mean          | 79.8         |
|    ep_rew_mean          | 124          |
| time/                   |              |
|    fps                  | 358          |
|    iterations           | 17           |
|    time_elapsed         | 1166         |
|    total_timesteps      | 417792       |
| train/                  |              |
|    approx_kl            | 0.0070495806 |
|    clip_fraction        | 0.0561       |
|    clip_range           | 0.2          |
|    entropy_loss         | -1.7         |
|    explained_variance   | 0.924        |
|    learning_rate        | 0.0003       |
|    loss                 | 0.0575       |
|    n_updates            | 80           |
|    policy_gradient_loss | -0.00389     |
|    value_loss           | 0.183        |
------------------------------------------
-----------------------------------------
| rollout/                |             |
|    ep_len_mean          | 104         |
|    ep_rew_mean          | 122         |
| time/                   |             |
|    fps                  | 357         |
|    iterations           | 18          |
|    time_elapsed         | 1236        |
|    total_timesteps      | 442368      |
| train/                  |             |
|    approx_kl            | 0.009122383 |
|    clip_fraction        | 0.101       |
|    clip_range           | 0.2         |
|    entropy_loss         | -1.65       |
|    explained_variance   | 0.959       |
|    learning_rate        | 0.0003      |
|    loss                 | 0.00884     |
|    n_updates            | 85          |
|    policy_gradient_loss | -0.00787    |
|    value_loss           | 0.145       |
-----------------------------------------
-----------------------------------------
| rollout/                |             |
|    ep_len_mean          | 72.4        |
|    ep_rew_mean          | 123         |
| time/                   |             |
|    fps                  | 356         |
|    iterations           | 19          |
|    time_elapsed         | 1308        |
|    total_timesteps      | 466944      |
| train/                  |             |
|    approx_kl            | 0.009390389 |
|    clip_fraction        | 0.111       |
|    clip_range           | 0.2         |
|    entropy_loss         | -1.55       |
|    explained_variance   | 0.973       |
|    learning_rate        | 0.0003      |
|    loss                 | 0.0175      |
|    n_updates            | 90          |
|    policy_gradient_loss | -0.00765    |
|    value_loss           | 0.0787      |
-----------------------------------------
-----------------------------------------
| rollout/                |             |
|    ep_len_mean          | 74.8        |
|    ep_rew_mean          | 122         |
| time/                   |             |
|    fps                  | 356         |
|    iterations           | 20          |
|    time_elapsed         | 1377        |
|    total_timesteps      | 491520      |
| train/                  |             |
|    approx_kl            | 0.011267251 |
|    clip_fraction        | 0.131       |
|    clip_range           | 0.2         |
|    entropy_loss         | -1.51       |
|    explained_variance   | 0.985       |
|    learning_rate        | 0.0003      |
|    loss                 | 0.00522     |
|    n_updates            | 95          |
|    policy_gradient_loss | -0.0077     |
|    value_loss           | 0.0619      |
-----------------------------------------
[Checkpoint] Saved at 500000 steps > /home/runner/work/Disciples2-RL/Disciples2-RL/github_experiments/119/default/blue_dragon/seed119-default-blue_dragon-29849755044-1/checkpoints/campaign_ppo_step_500000.zip
-----------------------------------------
| rollout/                |             |
|    ep_len_mean          | 62.4        |
|    ep_rew_mean          | 123         |
| time/                   |             |
|    fps                  | 356         |
|    iterations           | 21          |
|    time_elapsed         | 1446        |
|    total_timesteps      | 516096      |
| train/                  |             |
|    approx_kl            | 0.009793428 |
|    clip_fraction        | 0.107       |
|    clip_range           | 0.2         |
|    entropy_loss         | -1.43       |
|    explained_variance   | 0.985       |
|    learning_rate        | 0.0003      |
|    loss                 | -0.0181     |
|    n_updates            | 100         |
|    policy_gradient_loss | -0.00669    |
|    value_loss           | 0.0412      |
-----------------------------------------
-----------------------------------------
| rollout/                |             |
|    ep_len_mean          | 60.1        |
|    ep_rew_mean          | 122         |
| time/                   |             |
|    fps                  | 356         |
|    iterations           | 22          |
|    time_elapsed         | 1514        |
|    total_timesteps      | 540672      |
| train/                  |             |
|    approx_kl            | 0.009282767 |
|    clip_fraction        | 0.109       |
|    clip_range           | 0.2         |
|    entropy_loss         | -1.38       |
|    explained_variance   | 0.986       |
|    learning_rate        | 0.0003      |
|    loss                 | -0.00311    |
|    n_updates            | 105         |
|    policy_gradient_loss | -0.00843    |
|    value_loss           | 0.035       |
-----------------------------------------
-----------------------------------------
| rollout/                |             |
|    ep_len_mean          | 58.4        |
|    ep_rew_mean          | 124         |
| time/                   |             |
|    fps                  | 357         |
|    iterations           | 23          |
|    time_elapsed         | 1583        |
|    total_timesteps      | 565248      |
| train/                  |             |
|    approx_kl            | 0.008906391 |
|    clip_fraction        | 0.111       |
|    clip_range           | 0.2         |
|    entropy_loss         | -1.31       |
|    explained_variance   | 0.99        |
|    learning_rate        | 0.0003      |
|    loss                 | -0.0136     |
|    n_updates            | 110         |
|    policy_gradient_loss | -0.00892    |
|    value_loss           | 0.0273      |
-----------------------------------------
-----------------------------------------
| rollout/                |             |
|    ep_len_mean          | 55.7        |
|    ep_rew_mean          | 124         |
| time/                   |             |
|    fps                  | 356         |
|    iterations           | 24          |
|    time_elapsed         | 1652        |
|    total_timesteps      | 589824      |
| train/                  |             |
|    approx_kl            | 0.009355169 |
|    clip_fraction        | 0.131       |
|    clip_range           | 0.2         |
|    entropy_loss         | -1.19       |
|    explained_variance   | 0.992       |
|    learning_rate        | 0.0003      |
|    loss                 | -0.0316     |
|    n_updates            | 115         |
|    policy_gradient_loss | -0.0121     |
|    value_loss           | 0.0103      |
-----------------------------------------
-----------------------------------------
| rollout/                |             |
|    ep_len_mean          | 54.1        |
|    ep_rew_mean          | 124         |
| time/                   |             |
|    fps                  | 356         |
|    iterations           | 25          |
|    time_elapsed         | 1721        |
|    total_timesteps      | 614400      |
| train/                  |             |
|    approx_kl            | 0.009854694 |
|    clip_fraction        | 0.145       |
|    clip_range           | 0.2         |
|    entropy_loss         | -1.03       |
|    explained_variance   | 0.786       |
|    learning_rate        | 0.0003      |
|    loss                 | -0.0219     |
|    n_updates            | 120         |
|    policy_gradient_loss | -0.0144     |
|    value_loss           | 0.00783     |
-----------------------------------------
-----------------------------------------
| rollout/                |             |
|    ep_len_mean          | 51.9        |
|    ep_rew_mean          | 125         |
| time/                   |             |
|    fps                  | 355         |
|    iterations           | 26          |
|    time_elapsed         | 1794        |
|    total_timesteps      | 638976      |
| train/                  |             |
|    approx_kl            | 0.009493633 |
|    clip_fraction        | 0.139       |
|    clip_range           | 0.2         |
|    entropy_loss         | -0.959      |
|    explained_variance   | 0.692       |
|    learning_rate        | 0.0003      |
|    loss                 | -0.0256     |
|    n_updates            | 125         |
|    policy_gradient_loss | -0.0132     |
|    value_loss           | 0.0067      |
-----------------------------------------
-----------------------------------------
| rollout/                |             |
|    ep_len_mean          | 50.2        |
|    ep_rew_mean          | 125         |
| time/                   |             |
|    fps                  | 355         |
|    iterations           | 27          |
|    time_elapsed         | 1868        |
|    total_timesteps      | 663552      |
| train/                  |             |
|    approx_kl            | 0.009101149 |
|    clip_fraction        | 0.136       |
|    clip_range           | 0.2         |
|    entropy_loss         | -0.864      |
|    explained_variance   | 0.717       |
|    learning_rate        | 0.0003      |
|    loss                 | -0.00829    |
|    n_updates            | 130         |
|    policy_gradient_loss | -0.0126     |
|    value_loss           | 0.00571     |
-----------------------------------------
-----------------------------------------
| rollout/                |             |
|    ep_len_mean          | 49.5        |
|    ep_rew_mean          | 125         |
| time/                   |             |
|    fps                  | 354         |
|    iterations           | 28          |
|    time_elapsed         | 1940        |
|    total_timesteps      | 688128      |
| train/                  |             |
|    approx_kl            | 0.007922028 |
|    clip_fraction        | 0.11        |
|    clip_range           | 0.2         |
|    entropy_loss         | -0.766      |
|    explained_variance   | 0.741       |
|    learning_rate        | 0.0003      |
|    loss                 | -0.0168     |
|    n_updates            | 135         |
|    policy_gradient_loss | -0.0108     |
|    value_loss           | 0.00514     |
-----------------------------------------
------------------------------------------
| rollout/                |              |
|    ep_len_mean          | 48.9         |
|    ep_rew_mean          | 126          |
| time/                   |              |
|    fps                  | 354          |
|    iterations           | 29           |
|    time_elapsed         | 2008         |
|    total_timesteps      | 712704       |
| train/                  |              |
|    approx_kl            | 0.0072089746 |
|    clip_fraction        | 0.0997       |
|    clip_range           | 0.2          |
|    entropy_loss         | -0.711       |
|    explained_variance   | 0.752        |
|    learning_rate        | 0.0003       |
|    loss                 | -0.0249      |
|    n_updates            | 140          |
|    policy_gradient_loss | -0.0103      |
|    value_loss           | 0.0048       |
------------------------------------------
-----------------------------------------
| rollout/                |             |
|    ep_len_mean          | 49.8        |
|    ep_rew_mean          | 127         |
| time/                   |             |
|    fps                  | 354         |
|    iterations           | 30          |
|    time_elapsed         | 2076        |
|    total_timesteps      | 737280      |
| train/                  |             |
|    approx_kl            | 0.008611829 |
|    clip_fraction        | 0.0823      |
|    clip_range           | 0.2         |
|    entropy_loss         | -0.664      |
|    explained_variance   | 0.754       |
|    learning_rate        | 0.0003      |
|    loss                 | -0.0122     |
|    n_updates            | 145         |
|    policy_gradient_loss | -0.00778    |
|    value_loss           | 0.00489     |
-----------------------------------------
------------------------------------------
| rollout/                |              |
|    ep_len_mean          | 49.5         |
|    ep_rew_mean          | 127          |
| time/                   |              |
|    fps                  | 354          |
|    iterations           | 31           |
|    time_elapsed         | 2146         |
|    total_timesteps      | 761856       |
| train/                  |              |
|    approx_kl            | 0.0075320327 |
|    clip_fraction        | 0.0833       |
|    clip_range           | 0.2          |
|    entropy_loss         | -0.653       |
|    explained_variance   | 0.692        |
|    learning_rate        | 0.0003       |
|    loss                 | -0.00254     |
|    n_updates            | 150          |
|    policy_gradient_loss | -0.00824     |
|    value_loss           | 0.00689      |
------------------------------------------
-----------------------------------------
| rollout/                |             |
|    ep_len_mean          | 51.6        |
|    ep_rew_mean          | 130         |
| time/                   |             |
|    fps                  | 354         |
|    iterations           | 32          |
|    time_elapsed         | 2219        |
|    total_timesteps      | 786432      |
| train/                  |             |
|    approx_kl            | 0.008800591 |
|    clip_fraction        | 0.0699      |
|    clip_range           | 0.2         |
|    entropy_loss         | -0.709      |
|    explained_variance   | 0.968       |
|    learning_rate        | 0.0003      |
|    loss                 | -0.00853    |
|    n_updates            | 155         |
|    policy_gradient_loss | -0.00662    |
|    value_loss           | 0.00908     |
-----------------------------------------
-----------------------------------------
| rollout/                |             |
|    ep_len_mean          | 98.3        |
|    ep_rew_mean          | 128         |
| time/                   |             |
|    fps                  | 353         |
|    iterations           | 33          |
|    time_elapsed         | 2292        |
|    total_timesteps      | 811008      |
| train/                  |             |
|    approx_kl            | 0.008191022 |
|    clip_fraction        | 0.068       |
|    clip_range           | 0.2         |
|    entropy_loss         | -0.965      |
|    explained_variance   | 0.99        |
|    learning_rate        | 0.0003      |
|    loss                 | 0.000372    |
|    n_updates            | 160         |
|    policy_gradient_loss | -0.00476    |
|    value_loss           | 0.0288      |
-----------------------------------------
------------------------------------------
| rollout/                |              |
|    ep_len_mean          | 51.2         |
|    ep_rew_mean          | 131          |
| time/                   |              |
|    fps                  | 353          |
|    iterations           | 34           |
|    time_elapsed         | 2364         |
|    total_timesteps      | 835584       |
| train/                  |              |
|    approx_kl            | 0.0065384842 |
|    clip_fraction        | 0.0763       |
|    clip_range           | 0.2          |
|    entropy_loss         | -0.95        |
|    explained_variance   | 0.996        |
|    learning_rate        | 0.0003       |
|    loss                 | -0.0145      |
|    n_updates            | 165          |
|    policy_gradient_loss | -0.00306     |
|    value_loss           | 0.0178       |
------------------------------------------
-----------------------------------------
| rollout/                |             |
|    ep_len_mean          | 51.9        |
|    ep_rew_mean          | 132         |
| time/                   |             |
|    fps                  | 353         |
|    iterations           | 35          |
|    time_elapsed         | 2436        |
|    total_timesteps      | 860160      |
| train/                  |             |
|    approx_kl            | 0.008169089 |
|    clip_fraction        | 0.0707      |
|    clip_range           | 0.2         |
|    entropy_loss         | -0.787      |
|    explained_variance   | 0.992       |
|    learning_rate        | 0.0003      |
|    loss                 | -0.0137     |
|    n_updates            | 170         |
|    policy_gradient_loss | -0.00612    |
|    value_loss           | 0.0184      |
-----------------------------------------
-----------------------------------------
| rollout/                |             |
|    ep_len_mean          | 99.8        |
|    ep_rew_mean          | 129         |
| time/                   |             |
|    fps                  | 352         |
|    iterations           | 36          |
|    time_elapsed         | 2507        |
|    total_timesteps      | 884736      |
| train/                  |             |
|    approx_kl            | 0.008075344 |
|    clip_fraction        | 0.0753      |
|    clip_range           | 0.2         |
|    entropy_loss         | -0.78       |
|    explained_variance   | 0.996       |
|    learning_rate        | 0.0003      |
|    loss                 | -0.00982    |
|    n_updates            | 175         |
|    policy_gradient_loss | -0.00595    |
|    value_loss           | 0.0117      |
-----------------------------------------
-----------------------------------------
| rollout/                |             |
|    ep_len_mean          | 54.3        |
|    ep_rew_mean          | 133         |
| time/                   |             |
|    fps                  | 352         |
|    iterations           | 37          |
|    time_elapsed         | 2579        |
|    total_timesteps      | 909312      |
| train/                  |             |
|    approx_kl            | 0.004660169 |
|    clip_fraction        | 0.0571      |
|    clip_range           | 0.2         |
|    entropy_loss         | -0.657      |
|    explained_variance   | 0.992       |
|    learning_rate        | 0.0003      |
|    loss                 | -0.00181    |
|    n_updates            | 180         |
|    policy_gradient_loss | -0.0041     |
|    value_loss           | 0.0136      |
-----------------------------------------
-----------------------------------------
| rollout/                |             |
|    ep_len_mean          | 73.9        |
|    ep_rew_mean          | 132         |
| time/                   |             |
|    fps                  | 352         |
|    iterations           | 38          |
|    time_elapsed         | 2649        |
|    total_timesteps      | 933888      |
| train/                  |             |
|    approx_kl            | 0.007275816 |
|    clip_fraction        | 0.0715      |
|    clip_range           | 0.2         |
|    entropy_loss         | -0.654      |
|    explained_variance   | 0.971       |
|    learning_rate        | 0.0003      |
|    loss                 | -0.000153   |
|    n_updates            | 185         |
|    policy_gradient_loss | -0.0038     |
|    value_loss           | 0.0277      |
-----------------------------------------
-----------------------------------------
| rollout/                |             |
|    ep_len_mean          | 98.4        |
|    ep_rew_mean          | 133         |
| time/                   |             |
|    fps                  | 352         |
|    iterations           | 39          |
|    time_elapsed         | 2717        |
|    total_timesteps      | 958464      |
| train/                  |             |
|    approx_kl            | 0.018836746 |
|    clip_fraction        | 0.0648      |
|    clip_range           | 0.2         |
|    entropy_loss         | -0.928      |
|    explained_variance   | 0.989       |
|    learning_rate        | 0.0003      |
|    loss                 | -0.00382    |
|    n_updates            | 190         |
|    policy_gradient_loss | -0.00516    |
|    value_loss           | 0.0272      |
-----------------------------------------
------------------------------------------
| rollout/                |              |
|    ep_len_mean          | 53.1         |
|    ep_rew_mean          | 135          |
| time/                   |              |
|    fps                  | 352          |
|    iterations           | 40           |
|    time_elapsed         | 2787         |
|    total_timesteps      | 983040       |
| train/                  |              |
|    approx_kl            | 0.0057154023 |
|    clip_fraction        | 0.0558       |
|    clip_range           | 0.2          |
|    entropy_loss         | -0.689       |
|    explained_variance   | 0.994        |
|    learning_rate        | 0.0003       |
|    loss                 | -0.003       |
|    n_updates            | 195          |
|    policy_gradient_loss | -0.00445     |
|    value_loss           | 0.0108       |
------------------------------------------
[Checkpoint] Saved at 1000000 steps > /home/runner/work/Disciples2-RL/Disciples2-RL/github_experiments/119/default/blue_dragon/seed119-default-blue_dragon-29849755044-1/checkpoints/campaign_ppo_step_1000000.zip
Eval num_timesteps=1000008, det_reward=135.86 +/- 0.01
Episode length: det=53.15 +/- 2.10
Victory rate: det=100.00%
--------------------------------------------------
| eval/                           |              |
|    deterministic_mean_ep_length | 53.1         |
|    deterministic_mean_reward    | 136          |
|    deterministic_victory_rate   | 1            |
|    mean_ep_length               | 53.1         |
|    mean_reward                  | 136          |
|    victory_rate                 | 1            |
| time/                           |              |
|    total_timesteps              | 1000008      |
| train/                          |              |
|    approx_kl                    | 0.0054365247 |
|    clip_fraction                | 0.0522       |
|    clip_range                   | 0.2          |
|    entropy_loss                 | -0.483       |
|    explained_variance           | 0.997        |
|    learning_rate                | 0.0003       |
|    loss                         | -0.00521     |
|    n_updates                    | 200          |
|    policy_gradient_loss         | -0.00335     |
|    value_loss                   | 0.00332      |
--------------------------------------------------
New best model by deterministic victory rate!
---------------------------------
| rollout/           |          |
|    ep_len_mean     | 53.6     |
|    ep_rew_mean     | 135      |
| time/              |          |
|    fps             | 352      |
|    iterations      | 41       |
|    time_elapsed    | 2861     |
|    total_timesteps | 1007616  |
---------------------------------
VecNormalize stats saved: /home/runner/work/Disciples2-RL/Disciples2-RL/github_experiments/119/default/blue_dragon/seed119-default-blue_dragon-29849755044-1/models/vecnormalize.pkl

Финальная модель сохранена: /home/runner/work/Disciples2-RL/Disciples2-RL/github_experiments/119/default/blue_dragon/seed119-default-blue_dragon-29849755044-1/models/final_model.zip

============================================================
ИТОГИ ОБУЧЕНИЯ:
  Побед: 10414
  Поражений: 8
  Таймаутов: 25
  Побед бота столицы над врагами: 0
  Перестановок юнитов: 159404
  Терминальные поражения по противникам:
    enemy_75: 7 — Страж столицы Империи: Мизраэль
    enemy_33: 1 — Отряд Кордилии: Тифас (Рыцарь смерти), Злой дух, Призрак, Привидение
  Winrate: 99.7%
============================================================
  График призывов за эпизод: /home/runner/work/Disciples2-RL/Disciples2-RL/github_experiments/119/default/blue_dragon/seed119-default-blue_dragon-29849755044-1/plots/campaign_summoned_units_per_episode.png
  График призывов за всё обучение: /home/runner/work/Disciples2-RL/Disciples2-RL/github_experiments/119/default/blue_dragon/seed119-default-blue_dragon-29849755044-1/plots/campaign_summoned_units_cumulative.png
  График найма за эпизод: /home/runner/work/Disciples2-RL/Disciples2-RL/github_experiments/119/default/blue_dragon/seed119-default-blue_dragon-29849755044-1/plots/campaign_hired_units_per_episode.png
  График найма за всё обучение: /home/runner/work/Disciples2-RL/Disciples2-RL/github_experiments/119/default/blue_dragon/seed119-default-blue_dragon-29849755044-1/plots/campaign_hired_units_cumulative.png
  График перестановок юнитов за эпизод: /home/runner/work/Disciples2-RL/Disciples2-RL/github_experiments/119/default/blue_dragon/seed119-default-blue_dragon-29849755044-1/plots/campaign_unit_swaps_per_episode.png
  График боевых предметов: /home/runner/work/Disciples2-RL/Disciples2-RL/github_experiments/119/default/blue_dragon/seed119-default-blue_dragon-29849755044-1/plots/campaign_battle_item_activity.png
  График побед бота столицы за эпизод: /home/runner/work/Disciples2-RL/Disciples2-RL/github_experiments/119/default/blue_dragon/seed119-default-blue_dragon-29849755044-1/plots/campaign_scripted_bot_victories_per_episode.png
  График применения заклинаний: /home/runner/work/Disciples2-RL/Disciples2-RL/github_experiments/119/default/blue_dragon/seed119-default-blue_dragon-29849755044-1/plots/campaign_spell_cast_activity.png
