Проверка среды CampaignEnv...
Среда прошла проверку!
[INFO] Comet disabled, running without experiment tracking
Создание 12 параллельных сред (subproc)...
Инициализация MaskablePPO...
Using cpu device

============================================================
Запуск обучения Campaign Agent
Всего шагов: 1,000,000
Параллельных сред: 12
VecEnv: subproc
VecEnv start method: forkserver
Seed: 104
Checkpoint каждые: 500,000 шагов
Evaluation каждые: 83,334 шагов
Eval deterministic эпизодов: 20
Eval stochastic эпизодов: 0
Eval лимит шагов на эпизод: 5000
Campaign objective: dragon
System resources at training start:
  Platform: Linux 6.17.0-1018-azure (x86_64)
  Python: 3.14.6
  PyTorch: 2.13.0+cpu
  Training device: cpu
  CPU model: AMD EPYC 7763 64-Core Processor
  CPU vendor: AuthenticAMD
  Logical CPUs visible: 4
  Process CPU affinity: 4
  Sockets: 1
  Cores per socket: 2
  Threads per core: 2
  CPU max MHz: unknown
  CPU min MHz: unknown
  L1d cache: 64 KiB (2 instances)
  L1i cache: 64 KiB (2 instances)
  L2 cache: 1 MiB (2 instances)
  L3 cache: 32 MiB (1 instance)
  Virtualization: AMD-V
  Hypervisor: Microsoft
  RAM total: 15.61 GiB
  RAM available at start: 13.92 GiB
  Disk total: 144.26 GiB
  Disk free at start: 86.20 GiB
  Torch intra-op threads: 4
  Torch inter-op threads: 2
  OMP_NUM_THREADS: 4
  MKL_NUM_THREADS: 4
  OPENBLAS_NUM_THREADS: 4
  GitHub runner OS: Linux
  GitHub runner architecture: X64
  GitHub runner environment: github-hosted
PPO n_steps: 2,048
PPO batch_size: 512
PPO n_epochs: 5
PPO learning_rate: 0.0003
PPO clip_range: 0.2
PPO ent_coef: 0.01
PPO gamma: 0.995
PPO gae_lambda: 0.95
PPO target_kl: disabled
PPO gradient batches per rollout: 240
VecCheckNan: disabled
Freeze action layout: enabled
Empire territory: enabled
Torch threads per process: 4
Diagnostics: disabled
Wall-clock training limit: disabled
Run ID: seed104-green_dragon-29273432900-1
============================================================

Logging to /home/runner/work/Disciples2-RL/Disciples2-RL/github_experiments/104/green_dragon/seed104-green_dragon-29273432900-1/tensorboard/MaskablePPO_1
---------------------------------
| rollout/           |          |
|    ep_len_mean     | 255      |
|    ep_rew_mean     | 3.67     |
| time/              |          |
|    fps             | 444      |
|    iterations      | 1        |
|    time_elapsed    | 55       |
|    total_timesteps | 24576    |
---------------------------------
-----------------------------------------
| rollout/                |             |
|    ep_len_mean          | 289         |
|    ep_rew_mean          | 4.87        |
| time/                   |             |
|    fps                  | 412         |
|    iterations           | 2           |
|    time_elapsed         | 119         |
|    total_timesteps      | 49152       |
| train/                  |             |
|    approx_kl            | 0.010383385 |
|    clip_fraction        | 0.0855      |
|    clip_range           | 0.2         |
|    entropy_loss         | -2.22       |
|    explained_variance   | 0.202       |
|    learning_rate        | 0.0003      |
|    loss                 | 0.0343      |
|    n_updates            | 5           |
|    policy_gradient_loss | -0.00693    |
|    value_loss           | 0.216       |
-----------------------------------------
------------------------------------------
| rollout/                |              |
|    ep_len_mean          | 407          |
|    ep_rew_mean          | 4.31         |
| time/                   |              |
|    fps                  | 399          |
|    iterations           | 3            |
|    time_elapsed         | 184          |
|    total_timesteps      | 73728        |
| train/                  |              |
|    approx_kl            | 0.0089616245 |
|    clip_fraction        | 0.0949       |
|    clip_range           | 0.2          |
|    entropy_loss         | -2.2         |
|    explained_variance   | 0.627        |
|    learning_rate        | 0.0003       |
|    loss                 | 0.0179       |
|    n_updates            | 10           |
|    policy_gradient_loss | -0.0086      |
|    value_loss           | 0.14         |
------------------------------------------
-----------------------------------------
| rollout/                |             |
|    ep_len_mean          | 529         |
|    ep_rew_mean          | 5.91        |
| time/                   |             |
|    fps                  | 397         |
|    iterations           | 4           |
|    time_elapsed         | 247         |
|    total_timesteps      | 98304       |
| train/                  |             |
|    approx_kl            | 0.010090515 |
|    clip_fraction        | 0.0897      |
|    clip_range           | 0.2         |
|    entropy_loss         | -2.18       |
|    explained_variance   | 0.838       |
|    learning_rate        | 0.0003      |
|    loss                 | 0.00785     |
|    n_updates            | 15          |
|    policy_gradient_loss | -0.0076     |
|    value_loss           | 0.0671      |
-----------------------------------------
-----------------------------------------
| rollout/                |             |
|    ep_len_mean          | 375         |
|    ep_rew_mean          | 12.1        |
| time/                   |             |
|    fps                  | 397         |
|    iterations           | 5           |
|    time_elapsed         | 308         |
|    total_timesteps      | 122880      |
| train/                  |             |
|    approx_kl            | 0.011360041 |
|    clip_fraction        | 0.108       |
|    clip_range           | 0.2         |
|    entropy_loss         | -2.14       |
|    explained_variance   | 0.881       |
|    learning_rate        | 0.0003      |
|    loss                 | -0.0114     |
|    n_updates            | 20          |
|    policy_gradient_loss | -0.0088     |
|    value_loss           | 0.0573      |
-----------------------------------------
-----------------------------------------
| rollout/                |             |
|    ep_len_mean          | 303         |
|    ep_rew_mean          | 13.8        |
| time/                   |             |
|    fps                  | 398         |
|    iterations           | 6           |
|    time_elapsed         | 369         |
|    total_timesteps      | 147456      |
| train/                  |             |
|    approx_kl            | 0.009496727 |
|    clip_fraction        | 0.0954      |
|    clip_range           | 0.2         |
|    entropy_loss         | -2.08       |
|    explained_variance   | 0.859       |
|    learning_rate        | 0.0003      |
|    loss                 | -0.00342    |
|    n_updates            | 25          |
|    policy_gradient_loss | -0.0075     |
|    value_loss           | 0.0738      |
-----------------------------------------
----------------------------------------
| rollout/                |            |
|    ep_len_mean          | 274        |
|    ep_rew_mean          | 15.1       |
| time/                   |            |
|    fps                  | 399        |
|    iterations           | 7          |
|    time_elapsed         | 430        |
|    total_timesteps      | 172032     |
| train/                  |            |
|    approx_kl            | 0.00921674 |
|    clip_fraction        | 0.106      |
|    clip_range           | 0.2        |
|    entropy_loss         | -2.08      |
|    explained_variance   | 0.858      |
|    learning_rate        | 0.0003     |
|    loss                 | 0.0304     |
|    n_updates            | 30         |
|    policy_gradient_loss | -0.00809   |
|    value_loss           | 0.0866     |
----------------------------------------
-----------------------------------------
| rollout/                |             |
|    ep_len_mean          | 266         |
|    ep_rew_mean          | 17.3        |
| time/                   |             |
|    fps                  | 401         |
|    iterations           | 8           |
|    time_elapsed         | 489         |
|    total_timesteps      | 196608      |
| train/                  |             |
|    approx_kl            | 0.008037623 |
|    clip_fraction        | 0.0744      |
|    clip_range           | 0.2         |
|    entropy_loss         | -2.09       |
|    explained_variance   | 0.853       |
|    learning_rate        | 0.0003      |
|    loss                 | 0.0187      |
|    n_updates            | 35          |
|    policy_gradient_loss | -0.00646    |
|    value_loss           | 0.0934      |
-----------------------------------------
-----------------------------------------
| rollout/                |             |
|    ep_len_mean          | 226         |
|    ep_rew_mean          | 16.4        |
| time/                   |             |
|    fps                  | 402         |
|    iterations           | 9           |
|    time_elapsed         | 549         |
|    total_timesteps      | 221184      |
| train/                  |             |
|    approx_kl            | 0.008652448 |
|    clip_fraction        | 0.0777      |
|    clip_range           | 0.2         |
|    entropy_loss         | -2          |
|    explained_variance   | 0.851       |
|    learning_rate        | 0.0003      |
|    loss                 | 0.0181      |
|    n_updates            | 40          |
|    policy_gradient_loss | -0.00659    |
|    value_loss           | 0.109       |
-----------------------------------------
-----------------------------------------
| rollout/                |             |
|    ep_len_mean          | 239         |
|    ep_rew_mean          | 17.9        |
| time/                   |             |
|    fps                  | 404         |
|    iterations           | 10          |
|    time_elapsed         | 607         |
|    total_timesteps      | 245760      |
| train/                  |             |
|    approx_kl            | 0.008797232 |
|    clip_fraction        | 0.0792      |
|    clip_range           | 0.2         |
|    entropy_loss         | -1.95       |
|    explained_variance   | 0.835       |
|    learning_rate        | 0.0003      |
|    loss                 | 0.0352      |
|    n_updates            | 45          |
|    policy_gradient_loss | -0.00635    |
|    value_loss           | 0.118       |
-----------------------------------------
-----------------------------------------
| rollout/                |             |
|    ep_len_mean          | 243         |
|    ep_rew_mean          | 20.9        |
| time/                   |             |
|    fps                  | 404         |
|    iterations           | 11          |
|    time_elapsed         | 668         |
|    total_timesteps      | 270336      |
| train/                  |             |
|    approx_kl            | 0.008199423 |
|    clip_fraction        | 0.0731      |
|    clip_range           | 0.2         |
|    entropy_loss         | -1.96       |
|    explained_variance   | 0.831       |
|    learning_rate        | 0.0003      |
|    loss                 | 0.0264      |
|    n_updates            | 50          |
|    policy_gradient_loss | -0.00574    |
|    value_loss           | 0.118       |
-----------------------------------------
-----------------------------------------
| rollout/                |             |
|    ep_len_mean          | 221         |
|    ep_rew_mean          | 19.6        |
| time/                   |             |
|    fps                  | 405         |
|    iterations           | 12          |
|    time_elapsed         | 727         |
|    total_timesteps      | 294912      |
| train/                  |             |
|    approx_kl            | 0.008377195 |
|    clip_fraction        | 0.0891      |
|    clip_range           | 0.2         |
|    entropy_loss         | -1.93       |
|    explained_variance   | 0.842       |
|    learning_rate        | 0.0003      |
|    loss                 | 0.0181      |
|    n_updates            | 55          |
|    policy_gradient_loss | -0.00635    |
|    value_loss           | 0.109       |
-----------------------------------------
-----------------------------------------
| rollout/                |             |
|    ep_len_mean          | 239         |
|    ep_rew_mean          | 23.6        |
| time/                   |             |
|    fps                  | 406         |
|    iterations           | 13          |
|    time_elapsed         | 786         |
|    total_timesteps      | 319488      |
| train/                  |             |
|    approx_kl            | 0.008788574 |
|    clip_fraction        | 0.0837      |
|    clip_range           | 0.2         |
|    entropy_loss         | -1.91       |
|    explained_variance   | 0.836       |
|    learning_rate        | 0.0003      |
|    loss                 | 0.0372      |
|    n_updates            | 60          |
|    policy_gradient_loss | -0.00578    |
|    value_loss           | 0.118       |
-----------------------------------------
------------------------------------------
| rollout/                |              |
|    ep_len_mean          | 254          |
|    ep_rew_mean          | 25.3         |
| time/                   |              |
|    fps                  | 407          |
|    iterations           | 14           |
|    time_elapsed         | 844          |
|    total_timesteps      | 344064       |
| train/                  |              |
|    approx_kl            | 0.0070952885 |
|    clip_fraction        | 0.0697       |
|    clip_range           | 0.2          |
|    entropy_loss         | -1.87        |
|    explained_variance   | 0.788        |
|    learning_rate        | 0.0003       |
|    loss                 | 0.0412       |
|    n_updates            | 65           |
|    policy_gradient_loss | -0.00541     |
|    value_loss           | 0.132        |
------------------------------------------
------------------------------------------
| rollout/                |              |
|    ep_len_mean          | 249          |
|    ep_rew_mean          | 27.9         |
| time/                   |              |
|    fps                  | 408          |
|    iterations           | 15           |
|    time_elapsed         | 902          |
|    total_timesteps      | 368640       |
| train/                  |              |
|    approx_kl            | 0.0075333994 |
|    clip_fraction        | 0.0644       |
|    clip_range           | 0.2          |
|    entropy_loss         | -1.81        |
|    explained_variance   | 0.852        |
|    learning_rate        | 0.0003       |
|    loss                 | 0.0384       |
|    n_updates            | 70           |
|    policy_gradient_loss | -0.00522     |
|    value_loss           | 0.115        |
------------------------------------------
----------------------------------------
| rollout/                |            |
|    ep_len_mean          | 273        |
|    ep_rew_mean          | 30         |
| time/                   |            |
|    fps                  | 408        |
|    iterations           | 16         |
|    time_elapsed         | 961        |
|    total_timesteps      | 393216     |
| train/                  |            |
|    approx_kl            | 0.00800929 |
|    clip_fraction        | 0.084      |
|    clip_range           | 0.2        |
|    entropy_loss         | -1.78      |
|    explained_variance   | 0.85       |
|    learning_rate        | 0.0003     |
|    loss                 | 0.0237     |
|    n_updates            | 75         |
|    policy_gradient_loss | -0.00706   |
|    value_loss           | 0.119      |
----------------------------------------
-----------------------------------------
| rollout/                |             |
|    ep_len_mean          | 270         |
|    ep_rew_mean          | 34.6        |
| time/                   |             |
|    fps                  | 409         |
|    iterations           | 17          |
|    time_elapsed         | 1020        |
|    total_timesteps      | 417792      |
| train/                  |             |
|    approx_kl            | 0.007694894 |
|    clip_fraction        | 0.0665      |
|    clip_range           | 0.2         |
|    entropy_loss         | -1.77       |
|    explained_variance   | 0.851       |
|    learning_rate        | 0.0003      |
|    loss                 | 0.0312      |
|    n_updates            | 80          |
|    policy_gradient_loss | -0.00462    |
|    value_loss           | 0.17        |
-----------------------------------------
-----------------------------------------
| rollout/                |             |
|    ep_len_mean          | 481         |
|    ep_rew_mean          | 29.1        |
| time/                   |             |
|    fps                  | 409         |
|    iterations           | 18          |
|    time_elapsed         | 1080        |
|    total_timesteps      | 442368      |
| train/                  |             |
|    approx_kl            | 0.007537114 |
|    clip_fraction        | 0.068       |
|    clip_range           | 0.2         |
|    entropy_loss         | -1.78       |
|    explained_variance   | 0.907       |
|    learning_rate        | 0.0003      |
|    loss                 | 0.0869      |
|    n_updates            | 85          |
|    policy_gradient_loss | -0.00473    |
|    value_loss           | 0.147       |
-----------------------------------------
-----------------------------------------
| rollout/                |             |
|    ep_len_mean          | 325         |
|    ep_rew_mean          | 32.4        |
| time/                   |             |
|    fps                  | 409         |
|    iterations           | 19          |
|    time_elapsed         | 1141        |
|    total_timesteps      | 466944      |
| train/                  |             |
|    approx_kl            | 0.006893635 |
|    clip_fraction        | 0.062       |
|    clip_range           | 0.2         |
|    entropy_loss         | -1.78       |
|    explained_variance   | 0.903       |
|    learning_rate        | 0.0003      |
|    loss                 | 0.0288      |
|    n_updates            | 90          |
|    policy_gradient_loss | -0.00563    |
|    value_loss           | 0.0939      |
-----------------------------------------
-----------------------------------------
| rollout/                |             |
|    ep_len_mean          | 334         |
|    ep_rew_mean          | 36.6        |
| time/                   |             |
|    fps                  | 409         |
|    iterations           | 20          |
|    time_elapsed         | 1200        |
|    total_timesteps      | 491520      |
| train/                  |             |
|    approx_kl            | 0.008430903 |
|    clip_fraction        | 0.0807      |
|    clip_range           | 0.2         |
|    entropy_loss         | -1.74       |
|    explained_variance   | 0.789       |
|    learning_rate        | 0.0003      |
|    loss                 | 0.0294      |
|    n_updates            | 95          |
|    policy_gradient_loss | -0.00564    |
|    value_loss           | 0.101       |
-----------------------------------------
[Checkpoint] Saved at 500000 steps > /home/runner/work/Disciples2-RL/Disciples2-RL/github_experiments/104/green_dragon/seed104-green_dragon-29273432900-1/checkpoints/campaign_ppo_step_500000.zip
-----------------------------------------
| rollout/                |             |
|    ep_len_mean          | 404         |
|    ep_rew_mean          | 40.1        |
| time/                   |             |
|    fps                  | 408         |
|    iterations           | 21          |
|    time_elapsed         | 1262        |
|    total_timesteps      | 516096      |
| train/                  |             |
|    approx_kl            | 0.007136863 |
|    clip_fraction        | 0.0636      |
|    clip_range           | 0.2         |
|    entropy_loss         | -1.74       |
|    explained_variance   | 0.79        |
|    learning_rate        | 0.0003      |
|    loss                 | 0.0189      |
|    n_updates            | 100         |
|    policy_gradient_loss | -0.00381    |
|    value_loss           | 0.128       |
-----------------------------------------
-----------------------------------------
| rollout/                |             |
|    ep_len_mean          | 519         |
|    ep_rew_mean          | 39.6        |
| time/                   |             |
|    fps                  | 408         |
|    iterations           | 22          |
|    time_elapsed         | 1322        |
|    total_timesteps      | 540672      |
| train/                  |             |
|    approx_kl            | 0.008722125 |
|    clip_fraction        | 0.0683      |
|    clip_range           | 0.2         |
|    entropy_loss         | -1.78       |
|    explained_variance   | 0.923       |
|    learning_rate        | 0.0003      |
|    loss                 | -0.00433    |
|    n_updates            | 105         |
|    policy_gradient_loss | -0.00486    |
|    value_loss           | 0.0618      |
-----------------------------------------
-----------------------------------------
| rollout/                |             |
|    ep_len_mean          | 401         |
|    ep_rew_mean          | 38          |
| time/                   |             |
|    fps                  | 408         |
|    iterations           | 23          |
|    time_elapsed         | 1383        |
|    total_timesteps      | 565248      |
| train/                  |             |
|    approx_kl            | 0.006925354 |
|    clip_fraction        | 0.062       |
|    clip_range           | 0.2         |
|    entropy_loss         | -1.74       |
|    explained_variance   | 0.929       |
|    learning_rate        | 0.0003      |
|    loss                 | -0.000156   |
|    n_updates            | 110         |
|    policy_gradient_loss | -0.00406    |
|    value_loss           | 0.0733      |
-----------------------------------------
-----------------------------------------
| rollout/                |             |
|    ep_len_mean          | 399         |
|    ep_rew_mean          | 39.7        |
| time/                   |             |
|    fps                  | 408         |
|    iterations           | 24          |
|    time_elapsed         | 1444        |
|    total_timesteps      | 589824      |
| train/                  |             |
|    approx_kl            | 0.006929497 |
|    clip_fraction        | 0.0616      |
|    clip_range           | 0.2         |
|    entropy_loss         | -1.71       |
|    explained_variance   | 0.907       |
|    learning_rate        | 0.0003      |
|    loss                 | 0.0135      |
|    n_updates            | 115         |
|    policy_gradient_loss | -0.00424    |
|    value_loss           | 0.0783      |
-----------------------------------------
-----------------------------------------
| rollout/                |             |
|    ep_len_mean          | 513         |
|    ep_rew_mean          | 45.7        |
| time/                   |             |
|    fps                  | 407         |
|    iterations           | 25          |
|    time_elapsed         | 1506        |
|    total_timesteps      | 614400      |
| train/                  |             |
|    approx_kl            | 0.008077101 |
|    clip_fraction        | 0.0593      |
|    clip_range           | 0.2         |
|    entropy_loss         | -1.75       |
|    explained_variance   | 0.845       |
|    learning_rate        | 0.0003      |
|    loss                 | 0.0299      |
|    n_updates            | 120         |
|    policy_gradient_loss | -0.00396    |
|    value_loss           | 0.111       |
-----------------------------------------
-----------------------------------------
| rollout/                |             |
|    ep_len_mean          | 645         |
|    ep_rew_mean          | 48          |
| time/                   |             |
|    fps                  | 407         |
|    iterations           | 26          |
|    time_elapsed         | 1569        |
|    total_timesteps      | 638976      |
| train/                  |             |
|    approx_kl            | 0.006937312 |
|    clip_fraction        | 0.0555      |
|    clip_range           | 0.2         |
|    entropy_loss         | -1.8        |
|    explained_variance   | 0.854       |
|    learning_rate        | 0.0003      |
|    loss                 | 0.0134      |
|    n_updates            | 125         |
|    policy_gradient_loss | -0.00339    |
|    value_loss           | 0.101       |
-----------------------------------------
-----------------------------------------
| rollout/                |             |
|    ep_len_mean          | 735         |
|    ep_rew_mean          | 54.4        |
| time/                   |             |
|    fps                  | 407         |
|    iterations           | 27          |
|    time_elapsed         | 1630        |
|    total_timesteps      | 663552      |
| train/                  |             |
|    approx_kl            | 0.006956766 |
|    clip_fraction        | 0.0483      |
|    clip_range           | 0.2         |
|    entropy_loss         | -1.79       |
|    explained_variance   | 0.816       |
|    learning_rate        | 0.0003      |
|    loss                 | 0.0628      |
|    n_updates            | 130         |
|    policy_gradient_loss | -0.00232    |
|    value_loss           | 0.12        |
-----------------------------------------
-----------------------------------------
| rollout/                |             |
|    ep_len_mean          | 519         |
|    ep_rew_mean          | 48.4        |
| time/                   |             |
|    fps                  | 406         |
|    iterations           | 28          |
|    time_elapsed         | 1691        |
|    total_timesteps      | 688128      |
| train/                  |             |
|    approx_kl            | 0.008636876 |
|    clip_fraction        | 0.0783      |
|    clip_range           | 0.2         |
|    entropy_loss         | -1.71       |
|    explained_variance   | 0.897       |
|    learning_rate        | 0.0003      |
|    loss                 | 0.00358     |
|    n_updates            | 135         |
|    policy_gradient_loss | -0.0059     |
|    value_loss           | 0.0586      |
-----------------------------------------
------------------------------------------
| rollout/                |              |
|    ep_len_mean          | 380          |
|    ep_rew_mean          | 45.2         |
| time/                   |              |
|    fps                  | 406          |
|    iterations           | 29           |
|    time_elapsed         | 1751         |
|    total_timesteps      | 712704       |
| train/                  |              |
|    approx_kl            | 0.0070728646 |
|    clip_fraction        | 0.0636       |
|    clip_range           | 0.2          |
|    entropy_loss         | -1.66        |
|    explained_variance   | 0.77         |
|    learning_rate        | 0.0003       |
|    loss                 | 0.0148       |
|    n_updates            | 140          |
|    policy_gradient_loss | -0.00424     |
|    value_loss           | 0.132        |
------------------------------------------
-----------------------------------------
| rollout/                |             |
|    ep_len_mean          | 418         |
|    ep_rew_mean          | 50.1        |
| time/                   |             |
|    fps                  | 407         |
|    iterations           | 30          |
|    time_elapsed         | 1810        |
|    total_timesteps      | 737280      |
| train/                  |             |
|    approx_kl            | 0.006085608 |
|    clip_fraction        | 0.0455      |
|    clip_range           | 0.2         |
|    entropy_loss         | -1.65       |
|    explained_variance   | 0.809       |
|    learning_rate        | 0.0003      |
|    loss                 | 0.0217      |
|    n_updates            | 145         |
|    policy_gradient_loss | -0.0032     |
|    value_loss           | 0.124       |
-----------------------------------------
------------------------------------------
| rollout/                |              |
|    ep_len_mean          | 430          |
|    ep_rew_mean          | 51.5         |
| time/                   |              |
|    fps                  | 407          |
|    iterations           | 31           |
|    time_elapsed         | 1869         |
|    total_timesteps      | 761856       |
| train/                  |              |
|    approx_kl            | 0.0074340054 |
|    clip_fraction        | 0.0654       |
|    clip_range           | 0.2          |
|    entropy_loss         | -1.63        |
|    explained_variance   | 0.796        |
|    learning_rate        | 0.0003       |
|    loss                 | 0.0631       |
|    n_updates            | 150          |
|    policy_gradient_loss | -0.00363     |
|    value_loss           | 0.14         |
------------------------------------------
-----------------------------------------
| rollout/                |             |
|    ep_len_mean          | 475         |
|    ep_rew_mean          | 49.9        |
| time/                   |             |
|    fps                  | 407         |
|    iterations           | 32          |
|    time_elapsed         | 1928        |
|    total_timesteps      | 786432      |
| train/                  |             |
|    approx_kl            | 0.008135942 |
|    clip_fraction        | 0.0597      |
|    clip_range           | 0.2         |
|    entropy_loss         | -1.65       |
|    explained_variance   | 0.851       |
|    learning_rate        | 0.0003      |
|    loss                 | 0.00695     |
|    n_updates            | 155         |
|    policy_gradient_loss | -0.00449    |
|    value_loss           | 0.0944      |
-----------------------------------------
-----------------------------------------
| rollout/                |             |
|    ep_len_mean          | 629         |
|    ep_rew_mean          | 54.8        |
| time/                   |             |
|    fps                  | 407         |
|    iterations           | 33          |
|    time_elapsed         | 1987        |
|    total_timesteps      | 811008      |
| train/                  |             |
|    approx_kl            | 0.006519757 |
|    clip_fraction        | 0.0577      |
|    clip_range           | 0.2         |
|    entropy_loss         | -1.66       |
|    explained_variance   | 0.884       |
|    learning_rate        | 0.0003      |
|    loss                 | 0.0923      |
|    n_updates            | 160         |
|    policy_gradient_loss | -0.0033     |
|    value_loss           | 0.118       |
-----------------------------------------
------------------------------------------
| rollout/                |              |
|    ep_len_mean          | 606          |
|    ep_rew_mean          | 56.8         |
| time/                   |              |
|    fps                  | 408          |
|    iterations           | 34           |
|    time_elapsed         | 2047         |
|    total_timesteps      | 835584       |
| train/                  |              |
|    approx_kl            | 0.0073675998 |
|    clip_fraction        | 0.0548       |
|    clip_range           | 0.2          |
|    entropy_loss         | -1.68        |
|    explained_variance   | 0.878        |
|    learning_rate        | 0.0003       |
|    loss                 | 0.0257       |
|    n_updates            | 165          |
|    policy_gradient_loss | -0.00253     |
|    value_loss           | 0.124        |
------------------------------------------
-----------------------------------------
| rollout/                |             |
|    ep_len_mean          | 437         |
|    ep_rew_mean          | 56.5        |
| time/                   |             |
|    fps                  | 408         |
|    iterations           | 35          |
|    time_elapsed         | 2106        |
|    total_timesteps      | 860160      |
| train/                  |             |
|    approx_kl            | 0.006536305 |
|    clip_fraction        | 0.0562      |
|    clip_range           | 0.2         |
|    entropy_loss         | -1.56       |
|    explained_variance   | 0.76        |
|    learning_rate        | 0.0003      |
|    loss                 | 0.0735      |
|    n_updates            | 170         |
|    policy_gradient_loss | -0.00365    |
|    value_loss           | 0.231       |
-----------------------------------------
------------------------------------------
| rollout/                |              |
|    ep_len_mean          | 453          |
|    ep_rew_mean          | 60           |
| time/                   |              |
|    fps                  | 408          |
|    iterations           | 36           |
|    time_elapsed         | 2166         |
|    total_timesteps      | 884736       |
| train/                  |              |
|    approx_kl            | 0.0075796037 |
|    clip_fraction        | 0.0574       |
|    clip_range           | 0.2          |
|    entropy_loss         | -1.5         |
|    explained_variance   | 0.777        |
|    learning_rate        | 0.0003       |
|    loss                 | 0.105        |
|    n_updates            | 175          |
|    policy_gradient_loss | -0.00343     |
|    value_loss           | 0.197        |
------------------------------------------
-----------------------------------------
| rollout/                |             |
|    ep_len_mean          | 562         |
|    ep_rew_mean          | 62.9        |
| time/                   |             |
|    fps                  | 408         |
|    iterations           | 37          |
|    time_elapsed         | 2226        |
|    total_timesteps      | 909312      |
| train/                  |             |
|    approx_kl            | 0.008126124 |
|    clip_fraction        | 0.0785      |
|    clip_range           | 0.2         |
|    entropy_loss         | -1.54       |
|    explained_variance   | 0.831       |
|    learning_rate        | 0.0003      |
|    loss                 | 0.0477      |
|    n_updates            | 180         |
|    policy_gradient_loss | -0.00424    |
|    value_loss           | 0.206       |
-----------------------------------------
-----------------------------------------
| rollout/                |             |
|    ep_len_mean          | 612         |
|    ep_rew_mean          | 71          |
| time/                   |             |
|    fps                  | 408         |
|    iterations           | 38          |
|    time_elapsed         | 2286        |
|    total_timesteps      | 933888      |
| train/                  |             |
|    approx_kl            | 0.008942752 |
|    clip_fraction        | 0.071       |
|    clip_range           | 0.2         |
|    entropy_loss         | -1.62       |
|    explained_variance   | 0.813       |
|    learning_rate        | 0.0003      |
|    loss                 | 0.174       |
|    n_updates            | 185         |
|    policy_gradient_loss | -0.00214    |
|    value_loss           | 0.215       |
-----------------------------------------
------------------------------------------
| rollout/                |              |
|    ep_len_mean          | 528          |
|    ep_rew_mean          | 68.4         |
| time/                   |              |
|    fps                  | 408          |
|    iterations           | 39           |
|    time_elapsed         | 2344         |
|    total_timesteps      | 958464       |
| train/                  |              |
|    approx_kl            | 0.0070060627 |
|    clip_fraction        | 0.0573       |
|    clip_range           | 0.2          |
|    entropy_loss         | -1.62        |
|    explained_variance   | 0.794        |
|    learning_rate        | 0.0003       |
|    loss                 | 0.0188       |
|    n_updates            | 190          |
|    policy_gradient_loss | -0.00345     |
|    value_loss           | 0.16         |
------------------------------------------
------------------------------------------
| rollout/                |              |
|    ep_len_mean          | 433          |
|    ep_rew_mean          | 64.1         |
| time/                   |              |
|    fps                  | 409          |
|    iterations           | 40           |
|    time_elapsed         | 2402         |
|    total_timesteps      | 983040       |
| train/                  |              |
|    approx_kl            | 0.0073321736 |
|    clip_fraction        | 0.0625       |
|    clip_range           | 0.2          |
|    entropy_loss         | -1.55        |
|    explained_variance   | 0.742        |
|    learning_rate        | 0.0003       |
|    loss                 | 0.0313       |
|    n_updates            | 195          |
|    policy_gradient_loss | -0.00271     |
|    value_loss           | 0.22         |
------------------------------------------
[Checkpoint] Saved at 1000000 steps > /home/runner/work/Disciples2-RL/Disciples2-RL/github_experiments/104/green_dragon/seed104-green_dragon-29273432900-1/checkpoints/campaign_ppo_step_1000000.zip
Eval num_timesteps=1000008, det_reward=-119.59 +/- 178.29
Episode length: det=3260.75 +/- 1657.39
Victory rate: det=50.00%
-------------------------------------------------
| eval/                           |             |
|    deterministic_mean_ep_length | 3.26e+03    |
|    deterministic_mean_reward    | -120        |
|    deterministic_victory_rate   | 0.5         |
|    mean_ep_length               | 3.26e+03    |
|    mean_reward                  | -120        |
|    victory_rate                 | 0.5         |
| time/                           |             |
|    total_timesteps              | 1000008     |
| train/                          |             |
|    approx_kl                    | 0.007050289 |
|    clip_fraction                | 0.0672      |
|    clip_range                   | 0.2         |
|    entropy_loss                 | -1.49       |
|    explained_variance           | 0.738       |
|    learning_rate                | 0.0003      |
|    loss                         | 0.0632      |
|    n_updates                    | 200         |
|    policy_gradient_loss         | -0.00367    |
|    value_loss                   | 0.204       |
-------------------------------------------------
New best model by deterministic victory rate!
---------------------------------
| rollout/           |          |
|    ep_len_mean     | 361      |
|    ep_rew_mean     | 58.8     |
| time/              |          |
|    fps             | 371      |
|    iterations      | 41       |
|    time_elapsed    | 2713     |
|    total_timesteps | 1007616  |
---------------------------------
VecNormalize stats saved: /home/runner/work/Disciples2-RL/Disciples2-RL/github_experiments/104/green_dragon/seed104-green_dragon-29273432900-1/models/vecnormalize.pkl

Финальная модель сохранена: /home/runner/work/Disciples2-RL/Disciples2-RL/github_experiments/104/green_dragon/seed104-green_dragon-29273432900-1/models/final_model.zip

============================================================
ИТОГИ ОБУЧЕНИЯ:
  Побед: 61
  Поражений: 2602
  Таймаутов: 1
  Побед бота столицы над врагами: 0
  Перестановок юнитов: 208092
  Winrate: 2.3%
============================================================
  График призывов за эпизод: /home/runner/work/Disciples2-RL/Disciples2-RL/github_experiments/104/green_dragon/seed104-green_dragon-29273432900-1/plots/campaign_summoned_units_per_episode.png
  График призывов за всё обучение: /home/runner/work/Disciples2-RL/Disciples2-RL/github_experiments/104/green_dragon/seed104-green_dragon-29273432900-1/plots/campaign_summoned_units_cumulative.png
  График найма за эпизод: /home/runner/work/Disciples2-RL/Disciples2-RL/github_experiments/104/green_dragon/seed104-green_dragon-29273432900-1/plots/campaign_hired_units_per_episode.png
  График найма за всё обучение: /home/runner/work/Disciples2-RL/Disciples2-RL/github_experiments/104/green_dragon/seed104-green_dragon-29273432900-1/plots/campaign_hired_units_cumulative.png
  График перестановок юнитов за эпизод: /home/runner/work/Disciples2-RL/Disciples2-RL/github_experiments/104/green_dragon/seed104-green_dragon-29273432900-1/plots/campaign_unit_swaps_per_episode.png
  График боевых предметов: /home/runner/work/Disciples2-RL/Disciples2-RL/github_experiments/104/green_dragon/seed104-green_dragon-29273432900-1/plots/campaign_battle_item_activity.png
  График побед бота столицы за эпизод: /home/runner/work/Disciples2-RL/Disciples2-RL/github_experiments/104/green_dragon/seed104-green_dragon-29273432900-1/plots/campaign_scripted_bot_victories_per_episode.png
  График применения заклинаний: /home/runner/work/Disciples2-RL/Disciples2-RL/github_experiments/104/green_dragon/seed104-green_dragon-29273432900-1/plots/campaign_spell_cast_activity.png
