Проверка среды CampaignEnv...
Среда прошла проверку!
[INFO] Comet disabled, running without experiment tracking
Создание 12 параллельных сред (subproc)...
Инициализация MaskablePPO...
Using cpu device

============================================================
Запуск обучения Campaign Agent
Всего шагов: 1,000,000
Параллельных сред: 12
VecEnv: subproc
VecEnv start method: forkserver
Seed: 106
Checkpoint каждые: 500,000 шагов
Evaluation каждые: 83,334 шагов
Eval deterministic эпизодов: 20
Eval stochastic эпизодов: 0
Eval лимит шагов на эпизод: 5000
Campaign objective: blue_dragon
System resources at training start:
  Platform: Linux 6.17.0-1018-azure (x86_64)
  Python: 3.14.6
  PyTorch: 2.13.0+cpu
  Training device: cpu
  CPU model: AMD EPYC 7763 64-Core Processor
  CPU vendor: AuthenticAMD
  Logical CPUs visible: 4
  Process CPU affinity: 4
  Sockets: 1
  Cores per socket: 2
  Threads per core: 2
  CPU max MHz: unknown
  CPU min MHz: unknown
  L1d cache: 64 KiB (2 instances)
  L1i cache: 64 KiB (2 instances)
  L2 cache: 1 MiB (2 instances)
  L3 cache: 32 MiB (1 instance)
  Virtualization: AMD-V
  Hypervisor: Microsoft
  RAM total: 15.62 GiB
  RAM available at start: 13.91 GiB
  Disk total: 144.26 GiB
  Disk free at start: 86.00 GiB
  Torch intra-op threads: 4
  Torch inter-op threads: 2
  OMP_NUM_THREADS: 4
  MKL_NUM_THREADS: 4
  OPENBLAS_NUM_THREADS: 4
  GitHub runner OS: Linux
  GitHub runner architecture: X64
  GitHub runner environment: github-hosted
PPO n_steps: 2,048
PPO batch_size: 512
PPO n_epochs: 5
PPO learning_rate: 0.0003
PPO clip_range: 0.2
PPO ent_coef: 0.01
PPO gamma: 0.995
PPO gae_lambda: 0.95
PPO target_kl: disabled
PPO gradient batches per rollout: 240
VecCheckNan: disabled
Freeze action layout: enabled
Empire territory: enabled
Torch threads per process: 4
Diagnostics: disabled
Wall-clock training limit: disabled
Run ID: seed106-blue_dragon-29368776769-1
============================================================

Logging to /home/runner/work/Disciples2-RL/Disciples2-RL/github_experiments/106/blue_dragon/seed106-blue_dragon-29368776769-1/tensorboard/MaskablePPO_1
---------------------------------
| rollout/           |          |
|    ep_len_mean     | 1.6e+03  |
|    ep_rew_mean     | 67.2     |
| time/              |          |
|    fps             | 431      |
|    iterations      | 1        |
|    time_elapsed    | 56       |
|    total_timesteps | 24576    |
---------------------------------
-----------------------------------------
| rollout/                |             |
|    ep_len_mean          | 2.27e+03    |
|    ep_rew_mean          | 99.5        |
| time/                   |             |
|    fps                  | 407         |
|    iterations           | 2           |
|    time_elapsed         | 120         |
|    total_timesteps      | 49152       |
| train/                  |             |
|    approx_kl            | 0.009517357 |
|    clip_fraction        | 0.0557      |
|    clip_range           | 0.2         |
|    entropy_loss         | -2.25       |
|    explained_variance   | -0.182      |
|    learning_rate        | 0.0003      |
|    loss                 | -0.00375    |
|    n_updates            | 5           |
|    policy_gradient_loss | -0.00508    |
|    value_loss           | 0.128       |
-----------------------------------------
----------------------------------------
| rollout/                |            |
|    ep_len_mean          | 2.2e+03    |
|    ep_rew_mean          | 117        |
| time/                   |            |
|    fps                  | 400        |
|    iterations           | 3          |
|    time_elapsed         | 183        |
|    total_timesteps      | 73728      |
| train/                  |            |
|    approx_kl            | 0.00864431 |
|    clip_fraction        | 0.0531     |
|    clip_range           | 0.2        |
|    entropy_loss         | -2.26      |
|    explained_variance   | 0.418      |
|    learning_rate        | 0.0003     |
|    loss                 | 0.0202     |
|    n_updates            | 10         |
|    policy_gradient_loss | -0.00437   |
|    value_loss           | 0.12       |
----------------------------------------
-----------------------------------------
| rollout/                |             |
|    ep_len_mean          | 1.39e+03    |
|    ep_rew_mean          | 129         |
| time/                   |             |
|    fps                  | 399         |
|    iterations           | 4           |
|    time_elapsed         | 245         |
|    total_timesteps      | 98304       |
| train/                  |             |
|    approx_kl            | 0.009893023 |
|    clip_fraction        | 0.0735      |
|    clip_range           | 0.2         |
|    entropy_loss         | -2.18       |
|    explained_variance   | 0.561       |
|    learning_rate        | 0.0003      |
|    loss                 | 0.121       |
|    n_updates            | 15          |
|    policy_gradient_loss | -0.00634    |
|    value_loss           | 0.419       |
-----------------------------------------
-----------------------------------------
| rollout/                |             |
|    ep_len_mean          | 855         |
|    ep_rew_mean          | 131         |
| time/                   |             |
|    fps                  | 391         |
|    iterations           | 5           |
|    time_elapsed         | 313         |
|    total_timesteps      | 122880      |
| train/                  |             |
|    approx_kl            | 0.008969809 |
|    clip_fraction        | 0.0664      |
|    clip_range           | 0.2         |
|    entropy_loss         | -2.06       |
|    explained_variance   | 0.668       |
|    learning_rate        | 0.0003      |
|    loss                 | 0.154       |
|    n_updates            | 20          |
|    policy_gradient_loss | -0.00623    |
|    value_loss           | 0.503       |
-----------------------------------------
-----------------------------------------
| rollout/                |             |
|    ep_len_mean          | 474         |
|    ep_rew_mean          | 125         |
| time/                   |             |
|    fps                  | 384         |
|    iterations           | 6           |
|    time_elapsed         | 383         |
|    total_timesteps      | 147456      |
| train/                  |             |
|    approx_kl            | 0.009318106 |
|    clip_fraction        | 0.0666      |
|    clip_range           | 0.2         |
|    entropy_loss         | -1.99       |
|    explained_variance   | 0.786       |
|    learning_rate        | 0.0003      |
|    loss                 | 0.195       |
|    n_updates            | 25          |
|    policy_gradient_loss | -0.00589    |
|    value_loss           | 0.505       |
-----------------------------------------
-----------------------------------------
| rollout/                |             |
|    ep_len_mean          | 407         |
|    ep_rew_mean          | 124         |
| time/                   |             |
|    fps                  | 380         |
|    iterations           | 7           |
|    time_elapsed         | 452         |
|    total_timesteps      | 172032      |
| train/                  |             |
|    approx_kl            | 0.009452536 |
|    clip_fraction        | 0.0616      |
|    clip_range           | 0.2         |
|    entropy_loss         | -1.91       |
|    explained_variance   | 0.795       |
|    learning_rate        | 0.0003      |
|    loss                 | 0.197       |
|    n_updates            | 30          |
|    policy_gradient_loss | -0.00512    |
|    value_loss           | 0.386       |
-----------------------------------------
-----------------------------------------
| rollout/                |             |
|    ep_len_mean          | 547         |
|    ep_rew_mean          | 107         |
| time/                   |             |
|    fps                  | 376         |
|    iterations           | 8           |
|    time_elapsed         | 521         |
|    total_timesteps      | 196608      |
| train/                  |             |
|    approx_kl            | 0.006736163 |
|    clip_fraction        | 0.0353      |
|    clip_range           | 0.2         |
|    entropy_loss         | -1.85       |
|    explained_variance   | 0.884       |
|    learning_rate        | 0.0003      |
|    loss                 | 0.0678      |
|    n_updates            | 35          |
|    policy_gradient_loss | -0.00438    |
|    value_loss           | 0.199       |
-----------------------------------------
------------------------------------------
| rollout/                |              |
|    ep_len_mean          | 587          |
|    ep_rew_mean          | 97.2         |
| time/                   |              |
|    fps                  | 374          |
|    iterations           | 9            |
|    time_elapsed         | 591          |
|    total_timesteps      | 221184       |
| train/                  |              |
|    approx_kl            | 0.0075131655 |
|    clip_fraction        | 0.0476       |
|    clip_range           | 0.2          |
|    entropy_loss         | -1.86        |
|    explained_variance   | 0.922        |
|    learning_rate        | 0.0003       |
|    loss                 | 0.0648       |
|    n_updates            | 40           |
|    policy_gradient_loss | -0.00364     |
|    value_loss           | 0.169        |
------------------------------------------
-----------------------------------------
| rollout/                |             |
|    ep_len_mean          | 381         |
|    ep_rew_mean          | 110         |
| time/                   |             |
|    fps                  | 371         |
|    iterations           | 10          |
|    time_elapsed         | 661         |
|    total_timesteps      | 245760      |
| train/                  |             |
|    approx_kl            | 0.010968038 |
|    clip_fraction        | 0.106       |
|    clip_range           | 0.2         |
|    entropy_loss         | -1.87       |
|    explained_variance   | 0.966       |
|    learning_rate        | 0.0003      |
|    loss                 | -0.00166    |
|    n_updates            | 45          |
|    policy_gradient_loss | -0.00655    |
|    value_loss           | 0.0819      |
-----------------------------------------
----------------------------------------
| rollout/                |            |
|    ep_len_mean          | 302        |
|    ep_rew_mean          | 114        |
| time/                   |            |
|    fps                  | 369        |
|    iterations           | 11         |
|    time_elapsed         | 731        |
|    total_timesteps      | 270336     |
| train/                  |            |
|    approx_kl            | 0.01127242 |
|    clip_fraction        | 0.106      |
|    clip_range           | 0.2        |
|    entropy_loss         | -1.88      |
|    explained_variance   | 0.968      |
|    learning_rate        | 0.0003     |
|    loss                 | 0.00602    |
|    n_updates            | 50         |
|    policy_gradient_loss | -0.00763   |
|    value_loss           | 0.103      |
----------------------------------------
-----------------------------------------
| rollout/                |             |
|    ep_len_mean          | 149         |
|    ep_rew_mean          | 121         |
| time/                   |             |
|    fps                  | 368         |
|    iterations           | 12          |
|    time_elapsed         | 800         |
|    total_timesteps      | 294912      |
| train/                  |             |
|    approx_kl            | 0.008738854 |
|    clip_fraction        | 0.0943      |
|    clip_range           | 0.2         |
|    entropy_loss         | -1.94       |
|    explained_variance   | 0.972       |
|    learning_rate        | 0.0003      |
|    loss                 | 0.0136      |
|    n_updates            | 55          |
|    policy_gradient_loss | -0.00573    |
|    value_loss           | 0.105       |
-----------------------------------------
-----------------------------------------
| rollout/                |             |
|    ep_len_mean          | 402         |
|    ep_rew_mean          | 109         |
| time/                   |             |
|    fps                  | 366         |
|    iterations           | 13          |
|    time_elapsed         | 871         |
|    total_timesteps      | 319488      |
| train/                  |             |
|    approx_kl            | 0.011423327 |
|    clip_fraction        | 0.134       |
|    clip_range           | 0.2         |
|    entropy_loss         | -1.91       |
|    explained_variance   | 0.98        |
|    learning_rate        | 0.0003      |
|    loss                 | 0.00892     |
|    n_updates            | 60          |
|    policy_gradient_loss | -0.00715    |
|    value_loss           | 0.088       |
-----------------------------------------
-----------------------------------------
| rollout/                |             |
|    ep_len_mean          | 72.4        |
|    ep_rew_mean          | 122         |
| time/                   |             |
|    fps                  | 366         |
|    iterations           | 14          |
|    time_elapsed         | 938         |
|    total_timesteps      | 344064      |
| train/                  |             |
|    approx_kl            | 0.008577525 |
|    clip_fraction        | 0.0786      |
|    clip_range           | 0.2         |
|    entropy_loss         | -1.87       |
|    explained_variance   | 0.978       |
|    learning_rate        | 0.0003      |
|    loss                 | 0.0333      |
|    n_updates            | 65          |
|    policy_gradient_loss | -0.00566    |
|    value_loss           | 0.127       |
-----------------------------------------
-----------------------------------------
| rollout/                |             |
|    ep_len_mean          | 64.8        |
|    ep_rew_mean          | 121         |
| time/                   |             |
|    fps                  | 365         |
|    iterations           | 15          |
|    time_elapsed         | 1009        |
|    total_timesteps      | 368640      |
| train/                  |             |
|    approx_kl            | 0.010191902 |
|    clip_fraction        | 0.114       |
|    clip_range           | 0.2         |
|    entropy_loss         | -1.6        |
|    explained_variance   | 0.989       |
|    learning_rate        | 0.0003      |
|    loss                 | -0.00712    |
|    n_updates            | 70          |
|    policy_gradient_loss | -0.00811    |
|    value_loss           | 0.0601      |
-----------------------------------------
-----------------------------------------
| rollout/                |             |
|    ep_len_mean          | 60.6        |
|    ep_rew_mean          | 120         |
| time/                   |             |
|    fps                  | 364         |
|    iterations           | 16          |
|    time_elapsed         | 1078        |
|    total_timesteps      | 393216      |
| train/                  |             |
|    approx_kl            | 0.011471103 |
|    clip_fraction        | 0.123       |
|    clip_range           | 0.2         |
|    entropy_loss         | -1.47       |
|    explained_variance   | 0.989       |
|    learning_rate        | 0.0003      |
|    loss                 | -0.0177     |
|    n_updates            | 75          |
|    policy_gradient_loss | -0.00649    |
|    value_loss           | 0.0315      |
-----------------------------------------
-----------------------------------------
| rollout/                |             |
|    ep_len_mean          | 60.5        |
|    ep_rew_mean          | 119         |
| time/                   |             |
|    fps                  | 364         |
|    iterations           | 17          |
|    time_elapsed         | 1146        |
|    total_timesteps      | 417792      |
| train/                  |             |
|    approx_kl            | 0.011454913 |
|    clip_fraction        | 0.144       |
|    clip_range           | 0.2         |
|    entropy_loss         | -1.37       |
|    explained_variance   | 0.986       |
|    learning_rate        | 0.0003      |
|    loss                 | -0.00414    |
|    n_updates            | 80          |
|    policy_gradient_loss | -0.00807    |
|    value_loss           | 0.0257      |
-----------------------------------------
-----------------------------------------
| rollout/                |             |
|    ep_len_mean          | 58.2        |
|    ep_rew_mean          | 120         |
| time/                   |             |
|    fps                  | 363         |
|    iterations           | 18          |
|    time_elapsed         | 1216        |
|    total_timesteps      | 442368      |
| train/                  |             |
|    approx_kl            | 0.010899131 |
|    clip_fraction        | 0.135       |
|    clip_range           | 0.2         |
|    entropy_loss         | -1.23       |
|    explained_variance   | 0.952       |
|    learning_rate        | 0.0003      |
|    loss                 | -0.012      |
|    n_updates            | 85          |
|    policy_gradient_loss | -0.00794    |
|    value_loss           | 0.0196      |
-----------------------------------------
-----------------------------------------
| rollout/                |             |
|    ep_len_mean          | 51.9        |
|    ep_rew_mean          | 119         |
| time/                   |             |
|    fps                  | 363         |
|    iterations           | 19          |
|    time_elapsed         | 1284        |
|    total_timesteps      | 466944      |
| train/                  |             |
|    approx_kl            | 0.012900223 |
|    clip_fraction        | 0.144       |
|    clip_range           | 0.2         |
|    entropy_loss         | -1.16       |
|    explained_variance   | 0.619       |
|    learning_rate        | 0.0003      |
|    loss                 | -0.0219     |
|    n_updates            | 90          |
|    policy_gradient_loss | -0.0101     |
|    value_loss           | 0.00877     |
-----------------------------------------
------------------------------------------
| rollout/                |              |
|    ep_len_mean          | 51.5         |
|    ep_rew_mean          | 120          |
| time/                   |              |
|    fps                  | 363          |
|    iterations           | 20           |
|    time_elapsed         | 1351         |
|    total_timesteps      | 491520       |
| train/                  |              |
|    approx_kl            | 0.0076204385 |
|    clip_fraction        | 0.129        |
|    clip_range           | 0.2          |
|    entropy_loss         | -1.1         |
|    explained_variance   | 0.912        |
|    learning_rate        | 0.0003       |
|    loss                 | -0.0124      |
|    n_updates            | 95           |
|    policy_gradient_loss | -0.00876     |
|    value_loss           | 0.0205       |
------------------------------------------
[Checkpoint] Saved at 500000 steps > /home/runner/work/Disciples2-RL/Disciples2-RL/github_experiments/106/blue_dragon/seed106-blue_dragon-29368776769-1/checkpoints/campaign_ppo_step_500000.zip
------------------------------------------
| rollout/                |              |
|    ep_len_mean          | 49.3         |
|    ep_rew_mean          | 120          |
| time/                   |              |
|    fps                  | 364          |
|    iterations           | 21           |
|    time_elapsed         | 1417         |
|    total_timesteps      | 516096       |
| train/                  |              |
|    approx_kl            | 0.0074129715 |
|    clip_fraction        | 0.134        |
|    clip_range           | 0.2          |
|    entropy_loss         | -0.986       |
|    explained_variance   | 0.744        |
|    learning_rate        | 0.0003       |
|    loss                 | -0.0242      |
|    n_updates            | 100          |
|    policy_gradient_loss | -0.0128      |
|    value_loss           | 0.00583      |
------------------------------------------
------------------------------------------
| rollout/                |              |
|    ep_len_mean          | 47.4         |
|    ep_rew_mean          | 120          |
| time/                   |              |
|    fps                  | 364          |
|    iterations           | 22           |
|    time_elapsed         | 1483         |
|    total_timesteps      | 540672       |
| train/                  |              |
|    approx_kl            | 0.0073296763 |
|    clip_fraction        | 0.115        |
|    clip_range           | 0.2          |
|    entropy_loss         | -0.907       |
|    explained_variance   | 0.706        |
|    learning_rate        | 0.0003       |
|    loss                 | -0.0224      |
|    n_updates            | 105          |
|    policy_gradient_loss | -0.0134      |
|    value_loss           | 0.00624      |
------------------------------------------
------------------------------------------
| rollout/                |              |
|    ep_len_mean          | 46.6         |
|    ep_rew_mean          | 121          |
| time/                   |              |
|    fps                  | 364          |
|    iterations           | 23           |
|    time_elapsed         | 1551         |
|    total_timesteps      | 565248       |
| train/                  |              |
|    approx_kl            | 0.0079477215 |
|    clip_fraction        | 0.0971       |
|    clip_range           | 0.2          |
|    entropy_loss         | -0.836       |
|    explained_variance   | 0.88         |
|    learning_rate        | 0.0003       |
|    loss                 | -0.014       |
|    n_updates            | 110          |
|    policy_gradient_loss | -0.0107      |
|    value_loss           | 0.00813      |
------------------------------------------
-----------------------------------------
| rollout/                |             |
|    ep_len_mean          | 45.2        |
|    ep_rew_mean          | 121         |
| time/                   |             |
|    fps                  | 363         |
|    iterations           | 24          |
|    time_elapsed         | 1621        |
|    total_timesteps      | 589824      |
| train/                  |             |
|    approx_kl            | 0.008125354 |
|    clip_fraction        | 0.0936      |
|    clip_range           | 0.2         |
|    entropy_loss         | -0.728      |
|    explained_variance   | 0.697       |
|    learning_rate        | 0.0003      |
|    loss                 | -0.0224     |
|    n_updates            | 115         |
|    policy_gradient_loss | -0.0134     |
|    value_loss           | 0.00533     |
-----------------------------------------
--------------------------------------
| rollout/                |          |
|    ep_len_mean          | 45.3     |
|    ep_rew_mean          | 123      |
| time/                   |          |
|    fps                  | 363      |
|    iterations           | 25       |
|    time_elapsed         | 1691     |
|    total_timesteps      | 614400   |
| train/                  |          |
|    approx_kl            | 0.006607 |
|    clip_fraction        | 0.0834   |
|    clip_range           | 0.2      |
|    entropy_loss         | -0.66    |
|    explained_variance   | 0.682    |
|    learning_rate        | 0.0003   |
|    loss                 | -0.0181  |
|    n_updates            | 120      |
|    policy_gradient_loss | -0.0131  |
|    value_loss           | 0.0055   |
--------------------------------------
-----------------------------------------
| rollout/                |             |
|    ep_len_mean          | 44.8        |
|    ep_rew_mean          | 123         |
| time/                   |             |
|    fps                  | 362         |
|    iterations           | 26          |
|    time_elapsed         | 1761        |
|    total_timesteps      | 638976      |
| train/                  |             |
|    approx_kl            | 0.005201118 |
|    clip_fraction        | 0.0733      |
|    clip_range           | 0.2         |
|    entropy_loss         | -0.617      |
|    explained_variance   | 0.614       |
|    learning_rate        | 0.0003      |
|    loss                 | -0.0163     |
|    n_updates            | 125         |
|    policy_gradient_loss | -0.0113     |
|    value_loss           | 0.00715     |
-----------------------------------------
------------------------------------------
| rollout/                |              |
|    ep_len_mean          | 45.7         |
|    ep_rew_mean          | 124          |
| time/                   |              |
|    fps                  | 362          |
|    iterations           | 27           |
|    time_elapsed         | 1832         |
|    total_timesteps      | 663552       |
| train/                  |              |
|    approx_kl            | 0.0052000294 |
|    clip_fraction        | 0.0695       |
|    clip_range           | 0.2          |
|    entropy_loss         | -0.559       |
|    explained_variance   | 0.693        |
|    learning_rate        | 0.0003       |
|    loss                 | -0.0172      |
|    n_updates            | 130          |
|    policy_gradient_loss | -0.0117      |
|    value_loss           | 0.0057       |
------------------------------------------
------------------------------------------
| rollout/                |              |
|    ep_len_mean          | 44.2         |
|    ep_rew_mean          | 125          |
| time/                   |              |
|    fps                  | 361          |
|    iterations           | 28           |
|    time_elapsed         | 1903         |
|    total_timesteps      | 688128       |
| train/                  |              |
|    approx_kl            | 0.0061311736 |
|    clip_fraction        | 0.0538       |
|    clip_range           | 0.2          |
|    entropy_loss         | -0.504       |
|    explained_variance   | 0.722        |
|    learning_rate        | 0.0003       |
|    loss                 | -0.0111      |
|    n_updates            | 135          |
|    policy_gradient_loss | -0.01        |
|    value_loss           | 0.00469      |
------------------------------------------
------------------------------------------
| rollout/                |              |
|    ep_len_mean          | 44.1         |
|    ep_rew_mean          | 125          |
| time/                   |              |
|    fps                  | 361          |
|    iterations           | 29           |
|    time_elapsed         | 1974         |
|    total_timesteps      | 712704       |
| train/                  |              |
|    approx_kl            | 0.0049992413 |
|    clip_fraction        | 0.05         |
|    clip_range           | 0.2          |
|    entropy_loss         | -0.465       |
|    explained_variance   | 0.753        |
|    learning_rate        | 0.0003       |
|    loss                 | 4.63e-05     |
|    n_updates            | 140          |
|    policy_gradient_loss | -0.00378     |
|    value_loss           | 0.00452      |
------------------------------------------
------------------------------------------
| rollout/                |              |
|    ep_len_mean          | 44.6         |
|    ep_rew_mean          | 126          |
| time/                   |              |
|    fps                  | 360          |
|    iterations           | 30           |
|    time_elapsed         | 2044         |
|    total_timesteps      | 737280       |
| train/                  |              |
|    approx_kl            | 0.0042090886 |
|    clip_fraction        | 0.043        |
|    clip_range           | 0.2          |
|    entropy_loss         | -0.421       |
|    explained_variance   | 0.776        |
|    learning_rate        | 0.0003       |
|    loss                 | -0.014       |
|    n_updates            | 145          |
|    policy_gradient_loss | -0.00616     |
|    value_loss           | 0.00392      |
------------------------------------------
-----------------------------------------
| rollout/                |             |
|    ep_len_mean          | 44.6        |
|    ep_rew_mean          | 127         |
| time/                   |             |
|    fps                  | 360         |
|    iterations           | 31          |
|    time_elapsed         | 2113        |
|    total_timesteps      | 761856      |
| train/                  |             |
|    approx_kl            | 0.004269453 |
|    clip_fraction        | 0.0379      |
|    clip_range           | 0.2         |
|    entropy_loss         | -0.418      |
|    explained_variance   | 0.779       |
|    learning_rate        | 0.0003      |
|    loss                 | -0.00951    |
|    n_updates            | 150         |
|    policy_gradient_loss | -0.00638    |
|    value_loss           | 0.00425     |
-----------------------------------------
-----------------------------------------
| rollout/                |             |
|    ep_len_mean          | 45.9        |
|    ep_rew_mean          | 128         |
| time/                   |             |
|    fps                  | 360         |
|    iterations           | 32          |
|    time_elapsed         | 2182        |
|    total_timesteps      | 786432      |
| train/                  |             |
|    approx_kl            | 0.004164492 |
|    clip_fraction        | 0.0415      |
|    clip_range           | 0.2         |
|    entropy_loss         | -0.404      |
|    explained_variance   | 0.761       |
|    learning_rate        | 0.0003      |
|    loss                 | -0.0152     |
|    n_updates            | 155         |
|    policy_gradient_loss | -0.00777    |
|    value_loss           | 0.00522     |
-----------------------------------------
------------------------------------------
| rollout/                |              |
|    ep_len_mean          | 47.7         |
|    ep_rew_mean          | 130          |
| time/                   |              |
|    fps                  | 360          |
|    iterations           | 33           |
|    time_elapsed         | 2252         |
|    total_timesteps      | 811008       |
| train/                  |              |
|    approx_kl            | 0.0050578415 |
|    clip_fraction        | 0.0581       |
|    clip_range           | 0.2          |
|    entropy_loss         | -0.41        |
|    explained_variance   | 0.745        |
|    learning_rate        | 0.0003       |
|    loss                 | -0.00927     |
|    n_updates            | 160          |
|    policy_gradient_loss | -0.00847     |
|    value_loss           | 0.006        |
------------------------------------------
------------------------------------------
| rollout/                |              |
|    ep_len_mean          | 48           |
|    ep_rew_mean          | 130          |
| time/                   |              |
|    fps                  | 359          |
|    iterations           | 34           |
|    time_elapsed         | 2323         |
|    total_timesteps      | 835584       |
| train/                  |              |
|    approx_kl            | 0.0063345507 |
|    clip_fraction        | 0.0792       |
|    clip_range           | 0.2          |
|    entropy_loss         | -0.541       |
|    explained_variance   | 0.933        |
|    learning_rate        | 0.0003       |
|    loss                 | -0.0153      |
|    n_updates            | 165          |
|    policy_gradient_loss | -0.00664     |
|    value_loss           | 0.0132       |
------------------------------------------
-----------------------------------------
| rollout/                |             |
|    ep_len_mean          | 47.8        |
|    ep_rew_mean          | 131         |
| time/                   |             |
|    fps                  | 359         |
|    iterations           | 35          |
|    time_elapsed         | 2393        |
|    total_timesteps      | 860160      |
| train/                  |             |
|    approx_kl            | 0.006267147 |
|    clip_fraction        | 0.0678      |
|    clip_range           | 0.2         |
|    entropy_loss         | -0.725      |
|    explained_variance   | 0.977       |
|    learning_rate        | 0.0003      |
|    loss                 | 0.00397     |
|    n_updates            | 170         |
|    policy_gradient_loss | -0.0101     |
|    value_loss           | 0.0293      |
-----------------------------------------
------------------------------------------
| rollout/                |              |
|    ep_len_mean          | 48.2         |
|    ep_rew_mean          | 131          |
| time/                   |              |
|    fps                  | 359          |
|    iterations           | 36           |
|    time_elapsed         | 2462         |
|    total_timesteps      | 884736       |
| train/                  |              |
|    approx_kl            | 0.0058795675 |
|    clip_fraction        | 0.0505       |
|    clip_range           | 0.2          |
|    entropy_loss         | -0.743       |
|    explained_variance   | 0.988        |
|    learning_rate        | 0.0003       |
|    loss                 | -0.00421     |
|    n_updates            | 175          |
|    policy_gradient_loss | -0.0017      |
|    value_loss           | 0.02         |
------------------------------------------
------------------------------------------
| rollout/                |              |
|    ep_len_mean          | 56.1         |
|    ep_rew_mean          | 132          |
| time/                   |              |
|    fps                  | 359          |
|    iterations           | 37           |
|    time_elapsed         | 2531         |
|    total_timesteps      | 909312       |
| train/                  |              |
|    approx_kl            | 0.0061962954 |
|    clip_fraction        | 0.0654       |
|    clip_range           | 0.2          |
|    entropy_loss         | -0.705       |
|    explained_variance   | 0.993        |
|    learning_rate        | 0.0003       |
|    loss                 | -0.00621     |
|    n_updates            | 180          |
|    policy_gradient_loss | -0.00481     |
|    value_loss           | 0.00855      |
------------------------------------------
------------------------------------------
| rollout/                |              |
|    ep_len_mean          | 63.2         |
|    ep_rew_mean          | 132          |
| time/                   |              |
|    fps                  | 358          |
|    iterations           | 38           |
|    time_elapsed         | 2602         |
|    total_timesteps      | 933888       |
| train/                  |              |
|    approx_kl            | 0.0057580457 |
|    clip_fraction        | 0.0442       |
|    clip_range           | 0.2          |
|    entropy_loss         | -0.792       |
|    explained_variance   | 0.991        |
|    learning_rate        | 0.0003       |
|    loss                 | 0.0227       |
|    n_updates            | 185          |
|    policy_gradient_loss | -0.00295     |
|    value_loss           | 0.0184       |
------------------------------------------
------------------------------------------
| rollout/                |              |
|    ep_len_mean          | 49.3         |
|    ep_rew_mean          | 132          |
| time/                   |              |
|    fps                  | 358          |
|    iterations           | 39           |
|    time_elapsed         | 2673         |
|    total_timesteps      | 958464       |
| train/                  |              |
|    approx_kl            | 0.0050072707 |
|    clip_fraction        | 0.0514       |
|    clip_range           | 0.2          |
|    entropy_loss         | -0.829       |
|    explained_variance   | 0.986        |
|    learning_rate        | 0.0003       |
|    loss                 | -0.00157     |
|    n_updates            | 190          |
|    policy_gradient_loss | -0.00274     |
|    value_loss           | 0.0416       |
------------------------------------------
-----------------------------------------
| rollout/                |             |
|    ep_len_mean          | 51          |
|    ep_rew_mean          | 133         |
| time/                   |             |
|    fps                  | 358         |
|    iterations           | 40          |
|    time_elapsed         | 2744        |
|    total_timesteps      | 983040      |
| train/                  |             |
|    approx_kl            | 0.005376956 |
|    clip_fraction        | 0.0516      |
|    clip_range           | 0.2         |
|    entropy_loss         | -0.565      |
|    explained_variance   | 0.992       |
|    learning_rate        | 0.0003      |
|    loss                 | 0.00412     |
|    n_updates            | 195         |
|    policy_gradient_loss | -0.00308    |
|    value_loss           | 0.0111      |
-----------------------------------------
[Checkpoint] Saved at 1000000 steps > /home/runner/work/Disciples2-RL/Disciples2-RL/github_experiments/106/blue_dragon/seed106-blue_dragon-29368776769-1/checkpoints/campaign_ppo_step_1000000.zip
Eval num_timesteps=1000008, det_reward=130.54 +/- 0.01
Episode length: det=48.60 +/- 1.66
Victory rate: det=100.00%
-------------------------------------------------
| eval/                           |             |
|    deterministic_mean_ep_length | 48.6        |
|    deterministic_mean_reward    | 131         |
|    deterministic_victory_rate   | 1           |
|    mean_ep_length               | 48.6        |
|    mean_reward                  | 131         |
|    victory_rate                 | 1           |
| time/                           |             |
|    total_timesteps              | 1000008     |
| train/                          |             |
|    approx_kl                    | 0.003781991 |
|    clip_fraction                | 0.0396      |
|    clip_range                   | 0.2         |
|    entropy_loss                 | -0.523      |
|    explained_variance           | 0.989       |
|    learning_rate                | 0.0003      |
|    loss                         | -0.0157     |
|    n_updates                    | 200         |
|    policy_gradient_loss         | -0.00236    |
|    value_loss                   | 0.0138      |
-------------------------------------------------
New best model by deterministic victory rate!
---------------------------------
| rollout/           |          |
|    ep_len_mean     | 51.3     |
|    ep_rew_mean     | 133      |
| time/              |          |
|    fps             | 357      |
|    iterations      | 41       |
|    time_elapsed    | 2817     |
|    total_timesteps | 1007616  |
---------------------------------
VecNormalize stats saved: /home/runner/work/Disciples2-RL/Disciples2-RL/github_experiments/106/blue_dragon/seed106-blue_dragon-29368776769-1/models/vecnormalize.pkl

Финальная модель сохранена: /home/runner/work/Disciples2-RL/Disciples2-RL/github_experiments/106/blue_dragon/seed106-blue_dragon-29368776769-1/models/final_model.zip

============================================================
ИТОГИ ОБУЧЕНИЯ:
  Побед: 13429
  Поражений: 2
  Таймаутов: 25
  Побед бота столицы над врагами: 0
  Перестановок юнитов: 126521
  Winrate: 99.8%
============================================================
  График призывов за эпизод: /home/runner/work/Disciples2-RL/Disciples2-RL/github_experiments/106/blue_dragon/seed106-blue_dragon-29368776769-1/plots/campaign_summoned_units_per_episode.png
  График призывов за всё обучение: /home/runner/work/Disciples2-RL/Disciples2-RL/github_experiments/106/blue_dragon/seed106-blue_dragon-29368776769-1/plots/campaign_summoned_units_cumulative.png
  График найма за эпизод: /home/runner/work/Disciples2-RL/Disciples2-RL/github_experiments/106/blue_dragon/seed106-blue_dragon-29368776769-1/plots/campaign_hired_units_per_episode.png
  График найма за всё обучение: /home/runner/work/Disciples2-RL/Disciples2-RL/github_experiments/106/blue_dragon/seed106-blue_dragon-29368776769-1/plots/campaign_hired_units_cumulative.png
  График перестановок юнитов за эпизод: /home/runner/work/Disciples2-RL/Disciples2-RL/github_experiments/106/blue_dragon/seed106-blue_dragon-29368776769-1/plots/campaign_unit_swaps_per_episode.png
  График боевых предметов: /home/runner/work/Disciples2-RL/Disciples2-RL/github_experiments/106/blue_dragon/seed106-blue_dragon-29368776769-1/plots/campaign_battle_item_activity.png
  График побед бота столицы за эпизод: /home/runner/work/Disciples2-RL/Disciples2-RL/github_experiments/106/blue_dragon/seed106-blue_dragon-29368776769-1/plots/campaign_scripted_bot_victories_per_episode.png
  График применения заклинаний: /home/runner/work/Disciples2-RL/Disciples2-RL/github_experiments/106/blue_dragon/seed106-blue_dragon-29368776769-1/plots/campaign_spell_cast_activity.png
