Проверка среды CampaignEnv...
Среда прошла проверку!
[INFO] Comet disabled, running without experiment tracking
Создание 12 параллельных сред (subproc)...
Инициализация MaskablePPO...
Using cpu device

============================================================
Запуск обучения Campaign Agent
Всего шагов: 1,000,000
Параллельных сред: 12
VecEnv: subproc
VecEnv start method: forkserver
Seed: 119
Checkpoint каждые: 500,000 шагов
Evaluation каждые: 83,334 шагов
Eval deterministic эпизодов: 20
Eval stochastic эпизодов: 0
Eval лимит шагов на эпизод: 5000
Campaign map: formation_train
Campaign objective: all_enemies
System resources at training start:
  Platform: Linux 6.17.0-1020-azure (x86_64)
  Python: 3.14.6
  PyTorch: 2.13.0+cpu
  Training device: cpu
  CPU model: Intel(R) Xeon(R) 6973P-C
  CPU vendor: GenuineIntel
  Logical CPUs visible: 4
  Process CPU affinity: 4
  Sockets: 1
  Cores per socket: 2
  Threads per core: 2
  CPU max MHz: 2600.0000
  CPU min MHz: 800.0000
  L1d cache: 96 KiB (2 instances)
  L1i cache: 128 KiB (2 instances)
  L2 cache: 4 MiB (2 instances)
  L3 cache: 480 MiB (1 instance)
  Virtualization: VT-x
  Hypervisor: Microsoft
  RAM total: 15.61 GiB
  RAM available at start: 13.82 GiB
  Disk total: 144.26 GiB
  Disk free at start: 83.83 GiB
  Torch intra-op threads: 4
  Torch inter-op threads: 2
  OMP_NUM_THREADS: 4
  MKL_NUM_THREADS: 4
  OPENBLAS_NUM_THREADS: 4
  GitHub runner OS: Linux
  GitHub runner architecture: X64
  GitHub runner environment: github-hosted
PPO n_steps: 2,048
PPO batch_size: 512
PPO n_epochs: 5
PPO learning_rate: 0.0003
PPO clip_range: 0.2
PPO ent_coef: 0.01
PPO gamma: 0.995
PPO gae_lambda: 0.95
PPO target_kl: disabled
PPO gradient batches per rollout: 240
VecCheckNan: disabled
Freeze action layout: enabled
Empire territory: enabled
Torch threads per process: 4
Diagnostics: disabled
Wall-clock training limit: disabled
Run ID: seed119-formation_train-all_enemies-29977775990-1
============================================================

Logging to /home/runner/work/Disciples2-RL/Disciples2-RL/github_experiments/119/formation_train/all_enemies/seed119-formation_train-all_enemies-29977775990-1/tensorboard/MaskablePPO_1
------------------------------
| time/              |       |
|    fps             | 907   |
|    iterations      | 1     |
|    time_elapsed    | 27    |
|    total_timesteps | 24576 |
------------------------------
-----------------------------------------
| rollout/                |             |
|    ep_len_mean          | 3.74e+03    |
|    ep_rew_mean          | -189        |
| time/                   |             |
|    fps                  | 834         |
|    iterations           | 2           |
|    time_elapsed         | 58          |
|    total_timesteps      | 49152       |
| train/                  |             |
|    approx_kl            | 0.009133096 |
|    clip_fraction        | 0.0469      |
|    clip_range           | 0.2         |
|    entropy_loss         | -2.27       |
|    explained_variance   | 0.125       |
|    learning_rate        | 0.0003      |
|    loss                 | -0.0189     |
|    n_updates            | 5           |
|    policy_gradient_loss | -0.00469    |
|    value_loss           | 0.173       |
-----------------------------------------
------------------------------------------
| rollout/                |              |
|    ep_len_mean          | 2.84e+03     |
|    ep_rew_mean          | -162         |
| time/                   |              |
|    fps                  | 831          |
|    iterations           | 3            |
|    time_elapsed         | 88           |
|    total_timesteps      | 73728        |
| train/                  |              |
|    approx_kl            | 0.0099277375 |
|    clip_fraction        | 0.0444       |
|    clip_range           | 0.2          |
|    entropy_loss         | -2.24        |
|    explained_variance   | 0.0519       |
|    learning_rate        | 0.0003       |
|    loss                 | -0.0267      |
|    n_updates            | 10           |
|    policy_gradient_loss | -0.00362     |
|    value_loss           | 0.0194       |
------------------------------------------
-----------------------------------------
| rollout/                |             |
|    ep_len_mean          | 2.92e+03    |
|    ep_rew_mean          | -184        |
| time/                   |             |
|    fps                  | 824         |
|    iterations           | 4           |
|    time_elapsed         | 119         |
|    total_timesteps      | 98304       |
| train/                  |             |
|    approx_kl            | 0.009216256 |
|    clip_fraction        | 0.0621      |
|    clip_range           | 0.2         |
|    entropy_loss         | -2.25       |
|    explained_variance   | 0.654       |
|    learning_rate        | 0.0003      |
|    loss                 | -0.036      |
|    n_updates            | 15          |
|    policy_gradient_loss | -0.00512    |
|    value_loss           | 0.00679     |
-----------------------------------------
------------------------------------------
| rollout/                |              |
|    ep_len_mean          | 3.18e+03     |
|    ep_rew_mean          | -252         |
| time/                   |              |
|    fps                  | 825          |
|    iterations           | 5            |
|    time_elapsed         | 148          |
|    total_timesteps      | 122880       |
| train/                  |              |
|    approx_kl            | 0.0073203053 |
|    clip_fraction        | 0.0407       |
|    clip_range           | 0.2          |
|    entropy_loss         | -2.26        |
|    explained_variance   | 0.836        |
|    learning_rate        | 0.0003       |
|    loss                 | -0.025       |
|    n_updates            | 20           |
|    policy_gradient_loss | -0.00382     |
|    value_loss           | 0.00603      |
------------------------------------------
-----------------------------------------
| rollout/                |             |
|    ep_len_mean          | 3.17e+03    |
|    ep_rew_mean          | -250        |
| time/                   |             |
|    fps                  | 828         |
|    iterations           | 6           |
|    time_elapsed         | 177         |
|    total_timesteps      | 147456      |
| train/                  |             |
|    approx_kl            | 0.010976543 |
|    clip_fraction        | 0.0914      |
|    clip_range           | 0.2         |
|    entropy_loss         | -2.2        |
|    explained_variance   | 0.787       |
|    learning_rate        | 0.0003      |
|    loss                 | -0.0203     |
|    n_updates            | 25          |
|    policy_gradient_loss | -0.00593    |
|    value_loss           | 0.00353     |
-----------------------------------------
-----------------------------------------
| rollout/                |             |
|    ep_len_mean          | 3.23e+03    |
|    ep_rew_mean          | -262        |
| time/                   |             |
|    fps                  | 832         |
|    iterations           | 7           |
|    time_elapsed         | 206         |
|    total_timesteps      | 172032      |
| train/                  |             |
|    approx_kl            | 0.008793551 |
|    clip_fraction        | 0.0549      |
|    clip_range           | 0.2         |
|    entropy_loss         | -2.18       |
|    explained_variance   | 0.556       |
|    learning_rate        | 0.0003      |
|    loss                 | -0.0203     |
|    n_updates            | 30          |
|    policy_gradient_loss | -0.00469    |
|    value_loss           | 0.00318     |
-----------------------------------------
----------------------------------------
| rollout/                |            |
|    ep_len_mean          | 3.15e+03   |
|    ep_rew_mean          | -253       |
| time/                   |            |
|    fps                  | 836        |
|    iterations           | 8          |
|    time_elapsed         | 234        |
|    total_timesteps      | 196608     |
| train/                  |            |
|    approx_kl            | 0.00904278 |
|    clip_fraction        | 0.0653     |
|    clip_range           | 0.2        |
|    entropy_loss         | -2.19      |
|    explained_variance   | 0.527      |
|    learning_rate        | 0.0003     |
|    loss                 | -0.0244    |
|    n_updates            | 35         |
|    policy_gradient_loss | -0.00509   |
|    value_loss           | 0.00578    |
----------------------------------------
-----------------------------------------
| rollout/                |             |
|    ep_len_mean          | 3.16e+03    |
|    ep_rew_mean          | -253        |
| time/                   |             |
|    fps                  | 841         |
|    iterations           | 9           |
|    time_elapsed         | 262         |
|    total_timesteps      | 221184      |
| train/                  |             |
|    approx_kl            | 0.008430749 |
|    clip_fraction        | 0.0592      |
|    clip_range           | 0.2         |
|    entropy_loss         | -2.15       |
|    explained_variance   | 0.667       |
|    learning_rate        | 0.0003      |
|    loss                 | -0.0276     |
|    n_updates            | 40          |
|    policy_gradient_loss | -0.0059     |
|    value_loss           | 0.00548     |
-----------------------------------------
-----------------------------------------
| rollout/                |             |
|    ep_len_mean          | 2.97e+03    |
|    ep_rew_mean          | -238        |
| time/                   |             |
|    fps                  | 844         |
|    iterations           | 10          |
|    time_elapsed         | 291         |
|    total_timesteps      | 245760      |
| train/                  |             |
|    approx_kl            | 0.009681699 |
|    clip_fraction        | 0.0747      |
|    clip_range           | 0.2         |
|    entropy_loss         | -2.2        |
|    explained_variance   | 0.843       |
|    learning_rate        | 0.0003      |
|    loss                 | -0.0107     |
|    n_updates            | 45          |
|    policy_gradient_loss | -0.00586    |
|    value_loss           | 0.00678     |
-----------------------------------------
-----------------------------------------
| rollout/                |             |
|    ep_len_mean          | 2.9e+03     |
|    ep_rew_mean          | -231        |
| time/                   |             |
|    fps                  | 843         |
|    iterations           | 11          |
|    time_elapsed         | 320         |
|    total_timesteps      | 270336      |
| train/                  |             |
|    approx_kl            | 0.008549028 |
|    clip_fraction        | 0.0484      |
|    clip_range           | 0.2         |
|    entropy_loss         | -2.19       |
|    explained_variance   | 0.872       |
|    learning_rate        | 0.0003      |
|    loss                 | -0.0268     |
|    n_updates            | 50          |
|    policy_gradient_loss | -0.00472    |
|    value_loss           | 0.00615     |
-----------------------------------------
-----------------------------------------
| rollout/                |             |
|    ep_len_mean          | 2.85e+03    |
|    ep_rew_mean          | -228        |
| time/                   |             |
|    fps                  | 843         |
|    iterations           | 12          |
|    time_elapsed         | 349         |
|    total_timesteps      | 294912      |
| train/                  |             |
|    approx_kl            | 0.007712861 |
|    clip_fraction        | 0.0482      |
|    clip_range           | 0.2         |
|    entropy_loss         | -2.15       |
|    explained_variance   | 0.888       |
|    learning_rate        | 0.0003      |
|    loss                 | -0.0251     |
|    n_updates            | 55          |
|    policy_gradient_loss | -0.0055     |
|    value_loss           | 0.00497     |
-----------------------------------------
------------------------------------------
| rollout/                |              |
|    ep_len_mean          | 2.67e+03     |
|    ep_rew_mean          | -219         |
| time/                   |              |
|    fps                  | 843          |
|    iterations           | 13           |
|    time_elapsed         | 378          |
|    total_timesteps      | 319488       |
| train/                  |              |
|    approx_kl            | 0.0063260295 |
|    clip_fraction        | 0.0431       |
|    clip_range           | 0.2          |
|    entropy_loss         | -2.13        |
|    explained_variance   | 0.903        |
|    learning_rate        | 0.0003       |
|    loss                 | -0.0305      |
|    n_updates            | 60           |
|    policy_gradient_loss | -0.00407     |
|    value_loss           | 0.00827      |
------------------------------------------
-----------------------------------------
| rollout/                |             |
|    ep_len_mean          | 2.7e+03     |
|    ep_rew_mean          | -234        |
| time/                   |             |
|    fps                  | 841         |
|    iterations           | 14          |
|    time_elapsed         | 408         |
|    total_timesteps      | 344064      |
| train/                  |             |
|    approx_kl            | 0.008480308 |
|    clip_fraction        | 0.0618      |
|    clip_range           | 0.2         |
|    entropy_loss         | -2.13       |
|    explained_variance   | 0.954       |
|    learning_rate        | 0.0003      |
|    loss                 | -0.0241     |
|    n_updates            | 65          |
|    policy_gradient_loss | -0.00477    |
|    value_loss           | 0.00368     |
-----------------------------------------
-----------------------------------------
| rollout/                |             |
|    ep_len_mean          | 2.3e+03     |
|    ep_rew_mean          | -189        |
| time/                   |             |
|    fps                  | 842         |
|    iterations           | 15          |
|    time_elapsed         | 437         |
|    total_timesteps      | 368640      |
| train/                  |             |
|    approx_kl            | 0.010206138 |
|    clip_fraction        | 0.0705      |
|    clip_range           | 0.2         |
|    entropy_loss         | -2.16       |
|    explained_variance   | 0.979       |
|    learning_rate        | 0.0003      |
|    loss                 | -0.0346     |
|    n_updates            | 70          |
|    policy_gradient_loss | -0.0057     |
|    value_loss           | 0.00397     |
-----------------------------------------
----------------------------------------
| rollout/                |            |
|    ep_len_mean          | 2.03e+03   |
|    ep_rew_mean          | -167       |
| time/                   |            |
|    fps                  | 841        |
|    iterations           | 16         |
|    time_elapsed         | 467        |
|    total_timesteps      | 393216     |
| train/                  |            |
|    approx_kl            | 0.00853615 |
|    clip_fraction        | 0.0723     |
|    clip_range           | 0.2        |
|    entropy_loss         | -2         |
|    explained_variance   | 0.856      |
|    learning_rate        | 0.0003     |
|    loss                 | 0.00632    |
|    n_updates            | 75         |
|    policy_gradient_loss | -0.00365   |
|    value_loss           | 0.0246     |
----------------------------------------
-----------------------------------------
| rollout/                |             |
|    ep_len_mean          | 1.87e+03    |
|    ep_rew_mean          | -159        |
| time/                   |             |
|    fps                  | 840         |
|    iterations           | 17          |
|    time_elapsed         | 496         |
|    total_timesteps      | 417792      |
| train/                  |             |
|    approx_kl            | 0.010295305 |
|    clip_fraction        | 0.0757      |
|    clip_range           | 0.2         |
|    entropy_loss         | -2.07       |
|    explained_variance   | 0.96        |
|    learning_rate        | 0.0003      |
|    loss                 | -0.0299     |
|    n_updates            | 80          |
|    policy_gradient_loss | -0.00472    |
|    value_loss           | 0.00846     |
-----------------------------------------
-----------------------------------------
| rollout/                |             |
|    ep_len_mean          | 1.75e+03    |
|    ep_rew_mean          | -153        |
| time/                   |             |
|    fps                  | 842         |
|    iterations           | 18          |
|    time_elapsed         | 524         |
|    total_timesteps      | 442368      |
| train/                  |             |
|    approx_kl            | 0.010575467 |
|    clip_fraction        | 0.0828      |
|    clip_range           | 0.2         |
|    entropy_loss         | -2.11       |
|    explained_variance   | 0.974       |
|    learning_rate        | 0.0003      |
|    loss                 | -0.0341     |
|    n_updates            | 85          |
|    policy_gradient_loss | -0.00593    |
|    value_loss           | 0.00745     |
-----------------------------------------
-----------------------------------------
| rollout/                |             |
|    ep_len_mean          | 1.51e+03    |
|    ep_rew_mean          | -132        |
| time/                   |             |
|    fps                  | 845         |
|    iterations           | 19          |
|    time_elapsed         | 552         |
|    total_timesteps      | 466944      |
| train/                  |             |
|    approx_kl            | 0.008467766 |
|    clip_fraction        | 0.0581      |
|    clip_range           | 0.2         |
|    entropy_loss         | -2.04       |
|    explained_variance   | 0.954       |
|    learning_rate        | 0.0003      |
|    loss                 | -0.0179     |
|    n_updates            | 90          |
|    policy_gradient_loss | -0.0047     |
|    value_loss           | 0.0132      |
-----------------------------------------
-----------------------------------------
| rollout/                |             |
|    ep_len_mean          | 1.26e+03    |
|    ep_rew_mean          | -103        |
| time/                   |             |
|    fps                  | 848         |
|    iterations           | 20          |
|    time_elapsed         | 579         |
|    total_timesteps      | 491520      |
| train/                  |             |
|    approx_kl            | 0.007015299 |
|    clip_fraction        | 0.055       |
|    clip_range           | 0.2         |
|    entropy_loss         | -2.03       |
|    explained_variance   | 0.871       |
|    learning_rate        | 0.0003      |
|    loss                 | -0.0246     |
|    n_updates            | 95          |
|    policy_gradient_loss | -0.00327    |
|    value_loss           | 0.0153      |
-----------------------------------------
[Checkpoint] Saved at 500000 steps > /home/runner/work/Disciples2-RL/Disciples2-RL/github_experiments/119/formation_train/all_enemies/seed119-formation_train-all_enemies-29977775990-1/checkpoints/campaign_ppo_step_500000.zip
------------------------------------------
| rollout/                |              |
|    ep_len_mean          | 1.11e+03     |
|    ep_rew_mean          | -81.6        |
| time/                   |              |
|    fps                  | 849          |
|    iterations           | 21           |
|    time_elapsed         | 607          |
|    total_timesteps      | 516096       |
| train/                  |              |
|    approx_kl            | 0.0066020754 |
|    clip_fraction        | 0.0473       |
|    clip_range           | 0.2          |
|    entropy_loss         | -2.04        |
|    explained_variance   | 0.922        |
|    learning_rate        | 0.0003       |
|    loss                 | -0.0191      |
|    n_updates            | 100          |
|    policy_gradient_loss | -0.0026      |
|    value_loss           | 0.00964      |
------------------------------------------
-----------------------------------------
| rollout/                |             |
|    ep_len_mean          | 910         |
|    ep_rew_mean          | -57.2       |
| time/                   |             |
|    fps                  | 850         |
|    iterations           | 22          |
|    time_elapsed         | 635         |
|    total_timesteps      | 540672      |
| train/                  |             |
|    approx_kl            | 0.008266323 |
|    clip_fraction        | 0.0819      |
|    clip_range           | 0.2         |
|    entropy_loss         | -2.01       |
|    explained_variance   | 0.938       |
|    learning_rate        | 0.0003      |
|    loss                 | -0.0171     |
|    n_updates            | 105         |
|    policy_gradient_loss | -0.00487    |
|    value_loss           | 0.00866     |
-----------------------------------------
------------------------------------------
| rollout/                |              |
|    ep_len_mean          | 836          |
|    ep_rew_mean          | -50.3        |
| time/                   |              |
|    fps                  | 851          |
|    iterations           | 23           |
|    time_elapsed         | 663          |
|    total_timesteps      | 565248       |
| train/                  |              |
|    approx_kl            | 0.0068073943 |
|    clip_fraction        | 0.0603       |
|    clip_range           | 0.2          |
|    entropy_loss         | -1.97        |
|    explained_variance   | 0.935        |
|    learning_rate        | 0.0003       |
|    loss                 | -0.0339      |
|    n_updates            | 110          |
|    policy_gradient_loss | -0.00445     |
|    value_loss           | 0.0108       |
------------------------------------------
-----------------------------------------
| rollout/                |             |
|    ep_len_mean          | 770         |
|    ep_rew_mean          | -44.3       |
| time/                   |             |
|    fps                  | 852         |
|    iterations           | 24          |
|    time_elapsed         | 691         |
|    total_timesteps      | 589824      |
| train/                  |             |
|    approx_kl            | 0.009587417 |
|    clip_fraction        | 0.0823      |
|    clip_range           | 0.2         |
|    entropy_loss         | -2.02       |
|    explained_variance   | 0.957       |
|    learning_rate        | 0.0003      |
|    loss                 | -0.0346     |
|    n_updates            | 115         |
|    policy_gradient_loss | -0.00592    |
|    value_loss           | 0.00864     |
-----------------------------------------
-----------------------------------------
| rollout/                |             |
|    ep_len_mean          | 820         |
|    ep_rew_mean          | -47.4       |
| time/                   |             |
|    fps                  | 853         |
|    iterations           | 25          |
|    time_elapsed         | 719         |
|    total_timesteps      | 614400      |
| train/                  |             |
|    approx_kl            | 0.009553856 |
|    clip_fraction        | 0.0755      |
|    clip_range           | 0.2         |
|    entropy_loss         | -2          |
|    explained_variance   | 0.958       |
|    learning_rate        | 0.0003      |
|    loss                 | -0.0214     |
|    n_updates            | 120         |
|    policy_gradient_loss | -0.00514    |
|    value_loss           | 0.00778     |
-----------------------------------------
-----------------------------------------
| rollout/                |             |
|    ep_len_mean          | 938         |
|    ep_rew_mean          | -57.7       |
| time/                   |             |
|    fps                  | 854         |
|    iterations           | 26          |
|    time_elapsed         | 747         |
|    total_timesteps      | 638976      |
| train/                  |             |
|    approx_kl            | 0.008003076 |
|    clip_fraction        | 0.066       |
|    clip_range           | 0.2         |
|    entropy_loss         | -2.08       |
|    explained_variance   | 0.962       |
|    learning_rate        | 0.0003      |
|    loss                 | -0.0272     |
|    n_updates            | 125         |
|    policy_gradient_loss | -0.00415    |
|    value_loss           | 0.00972     |
-----------------------------------------
-----------------------------------------
| rollout/                |             |
|    ep_len_mean          | 1.05e+03    |
|    ep_rew_mean          | -67         |
| time/                   |             |
|    fps                  | 854         |
|    iterations           | 27          |
|    time_elapsed         | 776         |
|    total_timesteps      | 663552      |
| train/                  |             |
|    approx_kl            | 0.009039991 |
|    clip_fraction        | 0.0835      |
|    clip_range           | 0.2         |
|    entropy_loss         | -2.06       |
|    explained_variance   | 0.948       |
|    learning_rate        | 0.0003      |
|    loss                 | -0.0268     |
|    n_updates            | 130         |
|    policy_gradient_loss | -0.00527    |
|    value_loss           | 0.0102      |
-----------------------------------------
-----------------------------------------
| rollout/                |             |
|    ep_len_mean          | 763         |
|    ep_rew_mean          | -43.3       |
| time/                   |             |
|    fps                  | 855         |
|    iterations           | 28          |
|    time_elapsed         | 803         |
|    total_timesteps      | 688128      |
| train/                  |             |
|    approx_kl            | 0.008689217 |
|    clip_fraction        | 0.0788      |
|    clip_range           | 0.2         |
|    entropy_loss         | -2.04       |
|    explained_variance   | 0.964       |
|    learning_rate        | 0.0003      |
|    loss                 | -0.0228     |
|    n_updates            | 135         |
|    policy_gradient_loss | -0.00494    |
|    value_loss           | 0.012       |
-----------------------------------------
-----------------------------------------
| rollout/                |             |
|    ep_len_mean          | 452         |
|    ep_rew_mean          | -19.5       |
| time/                   |             |
|    fps                  | 856         |
|    iterations           | 29          |
|    time_elapsed         | 832         |
|    total_timesteps      | 712704      |
| train/                  |             |
|    approx_kl            | 0.011059389 |
|    clip_fraction        | 0.0949      |
|    clip_range           | 0.2         |
|    entropy_loss         | -1.92       |
|    explained_variance   | 0.95        |
|    learning_rate        | 0.0003      |
|    loss                 | -0.0142     |
|    n_updates            | 140         |
|    policy_gradient_loss | -0.00514    |
|    value_loss           | 0.0229      |
-----------------------------------------
-----------------------------------------
| rollout/                |             |
|    ep_len_mean          | 462         |
|    ep_rew_mean          | -25.3       |
| time/                   |             |
|    fps                  | 856         |
|    iterations           | 30          |
|    time_elapsed         | 860         |
|    total_timesteps      | 737280      |
| train/                  |             |
|    approx_kl            | 0.010178673 |
|    clip_fraction        | 0.0866      |
|    clip_range           | 0.2         |
|    entropy_loss         | -1.93       |
|    explained_variance   | 0.954       |
|    learning_rate        | 0.0003      |
|    loss                 | -0.0179     |
|    n_updates            | 145         |
|    policy_gradient_loss | -0.00486    |
|    value_loss           | 0.0205      |
-----------------------------------------
-----------------------------------------
| rollout/                |             |
|    ep_len_mean          | 382         |
|    ep_rew_mean          | -18         |
| time/                   |             |
|    fps                  | 858         |
|    iterations           | 31          |
|    time_elapsed         | 887         |
|    total_timesteps      | 761856      |
| train/                  |             |
|    approx_kl            | 0.008991693 |
|    clip_fraction        | 0.103       |
|    clip_range           | 0.2         |
|    entropy_loss         | -1.95       |
|    explained_variance   | 0.945       |
|    learning_rate        | 0.0003      |
|    loss                 | -0.00992    |
|    n_updates            | 150         |
|    policy_gradient_loss | -0.00537    |
|    value_loss           | 0.0239      |
-----------------------------------------
-----------------------------------------
| rollout/                |             |
|    ep_len_mean          | 202         |
|    ep_rew_mean          | -6.61       |
| time/                   |             |
|    fps                  | 859         |
|    iterations           | 32          |
|    time_elapsed         | 914         |
|    total_timesteps      | 786432      |
| train/                  |             |
|    approx_kl            | 0.011241454 |
|    clip_fraction        | 0.124       |
|    clip_range           | 0.2         |
|    entropy_loss         | -1.92       |
|    explained_variance   | 0.946       |
|    learning_rate        | 0.0003      |
|    loss                 | -0.00795    |
|    n_updates            | 155         |
|    policy_gradient_loss | -0.00591    |
|    value_loss           | 0.0354      |
-----------------------------------------
-----------------------------------------
| rollout/                |             |
|    ep_len_mean          | 151         |
|    ep_rew_mean          | -4.01       |
| time/                   |             |
|    fps                  | 861         |
|    iterations           | 33          |
|    time_elapsed         | 941         |
|    total_timesteps      | 811008      |
| train/                  |             |
|    approx_kl            | 0.011386886 |
|    clip_fraction        | 0.13        |
|    clip_range           | 0.2         |
|    entropy_loss         | -1.83       |
|    explained_variance   | 0.927       |
|    learning_rate        | 0.0003      |
|    loss                 | 0.0141      |
|    n_updates            | 160         |
|    policy_gradient_loss | -0.00673    |
|    value_loss           | 0.0618      |
-----------------------------------------
-----------------------------------------
| rollout/                |             |
|    ep_len_mean          | 127         |
|    ep_rew_mean          | -5.76       |
| time/                   |             |
|    fps                  | 863         |
|    iterations           | 34          |
|    time_elapsed         | 968         |
|    total_timesteps      | 835584      |
| train/                  |             |
|    approx_kl            | 0.010065999 |
|    clip_fraction        | 0.114       |
|    clip_range           | 0.2         |
|    entropy_loss         | -1.77       |
|    explained_variance   | 0.91        |
|    learning_rate        | 0.0003      |
|    loss                 | -0.00121    |
|    n_updates            | 165         |
|    policy_gradient_loss | -0.00587    |
|    value_loss           | 0.084       |
-----------------------------------------
-----------------------------------------
| rollout/                |             |
|    ep_len_mean          | 107         |
|    ep_rew_mean          | -3.21       |
| time/                   |             |
|    fps                  | 864         |
|    iterations           | 35          |
|    time_elapsed         | 994         |
|    total_timesteps      | 860160      |
| train/                  |             |
|    approx_kl            | 0.008937321 |
|    clip_fraction        | 0.0871      |
|    clip_range           | 0.2         |
|    entropy_loss         | -1.71       |
|    explained_variance   | 0.911       |
|    learning_rate        | 0.0003      |
|    loss                 | 0.0144      |
|    n_updates            | 170         |
|    policy_gradient_loss | -0.00438    |
|    value_loss           | 0.0812      |
-----------------------------------------
------------------------------------------
| rollout/                |              |
|    ep_len_mean          | 95.9         |
|    ep_rew_mean          | -3.49        |
| time/                   |              |
|    fps                  | 866          |
|    iterations           | 36           |
|    time_elapsed         | 1020         |
|    total_timesteps      | 884736       |
| train/                  |              |
|    approx_kl            | 0.0073849387 |
|    clip_fraction        | 0.0603       |
|    clip_range           | 0.2          |
|    entropy_loss         | -1.59        |
|    explained_variance   | 0.912        |
|    learning_rate        | 0.0003       |
|    loss                 | 0.0289       |
|    n_updates            | 175          |
|    policy_gradient_loss | -0.00406     |
|    value_loss           | 0.104        |
------------------------------------------
-----------------------------------------
| rollout/                |             |
|    ep_len_mean          | 69.8        |
|    ep_rew_mean          | -4.51       |
| time/                   |             |
|    fps                  | 867         |
|    iterations           | 37          |
|    time_elapsed         | 1048        |
|    total_timesteps      | 909312      |
| train/                  |             |
|    approx_kl            | 0.006706443 |
|    clip_fraction        | 0.0457      |
|    clip_range           | 0.2         |
|    entropy_loss         | -1.5        |
|    explained_variance   | 0.915       |
|    learning_rate        | 0.0003      |
|    loss                 | 0.0382      |
|    n_updates            | 180         |
|    policy_gradient_loss | -0.00395    |
|    value_loss           | 0.112       |
-----------------------------------------
------------------------------------------
| rollout/                |              |
|    ep_len_mean          | 72.9         |
|    ep_rew_mean          | -3.02        |
| time/                   |              |
|    fps                  | 868          |
|    iterations           | 38           |
|    time_elapsed         | 1075         |
|    total_timesteps      | 933888       |
| train/                  |              |
|    approx_kl            | 0.0061200126 |
|    clip_fraction        | 0.0411       |
|    clip_range           | 0.2          |
|    entropy_loss         | -1.49        |
|    explained_variance   | 0.89         |
|    learning_rate        | 0.0003       |
|    loss                 | 0.0384       |
|    n_updates            | 185          |
|    policy_gradient_loss | -0.00307     |
|    value_loss           | 0.127        |
------------------------------------------
------------------------------------------
| rollout/                |              |
|    ep_len_mean          | 70.5         |
|    ep_rew_mean          | -3.48        |
| time/                   |              |
|    fps                  | 869          |
|    iterations           | 39           |
|    time_elapsed         | 1102         |
|    total_timesteps      | 958464       |
| train/                  |              |
|    approx_kl            | 0.0048414194 |
|    clip_fraction        | 0.0371       |
|    clip_range           | 0.2          |
|    entropy_loss         | -1.45        |
|    explained_variance   | 0.89         |
|    learning_rate        | 0.0003       |
|    loss                 | 0.0499       |
|    n_updates            | 190          |
|    policy_gradient_loss | -0.00298     |
|    value_loss           | 0.144        |
------------------------------------------
-----------------------------------------
| rollout/                |             |
|    ep_len_mean          | 71.2        |
|    ep_rew_mean          | -2.37       |
| time/                   |             |
|    fps                  | 870         |
|    iterations           | 40          |
|    time_elapsed         | 1129        |
|    total_timesteps      | 983040      |
| train/                  |             |
|    approx_kl            | 0.004324022 |
|    clip_fraction        | 0.0344      |
|    clip_range           | 0.2         |
|    entropy_loss         | -1.36       |
|    explained_variance   | 0.896       |
|    learning_rate        | 0.0003      |
|    loss                 | 0.0683      |
|    n_updates            | 195         |
|    policy_gradient_loss | -0.00246    |
|    value_loss           | 0.145       |
-----------------------------------------
[Checkpoint] Saved at 1000000 steps > /home/runner/work/Disciples2-RL/Disciples2-RL/github_experiments/119/formation_train/all_enemies/seed119-formation_train-all_enemies-29977775990-1/checkpoints/campaign_ppo_step_1000000.zip
Eval num_timesteps=1000008, det_reward=19.56 +/- 0.28
Episode length: det=97.75 +/- 3.86
Victory rate: det=100.00%
-------------------------------------------------
| eval/                           |             |
|    deterministic_mean_ep_length | 97.8        |
|    deterministic_mean_reward    | 19.6        |
|    deterministic_victory_rate   | 1           |
|    mean_ep_length               | 97.8        |
|    mean_reward                  | 19.6        |
|    victory_rate                 | 1           |
| time/                           |             |
|    total_timesteps              | 1000008     |
| train/                          |             |
|    approx_kl                    | 0.004848445 |
|    clip_fraction                | 0.0292      |
|    clip_range                   | 0.2         |
|    entropy_loss                 | -1.4        |
|    explained_variance           | 0.891       |
|    learning_rate                | 0.0003      |
|    loss                         | 0.0639      |
|    n_updates                    | 200         |
|    policy_gradient_loss         | -0.00222    |
|    value_loss                   | 0.157       |
-------------------------------------------------
New best model by deterministic victory rate!
---------------------------------
| rollout/           |          |
|    ep_len_mean     | 76.8     |
|    ep_rew_mean     | -0.894   |
| time/              |          |
|    fps             | 869      |
|    iterations      | 41       |
|    time_elapsed    | 1159     |
|    total_timesteps | 1007616  |
---------------------------------
VecNormalize stats saved: /home/runner/work/Disciples2-RL/Disciples2-RL/github_experiments/119/formation_train/all_enemies/seed119-formation_train-all_enemies-29977775990-1/models/vecnormalize.pkl

Финальная модель сохранена: /home/runner/work/Disciples2-RL/Disciples2-RL/github_experiments/119/formation_train/all_enemies/seed119-formation_train-all_enemies-29977775990-1/models/final_model.zip

============================================================
ИТОГИ ОБУЧЕНИЯ:
  Побед: 835
  Поражений: 2349
  Таймаутов: 93
  Побед бота столицы над врагами: 0
  Перестановок юнитов: 199307
  Терминальные поражения по противникам:
    enemy_1: 2349 — Ангел, Мастер клинка и Защитник Веры впереди; Ученик позади
  Winrate: 25.5%
============================================================
  График призывов за эпизод: /home/runner/work/Disciples2-RL/Disciples2-RL/github_experiments/119/formation_train/all_enemies/seed119-formation_train-all_enemies-29977775990-1/plots/campaign_summoned_units_per_episode.png
  График призывов за всё обучение: /home/runner/work/Disciples2-RL/Disciples2-RL/github_experiments/119/formation_train/all_enemies/seed119-formation_train-all_enemies-29977775990-1/plots/campaign_summoned_units_cumulative.png
  График найма за эпизод: /home/runner/work/Disciples2-RL/Disciples2-RL/github_experiments/119/formation_train/all_enemies/seed119-formation_train-all_enemies-29977775990-1/plots/campaign_hired_units_per_episode.png
  График найма за всё обучение: /home/runner/work/Disciples2-RL/Disciples2-RL/github_experiments/119/formation_train/all_enemies/seed119-formation_train-all_enemies-29977775990-1/plots/campaign_hired_units_cumulative.png
  График перестановок юнитов за эпизод: /home/runner/work/Disciples2-RL/Disciples2-RL/github_experiments/119/formation_train/all_enemies/seed119-formation_train-all_enemies-29977775990-1/plots/campaign_unit_swaps_per_episode.png
  График боевых предметов: /home/runner/work/Disciples2-RL/Disciples2-RL/github_experiments/119/formation_train/all_enemies/seed119-formation_train-all_enemies-29977775990-1/plots/campaign_battle_item_activity.png
  График побед бота столицы за эпизод: /home/runner/work/Disciples2-RL/Disciples2-RL/github_experiments/119/formation_train/all_enemies/seed119-formation_train-all_enemies-29977775990-1/plots/campaign_scripted_bot_victories_per_episode.png
  График применения заклинаний: /home/runner/work/Disciples2-RL/Disciples2-RL/github_experiments/119/formation_train/all_enemies/seed119-formation_train-all_enemies-29977775990-1/plots/campaign_spell_cast_activity.png
