Проверка среды CampaignEnv...
Среда прошла проверку!
[INFO] Comet disabled, running without experiment tracking
Создание 12 параллельных сред (subproc)...
Инициализация MaskablePPO...
Using cpu device

============================================================
Запуск обучения Campaign Agent
Всего шагов: 1,000,000
Параллельных сред: 12
VecEnv: subproc
VecEnv start method: forkserver
Seed: 119
Checkpoint каждые: 500,000 шагов
Evaluation каждые: 83,334 шагов
Eval deterministic эпизодов: 20
Eval stochastic эпизодов: 0
Eval лимит шагов на эпизод: 5000
Campaign map: item_train
Campaign objective: all_enemies
System resources at training start:
  Platform: Linux 6.17.0-1020-azure (x86_64)
  Python: 3.14.6
  PyTorch: 2.13.0+cpu
  Training device: cpu
  CPU model: AMD EPYC 9V74 80-Core Processor
  CPU vendor: AuthenticAMD
  Logical CPUs visible: 4
  Process CPU affinity: 4
  Sockets: 1
  Cores per socket: 2
  Threads per core: 2
  CPU max MHz: unknown
  CPU min MHz: unknown
  L1d cache: 64 KiB (2 instances)
  L1i cache: 64 KiB (2 instances)
  L2 cache: 2 MiB (2 instances)
  L3 cache: 32 MiB (1 instance)
  Virtualization: AMD-V
  Hypervisor: Microsoft
  RAM total: 15.61 GiB
  RAM available at start: 13.98 GiB
  Disk total: 144.26 GiB
  Disk free at start: 83.80 GiB
  Torch intra-op threads: 4
  Torch inter-op threads: 2
  OMP_NUM_THREADS: 4
  MKL_NUM_THREADS: 4
  OPENBLAS_NUM_THREADS: 4
  GitHub runner OS: Linux
  GitHub runner architecture: X64
  GitHub runner environment: github-hosted
PPO n_steps: 2,048
PPO batch_size: 512
PPO n_epochs: 5
PPO learning_rate: 0.0003
PPO clip_range: 0.2
PPO ent_coef: 0.01
PPO gamma: 0.995
PPO gae_lambda: 0.95
PPO target_kl: disabled
PPO gradient batches per rollout: 240
VecCheckNan: disabled
Freeze action layout: enabled
Empire territory: enabled
Torch threads per process: 4
Diagnostics: disabled
Wall-clock training limit: disabled
Run ID: seed119-item_train-all_enemies-30002746586-1
============================================================

Logging to /home/runner/work/Disciples2-RL/Disciples2-RL/github_experiments/119/item_train/all_enemies/seed119-item_train-all_enemies-30002746586-1/tensorboard/MaskablePPO_1
---------------------------------
| rollout/           |          |
|    ep_len_mean     | 715      |
|    ep_rew_mean     | -15.6    |
| time/              |          |
|    fps             | 549      |
|    iterations      | 1        |
|    time_elapsed    | 44       |
|    total_timesteps | 24576    |
---------------------------------
-----------------------------------------
| rollout/                |             |
|    ep_len_mean          | 565         |
|    ep_rew_mean          | -13.9       |
| time/                   |             |
|    fps                  | 536         |
|    iterations           | 2           |
|    time_elapsed         | 91          |
|    total_timesteps      | 49152       |
| train/                  |             |
|    approx_kl            | 0.010880419 |
|    clip_fraction        | 0.0727      |
|    clip_range           | 0.2         |
|    entropy_loss         | -2.23       |
|    explained_variance   | 0.062       |
|    learning_rate        | 0.0003      |
|    loss                 | 0.0163      |
|    n_updates            | 5           |
|    policy_gradient_loss | -0.00788    |
|    value_loss           | 0.095       |
-----------------------------------------
-----------------------------------------
| rollout/                |             |
|    ep_len_mean          | 460         |
|    ep_rew_mean          | -14.2       |
| time/                   |             |
|    fps                  | 535         |
|    iterations           | 3           |
|    time_elapsed         | 137         |
|    total_timesteps      | 73728       |
| train/                  |             |
|    approx_kl            | 0.009175815 |
|    clip_fraction        | 0.0568      |
|    clip_range           | 0.2         |
|    entropy_loss         | -2.21       |
|    explained_variance   | 0.508       |
|    learning_rate        | 0.0003      |
|    loss                 | -0.00989    |
|    n_updates            | 10          |
|    policy_gradient_loss | -0.006      |
|    value_loss           | 0.0448      |
-----------------------------------------
-----------------------------------------
| rollout/                |             |
|    ep_len_mean          | 571         |
|    ep_rew_mean          | -17.1       |
| time/                   |             |
|    fps                  | 534         |
|    iterations           | 4           |
|    time_elapsed         | 183         |
|    total_timesteps      | 98304       |
| train/                  |             |
|    approx_kl            | 0.012154664 |
|    clip_fraction        | 0.107       |
|    clip_range           | 0.2         |
|    entropy_loss         | -2.17       |
|    explained_variance   | 0.876       |
|    learning_rate        | 0.0003      |
|    loss                 | -0.0197     |
|    n_updates            | 15          |
|    policy_gradient_loss | -0.00875    |
|    value_loss           | 0.0214      |
-----------------------------------------
-----------------------------------------
| rollout/                |             |
|    ep_len_mean          | 681         |
|    ep_rew_mean          | -20.9       |
| time/                   |             |
|    fps                  | 530         |
|    iterations           | 5           |
|    time_elapsed         | 231         |
|    total_timesteps      | 122880      |
| train/                  |             |
|    approx_kl            | 0.010702041 |
|    clip_fraction        | 0.112       |
|    clip_range           | 0.2         |
|    entropy_loss         | -2.16       |
|    explained_variance   | 0.851       |
|    learning_rate        | 0.0003      |
|    loss                 | -0.0323     |
|    n_updates            | 20          |
|    policy_gradient_loss | -0.00922    |
|    value_loss           | 0.0132      |
-----------------------------------------
-----------------------------------------
| rollout/                |             |
|    ep_len_mean          | 837         |
|    ep_rew_mean          | -25.7       |
| time/                   |             |
|    fps                  | 530         |
|    iterations           | 6           |
|    time_elapsed         | 278         |
|    total_timesteps      | 147456      |
| train/                  |             |
|    approx_kl            | 0.008852524 |
|    clip_fraction        | 0.0704      |
|    clip_range           | 0.2         |
|    entropy_loss         | -2.13       |
|    explained_variance   | 0.894       |
|    learning_rate        | 0.0003      |
|    loss                 | -0.0191     |
|    n_updates            | 25          |
|    policy_gradient_loss | -0.00597    |
|    value_loss           | 0.00995     |
-----------------------------------------
-----------------------------------------
| rollout/                |             |
|    ep_len_mean          | 840         |
|    ep_rew_mean          | -22.6       |
| time/                   |             |
|    fps                  | 531         |
|    iterations           | 7           |
|    time_elapsed         | 323         |
|    total_timesteps      | 172032      |
| train/                  |             |
|    approx_kl            | 0.010302703 |
|    clip_fraction        | 0.0912      |
|    clip_range           | 0.2         |
|    entropy_loss         | -2.15       |
|    explained_variance   | 0.917       |
|    learning_rate        | 0.0003      |
|    loss                 | -0.0273     |
|    n_updates            | 30          |
|    policy_gradient_loss | -0.00844    |
|    value_loss           | 0.00837     |
-----------------------------------------
-----------------------------------------
| rollout/                |             |
|    ep_len_mean          | 482         |
|    ep_rew_mean          | -9.56       |
| time/                   |             |
|    fps                  | 533         |
|    iterations           | 8           |
|    time_elapsed         | 368         |
|    total_timesteps      | 196608      |
| train/                  |             |
|    approx_kl            | 0.008036702 |
|    clip_fraction        | 0.0669      |
|    clip_range           | 0.2         |
|    entropy_loss         | -2.12       |
|    explained_variance   | 0.9         |
|    learning_rate        | 0.0003      |
|    loss                 | -0.0289     |
|    n_updates            | 35          |
|    policy_gradient_loss | -0.00712    |
|    value_loss           | 0.0121      |
-----------------------------------------
-----------------------------------------
| rollout/                |             |
|    ep_len_mean          | 298         |
|    ep_rew_mean          | -7.2        |
| time/                   |             |
|    fps                  | 532         |
|    iterations           | 9           |
|    time_elapsed         | 415         |
|    total_timesteps      | 221184      |
| train/                  |             |
|    approx_kl            | 0.009632329 |
|    clip_fraction        | 0.0944      |
|    clip_range           | 0.2         |
|    entropy_loss         | -2.1        |
|    explained_variance   | 0.863       |
|    learning_rate        | 0.0003      |
|    loss                 | -0.0199     |
|    n_updates            | 40          |
|    policy_gradient_loss | -0.00715    |
|    value_loss           | 0.0185      |
-----------------------------------------
-----------------------------------------
| rollout/                |             |
|    ep_len_mean          | 210         |
|    ep_rew_mean          | -4.88       |
| time/                   |             |
|    fps                  | 531         |
|    iterations           | 10          |
|    time_elapsed         | 462         |
|    total_timesteps      | 245760      |
| train/                  |             |
|    approx_kl            | 0.009187707 |
|    clip_fraction        | 0.0891      |
|    clip_range           | 0.2         |
|    entropy_loss         | -2.09       |
|    explained_variance   | 0.906       |
|    learning_rate        | 0.0003      |
|    loss                 | -0.0192     |
|    n_updates            | 45          |
|    policy_gradient_loss | -0.00673    |
|    value_loss           | 0.0223      |
-----------------------------------------
-----------------------------------------
| rollout/                |             |
|    ep_len_mean          | 197         |
|    ep_rew_mean          | -2.81       |
| time/                   |             |
|    fps                  | 532         |
|    iterations           | 11          |
|    time_elapsed         | 507         |
|    total_timesteps      | 270336      |
| train/                  |             |
|    approx_kl            | 0.008937439 |
|    clip_fraction        | 0.069       |
|    clip_range           | 0.2         |
|    entropy_loss         | -2.05       |
|    explained_variance   | 0.931       |
|    learning_rate        | 0.0003      |
|    loss                 | -0.03       |
|    n_updates            | 50          |
|    policy_gradient_loss | -0.00691    |
|    value_loss           | 0.0226      |
-----------------------------------------
-----------------------------------------
| rollout/                |             |
|    ep_len_mean          | 133         |
|    ep_rew_mean          | -0.168      |
| time/                   |             |
|    fps                  | 535         |
|    iterations           | 12          |
|    time_elapsed         | 550         |
|    total_timesteps      | 294912      |
| train/                  |             |
|    approx_kl            | 0.008322959 |
|    clip_fraction        | 0.0715      |
|    clip_range           | 0.2         |
|    entropy_loss         | -2.02       |
|    explained_variance   | 0.913       |
|    learning_rate        | 0.0003      |
|    loss                 | -0.0129     |
|    n_updates            | 55          |
|    policy_gradient_loss | -0.00713    |
|    value_loss           | 0.0287      |
-----------------------------------------
-----------------------------------------
| rollout/                |             |
|    ep_len_mean          | 152         |
|    ep_rew_mean          | 0.909       |
| time/                   |             |
|    fps                  | 537         |
|    iterations           | 13          |
|    time_elapsed         | 594         |
|    total_timesteps      | 319488      |
| train/                  |             |
|    approx_kl            | 0.008833757 |
|    clip_fraction        | 0.0724      |
|    clip_range           | 0.2         |
|    entropy_loss         | -1.97       |
|    explained_variance   | 0.9         |
|    learning_rate        | 0.0003      |
|    loss                 | -0.00141    |
|    n_updates            | 60          |
|    policy_gradient_loss | -0.00671    |
|    value_loss           | 0.0289      |
-----------------------------------------
-----------------------------------------
| rollout/                |             |
|    ep_len_mean          | 257         |
|    ep_rew_mean          | -10.6       |
| time/                   |             |
|    fps                  | 540         |
|    iterations           | 14          |
|    time_elapsed         | 636         |
|    total_timesteps      | 344064      |
| train/                  |             |
|    approx_kl            | 0.009008165 |
|    clip_fraction        | 0.0619      |
|    clip_range           | 0.2         |
|    entropy_loss         | -1.98       |
|    explained_variance   | 0.947       |
|    learning_rate        | 0.0003      |
|    loss                 | -0.0276     |
|    n_updates            | 65          |
|    policy_gradient_loss | -0.00632    |
|    value_loss           | 0.0244      |
-----------------------------------------
------------------------------------------
| rollout/                |              |
|    ep_len_mean          | 148          |
|    ep_rew_mean          | -0.199       |
| time/                   |              |
|    fps                  | 542          |
|    iterations           | 15           |
|    time_elapsed         | 679          |
|    total_timesteps      | 368640       |
| train/                  |              |
|    approx_kl            | 0.0085733775 |
|    clip_fraction        | 0.0706       |
|    clip_range           | 0.2          |
|    entropy_loss         | -1.96        |
|    explained_variance   | 0.939        |
|    learning_rate        | 0.0003       |
|    loss                 | -0.0301      |
|    n_updates            | 70           |
|    policy_gradient_loss | -0.00739     |
|    value_loss           | 0.0268       |
------------------------------------------
-----------------------------------------
| rollout/                |             |
|    ep_len_mean          | 153         |
|    ep_rew_mean          | -0.359      |
| time/                   |             |
|    fps                  | 544         |
|    iterations           | 16          |
|    time_elapsed         | 721         |
|    total_timesteps      | 393216      |
| train/                  |             |
|    approx_kl            | 0.008366275 |
|    clip_fraction        | 0.0762      |
|    clip_range           | 0.2         |
|    entropy_loss         | -1.9        |
|    explained_variance   | 0.934       |
|    learning_rate        | 0.0003      |
|    loss                 | -0.015      |
|    n_updates            | 75          |
|    policy_gradient_loss | -0.00736    |
|    value_loss           | 0.0288      |
-----------------------------------------
-----------------------------------------
| rollout/                |             |
|    ep_len_mean          | 129         |
|    ep_rew_mean          | 1.48        |
| time/                   |             |
|    fps                  | 546         |
|    iterations           | 17          |
|    time_elapsed         | 764         |
|    total_timesteps      | 417792      |
| train/                  |             |
|    approx_kl            | 0.008340876 |
|    clip_fraction        | 0.0654      |
|    clip_range           | 0.2         |
|    entropy_loss         | -1.92       |
|    explained_variance   | 0.925       |
|    learning_rate        | 0.0003      |
|    loss                 | -0.0171     |
|    n_updates            | 80          |
|    policy_gradient_loss | -0.00718    |
|    value_loss           | 0.0296      |
-----------------------------------------
------------------------------------------
| rollout/                |              |
|    ep_len_mean          | 129          |
|    ep_rew_mean          | 1.49         |
| time/                   |              |
|    fps                  | 549          |
|    iterations           | 18           |
|    time_elapsed         | 805          |
|    total_timesteps      | 442368       |
| train/                  |              |
|    approx_kl            | 0.0075725713 |
|    clip_fraction        | 0.0671       |
|    clip_range           | 0.2          |
|    entropy_loss         | -1.88        |
|    explained_variance   | 0.915        |
|    learning_rate        | 0.0003       |
|    loss                 | -0.0156      |
|    n_updates            | 85           |
|    policy_gradient_loss | -0.00653     |
|    value_loss           | 0.0277       |
------------------------------------------
-----------------------------------------
| rollout/                |             |
|    ep_len_mean          | 109         |
|    ep_rew_mean          | 2.38        |
| time/                   |             |
|    fps                  | 551         |
|    iterations           | 19          |
|    time_elapsed         | 846         |
|    total_timesteps      | 466944      |
| train/                  |             |
|    approx_kl            | 0.009149908 |
|    clip_fraction        | 0.0603      |
|    clip_range           | 0.2         |
|    entropy_loss         | -1.86       |
|    explained_variance   | 0.907       |
|    learning_rate        | 0.0003      |
|    loss                 | -0.0206     |
|    n_updates            | 90          |
|    policy_gradient_loss | -0.006      |
|    value_loss           | 0.0249      |
-----------------------------------------
------------------------------------------
| rollout/                |              |
|    ep_len_mean          | 130          |
|    ep_rew_mean          | 2.49         |
| time/                   |              |
|    fps                  | 552          |
|    iterations           | 20           |
|    time_elapsed         | 889          |
|    total_timesteps      | 491520       |
| train/                  |              |
|    approx_kl            | 0.0064358492 |
|    clip_fraction        | 0.0513       |
|    clip_range           | 0.2          |
|    entropy_loss         | -1.82        |
|    explained_variance   | 0.891        |
|    learning_rate        | 0.0003       |
|    loss                 | -0.00996     |
|    n_updates            | 95           |
|    policy_gradient_loss | -0.00529     |
|    value_loss           | 0.0288       |
------------------------------------------
[Checkpoint] Saved at 500000 steps > /home/runner/work/Disciples2-RL/Disciples2-RL/github_experiments/119/item_train/all_enemies/seed119-item_train-all_enemies-30002746586-1/checkpoints/campaign_ppo_step_500000.zip
-----------------------------------------
| rollout/                |             |
|    ep_len_mean          | 116         |
|    ep_rew_mean          | 2.75        |
| time/                   |             |
|    fps                  | 552         |
|    iterations           | 21          |
|    time_elapsed         | 933         |
|    total_timesteps      | 516096      |
| train/                  |             |
|    approx_kl            | 0.008662765 |
|    clip_fraction        | 0.0893      |
|    clip_range           | 0.2         |
|    entropy_loss         | -1.81       |
|    explained_variance   | 0.907       |
|    learning_rate        | 0.0003      |
|    loss                 | -0.00992    |
|    n_updates            | 100         |
|    policy_gradient_loss | -0.00734    |
|    value_loss           | 0.0256      |
-----------------------------------------
-----------------------------------------
| rollout/                |             |
|    ep_len_mean          | 138         |
|    ep_rew_mean          | -0.28       |
| time/                   |             |
|    fps                  | 554         |
|    iterations           | 22          |
|    time_elapsed         | 975         |
|    total_timesteps      | 540672      |
| train/                  |             |
|    approx_kl            | 0.008136891 |
|    clip_fraction        | 0.0672      |
|    clip_range           | 0.2         |
|    entropy_loss         | -1.79       |
|    explained_variance   | 0.914       |
|    learning_rate        | 0.0003      |
|    loss                 | -0.022      |
|    n_updates            | 105         |
|    policy_gradient_loss | -0.00654    |
|    value_loss           | 0.0258      |
-----------------------------------------
------------------------------------------
| rollout/                |              |
|    ep_len_mean          | 118          |
|    ep_rew_mean          | 3.37         |
| time/                   |              |
|    fps                  | 555          |
|    iterations           | 23           |
|    time_elapsed         | 1017         |
|    total_timesteps      | 565248       |
| train/                  |              |
|    approx_kl            | 0.0088467905 |
|    clip_fraction        | 0.0697       |
|    clip_range           | 0.2          |
|    entropy_loss         | -1.8         |
|    explained_variance   | 0.928        |
|    learning_rate        | 0.0003       |
|    loss                 | -0.0122      |
|    n_updates            | 110          |
|    policy_gradient_loss | -0.00719     |
|    value_loss           | 0.0254       |
------------------------------------------
-----------------------------------------
| rollout/                |             |
|    ep_len_mean          | 103         |
|    ep_rew_mean          | 3.69        |
| time/                   |             |
|    fps                  | 556         |
|    iterations           | 24          |
|    time_elapsed         | 1059        |
|    total_timesteps      | 589824      |
| train/                  |             |
|    approx_kl            | 0.007544242 |
|    clip_fraction        | 0.0688      |
|    clip_range           | 0.2         |
|    entropy_loss         | -1.77       |
|    explained_variance   | 0.918       |
|    learning_rate        | 0.0003      |
|    loss                 | -0.0132     |
|    n_updates            | 115         |
|    policy_gradient_loss | -0.00688    |
|    value_loss           | 0.0277      |
-----------------------------------------
-----------------------------------------
| rollout/                |             |
|    ep_len_mean          | 122         |
|    ep_rew_mean          | 3.34        |
| time/                   |             |
|    fps                  | 557         |
|    iterations           | 25          |
|    time_elapsed         | 1101        |
|    total_timesteps      | 614400      |
| train/                  |             |
|    approx_kl            | 0.007886198 |
|    clip_fraction        | 0.0649      |
|    clip_range           | 0.2         |
|    entropy_loss         | -1.76       |
|    explained_variance   | 0.928       |
|    learning_rate        | 0.0003      |
|    loss                 | -0.0198     |
|    n_updates            | 120         |
|    policy_gradient_loss | -0.00667    |
|    value_loss           | 0.0275      |
-----------------------------------------
-----------------------------------------
| rollout/                |             |
|    ep_len_mean          | 114         |
|    ep_rew_mean          | 3.62        |
| time/                   |             |
|    fps                  | 558         |
|    iterations           | 26          |
|    time_elapsed         | 1144        |
|    total_timesteps      | 638976      |
| train/                  |             |
|    approx_kl            | 0.009621688 |
|    clip_fraction        | 0.0713      |
|    clip_range           | 0.2         |
|    entropy_loss         | -1.8        |
|    explained_variance   | 0.918       |
|    learning_rate        | 0.0003      |
|    loss                 | -0.0138     |
|    n_updates            | 125         |
|    policy_gradient_loss | -0.00775    |
|    value_loss           | 0.0304      |
-----------------------------------------
------------------------------------------
| rollout/                |              |
|    ep_len_mean          | 102          |
|    ep_rew_mean          | 4.48         |
| time/                   |              |
|    fps                  | 558          |
|    iterations           | 27           |
|    time_elapsed         | 1188         |
|    total_timesteps      | 663552       |
| train/                  |              |
|    approx_kl            | 0.0070679807 |
|    clip_fraction        | 0.0623       |
|    clip_range           | 0.2          |
|    entropy_loss         | -1.76        |
|    explained_variance   | 0.911        |
|    learning_rate        | 0.0003       |
|    loss                 | -0.0103      |
|    n_updates            | 130          |
|    policy_gradient_loss | -0.00599     |
|    value_loss           | 0.0349       |
------------------------------------------
------------------------------------------
| rollout/                |              |
|    ep_len_mean          | 108          |
|    ep_rew_mean          | 4.96         |
| time/                   |              |
|    fps                  | 557          |
|    iterations           | 28           |
|    time_elapsed         | 1233         |
|    total_timesteps      | 688128       |
| train/                  |              |
|    approx_kl            | 0.0072845407 |
|    clip_fraction        | 0.0674       |
|    clip_range           | 0.2          |
|    entropy_loss         | -1.67        |
|    explained_variance   | 0.901        |
|    learning_rate        | 0.0003       |
|    loss                 | -0.00459     |
|    n_updates            | 135          |
|    policy_gradient_loss | -0.00757     |
|    value_loss           | 0.0392       |
------------------------------------------
-----------------------------------------
| rollout/                |             |
|    ep_len_mean          | 111         |
|    ep_rew_mean          | 5.87        |
| time/                   |             |
|    fps                  | 556         |
|    iterations           | 29          |
|    time_elapsed         | 1280        |
|    total_timesteps      | 712704      |
| train/                  |             |
|    approx_kl            | 0.007195946 |
|    clip_fraction        | 0.0656      |
|    clip_range           | 0.2         |
|    entropy_loss         | -1.68       |
|    explained_variance   | 0.911       |
|    learning_rate        | 0.0003      |
|    loss                 | -0.00243    |
|    n_updates            | 140         |
|    policy_gradient_loss | -0.00635    |
|    value_loss           | 0.0346      |
-----------------------------------------
------------------------------------------
| rollout/                |              |
|    ep_len_mean          | 102          |
|    ep_rew_mean          | 6.65         |
| time/                   |              |
|    fps                  | 555          |
|    iterations           | 30           |
|    time_elapsed         | 1327         |
|    total_timesteps      | 737280       |
| train/                  |              |
|    approx_kl            | 0.0063071647 |
|    clip_fraction        | 0.0635       |
|    clip_range           | 0.2          |
|    entropy_loss         | -1.65        |
|    explained_variance   | 0.889        |
|    learning_rate        | 0.0003       |
|    loss                 | -0.00314     |
|    n_updates            | 145          |
|    policy_gradient_loss | -0.00637     |
|    value_loss           | 0.0419       |
------------------------------------------
------------------------------------------
| rollout/                |              |
|    ep_len_mean          | 98.3         |
|    ep_rew_mean          | 6.28         |
| time/                   |              |
|    fps                  | 554          |
|    iterations           | 31           |
|    time_elapsed         | 1374         |
|    total_timesteps      | 761856       |
| train/                  |              |
|    approx_kl            | 0.0067501403 |
|    clip_fraction        | 0.064        |
|    clip_range           | 0.2          |
|    entropy_loss         | -1.62        |
|    explained_variance   | 0.889        |
|    learning_rate        | 0.0003       |
|    loss                 | -0.00805     |
|    n_updates            | 150          |
|    policy_gradient_loss | -0.00687     |
|    value_loss           | 0.0402       |
------------------------------------------
-----------------------------------------
| rollout/                |             |
|    ep_len_mean          | 112         |
|    ep_rew_mean          | 6.79        |
| time/                   |             |
|    fps                  | 552         |
|    iterations           | 32          |
|    time_elapsed         | 1423        |
|    total_timesteps      | 786432      |
| train/                  |             |
|    approx_kl            | 0.007421445 |
|    clip_fraction        | 0.0558      |
|    clip_range           | 0.2         |
|    entropy_loss         | -1.58       |
|    explained_variance   | 0.886       |
|    learning_rate        | 0.0003      |
|    loss                 | -0.00263    |
|    n_updates            | 155         |
|    policy_gradient_loss | -0.00598    |
|    value_loss           | 0.0418      |
-----------------------------------------
------------------------------------------
| rollout/                |              |
|    ep_len_mean          | 102          |
|    ep_rew_mean          | 7.02         |
| time/                   |              |
|    fps                  | 551          |
|    iterations           | 33           |
|    time_elapsed         | 1471         |
|    total_timesteps      | 811008       |
| train/                  |              |
|    approx_kl            | 0.0067882556 |
|    clip_fraction        | 0.0677       |
|    clip_range           | 0.2          |
|    entropy_loss         | -1.61        |
|    explained_variance   | 0.892        |
|    learning_rate        | 0.0003       |
|    loss                 | -0.000577    |
|    n_updates            | 160          |
|    policy_gradient_loss | -0.00606     |
|    value_loss           | 0.0438       |
------------------------------------------
-----------------------------------------
| rollout/                |             |
|    ep_len_mean          | 107         |
|    ep_rew_mean          | 7.84        |
| time/                   |             |
|    fps                  | 550         |
|    iterations           | 34          |
|    time_elapsed         | 1518        |
|    total_timesteps      | 835584      |
| train/                  |             |
|    approx_kl            | 0.006196942 |
|    clip_fraction        | 0.0603      |
|    clip_range           | 0.2         |
|    entropy_loss         | -1.6        |
|    explained_variance   | 0.883       |
|    learning_rate        | 0.0003      |
|    loss                 | 0.000413    |
|    n_updates            | 165         |
|    policy_gradient_loss | -0.00504    |
|    value_loss           | 0.0479      |
-----------------------------------------
------------------------------------------
| rollout/                |              |
|    ep_len_mean          | 104          |
|    ep_rew_mean          | 7.4          |
| time/                   |              |
|    fps                  | 549          |
|    iterations           | 35           |
|    time_elapsed         | 1565         |
|    total_timesteps      | 860160       |
| train/                  |              |
|    approx_kl            | 0.0070139733 |
|    clip_fraction        | 0.0699       |
|    clip_range           | 0.2          |
|    entropy_loss         | -1.63        |
|    explained_variance   | 0.897        |
|    learning_rate        | 0.0003       |
|    loss                 | -0.00969     |
|    n_updates            | 170          |
|    policy_gradient_loss | -0.00651     |
|    value_loss           | 0.042        |
------------------------------------------
------------------------------------------
| rollout/                |              |
|    ep_len_mean          | 113          |
|    ep_rew_mean          | 7.57         |
| time/                   |              |
|    fps                  | 548          |
|    iterations           | 36           |
|    time_elapsed         | 1612         |
|    total_timesteps      | 884736       |
| train/                  |              |
|    approx_kl            | 0.0069992314 |
|    clip_fraction        | 0.0711       |
|    clip_range           | 0.2          |
|    entropy_loss         | -1.59        |
|    explained_variance   | 0.9          |
|    learning_rate        | 0.0003       |
|    loss                 | -0.00917     |
|    n_updates            | 175          |
|    policy_gradient_loss | -0.00728     |
|    value_loss           | 0.0424       |
------------------------------------------
-----------------------------------------
| rollout/                |             |
|    ep_len_mean          | 93          |
|    ep_rew_mean          | 7.38        |
| time/                   |             |
|    fps                  | 547         |
|    iterations           | 37          |
|    time_elapsed         | 1661        |
|    total_timesteps      | 909312      |
| train/                  |             |
|    approx_kl            | 0.006490765 |
|    clip_fraction        | 0.0628      |
|    clip_range           | 0.2         |
|    entropy_loss         | -1.56       |
|    explained_variance   | 0.896       |
|    learning_rate        | 0.0003      |
|    loss                 | -0.00762    |
|    n_updates            | 180         |
|    policy_gradient_loss | -0.00531    |
|    value_loss           | 0.0449      |
-----------------------------------------
------------------------------------------
| rollout/                |              |
|    ep_len_mean          | 92.7         |
|    ep_rew_mean          | 9.25         |
| time/                   |              |
|    fps                  | 545          |
|    iterations           | 38           |
|    time_elapsed         | 1711         |
|    total_timesteps      | 933888       |
| train/                  |              |
|    approx_kl            | 0.0062136804 |
|    clip_fraction        | 0.0609       |
|    clip_range           | 0.2          |
|    entropy_loss         | -1.53        |
|    explained_variance   | 0.88         |
|    learning_rate        | 0.0003       |
|    loss                 | 0.00682      |
|    n_updates            | 185          |
|    policy_gradient_loss | -0.00468     |
|    value_loss           | 0.0482       |
------------------------------------------
------------------------------------------
| rollout/                |              |
|    ep_len_mean          | 109          |
|    ep_rew_mean          | 9.47         |
| time/                   |              |
|    fps                  | 544          |
|    iterations           | 39           |
|    time_elapsed         | 1759         |
|    total_timesteps      | 958464       |
| train/                  |              |
|    approx_kl            | 0.0068387724 |
|    clip_fraction        | 0.0648       |
|    clip_range           | 0.2          |
|    entropy_loss         | -1.51        |
|    explained_variance   | 0.888        |
|    learning_rate        | 0.0003       |
|    loss                 | -0.00148     |
|    n_updates            | 190          |
|    policy_gradient_loss | -0.00548     |
|    value_loss           | 0.0497       |
------------------------------------------
------------------------------------------
| rollout/                |              |
|    ep_len_mean          | 116          |
|    ep_rew_mean          | 9.72         |
| time/                   |              |
|    fps                  | 543          |
|    iterations           | 40           |
|    time_elapsed         | 1807         |
|    total_timesteps      | 983040       |
| train/                  |              |
|    approx_kl            | 0.0061398535 |
|    clip_fraction        | 0.0672       |
|    clip_range           | 0.2          |
|    entropy_loss         | -1.52        |
|    explained_variance   | 0.903        |
|    learning_rate        | 0.0003       |
|    loss                 | -0.000681    |
|    n_updates            | 195          |
|    policy_gradient_loss | -0.00542     |
|    value_loss           | 0.043        |
------------------------------------------
[Checkpoint] Saved at 1000000 steps > /home/runner/work/Disciples2-RL/Disciples2-RL/github_experiments/119/item_train/all_enemies/seed119-item_train-all_enemies-30002746586-1/checkpoints/campaign_ppo_step_1000000.zip
Eval num_timesteps=1000008, det_reward=9.44 +/- 1.71
Episode length: det=61.80 +/- 4.97
Victory rate: det=0.00%
--------------------------------------------------
| eval/                           |              |
|    deterministic_mean_ep_length | 61.8         |
|    deterministic_mean_reward    | 9.44         |
|    deterministic_victory_rate   | 0            |
|    mean_ep_length               | 61.8         |
|    mean_reward                  | 9.44         |
|    victory_rate                 | 0            |
| time/                           |              |
|    total_timesteps              | 1000008      |
| train/                          |              |
|    approx_kl                    | 0.0063514723 |
|    clip_fraction                | 0.0715       |
|    clip_range                   | 0.2          |
|    entropy_loss                 | -1.54        |
|    explained_variance           | 0.911        |
|    learning_rate                | 0.0003       |
|    loss                         | -0.01        |
|    n_updates                    | 200          |
|    policy_gradient_loss         | -0.00538     |
|    value_loss                   | 0.0436       |
--------------------------------------------------
New best model by deterministic victory rate!
---------------------------------
| rollout/           |          |
|    ep_len_mean     | 105      |
|    ep_rew_mean     | 9.6      |
| time/              |          |
|    fps             | 541      |
|    iterations      | 41       |
|    time_elapsed    | 1859     |
|    total_timesteps | 1007616  |
---------------------------------
VecNormalize stats saved: /home/runner/work/Disciples2-RL/Disciples2-RL/github_experiments/119/item_train/all_enemies/seed119-item_train-all_enemies-30002746586-1/models/vecnormalize.pkl

Финальная модель сохранена: /home/runner/work/Disciples2-RL/Disciples2-RL/github_experiments/119/item_train/all_enemies/seed119-item_train-all_enemies-30002746586-1/models/final_model.zip

============================================================
ИТОГИ ОБУЧЕНИЯ:
  Побед: 0
  Поражений: 6791
  Таймаутов: 0
  Побед бота столицы над врагами: 0
  Перестановок юнитов: 210917
  Терминальные поражения по противникам:
    enemy_1: 2593 — Король гномов впереди и Арбалетчик позади
    enemy_2: 2204 — Оживший доспех
    enemy_3: 1994 — Два диких кентавра
  Winrate: 0.0%
============================================================
  График призывов за эпизод: /home/runner/work/Disciples2-RL/Disciples2-RL/github_experiments/119/item_train/all_enemies/seed119-item_train-all_enemies-30002746586-1/plots/campaign_summoned_units_per_episode.png
  График призывов за всё обучение: /home/runner/work/Disciples2-RL/Disciples2-RL/github_experiments/119/item_train/all_enemies/seed119-item_train-all_enemies-30002746586-1/plots/campaign_summoned_units_cumulative.png
  График найма за эпизод: /home/runner/work/Disciples2-RL/Disciples2-RL/github_experiments/119/item_train/all_enemies/seed119-item_train-all_enemies-30002746586-1/plots/campaign_hired_units_per_episode.png
  График найма за всё обучение: /home/runner/work/Disciples2-RL/Disciples2-RL/github_experiments/119/item_train/all_enemies/seed119-item_train-all_enemies-30002746586-1/plots/campaign_hired_units_cumulative.png
  График перестановок юнитов за эпизод: /home/runner/work/Disciples2-RL/Disciples2-RL/github_experiments/119/item_train/all_enemies/seed119-item_train-all_enemies-30002746586-1/plots/campaign_unit_swaps_per_episode.png
  График боевых предметов: /home/runner/work/Disciples2-RL/Disciples2-RL/github_experiments/119/item_train/all_enemies/seed119-item_train-all_enemies-30002746586-1/plots/campaign_battle_item_activity.png
  График побед бота столицы за эпизод: /home/runner/work/Disciples2-RL/Disciples2-RL/github_experiments/119/item_train/all_enemies/seed119-item_train-all_enemies-30002746586-1/plots/campaign_scripted_bot_victories_per_episode.png
  График применения заклинаний: /home/runner/work/Disciples2-RL/Disciples2-RL/github_experiments/119/item_train/all_enemies/seed119-item_train-all_enemies-30002746586-1/plots/campaign_spell_cast_activity.png
