Проверка среды CampaignEnv...
Среда прошла проверку!
[INFO] Comet disabled, running without experiment tracking
Создание 12 параллельных сред (subproc)...
Инициализация MaskablePPO...
Using cpu device

============================================================
Запуск обучения Campaign Agent
Всего шагов: 1,000,000
Параллельных сред: 12
VecEnv: subproc
VecEnv start method: forkserver
Seed: 104
Checkpoint каждые: 500,000 шагов
Evaluation каждые: 83,334 шагов
Eval deterministic эпизодов: 20
Eval stochastic эпизодов: 0
Eval лимит шагов на эпизод: 5000
Campaign objective: blue_dragon
System resources at training start:
  Platform: Linux 6.17.0-1018-azure (x86_64)
  Python: 3.14.6
  PyTorch: 2.13.0+cpu
  Training device: cpu
  CPU model: AMD EPYC 9V74 80-Core Processor
  CPU vendor: AuthenticAMD
  Logical CPUs visible: 4
  Process CPU affinity: 4
  Sockets: 1
  Cores per socket: 2
  Threads per core: 2
  CPU max MHz: unknown
  CPU min MHz: unknown
  L1d cache: 64 KiB (2 instances)
  L1i cache: 64 KiB (2 instances)
  L2 cache: 2 MiB (2 instances)
  L3 cache: 32 MiB (1 instance)
  Virtualization: AMD-V
  Hypervisor: Microsoft
  RAM total: 15.61 GiB
  RAM available at start: 13.93 GiB
  Disk total: 144.26 GiB
  Disk free at start: 86.17 GiB
  Torch intra-op threads: 4
  Torch inter-op threads: 2
  OMP_NUM_THREADS: 4
  MKL_NUM_THREADS: 4
  OPENBLAS_NUM_THREADS: 4
  GitHub runner OS: Linux
  GitHub runner architecture: X64
  GitHub runner environment: github-hosted
PPO n_steps: 2,048
PPO batch_size: 512
PPO n_epochs: 5
PPO learning_rate: 0.0003
PPO clip_range: 0.2
PPO ent_coef: 0.01
PPO gamma: 0.995
PPO gae_lambda: 0.95
PPO target_kl: disabled
PPO gradient batches per rollout: 240
VecCheckNan: disabled
Freeze action layout: enabled
Empire territory: enabled
Torch threads per process: 4
Diagnostics: disabled
Wall-clock training limit: disabled
Run ID: seed104-blue_dragon-29285446038-1
============================================================

Logging to /home/runner/work/Disciples2-RL/Disciples2-RL/github_experiments/104/blue_dragon/seed104-blue_dragon-29285446038-1/tensorboard/MaskablePPO_1
---------------------------------
| rollout/           |          |
|    ep_len_mean     | 245      |
|    ep_rew_mean     | 3.43     |
| time/              |          |
|    fps             | 502      |
|    iterations      | 1        |
|    time_elapsed    | 48       |
|    total_timesteps | 24576    |
---------------------------------
-----------------------------------------
| rollout/                |             |
|    ep_len_mean          | 328         |
|    ep_rew_mean          | 3.68        |
| time/                   |             |
|    fps                  | 469         |
|    iterations           | 2           |
|    time_elapsed         | 104         |
|    total_timesteps      | 49152       |
| train/                  |             |
|    approx_kl            | 0.009640035 |
|    clip_fraction        | 0.0686      |
|    clip_range           | 0.2         |
|    entropy_loss         | -2.21       |
|    explained_variance   | 0.18        |
|    learning_rate        | 0.0003      |
|    loss                 | 0.0656      |
|    n_updates            | 5           |
|    policy_gradient_loss | -0.00604    |
|    value_loss           | 0.248       |
-----------------------------------------
-----------------------------------------
| rollout/                |             |
|    ep_len_mean          | 294         |
|    ep_rew_mean          | 6.89        |
| time/                   |             |
|    fps                  | 465         |
|    iterations           | 3           |
|    time_elapsed         | 158         |
|    total_timesteps      | 73728       |
| train/                  |             |
|    approx_kl            | 0.010327614 |
|    clip_fraction        | 0.0908      |
|    clip_range           | 0.2         |
|    entropy_loss         | -2.21       |
|    explained_variance   | 0.715       |
|    learning_rate        | 0.0003      |
|    loss                 | 0.00945     |
|    n_updates            | 10          |
|    policy_gradient_loss | -0.00788    |
|    value_loss           | 0.0991      |
-----------------------------------------
-----------------------------------------
| rollout/                |             |
|    ep_len_mean          | 322         |
|    ep_rew_mean          | 7.41        |
| time/                   |             |
|    fps                  | 459         |
|    iterations           | 4           |
|    time_elapsed         | 214         |
|    total_timesteps      | 98304       |
| train/                  |             |
|    approx_kl            | 0.009825713 |
|    clip_fraction        | 0.0976      |
|    clip_range           | 0.2         |
|    entropy_loss         | -2.18       |
|    explained_variance   | 0.763       |
|    learning_rate        | 0.0003      |
|    loss                 | 0.0321      |
|    n_updates            | 15          |
|    policy_gradient_loss | -0.0104     |
|    value_loss           | 0.113       |
-----------------------------------------
-----------------------------------------
| rollout/                |             |
|    ep_len_mean          | 399         |
|    ep_rew_mean          | 9.42        |
| time/                   |             |
|    fps                  | 453         |
|    iterations           | 5           |
|    time_elapsed         | 270         |
|    total_timesteps      | 122880      |
| train/                  |             |
|    approx_kl            | 0.009934369 |
|    clip_fraction        | 0.0958      |
|    clip_range           | 0.2         |
|    entropy_loss         | -2.16       |
|    explained_variance   | 0.8         |
|    learning_rate        | 0.0003      |
|    loss                 | 0.0188      |
|    n_updates            | 20          |
|    policy_gradient_loss | -0.00882    |
|    value_loss           | 0.11        |
-----------------------------------------
-----------------------------------------
| rollout/                |             |
|    ep_len_mean          | 358         |
|    ep_rew_mean          | 12.9        |
| time/                   |             |
|    fps                  | 452         |
|    iterations           | 6           |
|    time_elapsed         | 325         |
|    total_timesteps      | 147456      |
| train/                  |             |
|    approx_kl            | 0.010400272 |
|    clip_fraction        | 0.122       |
|    clip_range           | 0.2         |
|    entropy_loss         | -2.12       |
|    explained_variance   | 0.833       |
|    learning_rate        | 0.0003      |
|    loss                 | -0.00131    |
|    n_updates            | 25          |
|    policy_gradient_loss | -0.00882    |
|    value_loss           | 0.0854      |
-----------------------------------------
----------------------------------------
| rollout/                |            |
|    ep_len_mean          | 311        |
|    ep_rew_mean          | 16.2       |
| time/                   |            |
|    fps                  | 454        |
|    iterations           | 7          |
|    time_elapsed         | 378        |
|    total_timesteps      | 172032     |
| train/                  |            |
|    approx_kl            | 0.00982649 |
|    clip_fraction        | 0.111      |
|    clip_range           | 0.2        |
|    entropy_loss         | -2.1       |
|    explained_variance   | 0.81       |
|    learning_rate        | 0.0003     |
|    loss                 | 0.0132     |
|    n_updates            | 30         |
|    policy_gradient_loss | -0.00911   |
|    value_loss           | 0.102      |
----------------------------------------
-----------------------------------------
| rollout/                |             |
|    ep_len_mean          | 278         |
|    ep_rew_mean          | 17.4        |
| time/                   |             |
|    fps                  | 457         |
|    iterations           | 8           |
|    time_elapsed         | 430         |
|    total_timesteps      | 196608      |
| train/                  |             |
|    approx_kl            | 0.009814021 |
|    clip_fraction        | 0.0879      |
|    clip_range           | 0.2         |
|    entropy_loss         | -2.06       |
|    explained_variance   | 0.844       |
|    learning_rate        | 0.0003      |
|    loss                 | 0.0299      |
|    n_updates            | 35          |
|    policy_gradient_loss | -0.00659    |
|    value_loss           | 0.102       |
-----------------------------------------
-----------------------------------------
| rollout/                |             |
|    ep_len_mean          | 285         |
|    ep_rew_mean          | 20.3        |
| time/                   |             |
|    fps                  | 460         |
|    iterations           | 9           |
|    time_elapsed         | 480         |
|    total_timesteps      | 221184      |
| train/                  |             |
|    approx_kl            | 0.010307298 |
|    clip_fraction        | 0.118       |
|    clip_range           | 0.2         |
|    entropy_loss         | -1.97       |
|    explained_variance   | 0.805       |
|    learning_rate        | 0.0003      |
|    loss                 | 0.0261      |
|    n_updates            | 40          |
|    policy_gradient_loss | -0.00768    |
|    value_loss           | 0.128       |
-----------------------------------------
-----------------------------------------
| rollout/                |             |
|    ep_len_mean          | 275         |
|    ep_rew_mean          | 21.5        |
| time/                   |             |
|    fps                  | 461         |
|    iterations           | 10          |
|    time_elapsed         | 532         |
|    total_timesteps      | 245760      |
| train/                  |             |
|    approx_kl            | 0.009706907 |
|    clip_fraction        | 0.0958      |
|    clip_range           | 0.2         |
|    entropy_loss         | -1.97       |
|    explained_variance   | 0.813       |
|    learning_rate        | 0.0003      |
|    loss                 | 0.0496      |
|    n_updates            | 45          |
|    policy_gradient_loss | -0.00694    |
|    value_loss           | 0.131       |
-----------------------------------------
-----------------------------------------
| rollout/                |             |
|    ep_len_mean          | 286         |
|    ep_rew_mean          | 21.2        |
| time/                   |             |
|    fps                  | 463         |
|    iterations           | 11          |
|    time_elapsed         | 583         |
|    total_timesteps      | 270336      |
| train/                  |             |
|    approx_kl            | 0.008988553 |
|    clip_fraction        | 0.0928      |
|    clip_range           | 0.2         |
|    entropy_loss         | -1.93       |
|    explained_variance   | 0.806       |
|    learning_rate        | 0.0003      |
|    loss                 | 0.0423      |
|    n_updates            | 50          |
|    policy_gradient_loss | -0.00532    |
|    value_loss           | 0.136       |
-----------------------------------------
-----------------------------------------
| rollout/                |             |
|    ep_len_mean          | 353         |
|    ep_rew_mean          | 20.4        |
| time/                   |             |
|    fps                  | 464         |
|    iterations           | 12          |
|    time_elapsed         | 634         |
|    total_timesteps      | 294912      |
| train/                  |             |
|    approx_kl            | 0.007422851 |
|    clip_fraction        | 0.0803      |
|    clip_range           | 0.2         |
|    entropy_loss         | -1.91       |
|    explained_variance   | 0.847       |
|    learning_rate        | 0.0003      |
|    loss                 | 0.022       |
|    n_updates            | 55          |
|    policy_gradient_loss | -0.005      |
|    value_loss           | 0.115       |
-----------------------------------------
-----------------------------------------
| rollout/                |             |
|    ep_len_mean          | 236         |
|    ep_rew_mean          | 22          |
| time/                   |             |
|    fps                  | 465         |
|    iterations           | 13          |
|    time_elapsed         | 686         |
|    total_timesteps      | 319488      |
| train/                  |             |
|    approx_kl            | 0.007863325 |
|    clip_fraction        | 0.0769      |
|    clip_range           | 0.2         |
|    entropy_loss         | -1.88       |
|    explained_variance   | 0.854       |
|    learning_rate        | 0.0003      |
|    loss                 | 0.0111      |
|    n_updates            | 60          |
|    policy_gradient_loss | -0.00529    |
|    value_loss           | 0.111       |
-----------------------------------------
-----------------------------------------
| rollout/                |             |
|    ep_len_mean          | 265         |
|    ep_rew_mean          | 28          |
| time/                   |             |
|    fps                  | 465         |
|    iterations           | 14          |
|    time_elapsed         | 738         |
|    total_timesteps      | 344064      |
| train/                  |             |
|    approx_kl            | 0.007678103 |
|    clip_fraction        | 0.0656      |
|    clip_range           | 0.2         |
|    entropy_loss         | -1.96       |
|    explained_variance   | 0.758       |
|    learning_rate        | 0.0003      |
|    loss                 | 0.0351      |
|    n_updates            | 65          |
|    policy_gradient_loss | -0.00498    |
|    value_loss           | 0.127       |
-----------------------------------------
-----------------------------------------
| rollout/                |             |
|    ep_len_mean          | 324         |
|    ep_rew_mean          | 28.1        |
| time/                   |             |
|    fps                  | 465         |
|    iterations           | 15          |
|    time_elapsed         | 792         |
|    total_timesteps      | 368640      |
| train/                  |             |
|    approx_kl            | 0.007887787 |
|    clip_fraction        | 0.0723      |
|    clip_range           | 0.2         |
|    entropy_loss         | -1.89       |
|    explained_variance   | 0.801       |
|    learning_rate        | 0.0003      |
|    loss                 | 0.017       |
|    n_updates            | 70          |
|    policy_gradient_loss | -0.0056     |
|    value_loss           | 0.111       |
-----------------------------------------
-----------------------------------------
| rollout/                |             |
|    ep_len_mean          | 329         |
|    ep_rew_mean          | 29.7        |
| time/                   |             |
|    fps                  | 465         |
|    iterations           | 16          |
|    time_elapsed         | 845         |
|    total_timesteps      | 393216      |
| train/                  |             |
|    approx_kl            | 0.006980563 |
|    clip_fraction        | 0.0551      |
|    clip_range           | 0.2         |
|    entropy_loss         | -1.82       |
|    explained_variance   | 0.84        |
|    learning_rate        | 0.0003      |
|    loss                 | 0.0133      |
|    n_updates            | 75          |
|    policy_gradient_loss | -0.00467    |
|    value_loss           | 0.0995      |
-----------------------------------------
-----------------------------------------
| rollout/                |             |
|    ep_len_mean          | 328         |
|    ep_rew_mean          | 30.7        |
| time/                   |             |
|    fps                  | 464         |
|    iterations           | 17          |
|    time_elapsed         | 899         |
|    total_timesteps      | 417792      |
| train/                  |             |
|    approx_kl            | 0.006384697 |
|    clip_fraction        | 0.0556      |
|    clip_range           | 0.2         |
|    entropy_loss         | -1.79       |
|    explained_variance   | 0.873       |
|    learning_rate        | 0.0003      |
|    loss                 | 0.0266      |
|    n_updates            | 80          |
|    policy_gradient_loss | -0.00497    |
|    value_loss           | 0.0949      |
-----------------------------------------
-----------------------------------------
| rollout/                |             |
|    ep_len_mean          | 515         |
|    ep_rew_mean          | 25.8        |
| time/                   |             |
|    fps                  | 465         |
|    iterations           | 18          |
|    time_elapsed         | 950         |
|    total_timesteps      | 442368      |
| train/                  |             |
|    approx_kl            | 0.006384255 |
|    clip_fraction        | 0.0476      |
|    clip_range           | 0.2         |
|    entropy_loss         | -1.74       |
|    explained_variance   | 0.945       |
|    learning_rate        | 0.0003      |
|    loss                 | 0.00401     |
|    n_updates            | 85          |
|    policy_gradient_loss | -0.00446    |
|    value_loss           | 0.0598      |
-----------------------------------------
------------------------------------------
| rollout/                |              |
|    ep_len_mean          | 534          |
|    ep_rew_mean          | 26.5         |
| time/                   |              |
|    fps                  | 465          |
|    iterations           | 19           |
|    time_elapsed         | 1004         |
|    total_timesteps      | 466944       |
| train/                  |              |
|    approx_kl            | 0.0066924314 |
|    clip_fraction        | 0.0593       |
|    clip_range           | 0.2          |
|    entropy_loss         | -1.74        |
|    explained_variance   | 0.936        |
|    learning_rate        | 0.0003       |
|    loss                 | 0.00328      |
|    n_updates            | 90           |
|    policy_gradient_loss | -0.00396     |
|    value_loss           | 0.0732       |
------------------------------------------
------------------------------------------
| rollout/                |              |
|    ep_len_mean          | 342          |
|    ep_rew_mean          | 33.1         |
| time/                   |              |
|    fps                  | 464          |
|    iterations           | 20           |
|    time_elapsed         | 1057         |
|    total_timesteps      | 491520       |
| train/                  |              |
|    approx_kl            | 0.0070624948 |
|    clip_fraction        | 0.061        |
|    clip_range           | 0.2          |
|    entropy_loss         | -1.76        |
|    explained_variance   | 0.91         |
|    learning_rate        | 0.0003       |
|    loss                 | 0.00922      |
|    n_updates            | 95           |
|    policy_gradient_loss | -0.0042      |
|    value_loss           | 0.0837       |
------------------------------------------
[Checkpoint] Saved at 500000 steps > /home/runner/work/Disciples2-RL/Disciples2-RL/github_experiments/104/blue_dragon/seed104-blue_dragon-29285446038-1/checkpoints/campaign_ppo_step_500000.zip
-----------------------------------------
| rollout/                |             |
|    ep_len_mean          | 560         |
|    ep_rew_mean          | 26.4        |
| time/                   |             |
|    fps                  | 465         |
|    iterations           | 21          |
|    time_elapsed         | 1109        |
|    total_timesteps      | 516096      |
| train/                  |             |
|    approx_kl            | 0.008115663 |
|    clip_fraction        | 0.0651      |
|    clip_range           | 0.2         |
|    entropy_loss         | -1.75       |
|    explained_variance   | 0.949       |
|    learning_rate        | 0.0003      |
|    loss                 | -0.00901    |
|    n_updates            | 100         |
|    policy_gradient_loss | -0.00507    |
|    value_loss           | 0.0493      |
-----------------------------------------
-----------------------------------------
| rollout/                |             |
|    ep_len_mean          | 577         |
|    ep_rew_mean          | 23.4        |
| time/                   |             |
|    fps                  | 464         |
|    iterations           | 22          |
|    time_elapsed         | 1163        |
|    total_timesteps      | 540672      |
| train/                  |             |
|    approx_kl            | 0.008389213 |
|    clip_fraction        | 0.067       |
|    clip_range           | 0.2         |
|    entropy_loss         | -1.73       |
|    explained_variance   | 0.951       |
|    learning_rate        | 0.0003      |
|    loss                 | 0.000602    |
|    n_updates            | 105         |
|    policy_gradient_loss | -0.00507    |
|    value_loss           | 0.0578      |
-----------------------------------------
------------------------------------------
| rollout/                |              |
|    ep_len_mean          | 552          |
|    ep_rew_mean          | 27.1         |
| time/                   |              |
|    fps                  | 464          |
|    iterations           | 23           |
|    time_elapsed         | 1216         |
|    total_timesteps      | 565248       |
| train/                  |              |
|    approx_kl            | 0.0074364445 |
|    clip_fraction        | 0.0656       |
|    clip_range           | 0.2          |
|    entropy_loss         | -1.71        |
|    explained_variance   | 0.934        |
|    learning_rate        | 0.0003       |
|    loss                 | -0.004       |
|    n_updates            | 110          |
|    policy_gradient_loss | -0.00553     |
|    value_loss           | 0.0625       |
------------------------------------------
-----------------------------------------
| rollout/                |             |
|    ep_len_mean          | 653         |
|    ep_rew_mean          | 29.9        |
| time/                   |             |
|    fps                  | 464         |
|    iterations           | 24          |
|    time_elapsed         | 1268        |
|    total_timesteps      | 589824      |
| train/                  |             |
|    approx_kl            | 0.007933497 |
|    clip_fraction        | 0.0596      |
|    clip_range           | 0.2         |
|    entropy_loss         | -1.67       |
|    explained_variance   | 0.961       |
|    learning_rate        | 0.0003      |
|    loss                 | -0.0126     |
|    n_updates            | 115         |
|    policy_gradient_loss | -0.0035     |
|    value_loss           | 0.0359      |
-----------------------------------------
------------------------------------------
| rollout/                |              |
|    ep_len_mean          | 287          |
|    ep_rew_mean          | 39.2         |
| time/                   |              |
|    fps                  | 464          |
|    iterations           | 25           |
|    time_elapsed         | 1321         |
|    total_timesteps      | 614400       |
| train/                  |              |
|    approx_kl            | 0.0070321807 |
|    clip_fraction        | 0.0552       |
|    clip_range           | 0.2          |
|    entropy_loss         | -1.73        |
|    explained_variance   | 0.921        |
|    learning_rate        | 0.0003       |
|    loss                 | 0.00513      |
|    n_updates            | 120          |
|    policy_gradient_loss | -0.00479     |
|    value_loss           | 0.0693       |
------------------------------------------
-----------------------------------------
| rollout/                |             |
|    ep_len_mean          | 289         |
|    ep_rew_mean          | 40          |
| time/                   |             |
|    fps                  | 465         |
|    iterations           | 26          |
|    time_elapsed         | 1373        |
|    total_timesteps      | 638976      |
| train/                  |             |
|    approx_kl            | 0.006715242 |
|    clip_fraction        | 0.0564      |
|    clip_range           | 0.2         |
|    entropy_loss         | -1.7        |
|    explained_variance   | 0.878       |
|    learning_rate        | 0.0003      |
|    loss                 | 0.0223      |
|    n_updates            | 125         |
|    policy_gradient_loss | -0.00418    |
|    value_loss           | 0.0792      |
-----------------------------------------
------------------------------------------
| rollout/                |              |
|    ep_len_mean          | 334          |
|    ep_rew_mean          | 39           |
| time/                   |              |
|    fps                  | 465          |
|    iterations           | 27           |
|    time_elapsed         | 1426         |
|    total_timesteps      | 663552       |
| train/                  |              |
|    approx_kl            | 0.0072518387 |
|    clip_fraction        | 0.0637       |
|    clip_range           | 0.2          |
|    entropy_loss         | -1.71        |
|    explained_variance   | 0.899        |
|    learning_rate        | 0.0003       |
|    loss                 | 0.00971      |
|    n_updates            | 130          |
|    policy_gradient_loss | -0.00422     |
|    value_loss           | 0.0706       |
------------------------------------------
----------------------------------------
| rollout/                |            |
|    ep_len_mean          | 346        |
|    ep_rew_mean          | 44.7       |
| time/                   |            |
|    fps                  | 464        |
|    iterations           | 28         |
|    time_elapsed         | 1480       |
|    total_timesteps      | 688128     |
| train/                  |            |
|    approx_kl            | 0.00584662 |
|    clip_fraction        | 0.0459     |
|    clip_range           | 0.2        |
|    entropy_loss         | -1.71      |
|    explained_variance   | 0.845      |
|    learning_rate        | 0.0003     |
|    loss                 | 0.00178    |
|    n_updates            | 135        |
|    policy_gradient_loss | -0.00264   |
|    value_loss           | 0.102      |
----------------------------------------
-----------------------------------------
| rollout/                |             |
|    ep_len_mean          | 376         |
|    ep_rew_mean          | 38.6        |
| time/                   |             |
|    fps                  | 464         |
|    iterations           | 29          |
|    time_elapsed         | 1534        |
|    total_timesteps      | 712704      |
| train/                  |             |
|    approx_kl            | 0.006988755 |
|    clip_fraction        | 0.0645      |
|    clip_range           | 0.2         |
|    entropy_loss         | -1.68       |
|    explained_variance   | 0.918       |
|    learning_rate        | 0.0003      |
|    loss                 | 0.0138      |
|    n_updates            | 140         |
|    policy_gradient_loss | -0.00443    |
|    value_loss           | 0.0671      |
-----------------------------------------
-----------------------------------------
| rollout/                |             |
|    ep_len_mean          | 293         |
|    ep_rew_mean          | 40.1        |
| time/                   |             |
|    fps                  | 464         |
|    iterations           | 30          |
|    time_elapsed         | 1587        |
|    total_timesteps      | 737280      |
| train/                  |             |
|    approx_kl            | 0.006099617 |
|    clip_fraction        | 0.0603      |
|    clip_range           | 0.2         |
|    entropy_loss         | -1.64       |
|    explained_variance   | 0.877       |
|    learning_rate        | 0.0003      |
|    loss                 | 0.014       |
|    n_updates            | 145         |
|    policy_gradient_loss | -0.00462    |
|    value_loss           | 0.0799      |
-----------------------------------------
------------------------------------------
| rollout/                |              |
|    ep_len_mean          | 371          |
|    ep_rew_mean          | 42.1         |
| time/                   |              |
|    fps                  | 463          |
|    iterations           | 31           |
|    time_elapsed         | 1642         |
|    total_timesteps      | 761856       |
| train/                  |              |
|    approx_kl            | 0.0069201267 |
|    clip_fraction        | 0.0581       |
|    clip_range           | 0.2          |
|    entropy_loss         | -1.64        |
|    explained_variance   | 0.895        |
|    learning_rate        | 0.0003       |
|    loss                 | 0.000498     |
|    n_updates            | 150          |
|    policy_gradient_loss | -0.00437     |
|    value_loss           | 0.0667       |
------------------------------------------
-----------------------------------------
| rollout/                |             |
|    ep_len_mean          | 483         |
|    ep_rew_mean          | 49.6        |
| time/                   |             |
|    fps                  | 464         |
|    iterations           | 32          |
|    time_elapsed         | 1694        |
|    total_timesteps      | 786432      |
| train/                  |             |
|    approx_kl            | 0.006763458 |
|    clip_fraction        | 0.0526      |
|    clip_range           | 0.2         |
|    entropy_loss         | -1.7        |
|    explained_variance   | 0.932       |
|    learning_rate        | 0.0003      |
|    loss                 | 0.00062     |
|    n_updates            | 155         |
|    policy_gradient_loss | -0.00415    |
|    value_loss           | 0.0542      |
-----------------------------------------
------------------------------------------
| rollout/                |              |
|    ep_len_mean          | 475          |
|    ep_rew_mean          | 52.8         |
| time/                   |              |
|    fps                  | 464          |
|    iterations           | 33           |
|    time_elapsed         | 1746         |
|    total_timesteps      | 811008       |
| train/                  |              |
|    approx_kl            | 0.0060068364 |
|    clip_fraction        | 0.0489       |
|    clip_range           | 0.2          |
|    entropy_loss         | -1.65        |
|    explained_variance   | 0.934        |
|    learning_rate        | 0.0003       |
|    loss                 | -0.00172     |
|    n_updates            | 160          |
|    policy_gradient_loss | -0.00389     |
|    value_loss           | 0.0519       |
------------------------------------------
-----------------------------------------
| rollout/                |             |
|    ep_len_mean          | 408         |
|    ep_rew_mean          | 48.6        |
| time/                   |             |
|    fps                  | 464         |
|    iterations           | 34          |
|    time_elapsed         | 1799        |
|    total_timesteps      | 835584      |
| train/                  |             |
|    approx_kl            | 0.006841343 |
|    clip_fraction        | 0.0618      |
|    clip_range           | 0.2         |
|    entropy_loss         | -1.65       |
|    explained_variance   | 0.9         |
|    learning_rate        | 0.0003      |
|    loss                 | -0.00288    |
|    n_updates            | 165         |
|    policy_gradient_loss | -0.00426    |
|    value_loss           | 0.0587      |
-----------------------------------------
-----------------------------------------
| rollout/                |             |
|    ep_len_mean          | 377         |
|    ep_rew_mean          | 49.6        |
| time/                   |             |
|    fps                  | 464         |
|    iterations           | 35          |
|    time_elapsed         | 1852        |
|    total_timesteps      | 860160      |
| train/                  |             |
|    approx_kl            | 0.006213358 |
|    clip_fraction        | 0.0576      |
|    clip_range           | 0.2         |
|    entropy_loss         | -1.68       |
|    explained_variance   | 0.911       |
|    learning_rate        | 0.0003      |
|    loss                 | -0.00368    |
|    n_updates            | 170         |
|    policy_gradient_loss | -0.00336    |
|    value_loss           | 0.0512      |
-----------------------------------------
-----------------------------------------
| rollout/                |             |
|    ep_len_mean          | 575         |
|    ep_rew_mean          | 49.6        |
| time/                   |             |
|    fps                  | 464         |
|    iterations           | 36          |
|    time_elapsed         | 1905        |
|    total_timesteps      | 884736      |
| train/                  |             |
|    approx_kl            | 0.006616531 |
|    clip_fraction        | 0.0622      |
|    clip_range           | 0.2         |
|    entropy_loss         | -1.63       |
|    explained_variance   | 0.946       |
|    learning_rate        | 0.0003      |
|    loss                 | 0.00333     |
|    n_updates            | 175         |
|    policy_gradient_loss | -0.00398    |
|    value_loss           | 0.0449      |
-----------------------------------------
------------------------------------------
| rollout/                |              |
|    ep_len_mean          | 594          |
|    ep_rew_mean          | 55.6         |
| time/                   |              |
|    fps                  | 464          |
|    iterations           | 37           |
|    time_elapsed         | 1958         |
|    total_timesteps      | 909312       |
| train/                  |              |
|    approx_kl            | 0.0059270896 |
|    clip_fraction        | 0.0634       |
|    clip_range           | 0.2          |
|    entropy_loss         | -1.62        |
|    explained_variance   | 0.928        |
|    learning_rate        | 0.0003       |
|    loss                 | -0.000144    |
|    n_updates            | 180          |
|    policy_gradient_loss | -0.00312     |
|    value_loss           | 0.0504       |
------------------------------------------
-----------------------------------------
| rollout/                |             |
|    ep_len_mean          | 476         |
|    ep_rew_mean          | 58          |
| time/                   |             |
|    fps                  | 464         |
|    iterations           | 38          |
|    time_elapsed         | 2010        |
|    total_timesteps      | 933888      |
| train/                  |             |
|    approx_kl            | 0.006435719 |
|    clip_fraction        | 0.0635      |
|    clip_range           | 0.2         |
|    entropy_loss         | -1.62       |
|    explained_variance   | 0.896       |
|    learning_rate        | 0.0003      |
|    loss                 | 0.00734     |
|    n_updates            | 185         |
|    policy_gradient_loss | -0.00416    |
|    value_loss           | 0.0551      |
-----------------------------------------
------------------------------------------
| rollout/                |              |
|    ep_len_mean          | 476          |
|    ep_rew_mean          | 56.8         |
| time/                   |              |
|    fps                  | 464          |
|    iterations           | 39           |
|    time_elapsed         | 2062         |
|    total_timesteps      | 958464       |
| train/                  |              |
|    approx_kl            | 0.0072025717 |
|    clip_fraction        | 0.058        |
|    clip_range           | 0.2          |
|    entropy_loss         | -1.64        |
|    explained_variance   | 0.897        |
|    learning_rate        | 0.0003       |
|    loss                 | -0.00438     |
|    n_updates            | 190          |
|    policy_gradient_loss | -0.00374     |
|    value_loss           | 0.0485       |
------------------------------------------
-----------------------------------------
| rollout/                |             |
|    ep_len_mean          | 526         |
|    ep_rew_mean          | 55.8        |
| time/                   |             |
|    fps                  | 465         |
|    iterations           | 40          |
|    time_elapsed         | 2112        |
|    total_timesteps      | 983040      |
| train/                  |             |
|    approx_kl            | 0.006160462 |
|    clip_fraction        | 0.0583      |
|    clip_range           | 0.2         |
|    entropy_loss         | -1.61       |
|    explained_variance   | 0.894       |
|    learning_rate        | 0.0003      |
|    loss                 | -0.000908   |
|    n_updates            | 195         |
|    policy_gradient_loss | -0.00374    |
|    value_loss           | 0.0554      |
-----------------------------------------
[Checkpoint] Saved at 1000000 steps > /home/runner/work/Disciples2-RL/Disciples2-RL/github_experiments/104/blue_dragon/seed104-blue_dragon-29285446038-1/checkpoints/campaign_ppo_step_1000000.zip
Eval num_timesteps=1000008, det_reward=34.78 +/- 16.17
Episode length: det=216.10 +/- 45.41
Victory rate: det=0.00%
--------------------------------------------------
| eval/                           |              |
|    deterministic_mean_ep_length | 216          |
|    deterministic_mean_reward    | 34.8         |
|    deterministic_victory_rate   | 0            |
|    mean_ep_length               | 216          |
|    mean_reward                  | 34.8         |
|    victory_rate                 | 0            |
| time/                           |              |
|    total_timesteps              | 1000008      |
| train/                          |              |
|    approx_kl                    | 0.0064824135 |
|    clip_fraction                | 0.0504       |
|    clip_range                   | 0.2          |
|    entropy_loss                 | -1.62        |
|    explained_variance           | 0.89         |
|    learning_rate                | 0.0003       |
|    loss                         | -0.0053      |
|    n_updates                    | 200          |
|    policy_gradient_loss         | -0.00305     |
|    value_loss                   | 0.0517       |
--------------------------------------------------
New best model by deterministic victory rate!
---------------------------------
| rollout/           |          |
|    ep_len_mean     | 514      |
|    ep_rew_mean     | 54.5     |
| time/              |          |
|    fps             | 463      |
|    iterations      | 41       |
|    time_elapsed    | 2175     |
|    total_timesteps | 1007616  |
---------------------------------
VecNormalize stats saved: /home/runner/work/Disciples2-RL/Disciples2-RL/github_experiments/104/blue_dragon/seed104-blue_dragon-29285446038-1/models/vecnormalize.pkl

Финальная модель сохранена: /home/runner/work/Disciples2-RL/Disciples2-RL/github_experiments/104/blue_dragon/seed104-blue_dragon-29285446038-1/models/final_model.zip

============================================================
ИТОГИ ОБУЧЕНИЯ:
  Побед: 2
  Поражений: 2584
  Таймаутов: 10
  Побед бота столицы над врагами: 0
  Перестановок юнитов: 211857
  Winrate: 0.1%
============================================================
  График призывов за эпизод: /home/runner/work/Disciples2-RL/Disciples2-RL/github_experiments/104/blue_dragon/seed104-blue_dragon-29285446038-1/plots/campaign_summoned_units_per_episode.png
  График призывов за всё обучение: /home/runner/work/Disciples2-RL/Disciples2-RL/github_experiments/104/blue_dragon/seed104-blue_dragon-29285446038-1/plots/campaign_summoned_units_cumulative.png
  График найма за эпизод: /home/runner/work/Disciples2-RL/Disciples2-RL/github_experiments/104/blue_dragon/seed104-blue_dragon-29285446038-1/plots/campaign_hired_units_per_episode.png
  График найма за всё обучение: /home/runner/work/Disciples2-RL/Disciples2-RL/github_experiments/104/blue_dragon/seed104-blue_dragon-29285446038-1/plots/campaign_hired_units_cumulative.png
  График перестановок юнитов за эпизод: /home/runner/work/Disciples2-RL/Disciples2-RL/github_experiments/104/blue_dragon/seed104-blue_dragon-29285446038-1/plots/campaign_unit_swaps_per_episode.png
  График боевых предметов: /home/runner/work/Disciples2-RL/Disciples2-RL/github_experiments/104/blue_dragon/seed104-blue_dragon-29285446038-1/plots/campaign_battle_item_activity.png
  График побед бота столицы за эпизод: /home/runner/work/Disciples2-RL/Disciples2-RL/github_experiments/104/blue_dragon/seed104-blue_dragon-29285446038-1/plots/campaign_scripted_bot_victories_per_episode.png
  График применения заклинаний: /home/runner/work/Disciples2-RL/Disciples2-RL/github_experiments/104/blue_dragon/seed104-blue_dragon-29285446038-1/plots/campaign_spell_cast_activity.png
