Проверка среды CampaignEnv...
Среда прошла проверку!
[INFO] Comet disabled, running without experiment tracking
Создание 12 параллельных сред (subproc)...
Инициализация MaskablePPO...
Using cpu device

============================================================
Запуск обучения Campaign Agent
Всего шагов: 1,000,000
Параллельных сред: 12
VecEnv: subproc
VecEnv start method: forkserver
Seed: 116
Checkpoint каждые: 500,000 шагов
Evaluation каждые: 83,334 шагов
Eval deterministic эпизодов: 20
Eval stochastic эпизодов: 0
Eval лимит шагов на эпизод: 5000
Campaign map: small
Campaign objective: cities
System resources at training start:
  Platform: Linux 6.17.0-1020-azure (x86_64)
  Python: 3.14.6
  PyTorch: 2.13.0+cpu
  Training device: cpu
  CPU model: AMD EPYC 7763 64-Core Processor
  CPU vendor: AuthenticAMD
  Logical CPUs visible: 4
  Process CPU affinity: 4
  Sockets: 1
  Cores per socket: 2
  Threads per core: 2
  CPU max MHz: unknown
  CPU min MHz: unknown
  L1d cache: 64 KiB (2 instances)
  L1i cache: 64 KiB (2 instances)
  L2 cache: 1 MiB (2 instances)
  L3 cache: 32 MiB (1 instance)
  Virtualization: AMD-V
  Hypervisor: Microsoft
  RAM total: 15.62 GiB
  RAM available at start: 13.92 GiB
  Disk total: 144.26 GiB
  Disk free at start: 85.19 GiB
  Torch intra-op threads: 4
  Torch inter-op threads: 2
  OMP_NUM_THREADS: 4
  MKL_NUM_THREADS: 4
  OPENBLAS_NUM_THREADS: 4
  GitHub runner OS: Linux
  GitHub runner architecture: X64
  GitHub runner environment: github-hosted
PPO n_steps: 2,048
PPO batch_size: 512
PPO n_epochs: 5
PPO learning_rate: 0.0003
PPO clip_range: 0.2
PPO ent_coef: 0.01
PPO gamma: 0.995
PPO gae_lambda: 0.95
PPO target_kl: disabled
PPO gradient batches per rollout: 240
VecCheckNan: disabled
Freeze action layout: enabled
Empire territory: enabled
Torch threads per process: 4
Diagnostics: disabled
Wall-clock training limit: disabled
Run ID: seed116-cities-29703773695-1
============================================================

Logging to /home/runner/work/Disciples2-RL/Disciples2-RL/github_experiments/116/cities/seed116-cities-29703773695-1/tensorboard/MaskablePPO_1
---------------------------------
| rollout/           |          |
|    ep_len_mean     | 124      |
|    ep_rew_mean     | -5.64    |
| time/              |          |
|    fps             | 505      |
|    iterations      | 1        |
|    time_elapsed    | 48       |
|    total_timesteps | 24576    |
---------------------------------
-----------------------------------------
| rollout/                |             |
|    ep_len_mean          | 121         |
|    ep_rew_mean          | -3.5        |
| time/                   |             |
|    fps                  | 486         |
|    iterations           | 2           |
|    time_elapsed         | 100         |
|    total_timesteps      | 49152       |
| train/                  |             |
|    approx_kl            | 0.010805483 |
|    clip_fraction        | 0.0951      |
|    clip_range           | 0.2         |
|    entropy_loss         | -2.2        |
|    explained_variance   | -0.168      |
|    learning_rate        | 0.0003      |
|    loss                 | 0.092       |
|    n_updates            | 5           |
|    policy_gradient_loss | -0.00801    |
|    value_loss           | 0.364       |
-----------------------------------------
-----------------------------------------
| rollout/                |             |
|    ep_len_mean          | 155         |
|    ep_rew_mean          | -3.27       |
| time/                   |             |
|    fps                  | 481         |
|    iterations           | 3           |
|    time_elapsed         | 153         |
|    total_timesteps      | 73728       |
| train/                  |             |
|    approx_kl            | 0.011317224 |
|    clip_fraction        | 0.132       |
|    clip_range           | 0.2         |
|    entropy_loss         | -2.12       |
|    explained_variance   | 0.566       |
|    learning_rate        | 0.0003      |
|    loss                 | 0.0347      |
|    n_updates            | 10          |
|    policy_gradient_loss | -0.0123     |
|    value_loss           | 0.181       |
-----------------------------------------
-----------------------------------------
| rollout/                |             |
|    ep_len_mean          | 187         |
|    ep_rew_mean          | -1.88       |
| time/                   |             |
|    fps                  | 475         |
|    iterations           | 4           |
|    time_elapsed         | 206         |
|    total_timesteps      | 98304       |
| train/                  |             |
|    approx_kl            | 0.011264334 |
|    clip_fraction        | 0.127       |
|    clip_range           | 0.2         |
|    entropy_loss         | -2.04       |
|    explained_variance   | 0.721       |
|    learning_rate        | 0.0003      |
|    loss                 | 0.0552      |
|    n_updates            | 15          |
|    policy_gradient_loss | -0.0122     |
|    value_loss           | 0.172       |
-----------------------------------------
-----------------------------------------
| rollout/                |             |
|    ep_len_mean          | 306         |
|    ep_rew_mean          | -9.49       |
| time/                   |             |
|    fps                  | 469         |
|    iterations           | 5           |
|    time_elapsed         | 261         |
|    total_timesteps      | 122880      |
| train/                  |             |
|    approx_kl            | 0.010856554 |
|    clip_fraction        | 0.112       |
|    clip_range           | 0.2         |
|    entropy_loss         | -2.03       |
|    explained_variance   | 0.872       |
|    learning_rate        | 0.0003      |
|    loss                 | 0.015       |
|    n_updates            | 20          |
|    policy_gradient_loss | -0.0105     |
|    value_loss           | 0.115       |
-----------------------------------------
-----------------------------------------
| rollout/                |             |
|    ep_len_mean          | 249         |
|    ep_rew_mean          | 3.57        |
| time/                   |             |
|    fps                  | 468         |
|    iterations           | 6           |
|    time_elapsed         | 314         |
|    total_timesteps      | 147456      |
| train/                  |             |
|    approx_kl            | 0.010795273 |
|    clip_fraction        | 0.113       |
|    clip_range           | 0.2         |
|    entropy_loss         | -2.04       |
|    explained_variance   | 0.904       |
|    learning_rate        | 0.0003      |
|    loss                 | 0.0211      |
|    n_updates            | 25          |
|    policy_gradient_loss | -0.0084     |
|    value_loss           | 0.0783      |
-----------------------------------------
-----------------------------------------
| rollout/                |             |
|    ep_len_mean          | 203         |
|    ep_rew_mean          | 6.76        |
| time/                   |             |
|    fps                  | 468         |
|    iterations           | 7           |
|    time_elapsed         | 367         |
|    total_timesteps      | 172032      |
| train/                  |             |
|    approx_kl            | 0.010193459 |
|    clip_fraction        | 0.108       |
|    clip_range           | 0.2         |
|    entropy_loss         | -2.02       |
|    explained_variance   | 0.885       |
|    learning_rate        | 0.0003      |
|    loss                 | -0.00414    |
|    n_updates            | 30          |
|    policy_gradient_loss | -0.01       |
|    value_loss           | 0.0626      |
-----------------------------------------
-----------------------------------------
| rollout/                |             |
|    ep_len_mean          | 184         |
|    ep_rew_mean          | 9.05        |
| time/                   |             |
|    fps                  | 468         |
|    iterations           | 8           |
|    time_elapsed         | 420         |
|    total_timesteps      | 196608      |
| train/                  |             |
|    approx_kl            | 0.008829665 |
|    clip_fraction        | 0.0943      |
|    clip_range           | 0.2         |
|    entropy_loss         | -1.93       |
|    explained_variance   | 0.87        |
|    learning_rate        | 0.0003      |
|    loss                 | -0.00953    |
|    n_updates            | 35          |
|    policy_gradient_loss | -0.00869    |
|    value_loss           | 0.0522      |
-----------------------------------------
-----------------------------------------
| rollout/                |             |
|    ep_len_mean          | 162         |
|    ep_rew_mean          | 9.42        |
| time/                   |             |
|    fps                  | 468         |
|    iterations           | 9           |
|    time_elapsed         | 472         |
|    total_timesteps      | 221184      |
| train/                  |             |
|    approx_kl            | 0.009110975 |
|    clip_fraction        | 0.105       |
|    clip_range           | 0.2         |
|    entropy_loss         | -1.89       |
|    explained_variance   | 0.857       |
|    learning_rate        | 0.0003      |
|    loss                 | -0.0133     |
|    n_updates            | 40          |
|    policy_gradient_loss | -0.00847    |
|    value_loss           | 0.04        |
-----------------------------------------
------------------------------------------
| rollout/                |              |
|    ep_len_mean          | 173          |
|    ep_rew_mean          | 12.9         |
| time/                   |              |
|    fps                  | 470          |
|    iterations           | 10           |
|    time_elapsed         | 522          |
|    total_timesteps      | 245760       |
| train/                  |              |
|    approx_kl            | 0.0086895665 |
|    clip_fraction        | 0.088        |
|    clip_range           | 0.2          |
|    entropy_loss         | -1.87        |
|    explained_variance   | 0.836        |
|    learning_rate        | 0.0003       |
|    loss                 | -0.00294     |
|    n_updates            | 45           |
|    policy_gradient_loss | -0.00715     |
|    value_loss           | 0.0413       |
------------------------------------------
-----------------------------------------
| rollout/                |             |
|    ep_len_mean          | 172         |
|    ep_rew_mean          | 15.4        |
| time/                   |             |
|    fps                  | 470         |
|    iterations           | 11          |
|    time_elapsed         | 574         |
|    total_timesteps      | 270336      |
| train/                  |             |
|    approx_kl            | 0.008507992 |
|    clip_fraction        | 0.0864      |
|    clip_range           | 0.2         |
|    entropy_loss         | -1.82       |
|    explained_variance   | 0.805       |
|    learning_rate        | 0.0003      |
|    loss                 | -0.0129     |
|    n_updates            | 50          |
|    policy_gradient_loss | -0.0073     |
|    value_loss           | 0.0474      |
-----------------------------------------
------------------------------------------
| rollout/                |              |
|    ep_len_mean          | 162          |
|    ep_rew_mean          | 14.1         |
| time/                   |              |
|    fps                  | 471          |
|    iterations           | 12           |
|    time_elapsed         | 625          |
|    total_timesteps      | 294912       |
| train/                  |              |
|    approx_kl            | 0.0073706186 |
|    clip_fraction        | 0.0741       |
|    clip_range           | 0.2          |
|    entropy_loss         | -1.8         |
|    explained_variance   | 0.768        |
|    learning_rate        | 0.0003       |
|    loss                 | 0.00731      |
|    n_updates            | 55           |
|    policy_gradient_loss | -0.00655     |
|    value_loss           | 0.0544       |
------------------------------------------
-----------------------------------------
| rollout/                |             |
|    ep_len_mean          | 166         |
|    ep_rew_mean          | 16.8        |
| time/                   |             |
|    fps                  | 472         |
|    iterations           | 13          |
|    time_elapsed         | 676         |
|    total_timesteps      | 319488      |
| train/                  |             |
|    approx_kl            | 0.007534414 |
|    clip_fraction        | 0.0777      |
|    clip_range           | 0.2         |
|    entropy_loss         | -1.76       |
|    explained_variance   | 0.79        |
|    learning_rate        | 0.0003      |
|    loss                 | 0.000514    |
|    n_updates            | 60          |
|    policy_gradient_loss | -0.00684    |
|    value_loss           | 0.0579      |
-----------------------------------------
----------------------------------------
| rollout/                |            |
|    ep_len_mean          | 161        |
|    ep_rew_mean          | 16.7       |
| time/                   |            |
|    fps                  | 472        |
|    iterations           | 14         |
|    time_elapsed         | 728        |
|    total_timesteps      | 344064     |
| train/                  |            |
|    approx_kl            | 0.00821528 |
|    clip_fraction        | 0.0817     |
|    clip_range           | 0.2        |
|    entropy_loss         | -1.73      |
|    explained_variance   | 0.774      |
|    learning_rate        | 0.0003     |
|    loss                 | -0.00275   |
|    n_updates            | 65         |
|    policy_gradient_loss | -0.00768   |
|    value_loss           | 0.0684     |
----------------------------------------
------------------------------------------
| rollout/                |              |
|    ep_len_mean          | 152          |
|    ep_rew_mean          | 16.3         |
| time/                   |              |
|    fps                  | 471          |
|    iterations           | 15           |
|    time_elapsed         | 781          |
|    total_timesteps      | 368640       |
| train/                  |              |
|    approx_kl            | 0.0063833664 |
|    clip_fraction        | 0.0571       |
|    clip_range           | 0.2          |
|    entropy_loss         | -1.72        |
|    explained_variance   | 0.801        |
|    learning_rate        | 0.0003       |
|    loss                 | 0.0131       |
|    n_updates            | 70           |
|    policy_gradient_loss | -0.00434     |
|    value_loss           | 0.0762       |
------------------------------------------
------------------------------------------
| rollout/                |              |
|    ep_len_mean          | 196          |
|    ep_rew_mean          | 10.7         |
| time/                   |              |
|    fps                  | 471          |
|    iterations           | 16           |
|    time_elapsed         | 834          |
|    total_timesteps      | 393216       |
| train/                  |              |
|    approx_kl            | 0.0071392967 |
|    clip_fraction        | 0.057        |
|    clip_range           | 0.2          |
|    entropy_loss         | -1.69        |
|    explained_variance   | 0.86         |
|    learning_rate        | 0.0003       |
|    loss                 | 0.0126       |
|    n_updates            | 75           |
|    policy_gradient_loss | -0.00496     |
|    value_loss           | 0.0704       |
------------------------------------------
-----------------------------------------
| rollout/                |             |
|    ep_len_mean          | 158         |
|    ep_rew_mean          | 17.7        |
| time/                   |             |
|    fps                  | 469         |
|    iterations           | 17          |
|    time_elapsed         | 889         |
|    total_timesteps      | 417792      |
| train/                  |             |
|    approx_kl            | 0.007419461 |
|    clip_fraction        | 0.0712      |
|    clip_range           | 0.2         |
|    entropy_loss         | -1.71       |
|    explained_variance   | 0.884       |
|    learning_rate        | 0.0003      |
|    loss                 | 0.00742     |
|    n_updates            | 80          |
|    policy_gradient_loss | -0.00563    |
|    value_loss           | 0.0727      |
-----------------------------------------
------------------------------------------
| rollout/                |              |
|    ep_len_mean          | 214          |
|    ep_rew_mean          | 18.9         |
| time/                   |              |
|    fps                  | 468          |
|    iterations           | 18           |
|    time_elapsed         | 944          |
|    total_timesteps      | 442368       |
| train/                  |              |
|    approx_kl            | 0.0069322158 |
|    clip_fraction        | 0.0563       |
|    clip_range           | 0.2          |
|    entropy_loss         | -1.69        |
|    explained_variance   | 0.85         |
|    learning_rate        | 0.0003       |
|    loss                 | 0.0105       |
|    n_updates            | 85           |
|    policy_gradient_loss | -0.0047      |
|    value_loss           | 0.0749       |
------------------------------------------
-----------------------------------------
| rollout/                |             |
|    ep_len_mean          | 168         |
|    ep_rew_mean          | 19.7        |
| time/                   |             |
|    fps                  | 467         |
|    iterations           | 19          |
|    time_elapsed         | 998         |
|    total_timesteps      | 466944      |
| train/                  |             |
|    approx_kl            | 0.006583199 |
|    clip_fraction        | 0.061       |
|    clip_range           | 0.2         |
|    entropy_loss         | -1.67       |
|    explained_variance   | 0.868       |
|    learning_rate        | 0.0003      |
|    loss                 | 0.00758     |
|    n_updates            | 90          |
|    policy_gradient_loss | -0.00477    |
|    value_loss           | 0.0727      |
-----------------------------------------
------------------------------------------
| rollout/                |              |
|    ep_len_mean          | 172          |
|    ep_rew_mean          | 20.5         |
| time/                   |              |
|    fps                  | 467          |
|    iterations           | 20           |
|    time_elapsed         | 1051         |
|    total_timesteps      | 491520       |
| train/                  |              |
|    approx_kl            | 0.0069162077 |
|    clip_fraction        | 0.0576       |
|    clip_range           | 0.2          |
|    entropy_loss         | -1.65        |
|    explained_variance   | 0.818        |
|    learning_rate        | 0.0003       |
|    loss                 | 0.0186       |
|    n_updates            | 95           |
|    policy_gradient_loss | -0.00497     |
|    value_loss           | 0.078        |
------------------------------------------
[Checkpoint] Saved at 500000 steps > /home/runner/work/Disciples2-RL/Disciples2-RL/github_experiments/116/cities/seed116-cities-29703773695-1/checkpoints/campaign_ppo_step_500000.zip
------------------------------------------
| rollout/                |              |
|    ep_len_mean          | 171          |
|    ep_rew_mean          | 21.5         |
| time/                   |              |
|    fps                  | 467          |
|    iterations           | 21           |
|    time_elapsed         | 1104         |
|    total_timesteps      | 516096       |
| train/                  |              |
|    approx_kl            | 0.0069245375 |
|    clip_fraction        | 0.0659       |
|    clip_range           | 0.2          |
|    entropy_loss         | -1.64        |
|    explained_variance   | 0.83         |
|    learning_rate        | 0.0003       |
|    loss                 | 0.000312     |
|    n_updates            | 100          |
|    policy_gradient_loss | -0.00524     |
|    value_loss           | 0.076        |
------------------------------------------
------------------------------------------
| rollout/                |              |
|    ep_len_mean          | 184          |
|    ep_rew_mean          | 23.2         |
| time/                   |              |
|    fps                  | 466          |
|    iterations           | 22           |
|    time_elapsed         | 1158         |
|    total_timesteps      | 540672       |
| train/                  |              |
|    approx_kl            | 0.0067638312 |
|    clip_fraction        | 0.0609       |
|    clip_range           | 0.2          |
|    entropy_loss         | -1.62        |
|    explained_variance   | 0.851        |
|    learning_rate        | 0.0003       |
|    loss                 | 0.017        |
|    n_updates            | 105          |
|    policy_gradient_loss | -0.00521     |
|    value_loss           | 0.0715       |
------------------------------------------
-----------------------------------------
| rollout/                |             |
|    ep_len_mean          | 181         |
|    ep_rew_mean          | 23.2        |
| time/                   |             |
|    fps                  | 466         |
|    iterations           | 23          |
|    time_elapsed         | 1211        |
|    total_timesteps      | 565248      |
| train/                  |             |
|    approx_kl            | 0.006014805 |
|    clip_fraction        | 0.0558      |
|    clip_range           | 0.2         |
|    entropy_loss         | -1.61       |
|    explained_variance   | 0.837       |
|    learning_rate        | 0.0003      |
|    loss                 | 0.00244     |
|    n_updates            | 110         |
|    policy_gradient_loss | -0.00445    |
|    value_loss           | 0.0815      |
-----------------------------------------
-----------------------------------------
| rollout/                |             |
|    ep_len_mean          | 182         |
|    ep_rew_mean          | 24.9        |
| time/                   |             |
|    fps                  | 465         |
|    iterations           | 24          |
|    time_elapsed         | 1265        |
|    total_timesteps      | 589824      |
| train/                  |             |
|    approx_kl            | 0.007038312 |
|    clip_fraction        | 0.0662      |
|    clip_range           | 0.2         |
|    entropy_loss         | -1.59       |
|    explained_variance   | 0.862       |
|    learning_rate        | 0.0003      |
|    loss                 | 0.0128      |
|    n_updates            | 115         |
|    policy_gradient_loss | -0.00515    |
|    value_loss           | 0.0762      |
-----------------------------------------
------------------------------------------
| rollout/                |              |
|    ep_len_mean          | 187          |
|    ep_rew_mean          | 27           |
| time/                   |              |
|    fps                  | 465          |
|    iterations           | 25           |
|    time_elapsed         | 1319         |
|    total_timesteps      | 614400       |
| train/                  |              |
|    approx_kl            | 0.0065784566 |
|    clip_fraction        | 0.066        |
|    clip_range           | 0.2          |
|    entropy_loss         | -1.54        |
|    explained_variance   | 0.845        |
|    learning_rate        | 0.0003       |
|    loss                 | 0.0164       |
|    n_updates            | 120          |
|    policy_gradient_loss | -0.00527     |
|    value_loss           | 0.0809       |
------------------------------------------
------------------------------------------
| rollout/                |              |
|    ep_len_mean          | 181          |
|    ep_rew_mean          | 27.6         |
| time/                   |              |
|    fps                  | 465          |
|    iterations           | 26           |
|    time_elapsed         | 1372         |
|    total_timesteps      | 638976       |
| train/                  |              |
|    approx_kl            | 0.0063396045 |
|    clip_fraction        | 0.0673       |
|    clip_range           | 0.2          |
|    entropy_loss         | -1.54        |
|    explained_variance   | 0.853        |
|    learning_rate        | 0.0003       |
|    loss                 | 0.018        |
|    n_updates            | 125          |
|    policy_gradient_loss | -0.00495     |
|    value_loss           | 0.0809       |
------------------------------------------
-----------------------------------------
| rollout/                |             |
|    ep_len_mean          | 187         |
|    ep_rew_mean          | 29.5        |
| time/                   |             |
|    fps                  | 465         |
|    iterations           | 27          |
|    time_elapsed         | 1426        |
|    total_timesteps      | 663552      |
| train/                  |             |
|    approx_kl            | 0.006415961 |
|    clip_fraction        | 0.0661      |
|    clip_range           | 0.2         |
|    entropy_loss         | -1.49       |
|    explained_variance   | 0.843       |
|    learning_rate        | 0.0003      |
|    loss                 | 0.0172      |
|    n_updates            | 130         |
|    policy_gradient_loss | -0.00569    |
|    value_loss           | 0.084       |
-----------------------------------------
------------------------------------------
| rollout/                |              |
|    ep_len_mean          | 173          |
|    ep_rew_mean          | 28.2         |
| time/                   |              |
|    fps                  | 464          |
|    iterations           | 28           |
|    time_elapsed         | 1480         |
|    total_timesteps      | 688128       |
| train/                  |              |
|    approx_kl            | 0.0070857573 |
|    clip_fraction        | 0.0682       |
|    clip_range           | 0.2          |
|    entropy_loss         | -1.49        |
|    explained_variance   | 0.861        |
|    learning_rate        | 0.0003       |
|    loss                 | 0.0235       |
|    n_updates            | 135          |
|    policy_gradient_loss | -0.00487     |
|    value_loss           | 0.0903       |
------------------------------------------
-----------------------------------------
| rollout/                |             |
|    ep_len_mean          | 231         |
|    ep_rew_mean          | 29.6        |
| time/                   |             |
|    fps                  | 464         |
|    iterations           | 29          |
|    time_elapsed         | 1533        |
|    total_timesteps      | 712704      |
| train/                  |             |
|    approx_kl            | 0.006563134 |
|    clip_fraction        | 0.0701      |
|    clip_range           | 0.2         |
|    entropy_loss         | -1.47       |
|    explained_variance   | 0.883       |
|    learning_rate        | 0.0003      |
|    loss                 | 0.0156      |
|    n_updates            | 140         |
|    policy_gradient_loss | -0.0044     |
|    value_loss           | 0.0889      |
-----------------------------------------
-----------------------------------------
| rollout/                |             |
|    ep_len_mean          | 219         |
|    ep_rew_mean          | 23.4        |
| time/                   |             |
|    fps                  | 465         |
|    iterations           | 30          |
|    time_elapsed         | 1584        |
|    total_timesteps      | 737280      |
| train/                  |             |
|    approx_kl            | 0.006825529 |
|    clip_fraction        | 0.0633      |
|    clip_range           | 0.2         |
|    entropy_loss         | -1.46       |
|    explained_variance   | 0.914       |
|    learning_rate        | 0.0003      |
|    loss                 | 0.0173      |
|    n_updates            | 145         |
|    policy_gradient_loss | -0.00459    |
|    value_loss           | 0.0817      |
-----------------------------------------
------------------------------------------
| rollout/                |              |
|    ep_len_mean          | 277          |
|    ep_rew_mean          | 27.3         |
| time/                   |              |
|    fps                  | 465          |
|    iterations           | 31           |
|    time_elapsed         | 1635         |
|    total_timesteps      | 761856       |
| train/                  |              |
|    approx_kl            | 0.0068521127 |
|    clip_fraction        | 0.0627       |
|    clip_range           | 0.2          |
|    entropy_loss         | -1.45        |
|    explained_variance   | 0.934        |
|    learning_rate        | 0.0003       |
|    loss                 | 0.0111       |
|    n_updates            | 150          |
|    policy_gradient_loss | -0.0047      |
|    value_loss           | 0.0741       |
------------------------------------------
------------------------------------------
| rollout/                |              |
|    ep_len_mean          | 228          |
|    ep_rew_mean          | 25.3         |
| time/                   |              |
|    fps                  | 466          |
|    iterations           | 32           |
|    time_elapsed         | 1686         |
|    total_timesteps      | 786432       |
| train/                  |              |
|    approx_kl            | 0.0061955475 |
|    clip_fraction        | 0.065        |
|    clip_range           | 0.2          |
|    entropy_loss         | -1.48        |
|    explained_variance   | 0.928        |
|    learning_rate        | 0.0003       |
|    loss                 | 0.0198       |
|    n_updates            | 155          |
|    policy_gradient_loss | -0.00508     |
|    value_loss           | 0.0884       |
------------------------------------------
------------------------------------------
| rollout/                |              |
|    ep_len_mean          | 307          |
|    ep_rew_mean          | 21.2         |
| time/                   |              |
|    fps                  | 466          |
|    iterations           | 33           |
|    time_elapsed         | 1737         |
|    total_timesteps      | 811008       |
| train/                  |              |
|    approx_kl            | 0.0069576274 |
|    clip_fraction        | 0.069        |
|    clip_range           | 0.2          |
|    entropy_loss         | -1.41        |
|    explained_variance   | 0.94         |
|    learning_rate        | 0.0003       |
|    loss                 | 0.0144       |
|    n_updates            | 160          |
|    policy_gradient_loss | -0.00552     |
|    value_loss           | 0.0737       |
------------------------------------------
-----------------------------------------
| rollout/                |             |
|    ep_len_mean          | 285         |
|    ep_rew_mean          | 32.3        |
| time/                   |             |
|    fps                  | 467         |
|    iterations           | 34          |
|    time_elapsed         | 1789        |
|    total_timesteps      | 835584      |
| train/                  |             |
|    approx_kl            | 0.005936568 |
|    clip_fraction        | 0.0595      |
|    clip_range           | 0.2         |
|    entropy_loss         | -1.37       |
|    explained_variance   | 0.94        |
|    learning_rate        | 0.0003      |
|    loss                 | 0.00879     |
|    n_updates            | 165         |
|    policy_gradient_loss | -0.00419    |
|    value_loss           | 0.0739      |
-----------------------------------------
-----------------------------------------
| rollout/                |             |
|    ep_len_mean          | 284         |
|    ep_rew_mean          | 32.3        |
| time/                   |             |
|    fps                  | 467         |
|    iterations           | 35          |
|    time_elapsed         | 1840        |
|    total_timesteps      | 860160      |
| train/                  |             |
|    approx_kl            | 0.006620348 |
|    clip_fraction        | 0.0662      |
|    clip_range           | 0.2         |
|    entropy_loss         | -1.39       |
|    explained_variance   | 0.959       |
|    learning_rate        | 0.0003      |
|    loss                 | 0.00228     |
|    n_updates            | 170         |
|    policy_gradient_loss | -0.00475    |
|    value_loss           | 0.0543      |
-----------------------------------------
------------------------------------------
| rollout/                |              |
|    ep_len_mean          | 385          |
|    ep_rew_mean          | 26.9         |
| time/                   |              |
|    fps                  | 467          |
|    iterations           | 36           |
|    time_elapsed         | 1893         |
|    total_timesteps      | 884736       |
| train/                  |              |
|    approx_kl            | 0.0062095807 |
|    clip_fraction        | 0.0579       |
|    clip_range           | 0.2          |
|    entropy_loss         | -1.38        |
|    explained_variance   | 0.967        |
|    learning_rate        | 0.0003       |
|    loss                 | 0.00256      |
|    n_updates            | 175          |
|    policy_gradient_loss | -0.00357     |
|    value_loss           | 0.051        |
------------------------------------------
-----------------------------------------
| rollout/                |             |
|    ep_len_mean          | 406         |
|    ep_rew_mean          | 22.3        |
| time/                   |             |
|    fps                  | 467         |
|    iterations           | 37          |
|    time_elapsed         | 1944        |
|    total_timesteps      | 909312      |
| train/                  |             |
|    approx_kl            | 0.007731045 |
|    clip_fraction        | 0.0874      |
|    clip_range           | 0.2         |
|    entropy_loss         | -1.42       |
|    explained_variance   | 0.97        |
|    learning_rate        | 0.0003      |
|    loss                 | -0.00111    |
|    n_updates            | 180         |
|    policy_gradient_loss | -0.00456    |
|    value_loss           | 0.0466      |
-----------------------------------------
-----------------------------------------
| rollout/                |             |
|    ep_len_mean          | 382         |
|    ep_rew_mean          | 27.2        |
| time/                   |             |
|    fps                  | 467         |
|    iterations           | 38          |
|    time_elapsed         | 1996        |
|    total_timesteps      | 933888      |
| train/                  |             |
|    approx_kl            | 0.008546994 |
|    clip_fraction        | 0.0838      |
|    clip_range           | 0.2         |
|    entropy_loss         | -1.42       |
|    explained_variance   | 0.96        |
|    learning_rate        | 0.0003      |
|    loss                 | 0.00369     |
|    n_updates            | 185         |
|    policy_gradient_loss | -0.004      |
|    value_loss           | 0.061       |
-----------------------------------------
-----------------------------------------
| rollout/                |             |
|    ep_len_mean          | 387         |
|    ep_rew_mean          | 30.9        |
| time/                   |             |
|    fps                  | 467         |
|    iterations           | 39          |
|    time_elapsed         | 2049        |
|    total_timesteps      | 958464      |
| train/                  |             |
|    approx_kl            | 0.006658779 |
|    clip_fraction        | 0.0747      |
|    clip_range           | 0.2         |
|    entropy_loss         | -1.4        |
|    explained_variance   | 0.956       |
|    learning_rate        | 0.0003      |
|    loss                 | 0.0144      |
|    n_updates            | 190         |
|    policy_gradient_loss | -0.00489    |
|    value_loss           | 0.0587      |
-----------------------------------------
------------------------------------------
| rollout/                |              |
|    ep_len_mean          | 317          |
|    ep_rew_mean          | 37.6         |
| time/                   |              |
|    fps                  | 467          |
|    iterations           | 40           |
|    time_elapsed         | 2102         |
|    total_timesteps      | 983040       |
| train/                  |              |
|    approx_kl            | 0.0071743415 |
|    clip_fraction        | 0.0791       |
|    clip_range           | 0.2          |
|    entropy_loss         | -1.49        |
|    explained_variance   | 0.946        |
|    learning_rate        | 0.0003       |
|    loss                 | 0.00528      |
|    n_updates            | 195          |
|    policy_gradient_loss | -0.00472     |
|    value_loss           | 0.0632       |
------------------------------------------
[Checkpoint] Saved at 1000000 steps > /home/runner/work/Disciples2-RL/Disciples2-RL/github_experiments/116/cities/seed116-cities-29703773695-1/checkpoints/campaign_ppo_step_1000000.zip
Eval num_timesteps=1000008, det_reward=-124.83 +/- 220.61
Episode length: det=2377.55 +/- 2168.55
Victory rate: det=0.00%
--------------------------------------------------
| eval/                           |              |
|    deterministic_mean_ep_length | 2.38e+03     |
|    deterministic_mean_reward    | -125         |
|    deterministic_victory_rate   | 0            |
|    mean_ep_length               | 2.38e+03     |
|    mean_reward                  | -125         |
|    victory_rate                 | 0            |
| time/                           |              |
|    total_timesteps              | 1000008      |
| train/                          |              |
|    approx_kl                    | 0.0071015707 |
|    clip_fraction                | 0.0731       |
|    clip_range                   | 0.2          |
|    entropy_loss                 | -1.53        |
|    explained_variance           | 0.959        |
|    learning_rate                | 0.0003       |
|    loss                         | -0.0075      |
|    n_updates                    | 200          |
|    policy_gradient_loss         | -0.00467     |
|    value_loss                   | 0.0509       |
--------------------------------------------------
New best model by deterministic victory rate!
---------------------------------
| rollout/           |          |
|    ep_len_mean     | 388      |
|    ep_rew_mean     | 35.1     |
| time/              |          |
|    fps             | 432      |
|    iterations      | 41       |
|    time_elapsed    | 2327     |
|    total_timesteps | 1007616  |
---------------------------------
VecNormalize stats saved: /home/runner/work/Disciples2-RL/Disciples2-RL/github_experiments/116/cities/seed116-cities-29703773695-1/models/vecnormalize.pkl

Финальная модель сохранена: /home/runner/work/Disciples2-RL/Disciples2-RL/github_experiments/116/cities/seed116-cities-29703773695-1/models/final_model.zip

============================================================
ИТОГИ ОБУЧЕНИЯ:
  Побед: 15
  Поражений: 4946
  Таймаутов: 10
  Побед бота столицы над врагами: 0
  Перестановок юнитов: 192683
  Терминальные поражения по противникам:
    enemy_29: 651 — Отряд: 3 скваера на передней линии
    enemy_15: 607 — Отряд: 2 привидения спереди, вампир сзади
    enemy_25: 573 — Отряд: копейщик спереди и служка сзади
    enemy_23: 430 — Отряд: волк на передней линии
    enemy_31: 401 — Отряд: зеленый дракон
    enemy_17: 346 — Отряд: воин спереди, 2 призрака и привидение сзади
    enemy_61: 317 — Отряд: Зомби, Призрак
    enemy_34: 290 — Отряд Порта Полонис: Воин спереди, Колдун, Нигош (Носферату) и Привидение сзади
    enemy_74: 215 — Руины (43, 34): Лорд Тьмы, Лич
    enemy_7: 212 — Отряд: воин + привидение спереди, колдун + призрак + привидение сзади
    enemy_21: 198 — Отряд: зомби спереди, привидение сзади
    enemy_27: 178 — Отряд: скваер в центре и 2 крестьянина на передней линии
    enemy_65: 151 — Отряд: Кентавр копейщик, Рейнджер
    enemy_9: 96 — Отряд: тамплиер спереди, колдун и призрак сзади
    enemy_19: 73 — Отряд: зомби спереди, привидение сзади
    enemy_3: 39 — Отряд: орк чемпион на передней линии
    enemy_59: 39 — Отряд: Зомби
    enemy_35: 27 — Отряд Соругириллы: Унфегра (Королева личей), Виверна
    enemy_11: 26 — Отряд: оборотень спереди и тень сзади
    enemy_5: 22 — Отряд: орк чемпион на передней линии
    enemy_57: 18 — Отряд: Призрак, Привидение, Воин
    enemy_63: 16 — Отряд: Разбойник
    enemy_70: 8 — Руины (15, 9): Орк, Гоблин, Гоблин
    enemy_47: 5 — Отряд: Призрак, Привидение, Привидение, Воин
    enemy_69: 3 — Внутренний гарнизон Соругириллы: Зомби, Воин
    enemy_43: 2 — Отряд: Призрак, Тамплиер
    enemy_41: 1 — Отряд: Гном, Метатель топоров
    enemy_75: 1 — Страж столицы Империи: Мизраэль
    enemy_13: 1 — Отряд: 2 зомби спереди и привидение сзади
  Winrate: 0.3%
============================================================
  График призывов за эпизод: /home/runner/work/Disciples2-RL/Disciples2-RL/github_experiments/116/cities/seed116-cities-29703773695-1/plots/campaign_summoned_units_per_episode.png
  График призывов за всё обучение: /home/runner/work/Disciples2-RL/Disciples2-RL/github_experiments/116/cities/seed116-cities-29703773695-1/plots/campaign_summoned_units_cumulative.png
  График найма за эпизод: /home/runner/work/Disciples2-RL/Disciples2-RL/github_experiments/116/cities/seed116-cities-29703773695-1/plots/campaign_hired_units_per_episode.png
  График найма за всё обучение: /home/runner/work/Disciples2-RL/Disciples2-RL/github_experiments/116/cities/seed116-cities-29703773695-1/plots/campaign_hired_units_cumulative.png
  График перестановок юнитов за эпизод: /home/runner/work/Disciples2-RL/Disciples2-RL/github_experiments/116/cities/seed116-cities-29703773695-1/plots/campaign_unit_swaps_per_episode.png
  График боевых предметов: /home/runner/work/Disciples2-RL/Disciples2-RL/github_experiments/116/cities/seed116-cities-29703773695-1/plots/campaign_battle_item_activity.png
  График побед бота столицы за эпизод: /home/runner/work/Disciples2-RL/Disciples2-RL/github_experiments/116/cities/seed116-cities-29703773695-1/plots/campaign_scripted_bot_victories_per_episode.png
  График применения заклинаний: /home/runner/work/Disciples2-RL/Disciples2-RL/github_experiments/116/cities/seed116-cities-29703773695-1/plots/campaign_spell_cast_activity.png
