Проверка среды CampaignEnv...
Среда прошла проверку!
[INFO] Comet disabled, running without experiment tracking
Создание 12 параллельных сред (subproc)...
Инициализация MaskablePPO...
Using cpu device

============================================================
Запуск обучения Campaign Agent
Всего шагов: 1,000,000
Параллельных сред: 12
VecEnv: subproc
VecEnv start method: forkserver
Seed: 120
Checkpoint каждые: 500,000 шагов
Evaluation каждые: 83,334 шагов
Eval deterministic эпизодов: 20
Eval stochastic эпизодов: 0
Eval лимит шагов на эпизод: 5000
Campaign map: small
Campaign objective: dragon
System resources at training start:
  Platform: Linux 6.17.0-1020-azure (x86_64)
  Python: 3.14.6
  PyTorch: 2.13.0+cpu
  Training device: cpu
  CPU model: AMD EPYC 7763 64-Core Processor
  CPU vendor: AuthenticAMD
  Logical CPUs visible: 4
  Process CPU affinity: 4
  Sockets: 1
  Cores per socket: 2
  Threads per core: 2
  CPU max MHz: unknown
  CPU min MHz: unknown
  L1d cache: 64 KiB (2 instances)
  L1i cache: 64 KiB (2 instances)
  L2 cache: 1 MiB (2 instances)
  L3 cache: 32 MiB (1 instance)
  Virtualization: AMD-V
  Hypervisor: Microsoft
  RAM total: 15.61 GiB
  RAM available at start: 13.89 GiB
  Disk total: 144.26 GiB
  Disk free at start: 83.51 GiB
  Torch intra-op threads: 4
  Torch inter-op threads: 2
  OMP_NUM_THREADS: 4
  MKL_NUM_THREADS: 4
  OPENBLAS_NUM_THREADS: 4
  GitHub runner OS: Linux
  GitHub runner architecture: X64
  GitHub runner environment: github-hosted
PPO n_steps: 2,048
PPO batch_size: 512
PPO n_epochs: 5
PPO learning_rate: 0.0003
PPO clip_range: 0.2
PPO ent_coef: 0.01
PPO gamma: 0.995
PPO gae_lambda: 0.95
PPO target_kl: disabled
PPO gradient batches per rollout: 240
VecCheckNan: disabled
Freeze action layout: enabled
Empire territory: enabled
Torch threads per process: 4
Diagnostics: disabled
Wall-clock training limit: disabled
Run ID: seed120-small-green_dragon-30130539497-1
============================================================

Logging to /home/runner/work/Disciples2-RL/Disciples2-RL/github_experiments/120/small/green_dragon/seed120-small-green_dragon-30130539497-1/tensorboard/MaskablePPO_1
---------------------------------
| rollout/           |          |
|    ep_len_mean     | 114      |
|    ep_rew_mean     | -5.43    |
| time/              |          |
|    fps             | 430      |
|    iterations      | 1        |
|    time_elapsed    | 57       |
|    total_timesteps | 24576    |
---------------------------------
-----------------------------------------
| rollout/                |             |
|    ep_len_mean          | 125         |
|    ep_rew_mean          | -4.21       |
| time/                   |             |
|    fps                  | 415         |
|    iterations           | 2           |
|    time_elapsed         | 118         |
|    total_timesteps      | 49152       |
| train/                  |             |
|    approx_kl            | 0.010403787 |
|    clip_fraction        | 0.0909      |
|    clip_range           | 0.2         |
|    entropy_loss         | -2.22       |
|    explained_variance   | -0.0681     |
|    learning_rate        | 0.0003      |
|    loss                 | 0.23        |
|    n_updates            | 5           |
|    policy_gradient_loss | -0.00815    |
|    value_loss           | 0.5         |
-----------------------------------------
-----------------------------------------
| rollout/                |             |
|    ep_len_mean          | 158         |
|    ep_rew_mean          | -4.56       |
| time/                   |             |
|    fps                  | 412         |
|    iterations           | 3           |
|    time_elapsed         | 178         |
|    total_timesteps      | 73728       |
| train/                  |             |
|    approx_kl            | 0.010690187 |
|    clip_fraction        | 0.113       |
|    clip_range           | 0.2         |
|    entropy_loss         | -2.18       |
|    explained_variance   | 0.533       |
|    learning_rate        | 0.0003      |
|    loss                 | 0.079       |
|    n_updates            | 10          |
|    policy_gradient_loss | -0.0111     |
|    value_loss           | 0.234       |
-----------------------------------------
-----------------------------------------
| rollout/                |             |
|    ep_len_mean          | 238         |
|    ep_rew_mean          | -9.19       |
| time/                   |             |
|    fps                  | 409         |
|    iterations           | 4           |
|    time_elapsed         | 239         |
|    total_timesteps      | 98304       |
| train/                  |             |
|    approx_kl            | 0.010732536 |
|    clip_fraction        | 0.111       |
|    clip_range           | 0.2         |
|    entropy_loss         | -2.12       |
|    explained_variance   | 0.701       |
|    learning_rate        | 0.0003      |
|    loss                 | 0.0575      |
|    n_updates            | 15          |
|    policy_gradient_loss | -0.0113     |
|    value_loss           | 0.198       |
-----------------------------------------
-----------------------------------------
| rollout/                |             |
|    ep_len_mean          | 346         |
|    ep_rew_mean          | -10.2       |
| time/                   |             |
|    fps                  | 413         |
|    iterations           | 5           |
|    time_elapsed         | 297         |
|    total_timesteps      | 122880      |
| train/                  |             |
|    approx_kl            | 0.009151023 |
|    clip_fraction        | 0.0781      |
|    clip_range           | 0.2         |
|    entropy_loss         | -2.11       |
|    explained_variance   | 0.843       |
|    learning_rate        | 0.0003      |
|    loss                 | 0.0112      |
|    n_updates            | 20          |
|    policy_gradient_loss | -0.00797    |
|    value_loss           | 0.106       |
-----------------------------------------
-----------------------------------------
| rollout/                |             |
|    ep_len_mean          | 359         |
|    ep_rew_mean          | -3.7        |
| time/                   |             |
|    fps                  | 416         |
|    iterations           | 6           |
|    time_elapsed         | 354         |
|    total_timesteps      | 147456      |
| train/                  |             |
|    approx_kl            | 0.010613401 |
|    clip_fraction        | 0.128       |
|    clip_range           | 0.2         |
|    entropy_loss         | -2.09       |
|    explained_variance   | 0.878       |
|    learning_rate        | 0.0003      |
|    loss                 | 0.00771     |
|    n_updates            | 25          |
|    policy_gradient_loss | -0.00931    |
|    value_loss           | 0.0757      |
-----------------------------------------
-----------------------------------------
| rollout/                |             |
|    ep_len_mean          | 279         |
|    ep_rew_mean          | 4.34        |
| time/                   |             |
|    fps                  | 417         |
|    iterations           | 7           |
|    time_elapsed         | 412         |
|    total_timesteps      | 172032      |
| train/                  |             |
|    approx_kl            | 0.008715011 |
|    clip_fraction        | 0.101       |
|    clip_range           | 0.2         |
|    entropy_loss         | -2.06       |
|    explained_variance   | 0.803       |
|    learning_rate        | 0.0003      |
|    loss                 | 0.00373     |
|    n_updates            | 30          |
|    policy_gradient_loss | -0.00767    |
|    value_loss           | 0.0735      |
-----------------------------------------
-----------------------------------------
| rollout/                |             |
|    ep_len_mean          | 233         |
|    ep_rew_mean          | 8.25        |
| time/                   |             |
|    fps                  | 418         |
|    iterations           | 8           |
|    time_elapsed         | 469         |
|    total_timesteps      | 196608      |
| train/                  |             |
|    approx_kl            | 0.009306833 |
|    clip_fraction        | 0.0933      |
|    clip_range           | 0.2         |
|    entropy_loss         | -2.09       |
|    explained_variance   | 0.823       |
|    learning_rate        | 0.0003      |
|    loss                 | -0.00671    |
|    n_updates            | 35          |
|    policy_gradient_loss | -0.00747    |
|    value_loss           | 0.055       |
-----------------------------------------
-----------------------------------------
| rollout/                |             |
|    ep_len_mean          | 204         |
|    ep_rew_mean          | 11.6        |
| time/                   |             |
|    fps                  | 420         |
|    iterations           | 9           |
|    time_elapsed         | 526         |
|    total_timesteps      | 221184      |
| train/                  |             |
|    approx_kl            | 0.009872153 |
|    clip_fraction        | 0.106       |
|    clip_range           | 0.2         |
|    entropy_loss         | -2.06       |
|    explained_variance   | 0.809       |
|    learning_rate        | 0.0003      |
|    loss                 | -0.0149     |
|    n_updates            | 40          |
|    policy_gradient_loss | -0.00918    |
|    value_loss           | 0.0521      |
-----------------------------------------
-----------------------------------------
| rollout/                |             |
|    ep_len_mean          | 187         |
|    ep_rew_mean          | 15.3        |
| time/                   |             |
|    fps                  | 420         |
|    iterations           | 10          |
|    time_elapsed         | 583         |
|    total_timesteps      | 245760      |
| train/                  |             |
|    approx_kl            | 0.009255116 |
|    clip_fraction        | 0.0976      |
|    clip_range           | 0.2         |
|    entropy_loss         | -2.04       |
|    explained_variance   | 0.776       |
|    learning_rate        | 0.0003      |
|    loss                 | -0.00497    |
|    n_updates            | 45          |
|    policy_gradient_loss | -0.00834    |
|    value_loss           | 0.0588      |
-----------------------------------------
----------------------------------------
| rollout/                |            |
|    ep_len_mean          | 178        |
|    ep_rew_mean          | 15.9       |
| time/                   |            |
|    fps                  | 422        |
|    iterations           | 11         |
|    time_elapsed         | 639        |
|    total_timesteps      | 270336     |
| train/                  |            |
|    approx_kl            | 0.00806969 |
|    clip_fraction        | 0.0773     |
|    clip_range           | 0.2        |
|    entropy_loss         | -1.98      |
|    explained_variance   | 0.727      |
|    learning_rate        | 0.0003     |
|    loss                 | 0.00644    |
|    n_updates            | 50         |
|    policy_gradient_loss | -0.00698   |
|    value_loss           | 0.0811     |
----------------------------------------
---------------------------------------
| rollout/                |           |
|    ep_len_mean          | 182       |
|    ep_rew_mean          | 19        |
| time/                   |           |
|    fps                  | 422       |
|    iterations           | 12        |
|    time_elapsed         | 697       |
|    total_timesteps      | 294912    |
| train/                  |           |
|    approx_kl            | 0.0081763 |
|    clip_fraction        | 0.0887    |
|    clip_range           | 0.2       |
|    entropy_loss         | -1.92     |
|    explained_variance   | 0.756     |
|    learning_rate        | 0.0003    |
|    loss                 | -0.002    |
|    n_updates            | 55        |
|    policy_gradient_loss | -0.00736  |
|    value_loss           | 0.067     |
---------------------------------------
-----------------------------------------
| rollout/                |             |
|    ep_len_mean          | 180         |
|    ep_rew_mean          | 18.3        |
| time/                   |             |
|    fps                  | 423         |
|    iterations           | 13          |
|    time_elapsed         | 754         |
|    total_timesteps      | 319488      |
| train/                  |             |
|    approx_kl            | 0.008050663 |
|    clip_fraction        | 0.0775      |
|    clip_range           | 0.2         |
|    entropy_loss         | -1.9        |
|    explained_variance   | 0.725       |
|    learning_rate        | 0.0003      |
|    loss                 | 0.022       |
|    n_updates            | 60          |
|    policy_gradient_loss | -0.00579    |
|    value_loss           | 0.0919      |
-----------------------------------------
-----------------------------------------
| rollout/                |             |
|    ep_len_mean          | 189         |
|    ep_rew_mean          | 20.7        |
| time/                   |             |
|    fps                  | 424         |
|    iterations           | 14          |
|    time_elapsed         | 811         |
|    total_timesteps      | 344064      |
| train/                  |             |
|    approx_kl            | 0.007113701 |
|    clip_fraction        | 0.0657      |
|    clip_range           | 0.2         |
|    entropy_loss         | -1.86       |
|    explained_variance   | 0.743       |
|    learning_rate        | 0.0003      |
|    loss                 | 0.0145      |
|    n_updates            | 65          |
|    policy_gradient_loss | -0.00553    |
|    value_loss           | 0.086       |
-----------------------------------------
----------------------------------------
| rollout/                |            |
|    ep_len_mean          | 191        |
|    ep_rew_mean          | 22         |
| time/                   |            |
|    fps                  | 424        |
|    iterations           | 15         |
|    time_elapsed         | 868        |
|    total_timesteps      | 368640     |
| train/                  |            |
|    approx_kl            | 0.00787023 |
|    clip_fraction        | 0.0823     |
|    clip_range           | 0.2        |
|    entropy_loss         | -1.85      |
|    explained_variance   | 0.789      |
|    learning_rate        | 0.0003     |
|    loss                 | 0.0188     |
|    n_updates            | 70         |
|    policy_gradient_loss | -0.00609   |
|    value_loss           | 0.083      |
----------------------------------------
------------------------------------------
| rollout/                |              |
|    ep_len_mean          | 199          |
|    ep_rew_mean          | 24.1         |
| time/                   |              |
|    fps                  | 424          |
|    iterations           | 16           |
|    time_elapsed         | 926          |
|    total_timesteps      | 393216       |
| train/                  |              |
|    approx_kl            | 0.0078035616 |
|    clip_fraction        | 0.0788       |
|    clip_range           | 0.2          |
|    entropy_loss         | -1.8         |
|    explained_variance   | 0.805        |
|    learning_rate        | 0.0003       |
|    loss                 | 0.00781      |
|    n_updates            | 75           |
|    policy_gradient_loss | -0.00696     |
|    value_loss           | 0.0893       |
------------------------------------------
------------------------------------------
| rollout/                |              |
|    ep_len_mean          | 198          |
|    ep_rew_mean          | 25.3         |
| time/                   |              |
|    fps                  | 424          |
|    iterations           | 17           |
|    time_elapsed         | 983          |
|    total_timesteps      | 417792       |
| train/                  |              |
|    approx_kl            | 0.0071547683 |
|    clip_fraction        | 0.0767       |
|    clip_range           | 0.2          |
|    entropy_loss         | -1.83        |
|    explained_variance   | 0.794        |
|    learning_rate        | 0.0003       |
|    loss                 | 0.0166       |
|    n_updates            | 80           |
|    policy_gradient_loss | -0.00534     |
|    value_loss           | 0.0882       |
------------------------------------------
-----------------------------------------
| rollout/                |             |
|    ep_len_mean          | 215         |
|    ep_rew_mean          | 27.3        |
| time/                   |             |
|    fps                  | 424         |
|    iterations           | 18          |
|    time_elapsed         | 1041        |
|    total_timesteps      | 442368      |
| train/                  |             |
|    approx_kl            | 0.007697704 |
|    clip_fraction        | 0.0746      |
|    clip_range           | 0.2         |
|    entropy_loss         | -1.83       |
|    explained_variance   | 0.771       |
|    learning_rate        | 0.0003      |
|    loss                 | 0.0105      |
|    n_updates            | 85          |
|    policy_gradient_loss | -0.00607    |
|    value_loss           | 0.0974      |
-----------------------------------------
-----------------------------------------
| rollout/                |             |
|    ep_len_mean          | 232         |
|    ep_rew_mean          | 26.6        |
| time/                   |             |
|    fps                  | 424         |
|    iterations           | 19          |
|    time_elapsed         | 1099        |
|    total_timesteps      | 466944      |
| train/                  |             |
|    approx_kl            | 0.007300714 |
|    clip_fraction        | 0.0644      |
|    clip_range           | 0.2         |
|    entropy_loss         | -1.82       |
|    explained_variance   | 0.821       |
|    learning_rate        | 0.0003      |
|    loss                 | 0.00654     |
|    n_updates            | 90          |
|    policy_gradient_loss | -0.00426    |
|    value_loss           | 0.0875      |
-----------------------------------------
-----------------------------------------
| rollout/                |             |
|    ep_len_mean          | 249         |
|    ep_rew_mean          | 30.2        |
| time/                   |             |
|    fps                  | 425         |
|    iterations           | 20          |
|    time_elapsed         | 1156        |
|    total_timesteps      | 491520      |
| train/                  |             |
|    approx_kl            | 0.008140773 |
|    clip_fraction        | 0.0776      |
|    clip_range           | 0.2         |
|    entropy_loss         | -1.83       |
|    explained_variance   | 0.842       |
|    learning_rate        | 0.0003      |
|    loss                 | 0.0177      |
|    n_updates            | 95          |
|    policy_gradient_loss | -0.00516    |
|    value_loss           | 0.083       |
-----------------------------------------
[Checkpoint] Saved at 500000 steps > /home/runner/work/Disciples2-RL/Disciples2-RL/github_experiments/120/small/green_dragon/seed120-small-green_dragon-30130539497-1/checkpoints/campaign_ppo_step_500000.zip
------------------------------------------
| rollout/                |              |
|    ep_len_mean          | 207          |
|    ep_rew_mean          | 27.5         |
| time/                   |              |
|    fps                  | 425          |
|    iterations           | 21           |
|    time_elapsed         | 1212         |
|    total_timesteps      | 516096       |
| train/                  |              |
|    approx_kl            | 0.0067961044 |
|    clip_fraction        | 0.0607       |
|    clip_range           | 0.2          |
|    entropy_loss         | -1.85        |
|    explained_variance   | 0.856        |
|    learning_rate        | 0.0003       |
|    loss                 | 0.00975      |
|    n_updates            | 100          |
|    policy_gradient_loss | -0.00482     |
|    value_loss           | 0.0817       |
------------------------------------------
------------------------------------------
| rollout/                |              |
|    ep_len_mean          | 287          |
|    ep_rew_mean          | 26.1         |
| time/                   |              |
|    fps                  | 425          |
|    iterations           | 22           |
|    time_elapsed         | 1270         |
|    total_timesteps      | 540672       |
| train/                  |              |
|    approx_kl            | 0.0077202604 |
|    clip_fraction        | 0.0866       |
|    clip_range           | 0.2          |
|    entropy_loss         | -1.8         |
|    explained_variance   | 0.901        |
|    learning_rate        | 0.0003       |
|    loss                 | 0.00405      |
|    n_updates            | 105          |
|    policy_gradient_loss | -0.00603     |
|    value_loss           | 0.0755       |
------------------------------------------
------------------------------------------
| rollout/                |              |
|    ep_len_mean          | 275          |
|    ep_rew_mean          | 32.9         |
| time/                   |              |
|    fps                  | 426          |
|    iterations           | 23           |
|    time_elapsed         | 1326         |
|    total_timesteps      | 565248       |
| train/                  |              |
|    approx_kl            | 0.0077215782 |
|    clip_fraction        | 0.0693       |
|    clip_range           | 0.2          |
|    entropy_loss         | -1.87        |
|    explained_variance   | 0.916        |
|    learning_rate        | 0.0003       |
|    loss                 | -1.9e-05     |
|    n_updates            | 110          |
|    policy_gradient_loss | -0.0046      |
|    value_loss           | 0.0615       |
------------------------------------------
-----------------------------------------
| rollout/                |             |
|    ep_len_mean          | 251         |
|    ep_rew_mean          | 32.9        |
| time/                   |             |
|    fps                  | 426         |
|    iterations           | 24          |
|    time_elapsed         | 1382        |
|    total_timesteps      | 589824      |
| train/                  |             |
|    approx_kl            | 0.008007874 |
|    clip_fraction        | 0.0875      |
|    clip_range           | 0.2         |
|    entropy_loss         | -1.84       |
|    explained_variance   | 0.873       |
|    learning_rate        | 0.0003      |
|    loss                 | 0.000816    |
|    n_updates            | 115         |
|    policy_gradient_loss | -0.00537    |
|    value_loss           | 0.0673      |
-----------------------------------------
------------------------------------------
| rollout/                |              |
|    ep_len_mean          | 243          |
|    ep_rew_mean          | 34.1         |
| time/                   |              |
|    fps                  | 427          |
|    iterations           | 25           |
|    time_elapsed         | 1438         |
|    total_timesteps      | 614400       |
| train/                  |              |
|    approx_kl            | 0.0073967422 |
|    clip_fraction        | 0.0801       |
|    clip_range           | 0.2          |
|    entropy_loss         | -1.83        |
|    explained_variance   | 0.876        |
|    learning_rate        | 0.0003       |
|    loss                 | 0.00372      |
|    n_updates            | 120          |
|    policy_gradient_loss | -0.00557     |
|    value_loss           | 0.0635       |
------------------------------------------
-----------------------------------------
| rollout/                |             |
|    ep_len_mean          | 273         |
|    ep_rew_mean          | 37.3        |
| time/                   |             |
|    fps                  | 427         |
|    iterations           | 26          |
|    time_elapsed         | 1494        |
|    total_timesteps      | 638976      |
| train/                  |             |
|    approx_kl            | 0.007156737 |
|    clip_fraction        | 0.0667      |
|    clip_range           | 0.2         |
|    entropy_loss         | -1.8        |
|    explained_variance   | 0.854       |
|    learning_rate        | 0.0003      |
|    loss                 | 0.00547     |
|    n_updates            | 125         |
|    policy_gradient_loss | -0.00495    |
|    value_loss           | 0.0731      |
-----------------------------------------
----------------------------------------
| rollout/                |            |
|    ep_len_mean          | 269        |
|    ep_rew_mean          | 41.5       |
| time/                   |            |
|    fps                  | 428        |
|    iterations           | 27         |
|    time_elapsed         | 1548       |
|    total_timesteps      | 663552     |
| train/                  |            |
|    approx_kl            | 0.00760261 |
|    clip_fraction        | 0.0778     |
|    clip_range           | 0.2        |
|    entropy_loss         | -1.82      |
|    explained_variance   | 0.875      |
|    learning_rate        | 0.0003     |
|    loss                 | -0.00331   |
|    n_updates            | 130        |
|    policy_gradient_loss | -0.00509   |
|    value_loss           | 0.0589     |
----------------------------------------
-----------------------------------------
| rollout/                |             |
|    ep_len_mean          | 207         |
|    ep_rew_mean          | 34.7        |
| time/                   |             |
|    fps                  | 429         |
|    iterations           | 28          |
|    time_elapsed         | 1603        |
|    total_timesteps      | 688128      |
| train/                  |             |
|    approx_kl            | 0.007056225 |
|    clip_fraction        | 0.088       |
|    clip_range           | 0.2         |
|    entropy_loss         | -1.76       |
|    explained_variance   | 0.824       |
|    learning_rate        | 0.0003      |
|    loss                 | 0.017       |
|    n_updates            | 135         |
|    policy_gradient_loss | -0.00579    |
|    value_loss           | 0.0795      |
-----------------------------------------
-----------------------------------------
| rollout/                |             |
|    ep_len_mean          | 216         |
|    ep_rew_mean          | 37.1        |
| time/                   |             |
|    fps                  | 429         |
|    iterations           | 29          |
|    time_elapsed         | 1658        |
|    total_timesteps      | 712704      |
| train/                  |             |
|    approx_kl            | 0.006905206 |
|    clip_fraction        | 0.0699      |
|    clip_range           | 0.2         |
|    entropy_loss         | -1.68       |
|    explained_variance   | 0.872       |
|    learning_rate        | 0.0003      |
|    loss                 | 0.00416     |
|    n_updates            | 140         |
|    policy_gradient_loss | -0.00534    |
|    value_loss           | 0.0686      |
-----------------------------------------
-----------------------------------------
| rollout/                |             |
|    ep_len_mean          | 230         |
|    ep_rew_mean          | 41.8        |
| time/                   |             |
|    fps                  | 430         |
|    iterations           | 30          |
|    time_elapsed         | 1712        |
|    total_timesteps      | 737280      |
| train/                  |             |
|    approx_kl            | 0.007805906 |
|    clip_fraction        | 0.0796      |
|    clip_range           | 0.2         |
|    entropy_loss         | -1.68       |
|    explained_variance   | 0.899       |
|    learning_rate        | 0.0003      |
|    loss                 | -0.00554    |
|    n_updates            | 145         |
|    policy_gradient_loss | -0.00567    |
|    value_loss           | 0.0562      |
-----------------------------------------
-----------------------------------------
| rollout/                |             |
|    ep_len_mean          | 204         |
|    ep_rew_mean          | 39.6        |
| time/                   |             |
|    fps                  | 431         |
|    iterations           | 31          |
|    time_elapsed         | 1767        |
|    total_timesteps      | 761856      |
| train/                  |             |
|    approx_kl            | 0.007145664 |
|    clip_fraction        | 0.0802      |
|    clip_range           | 0.2         |
|    entropy_loss         | -1.69       |
|    explained_variance   | 0.882       |
|    learning_rate        | 0.0003      |
|    loss                 | -0.00245    |
|    n_updates            | 150         |
|    policy_gradient_loss | -0.00539    |
|    value_loss           | 0.0675      |
-----------------------------------------
------------------------------------------
| rollout/                |              |
|    ep_len_mean          | 254          |
|    ep_rew_mean          | 39.5         |
| time/                   |              |
|    fps                  | 431          |
|    iterations           | 32           |
|    time_elapsed         | 1822         |
|    total_timesteps      | 786432       |
| train/                  |              |
|    approx_kl            | 0.0064842445 |
|    clip_fraction        | 0.061        |
|    clip_range           | 0.2          |
|    entropy_loss         | -1.64        |
|    explained_variance   | 0.914        |
|    learning_rate        | 0.0003       |
|    loss                 | 0.00113      |
|    n_updates            | 155          |
|    policy_gradient_loss | -0.00449     |
|    value_loss           | 0.0655       |
------------------------------------------
------------------------------------------
| rollout/                |              |
|    ep_len_mean          | 229          |
|    ep_rew_mean          | 35.5         |
| time/                   |              |
|    fps                  | 432          |
|    iterations           | 33           |
|    time_elapsed         | 1876         |
|    total_timesteps      | 811008       |
| train/                  |              |
|    approx_kl            | 0.0067087207 |
|    clip_fraction        | 0.0726       |
|    clip_range           | 0.2          |
|    entropy_loss         | -1.62        |
|    explained_variance   | 0.94         |
|    learning_rate        | 0.0003       |
|    loss                 | -0.000619    |
|    n_updates            | 160          |
|    policy_gradient_loss | -0.00443     |
|    value_loss           | 0.0557       |
------------------------------------------
-----------------------------------------
| rollout/                |             |
|    ep_len_mean          | 295         |
|    ep_rew_mean          | 38.7        |
| time/                   |             |
|    fps                  | 432         |
|    iterations           | 34          |
|    time_elapsed         | 1930        |
|    total_timesteps      | 835584      |
| train/                  |             |
|    approx_kl            | 0.008838014 |
|    clip_fraction        | 0.0867      |
|    clip_range           | 0.2         |
|    entropy_loss         | -1.58       |
|    explained_variance   | 0.937       |
|    learning_rate        | 0.0003      |
|    loss                 | -0.00123    |
|    n_updates            | 165         |
|    policy_gradient_loss | -0.00523    |
|    value_loss           | 0.0575      |
-----------------------------------------
-----------------------------------------
| rollout/                |             |
|    ep_len_mean          | 194         |
|    ep_rew_mean          | 43.9        |
| time/                   |             |
|    fps                  | 433         |
|    iterations           | 35          |
|    time_elapsed         | 1985        |
|    total_timesteps      | 860160      |
| train/                  |             |
|    approx_kl            | 0.008067281 |
|    clip_fraction        | 0.0768      |
|    clip_range           | 0.2         |
|    entropy_loss         | -1.57       |
|    explained_variance   | 0.935       |
|    learning_rate        | 0.0003      |
|    loss                 | 0.00465     |
|    n_updates            | 170         |
|    policy_gradient_loss | -0.00578    |
|    value_loss           | 0.054       |
-----------------------------------------
------------------------------------------
| rollout/                |              |
|    ep_len_mean          | 191          |
|    ep_rew_mean          | 46           |
| time/                   |              |
|    fps                  | 433          |
|    iterations           | 36           |
|    time_elapsed         | 2038         |
|    total_timesteps      | 884736       |
| train/                  |              |
|    approx_kl            | 0.0076762666 |
|    clip_fraction        | 0.0822       |
|    clip_range           | 0.2          |
|    entropy_loss         | -1.49        |
|    explained_variance   | 0.899        |
|    learning_rate        | 0.0003       |
|    loss                 | 0.00637      |
|    n_updates            | 175          |
|    policy_gradient_loss | -0.00592     |
|    value_loss           | 0.0733       |
------------------------------------------
------------------------------------------
| rollout/                |              |
|    ep_len_mean          | 202          |
|    ep_rew_mean          | 47.2         |
| time/                   |              |
|    fps                  | 434          |
|    iterations           | 37           |
|    time_elapsed         | 2093         |
|    total_timesteps      | 909312       |
| train/                  |              |
|    approx_kl            | 0.0073256586 |
|    clip_fraction        | 0.0775       |
|    clip_range           | 0.2          |
|    entropy_loss         | -1.46        |
|    explained_variance   | 0.893        |
|    learning_rate        | 0.0003       |
|    loss                 | 0.0175       |
|    n_updates            | 180          |
|    policy_gradient_loss | -0.00535     |
|    value_loss           | 0.0722       |
------------------------------------------
------------------------------------------
| rollout/                |              |
|    ep_len_mean          | 204          |
|    ep_rew_mean          | 45.7         |
| time/                   |              |
|    fps                  | 434          |
|    iterations           | 38           |
|    time_elapsed         | 2148         |
|    total_timesteps      | 933888       |
| train/                  |              |
|    approx_kl            | 0.0077122506 |
|    clip_fraction        | 0.0793       |
|    clip_range           | 0.2          |
|    entropy_loss         | -1.49        |
|    explained_variance   | 0.932        |
|    learning_rate        | 0.0003       |
|    loss                 | 0.00373      |
|    n_updates            | 185          |
|    policy_gradient_loss | -0.00506     |
|    value_loss           | 0.0571       |
------------------------------------------
------------------------------------------
| rollout/                |              |
|    ep_len_mean          | 344          |
|    ep_rew_mean          | 38.6         |
| time/                   |              |
|    fps                  | 435          |
|    iterations           | 39           |
|    time_elapsed         | 2202         |
|    total_timesteps      | 958464       |
| train/                  |              |
|    approx_kl            | 0.0077024265 |
|    clip_fraction        | 0.0848       |
|    clip_range           | 0.2          |
|    entropy_loss         | -1.52        |
|    explained_variance   | 0.96         |
|    learning_rate        | 0.0003       |
|    loss                 | -0.0078      |
|    n_updates            | 190          |
|    policy_gradient_loss | -0.00503     |
|    value_loss           | 0.0475       |
------------------------------------------
------------------------------------------
| rollout/                |              |
|    ep_len_mean          | 191          |
|    ep_rew_mean          | 50           |
| time/                   |              |
|    fps                  | 435          |
|    iterations           | 40           |
|    time_elapsed         | 2256         |
|    total_timesteps      | 983040       |
| train/                  |              |
|    approx_kl            | 0.0067728492 |
|    clip_fraction        | 0.0746       |
|    clip_range           | 0.2          |
|    entropy_loss         | -1.48        |
|    explained_variance   | 0.952        |
|    learning_rate        | 0.0003       |
|    loss                 | -0.00403     |
|    n_updates            | 195          |
|    policy_gradient_loss | -0.00444     |
|    value_loss           | 0.0506       |
------------------------------------------
[Checkpoint] Saved at 1000000 steps > /home/runner/work/Disciples2-RL/Disciples2-RL/github_experiments/120/small/green_dragon/seed120-small-green_dragon-30130539497-1/checkpoints/campaign_ppo_step_1000000.zip
Eval num_timesteps=1000008, det_reward=37.65 +/- 3.66
Episode length: det=123.75 +/- 16.75
Victory rate: det=0.00%
--------------------------------------------------
| eval/                           |              |
|    deterministic_mean_ep_length | 124          |
|    deterministic_mean_reward    | 37.6         |
|    deterministic_victory_rate   | 0            |
|    mean_ep_length               | 124          |
|    mean_reward                  | 37.6         |
|    victory_rate                 | 0            |
| time/                           |              |
|    total_timesteps              | 1000008      |
| train/                          |              |
|    approx_kl                    | 0.0074655204 |
|    clip_fraction                | 0.081        |
|    clip_range                   | 0.2          |
|    entropy_loss                 | -1.4         |
|    explained_variance           | 0.932        |
|    learning_rate                | 0.0003       |
|    loss                         | 0.00848      |
|    n_updates                    | 200          |
|    policy_gradient_loss         | -0.00482     |
|    value_loss                   | 0.0593       |
--------------------------------------------------
New best model by deterministic victory rate!
---------------------------------
| rollout/           |          |
|    ep_len_mean     | 194      |
|    ep_rew_mean     | 50.2     |
| time/              |          |
|    fps             | 434      |
|    iterations      | 41       |
|    time_elapsed    | 2321     |
|    total_timesteps | 1007616  |
---------------------------------
VecNormalize stats saved: /home/runner/work/Disciples2-RL/Disciples2-RL/github_experiments/120/small/green_dragon/seed120-small-green_dragon-30130539497-1/models/vecnormalize.pkl

Финальная модель сохранена: /home/runner/work/Disciples2-RL/Disciples2-RL/github_experiments/120/small/green_dragon/seed120-small-green_dragon-30130539497-1/models/final_model.zip

============================================================
ИТОГИ ОБУЧЕНИЯ:
  Побед: 1
  Поражений: 4650
  Таймаутов: 5
  Побед бота столицы над врагами: 0
  Перестановок юнитов: 208793
  Терминальные поражения по противникам:
    enemy_7: 1108 — Отряд: воин + привидение спереди, колдун + призрак + привидение сзади
    enemy_15: 719 — Отряд: 2 привидения спереди, вампир сзади
    enemy_31: 556 — Отряд: зеленый дракон
    enemy_29: 454 — Отряд: 3 скваера на передней линии
    enemy_34: 305 — Отряд Порта Полонис: Воин спереди, Колдун, Нигош (Носферату) и Привидение сзади
    enemy_23: 283 — Отряд: волк на передней линии
    enemy_25: 233 — Отряд: копейщик спереди и служка сзади
    enemy_74: 155 — Руины (43, 34): Лорд Тьмы, Лич
    enemy_3: 138 — Отряд: орк чемпион на передней линии
    enemy_27: 123 — Отряд: скваер в центре и 2 крестьянина на передней линии
    enemy_21: 96 — Отряд: зомби спереди, привидение сзади
    enemy_39: 77 — Отряд: Волк, Варвар
    enemy_61: 65 — Отряд: Зомби, Призрак
    enemy_17: 60 — Отряд: воин спереди, 2 призрака и привидение сзади
    enemy_9: 42 — Отряд: тамплиер спереди, колдун и призрак сзади
    enemy_70: 40 — Руины (15, 9): Орк, Гоблин, Гоблин
    enemy_11: 31 — Отряд: оборотень спереди и тень сзади
    enemy_5: 29 — Отряд: орк чемпион на передней линии
    enemy_13: 26 — Отряд: 2 зомби спереди и привидение сзади
    enemy_75: 18 — Страж столицы Империи: Мизраэль
    enemy_63: 13 — Отряд: Разбойник
    enemy_68: 12 — Внутренний гарнизон Порта Полонис: Зомби, Воин
    enemy_65: 11 — Отряд: Кентавр копейщик, Рейнджер
    enemy_37: 11 — Отряд: Гном, Травница, Алхимик
    enemy_41: 9 — Отряд: Гном, Метатель топоров
    enemy_57: 9 — Отряд: Призрак, Привидение, Воин
    enemy_1: 7 — Отряд: волк на передней линии
    enemy_59: 7 — Отряд: Зомби
    enemy_35: 7 — Отряд Соругириллы: Унфегра (Королева личей), Виверна
    enemy_49: 2 — Отряд: Гном
    enemy_69: 2 — Внутренний гарнизон Соругириллы: Зомби, Воин
    enemy_53: 1 — Отряд: Скваер, Ополченец
    enemy_19: 1 — Отряд: зомби спереди, привидение сзади
  Winrate: 0.0%
============================================================
  График призывов за эпизод: /home/runner/work/Disciples2-RL/Disciples2-RL/github_experiments/120/small/green_dragon/seed120-small-green_dragon-30130539497-1/plots/campaign_summoned_units_per_episode.png
  График призывов за всё обучение: /home/runner/work/Disciples2-RL/Disciples2-RL/github_experiments/120/small/green_dragon/seed120-small-green_dragon-30130539497-1/plots/campaign_summoned_units_cumulative.png
  График найма за эпизод: /home/runner/work/Disciples2-RL/Disciples2-RL/github_experiments/120/small/green_dragon/seed120-small-green_dragon-30130539497-1/plots/campaign_hired_units_per_episode.png
  График найма за всё обучение: /home/runner/work/Disciples2-RL/Disciples2-RL/github_experiments/120/small/green_dragon/seed120-small-green_dragon-30130539497-1/plots/campaign_hired_units_cumulative.png
  График перестановок юнитов за эпизод: /home/runner/work/Disciples2-RL/Disciples2-RL/github_experiments/120/small/green_dragon/seed120-small-green_dragon-30130539497-1/plots/campaign_unit_swaps_per_episode.png
  График боевых предметов: /home/runner/work/Disciples2-RL/Disciples2-RL/github_experiments/120/small/green_dragon/seed120-small-green_dragon-30130539497-1/plots/campaign_battle_item_activity.png
  График побед бота столицы за эпизод: /home/runner/work/Disciples2-RL/Disciples2-RL/github_experiments/120/small/green_dragon/seed120-small-green_dragon-30130539497-1/plots/campaign_scripted_bot_victories_per_episode.png
  График применения заклинаний: /home/runner/work/Disciples2-RL/Disciples2-RL/github_experiments/120/small/green_dragon/seed120-small-green_dragon-30130539497-1/plots/campaign_spell_cast_activity.png
