Проверка среды CampaignEnv...
Среда прошла проверку!
[INFO] Comet disabled, running without experiment tracking
Создание 12 параллельных сред (subproc)...
Инициализация MaskablePPO...
Using cpu device

============================================================
Запуск обучения Campaign Agent
Всего шагов: 1,000,000
Параллельных сред: 12
VecEnv: subproc
VecEnv start method: forkserver
Seed: 103
Checkpoint каждые: 500,000 шагов
Evaluation каждые: 83,334 шагов
Eval deterministic эпизодов: 20
Eval stochastic эпизодов: 0
Eval лимит шагов на эпизод: 5000
Campaign objective: cities
System resources at training start:
  Platform: Linux 6.17.0-1018-azure (x86_64)
  Python: 3.14.6
  PyTorch: 2.13.0+cpu
  Training device: cpu
  CPU model: INTEL(R) XEON(R) PLATINUM 8573C
  CPU vendor: GenuineIntel
  Logical CPUs visible: 4
  Process CPU affinity: 4
  Sockets: 1
  Cores per socket: 2
  Threads per core: 2
  CPU max MHz: 2300.0000
  CPU min MHz: 800.0000
  L1d cache: 96 KiB (2 instances)
  L1i cache: 64 KiB (2 instances)
  L2 cache: 4 MiB (2 instances)
  L3 cache: 260 MiB (1 instance)
  Virtualization: VT-x
  Hypervisor: Microsoft
  RAM total: 15.61 GiB
  RAM available at start: 13.89 GiB
  Disk total: 144.26 GiB
  Disk free at start: 86.32 GiB
  Torch intra-op threads: 4
  Torch inter-op threads: 2
  OMP_NUM_THREADS: 4
  MKL_NUM_THREADS: 4
  OPENBLAS_NUM_THREADS: 4
  GitHub runner OS: Linux
  GitHub runner architecture: X64
  GitHub runner environment: github-hosted
PPO n_steps: 2,048
PPO batch_size: 512
PPO n_epochs: 5
PPO learning_rate: 0.0003
PPO clip_range: 0.2
PPO ent_coef: 0.01
PPO gamma: 0.995
PPO gae_lambda: 0.95
PPO target_kl: disabled
PPO gradient batches per rollout: 240
VecCheckNan: disabled
Freeze action layout: enabled
Empire territory: enabled
Torch threads per process: 4
Diagnostics: disabled
Wall-clock training limit: disabled
Run ID: seed103-cities-29222994520-1
============================================================

Logging to /home/runner/work/Disciples2-RL/Disciples2-RL/github_experiments/103/cities/seed103-cities-29222994520-1/tensorboard/MaskablePPO_1
---------------------------------
| rollout/           |          |
|    ep_len_mean     | 241      |
|    ep_rew_mean     | 3.88     |
| time/              |          |
|    fps             | 537      |
|    iterations      | 1        |
|    time_elapsed    | 45       |
|    total_timesteps | 24576    |
---------------------------------
-----------------------------------------
| rollout/                |             |
|    ep_len_mean          | 345         |
|    ep_rew_mean          | 3.25        |
| time/                   |             |
|    fps                  | 500         |
|    iterations           | 2           |
|    time_elapsed         | 98          |
|    total_timesteps      | 49152       |
| train/                  |             |
|    approx_kl            | 0.009758932 |
|    clip_fraction        | 0.0781      |
|    clip_range           | 0.2         |
|    entropy_loss         | -2.22       |
|    explained_variance   | -0.112      |
|    learning_rate        | 0.0003      |
|    loss                 | 0.205       |
|    n_updates            | 5           |
|    policy_gradient_loss | -0.00688    |
|    value_loss           | 0.394       |
-----------------------------------------
-----------------------------------------
| rollout/                |             |
|    ep_len_mean          | 430         |
|    ep_rew_mean          | 0.991       |
| time/                   |             |
|    fps                  | 491         |
|    iterations           | 3           |
|    time_elapsed         | 149         |
|    total_timesteps      | 73728       |
| train/                  |             |
|    approx_kl            | 0.011346434 |
|    clip_fraction        | 0.117       |
|    clip_range           | 0.2         |
|    entropy_loss         | -2.19       |
|    explained_variance   | 0.539       |
|    learning_rate        | 0.0003      |
|    loss                 | 0.026       |
|    n_updates            | 10          |
|    policy_gradient_loss | -0.00828    |
|    value_loss           | 0.132       |
-----------------------------------------
-----------------------------------------
| rollout/                |             |
|    ep_len_mean          | 573         |
|    ep_rew_mean          | -4.38       |
| time/                   |             |
|    fps                  | 486         |
|    iterations           | 4           |
|    time_elapsed         | 201         |
|    total_timesteps      | 98304       |
| train/                  |             |
|    approx_kl            | 0.010554398 |
|    clip_fraction        | 0.09        |
|    clip_range           | 0.2         |
|    entropy_loss         | -2.18       |
|    explained_variance   | 0.803       |
|    learning_rate        | 0.0003      |
|    loss                 | -0.0213     |
|    n_updates            | 15          |
|    policy_gradient_loss | -0.00643    |
|    value_loss           | 0.0271      |
-----------------------------------------
-----------------------------------------
| rollout/                |             |
|    ep_len_mean          | 876         |
|    ep_rew_mean          | -16.5       |
| time/                   |             |
|    fps                  | 482         |
|    iterations           | 5           |
|    time_elapsed         | 254         |
|    total_timesteps      | 122880      |
| train/                  |             |
|    approx_kl            | 0.008554192 |
|    clip_fraction        | 0.0631      |
|    clip_range           | 0.2         |
|    entropy_loss         | -2.16       |
|    explained_variance   | 0.853       |
|    learning_rate        | 0.0003      |
|    loss                 | -0.0176     |
|    n_updates            | 20          |
|    policy_gradient_loss | -0.00535    |
|    value_loss           | 0.0124      |
-----------------------------------------
-----------------------------------------
| rollout/                |             |
|    ep_len_mean          | 1.01e+03    |
|    ep_rew_mean          | -21.5       |
| time/                   |             |
|    fps                  | 477         |
|    iterations           | 6           |
|    time_elapsed         | 308         |
|    total_timesteps      | 147456      |
| train/                  |             |
|    approx_kl            | 0.010853723 |
|    clip_fraction        | 0.122       |
|    clip_range           | 0.2         |
|    entropy_loss         | -2.03       |
|    explained_variance   | 0.921       |
|    learning_rate        | 0.0003      |
|    loss                 | -0.0236     |
|    n_updates            | 25          |
|    policy_gradient_loss | -0.00783    |
|    value_loss           | 0.00922     |
-----------------------------------------
-----------------------------------------
| rollout/                |             |
|    ep_len_mean          | 1.13e+03    |
|    ep_rew_mean          | -21.2       |
| time/                   |             |
|    fps                  | 478         |
|    iterations           | 7           |
|    time_elapsed         | 359         |
|    total_timesteps      | 172032      |
| train/                  |             |
|    approx_kl            | 0.010802447 |
|    clip_fraction        | 0.117       |
|    clip_range           | 0.2         |
|    entropy_loss         | -2.17       |
|    explained_variance   | 0.908       |
|    learning_rate        | 0.0003      |
|    loss                 | -0.0216     |
|    n_updates            | 30          |
|    policy_gradient_loss | -0.00825    |
|    value_loss           | 0.0133      |
-----------------------------------------
-----------------------------------------
| rollout/                |             |
|    ep_len_mean          | 634         |
|    ep_rew_mean          | 6.73        |
| time/                   |             |
|    fps                  | 479         |
|    iterations           | 8           |
|    time_elapsed         | 409         |
|    total_timesteps      | 196608      |
| train/                  |             |
|    approx_kl            | 0.010857253 |
|    clip_fraction        | 0.0914      |
|    clip_range           | 0.2         |
|    entropy_loss         | -2.18       |
|    explained_variance   | 0.889       |
|    learning_rate        | 0.0003      |
|    loss                 | -0.0209     |
|    n_updates            | 35          |
|    policy_gradient_loss | -0.00718    |
|    value_loss           | 0.0311      |
-----------------------------------------
-----------------------------------------
| rollout/                |             |
|    ep_len_mean          | 443         |
|    ep_rew_mean          | 16.1        |
| time/                   |             |
|    fps                  | 480         |
|    iterations           | 9           |
|    time_elapsed         | 459         |
|    total_timesteps      | 221184      |
| train/                  |             |
|    approx_kl            | 0.011047582 |
|    clip_fraction        | 0.109       |
|    clip_range           | 0.2         |
|    entropy_loss         | -2.14       |
|    explained_variance   | 0.853       |
|    learning_rate        | 0.0003      |
|    loss                 | -0.0123     |
|    n_updates            | 40          |
|    policy_gradient_loss | -0.00903    |
|    value_loss           | 0.0396      |
-----------------------------------------
-----------------------------------------
| rollout/                |             |
|    ep_len_mean          | 343         |
|    ep_rew_mean          | 16.8        |
| time/                   |             |
|    fps                  | 483         |
|    iterations           | 10          |
|    time_elapsed         | 508         |
|    total_timesteps      | 245760      |
| train/                  |             |
|    approx_kl            | 0.009690043 |
|    clip_fraction        | 0.0973      |
|    clip_range           | 0.2         |
|    entropy_loss         | -2.11       |
|    explained_variance   | 0.825       |
|    learning_rate        | 0.0003      |
|    loss                 | -0.00824    |
|    n_updates            | 45          |
|    policy_gradient_loss | -0.00751    |
|    value_loss           | 0.0459      |
-----------------------------------------
-----------------------------------------
| rollout/                |             |
|    ep_len_mean          | 339         |
|    ep_rew_mean          | 21.4        |
| time/                   |             |
|    fps                  | 484         |
|    iterations           | 11          |
|    time_elapsed         | 557         |
|    total_timesteps      | 270336      |
| train/                  |             |
|    approx_kl            | 0.010539048 |
|    clip_fraction        | 0.101       |
|    clip_range           | 0.2         |
|    entropy_loss         | -2.15       |
|    explained_variance   | 0.827       |
|    learning_rate        | 0.0003      |
|    loss                 | -0.0132     |
|    n_updates            | 50          |
|    policy_gradient_loss | -0.00681    |
|    value_loss           | 0.0424      |
-----------------------------------------
-----------------------------------------
| rollout/                |             |
|    ep_len_mean          | 297         |
|    ep_rew_mean          | 21.3        |
| time/                   |             |
|    fps                  | 486         |
|    iterations           | 12          |
|    time_elapsed         | 605         |
|    total_timesteps      | 294912      |
| train/                  |             |
|    approx_kl            | 0.008410627 |
|    clip_fraction        | 0.0883      |
|    clip_range           | 0.2         |
|    entropy_loss         | -2.1        |
|    explained_variance   | 0.817       |
|    learning_rate        | 0.0003      |
|    loss                 | -0.00791    |
|    n_updates            | 55          |
|    policy_gradient_loss | -0.00601    |
|    value_loss           | 0.0532      |
-----------------------------------------
-----------------------------------------
| rollout/                |             |
|    ep_len_mean          | 274         |
|    ep_rew_mean          | 22.7        |
| time/                   |             |
|    fps                  | 488         |
|    iterations           | 13          |
|    time_elapsed         | 653         |
|    total_timesteps      | 319488      |
| train/                  |             |
|    approx_kl            | 0.007696073 |
|    clip_fraction        | 0.0691      |
|    clip_range           | 0.2         |
|    entropy_loss         | -2.07       |
|    explained_variance   | 0.765       |
|    learning_rate        | 0.0003      |
|    loss                 | -0.00467    |
|    n_updates            | 60          |
|    policy_gradient_loss | -0.00604    |
|    value_loss           | 0.0623      |
-----------------------------------------
-----------------------------------------
| rollout/                |             |
|    ep_len_mean          | 236         |
|    ep_rew_mean          | 22          |
| time/                   |             |
|    fps                  | 490         |
|    iterations           | 14          |
|    time_elapsed         | 700         |
|    total_timesteps      | 344064      |
| train/                  |             |
|    approx_kl            | 0.008366528 |
|    clip_fraction        | 0.0712      |
|    clip_range           | 0.2         |
|    entropy_loss         | -2.04       |
|    explained_variance   | 0.787       |
|    learning_rate        | 0.0003      |
|    loss                 | 0.00211     |
|    n_updates            | 65          |
|    policy_gradient_loss | -0.00565    |
|    value_loss           | 0.0602      |
-----------------------------------------
-----------------------------------------
| rollout/                |             |
|    ep_len_mean          | 253         |
|    ep_rew_mean          | 26.3        |
| time/                   |             |
|    fps                  | 492         |
|    iterations           | 15          |
|    time_elapsed         | 748         |
|    total_timesteps      | 368640      |
| train/                  |             |
|    approx_kl            | 0.007524006 |
|    clip_fraction        | 0.0758      |
|    clip_range           | 0.2         |
|    entropy_loss         | -2.03       |
|    explained_variance   | 0.765       |
|    learning_rate        | 0.0003      |
|    loss                 | 0.0127      |
|    n_updates            | 70          |
|    policy_gradient_loss | -0.00558    |
|    value_loss           | 0.0649      |
-----------------------------------------
-----------------------------------------
| rollout/                |             |
|    ep_len_mean          | 224         |
|    ep_rew_mean          | 23.3        |
| time/                   |             |
|    fps                  | 494         |
|    iterations           | 16          |
|    time_elapsed         | 795         |
|    total_timesteps      | 393216      |
| train/                  |             |
|    approx_kl            | 0.007960092 |
|    clip_fraction        | 0.0826      |
|    clip_range           | 0.2         |
|    entropy_loss         | -1.97       |
|    explained_variance   | 0.83        |
|    learning_rate        | 0.0003      |
|    loss                 | 0.00522     |
|    n_updates            | 75          |
|    policy_gradient_loss | -0.00608    |
|    value_loss           | 0.0646      |
-----------------------------------------
-----------------------------------------
| rollout/                |             |
|    ep_len_mean          | 320         |
|    ep_rew_mean          | 25.6        |
| time/                   |             |
|    fps                  | 495         |
|    iterations           | 17          |
|    time_elapsed         | 843         |
|    total_timesteps      | 417792      |
| train/                  |             |
|    approx_kl            | 0.007852786 |
|    clip_fraction        | 0.0638      |
|    clip_range           | 0.2         |
|    entropy_loss         | -1.91       |
|    explained_variance   | 0.884       |
|    learning_rate        | 0.0003      |
|    loss                 | -0.00195    |
|    n_updates            | 80          |
|    policy_gradient_loss | -0.00553    |
|    value_loss           | 0.0592      |
-----------------------------------------
------------------------------------------
| rollout/                |              |
|    ep_len_mean          | 303          |
|    ep_rew_mean          | 25.3         |
| time/                   |              |
|    fps                  | 496          |
|    iterations           | 18           |
|    time_elapsed         | 890          |
|    total_timesteps      | 442368       |
| train/                  |              |
|    approx_kl            | 0.0076783462 |
|    clip_fraction        | 0.0742       |
|    clip_range           | 0.2          |
|    entropy_loss         | -1.93        |
|    explained_variance   | 0.833        |
|    learning_rate        | 0.0003       |
|    loss                 | 0.0138       |
|    n_updates            | 85           |
|    policy_gradient_loss | -0.0056      |
|    value_loss           | 0.0826       |
------------------------------------------
------------------------------------------
| rollout/                |              |
|    ep_len_mean          | 304          |
|    ep_rew_mean          | 33.5         |
| time/                   |              |
|    fps                  | 497          |
|    iterations           | 19           |
|    time_elapsed         | 938          |
|    total_timesteps      | 466944       |
| train/                  |              |
|    approx_kl            | 0.0073209987 |
|    clip_fraction        | 0.0583       |
|    clip_range           | 0.2          |
|    entropy_loss         | -1.91        |
|    explained_variance   | 0.812        |
|    learning_rate        | 0.0003       |
|    loss                 | -0.00226     |
|    n_updates            | 90           |
|    policy_gradient_loss | -0.00498     |
|    value_loss           | 0.0803       |
------------------------------------------
-----------------------------------------
| rollout/                |             |
|    ep_len_mean          | 397         |
|    ep_rew_mean          | 33          |
| time/                   |             |
|    fps                  | 498         |
|    iterations           | 20          |
|    time_elapsed         | 986         |
|    total_timesteps      | 491520      |
| train/                  |             |
|    approx_kl            | 0.007900821 |
|    clip_fraction        | 0.0614      |
|    clip_range           | 0.2         |
|    entropy_loss         | -1.91       |
|    explained_variance   | 0.871       |
|    learning_rate        | 0.0003      |
|    loss                 | -0.00644    |
|    n_updates            | 95          |
|    policy_gradient_loss | -0.00508    |
|    value_loss           | 0.0638      |
-----------------------------------------
[Checkpoint] Saved at 500000 steps > /home/runner/work/Disciples2-RL/Disciples2-RL/github_experiments/103/cities/seed103-cities-29222994520-1/checkpoints/campaign_ppo_step_500000.zip
-----------------------------------------
| rollout/                |             |
|    ep_len_mean          | 244         |
|    ep_rew_mean          | 32.5        |
| time/                   |             |
|    fps                  | 498         |
|    iterations           | 21          |
|    time_elapsed         | 1035        |
|    total_timesteps      | 516096      |
| train/                  |             |
|    approx_kl            | 0.007584199 |
|    clip_fraction        | 0.0656      |
|    clip_range           | 0.2         |
|    entropy_loss         | -1.88       |
|    explained_variance   | 0.87        |
|    learning_rate        | 0.0003      |
|    loss                 | 0.00619     |
|    n_updates            | 100         |
|    policy_gradient_loss | -0.00559    |
|    value_loss           | 0.0678      |
-----------------------------------------
-----------------------------------------
| rollout/                |             |
|    ep_len_mean          | 284         |
|    ep_rew_mean          | 31.8        |
| time/                   |             |
|    fps                  | 499         |
|    iterations           | 22          |
|    time_elapsed         | 1082        |
|    total_timesteps      | 540672      |
| train/                  |             |
|    approx_kl            | 0.006177774 |
|    clip_fraction        | 0.0573      |
|    clip_range           | 0.2         |
|    entropy_loss         | -1.82       |
|    explained_variance   | 0.825       |
|    learning_rate        | 0.0003      |
|    loss                 | 0.00495     |
|    n_updates            | 105         |
|    policy_gradient_loss | -0.0044     |
|    value_loss           | 0.0825      |
-----------------------------------------
-----------------------------------------
| rollout/                |             |
|    ep_len_mean          | 309         |
|    ep_rew_mean          | 33.9        |
| time/                   |             |
|    fps                  | 501         |
|    iterations           | 23          |
|    time_elapsed         | 1127        |
|    total_timesteps      | 565248      |
| train/                  |             |
|    approx_kl            | 0.006605985 |
|    clip_fraction        | 0.0616      |
|    clip_range           | 0.2         |
|    entropy_loss         | -1.8        |
|    explained_variance   | 0.901       |
|    learning_rate        | 0.0003      |
|    loss                 | 0.0021      |
|    n_updates            | 110         |
|    policy_gradient_loss | -0.0057     |
|    value_loss           | 0.0671      |
-----------------------------------------
------------------------------------------
| rollout/                |              |
|    ep_len_mean          | 286          |
|    ep_rew_mean          | 35.9         |
| time/                   |              |
|    fps                  | 502          |
|    iterations           | 24           |
|    time_elapsed         | 1173         |
|    total_timesteps      | 589824       |
| train/                  |              |
|    approx_kl            | 0.0069825132 |
|    clip_fraction        | 0.0615       |
|    clip_range           | 0.2          |
|    entropy_loss         | -1.76        |
|    explained_variance   | 0.858        |
|    learning_rate        | 0.0003       |
|    loss                 | 0.0133       |
|    n_updates            | 115          |
|    policy_gradient_loss | -0.00507     |
|    value_loss           | 0.0718       |
------------------------------------------
------------------------------------------
| rollout/                |              |
|    ep_len_mean          | 329          |
|    ep_rew_mean          | 41           |
| time/                   |              |
|    fps                  | 503          |
|    iterations           | 25           |
|    time_elapsed         | 1220         |
|    total_timesteps      | 614400       |
| train/                  |              |
|    approx_kl            | 0.0070441305 |
|    clip_fraction        | 0.0671       |
|    clip_range           | 0.2          |
|    entropy_loss         | -1.78        |
|    explained_variance   | 0.844        |
|    learning_rate        | 0.0003       |
|    loss                 | 0.00677      |
|    n_updates            | 120          |
|    policy_gradient_loss | -0.00471     |
|    value_loss           | 0.0747       |
------------------------------------------
-----------------------------------------
| rollout/                |             |
|    ep_len_mean          | 371         |
|    ep_rew_mean          | 43.3        |
| time/                   |             |
|    fps                  | 504         |
|    iterations           | 26          |
|    time_elapsed         | 1267        |
|    total_timesteps      | 638976      |
| train/                  |             |
|    approx_kl            | 0.008303639 |
|    clip_fraction        | 0.0742      |
|    clip_range           | 0.2         |
|    entropy_loss         | -1.8        |
|    explained_variance   | 0.869       |
|    learning_rate        | 0.0003      |
|    loss                 | 0.0125      |
|    n_updates            | 125         |
|    policy_gradient_loss | -0.00615    |
|    value_loss           | 0.069       |
-----------------------------------------
------------------------------------------
| rollout/                |              |
|    ep_len_mean          | 364          |
|    ep_rew_mean          | 42.7         |
| time/                   |              |
|    fps                  | 504          |
|    iterations           | 27           |
|    time_elapsed         | 1313         |
|    total_timesteps      | 663552       |
| train/                  |              |
|    approx_kl            | 0.0065040146 |
|    clip_fraction        | 0.0538       |
|    clip_range           | 0.2          |
|    entropy_loss         | -1.74        |
|    explained_variance   | 0.865        |
|    learning_rate        | 0.0003       |
|    loss                 | 0.00947      |
|    n_updates            | 130          |
|    policy_gradient_loss | -0.00401     |
|    value_loss           | 0.0762       |
------------------------------------------
-----------------------------------------
| rollout/                |             |
|    ep_len_mean          | 338         |
|    ep_rew_mean          | 47.2        |
| time/                   |             |
|    fps                  | 505         |
|    iterations           | 28          |
|    time_elapsed         | 1362        |
|    total_timesteps      | 688128      |
| train/                  |             |
|    approx_kl            | 0.007227129 |
|    clip_fraction        | 0.0608      |
|    clip_range           | 0.2         |
|    entropy_loss         | -1.73       |
|    explained_variance   | 0.807       |
|    learning_rate        | 0.0003      |
|    loss                 | 0.0153      |
|    n_updates            | 135         |
|    policy_gradient_loss | -0.00388    |
|    value_loss           | 0.0795      |
-----------------------------------------
-----------------------------------------
| rollout/                |             |
|    ep_len_mean          | 433         |
|    ep_rew_mean          | 53          |
| time/                   |             |
|    fps                  | 505         |
|    iterations           | 29          |
|    time_elapsed         | 1410        |
|    total_timesteps      | 712704      |
| train/                  |             |
|    approx_kl            | 0.007603951 |
|    clip_fraction        | 0.0695      |
|    clip_range           | 0.2         |
|    entropy_loss         | -1.77       |
|    explained_variance   | 0.795       |
|    learning_rate        | 0.0003      |
|    loss                 | 0.00768     |
|    n_updates            | 140         |
|    policy_gradient_loss | -0.00524    |
|    value_loss           | 0.0712      |
-----------------------------------------
------------------------------------------
| rollout/                |              |
|    ep_len_mean          | 445          |
|    ep_rew_mean          | 52.7         |
| time/                   |              |
|    fps                  | 505          |
|    iterations           | 30           |
|    time_elapsed         | 1459         |
|    total_timesteps      | 737280       |
| train/                  |              |
|    approx_kl            | 0.0077256467 |
|    clip_fraction        | 0.0675       |
|    clip_range           | 0.2          |
|    entropy_loss         | -1.76        |
|    explained_variance   | 0.852        |
|    learning_rate        | 0.0003       |
|    loss                 | 0.0113       |
|    n_updates            | 145          |
|    policy_gradient_loss | -0.00538     |
|    value_loss           | 0.0653       |
------------------------------------------
-----------------------------------------
| rollout/                |             |
|    ep_len_mean          | 369         |
|    ep_rew_mean          | 48.6        |
| time/                   |             |
|    fps                  | 505         |
|    iterations           | 31          |
|    time_elapsed         | 1508        |
|    total_timesteps      | 761856      |
| train/                  |             |
|    approx_kl            | 0.005923403 |
|    clip_fraction        | 0.0516      |
|    clip_range           | 0.2         |
|    entropy_loss         | -1.7        |
|    explained_variance   | 0.817       |
|    learning_rate        | 0.0003      |
|    loss                 | 0.00669     |
|    n_updates            | 150         |
|    policy_gradient_loss | -0.0043     |
|    value_loss           | 0.066       |
-----------------------------------------
------------------------------------------
| rollout/                |              |
|    ep_len_mean          | 426          |
|    ep_rew_mean          | 52           |
| time/                   |              |
|    fps                  | 504          |
|    iterations           | 32           |
|    time_elapsed         | 1557         |
|    total_timesteps      | 786432       |
| train/                  |              |
|    approx_kl            | 0.0068509965 |
|    clip_fraction        | 0.0578       |
|    clip_range           | 0.2          |
|    entropy_loss         | -1.68        |
|    explained_variance   | 0.819        |
|    learning_rate        | 0.0003       |
|    loss                 | 0.022        |
|    n_updates            | 155          |
|    policy_gradient_loss | -0.00394     |
|    value_loss           | 0.0732       |
------------------------------------------
-----------------------------------------
| rollout/                |             |
|    ep_len_mean          | 494         |
|    ep_rew_mean          | 55.3        |
| time/                   |             |
|    fps                  | 504         |
|    iterations           | 33          |
|    time_elapsed         | 1607        |
|    total_timesteps      | 811008      |
| train/                  |             |
|    approx_kl            | 0.007106556 |
|    clip_fraction        | 0.0542      |
|    clip_range           | 0.2         |
|    entropy_loss         | -1.76       |
|    explained_variance   | 0.806       |
|    learning_rate        | 0.0003      |
|    loss                 | -0.00706    |
|    n_updates            | 160         |
|    policy_gradient_loss | -0.00454    |
|    value_loss           | 0.0641      |
-----------------------------------------
------------------------------------------
| rollout/                |              |
|    ep_len_mean          | 489          |
|    ep_rew_mean          | 57.9         |
| time/                   |              |
|    fps                  | 504          |
|    iterations           | 34           |
|    time_elapsed         | 1656         |
|    total_timesteps      | 835584       |
| train/                  |              |
|    approx_kl            | 0.0065110787 |
|    clip_fraction        | 0.0592       |
|    clip_range           | 0.2          |
|    entropy_loss         | -1.72        |
|    explained_variance   | 0.813        |
|    learning_rate        | 0.0003       |
|    loss                 | 0.00998      |
|    n_updates            | 165          |
|    policy_gradient_loss | -0.0041      |
|    value_loss           | 0.0732       |
------------------------------------------
-----------------------------------------
| rollout/                |             |
|    ep_len_mean          | 507         |
|    ep_rew_mean          | 61          |
| time/                   |             |
|    fps                  | 504         |
|    iterations           | 35          |
|    time_elapsed         | 1704        |
|    total_timesteps      | 860160      |
| train/                  |             |
|    approx_kl            | 0.006793181 |
|    clip_fraction        | 0.0495      |
|    clip_range           | 0.2         |
|    entropy_loss         | -1.7        |
|    explained_variance   | 0.776       |
|    learning_rate        | 0.0003      |
|    loss                 | 0.00351     |
|    n_updates            | 170         |
|    policy_gradient_loss | -0.00362    |
|    value_loss           | 0.0732      |
-----------------------------------------
------------------------------------------
| rollout/                |              |
|    ep_len_mean          | 552          |
|    ep_rew_mean          | 60.8         |
| time/                   |              |
|    fps                  | 504          |
|    iterations           | 36           |
|    time_elapsed         | 1752         |
|    total_timesteps      | 884736       |
| train/                  |              |
|    approx_kl            | 0.0067555406 |
|    clip_fraction        | 0.0571       |
|    clip_range           | 0.2          |
|    entropy_loss         | -1.72        |
|    explained_variance   | 0.839        |
|    learning_rate        | 0.0003       |
|    loss                 | -0.00841     |
|    n_updates            | 175          |
|    policy_gradient_loss | -0.00374     |
|    value_loss           | 0.0616       |
------------------------------------------
------------------------------------------
| rollout/                |              |
|    ep_len_mean          | 548          |
|    ep_rew_mean          | 60.4         |
| time/                   |              |
|    fps                  | 505          |
|    iterations           | 37           |
|    time_elapsed         | 1799         |
|    total_timesteps      | 909312       |
| train/                  |              |
|    approx_kl            | 0.0060604536 |
|    clip_fraction        | 0.0541       |
|    clip_range           | 0.2          |
|    entropy_loss         | -1.67        |
|    explained_variance   | 0.845        |
|    learning_rate        | 0.0003       |
|    loss                 | 0.0173       |
|    n_updates            | 180          |
|    policy_gradient_loss | -0.00287     |
|    value_loss           | 0.0727       |
------------------------------------------
------------------------------------------
| rollout/                |              |
|    ep_len_mean          | 523          |
|    ep_rew_mean          | 59.7         |
| time/                   |              |
|    fps                  | 505          |
|    iterations           | 38           |
|    time_elapsed         | 1848         |
|    total_timesteps      | 933888       |
| train/                  |              |
|    approx_kl            | 0.0070510046 |
|    clip_fraction        | 0.0643       |
|    clip_range           | 0.2          |
|    entropy_loss         | -1.67        |
|    explained_variance   | 0.849        |
|    learning_rate        | 0.0003       |
|    loss                 | 0.00843      |
|    n_updates            | 185          |
|    policy_gradient_loss | -0.00449     |
|    value_loss           | 0.0738       |
------------------------------------------
-----------------------------------------
| rollout/                |             |
|    ep_len_mean          | 432         |
|    ep_rew_mean          | 62.3        |
| time/                   |             |
|    fps                  | 505         |
|    iterations           | 39          |
|    time_elapsed         | 1897        |
|    total_timesteps      | 958464      |
| train/                  |             |
|    approx_kl            | 0.006514473 |
|    clip_fraction        | 0.0642      |
|    clip_range           | 0.2         |
|    entropy_loss         | -1.65       |
|    explained_variance   | 0.72        |
|    learning_rate        | 0.0003      |
|    loss                 | 0.00339     |
|    n_updates            | 190         |
|    policy_gradient_loss | -0.0043     |
|    value_loss           | 0.0879      |
-----------------------------------------
-----------------------------------------
| rollout/                |             |
|    ep_len_mean          | 405         |
|    ep_rew_mean          | 61.1        |
| time/                   |             |
|    fps                  | 505         |
|    iterations           | 40          |
|    time_elapsed         | 1945        |
|    total_timesteps      | 983040      |
| train/                  |             |
|    approx_kl            | 0.006507145 |
|    clip_fraction        | 0.0585      |
|    clip_range           | 0.2         |
|    entropy_loss         | -1.61       |
|    explained_variance   | 0.755       |
|    learning_rate        | 0.0003      |
|    loss                 | 0.0209      |
|    n_updates            | 195         |
|    policy_gradient_loss | -0.00309    |
|    value_loss           | 0.0895      |
-----------------------------------------
[Checkpoint] Saved at 1000000 steps > /home/runner/work/Disciples2-RL/Disciples2-RL/github_experiments/103/cities/seed103-cities-29222994520-1/checkpoints/campaign_ppo_step_1000000.zip
Eval num_timesteps=1000008, det_reward=-14.31 +/- 61.61
Episode length: det=2186.55 +/- 2196.09
Victory rate: det=0.00%
--------------------------------------------------
| eval/                           |              |
|    deterministic_mean_ep_length | 2.19e+03     |
|    deterministic_mean_reward    | -14.3        |
|    deterministic_victory_rate   | 0            |
|    mean_ep_length               | 2.19e+03     |
|    mean_reward                  | -14.3        |
|    victory_rate                 | 0            |
| time/                           |              |
|    total_timesteps              | 1000008      |
| train/                          |              |
|    approx_kl                    | 0.0072677396 |
|    clip_fraction                | 0.0715       |
|    clip_range                   | 0.2          |
|    entropy_loss                 | -1.61        |
|    explained_variance           | 0.751        |
|    learning_rate                | 0.0003       |
|    loss                         | 0.0166       |
|    n_updates                    | 200          |
|    policy_gradient_loss         | -0.00367     |
|    value_loss                   | 0.0716       |
--------------------------------------------------
New best model by deterministic victory rate!
---------------------------------
| rollout/           |          |
|    ep_len_mean     | 547      |
|    ep_rew_mean     | 68.4     |
| time/              |          |
|    fps             | 473      |
|    iterations      | 41       |
|    time_elapsed    | 2127     |
|    total_timesteps | 1007616  |
---------------------------------
VecNormalize stats saved: /home/runner/work/Disciples2-RL/Disciples2-RL/github_experiments/103/cities/seed103-cities-29222994520-1/models/vecnormalize.pkl

Финальная модель сохранена: /home/runner/work/Disciples2-RL/Disciples2-RL/github_experiments/103/cities/seed103-cities-29222994520-1/models/final_model.zip

============================================================
ИТОГИ ОБУЧЕНИЯ:
  Побед: 26
  Поражений: 2521
  Таймаутов: 2
  Побед бота столицы над врагами: 0
  Перестановок юнитов: 217301
  Winrate: 1.0%
============================================================
  График призывов за эпизод: /home/runner/work/Disciples2-RL/Disciples2-RL/github_experiments/103/cities/seed103-cities-29222994520-1/plots/campaign_summoned_units_per_episode.png
  График призывов за всё обучение: /home/runner/work/Disciples2-RL/Disciples2-RL/github_experiments/103/cities/seed103-cities-29222994520-1/plots/campaign_summoned_units_cumulative.png
  График найма за эпизод: /home/runner/work/Disciples2-RL/Disciples2-RL/github_experiments/103/cities/seed103-cities-29222994520-1/plots/campaign_hired_units_per_episode.png
  График найма за всё обучение: /home/runner/work/Disciples2-RL/Disciples2-RL/github_experiments/103/cities/seed103-cities-29222994520-1/plots/campaign_hired_units_cumulative.png
  График перестановок юнитов за эпизод: /home/runner/work/Disciples2-RL/Disciples2-RL/github_experiments/103/cities/seed103-cities-29222994520-1/plots/campaign_unit_swaps_per_episode.png
  График боевых предметов: /home/runner/work/Disciples2-RL/Disciples2-RL/github_experiments/103/cities/seed103-cities-29222994520-1/plots/campaign_battle_item_activity.png
  График побед бота столицы за эпизод: /home/runner/work/Disciples2-RL/Disciples2-RL/github_experiments/103/cities/seed103-cities-29222994520-1/plots/campaign_scripted_bot_victories_per_episode.png
  График применения заклинаний: /home/runner/work/Disciples2-RL/Disciples2-RL/github_experiments/103/cities/seed103-cities-29222994520-1/plots/campaign_spell_cast_activity.png
