Проверка среды CampaignEnv...
Среда прошла проверку!
[INFO] Comet disabled, running without experiment tracking
Создание 12 параллельных сред (subproc)...
Инициализация MaskablePPO...
Using cpu device

============================================================
Запуск обучения Campaign Agent
Всего шагов: 1,000,000
Параллельных сред: 12
VecEnv: subproc
VecEnv start method: forkserver
Seed: 119
Checkpoint каждые: 500,000 шагов
Evaluation каждые: 83,334 шагов
Eval deterministic эпизодов: 20
Eval stochastic эпизодов: 0
Eval лимит шагов на эпизод: 5000
Campaign map: small
Campaign objective: cities
System resources at training start:
  Platform: Linux 6.17.0-1020-azure (x86_64)
  Python: 3.14.6
  PyTorch: 2.13.0+cpu
  Training device: cpu
  CPU model: INTEL(R) XEON(R) PLATINUM 8573C
  CPU vendor: GenuineIntel
  Logical CPUs visible: 4
  Process CPU affinity: 4
  Sockets: 1
  Cores per socket: 2
  Threads per core: 2
  CPU max MHz: 2300.0000
  CPU min MHz: 800.0000
  L1d cache: 96 KiB (2 instances)
  L1i cache: 64 KiB (2 instances)
  L2 cache: 4 MiB (2 instances)
  L3 cache: 260 MiB (1 instance)
  Virtualization: VT-x
  Hypervisor: Microsoft
  RAM total: 15.61 GiB
  RAM available at start: 13.86 GiB
  Disk total: 144.26 GiB
  Disk free at start: 84.01 GiB
  Torch intra-op threads: 4
  Torch inter-op threads: 2
  OMP_NUM_THREADS: 4
  MKL_NUM_THREADS: 4
  OPENBLAS_NUM_THREADS: 4
  GitHub runner OS: Linux
  GitHub runner architecture: X64
  GitHub runner environment: github-hosted
PPO n_steps: 2,048
PPO batch_size: 512
PPO n_epochs: 5
PPO learning_rate: 0.0003
PPO clip_range: 0.2
PPO ent_coef: 0.01
PPO gamma: 0.995
PPO gae_lambda: 0.95
PPO target_kl: disabled
PPO gradient batches per rollout: 240
VecCheckNan: disabled
Freeze action layout: enabled
Empire territory: enabled
Torch threads per process: 4
Diagnostics: disabled
Wall-clock training limit: disabled
Run ID: seed119-small-cities-29872933534-1
============================================================

Logging to /home/runner/work/Disciples2-RL/Disciples2-RL/github_experiments/119/small/cities/seed119-small-cities-29872933534-1/tensorboard/MaskablePPO_1
---------------------------------
| rollout/           |          |
|    ep_len_mean     | 114      |
|    ep_rew_mean     | -5.29    |
| time/              |          |
|    fps             | 672      |
|    iterations      | 1        |
|    time_elapsed    | 36       |
|    total_timesteps | 24576    |
---------------------------------
-----------------------------------------
| rollout/                |             |
|    ep_len_mean          | 141         |
|    ep_rew_mean          | -3.48       |
| time/                   |             |
|    fps                  | 651         |
|    iterations           | 2           |
|    time_elapsed         | 75          |
|    total_timesteps      | 49152       |
| train/                  |             |
|    approx_kl            | 0.010601292 |
|    clip_fraction        | 0.0821      |
|    clip_range           | 0.2         |
|    entropy_loss         | -2.2        |
|    explained_variance   | 0.0115      |
|    learning_rate        | 0.0003      |
|    loss                 | 0.223       |
|    n_updates            | 5           |
|    policy_gradient_loss | -0.00778    |
|    value_loss           | 0.575       |
-----------------------------------------
-----------------------------------------
| rollout/                |             |
|    ep_len_mean          | 198         |
|    ep_rew_mean          | -4.28       |
| time/                   |             |
|    fps                  | 642         |
|    iterations           | 3           |
|    time_elapsed         | 114         |
|    total_timesteps      | 73728       |
| train/                  |             |
|    approx_kl            | 0.011571203 |
|    clip_fraction        | 0.143       |
|    clip_range           | 0.2         |
|    entropy_loss         | -2.13       |
|    explained_variance   | 0.579       |
|    learning_rate        | 0.0003      |
|    loss                 | 0.102       |
|    n_updates            | 10          |
|    policy_gradient_loss | -0.013      |
|    value_loss           | 0.238       |
-----------------------------------------
-----------------------------------------
| rollout/                |             |
|    ep_len_mean          | 285         |
|    ep_rew_mean          | -7.08       |
| time/                   |             |
|    fps                  | 635         |
|    iterations           | 4           |
|    time_elapsed         | 154         |
|    total_timesteps      | 98304       |
| train/                  |             |
|    approx_kl            | 0.010423419 |
|    clip_fraction        | 0.114       |
|    clip_range           | 0.2         |
|    entropy_loss         | -2.08       |
|    explained_variance   | 0.762       |
|    learning_rate        | 0.0003      |
|    loss                 | 0.0497      |
|    n_updates            | 15          |
|    policy_gradient_loss | -0.00972    |
|    value_loss           | 0.184       |
-----------------------------------------
------------------------------------------
| rollout/                |              |
|    ep_len_mean          | 322          |
|    ep_rew_mean          | -2.42        |
| time/                   |              |
|    fps                  | 638          |
|    iterations           | 5            |
|    time_elapsed         | 192          |
|    total_timesteps      | 122880       |
| train/                  |              |
|    approx_kl            | 0.0098357955 |
|    clip_fraction        | 0.0953       |
|    clip_range           | 0.2          |
|    entropy_loss         | -2.08        |
|    explained_variance   | 0.853        |
|    learning_rate        | 0.0003       |
|    loss                 | 0.00365      |
|    n_updates            | 20           |
|    policy_gradient_loss | -0.00894     |
|    value_loss           | 0.126        |
------------------------------------------
-----------------------------------------
| rollout/                |             |
|    ep_len_mean          | 292         |
|    ep_rew_mean          | 1.26        |
| time/                   |             |
|    fps                  | 636         |
|    iterations           | 6           |
|    time_elapsed         | 231         |
|    total_timesteps      | 147456      |
| train/                  |             |
|    approx_kl            | 0.010112967 |
|    clip_fraction        | 0.0979      |
|    clip_range           | 0.2         |
|    entropy_loss         | -2.04       |
|    explained_variance   | 0.851       |
|    learning_rate        | 0.0003      |
|    loss                 | 0.0425      |
|    n_updates            | 25          |
|    policy_gradient_loss | -0.00847    |
|    value_loss           | 0.114       |
-----------------------------------------
-----------------------------------------
| rollout/                |             |
|    ep_len_mean          | 299         |
|    ep_rew_mean          | 1.73        |
| time/                   |             |
|    fps                  | 632         |
|    iterations           | 7           |
|    time_elapsed         | 272         |
|    total_timesteps      | 172032      |
| train/                  |             |
|    approx_kl            | 0.010120026 |
|    clip_fraction        | 0.128       |
|    clip_range           | 0.2         |
|    entropy_loss         | -2.02       |
|    explained_variance   | 0.837       |
|    learning_rate        | 0.0003      |
|    loss                 | 0.00626     |
|    n_updates            | 30          |
|    policy_gradient_loss | -0.00859    |
|    value_loss           | 0.0857      |
-----------------------------------------
----------------------------------------
| rollout/                |            |
|    ep_len_mean          | 252        |
|    ep_rew_mean          | 4.48       |
| time/                   |            |
|    fps                  | 631        |
|    iterations           | 8          |
|    time_elapsed         | 311        |
|    total_timesteps      | 196608     |
| train/                  |            |
|    approx_kl            | 0.00916249 |
|    clip_fraction        | 0.102      |
|    clip_range           | 0.2        |
|    entropy_loss         | -2.01      |
|    explained_variance   | 0.881      |
|    learning_rate        | 0.0003     |
|    loss                 | -0.00112   |
|    n_updates            | 35         |
|    policy_gradient_loss | -0.00857   |
|    value_loss           | 0.0529     |
----------------------------------------
-----------------------------------------
| rollout/                |             |
|    ep_len_mean          | 234         |
|    ep_rew_mean          | 10.4        |
| time/                   |             |
|    fps                  | 631         |
|    iterations           | 9           |
|    time_elapsed         | 350         |
|    total_timesteps      | 221184      |
| train/                  |             |
|    approx_kl            | 0.009431656 |
|    clip_fraction        | 0.103       |
|    clip_range           | 0.2         |
|    entropy_loss         | -2          |
|    explained_variance   | 0.839       |
|    learning_rate        | 0.0003      |
|    loss                 | -0.00457    |
|    n_updates            | 40          |
|    policy_gradient_loss | -0.00746    |
|    value_loss           | 0.0656      |
-----------------------------------------
-----------------------------------------
| rollout/                |             |
|    ep_len_mean          | 218         |
|    ep_rew_mean          | 13.8        |
| time/                   |             |
|    fps                  | 632         |
|    iterations           | 10          |
|    time_elapsed         | 388         |
|    total_timesteps      | 245760      |
| train/                  |             |
|    approx_kl            | 0.009379796 |
|    clip_fraction        | 0.0936      |
|    clip_range           | 0.2         |
|    entropy_loss         | -1.96       |
|    explained_variance   | 0.794       |
|    learning_rate        | 0.0003      |
|    loss                 | 0.00368     |
|    n_updates            | 45          |
|    policy_gradient_loss | -0.0078     |
|    value_loss           | 0.0769      |
-----------------------------------------
-----------------------------------------
| rollout/                |             |
|    ep_len_mean          | 216         |
|    ep_rew_mean          | 12.8        |
| time/                   |             |
|    fps                  | 634         |
|    iterations           | 11          |
|    time_elapsed         | 426         |
|    total_timesteps      | 270336      |
| train/                  |             |
|    approx_kl            | 0.008569799 |
|    clip_fraction        | 0.082       |
|    clip_range           | 0.2         |
|    entropy_loss         | -1.93       |
|    explained_variance   | 0.7         |
|    learning_rate        | 0.0003      |
|    loss                 | 0.0329      |
|    n_updates            | 50          |
|    policy_gradient_loss | -0.00637    |
|    value_loss           | 0.111       |
-----------------------------------------
----------------------------------------
| rollout/                |            |
|    ep_len_mean          | 193        |
|    ep_rew_mean          | 14         |
| time/                   |            |
|    fps                  | 636        |
|    iterations           | 12         |
|    time_elapsed         | 463        |
|    total_timesteps      | 294912     |
| train/                  |            |
|    approx_kl            | 0.00795373 |
|    clip_fraction        | 0.0771     |
|    clip_range           | 0.2        |
|    entropy_loss         | -1.91      |
|    explained_variance   | 0.695      |
|    learning_rate        | 0.0003     |
|    loss                 | 0.0138     |
|    n_updates            | 55         |
|    policy_gradient_loss | -0.00605   |
|    value_loss           | 0.0929     |
----------------------------------------
----------------------------------------
| rollout/                |            |
|    ep_len_mean          | 218        |
|    ep_rew_mean          | 16.7       |
| time/                   |            |
|    fps                  | 638        |
|    iterations           | 13         |
|    time_elapsed         | 500        |
|    total_timesteps      | 319488     |
| train/                  |            |
|    approx_kl            | 0.00765449 |
|    clip_fraction        | 0.0737     |
|    clip_range           | 0.2        |
|    entropy_loss         | -1.89      |
|    explained_variance   | 0.741      |
|    learning_rate        | 0.0003     |
|    loss                 | 0.0223     |
|    n_updates            | 60         |
|    policy_gradient_loss | -0.0055    |
|    value_loss           | 0.0966     |
----------------------------------------
-----------------------------------------
| rollout/                |             |
|    ep_len_mean          | 184         |
|    ep_rew_mean          | 13.5        |
| time/                   |             |
|    fps                  | 640         |
|    iterations           | 14          |
|    time_elapsed         | 537         |
|    total_timesteps      | 344064      |
| train/                  |             |
|    approx_kl            | 0.008259811 |
|    clip_fraction        | 0.07        |
|    clip_range           | 0.2         |
|    entropy_loss         | -1.87       |
|    explained_variance   | 0.729       |
|    learning_rate        | 0.0003      |
|    loss                 | 0.0231      |
|    n_updates            | 65          |
|    policy_gradient_loss | -0.00555    |
|    value_loss           | 0.107       |
-----------------------------------------
-----------------------------------------
| rollout/                |             |
|    ep_len_mean          | 161         |
|    ep_rew_mean          | 16.6        |
| time/                   |             |
|    fps                  | 640         |
|    iterations           | 15          |
|    time_elapsed         | 575         |
|    total_timesteps      | 368640      |
| train/                  |             |
|    approx_kl            | 0.007498985 |
|    clip_fraction        | 0.0802      |
|    clip_range           | 0.2         |
|    entropy_loss         | -1.83       |
|    explained_variance   | 0.821       |
|    learning_rate        | 0.0003      |
|    loss                 | 0.0182      |
|    n_updates            | 70          |
|    policy_gradient_loss | -0.00618    |
|    value_loss           | 0.103       |
-----------------------------------------
-----------------------------------------
| rollout/                |             |
|    ep_len_mean          | 185         |
|    ep_rew_mean          | 17.9        |
| time/                   |             |
|    fps                  | 641         |
|    iterations           | 16          |
|    time_elapsed         | 612         |
|    total_timesteps      | 393216      |
| train/                  |             |
|    approx_kl            | 0.007149289 |
|    clip_fraction        | 0.0606      |
|    clip_range           | 0.2         |
|    entropy_loss         | -1.82       |
|    explained_variance   | 0.734       |
|    learning_rate        | 0.0003      |
|    loss                 | 0.00826     |
|    n_updates            | 75          |
|    policy_gradient_loss | -0.00514    |
|    value_loss           | 0.117       |
-----------------------------------------
-----------------------------------------
| rollout/                |             |
|    ep_len_mean          | 167         |
|    ep_rew_mean          | 18.7        |
| time/                   |             |
|    fps                  | 642         |
|    iterations           | 17          |
|    time_elapsed         | 650         |
|    total_timesteps      | 417792      |
| train/                  |             |
|    approx_kl            | 0.007904168 |
|    clip_fraction        | 0.081       |
|    clip_range           | 0.2         |
|    entropy_loss         | -1.83       |
|    explained_variance   | 0.775       |
|    learning_rate        | 0.0003      |
|    loss                 | 0.014       |
|    n_updates            | 80          |
|    policy_gradient_loss | -0.00669    |
|    value_loss           | 0.111       |
-----------------------------------------
-----------------------------------------
| rollout/                |             |
|    ep_len_mean          | 194         |
|    ep_rew_mean          | 20.5        |
| time/                   |             |
|    fps                  | 643         |
|    iterations           | 18          |
|    time_elapsed         | 687         |
|    total_timesteps      | 442368      |
| train/                  |             |
|    approx_kl            | 0.007170666 |
|    clip_fraction        | 0.0679      |
|    clip_range           | 0.2         |
|    entropy_loss         | -1.81       |
|    explained_variance   | 0.748       |
|    learning_rate        | 0.0003      |
|    loss                 | 0.0232      |
|    n_updates            | 85          |
|    policy_gradient_loss | -0.00573    |
|    value_loss           | 0.12        |
-----------------------------------------
------------------------------------------
| rollout/                |              |
|    ep_len_mean          | 197          |
|    ep_rew_mean          | 21.6         |
| time/                   |              |
|    fps                  | 642          |
|    iterations           | 19           |
|    time_elapsed         | 726          |
|    total_timesteps      | 466944       |
| train/                  |              |
|    approx_kl            | 0.0075424765 |
|    clip_fraction        | 0.0706       |
|    clip_range           | 0.2          |
|    entropy_loss         | -1.8         |
|    explained_variance   | 0.809        |
|    learning_rate        | 0.0003       |
|    loss                 | 0.0258       |
|    n_updates            | 90           |
|    policy_gradient_loss | -0.0056      |
|    value_loss           | 0.108        |
------------------------------------------
-----------------------------------------
| rollout/                |             |
|    ep_len_mean          | 337         |
|    ep_rew_mean          | 19.2        |
| time/                   |             |
|    fps                  | 642         |
|    iterations           | 20          |
|    time_elapsed         | 765         |
|    total_timesteps      | 491520      |
| train/                  |             |
|    approx_kl            | 0.007756071 |
|    clip_fraction        | 0.0775      |
|    clip_range           | 0.2         |
|    entropy_loss         | -1.82       |
|    explained_variance   | 0.906       |
|    learning_rate        | 0.0003      |
|    loss                 | 0.00334     |
|    n_updates            | 95          |
|    policy_gradient_loss | -0.00444    |
|    value_loss           | 0.0836      |
-----------------------------------------
[Checkpoint] Saved at 500000 steps > /home/runner/work/Disciples2-RL/Disciples2-RL/github_experiments/119/small/cities/seed119-small-cities-29872933534-1/checkpoints/campaign_ppo_step_500000.zip
-----------------------------------------
| rollout/                |             |
|    ep_len_mean          | 402         |
|    ep_rew_mean          | 16.5        |
| time/                   |             |
|    fps                  | 642         |
|    iterations           | 21          |
|    time_elapsed         | 803         |
|    total_timesteps      | 516096      |
| train/                  |             |
|    approx_kl            | 0.007973518 |
|    clip_fraction        | 0.0733      |
|    clip_range           | 0.2         |
|    entropy_loss         | -1.9        |
|    explained_variance   | 0.938       |
|    learning_rate        | 0.0003      |
|    loss                 | 0.00828     |
|    n_updates            | 100         |
|    policy_gradient_loss | -0.00465    |
|    value_loss           | 0.0677      |
-----------------------------------------
------------------------------------------
| rollout/                |              |
|    ep_len_mean          | 346          |
|    ep_rew_mean          | 15.2         |
| time/                   |              |
|    fps                  | 642          |
|    iterations           | 22           |
|    time_elapsed         | 841          |
|    total_timesteps      | 540672       |
| train/                  |              |
|    approx_kl            | 0.0069762557 |
|    clip_fraction        | 0.0682       |
|    clip_range           | 0.2          |
|    entropy_loss         | -1.93        |
|    explained_variance   | 0.949        |
|    learning_rate        | 0.0003       |
|    loss                 | 0.00647      |
|    n_updates            | 105          |
|    policy_gradient_loss | -0.005       |
|    value_loss           | 0.0523       |
------------------------------------------
----------------------------------------
| rollout/                |            |
|    ep_len_mean          | 319        |
|    ep_rew_mean          | 18.9       |
| time/                   |            |
|    fps                  | 642        |
|    iterations           | 23         |
|    time_elapsed         | 879        |
|    total_timesteps      | 565248     |
| train/                  |            |
|    approx_kl            | 0.00688627 |
|    clip_fraction        | 0.0631     |
|    clip_range           | 0.2        |
|    entropy_loss         | -1.85      |
|    explained_variance   | 0.938      |
|    learning_rate        | 0.0003     |
|    loss                 | 0.00196    |
|    n_updates            | 110        |
|    policy_gradient_loss | -0.00501   |
|    value_loss           | 0.0648     |
----------------------------------------
-----------------------------------------
| rollout/                |             |
|    ep_len_mean          | 245         |
|    ep_rew_mean          | 25.7        |
| time/                   |             |
|    fps                  | 643         |
|    iterations           | 24          |
|    time_elapsed         | 916         |
|    total_timesteps      | 589824      |
| train/                  |             |
|    approx_kl            | 0.007253781 |
|    clip_fraction        | 0.0771      |
|    clip_range           | 0.2         |
|    entropy_loss         | -1.82       |
|    explained_variance   | 0.933       |
|    learning_rate        | 0.0003      |
|    loss                 | 0.00473     |
|    n_updates            | 115         |
|    policy_gradient_loss | -0.00562    |
|    value_loss           | 0.068       |
-----------------------------------------
------------------------------------------
| rollout/                |              |
|    ep_len_mean          | 236          |
|    ep_rew_mean          | 30           |
| time/                   |              |
|    fps                  | 644          |
|    iterations           | 25           |
|    time_elapsed         | 954          |
|    total_timesteps      | 614400       |
| train/                  |              |
|    approx_kl            | 0.0071364143 |
|    clip_fraction        | 0.0673       |
|    clip_range           | 0.2          |
|    entropy_loss         | -1.81        |
|    explained_variance   | 0.873        |
|    learning_rate        | 0.0003       |
|    loss                 | 0.0127       |
|    n_updates            | 120          |
|    policy_gradient_loss | -0.00446     |
|    value_loss           | 0.0703       |
------------------------------------------
-----------------------------------------
| rollout/                |             |
|    ep_len_mean          | 252         |
|    ep_rew_mean          | 30.3        |
| time/                   |             |
|    fps                  | 644         |
|    iterations           | 26          |
|    time_elapsed         | 991         |
|    total_timesteps      | 638976      |
| train/                  |             |
|    approx_kl            | 0.006613283 |
|    clip_fraction        | 0.0641      |
|    clip_range           | 0.2         |
|    entropy_loss         | -1.8        |
|    explained_variance   | 0.862       |
|    learning_rate        | 0.0003      |
|    loss                 | 0.0139      |
|    n_updates            | 125         |
|    policy_gradient_loss | -0.00397    |
|    value_loss           | 0.0762      |
-----------------------------------------
-----------------------------------------
| rollout/                |             |
|    ep_len_mean          | 232         |
|    ep_rew_mean          | 29.7        |
| time/                   |             |
|    fps                  | 644         |
|    iterations           | 27          |
|    time_elapsed         | 1028        |
|    total_timesteps      | 663552      |
| train/                  |             |
|    approx_kl            | 0.006758325 |
|    clip_fraction        | 0.0648      |
|    clip_range           | 0.2         |
|    entropy_loss         | -1.79       |
|    explained_variance   | 0.872       |
|    learning_rate        | 0.0003      |
|    loss                 | 0.00864     |
|    n_updates            | 130         |
|    policy_gradient_loss | -0.00507    |
|    value_loss           | 0.0738      |
-----------------------------------------
-----------------------------------------
| rollout/                |             |
|    ep_len_mean          | 228         |
|    ep_rew_mean          | 31          |
| time/                   |             |
|    fps                  | 645         |
|    iterations           | 28          |
|    time_elapsed         | 1065        |
|    total_timesteps      | 688128      |
| train/                  |             |
|    approx_kl            | 0.007626742 |
|    clip_fraction        | 0.0764      |
|    clip_range           | 0.2         |
|    entropy_loss         | -1.76       |
|    explained_variance   | 0.9         |
|    learning_rate        | 0.0003      |
|    loss                 | 0.0108      |
|    n_updates            | 135         |
|    policy_gradient_loss | -0.00595    |
|    value_loss           | 0.0726      |
-----------------------------------------
-----------------------------------------
| rollout/                |             |
|    ep_len_mean          | 249         |
|    ep_rew_mean          | 35.9        |
| time/                   |             |
|    fps                  | 646         |
|    iterations           | 29          |
|    time_elapsed         | 1102        |
|    total_timesteps      | 712704      |
| train/                  |             |
|    approx_kl            | 0.007807363 |
|    clip_fraction        | 0.0756      |
|    clip_range           | 0.2         |
|    entropy_loss         | -1.71       |
|    explained_variance   | 0.851       |
|    learning_rate        | 0.0003      |
|    loss                 | 0.00543     |
|    n_updates            | 140         |
|    policy_gradient_loss | -0.00563    |
|    value_loss           | 0.0737      |
-----------------------------------------
-----------------------------------------
| rollout/                |             |
|    ep_len_mean          | 230         |
|    ep_rew_mean          | 30.9        |
| time/                   |             |
|    fps                  | 646         |
|    iterations           | 30          |
|    time_elapsed         | 1140        |
|    total_timesteps      | 737280      |
| train/                  |             |
|    approx_kl            | 0.006174216 |
|    clip_fraction        | 0.0631      |
|    clip_range           | 0.2         |
|    entropy_loss         | -1.72       |
|    explained_variance   | 0.855       |
|    learning_rate        | 0.0003      |
|    loss                 | 0.0154      |
|    n_updates            | 145         |
|    policy_gradient_loss | -0.00499    |
|    value_loss           | 0.0773      |
-----------------------------------------
------------------------------------------
| rollout/                |              |
|    ep_len_mean          | 239          |
|    ep_rew_mean          | 33           |
| time/                   |              |
|    fps                  | 646          |
|    iterations           | 31           |
|    time_elapsed         | 1177         |
|    total_timesteps      | 761856       |
| train/                  |              |
|    approx_kl            | 0.0070084906 |
|    clip_fraction        | 0.0795       |
|    clip_range           | 0.2          |
|    entropy_loss         | -1.64        |
|    explained_variance   | 0.88         |
|    learning_rate        | 0.0003       |
|    loss                 | 0.0079       |
|    n_updates            | 150          |
|    policy_gradient_loss | -0.00613     |
|    value_loss           | 0.0756       |
------------------------------------------
------------------------------------------
| rollout/                |              |
|    ep_len_mean          | 260          |
|    ep_rew_mean          | 37.5         |
| time/                   |              |
|    fps                  | 647          |
|    iterations           | 32           |
|    time_elapsed         | 1214         |
|    total_timesteps      | 786432       |
| train/                  |              |
|    approx_kl            | 0.0077365264 |
|    clip_fraction        | 0.0758       |
|    clip_range           | 0.2          |
|    entropy_loss         | -1.65        |
|    explained_variance   | 0.888        |
|    learning_rate        | 0.0003       |
|    loss                 | 0.0101       |
|    n_updates            | 155          |
|    policy_gradient_loss | -0.00478     |
|    value_loss           | 0.0682       |
------------------------------------------
------------------------------------------
| rollout/                |              |
|    ep_len_mean          | 247          |
|    ep_rew_mean          | 34.5         |
| time/                   |              |
|    fps                  | 647          |
|    iterations           | 33           |
|    time_elapsed         | 1253         |
|    total_timesteps      | 811008       |
| train/                  |              |
|    approx_kl            | 0.0069363844 |
|    clip_fraction        | 0.0756       |
|    clip_range           | 0.2          |
|    entropy_loss         | -1.61        |
|    explained_variance   | 0.842        |
|    learning_rate        | 0.0003       |
|    loss                 | 0.014        |
|    n_updates            | 160          |
|    policy_gradient_loss | -0.00493     |
|    value_loss           | 0.0776       |
------------------------------------------
------------------------------------------
| rollout/                |              |
|    ep_len_mean          | 259          |
|    ep_rew_mean          | 40.2         |
| time/                   |              |
|    fps                  | 647          |
|    iterations           | 34           |
|    time_elapsed         | 1291         |
|    total_timesteps      | 835584       |
| train/                  |              |
|    approx_kl            | 0.0069962256 |
|    clip_fraction        | 0.0742       |
|    clip_range           | 0.2          |
|    entropy_loss         | -1.62        |
|    explained_variance   | 0.854        |
|    learning_rate        | 0.0003       |
|    loss                 | 0.0089       |
|    n_updates            | 165          |
|    policy_gradient_loss | -0.00443     |
|    value_loss           | 0.0798       |
------------------------------------------
-----------------------------------------
| rollout/                |             |
|    ep_len_mean          | 228         |
|    ep_rew_mean          | 39.3        |
| time/                   |             |
|    fps                  | 647         |
|    iterations           | 35          |
|    time_elapsed         | 1329        |
|    total_timesteps      | 860160      |
| train/                  |             |
|    approx_kl            | 0.005968666 |
|    clip_fraction        | 0.0603      |
|    clip_range           | 0.2         |
|    entropy_loss         | -1.62       |
|    explained_variance   | 0.848       |
|    learning_rate        | 0.0003      |
|    loss                 | 0.00895     |
|    n_updates            | 170         |
|    policy_gradient_loss | -0.00385    |
|    value_loss           | 0.0747      |
-----------------------------------------
----------------------------------------
| rollout/                |            |
|    ep_len_mean          | 245        |
|    ep_rew_mean          | 39         |
| time/                   |            |
|    fps                  | 647        |
|    iterations           | 36         |
|    time_elapsed         | 1367       |
|    total_timesteps      | 884736     |
| train/                  |            |
|    approx_kl            | 0.00722041 |
|    clip_fraction        | 0.079      |
|    clip_range           | 0.2        |
|    entropy_loss         | -1.59      |
|    explained_variance   | 0.857      |
|    learning_rate        | 0.0003     |
|    loss                 | 0.00952    |
|    n_updates            | 175        |
|    policy_gradient_loss | -0.00488   |
|    value_loss           | 0.0787     |
----------------------------------------
-----------------------------------------
| rollout/                |             |
|    ep_len_mean          | 352         |
|    ep_rew_mean          | 45.5        |
| time/                   |             |
|    fps                  | 646         |
|    iterations           | 37          |
|    time_elapsed         | 1405        |
|    total_timesteps      | 909312      |
| train/                  |             |
|    approx_kl            | 0.007710269 |
|    clip_fraction        | 0.0839      |
|    clip_range           | 0.2         |
|    entropy_loss         | -1.63       |
|    explained_variance   | 0.88        |
|    learning_rate        | 0.0003      |
|    loss                 | 0.00879     |
|    n_updates            | 180         |
|    policy_gradient_loss | -0.00495    |
|    value_loss           | 0.0669      |
-----------------------------------------
-----------------------------------------
| rollout/                |             |
|    ep_len_mean          | 322         |
|    ep_rew_mean          | 48.3        |
| time/                   |             |
|    fps                  | 646         |
|    iterations           | 38          |
|    time_elapsed         | 1443        |
|    total_timesteps      | 933888      |
| train/                  |             |
|    approx_kl            | 0.007054834 |
|    clip_fraction        | 0.0744      |
|    clip_range           | 0.2         |
|    entropy_loss         | -1.63       |
|    explained_variance   | 0.878       |
|    learning_rate        | 0.0003      |
|    loss                 | 0.00818     |
|    n_updates            | 185         |
|    policy_gradient_loss | -0.00508    |
|    value_loss           | 0.0742      |
-----------------------------------------
-----------------------------------------
| rollout/                |             |
|    ep_len_mean          | 251         |
|    ep_rew_mean          | 41.9        |
| time/                   |             |
|    fps                  | 647         |
|    iterations           | 39          |
|    time_elapsed         | 1480        |
|    total_timesteps      | 958464      |
| train/                  |             |
|    approx_kl            | 0.007034251 |
|    clip_fraction        | 0.0813      |
|    clip_range           | 0.2         |
|    entropy_loss         | -1.59       |
|    explained_variance   | 0.859       |
|    learning_rate        | 0.0003      |
|    loss                 | 0.00521     |
|    n_updates            | 190         |
|    policy_gradient_loss | -0.00518    |
|    value_loss           | 0.0783      |
-----------------------------------------
-----------------------------------------
| rollout/                |             |
|    ep_len_mean          | 272         |
|    ep_rew_mean          | 46.5        |
| time/                   |             |
|    fps                  | 647         |
|    iterations           | 40          |
|    time_elapsed         | 1518        |
|    total_timesteps      | 983040      |
| train/                  |             |
|    approx_kl            | 0.007556557 |
|    clip_fraction        | 0.0717      |
|    clip_range           | 0.2         |
|    entropy_loss         | -1.55       |
|    explained_variance   | 0.84        |
|    learning_rate        | 0.0003      |
|    loss                 | 0.0132      |
|    n_updates            | 195         |
|    policy_gradient_loss | -0.00407    |
|    value_loss           | 0.0812      |
-----------------------------------------
[Checkpoint] Saved at 1000000 steps > /home/runner/work/Disciples2-RL/Disciples2-RL/github_experiments/119/small/cities/seed119-small-cities-29872933534-1/checkpoints/campaign_ppo_step_1000000.zip
Eval num_timesteps=1000008, det_reward=-102.46 +/- 196.87
Episode length: det=2383.35 +/- 1957.93
Victory rate: det=0.00%
-------------------------------------------------
| eval/                           |             |
|    deterministic_mean_ep_length | 2.38e+03    |
|    deterministic_mean_reward    | -102        |
|    deterministic_victory_rate   | 0           |
|    mean_ep_length               | 2.38e+03    |
|    mean_reward                  | -102        |
|    victory_rate                 | 0           |
| time/                           |             |
|    total_timesteps              | 1000008     |
| train/                          |             |
|    approx_kl                    | 0.006758087 |
|    clip_fraction                | 0.0625      |
|    clip_range                   | 0.2         |
|    entropy_loss                 | -1.54       |
|    explained_variance           | 0.866       |
|    learning_rate                | 0.0003      |
|    loss                         | 0.0153      |
|    n_updates                    | 200         |
|    policy_gradient_loss         | -0.00461    |
|    value_loss                   | 0.0805      |
-------------------------------------------------
New best model by deterministic victory rate!
---------------------------------
| rollout/           |          |
|    ep_len_mean     | 276      |
|    ep_rew_mean     | 50.5     |
| time/              |          |
|    fps             | 597      |
|    iterations      | 41       |
|    time_elapsed    | 1686     |
|    total_timesteps | 1007616  |
---------------------------------
VecNormalize stats saved: /home/runner/work/Disciples2-RL/Disciples2-RL/github_experiments/119/small/cities/seed119-small-cities-29872933534-1/models/vecnormalize.pkl

Финальная модель сохранена: /home/runner/work/Disciples2-RL/Disciples2-RL/github_experiments/119/small/cities/seed119-small-cities-29872933534-1/models/final_model.zip

============================================================
ИТОГИ ОБУЧЕНИЯ:
  Побед: 1
  Поражений: 4264
  Таймаутов: 2
  Побед бота столицы над врагами: 0
  Перестановок юнитов: 201914
  Терминальные поражения по противникам:
    enemy_7: 1701 — Отряд: воин + привидение спереди, колдун + призрак + привидение сзади
    enemy_29: 514 — Отряд: 3 скваера на передней линии
    enemy_15: 279 — Отряд: 2 привидения спереди, вампир сзади
    enemy_23: 268 — Отряд: волк на передней линии
    enemy_25: 238 — Отряд: копейщик спереди и служка сзади
    enemy_3: 199 — Отряд: орк чемпион на передней линии
    enemy_39: 169 — Отряд: Волк, Варвар
    enemy_27: 153 — Отряд: скваер в центре и 2 крестьянина на передней линии
    enemy_75: 128 — Страж столицы Империи: Мизраэль
    enemy_70: 114 — Руины (15, 9): Орк, Гоблин, Гоблин
    enemy_37: 96 — Отряд: Гном, Травница, Алхимик
    enemy_5: 64 — Отряд: орк чемпион на передней линии
    enemy_9: 54 — Отряд: тамплиер спереди, колдун и призрак сзади
    enemy_31: 48 — Отряд: зеленый дракон
    enemy_41: 45 — Отряд: Гном, Метатель топоров
    enemy_1: 32 — Отряд: волк на передней линии
    enemy_34: 32 — Отряд Порта Полонис: Воин спереди, Колдун, Нигош (Носферату) и Привидение сзади
    enemy_17: 24 — Отряд: воин спереди, 2 призрака и привидение сзади
    enemy_21: 22 — Отряд: зомби спереди, привидение сзади
    enemy_35: 20 — Отряд Соругириллы: Унфегра (Королева личей), Виверна
    enemy_11: 18 — Отряд: оборотень спереди и тень сзади
    enemy_63: 9 — Отряд: Разбойник
    enemy_65: 8 — Отряд: Кентавр копейщик, Рейнджер
    enemy_49: 6 — Отряд: Гном
    enemy_61: 6 — Отряд: Зомби, Призрак
    enemy_47: 5 — Отряд: Призрак, Привидение, Привидение, Воин
    enemy_69: 4 — Внутренний гарнизон Соругириллы: Зомби, Воин
    enemy_74: 2 — Руины (43, 34): Лорд Тьмы, Лич
    enemy_13: 2 — Отряд: 2 зомби спереди и привидение сзади
    enemy_59: 1 — Отряд: Зомби
    enemy_45: 1 — Отряд: Головорез
    enemy_57: 1 — Отряд: Призрак, Привидение, Воин
    enemy_43: 1 — Отряд: Призрак, Тамплиер
  Winrate: 0.0%
============================================================
  График призывов за эпизод: /home/runner/work/Disciples2-RL/Disciples2-RL/github_experiments/119/small/cities/seed119-small-cities-29872933534-1/plots/campaign_summoned_units_per_episode.png
  График призывов за всё обучение: /home/runner/work/Disciples2-RL/Disciples2-RL/github_experiments/119/small/cities/seed119-small-cities-29872933534-1/plots/campaign_summoned_units_cumulative.png
  График найма за эпизод: /home/runner/work/Disciples2-RL/Disciples2-RL/github_experiments/119/small/cities/seed119-small-cities-29872933534-1/plots/campaign_hired_units_per_episode.png
  График найма за всё обучение: /home/runner/work/Disciples2-RL/Disciples2-RL/github_experiments/119/small/cities/seed119-small-cities-29872933534-1/plots/campaign_hired_units_cumulative.png
  График перестановок юнитов за эпизод: /home/runner/work/Disciples2-RL/Disciples2-RL/github_experiments/119/small/cities/seed119-small-cities-29872933534-1/plots/campaign_unit_swaps_per_episode.png
  График боевых предметов: /home/runner/work/Disciples2-RL/Disciples2-RL/github_experiments/119/small/cities/seed119-small-cities-29872933534-1/plots/campaign_battle_item_activity.png
  График побед бота столицы за эпизод: /home/runner/work/Disciples2-RL/Disciples2-RL/github_experiments/119/small/cities/seed119-small-cities-29872933534-1/plots/campaign_scripted_bot_victories_per_episode.png
  График применения заклинаний: /home/runner/work/Disciples2-RL/Disciples2-RL/github_experiments/119/small/cities/seed119-small-cities-29872933534-1/plots/campaign_spell_cast_activity.png
