Проверка среды CampaignEnv...
Среда прошла проверку!
[INFO] Comet disabled, running without experiment tracking
Создание 12 параллельных сред (subproc)...
Инициализация MaskablePPO...
Using cpu device

============================================================
Запуск обучения Campaign Agent
Всего шагов: 2,000,000
Параллельных сред: 12
VecEnv: subproc
Seed: 1
Checkpoint каждые: 500,000 шагов
Evaluation каждые: 500,000 шагов
Eval deterministic эпизодов: 20
Eval stochastic эпизодов: 0
Eval лимит шагов на эпизод: 4000
PPO n_steps: 2,048
PPO batch_size: 512
PPO n_epochs: 5
PPO learning_rate: 0.0002
PPO clip_range: 0.15
PPO ent_coef: 0.003
PPO gamma: 0.995
PPO gae_lambda: 0.95
PPO target_kl: disabled
PPO gradient batches per rollout: 240
VecCheckNan: enabled
Freeze action layout: enabled
Empire territory: enabled
Torch threads per process: 1
Diagnostics: enabled
Diagnostics dir: ./campaign_diagnostics/offline-1780702398
Run ID: offline-1780702398
============================================================

Logging to ./campaign_tb_logs/offline-1780702398\MaskablePPO_1
---------------------------------
| rollout/           |          |
|    ep_len_mean     | 349      |
|    ep_rew_mean     | 3.33     |
| time/              |          |
|    fps             | 875      |
|    iterations      | 1        |
|    time_elapsed    | 28       |
|    total_timesteps | 24576    |
---------------------------------
------------------------------------------
| rollout/                |              |
|    ep_len_mean          | 467          |
|    ep_rew_mean          | 2.62         |
| time/                   |              |
|    fps                  | 685          |
|    iterations           | 2            |
|    time_elapsed         | 71           |
|    total_timesteps      | 49152        |
| train/                  |              |
|    approx_kl            | 0.0049240943 |
|    clip_fraction        | 0.0636       |
|    clip_range           | 0.15         |
|    entropy_loss         | -2.47        |
|    explained_variance   | -0.13        |
|    learning_rate        | 0.0002       |
|    loss                 | 0.0985       |
|    n_updates            | 5            |
|    policy_gradient_loss | -0.00394     |
|    value_loss           | 0.263        |
------------------------------------------
------------------------------------------
| rollout/                |              |
|    ep_len_mean          | 562          |
|    ep_rew_mean          | 1.43         |
| time/                   |              |
|    fps                  | 662          |
|    iterations           | 3            |
|    time_elapsed         | 111          |
|    total_timesteps      | 73728        |
| train/                  |              |
|    approx_kl            | 0.0050483854 |
|    clip_fraction        | 0.0709       |
|    clip_range           | 0.15         |
|    entropy_loss         | -2.47        |
|    explained_variance   | 0.45         |
|    learning_rate        | 0.0002       |
|    loss                 | 0.0292       |
|    n_updates            | 10           |
|    policy_gradient_loss | -0.00473     |
|    value_loss           | 0.104        |
------------------------------------------
----------------------------------------
| rollout/                |            |
|    ep_len_mean          | 678        |
|    ep_rew_mean          | -0.044     |
| time/                   |            |
|    fps                  | 651        |
|    iterations           | 4          |
|    time_elapsed         | 150        |
|    total_timesteps      | 98304      |
| train/                  |            |
|    approx_kl            | 0.00553843 |
|    clip_fraction        | 0.108      |
|    clip_range           | 0.15       |
|    entropy_loss         | -2.42      |
|    explained_variance   | 0.584      |
|    learning_rate        | 0.0002     |
|    loss                 | 0.0171     |
|    n_updates            | 15         |
|    policy_gradient_loss | -0.00529   |
|    value_loss           | 0.0794     |
----------------------------------------
------------------------------------------
| rollout/                |              |
|    ep_len_mean          | 723          |
|    ep_rew_mean          | -1.43        |
| time/                   |              |
|    fps                  | 648          |
|    iterations           | 5            |
|    time_elapsed         | 189          |
|    total_timesteps      | 122880       |
| train/                  |              |
|    approx_kl            | 0.0048649367 |
|    clip_fraction        | 0.0829       |
|    clip_range           | 0.15         |
|    entropy_loss         | -2.3         |
|    explained_variance   | 0.697        |
|    learning_rate        | 0.0002       |
|    loss                 | 0.0114       |
|    n_updates            | 20           |
|    policy_gradient_loss | -0.00386     |
|    value_loss           | 0.0505       |
------------------------------------------
------------------------------------------
| rollout/                |              |
|    ep_len_mean          | 1.06e+03     |
|    ep_rew_mean          | -8.54        |
| time/                   |              |
|    fps                  | 646          |
|    iterations           | 6            |
|    time_elapsed         | 228          |
|    total_timesteps      | 147456       |
| train/                  |              |
|    approx_kl            | 0.0062341057 |
|    clip_fraction        | 0.109        |
|    clip_range           | 0.15         |
|    entropy_loss         | -2.32        |
|    explained_variance   | 0.824        |
|    learning_rate        | 0.0002       |
|    loss                 | -0.00791     |
|    n_updates            | 25           |
|    policy_gradient_loss | -0.005       |
|    value_loss           | 0.0197       |
------------------------------------------
----------------------------------------
| rollout/                |            |
|    ep_len_mean          | 1.22e+03   |
|    ep_rew_mean          | -11        |
| time/                   |            |
|    fps                  | 644        |
|    iterations           | 7          |
|    time_elapsed         | 266        |
|    total_timesteps      | 172032     |
| train/                  |            |
|    approx_kl            | 0.00528915 |
|    clip_fraction        | 0.0844     |
|    clip_range           | 0.15       |
|    entropy_loss         | -2.4       |
|    explained_variance   | 0.897      |
|    learning_rate        | 0.0002     |
|    loss                 | -0.00448   |
|    n_updates            | 30         |
|    policy_gradient_loss | -0.00499   |
|    value_loss           | 0.0191     |
----------------------------------------
------------------------------------------
| rollout/                |              |
|    ep_len_mean          | 1.39e+03     |
|    ep_rew_mean          | -12.8        |
| time/                   |              |
|    fps                  | 642          |
|    iterations           | 8            |
|    time_elapsed         | 306          |
|    total_timesteps      | 196608       |
| train/                  |              |
|    approx_kl            | 0.0056475997 |
|    clip_fraction        | 0.0999       |
|    clip_range           | 0.15         |
|    entropy_loss         | -2.32        |
|    explained_variance   | 0.875        |
|    learning_rate        | 0.0002       |
|    loss                 | -0.00743     |
|    n_updates            | 35           |
|    policy_gradient_loss | -0.00555     |
|    value_loss           | 0.0147       |
------------------------------------------
---------------------------------------
| rollout/                |           |
|    ep_len_mean          | 1.5e+03   |
|    ep_rew_mean          | -11.6     |
| time/                   |           |
|    fps                  | 641       |
|    iterations           | 9         |
|    time_elapsed         | 345       |
|    total_timesteps      | 221184    |
| train/                  |           |
|    approx_kl            | 0.0054495 |
|    clip_fraction        | 0.0746    |
|    clip_range           | 0.15      |
|    entropy_loss         | -2.36     |
|    explained_variance   | 0.876     |
|    learning_rate        | 0.0002    |
|    loss                 | 0.0115    |
|    n_updates            | 40        |
|    policy_gradient_loss | -0.00441  |
|    value_loss           | 0.0375    |
---------------------------------------
------------------------------------------
| rollout/                |              |
|    ep_len_mean          | 850          |
|    ep_rew_mean          | 4.17         |
| time/                   |              |
|    fps                  | 640          |
|    iterations           | 10           |
|    time_elapsed         | 383          |
|    total_timesteps      | 245760       |
| train/                  |              |
|    approx_kl            | 0.0055068973 |
|    clip_fraction        | 0.0809       |
|    clip_range           | 0.15         |
|    entropy_loss         | -2.38        |
|    explained_variance   | 0.853        |
|    learning_rate        | 0.0002       |
|    loss                 | 0.00745      |
|    n_updates            | 45           |
|    policy_gradient_loss | -0.00581     |
|    value_loss           | 0.0436       |
------------------------------------------
------------------------------------------
| rollout/                |              |
|    ep_len_mean          | 604          |
|    ep_rew_mean          | 9.76         |
| time/                   |              |
|    fps                  | 638          |
|    iterations           | 11           |
|    time_elapsed         | 423          |
|    total_timesteps      | 270336       |
| train/                  |              |
|    approx_kl            | 0.0056411256 |
|    clip_fraction        | 0.0832       |
|    clip_range           | 0.15         |
|    entropy_loss         | -2.37        |
|    explained_variance   | 0.881        |
|    learning_rate        | 0.0002       |
|    loss                 | 0.00594      |
|    n_updates            | 50           |
|    policy_gradient_loss | -0.00475     |
|    value_loss           | 0.0435       |
------------------------------------------
-----------------------------------------
| rollout/                |             |
|    ep_len_mean          | 515         |
|    ep_rew_mean          | 11.3        |
| time/                   |             |
|    fps                  | 639         |
|    iterations           | 12          |
|    time_elapsed         | 461         |
|    total_timesteps      | 294912      |
| train/                  |             |
|    approx_kl            | 0.005514171 |
|    clip_fraction        | 0.0899      |
|    clip_range           | 0.15        |
|    entropy_loss         | -2.38       |
|    explained_variance   | 0.899       |
|    learning_rate        | 0.0002      |
|    loss                 | 0.00326     |
|    n_updates            | 55          |
|    policy_gradient_loss | -0.00591    |
|    value_loss           | 0.0394      |
-----------------------------------------
------------------------------------------
| rollout/                |              |
|    ep_len_mean          | 503          |
|    ep_rew_mean          | 12.6         |
| time/                   |              |
|    fps                  | 639          |
|    iterations           | 13           |
|    time_elapsed         | 499          |
|    total_timesteps      | 319488       |
| train/                  |              |
|    approx_kl            | 0.0048166346 |
|    clip_fraction        | 0.0611       |
|    clip_range           | 0.15         |
|    entropy_loss         | -2.39        |
|    explained_variance   | 0.892        |
|    learning_rate        | 0.0002       |
|    loss                 | 0.00285      |
|    n_updates            | 60           |
|    policy_gradient_loss | -0.00438     |
|    value_loss           | 0.042        |
------------------------------------------
------------------------------------------
| rollout/                |              |
|    ep_len_mean          | 546          |
|    ep_rew_mean          | 13.4         |
| time/                   |              |
|    fps                  | 639          |
|    iterations           | 14           |
|    time_elapsed         | 537          |
|    total_timesteps      | 344064       |
| train/                  |              |
|    approx_kl            | 0.0053516347 |
|    clip_fraction        | 0.0883       |
|    clip_range           | 0.15         |
|    entropy_loss         | -2.41        |
|    explained_variance   | 0.928        |
|    learning_rate        | 0.0002       |
|    loss                 | 0.00459      |
|    n_updates            | 65           |
|    policy_gradient_loss | -0.00496     |
|    value_loss           | 0.031        |
------------------------------------------
------------------------------------------
| rollout/                |              |
|    ep_len_mean          | 512          |
|    ep_rew_mean          | 14.7         |
| time/                   |              |
|    fps                  | 639          |
|    iterations           | 15           |
|    time_elapsed         | 576          |
|    total_timesteps      | 368640       |
| train/                  |              |
|    approx_kl            | 0.0052838083 |
|    clip_fraction        | 0.0788       |
|    clip_range           | 0.15         |
|    entropy_loss         | -2.42        |
|    explained_variance   | 0.924        |
|    learning_rate        | 0.0002       |
|    loss                 | 0.0139       |
|    n_updates            | 70           |
|    policy_gradient_loss | -0.00491     |
|    value_loss           | 0.0372       |
------------------------------------------
------------------------------------------
| rollout/                |              |
|    ep_len_mean          | 439          |
|    ep_rew_mean          | 15.2         |
| time/                   |              |
|    fps                  | 639          |
|    iterations           | 16           |
|    time_elapsed         | 615          |
|    total_timesteps      | 393216       |
| train/                  |              |
|    approx_kl            | 0.0050447006 |
|    clip_fraction        | 0.0786       |
|    clip_range           | 0.15         |
|    entropy_loss         | -2.4         |
|    explained_variance   | 0.907        |
|    learning_rate        | 0.0002       |
|    loss                 | 0.00332      |
|    n_updates            | 75           |
|    policy_gradient_loss | -0.00458     |
|    value_loss           | 0.0447       |
------------------------------------------
------------------------------------------
| rollout/                |              |
|    ep_len_mean          | 399          |
|    ep_rew_mean          | 15.2         |
| time/                   |              |
|    fps                  | 639          |
|    iterations           | 17           |
|    time_elapsed         | 653          |
|    total_timesteps      | 417792       |
| train/                  |              |
|    approx_kl            | 0.0050996286 |
|    clip_fraction        | 0.0787       |
|    clip_range           | 0.15         |
|    entropy_loss         | -2.39        |
|    explained_variance   | 0.912        |
|    learning_rate        | 0.0002       |
|    loss                 | 0.00347      |
|    n_updates            | 80           |
|    policy_gradient_loss | -0.00507     |
|    value_loss           | 0.0419       |
------------------------------------------
-----------------------------------------
| rollout/                |             |
|    ep_len_mean          | 376         |
|    ep_rew_mean          | 15.9        |
| time/                   |             |
|    fps                  | 639         |
|    iterations           | 18          |
|    time_elapsed         | 691         |
|    total_timesteps      | 442368      |
| train/                  |             |
|    approx_kl            | 0.005156456 |
|    clip_fraction        | 0.0809      |
|    clip_range           | 0.15        |
|    entropy_loss         | -2.37       |
|    explained_variance   | 0.926       |
|    learning_rate        | 0.0002      |
|    loss                 | 0.00951     |
|    n_updates            | 85          |
|    policy_gradient_loss | -0.0046     |
|    value_loss           | 0.0481      |
-----------------------------------------
------------------------------------------
| rollout/                |              |
|    ep_len_mean          | 452          |
|    ep_rew_mean          | 16.5         |
| time/                   |              |
|    fps                  | 638          |
|    iterations           | 19           |
|    time_elapsed         | 730          |
|    total_timesteps      | 466944       |
| train/                  |              |
|    approx_kl            | 0.0053697308 |
|    clip_fraction        | 0.088        |
|    clip_range           | 0.15         |
|    entropy_loss         | -2.33        |
|    explained_variance   | 0.934        |
|    learning_rate        | 0.0002       |
|    loss                 | 0.00557      |
|    n_updates            | 90           |
|    policy_gradient_loss | -0.00574     |
|    value_loss           | 0.0416       |
------------------------------------------
------------------------------------------
| rollout/                |              |
|    ep_len_mean          | 436          |
|    ep_rew_mean          | 17.5         |
| time/                   |              |
|    fps                  | 638          |
|    iterations           | 20           |
|    time_elapsed         | 769          |
|    total_timesteps      | 491520       |
| train/                  |              |
|    approx_kl            | 0.0055334307 |
|    clip_fraction        | 0.0978       |
|    clip_range           | 0.15         |
|    entropy_loss         | -2.32        |
|    explained_variance   | 0.947        |
|    learning_rate        | 0.0002       |
|    loss                 | 0.00615      |
|    n_updates            | 95           |
|    policy_gradient_loss | -0.00541     |
|    value_loss           | 0.0364       |
------------------------------------------
[Checkpoint] Saved at 500000 steps > C:\realnewdisciples\Big_map\campaign_checkpoints\offline-1780702398\campaign_ppo_step_500000.zip
------------------------------------------
| rollout/                |              |
|    ep_len_mean          | 395          |
|    ep_rew_mean          | 18.8         |
| time/                   |              |
|    fps                  | 638          |
|    iterations           | 21           |
|    time_elapsed         | 807          |
|    total_timesteps      | 516096       |
| train/                  |              |
|    approx_kl            | 0.0053923093 |
|    clip_fraction        | 0.0831       |
|    clip_range           | 0.15         |
|    entropy_loss         | -2.26        |
|    explained_variance   | 0.95         |
|    learning_rate        | 0.0002       |
|    loss                 | 0.00565      |
|    n_updates            | 100          |
|    policy_gradient_loss | -0.00464     |
|    value_loss           | 0.0452       |
------------------------------------------
-----------------------------------------
| rollout/                |             |
|    ep_len_mean          | 467         |
|    ep_rew_mean          | 17.9        |
| time/                   |             |
|    fps                  | 639         |
|    iterations           | 22          |
|    time_elapsed         | 845         |
|    total_timesteps      | 540672      |
| train/                  |             |
|    approx_kl            | 0.004716894 |
|    clip_fraction        | 0.0823      |
|    clip_range           | 0.15        |
|    entropy_loss         | -2.21       |
|    explained_variance   | 0.934       |
|    learning_rate        | 0.0002      |
|    loss                 | 0.0154      |
|    n_updates            | 105         |
|    policy_gradient_loss | -0.00408    |
|    value_loss           | 0.0581      |
-----------------------------------------
-----------------------------------------
| rollout/                |             |
|    ep_len_mean          | 256         |
|    ep_rew_mean          | 17.9        |
| time/                   |             |
|    fps                  | 639         |
|    iterations           | 23          |
|    time_elapsed         | 883         |
|    total_timesteps      | 565248      |
| train/                  |             |
|    approx_kl            | 0.004809018 |
|    clip_fraction        | 0.0712      |
|    clip_range           | 0.15        |
|    entropy_loss         | -2.21       |
|    explained_variance   | 0.91        |
|    learning_rate        | 0.0002      |
|    loss                 | 0.0309      |
|    n_updates            | 110         |
|    policy_gradient_loss | -0.00367    |
|    value_loss           | 0.0708      |
-----------------------------------------
------------------------------------------
| rollout/                |              |
|    ep_len_mean          | 334          |
|    ep_rew_mean          | 17.6         |
| time/                   |              |
|    fps                  | 639          |
|    iterations           | 24           |
|    time_elapsed         | 922          |
|    total_timesteps      | 589824       |
| train/                  |              |
|    approx_kl            | 0.0049495217 |
|    clip_fraction        | 0.0713       |
|    clip_range           | 0.15         |
|    entropy_loss         | -2.21        |
|    explained_variance   | 0.905        |
|    learning_rate        | 0.0002       |
|    loss                 | 0.0236       |
|    n_updates            | 115          |
|    policy_gradient_loss | -0.00404     |
|    value_loss           | 0.0775       |
------------------------------------------
-----------------------------------------
| rollout/                |             |
|    ep_len_mean          | 372         |
|    ep_rew_mean          | 18.5        |
| time/                   |             |
|    fps                  | 639         |
|    iterations           | 25          |
|    time_elapsed         | 960         |
|    total_timesteps      | 614400      |
| train/                  |             |
|    approx_kl            | 0.005208852 |
|    clip_fraction        | 0.0866      |
|    clip_range           | 0.15        |
|    entropy_loss         | -2.23       |
|    explained_variance   | 0.938       |
|    learning_rate        | 0.0002      |
|    loss                 | 0.0105      |
|    n_updates            | 120         |
|    policy_gradient_loss | -0.00458    |
|    value_loss           | 0.0519      |
-----------------------------------------
------------------------------------------
| rollout/                |              |
|    ep_len_mean          | 467          |
|    ep_rew_mean          | 21.1         |
| time/                   |              |
|    fps                  | 639          |
|    iterations           | 26           |
|    time_elapsed         | 999          |
|    total_timesteps      | 638976       |
| train/                  |              |
|    approx_kl            | 0.0048269383 |
|    clip_fraction        | 0.0609       |
|    clip_range           | 0.15         |
|    entropy_loss         | -2.24        |
|    explained_variance   | 0.945        |
|    learning_rate        | 0.0002       |
|    loss                 | 0.00813      |
|    n_updates            | 125          |
|    policy_gradient_loss | -0.00333     |
|    value_loss           | 0.0424       |
------------------------------------------
-----------------------------------------
| rollout/                |             |
|    ep_len_mean          | 630         |
|    ep_rew_mean          | 24.3        |
| time/                   |             |
|    fps                  | 638         |
|    iterations           | 27          |
|    time_elapsed         | 1039        |
|    total_timesteps      | 663552      |
| train/                  |             |
|    approx_kl            | 0.004789489 |
|    clip_fraction        | 0.0775      |
|    clip_range           | 0.15        |
|    entropy_loss         | -2.2        |
|    explained_variance   | 0.927       |
|    learning_rate        | 0.0002      |
|    loss                 | 0.0174      |
|    n_updates            | 130         |
|    policy_gradient_loss | -0.00394    |
|    value_loss           | 0.0576      |
-----------------------------------------
------------------------------------------
| rollout/                |              |
|    ep_len_mean          | 534          |
|    ep_rew_mean          | 27           |
| time/                   |              |
|    fps                  | 638          |
|    iterations           | 28           |
|    time_elapsed         | 1077         |
|    total_timesteps      | 688128       |
| train/                  |              |
|    approx_kl            | 0.0049450006 |
|    clip_fraction        | 0.0838       |
|    clip_range           | 0.15         |
|    entropy_loss         | -2.21        |
|    explained_variance   | 0.927        |
|    learning_rate        | 0.0002       |
|    loss                 | 0.0149       |
|    n_updates            | 135          |
|    policy_gradient_loss | -0.00406     |
|    value_loss           | 0.0515       |
------------------------------------------
-----------------------------------------
| rollout/                |             |
|    ep_len_mean          | 347         |
|    ep_rew_mean          | 26.3        |
| time/                   |             |
|    fps                  | 638         |
|    iterations           | 29          |
|    time_elapsed         | 1116        |
|    total_timesteps      | 712704      |
| train/                  |             |
|    approx_kl            | 0.004989651 |
|    clip_fraction        | 0.0843      |
|    clip_range           | 0.15        |
|    entropy_loss         | -2.14       |
|    explained_variance   | 0.903       |
|    learning_rate        | 0.0002      |
|    loss                 | 0.0203      |
|    n_updates            | 140         |
|    policy_gradient_loss | -0.00503    |
|    value_loss           | 0.0701      |
-----------------------------------------
-----------------------------------------
| rollout/                |             |
|    ep_len_mean          | 401         |
|    ep_rew_mean          | 28.2        |
| time/                   |             |
|    fps                  | 638         |
|    iterations           | 30          |
|    time_elapsed         | 1154        |
|    total_timesteps      | 737280      |
| train/                  |             |
|    approx_kl            | 0.004782772 |
|    clip_fraction        | 0.0689      |
|    clip_range           | 0.15        |
|    entropy_loss         | -2.1        |
|    explained_variance   | 0.894       |
|    learning_rate        | 0.0002      |
|    loss                 | 0.0214      |
|    n_updates            | 145         |
|    policy_gradient_loss | -0.00382    |
|    value_loss           | 0.0734      |
-----------------------------------------
------------------------------------------
| rollout/                |              |
|    ep_len_mean          | 351          |
|    ep_rew_mean          | 26.2         |
| time/                   |              |
|    fps                  | 638          |
|    iterations           | 31           |
|    time_elapsed         | 1192         |
|    total_timesteps      | 761856       |
| train/                  |              |
|    approx_kl            | 0.0054243486 |
|    clip_fraction        | 0.0906       |
|    clip_range           | 0.15         |
|    entropy_loss         | -2.1         |
|    explained_variance   | 0.906        |
|    learning_rate        | 0.0002       |
|    loss                 | 0.0181       |
|    n_updates            | 150          |
|    policy_gradient_loss | -0.00535     |
|    value_loss           | 0.0687       |
------------------------------------------
-----------------------------------------
| rollout/                |             |
|    ep_len_mean          | 430         |
|    ep_rew_mean          | 30.5        |
| time/                   |             |
|    fps                  | 638         |
|    iterations           | 32          |
|    time_elapsed         | 1232        |
|    total_timesteps      | 786432      |
| train/                  |             |
|    approx_kl            | 0.005334925 |
|    clip_fraction        | 0.0843      |
|    clip_range           | 0.15        |
|    entropy_loss         | -2.09       |
|    explained_variance   | 0.906       |
|    learning_rate        | 0.0002      |
|    loss                 | 0.0152      |
|    n_updates            | 155         |
|    policy_gradient_loss | -0.00507    |
|    value_loss           | 0.0738      |
-----------------------------------------
------------------------------------------
| rollout/                |              |
|    ep_len_mean          | 400          |
|    ep_rew_mean          | 32.7         |
| time/                   |              |
|    fps                  | 637          |
|    iterations           | 33           |
|    time_elapsed         | 1273         |
|    total_timesteps      | 811008       |
| train/                  |              |
|    approx_kl            | 0.0044732345 |
|    clip_fraction        | 0.0691       |
|    clip_range           | 0.15         |
|    entropy_loss         | -2.1         |
|    explained_variance   | 0.907        |
|    learning_rate        | 0.0002       |
|    loss                 | 0.0171       |
|    n_updates            | 160          |
|    policy_gradient_loss | -0.00383     |
|    value_loss           | 0.0691       |
------------------------------------------
-----------------------------------------
| rollout/                |             |
|    ep_len_mean          | 338         |
|    ep_rew_mean          | 30.9        |
| time/                   |             |
|    fps                  | 635         |
|    iterations           | 34          |
|    time_elapsed         | 1314        |
|    total_timesteps      | 835584      |
| train/                  |             |
|    approx_kl            | 0.004422017 |
|    clip_fraction        | 0.0629      |
|    clip_range           | 0.15        |
|    entropy_loss         | -2          |
|    explained_variance   | 0.885       |
|    learning_rate        | 0.0002      |
|    loss                 | 0.0237      |
|    n_updates            | 165         |
|    policy_gradient_loss | -0.00337    |
|    value_loss           | 0.0769      |
-----------------------------------------
-----------------------------------------
| rollout/                |             |
|    ep_len_mean          | 350         |
|    ep_rew_mean          | 31.4        |
| time/                   |             |
|    fps                  | 635         |
|    iterations           | 35          |
|    time_elapsed         | 1353        |
|    total_timesteps      | 860160      |
| train/                  |             |
|    approx_kl            | 0.004375081 |
|    clip_fraction        | 0.0772      |
|    clip_range           | 0.15        |
|    entropy_loss         | -2.01       |
|    explained_variance   | 0.881       |
|    learning_rate        | 0.0002      |
|    loss                 | 0.0318      |
|    n_updates            | 170         |
|    policy_gradient_loss | -0.00413    |
|    value_loss           | 0.0856      |
-----------------------------------------
-----------------------------------------
| rollout/                |             |
|    ep_len_mean          | 441         |
|    ep_rew_mean          | 33.5        |
| time/                   |             |
|    fps                  | 635         |
|    iterations           | 36          |
|    time_elapsed         | 1391        |
|    total_timesteps      | 884736      |
| train/                  |             |
|    approx_kl            | 0.004888296 |
|    clip_fraction        | 0.0619      |
|    clip_range           | 0.15        |
|    entropy_loss         | -2.05       |
|    explained_variance   | 0.9         |
|    learning_rate        | 0.0002      |
|    loss                 | 0.0233      |
|    n_updates            | 175         |
|    policy_gradient_loss | -0.00344    |
|    value_loss           | 0.0712      |
-----------------------------------------
-----------------------------------------
| rollout/                |             |
|    ep_len_mean          | 493         |
|    ep_rew_mean          | 36.4        |
| time/                   |             |
|    fps                  | 635         |
|    iterations           | 37          |
|    time_elapsed         | 1430        |
|    total_timesteps      | 909312      |
| train/                  |             |
|    approx_kl            | 0.005243648 |
|    clip_fraction        | 0.0738      |
|    clip_range           | 0.15        |
|    entropy_loss         | -2.08       |
|    explained_variance   | 0.911       |
|    learning_rate        | 0.0002      |
|    loss                 | 0.02        |
|    n_updates            | 180         |
|    policy_gradient_loss | -0.00413    |
|    value_loss           | 0.0598      |
-----------------------------------------
------------------------------------------
| rollout/                |              |
|    ep_len_mean          | 572          |
|    ep_rew_mean          | 40.4         |
| time/                   |              |
|    fps                  | 635          |
|    iterations           | 38           |
|    time_elapsed         | 1469         |
|    total_timesteps      | 933888       |
| train/                  |              |
|    approx_kl            | 0.0040789503 |
|    clip_fraction        | 0.0574       |
|    clip_range           | 0.15         |
|    entropy_loss         | -2.01        |
|    explained_variance   | 0.874        |
|    learning_rate        | 0.0002       |
|    loss                 | 0.0225       |
|    n_updates            | 185          |
|    policy_gradient_loss | -0.00321     |
|    value_loss           | 0.0931       |
------------------------------------------
-----------------------------------------
| rollout/                |             |
|    ep_len_mean          | 597         |
|    ep_rew_mean          | 38.7        |
| time/                   |             |
|    fps                  | 635         |
|    iterations           | 39          |
|    time_elapsed         | 1507        |
|    total_timesteps      | 958464      |
| train/                  |             |
|    approx_kl            | 0.004295034 |
|    clip_fraction        | 0.0567      |
|    clip_range           | 0.15        |
|    entropy_loss         | -2.01       |
|    explained_variance   | 0.916       |
|    learning_rate        | 0.0002      |
|    loss                 | 0.0161      |
|    n_updates            | 190         |
|    policy_gradient_loss | -0.0026     |
|    value_loss           | 0.0619      |
-----------------------------------------
------------------------------------------
| rollout/                |              |
|    ep_len_mean          | 677          |
|    ep_rew_mean          | 41.1         |
| time/                   |              |
|    fps                  | 635          |
|    iterations           | 40           |
|    time_elapsed         | 1545         |
|    total_timesteps      | 983040       |
| train/                  |              |
|    approx_kl            | 0.0044415854 |
|    clip_fraction        | 0.0568       |
|    clip_range           | 0.15         |
|    entropy_loss         | -2.01        |
|    explained_variance   | 0.908        |
|    learning_rate        | 0.0002       |
|    loss                 | 0.0194       |
|    n_updates            | 195          |
|    policy_gradient_loss | -0.0034      |
|    value_loss           | 0.0697       |
------------------------------------------
[Checkpoint] Saved at 1000000 steps > C:\realnewdisciples\Big_map\campaign_checkpoints\offline-1780702398\campaign_ppo_step_1000000.zip
-----------------------------------------
| rollout/                |             |
|    ep_len_mean          | 768         |
|    ep_rew_mean          | 45.5        |
| time/                   |             |
|    fps                  | 635         |
|    iterations           | 41          |
|    time_elapsed         | 1584        |
|    total_timesteps      | 1007616     |
| train/                  |             |
|    approx_kl            | 0.004845293 |
|    clip_fraction        | 0.0681      |
|    clip_range           | 0.15        |
|    entropy_loss         | -2.03       |
|    explained_variance   | 0.859       |
|    learning_rate        | 0.0002      |
|    loss                 | 0.0206      |
|    n_updates            | 200         |
|    policy_gradient_loss | -0.00359    |
|    value_loss           | 0.0767      |
-----------------------------------------
------------------------------------------
| rollout/                |              |
|    ep_len_mean          | 651          |
|    ep_rew_mean          | 48.6         |
| time/                   |              |
|    fps                  | 635          |
|    iterations           | 42           |
|    time_elapsed         | 1623         |
|    total_timesteps      | 1032192      |
| train/                  |              |
|    approx_kl            | 0.0044314996 |
|    clip_fraction        | 0.0635       |
|    clip_range           | 0.15         |
|    entropy_loss         | -2           |
|    explained_variance   | 0.824        |
|    learning_rate        | 0.0002       |
|    loss                 | 0.101        |
|    n_updates            | 205          |
|    policy_gradient_loss | -0.00314     |
|    value_loss           | 0.0942       |
------------------------------------------
----------------------------------------
| rollout/                |            |
|    ep_len_mean          | 578        |
|    ep_rew_mean          | 47.9       |
| time/                   |            |
|    fps                  | 635        |
|    iterations           | 43         |
|    time_elapsed         | 1662       |
|    total_timesteps      | 1056768    |
| train/                  |            |
|    approx_kl            | 0.00427689 |
|    clip_fraction        | 0.0634     |
|    clip_range           | 0.15       |
|    entropy_loss         | -2.01      |
|    explained_variance   | 0.872      |
|    learning_rate        | 0.0002     |
|    loss                 | 0.0189     |
|    n_updates            | 210        |
|    policy_gradient_loss | -0.00275   |
|    value_loss           | 0.0781     |
----------------------------------------
------------------------------------------
| rollout/                |              |
|    ep_len_mean          | 658          |
|    ep_rew_mean          | 47.2         |
| time/                   |              |
|    fps                  | 635          |
|    iterations           | 44           |
|    time_elapsed         | 1700         |
|    total_timesteps      | 1081344      |
| train/                  |              |
|    approx_kl            | 0.0040489123 |
|    clip_fraction        | 0.0576       |
|    clip_range           | 0.15         |
|    entropy_loss         | -2.08        |
|    explained_variance   | 0.905        |
|    learning_rate        | 0.0002       |
|    loss                 | 0.0148       |
|    n_updates            | 215          |
|    policy_gradient_loss | -0.00302     |
|    value_loss           | 0.0617       |
------------------------------------------
------------------------------------------
| rollout/                |              |
|    ep_len_mean          | 706          |
|    ep_rew_mean          | 45.9         |
| time/                   |              |
|    fps                  | 636          |
|    iterations           | 45           |
|    time_elapsed         | 1738         |
|    total_timesteps      | 1105920      |
| train/                  |              |
|    approx_kl            | 0.0046681208 |
|    clip_fraction        | 0.0789       |
|    clip_range           | 0.15         |
|    entropy_loss         | -2.01        |
|    explained_variance   | 0.912        |
|    learning_rate        | 0.0002       |
|    loss                 | 0.0149       |
|    n_updates            | 220          |
|    policy_gradient_loss | -0.0032      |
|    value_loss           | 0.0653       |
------------------------------------------
-----------------------------------------
| rollout/                |             |
|    ep_len_mean          | 810         |
|    ep_rew_mean          | 50.9        |
| time/                   |             |
|    fps                  | 636         |
|    iterations           | 46          |
|    time_elapsed         | 1777        |
|    total_timesteps      | 1130496     |
| train/                  |             |
|    approx_kl            | 0.004148617 |
|    clip_fraction        | 0.0531      |
|    clip_range           | 0.15        |
|    entropy_loss         | -2.06       |
|    explained_variance   | 0.894       |
|    learning_rate        | 0.0002      |
|    loss                 | 0.0157      |
|    n_updates            | 225         |
|    policy_gradient_loss | -0.00279    |
|    value_loss           | 0.059       |
-----------------------------------------
-----------------------------------------
| rollout/                |             |
|    ep_len_mean          | 851         |
|    ep_rew_mean          | 57.8        |
| time/                   |             |
|    fps                  | 635         |
|    iterations           | 47          |
|    time_elapsed         | 1816        |
|    total_timesteps      | 1155072     |
| train/                  |             |
|    approx_kl            | 0.004803644 |
|    clip_fraction        | 0.0632      |
|    clip_range           | 0.15        |
|    entropy_loss         | -2.08       |
|    explained_variance   | 0.88        |
|    learning_rate        | 0.0002      |
|    loss                 | 0.0516      |
|    n_updates            | 230         |
|    policy_gradient_loss | -0.00316    |
|    value_loss           | 0.0745      |
-----------------------------------------
------------------------------------------
| rollout/                |              |
|    ep_len_mean          | 899          |
|    ep_rew_mean          | 58.2         |
| time/                   |              |
|    fps                  | 635          |
|    iterations           | 48           |
|    time_elapsed         | 1855         |
|    total_timesteps      | 1179648      |
| train/                  |              |
|    approx_kl            | 0.0044920426 |
|    clip_fraction        | 0.0598       |
|    clip_range           | 0.15         |
|    entropy_loss         | -2           |
|    explained_variance   | 0.918        |
|    learning_rate        | 0.0002       |
|    loss                 | 0.024        |
|    n_updates            | 235          |
|    policy_gradient_loss | -0.00223     |
|    value_loss           | 0.0599       |
------------------------------------------
------------------------------------------
| rollout/                |              |
|    ep_len_mean          | 920          |
|    ep_rew_mean          | 61.6         |
| time/                   |              |
|    fps                  | 635          |
|    iterations           | 49           |
|    time_elapsed         | 1894         |
|    total_timesteps      | 1204224      |
| train/                  |              |
|    approx_kl            | 0.0041921115 |
|    clip_fraction        | 0.0598       |
|    clip_range           | 0.15         |
|    entropy_loss         | -2.01        |
|    explained_variance   | 0.921        |
|    learning_rate        | 0.0002       |
|    loss                 | 0.0125       |
|    n_updates            | 240          |
|    policy_gradient_loss | -0.00285     |
|    value_loss           | 0.0547       |
------------------------------------------
-----------------------------------------
| rollout/                |             |
|    ep_len_mean          | 865         |
|    ep_rew_mean          | 58.2        |
| time/                   |             |
|    fps                  | 635         |
|    iterations           | 50          |
|    time_elapsed         | 1932        |
|    total_timesteps      | 1228800     |
| train/                  |             |
|    approx_kl            | 0.004348896 |
|    clip_fraction        | 0.0674      |
|    clip_range           | 0.15        |
|    entropy_loss         | -1.98       |
|    explained_variance   | 0.92        |
|    learning_rate        | 0.0002      |
|    loss                 | 0.0157      |
|    n_updates            | 245         |
|    policy_gradient_loss | -0.00318    |
|    value_loss           | 0.0578      |
-----------------------------------------
------------------------------------------
| rollout/                |              |
|    ep_len_mean          | 846          |
|    ep_rew_mean          | 63.8         |
| time/                   |              |
|    fps                  | 635          |
|    iterations           | 51           |
|    time_elapsed         | 1970         |
|    total_timesteps      | 1253376      |
| train/                  |              |
|    approx_kl            | 0.0044657993 |
|    clip_fraction        | 0.0577       |
|    clip_range           | 0.15         |
|    entropy_loss         | -2.01        |
|    explained_variance   | 0.885        |
|    learning_rate        | 0.0002       |
|    loss                 | 0.0175       |
|    n_updates            | 250          |
|    policy_gradient_loss | -0.00258     |
|    value_loss           | 0.0772       |
------------------------------------------
-----------------------------------------
| rollout/                |             |
|    ep_len_mean          | 932         |
|    ep_rew_mean          | 67.4        |
| time/                   |             |
|    fps                  | 636         |
|    iterations           | 52          |
|    time_elapsed         | 2009        |
|    total_timesteps      | 1277952     |
| train/                  |             |
|    approx_kl            | 0.004833277 |
|    clip_fraction        | 0.0786      |
|    clip_range           | 0.15        |
|    entropy_loss         | -1.98       |
|    explained_variance   | 0.901       |
|    learning_rate        | 0.0002      |
|    loss                 | 0.0314      |
|    n_updates            | 255         |
|    policy_gradient_loss | -0.00327    |
|    value_loss           | 0.0834      |
-----------------------------------------
------------------------------------------
| rollout/                |              |
|    ep_len_mean          | 923          |
|    ep_rew_mean          | 69.5         |
| time/                   |              |
|    fps                  | 636          |
|    iterations           | 53           |
|    time_elapsed         | 2047         |
|    total_timesteps      | 1302528      |
| train/                  |              |
|    approx_kl            | 0.0044237003 |
|    clip_fraction        | 0.0612       |
|    clip_range           | 0.15         |
|    entropy_loss         | -1.97        |
|    explained_variance   | 0.887        |
|    learning_rate        | 0.0002       |
|    loss                 | 0.0242       |
|    n_updates            | 260          |
|    policy_gradient_loss | -0.00278     |
|    value_loss           | 0.0901       |
------------------------------------------
-----------------------------------------
| rollout/                |             |
|    ep_len_mean          | 861         |
|    ep_rew_mean          | 65          |
| time/                   |             |
|    fps                  | 636         |
|    iterations           | 54          |
|    time_elapsed         | 2086        |
|    total_timesteps      | 1327104     |
| train/                  |             |
|    approx_kl            | 0.004294518 |
|    clip_fraction        | 0.0671      |
|    clip_range           | 0.15        |
|    entropy_loss         | -1.97       |
|    explained_variance   | 0.875       |
|    learning_rate        | 0.0002      |
|    loss                 | 0.0305      |
|    n_updates            | 265         |
|    policy_gradient_loss | -0.00299    |
|    value_loss           | 0.0822      |
-----------------------------------------
------------------------------------------
| rollout/                |              |
|    ep_len_mean          | 803          |
|    ep_rew_mean          | 67.8         |
| time/                   |              |
|    fps                  | 636          |
|    iterations           | 55           |
|    time_elapsed         | 2125         |
|    total_timesteps      | 1351680      |
| train/                  |              |
|    approx_kl            | 0.0046663503 |
|    clip_fraction        | 0.0764       |
|    clip_range           | 0.15         |
|    entropy_loss         | -1.95        |
|    explained_variance   | 0.911        |
|    learning_rate        | 0.0002       |
|    loss                 | 0.0116       |
|    n_updates            | 270          |
|    policy_gradient_loss | -0.00379     |
|    value_loss           | 0.078        |
------------------------------------------
------------------------------------------
| rollout/                |              |
|    ep_len_mean          | 841          |
|    ep_rew_mean          | 71.7         |
| time/                   |              |
|    fps                  | 636          |
|    iterations           | 56           |
|    time_elapsed         | 2163         |
|    total_timesteps      | 1376256      |
| train/                  |              |
|    approx_kl            | 0.0038672236 |
|    clip_fraction        | 0.0504       |
|    clip_range           | 0.15         |
|    entropy_loss         | -1.9         |
|    explained_variance   | 0.898        |
|    learning_rate        | 0.0002       |
|    loss                 | 0.026        |
|    n_updates            | 275          |
|    policy_gradient_loss | -0.00248     |
|    value_loss           | 0.08         |
------------------------------------------
------------------------------------------
| rollout/                |              |
|    ep_len_mean          | 873          |
|    ep_rew_mean          | 73.4         |
| time/                   |              |
|    fps                  | 636          |
|    iterations           | 57           |
|    time_elapsed         | 2202         |
|    total_timesteps      | 1400832      |
| train/                  |              |
|    approx_kl            | 0.0038668115 |
|    clip_fraction        | 0.0526       |
|    clip_range           | 0.15         |
|    entropy_loss         | -1.94        |
|    explained_variance   | 0.905        |
|    learning_rate        | 0.0002       |
|    loss                 | 0.0241       |
|    n_updates            | 280          |
|    policy_gradient_loss | -0.00278     |
|    value_loss           | 0.0719       |
------------------------------------------
------------------------------------------
| rollout/                |              |
|    ep_len_mean          | 1e+03        |
|    ep_rew_mean          | 82.4         |
| time/                   |              |
|    fps                  | 635          |
|    iterations           | 58           |
|    time_elapsed         | 2242         |
|    total_timesteps      | 1425408      |
| train/                  |              |
|    approx_kl            | 0.0042962017 |
|    clip_fraction        | 0.0537       |
|    clip_range           | 0.15         |
|    entropy_loss         | -1.98        |
|    explained_variance   | 0.915        |
|    learning_rate        | 0.0002       |
|    loss                 | 0.0367       |
|    n_updates            | 285          |
|    policy_gradient_loss | -0.00263     |
|    value_loss           | 0.0734       |
------------------------------------------
-----------------------------------------
| rollout/                |             |
|    ep_len_mean          | 1.02e+03    |
|    ep_rew_mean          | 85.2        |
| time/                   |             |
|    fps                  | 633         |
|    iterations           | 59          |
|    time_elapsed         | 2290        |
|    total_timesteps      | 1449984     |
| train/                  |             |
|    approx_kl            | 0.004379191 |
|    clip_fraction        | 0.0659      |
|    clip_range           | 0.15        |
|    entropy_loss         | -1.97       |
|    explained_variance   | 0.937       |
|    learning_rate        | 0.0002      |
|    loss                 | 0.019       |
|    n_updates            | 290         |
|    policy_gradient_loss | -0.00312    |
|    value_loss           | 0.0644      |
-----------------------------------------
------------------------------------------
| rollout/                |              |
|    ep_len_mean          | 1.03e+03     |
|    ep_rew_mean          | 87.3         |
| time/                   |              |
|    fps                  | 632          |
|    iterations           | 60           |
|    time_elapsed         | 2330         |
|    total_timesteps      | 1474560      |
| train/                  |              |
|    approx_kl            | 0.0038244706 |
|    clip_fraction        | 0.0557       |
|    clip_range           | 0.15         |
|    entropy_loss         | -1.87        |
|    explained_variance   | 0.907        |
|    learning_rate        | 0.0002       |
|    loss                 | 0.0134       |
|    n_updates            | 295          |
|    policy_gradient_loss | -0.00207     |
|    value_loss           | 0.0694       |
------------------------------------------
-----------------------------------------
| rollout/                |             |
|    ep_len_mean          | 1.04e+03    |
|    ep_rew_mean          | 87.1        |
| time/                   |             |
|    fps                  | 632         |
|    iterations           | 61          |
|    time_elapsed         | 2369        |
|    total_timesteps      | 1499136     |
| train/                  |             |
|    approx_kl            | 0.004024511 |
|    clip_fraction        | 0.0494      |
|    clip_range           | 0.15        |
|    entropy_loss         | -1.95       |
|    explained_variance   | 0.904       |
|    learning_rate        | 0.0002      |
|    loss                 | 0.0186      |
|    n_updates            | 300         |
|    policy_gradient_loss | -0.002      |
|    value_loss           | 0.0705      |
-----------------------------------------
[Checkpoint] Saved at 1500000 steps > C:\realnewdisciples\Big_map\campaign_checkpoints\offline-1780702398\campaign_ppo_step_1500000.zip
------------------------------------------
| rollout/                |              |
|    ep_len_mean          | 970          |
|    ep_rew_mean          | 82.2         |
| time/                   |              |
|    fps                  | 632          |
|    iterations           | 62           |
|    time_elapsed         | 2409         |
|    total_timesteps      | 1523712      |
| train/                  |              |
|    approx_kl            | 0.0047345064 |
|    clip_fraction        | 0.0638       |
|    clip_range           | 0.15         |
|    entropy_loss         | -1.89        |
|    explained_variance   | 0.941        |
|    learning_rate        | 0.0002       |
|    loss                 | 0.0167       |
|    n_updates            | 305          |
|    policy_gradient_loss | -0.00312     |
|    value_loss           | 0.0562       |
------------------------------------------
------------------------------------------
| rollout/                |              |
|    ep_len_mean          | 933          |
|    ep_rew_mean          | 77.7         |
| time/                   |              |
|    fps                  | 632          |
|    iterations           | 63           |
|    time_elapsed         | 2448         |
|    total_timesteps      | 1548288      |
| train/                  |              |
|    approx_kl            | 0.0038358402 |
|    clip_fraction        | 0.0544       |
|    clip_range           | 0.15         |
|    entropy_loss         | -1.81        |
|    explained_variance   | 0.926        |
|    learning_rate        | 0.0002       |
|    loss                 | 0.0231       |
|    n_updates            | 310          |
|    policy_gradient_loss | -0.00294     |
|    value_loss           | 0.0762       |
------------------------------------------
-----------------------------------------
| rollout/                |             |
|    ep_len_mean          | 888         |
|    ep_rew_mean          | 73.9        |
| time/                   |             |
|    fps                  | 632         |
|    iterations           | 64          |
|    time_elapsed         | 2488        |
|    total_timesteps      | 1572864     |
| train/                  |             |
|    approx_kl            | 0.004863016 |
|    clip_fraction        | 0.0803      |
|    clip_range           | 0.15        |
|    entropy_loss         | -1.89       |
|    explained_variance   | 0.901       |
|    learning_rate        | 0.0002      |
|    loss                 | 0.0299      |
|    n_updates            | 315         |
|    policy_gradient_loss | -0.00283    |
|    value_loss           | 0.0721      |
-----------------------------------------
------------------------------------------
| rollout/                |              |
|    ep_len_mean          | 889          |
|    ep_rew_mean          | 76.1         |
| time/                   |              |
|    fps                  | 632          |
|    iterations           | 65           |
|    time_elapsed         | 2526         |
|    total_timesteps      | 1597440      |
| train/                  |              |
|    approx_kl            | 0.0050357706 |
|    clip_fraction        | 0.0677       |
|    clip_range           | 0.15         |
|    entropy_loss         | -1.91        |
|    explained_variance   | 0.911        |
|    learning_rate        | 0.0002       |
|    loss                 | 0.0338       |
|    n_updates            | 320          |
|    policy_gradient_loss | -0.00214     |
|    value_loss           | 0.0815       |
------------------------------------------
------------------------------------------
| rollout/                |              |
|    ep_len_mean          | 862          |
|    ep_rew_mean          | 79.3         |
| time/                   |              |
|    fps                  | 632          |
|    iterations           | 66           |
|    time_elapsed         | 2564         |
|    total_timesteps      | 1622016      |
| train/                  |              |
|    approx_kl            | 0.0035314877 |
|    clip_fraction        | 0.0484       |
|    clip_range           | 0.15         |
|    entropy_loss         | -1.9         |
|    explained_variance   | 0.919        |
|    learning_rate        | 0.0002       |
|    loss                 | 0.0218       |
|    n_updates            | 325          |
|    policy_gradient_loss | -0.00166     |
|    value_loss           | 0.0756       |
------------------------------------------
----------------------------------------
| rollout/                |            |
|    ep_len_mean          | 1.04e+03   |
|    ep_rew_mean          | 88.6       |
| time/                   |            |
|    fps                  | 632        |
|    iterations           | 67         |
|    time_elapsed         | 2603       |
|    total_timesteps      | 1646592    |
| train/                  |            |
|    approx_kl            | 0.00464603 |
|    clip_fraction        | 0.0623     |
|    clip_range           | 0.15       |
|    entropy_loss         | -1.94      |
|    explained_variance   | 0.948      |
|    learning_rate        | 0.0002     |
|    loss                 | 0.0126     |
|    n_updates            | 330        |
|    policy_gradient_loss | -0.00304   |
|    value_loss           | 0.0528     |
----------------------------------------
-----------------------------------------
| rollout/                |             |
|    ep_len_mean          | 1.02e+03    |
|    ep_rew_mean          | 88.2        |
| time/                   |             |
|    fps                  | 632         |
|    iterations           | 68          |
|    time_elapsed         | 2641        |
|    total_timesteps      | 1671168     |
| train/                  |             |
|    approx_kl            | 0.004461426 |
|    clip_fraction        | 0.069       |
|    clip_range           | 0.15        |
|    entropy_loss         | -1.85       |
|    explained_variance   | 0.879       |
|    learning_rate        | 0.0002      |
|    loss                 | 0.0443      |
|    n_updates            | 335         |
|    policy_gradient_loss | -0.00316    |
|    value_loss           | 0.101       |
-----------------------------------------
------------------------------------------
| rollout/                |              |
|    ep_len_mean          | 1.12e+03     |
|    ep_rew_mean          | 88.8         |
| time/                   |              |
|    fps                  | 632          |
|    iterations           | 69           |
|    time_elapsed         | 2680         |
|    total_timesteps      | 1695744      |
| train/                  |              |
|    approx_kl            | 0.0039684386 |
|    clip_fraction        | 0.0481       |
|    clip_range           | 0.15         |
|    entropy_loss         | -1.88        |
|    explained_variance   | 0.928        |
|    learning_rate        | 0.0002       |
|    loss                 | 0.00148      |
|    n_updates            | 340          |
|    policy_gradient_loss | -0.002       |
|    value_loss           | 0.049        |
------------------------------------------
------------------------------------------
| rollout/                |              |
|    ep_len_mean          | 1.22e+03     |
|    ep_rew_mean          | 91.9         |
| time/                   |              |
|    fps                  | 632          |
|    iterations           | 70           |
|    time_elapsed         | 2719         |
|    total_timesteps      | 1720320      |
| train/                  |              |
|    approx_kl            | 0.0045704064 |
|    clip_fraction        | 0.0632       |
|    clip_range           | 0.15         |
|    entropy_loss         | -1.95        |
|    explained_variance   | 0.937        |
|    learning_rate        | 0.0002       |
|    loss                 | 0.0108       |
|    n_updates            | 345          |
|    policy_gradient_loss | -0.0029      |
|    value_loss           | 0.0499       |
------------------------------------------
-----------------------------------------
| rollout/                |             |
|    ep_len_mean          | 1.41e+03    |
|    ep_rew_mean          | 96          |
| time/                   |             |
|    fps                  | 632         |
|    iterations           | 71          |
|    time_elapsed         | 2759        |
|    total_timesteps      | 1744896     |
| train/                  |             |
|    approx_kl            | 0.003877754 |
|    clip_fraction        | 0.0637      |
|    clip_range           | 0.15        |
|    entropy_loss         | -1.89       |
|    explained_variance   | 0.921       |
|    learning_rate        | 0.0002      |
|    loss                 | 0.0139      |
|    n_updates            | 350         |
|    policy_gradient_loss | -0.00288    |
|    value_loss           | 0.0578      |
-----------------------------------------
------------------------------------------
| rollout/                |              |
|    ep_len_mean          | 1.56e+03     |
|    ep_rew_mean          | 103          |
| time/                   |              |
|    fps                  | 631          |
|    iterations           | 72           |
|    time_elapsed         | 2800         |
|    total_timesteps      | 1769472      |
| train/                  |              |
|    approx_kl            | 0.0038428365 |
|    clip_fraction        | 0.0617       |
|    clip_range           | 0.15         |
|    entropy_loss         | -1.88        |
|    explained_variance   | 0.947        |
|    learning_rate        | 0.0002       |
|    loss                 | 0.0134       |
|    n_updates            | 355          |
|    policy_gradient_loss | -0.00288     |
|    value_loss           | 0.0445       |
------------------------------------------
------------------------------------------
| rollout/                |              |
|    ep_len_mean          | 1.6e+03      |
|    ep_rew_mean          | 102          |
| time/                   |              |
|    fps                  | 631          |
|    iterations           | 73           |
|    time_elapsed         | 2839         |
|    total_timesteps      | 1794048      |
| train/                  |              |
|    approx_kl            | 0.0041519213 |
|    clip_fraction        | 0.0509       |
|    clip_range           | 0.15         |
|    entropy_loss         | -1.94        |
|    explained_variance   | 0.944        |
|    learning_rate        | 0.0002       |
|    loss                 | 0.00657      |
|    n_updates            | 360          |
|    policy_gradient_loss | -0.00242     |
|    value_loss           | 0.042        |
------------------------------------------
------------------------------------------
| rollout/                |              |
|    ep_len_mean          | 1.67e+03     |
|    ep_rew_mean          | 102          |
| time/                   |              |
|    fps                  | 632          |
|    iterations           | 74           |
|    time_elapsed         | 2876         |
|    total_timesteps      | 1818624      |
| train/                  |              |
|    approx_kl            | 0.0042848815 |
|    clip_fraction        | 0.0632       |
|    clip_range           | 0.15         |
|    entropy_loss         | -1.78        |
|    explained_variance   | 0.924        |
|    learning_rate        | 0.0002       |
|    loss                 | 0.0152       |
|    n_updates            | 365          |
|    policy_gradient_loss | -0.00273     |
|    value_loss           | 0.0624       |
------------------------------------------
-----------------------------------------
| rollout/                |             |
|    ep_len_mean          | 1.81e+03    |
|    ep_rew_mean          | 101         |
| time/                   |             |
|    fps                  | 632         |
|    iterations           | 75          |
|    time_elapsed         | 2915        |
|    total_timesteps      | 1843200     |
| train/                  |             |
|    approx_kl            | 0.003969309 |
|    clip_fraction        | 0.0575      |
|    clip_range           | 0.15        |
|    entropy_loss         | -1.91       |
|    explained_variance   | 0.93        |
|    learning_rate        | 0.0002      |
|    loss                 | 0.0107      |
|    n_updates            | 370         |
|    policy_gradient_loss | -0.00252    |
|    value_loss           | 0.0418      |
-----------------------------------------
-----------------------------------------
| rollout/                |             |
|    ep_len_mean          | 1.83e+03    |
|    ep_rew_mean          | 106         |
| time/                   |             |
|    fps                  | 632         |
|    iterations           | 76          |
|    time_elapsed         | 2953        |
|    total_timesteps      | 1867776     |
| train/                  |             |
|    approx_kl            | 0.004046502 |
|    clip_fraction        | 0.0708      |
|    clip_range           | 0.15        |
|    entropy_loss         | -1.89       |
|    explained_variance   | 0.942       |
|    learning_rate        | 0.0002      |
|    loss                 | 0.00517     |
|    n_updates            | 375         |
|    policy_gradient_loss | -0.00263    |
|    value_loss           | 0.0452      |
-----------------------------------------
------------------------------------------
| rollout/                |              |
|    ep_len_mean          | 1.72e+03     |
|    ep_rew_mean          | 107          |
| time/                   |              |
|    fps                  | 632          |
|    iterations           | 77           |
|    time_elapsed         | 2990         |
|    total_timesteps      | 1892352      |
| train/                  |              |
|    approx_kl            | 0.0048596147 |
|    clip_fraction        | 0.0784       |
|    clip_range           | 0.15         |
|    entropy_loss         | -1.84        |
|    explained_variance   | 0.955        |
|    learning_rate        | 0.0002       |
|    loss                 | 0.00905      |
|    n_updates            | 380          |
|    policy_gradient_loss | -0.00346     |
|    value_loss           | 0.0447       |
------------------------------------------
-----------------------------------------
| rollout/                |             |
|    ep_len_mean          | 1.56e+03    |
|    ep_rew_mean          | 104         |
| time/                   |             |
|    fps                  | 632         |
|    iterations           | 78          |
|    time_elapsed         | 3030        |
|    total_timesteps      | 1916928     |
| train/                  |             |
|    approx_kl            | 0.005274253 |
|    clip_fraction        | 0.0741      |
|    clip_range           | 0.15        |
|    entropy_loss         | -1.77       |
|    explained_variance   | 0.918       |
|    learning_rate        | 0.0002      |
|    loss                 | 0.0239      |
|    n_updates            | 385         |
|    policy_gradient_loss | -0.00249    |
|    value_loss           | 0.0612      |
-----------------------------------------
------------------------------------------
| rollout/                |              |
|    ep_len_mean          | 1.59e+03     |
|    ep_rew_mean          | 112          |
| time/                   |              |
|    fps                  | 632          |
|    iterations           | 79           |
|    time_elapsed         | 3068         |
|    total_timesteps      | 1941504      |
| train/                  |              |
|    approx_kl            | 0.0050039645 |
|    clip_fraction        | 0.0769       |
|    clip_range           | 0.15         |
|    entropy_loss         | -1.77        |
|    explained_variance   | 0.926        |
|    learning_rate        | 0.0002       |
|    loss                 | 0.0111       |
|    n_updates            | 390          |
|    policy_gradient_loss | -0.00264     |
|    value_loss           | 0.0631       |
------------------------------------------
-----------------------------------------
| rollout/                |             |
|    ep_len_mean          | 1.56e+03    |
|    ep_rew_mean          | 117         |
| time/                   |             |
|    fps                  | 632         |
|    iterations           | 80          |
|    time_elapsed         | 3108        |
|    total_timesteps      | 1966080     |
| train/                  |             |
|    approx_kl            | 0.003889516 |
|    clip_fraction        | 0.0577      |
|    clip_range           | 0.15        |
|    entropy_loss         | -1.8        |
|    explained_variance   | 0.936       |
|    learning_rate        | 0.0002      |
|    loss                 | 0.0179      |
|    n_updates            | 395         |
|    policy_gradient_loss | -0.00286    |
|    value_loss           | 0.0543      |
-----------------------------------------
------------------------------------------
| rollout/                |              |
|    ep_len_mean          | 1.47e+03     |
|    ep_rew_mean          | 117          |
| time/                   |              |
|    fps                  | 632          |
|    iterations           | 81           |
|    time_elapsed         | 3146         |
|    total_timesteps      | 1990656      |
| train/                  |              |
|    approx_kl            | 0.0044428753 |
|    clip_fraction        | 0.0705       |
|    clip_range           | 0.15         |
|    entropy_loss         | -1.75        |
|    explained_variance   | 0.943        |
|    learning_rate        | 0.0002       |
|    loss                 | 0.014        |
|    n_updates            | 400          |
|    policy_gradient_loss | -0.00273     |
|    value_loss           | 0.0571       |
------------------------------------------
[Checkpoint] Saved at 2000000 steps > C:\realnewdisciples\Big_map\campaign_checkpoints\offline-1780702398\campaign_ppo_step_2000000.zip
------------------------------------------
| rollout/                |              |
|    ep_len_mean          | 1.51e+03     |
|    ep_rew_mean          | 113          |
| time/                   |              |
|    fps                  | 632          |
|    iterations           | 82           |
|    time_elapsed         | 3184         |
|    total_timesteps      | 2015232      |
| train/                  |              |
|    approx_kl            | 0.0039917533 |
|    clip_fraction        | 0.0609       |
|    clip_range           | 0.15         |
|    entropy_loss         | -1.8         |
|    explained_variance   | 0.956        |
|    learning_rate        | 0.0002       |
|    loss                 | 0.0118       |
|    n_updates            | 405          |
|    policy_gradient_loss | -0.00175     |
|    value_loss           | 0.0467       |
------------------------------------------
VecNormalize stats saved: ./campaign_models/offline-1780702398/vecnormalize.pkl

Финальная модель сохранена: ./campaign_models/offline-1780702398/final_model.zip

============================================================
ИТОГИ ОБУЧЕНИЯ:
  Побед: 76
  Поражений: 2748
  Таймаутов: 59
  Побед бота столицы над врагами: 0
  Перестановок юнитов: 797325
  Winrate: 2.6%
============================================================
  График призывов за эпизод: C:\realnewdisciples\Big_map\outputs\campaign_summoned_units_per_episode.png
  График призывов за всё обучение: C:\realnewdisciples\Big_map\outputs\campaign_summoned_units_cumulative.png
  График найма за эпизод: C:\realnewdisciples\Big_map\outputs\campaign_hired_units_per_episode.png
  График найма за всё обучение: C:\realnewdisciples\Big_map\outputs\campaign_hired_units_cumulative.png
  График перестановок юнитов за эпизод: C:\realnewdisciples\Big_map\outputs\campaign_unit_swaps_per_episode.png
  График боевых предметов: C:\realnewdisciples\Big_map\outputs\campaign_battle_item_activity.png
  График побед бота столицы за эпизод: C:\realnewdisciples\Big_map\outputs\campaign_scripted_bot_victories_per_episode.png
  График применения заклинаний: C:\realnewdisciples\Big_map\outputs\campaign_spell_cast_activity.png
