Проверка среды CampaignEnv...
Среда прошла проверку!
[INFO] Comet disabled, running without experiment tracking
Создание 12 параллельных сред (subproc)...
Инициализация MaskablePPO...
Using cpu device

============================================================
Запуск обучения Campaign Agent
Всего шагов: 1,000,000
Параллельных сред: 12
VecEnv: subproc
VecEnv start method: forkserver
Seed: 107
Checkpoint каждые: 500,000 шагов
Evaluation каждые: 83,334 шагов
Eval deterministic эпизодов: 20
Eval stochastic эпизодов: 0
Eval лимит шагов на эпизод: 5000
Campaign map: small
Campaign objective: cities
System resources at training start:
  Platform: Linux 6.17.0-1018-azure (x86_64)
  Python: 3.14.6
  PyTorch: 2.13.0+cpu
  Training device: cpu
  CPU model: AMD EPYC 7763 64-Core Processor
  CPU vendor: AuthenticAMD
  Logical CPUs visible: 4
  Process CPU affinity: 4
  Sockets: 1
  Cores per socket: 2
  Threads per core: 2
  CPU max MHz: unknown
  CPU min MHz: unknown
  L1d cache: 64 KiB (2 instances)
  L1i cache: 64 KiB (2 instances)
  L2 cache: 1 MiB (2 instances)
  L3 cache: 32 MiB (1 instance)
  Virtualization: AMD-V
  Hypervisor: Microsoft
  RAM total: 15.62 GiB
  RAM available at start: 13.84 GiB
  Disk total: 144.26 GiB
  Disk free at start: 85.96 GiB
  Torch intra-op threads: 4
  Torch inter-op threads: 2
  OMP_NUM_THREADS: 4
  MKL_NUM_THREADS: 4
  OPENBLAS_NUM_THREADS: 4
  GitHub runner OS: Linux
  GitHub runner architecture: X64
  GitHub runner environment: github-hosted
PPO n_steps: 2,048
PPO batch_size: 512
PPO n_epochs: 5
PPO learning_rate: 0.0003
PPO clip_range: 0.2
PPO ent_coef: 0.01
PPO gamma: 0.995
PPO gae_lambda: 0.95
PPO target_kl: disabled
PPO gradient batches per rollout: 240
VecCheckNan: disabled
Freeze action layout: enabled
Empire territory: enabled
Torch threads per process: 4
Diagnostics: disabled
Wall-clock training limit: disabled
Run ID: seed107-cities-29407533776-1
============================================================

Logging to /home/runner/work/Disciples2-RL/Disciples2-RL/github_experiments/107/cities/seed107-cities-29407533776-1/tensorboard/MaskablePPO_1
---------------------------------
| rollout/           |          |
|    ep_len_mean     | 118      |
|    ep_rew_mean     | -1.88    |
| time/              |          |
|    fps             | 570      |
|    iterations      | 1        |
|    time_elapsed    | 43       |
|    total_timesteps | 24576    |
---------------------------------
-----------------------------------------
| rollout/                |             |
|    ep_len_mean          | 134         |
|    ep_rew_mean          | 0.503       |
| time/                   |             |
|    fps                  | 546         |
|    iterations           | 2           |
|    time_elapsed         | 89          |
|    total_timesteps      | 49152       |
| train/                  |             |
|    approx_kl            | 0.012720741 |
|    clip_fraction        | 0.111       |
|    clip_range           | 0.2         |
|    entropy_loss         | -2.2        |
|    explained_variance   | 0.00256     |
|    learning_rate        | 0.0003      |
|    loss                 | 0.285       |
|    n_updates            | 5           |
|    policy_gradient_loss | -0.00913    |
|    value_loss           | 0.631       |
-----------------------------------------
-----------------------------------------
| rollout/                |             |
|    ep_len_mean          | 187         |
|    ep_rew_mean          | 1.76        |
| time/                   |             |
|    fps                  | 533         |
|    iterations           | 3           |
|    time_elapsed         | 138         |
|    total_timesteps      | 73728       |
| train/                  |             |
|    approx_kl            | 0.010616619 |
|    clip_fraction        | 0.119       |
|    clip_range           | 0.2         |
|    entropy_loss         | -2.16       |
|    explained_variance   | 0.456       |
|    learning_rate        | 0.0003      |
|    loss                 | 0.161       |
|    n_updates            | 10          |
|    policy_gradient_loss | -0.0117     |
|    value_loss           | 0.403       |
-----------------------------------------
-----------------------------------------
| rollout/                |             |
|    ep_len_mean          | 243         |
|    ep_rew_mean          | 0.95        |
| time/                   |             |
|    fps                  | 524         |
|    iterations           | 4           |
|    time_elapsed         | 187         |
|    total_timesteps      | 98304       |
| train/                  |             |
|    approx_kl            | 0.009786391 |
|    clip_fraction        | 0.107       |
|    clip_range           | 0.2         |
|    entropy_loss         | -2.11       |
|    explained_variance   | 0.749       |
|    learning_rate        | 0.0003      |
|    loss                 | 0.0827      |
|    n_updates            | 15          |
|    policy_gradient_loss | -0.00959    |
|    value_loss           | 0.211       |
-----------------------------------------
-----------------------------------------
| rollout/                |             |
|    ep_len_mean          | 407         |
|    ep_rew_mean          | -4.29       |
| time/                   |             |
|    fps                  | 520         |
|    iterations           | 5           |
|    time_elapsed         | 236         |
|    total_timesteps      | 122880      |
| train/                  |             |
|    approx_kl            | 0.008252382 |
|    clip_fraction        | 0.0756      |
|    clip_range           | 0.2         |
|    entropy_loss         | -2.02       |
|    explained_variance   | 0.889       |
|    learning_rate        | 0.0003      |
|    loss                 | 0.000254    |
|    n_updates            | 20          |
|    policy_gradient_loss | -0.0069     |
|    value_loss           | 0.07        |
-----------------------------------------
-----------------------------------------
| rollout/                |             |
|    ep_len_mean          | 620         |
|    ep_rew_mean          | -8.8        |
| time/                   |             |
|    fps                  | 518         |
|    iterations           | 6           |
|    time_elapsed         | 284         |
|    total_timesteps      | 147456      |
| train/                  |             |
|    approx_kl            | 0.010264522 |
|    clip_fraction        | 0.114       |
|    clip_range           | 0.2         |
|    entropy_loss         | -2.05       |
|    explained_variance   | 0.946       |
|    learning_rate        | 0.0003      |
|    loss                 | -0.0235     |
|    n_updates            | 25          |
|    policy_gradient_loss | -0.00697    |
|    value_loss           | 0.0226      |
-----------------------------------------
-----------------------------------------
| rollout/                |             |
|    ep_len_mean          | 349         |
|    ep_rew_mean          | 7.37        |
| time/                   |             |
|    fps                  | 516         |
|    iterations           | 7           |
|    time_elapsed         | 333         |
|    total_timesteps      | 172032      |
| train/                  |             |
|    approx_kl            | 0.010063376 |
|    clip_fraction        | 0.108       |
|    clip_range           | 0.2         |
|    entropy_loss         | -2.05       |
|    explained_variance   | 0.929       |
|    learning_rate        | 0.0003      |
|    loss                 | -0.017      |
|    n_updates            | 30          |
|    policy_gradient_loss | -0.008      |
|    value_loss           | 0.0456      |
-----------------------------------------
-----------------------------------------
| rollout/                |             |
|    ep_len_mean          | 265         |
|    ep_rew_mean          | 9.28        |
| time/                   |             |
|    fps                  | 517         |
|    iterations           | 8           |
|    time_elapsed         | 380         |
|    total_timesteps      | 196608      |
| train/                  |             |
|    approx_kl            | 0.009244476 |
|    clip_fraction        | 0.0975      |
|    clip_range           | 0.2         |
|    entropy_loss         | -2.08       |
|    explained_variance   | 0.922       |
|    learning_rate        | 0.0003      |
|    loss                 | -0.000605   |
|    n_updates            | 35          |
|    policy_gradient_loss | -0.00893    |
|    value_loss           | 0.0404      |
-----------------------------------------
-----------------------------------------
| rollout/                |             |
|    ep_len_mean          | 257         |
|    ep_rew_mean          | 12.8        |
| time/                   |             |
|    fps                  | 515         |
|    iterations           | 9           |
|    time_elapsed         | 428         |
|    total_timesteps      | 221184      |
| train/                  |             |
|    approx_kl            | 0.009325524 |
|    clip_fraction        | 0.0914      |
|    clip_range           | 0.2         |
|    entropy_loss         | -2.01       |
|    explained_variance   | 0.886       |
|    learning_rate        | 0.0003      |
|    loss                 | -0.00705    |
|    n_updates            | 40          |
|    policy_gradient_loss | -0.00731    |
|    value_loss           | 0.0537      |
-----------------------------------------
-----------------------------------------
| rollout/                |             |
|    ep_len_mean          | 231         |
|    ep_rew_mean          | 13.7        |
| time/                   |             |
|    fps                  | 514         |
|    iterations           | 10          |
|    time_elapsed         | 477         |
|    total_timesteps      | 245760      |
| train/                  |             |
|    approx_kl            | 0.009941689 |
|    clip_fraction        | 0.104       |
|    clip_range           | 0.2         |
|    entropy_loss         | -2.01       |
|    explained_variance   | 0.872       |
|    learning_rate        | 0.0003      |
|    loss                 | 0.00335     |
|    n_updates            | 45          |
|    policy_gradient_loss | -0.00868    |
|    value_loss           | 0.0528      |
-----------------------------------------
----------------------------------------
| rollout/                |            |
|    ep_len_mean          | 225        |
|    ep_rew_mean          | 15.1       |
| time/                   |            |
|    fps                  | 511        |
|    iterations           | 11         |
|    time_elapsed         | 528        |
|    total_timesteps      | 270336     |
| train/                  |            |
|    approx_kl            | 0.00838955 |
|    clip_fraction        | 0.0837     |
|    clip_range           | 0.2        |
|    entropy_loss         | -1.96      |
|    explained_variance   | 0.855      |
|    learning_rate        | 0.0003     |
|    loss                 | 0.0149     |
|    n_updates            | 50         |
|    policy_gradient_loss | -0.00653   |
|    value_loss           | 0.0615     |
----------------------------------------
-----------------------------------------
| rollout/                |             |
|    ep_len_mean          | 223         |
|    ep_rew_mean          | 15.5        |
| time/                   |             |
|    fps                  | 511         |
|    iterations           | 12          |
|    time_elapsed         | 576         |
|    total_timesteps      | 294912      |
| train/                  |             |
|    approx_kl            | 0.007945103 |
|    clip_fraction        | 0.0826      |
|    clip_range           | 0.2         |
|    entropy_loss         | -1.97       |
|    explained_variance   | 0.856       |
|    learning_rate        | 0.0003      |
|    loss                 | -0.00096    |
|    n_updates            | 55          |
|    policy_gradient_loss | -0.00661    |
|    value_loss           | 0.06        |
-----------------------------------------
-----------------------------------------
| rollout/                |             |
|    ep_len_mean          | 214         |
|    ep_rew_mean          | 17          |
| time/                   |             |
|    fps                  | 511         |
|    iterations           | 13          |
|    time_elapsed         | 624         |
|    total_timesteps      | 319488      |
| train/                  |             |
|    approx_kl            | 0.008815656 |
|    clip_fraction        | 0.0901      |
|    clip_range           | 0.2         |
|    entropy_loss         | -1.95       |
|    explained_variance   | 0.843       |
|    learning_rate        | 0.0003      |
|    loss                 | 0.000813    |
|    n_updates            | 60          |
|    policy_gradient_loss | -0.00655    |
|    value_loss           | 0.0657      |
-----------------------------------------
-----------------------------------------
| rollout/                |             |
|    ep_len_mean          | 266         |
|    ep_rew_mean          | 16.7        |
| time/                   |             |
|    fps                  | 511         |
|    iterations           | 14          |
|    time_elapsed         | 673         |
|    total_timesteps      | 344064      |
| train/                  |             |
|    approx_kl            | 0.008582466 |
|    clip_fraction        | 0.0785      |
|    clip_range           | 0.2         |
|    entropy_loss         | -1.95       |
|    explained_variance   | 0.847       |
|    learning_rate        | 0.0003      |
|    loss                 | 0.00539     |
|    n_updates            | 65          |
|    policy_gradient_loss | -0.00632    |
|    value_loss           | 0.0667      |
-----------------------------------------
-----------------------------------------
| rollout/                |             |
|    ep_len_mean          | 338         |
|    ep_rew_mean          | 17.8        |
| time/                   |             |
|    fps                  | 510         |
|    iterations           | 15          |
|    time_elapsed         | 722         |
|    total_timesteps      | 368640      |
| train/                  |             |
|    approx_kl            | 0.008956285 |
|    clip_fraction        | 0.0892      |
|    clip_range           | 0.2         |
|    entropy_loss         | -1.98       |
|    explained_variance   | 0.861       |
|    learning_rate        | 0.0003      |
|    loss                 | -0.00424    |
|    n_updates            | 70          |
|    policy_gradient_loss | -0.00727    |
|    value_loss           | 0.0691      |
-----------------------------------------
-----------------------------------------
| rollout/                |             |
|    ep_len_mean          | 405         |
|    ep_rew_mean          | 20.7        |
| time/                   |             |
|    fps                  | 510         |
|    iterations           | 16          |
|    time_elapsed         | 770         |
|    total_timesteps      | 393216      |
| train/                  |             |
|    approx_kl            | 0.008081573 |
|    clip_fraction        | 0.0921      |
|    clip_range           | 0.2         |
|    entropy_loss         | -2.02       |
|    explained_variance   | 0.907       |
|    learning_rate        | 0.0003      |
|    loss                 | -0.00544    |
|    n_updates            | 75          |
|    policy_gradient_loss | -0.00704    |
|    value_loss           | 0.0502      |
-----------------------------------------
-----------------------------------------
| rollout/                |             |
|    ep_len_mean          | 368         |
|    ep_rew_mean          | 22.1        |
| time/                   |             |
|    fps                  | 509         |
|    iterations           | 17          |
|    time_elapsed         | 819         |
|    total_timesteps      | 417792      |
| train/                  |             |
|    approx_kl            | 0.008457049 |
|    clip_fraction        | 0.0849      |
|    clip_range           | 0.2         |
|    entropy_loss         | -1.94       |
|    explained_variance   | 0.898       |
|    learning_rate        | 0.0003      |
|    loss                 | 0.00801     |
|    n_updates            | 80          |
|    policy_gradient_loss | -0.00682    |
|    value_loss           | 0.0635      |
-----------------------------------------
------------------------------------------
| rollout/                |              |
|    ep_len_mean          | 444          |
|    ep_rew_mean          | 22.2         |
| time/                   |              |
|    fps                  | 509          |
|    iterations           | 18           |
|    time_elapsed         | 868          |
|    total_timesteps      | 442368       |
| train/                  |              |
|    approx_kl            | 0.0063989256 |
|    clip_fraction        | 0.0638       |
|    clip_range           | 0.2          |
|    entropy_loss         | -1.97        |
|    explained_variance   | 0.896        |
|    learning_rate        | 0.0003       |
|    loss                 | -0.000916    |
|    n_updates            | 85           |
|    policy_gradient_loss | -0.00576     |
|    value_loss           | 0.064        |
------------------------------------------
-----------------------------------------
| rollout/                |             |
|    ep_len_mean          | 470         |
|    ep_rew_mean          | 23.1        |
| time/                   |             |
|    fps                  | 508         |
|    iterations           | 19          |
|    time_elapsed         | 918         |
|    total_timesteps      | 466944      |
| train/                  |             |
|    approx_kl            | 0.009250216 |
|    clip_fraction        | 0.109       |
|    clip_range           | 0.2         |
|    entropy_loss         | -1.97       |
|    explained_variance   | 0.918       |
|    learning_rate        | 0.0003      |
|    loss                 | -0.00433    |
|    n_updates            | 90          |
|    policy_gradient_loss | -0.0055     |
|    value_loss           | 0.0472      |
-----------------------------------------
-----------------------------------------
| rollout/                |             |
|    ep_len_mean          | 355         |
|    ep_rew_mean          | 24.3        |
| time/                   |             |
|    fps                  | 507         |
|    iterations           | 20          |
|    time_elapsed         | 968         |
|    total_timesteps      | 491520      |
| train/                  |             |
|    approx_kl            | 0.007875149 |
|    clip_fraction        | 0.0946      |
|    clip_range           | 0.2         |
|    entropy_loss         | -1.92       |
|    explained_variance   | 0.907       |
|    learning_rate        | 0.0003      |
|    loss                 | 0.00299     |
|    n_updates            | 95          |
|    policy_gradient_loss | -0.00641    |
|    value_loss           | 0.0623      |
-----------------------------------------
[Checkpoint] Saved at 500000 steps > /home/runner/work/Disciples2-RL/Disciples2-RL/github_experiments/107/cities/seed107-cities-29407533776-1/checkpoints/campaign_ppo_step_500000.zip
------------------------------------------
| rollout/                |              |
|    ep_len_mean          | 279          |
|    ep_rew_mean          | 26.8         |
| time/                   |              |
|    fps                  | 506          |
|    iterations           | 21           |
|    time_elapsed         | 1018         |
|    total_timesteps      | 516096       |
| train/                  |              |
|    approx_kl            | 0.0073380447 |
|    clip_fraction        | 0.0763       |
|    clip_range           | 0.2          |
|    entropy_loss         | -1.9         |
|    explained_variance   | 0.88         |
|    learning_rate        | 0.0003       |
|    loss                 | 0.00845      |
|    n_updates            | 100          |
|    policy_gradient_loss | -0.00549     |
|    value_loss           | 0.0784       |
------------------------------------------
-----------------------------------------
| rollout/                |             |
|    ep_len_mean          | 322         |
|    ep_rew_mean          | 28.4        |
| time/                   |             |
|    fps                  | 506         |
|    iterations           | 22          |
|    time_elapsed         | 1067        |
|    total_timesteps      | 540672      |
| train/                  |             |
|    approx_kl            | 0.007577084 |
|    clip_fraction        | 0.0699      |
|    clip_range           | 0.2         |
|    entropy_loss         | -1.84       |
|    explained_variance   | 0.875       |
|    learning_rate        | 0.0003      |
|    loss                 | 0.017       |
|    n_updates            | 105         |
|    policy_gradient_loss | -0.00488    |
|    value_loss           | 0.0853      |
-----------------------------------------
------------------------------------------
| rollout/                |              |
|    ep_len_mean          | 353          |
|    ep_rew_mean          | 28.5         |
| time/                   |              |
|    fps                  | 506          |
|    iterations           | 23           |
|    time_elapsed         | 1116         |
|    total_timesteps      | 565248       |
| train/                  |              |
|    approx_kl            | 0.0074397014 |
|    clip_fraction        | 0.0743       |
|    clip_range           | 0.2          |
|    entropy_loss         | -1.85        |
|    explained_variance   | 0.886        |
|    learning_rate        | 0.0003       |
|    loss                 | 0.00978      |
|    n_updates            | 110          |
|    policy_gradient_loss | -0.00535     |
|    value_loss           | 0.0783       |
------------------------------------------
-----------------------------------------
| rollout/                |             |
|    ep_len_mean          | 404         |
|    ep_rew_mean          | 33.9        |
| time/                   |             |
|    fps                  | 506         |
|    iterations           | 24          |
|    time_elapsed         | 1164        |
|    total_timesteps      | 589824      |
| train/                  |             |
|    approx_kl            | 0.008345007 |
|    clip_fraction        | 0.0777      |
|    clip_range           | 0.2         |
|    entropy_loss         | -1.86       |
|    explained_variance   | 0.889       |
|    learning_rate        | 0.0003      |
|    loss                 | 0.00699     |
|    n_updates            | 115         |
|    policy_gradient_loss | -0.00507    |
|    value_loss           | 0.0784      |
-----------------------------------------
------------------------------------------
| rollout/                |              |
|    ep_len_mean          | 402          |
|    ep_rew_mean          | 35.1         |
| time/                   |              |
|    fps                  | 506          |
|    iterations           | 25           |
|    time_elapsed         | 1213         |
|    total_timesteps      | 614400       |
| train/                  |              |
|    approx_kl            | 0.0072278567 |
|    clip_fraction        | 0.0757       |
|    clip_range           | 0.2          |
|    entropy_loss         | -1.84        |
|    explained_variance   | 0.879        |
|    learning_rate        | 0.0003       |
|    loss                 | 0.0147       |
|    n_updates            | 120          |
|    policy_gradient_loss | -0.00546     |
|    value_loss           | 0.0843       |
------------------------------------------
------------------------------------------
| rollout/                |              |
|    ep_len_mean          | 399          |
|    ep_rew_mean          | 32.4         |
| time/                   |              |
|    fps                  | 506          |
|    iterations           | 26           |
|    time_elapsed         | 1260         |
|    total_timesteps      | 638976       |
| train/                  |              |
|    approx_kl            | 0.0076568704 |
|    clip_fraction        | 0.0795       |
|    clip_range           | 0.2          |
|    entropy_loss         | -1.81        |
|    explained_variance   | 0.881        |
|    learning_rate        | 0.0003       |
|    loss                 | 0.00666      |
|    n_updates            | 125          |
|    policy_gradient_loss | -0.00516     |
|    value_loss           | 0.0774       |
------------------------------------------
-----------------------------------------
| rollout/                |             |
|    ep_len_mean          | 409         |
|    ep_rew_mean          | 35.9        |
| time/                   |             |
|    fps                  | 506         |
|    iterations           | 27          |
|    time_elapsed         | 1309        |
|    total_timesteps      | 663552      |
| train/                  |             |
|    approx_kl            | 0.007221265 |
|    clip_fraction        | 0.0726      |
|    clip_range           | 0.2         |
|    entropy_loss         | -1.69       |
|    explained_variance   | 0.886       |
|    learning_rate        | 0.0003      |
|    loss                 | 0.0126      |
|    n_updates            | 130         |
|    policy_gradient_loss | -0.0057     |
|    value_loss           | 0.0733      |
-----------------------------------------
-----------------------------------------
| rollout/                |             |
|    ep_len_mean          | 383         |
|    ep_rew_mean          | 38          |
| time/                   |             |
|    fps                  | 507         |
|    iterations           | 28          |
|    time_elapsed         | 1356        |
|    total_timesteps      | 688128      |
| train/                  |             |
|    approx_kl            | 0.007098384 |
|    clip_fraction        | 0.0711      |
|    clip_range           | 0.2         |
|    entropy_loss         | -1.72       |
|    explained_variance   | 0.846       |
|    learning_rate        | 0.0003      |
|    loss                 | 0.0261      |
|    n_updates            | 135         |
|    policy_gradient_loss | -0.00504    |
|    value_loss           | 0.0971      |
-----------------------------------------
------------------------------------------
| rollout/                |              |
|    ep_len_mean          | 354          |
|    ep_rew_mean          | 41.2         |
| time/                   |              |
|    fps                  | 507          |
|    iterations           | 29           |
|    time_elapsed         | 1404         |
|    total_timesteps      | 712704       |
| train/                  |              |
|    approx_kl            | 0.0068602003 |
|    clip_fraction        | 0.0783       |
|    clip_range           | 0.2          |
|    entropy_loss         | -1.72        |
|    explained_variance   | 0.833        |
|    learning_rate        | 0.0003       |
|    loss                 | 0.0303       |
|    n_updates            | 140          |
|    policy_gradient_loss | -0.00493     |
|    value_loss           | 0.114        |
------------------------------------------
-----------------------------------------
| rollout/                |             |
|    ep_len_mean          | 330         |
|    ep_rew_mean          | 40.8        |
| time/                   |             |
|    fps                  | 508         |
|    iterations           | 30          |
|    time_elapsed         | 1451        |
|    total_timesteps      | 737280      |
| train/                  |             |
|    approx_kl            | 0.008410319 |
|    clip_fraction        | 0.0795      |
|    clip_range           | 0.2         |
|    entropy_loss         | -1.68       |
|    explained_variance   | 0.84        |
|    learning_rate        | 0.0003      |
|    loss                 | 0.0395      |
|    n_updates            | 145         |
|    policy_gradient_loss | -0.00444    |
|    value_loss           | 0.117       |
-----------------------------------------
------------------------------------------
| rollout/                |              |
|    ep_len_mean          | 332          |
|    ep_rew_mean          | 39.7         |
| time/                   |              |
|    fps                  | 507          |
|    iterations           | 31           |
|    time_elapsed         | 1500         |
|    total_timesteps      | 761856       |
| train/                  |              |
|    approx_kl            | 0.0077870623 |
|    clip_fraction        | 0.0814       |
|    clip_range           | 0.2          |
|    entropy_loss         | -1.63        |
|    explained_variance   | 0.869        |
|    learning_rate        | 0.0003       |
|    loss                 | 0.0186       |
|    n_updates            | 150          |
|    policy_gradient_loss | -0.00472     |
|    value_loss           | 0.108        |
------------------------------------------
-----------------------------------------
| rollout/                |             |
|    ep_len_mean          | 414         |
|    ep_rew_mean          | 46.9        |
| time/                   |             |
|    fps                  | 507         |
|    iterations           | 32          |
|    time_elapsed         | 1549        |
|    total_timesteps      | 786432      |
| train/                  |             |
|    approx_kl            | 0.006699869 |
|    clip_fraction        | 0.072       |
|    clip_range           | 0.2         |
|    entropy_loss         | -1.59       |
|    explained_variance   | 0.861       |
|    learning_rate        | 0.0003      |
|    loss                 | 0.0115      |
|    n_updates            | 155         |
|    policy_gradient_loss | -0.00539    |
|    value_loss           | 0.103       |
-----------------------------------------
------------------------------------------
| rollout/                |              |
|    ep_len_mean          | 494          |
|    ep_rew_mean          | 50.4         |
| time/                   |              |
|    fps                  | 507          |
|    iterations           | 33           |
|    time_elapsed         | 1598         |
|    total_timesteps      | 811008       |
| train/                  |              |
|    approx_kl            | 0.0073741614 |
|    clip_fraction        | 0.0785       |
|    clip_range           | 0.2          |
|    entropy_loss         | -1.65        |
|    explained_variance   | 0.847        |
|    learning_rate        | 0.0003       |
|    loss                 | 0.0185       |
|    n_updates            | 160          |
|    policy_gradient_loss | -0.00468     |
|    value_loss           | 0.101        |
------------------------------------------
------------------------------------------
| rollout/                |              |
|    ep_len_mean          | 482          |
|    ep_rew_mean          | 51.8         |
| time/                   |              |
|    fps                  | 507          |
|    iterations           | 34           |
|    time_elapsed         | 1645         |
|    total_timesteps      | 835584       |
| train/                  |              |
|    approx_kl            | 0.0076181516 |
|    clip_fraction        | 0.0914       |
|    clip_range           | 0.2          |
|    entropy_loss         | -1.66        |
|    explained_variance   | 0.87         |
|    learning_rate        | 0.0003       |
|    loss                 | 0.0257       |
|    n_updates            | 165          |
|    policy_gradient_loss | -0.00372     |
|    value_loss           | 0.0867       |
------------------------------------------
-----------------------------------------
| rollout/                |             |
|    ep_len_mean          | 471         |
|    ep_rew_mean          | 54          |
| time/                   |             |
|    fps                  | 507         |
|    iterations           | 35          |
|    time_elapsed         | 1693        |
|    total_timesteps      | 860160      |
| train/                  |             |
|    approx_kl            | 0.007985957 |
|    clip_fraction        | 0.0861      |
|    clip_range           | 0.2         |
|    entropy_loss         | -1.67       |
|    explained_variance   | 0.856       |
|    learning_rate        | 0.0003      |
|    loss                 | 0.00718     |
|    n_updates            | 170         |
|    policy_gradient_loss | -0.00411    |
|    value_loss           | 0.096       |
-----------------------------------------
----------------------------------------
| rollout/                |            |
|    ep_len_mean          | 469        |
|    ep_rew_mean          | 58.8       |
| time/                   |            |
|    fps                  | 508        |
|    iterations           | 36         |
|    time_elapsed         | 1740       |
|    total_timesteps      | 884736     |
| train/                  |            |
|    approx_kl            | 0.00724919 |
|    clip_fraction        | 0.0873     |
|    clip_range           | 0.2        |
|    entropy_loss         | -1.6       |
|    explained_variance   | 0.83       |
|    learning_rate        | 0.0003     |
|    loss                 | 0.0193     |
|    n_updates            | 175        |
|    policy_gradient_loss | -0.00445   |
|    value_loss           | 0.109      |
----------------------------------------
-----------------------------------------
| rollout/                |             |
|    ep_len_mean          | 507         |
|    ep_rew_mean          | 65.1        |
| time/                   |             |
|    fps                  | 508         |
|    iterations           | 37          |
|    time_elapsed         | 1788        |
|    total_timesteps      | 909312      |
| train/                  |             |
|    approx_kl            | 0.008275739 |
|    clip_fraction        | 0.0941      |
|    clip_range           | 0.2         |
|    entropy_loss         | -1.6        |
|    explained_variance   | 0.809       |
|    learning_rate        | 0.0003      |
|    loss                 | 0.0364      |
|    n_updates            | 180         |
|    policy_gradient_loss | -0.00447    |
|    value_loss           | 0.13        |
-----------------------------------------
------------------------------------------
| rollout/                |              |
|    ep_len_mean          | 494          |
|    ep_rew_mean          | 63.1         |
| time/                   |              |
|    fps                  | 508          |
|    iterations           | 38           |
|    time_elapsed         | 1835         |
|    total_timesteps      | 933888       |
| train/                  |              |
|    approx_kl            | 0.0071775042 |
|    clip_fraction        | 0.0672       |
|    clip_range           | 0.2          |
|    entropy_loss         | -1.6         |
|    explained_variance   | 0.813        |
|    learning_rate        | 0.0003       |
|    loss                 | 0.0404       |
|    n_updates            | 185          |
|    policy_gradient_loss | -0.00295     |
|    value_loss           | 0.124        |
------------------------------------------
------------------------------------------
| rollout/                |              |
|    ep_len_mean          | 421          |
|    ep_rew_mean          | 54.8         |
| time/                   |              |
|    fps                  | 508          |
|    iterations           | 39           |
|    time_elapsed         | 1883         |
|    total_timesteps      | 958464       |
| train/                  |              |
|    approx_kl            | 0.0072713927 |
|    clip_fraction        | 0.0811       |
|    clip_range           | 0.2          |
|    entropy_loss         | -1.59        |
|    explained_variance   | 0.767        |
|    learning_rate        | 0.0003       |
|    loss                 | 0.0427       |
|    n_updates            | 190          |
|    policy_gradient_loss | -0.0036      |
|    value_loss           | 0.127        |
------------------------------------------
-----------------------------------------
| rollout/                |             |
|    ep_len_mean          | 468         |
|    ep_rew_mean          | 65.4        |
| time/                   |             |
|    fps                  | 508         |
|    iterations           | 40          |
|    time_elapsed         | 1931        |
|    total_timesteps      | 983040      |
| train/                  |             |
|    approx_kl            | 0.008623421 |
|    clip_fraction        | 0.089       |
|    clip_range           | 0.2         |
|    entropy_loss         | -1.52       |
|    explained_variance   | 0.784       |
|    learning_rate        | 0.0003      |
|    loss                 | 0.0237      |
|    n_updates            | 195         |
|    policy_gradient_loss | -0.00476    |
|    value_loss           | 0.123       |
-----------------------------------------
[Checkpoint] Saved at 1000000 steps > /home/runner/work/Disciples2-RL/Disciples2-RL/github_experiments/107/cities/seed107-cities-29407533776-1/checkpoints/campaign_ppo_step_1000000.zip
Eval num_timesteps=1000008, det_reward=-30.29 +/- 169.85
Episode length: det=3132.65 +/- 2106.36
Victory rate: det=35.00%
-------------------------------------------------
| eval/                           |             |
|    deterministic_mean_ep_length | 3.13e+03    |
|    deterministic_mean_reward    | -30.3       |
|    deterministic_victory_rate   | 0.35        |
|    mean_ep_length               | 3.13e+03    |
|    mean_reward                  | -30.3       |
|    victory_rate                 | 0.35        |
| time/                           |             |
|    total_timesteps              | 1000008     |
| train/                          |             |
|    approx_kl                    | 0.009182253 |
|    clip_fraction                | 0.0866      |
|    clip_range                   | 0.2         |
|    entropy_loss                 | -1.49       |
|    explained_variance           | 0.777       |
|    learning_rate                | 0.0003      |
|    loss                         | 0.0383      |
|    n_updates                    | 200         |
|    policy_gradient_loss         | -0.00394    |
|    value_loss                   | 0.126       |
-------------------------------------------------
New best model by deterministic victory rate!
---------------------------------
| rollout/           |          |
|    ep_len_mean     | 495      |
|    ep_rew_mean     | 71.1     |
| time/              |          |
|    fps             | 465      |
|    iterations      | 41       |
|    time_elapsed    | 2164     |
|    total_timesteps | 1007616  |
---------------------------------
VecNormalize stats saved: /home/runner/work/Disciples2-RL/Disciples2-RL/github_experiments/107/cities/seed107-cities-29407533776-1/models/vecnormalize.pkl

Финальная модель сохранена: /home/runner/work/Disciples2-RL/Disciples2-RL/github_experiments/107/cities/seed107-cities-29407533776-1/models/final_model.zip

============================================================
ИТОГИ ОБУЧЕНИЯ:
  Побед: 33
  Поражений: 3059
  Таймаутов: 2
  Побед бота столицы над врагами: 0
  Перестановок юнитов: 236632
  Winrate: 1.1%
============================================================
  График призывов за эпизод: /home/runner/work/Disciples2-RL/Disciples2-RL/github_experiments/107/cities/seed107-cities-29407533776-1/plots/campaign_summoned_units_per_episode.png
  График призывов за всё обучение: /home/runner/work/Disciples2-RL/Disciples2-RL/github_experiments/107/cities/seed107-cities-29407533776-1/plots/campaign_summoned_units_cumulative.png
  График найма за эпизод: /home/runner/work/Disciples2-RL/Disciples2-RL/github_experiments/107/cities/seed107-cities-29407533776-1/plots/campaign_hired_units_per_episode.png
  График найма за всё обучение: /home/runner/work/Disciples2-RL/Disciples2-RL/github_experiments/107/cities/seed107-cities-29407533776-1/plots/campaign_hired_units_cumulative.png
  График перестановок юнитов за эпизод: /home/runner/work/Disciples2-RL/Disciples2-RL/github_experiments/107/cities/seed107-cities-29407533776-1/plots/campaign_unit_swaps_per_episode.png
  График боевых предметов: /home/runner/work/Disciples2-RL/Disciples2-RL/github_experiments/107/cities/seed107-cities-29407533776-1/plots/campaign_battle_item_activity.png
  График побед бота столицы за эпизод: /home/runner/work/Disciples2-RL/Disciples2-RL/github_experiments/107/cities/seed107-cities-29407533776-1/plots/campaign_scripted_bot_victories_per_episode.png
  График применения заклинаний: /home/runner/work/Disciples2-RL/Disciples2-RL/github_experiments/107/cities/seed107-cities-29407533776-1/plots/campaign_spell_cast_activity.png
