Проверка среды CampaignEnv...
Среда прошла проверку!
[INFO] Comet disabled, running without experiment tracking
Создание 12 параллельных сред (subproc)...
Инициализация MaskablePPO...
Using cpu device

============================================================
Запуск обучения Campaign Agent
Всего шагов: 1,000,000
Параллельных сред: 12
VecEnv: subproc
VecEnv start method: forkserver
Seed: 105
Checkpoint каждые: 500,000 шагов
Evaluation каждые: 83,334 шагов
Eval deterministic эпизодов: 20
Eval stochastic эпизодов: 0
Eval лимит шагов на эпизод: 5000
Campaign objective: cities
System resources at training start:
  Platform: Linux 6.17.0-1018-azure (x86_64)
  Python: 3.14.6
  PyTorch: 2.13.0+cpu
  Training device: cpu
  CPU model: AMD EPYC 7763 64-Core Processor
  CPU vendor: AuthenticAMD
  Logical CPUs visible: 4
  Process CPU affinity: 4
  Sockets: 1
  Cores per socket: 2
  Threads per core: 2
  CPU max MHz: unknown
  CPU min MHz: unknown
  L1d cache: 64 KiB (2 instances)
  L1i cache: 64 KiB (2 instances)
  L2 cache: 1 MiB (2 instances)
  L3 cache: 32 MiB (1 instance)
  Virtualization: AMD-V
  Hypervisor: Microsoft
  RAM total: 15.61 GiB
  RAM available at start: 13.94 GiB
  Disk total: 144.26 GiB
  Disk free at start: 86.14 GiB
  Torch intra-op threads: 4
  Torch inter-op threads: 2
  OMP_NUM_THREADS: 4
  MKL_NUM_THREADS: 4
  OPENBLAS_NUM_THREADS: 4
  GitHub runner OS: Linux
  GitHub runner architecture: X64
  GitHub runner environment: github-hosted
PPO n_steps: 2,048
PPO batch_size: 512
PPO n_epochs: 5
PPO learning_rate: 0.0003
PPO clip_range: 0.2
PPO ent_coef: 0.01
PPO gamma: 0.995
PPO gae_lambda: 0.95
PPO target_kl: disabled
PPO gradient batches per rollout: 240
VecCheckNan: disabled
Freeze action layout: enabled
Empire territory: enabled
Torch threads per process: 4
Diagnostics: disabled
Wall-clock training limit: disabled
Run ID: seed105-cities-29303997981-1
============================================================

Logging to /home/runner/work/Disciples2-RL/Disciples2-RL/github_experiments/105/cities/seed105-cities-29303997981-1/tensorboard/MaskablePPO_1
---------------------------------
| rollout/           |          |
|    ep_len_mean     | 246      |
|    ep_rew_mean     | 3.34     |
| time/              |          |
|    fps             | 437      |
|    iterations      | 1        |
|    time_elapsed    | 56       |
|    total_timesteps | 24576    |
---------------------------------
-----------------------------------------
| rollout/                |             |
|    ep_len_mean          | 346         |
|    ep_rew_mean          | 1.49        |
| time/                   |             |
|    fps                  | 407         |
|    iterations           | 2           |
|    time_elapsed         | 120         |
|    total_timesteps      | 49152       |
| train/                  |             |
|    approx_kl            | 0.010503203 |
|    clip_fraction        | 0.0817      |
|    clip_range           | 0.2         |
|    entropy_loss         | -2.21       |
|    explained_variance   | -0.044      |
|    learning_rate        | 0.0003      |
|    loss                 | 0.14        |
|    n_updates            | 5           |
|    policy_gradient_loss | -0.00683    |
|    value_loss           | 0.28        |
-----------------------------------------
-----------------------------------------
| rollout/                |             |
|    ep_len_mean          | 455         |
|    ep_rew_mean          | -1.3        |
| time/                   |             |
|    fps                  | 394         |
|    iterations           | 3           |
|    time_elapsed         | 187         |
|    total_timesteps      | 73728       |
| train/                  |             |
|    approx_kl            | 0.010273594 |
|    clip_fraction        | 0.108       |
|    clip_range           | 0.2         |
|    entropy_loss         | -2.11       |
|    explained_variance   | 0.554       |
|    learning_rate        | 0.0003      |
|    loss                 | 0.00868     |
|    n_updates            | 10          |
|    policy_gradient_loss | -0.00735    |
|    value_loss           | 0.0682      |
-----------------------------------------
-----------------------------------------
| rollout/                |             |
|    ep_len_mean          | 769         |
|    ep_rew_mean          | -9.14       |
| time/                   |             |
|    fps                  | 387         |
|    iterations           | 4           |
|    time_elapsed         | 253         |
|    total_timesteps      | 98304       |
| train/                  |             |
|    approx_kl            | 0.010324009 |
|    clip_fraction        | 0.102       |
|    clip_range           | 0.2         |
|    entropy_loss         | -2.13       |
|    explained_variance   | 0.786       |
|    learning_rate        | 0.0003      |
|    loss                 | -0.019      |
|    n_updates            | 15          |
|    policy_gradient_loss | -0.0067     |
|    value_loss           | 0.0187      |
-----------------------------------------
-----------------------------------------
| rollout/                |             |
|    ep_len_mean          | 798         |
|    ep_rew_mean          | -5.28       |
| time/                   |             |
|    fps                  | 385         |
|    iterations           | 5           |
|    time_elapsed         | 318         |
|    total_timesteps      | 122880      |
| train/                  |             |
|    approx_kl            | 0.010094364 |
|    clip_fraction        | 0.0887      |
|    clip_range           | 0.2         |
|    entropy_loss         | -2.19       |
|    explained_variance   | 0.85        |
|    learning_rate        | 0.0003      |
|    loss                 | -0.0149     |
|    n_updates            | 20          |
|    policy_gradient_loss | -0.00671    |
|    value_loss           | 0.0229      |
-----------------------------------------
----------------------------------------
| rollout/                |            |
|    ep_len_mean          | 399        |
|    ep_rew_mean          | 11.8       |
| time/                   |            |
|    fps                  | 385        |
|    iterations           | 6          |
|    time_elapsed         | 382        |
|    total_timesteps      | 147456     |
| train/                  |            |
|    approx_kl            | 0.01070774 |
|    clip_fraction        | 0.097      |
|    clip_range           | 0.2        |
|    entropy_loss         | -2.14      |
|    explained_variance   | 0.837      |
|    learning_rate        | 0.0003     |
|    loss                 | -0.0147    |
|    n_updates            | 25         |
|    policy_gradient_loss | -0.00861   |
|    value_loss           | 0.0366     |
----------------------------------------
----------------------------------------
| rollout/                |            |
|    ep_len_mean          | 331        |
|    ep_rew_mean          | 14.3       |
| time/                   |            |
|    fps                  | 384        |
|    iterations           | 7          |
|    time_elapsed         | 447        |
|    total_timesteps      | 172032     |
| train/                  |            |
|    approx_kl            | 0.01012709 |
|    clip_fraction        | 0.0926     |
|    clip_range           | 0.2        |
|    entropy_loss         | -2.15      |
|    explained_variance   | 0.847      |
|    learning_rate        | 0.0003     |
|    loss                 | -0.0175    |
|    n_updates            | 30         |
|    policy_gradient_loss | -0.0081    |
|    value_loss           | 0.0447     |
----------------------------------------
------------------------------------------
| rollout/                |              |
|    ep_len_mean          | 331          |
|    ep_rew_mean          | 17.8         |
| time/                   |              |
|    fps                  | 383          |
|    iterations           | 8            |
|    time_elapsed         | 512          |
|    total_timesteps      | 196608       |
| train/                  |              |
|    approx_kl            | 0.0084061995 |
|    clip_fraction        | 0.078        |
|    clip_range           | 0.2          |
|    entropy_loss         | -2.12        |
|    explained_variance   | 0.849        |
|    learning_rate        | 0.0003       |
|    loss                 | -0.0105      |
|    n_updates            | 35           |
|    policy_gradient_loss | -0.00646     |
|    value_loss           | 0.0476       |
------------------------------------------
-----------------------------------------
| rollout/                |             |
|    ep_len_mean          | 316         |
|    ep_rew_mean          | 18.6        |
| time/                   |             |
|    fps                  | 384         |
|    iterations           | 9           |
|    time_elapsed         | 575         |
|    total_timesteps      | 221184      |
| train/                  |             |
|    approx_kl            | 0.009763512 |
|    clip_fraction        | 0.0936      |
|    clip_range           | 0.2         |
|    entropy_loss         | -2.1        |
|    explained_variance   | 0.852       |
|    learning_rate        | 0.0003      |
|    loss                 | 0.00299     |
|    n_updates            | 40          |
|    policy_gradient_loss | -0.00768    |
|    value_loss           | 0.052       |
-----------------------------------------
-----------------------------------------
| rollout/                |             |
|    ep_len_mean          | 344         |
|    ep_rew_mean          | 20.5        |
| time/                   |             |
|    fps                  | 382         |
|    iterations           | 10          |
|    time_elapsed         | 641         |
|    total_timesteps      | 245760      |
| train/                  |             |
|    approx_kl            | 0.008309743 |
|    clip_fraction        | 0.0738      |
|    clip_range           | 0.2         |
|    entropy_loss         | -2.1        |
|    explained_variance   | 0.866       |
|    learning_rate        | 0.0003      |
|    loss                 | -0.00432    |
|    n_updates            | 45          |
|    policy_gradient_loss | -0.00559    |
|    value_loss           | 0.0511      |
-----------------------------------------
-----------------------------------------
| rollout/                |             |
|    ep_len_mean          | 337         |
|    ep_rew_mean          | 21.4        |
| time/                   |             |
|    fps                  | 383         |
|    iterations           | 11          |
|    time_elapsed         | 704         |
|    total_timesteps      | 270336      |
| train/                  |             |
|    approx_kl            | 0.009475437 |
|    clip_fraction        | 0.0882      |
|    clip_range           | 0.2         |
|    entropy_loss         | -2.07       |
|    explained_variance   | 0.846       |
|    learning_rate        | 0.0003      |
|    loss                 | 0.00163     |
|    n_updates            | 50          |
|    policy_gradient_loss | -0.00737    |
|    value_loss           | 0.051       |
-----------------------------------------
-----------------------------------------
| rollout/                |             |
|    ep_len_mean          | 329         |
|    ep_rew_mean          | 20.1        |
| time/                   |             |
|    fps                  | 383         |
|    iterations           | 12          |
|    time_elapsed         | 769         |
|    total_timesteps      | 294912      |
| train/                  |             |
|    approx_kl            | 0.009246913 |
|    clip_fraction        | 0.0905      |
|    clip_range           | 0.2         |
|    entropy_loss         | -2.02       |
|    explained_variance   | 0.839       |
|    learning_rate        | 0.0003      |
|    loss                 | -0.00415    |
|    n_updates            | 55          |
|    policy_gradient_loss | -0.00787    |
|    value_loss           | 0.0612      |
-----------------------------------------
---------------------------------------
| rollout/                |           |
|    ep_len_mean          | 372       |
|    ep_rew_mean          | 21.9      |
| time/                   |           |
|    fps                  | 384       |
|    iterations           | 13        |
|    time_elapsed         | 831       |
|    total_timesteps      | 319488    |
| train/                  |           |
|    approx_kl            | 0.0076009 |
|    clip_fraction        | 0.0681    |
|    clip_range           | 0.2       |
|    entropy_loss         | -1.98     |
|    explained_variance   | 0.867     |
|    learning_rate        | 0.0003    |
|    loss                 | -0.00592  |
|    n_updates            | 60        |
|    policy_gradient_loss | -0.00585  |
|    value_loss           | 0.0552    |
---------------------------------------
------------------------------------------
| rollout/                |              |
|    ep_len_mean          | 480          |
|    ep_rew_mean          | 23.3         |
| time/                   |              |
|    fps                  | 384          |
|    iterations           | 14           |
|    time_elapsed         | 894          |
|    total_timesteps      | 344064       |
| train/                  |              |
|    approx_kl            | 0.0084419185 |
|    clip_fraction        | 0.0794       |
|    clip_range           | 0.2          |
|    entropy_loss         | -1.94        |
|    explained_variance   | 0.871        |
|    learning_rate        | 0.0003       |
|    loss                 | 0.00755      |
|    n_updates            | 65           |
|    policy_gradient_loss | -0.00696     |
|    value_loss           | 0.0544       |
------------------------------------------
-----------------------------------------
| rollout/                |             |
|    ep_len_mean          | 561         |
|    ep_rew_mean          | 25.9        |
| time/                   |             |
|    fps                  | 385         |
|    iterations           | 15          |
|    time_elapsed         | 956         |
|    total_timesteps      | 368640      |
| train/                  |             |
|    approx_kl            | 0.008213856 |
|    clip_fraction        | 0.0722      |
|    clip_range           | 0.2         |
|    entropy_loss         | -1.9        |
|    explained_variance   | 0.914       |
|    learning_rate        | 0.0003      |
|    loss                 | -0.00968    |
|    n_updates            | 70          |
|    policy_gradient_loss | -0.00588    |
|    value_loss           | 0.0439      |
-----------------------------------------
-----------------------------------------
| rollout/                |             |
|    ep_len_mean          | 548         |
|    ep_rew_mean          | 31.6        |
| time/                   |             |
|    fps                  | 385         |
|    iterations           | 16          |
|    time_elapsed         | 1019        |
|    total_timesteps      | 393216      |
| train/                  |             |
|    approx_kl            | 0.008064933 |
|    clip_fraction        | 0.0819      |
|    clip_range           | 0.2         |
|    entropy_loss         | -1.9        |
|    explained_variance   | 0.871       |
|    learning_rate        | 0.0003      |
|    loss                 | 0.00421     |
|    n_updates            | 75          |
|    policy_gradient_loss | -0.00602    |
|    value_loss           | 0.0625      |
-----------------------------------------
-----------------------------------------
| rollout/                |             |
|    ep_len_mean          | 506         |
|    ep_rew_mean          | 35.6        |
| time/                   |             |
|    fps                  | 386         |
|    iterations           | 17          |
|    time_elapsed         | 1081        |
|    total_timesteps      | 417792      |
| train/                  |             |
|    approx_kl            | 0.007562649 |
|    clip_fraction        | 0.0651      |
|    clip_range           | 0.2         |
|    entropy_loss         | -1.88       |
|    explained_variance   | 0.86        |
|    learning_rate        | 0.0003      |
|    loss                 | 0.00932     |
|    n_updates            | 80          |
|    policy_gradient_loss | -0.00484    |
|    value_loss           | 0.0767      |
-----------------------------------------
------------------------------------------
| rollout/                |              |
|    ep_len_mean          | 431          |
|    ep_rew_mean          | 36.7         |
| time/                   |              |
|    fps                  | 386          |
|    iterations           | 18           |
|    time_elapsed         | 1144         |
|    total_timesteps      | 442368       |
| train/                  |              |
|    approx_kl            | 0.0072410763 |
|    clip_fraction        | 0.0676       |
|    clip_range           | 0.2          |
|    entropy_loss         | -1.86        |
|    explained_variance   | 0.859        |
|    learning_rate        | 0.0003       |
|    loss                 | 0.00984      |
|    n_updates            | 85           |
|    policy_gradient_loss | -0.00563     |
|    value_loss           | 0.0687       |
------------------------------------------
------------------------------------------
| rollout/                |              |
|    ep_len_mean          | 469          |
|    ep_rew_mean          | 42.9         |
| time/                   |              |
|    fps                  | 387          |
|    iterations           | 19           |
|    time_elapsed         | 1205         |
|    total_timesteps      | 466944       |
| train/                  |              |
|    approx_kl            | 0.0077386983 |
|    clip_fraction        | 0.0653       |
|    clip_range           | 0.2          |
|    entropy_loss         | -1.86        |
|    explained_variance   | 0.863        |
|    learning_rate        | 0.0003       |
|    loss                 | 0.0138       |
|    n_updates            | 90           |
|    policy_gradient_loss | -0.00542     |
|    value_loss           | 0.0704       |
------------------------------------------
-----------------------------------------
| rollout/                |             |
|    ep_len_mean          | 557         |
|    ep_rew_mean          | 51.1        |
| time/                   |             |
|    fps                  | 387         |
|    iterations           | 20          |
|    time_elapsed         | 1267        |
|    total_timesteps      | 491520      |
| train/                  |             |
|    approx_kl            | 0.007893738 |
|    clip_fraction        | 0.0806      |
|    clip_range           | 0.2         |
|    entropy_loss         | -1.83       |
|    explained_variance   | 0.829       |
|    learning_rate        | 0.0003      |
|    loss                 | 0.00456     |
|    n_updates            | 95          |
|    policy_gradient_loss | -0.0053     |
|    value_loss           | 0.0722      |
-----------------------------------------
[Checkpoint] Saved at 500000 steps > /home/runner/work/Disciples2-RL/Disciples2-RL/github_experiments/105/cities/seed105-cities-29303997981-1/checkpoints/campaign_ppo_step_500000.zip
-----------------------------------------
| rollout/                |             |
|    ep_len_mean          | 587         |
|    ep_rew_mean          | 56.3        |
| time/                   |             |
|    fps                  | 388         |
|    iterations           | 21          |
|    time_elapsed         | 1328        |
|    total_timesteps      | 516096      |
| train/                  |             |
|    approx_kl            | 0.008625047 |
|    clip_fraction        | 0.0722      |
|    clip_range           | 0.2         |
|    entropy_loss         | -1.86       |
|    explained_variance   | 0.831       |
|    learning_rate        | 0.0003      |
|    loss                 | 0.00236     |
|    n_updates            | 100         |
|    policy_gradient_loss | -0.00557    |
|    value_loss           | 0.0774      |
-----------------------------------------
-----------------------------------------
| rollout/                |             |
|    ep_len_mean          | 574         |
|    ep_rew_mean          | 56.2        |
| time/                   |             |
|    fps                  | 388         |
|    iterations           | 22          |
|    time_elapsed         | 1390        |
|    total_timesteps      | 540672      |
| train/                  |             |
|    approx_kl            | 0.008001187 |
|    clip_fraction        | 0.0618      |
|    clip_range           | 0.2         |
|    entropy_loss         | -1.84       |
|    explained_variance   | 0.845       |
|    learning_rate        | 0.0003      |
|    loss                 | 0.0105      |
|    n_updates            | 105         |
|    policy_gradient_loss | -0.00467    |
|    value_loss           | 0.0779      |
-----------------------------------------
------------------------------------------
| rollout/                |              |
|    ep_len_mean          | 531          |
|    ep_rew_mean          | 55           |
| time/                   |              |
|    fps                  | 389          |
|    iterations           | 23           |
|    time_elapsed         | 1451         |
|    total_timesteps      | 565248       |
| train/                  |              |
|    approx_kl            | 0.0069405404 |
|    clip_fraction        | 0.0594       |
|    clip_range           | 0.2          |
|    entropy_loss         | -1.78        |
|    explained_variance   | 0.8          |
|    learning_rate        | 0.0003       |
|    loss                 | 0.00852      |
|    n_updates            | 110          |
|    policy_gradient_loss | -0.00394     |
|    value_loss           | 0.0969       |
------------------------------------------
-----------------------------------------
| rollout/                |             |
|    ep_len_mean          | 682         |
|    ep_rew_mean          | 60.1        |
| time/                   |             |
|    fps                  | 390         |
|    iterations           | 24          |
|    time_elapsed         | 1510        |
|    total_timesteps      | 589824      |
| train/                  |             |
|    approx_kl            | 0.007929291 |
|    clip_fraction        | 0.0636      |
|    clip_range           | 0.2         |
|    entropy_loss         | -1.84       |
|    explained_variance   | 0.849       |
|    learning_rate        | 0.0003      |
|    loss                 | 0.0222      |
|    n_updates            | 115         |
|    policy_gradient_loss | -0.0042     |
|    value_loss           | 0.0737      |
-----------------------------------------
-----------------------------------------
| rollout/                |             |
|    ep_len_mean          | 657         |
|    ep_rew_mean          | 61.5        |
| time/                   |             |
|    fps                  | 391         |
|    iterations           | 25          |
|    time_elapsed         | 1569        |
|    total_timesteps      | 614400      |
| train/                  |             |
|    approx_kl            | 0.006138059 |
|    clip_fraction        | 0.0582      |
|    clip_range           | 0.2         |
|    entropy_loss         | -1.79       |
|    explained_variance   | 0.877       |
|    learning_rate        | 0.0003      |
|    loss                 | 0.000661    |
|    n_updates            | 120         |
|    policy_gradient_loss | -0.00501    |
|    value_loss           | 0.0608      |
-----------------------------------------
------------------------------------------
| rollout/                |              |
|    ep_len_mean          | 596          |
|    ep_rew_mean          | 53.3         |
| time/                   |              |
|    fps                  | 392          |
|    iterations           | 26           |
|    time_elapsed         | 1629         |
|    total_timesteps      | 638976       |
| train/                  |              |
|    approx_kl            | 0.0072701364 |
|    clip_fraction        | 0.071        |
|    clip_range           | 0.2          |
|    entropy_loss         | -1.68        |
|    explained_variance   | 0.76         |
|    learning_rate        | 0.0003       |
|    loss                 | 0.0217       |
|    n_updates            | 125          |
|    policy_gradient_loss | -0.00511     |
|    value_loss           | 0.0813       |
------------------------------------------
-----------------------------------------
| rollout/                |             |
|    ep_len_mean          | 621         |
|    ep_rew_mean          | 56.2        |
| time/                   |             |
|    fps                  | 392         |
|    iterations           | 27          |
|    time_elapsed         | 1690        |
|    total_timesteps      | 663552      |
| train/                  |             |
|    approx_kl            | 0.009912909 |
|    clip_fraction        | 0.0781      |
|    clip_range           | 0.2         |
|    entropy_loss         | -1.66       |
|    explained_variance   | 0.806       |
|    learning_rate        | 0.0003      |
|    loss                 | 0.00876     |
|    n_updates            | 130         |
|    policy_gradient_loss | -0.00539    |
|    value_loss           | 0.0668      |
-----------------------------------------
------------------------------------------
| rollout/                |              |
|    ep_len_mean          | 684          |
|    ep_rew_mean          | 58.7         |
| time/                   |              |
|    fps                  | 393          |
|    iterations           | 28           |
|    time_elapsed         | 1750         |
|    total_timesteps      | 688128       |
| train/                  |              |
|    approx_kl            | 0.0071026646 |
|    clip_fraction        | 0.0619       |
|    clip_range           | 0.2          |
|    entropy_loss         | -1.74        |
|    explained_variance   | 0.841        |
|    learning_rate        | 0.0003       |
|    loss                 | 0.00851      |
|    n_updates            | 135          |
|    policy_gradient_loss | -0.00408     |
|    value_loss           | 0.0672       |
------------------------------------------
-----------------------------------------
| rollout/                |             |
|    ep_len_mean          | 590         |
|    ep_rew_mean          | 64.9        |
| time/                   |             |
|    fps                  | 393         |
|    iterations           | 29          |
|    time_elapsed         | 1811        |
|    total_timesteps      | 712704      |
| train/                  |             |
|    approx_kl            | 0.007523013 |
|    clip_fraction        | 0.0607      |
|    clip_range           | 0.2         |
|    entropy_loss         | -1.68       |
|    explained_variance   | 0.841       |
|    learning_rate        | 0.0003      |
|    loss                 | 0.0109      |
|    n_updates            | 140         |
|    policy_gradient_loss | -0.00406    |
|    value_loss           | 0.0618      |
-----------------------------------------
-----------------------------------------
| rollout/                |             |
|    ep_len_mean          | 687         |
|    ep_rew_mean          | 63.2        |
| time/                   |             |
|    fps                  | 393         |
|    iterations           | 30          |
|    time_elapsed         | 1872        |
|    total_timesteps      | 737280      |
| train/                  |             |
|    approx_kl            | 0.007114245 |
|    clip_fraction        | 0.0566      |
|    clip_range           | 0.2         |
|    entropy_loss         | -1.71       |
|    explained_variance   | 0.848       |
|    learning_rate        | 0.0003      |
|    loss                 | 0.00213     |
|    n_updates            | 145         |
|    policy_gradient_loss | -0.00351    |
|    value_loss           | 0.0584      |
-----------------------------------------
-----------------------------------------
| rollout/                |             |
|    ep_len_mean          | 711         |
|    ep_rew_mean          | 60.1        |
| time/                   |             |
|    fps                  | 393         |
|    iterations           | 31          |
|    time_elapsed         | 1934        |
|    total_timesteps      | 761856      |
| train/                  |             |
|    approx_kl            | 0.007919193 |
|    clip_fraction        | 0.0672      |
|    clip_range           | 0.2         |
|    entropy_loss         | -1.75       |
|    explained_variance   | 0.901       |
|    learning_rate        | 0.0003      |
|    loss                 | -9.07e-05   |
|    n_updates            | 150         |
|    policy_gradient_loss | -0.00473    |
|    value_loss           | 0.0534      |
-----------------------------------------
------------------------------------------
| rollout/                |              |
|    ep_len_mean          | 766          |
|    ep_rew_mean          | 62.9         |
| time/                   |              |
|    fps                  | 393          |
|    iterations           | 32           |
|    time_elapsed         | 1997         |
|    total_timesteps      | 786432       |
| train/                  |              |
|    approx_kl            | 0.0068656574 |
|    clip_fraction        | 0.0539       |
|    clip_range           | 0.2          |
|    entropy_loss         | -1.68        |
|    explained_variance   | 0.862        |
|    learning_rate        | 0.0003       |
|    loss                 | 0.00552      |
|    n_updates            | 155          |
|    policy_gradient_loss | -0.00438     |
|    value_loss           | 0.0632       |
------------------------------------------
-----------------------------------------
| rollout/                |             |
|    ep_len_mean          | 833         |
|    ep_rew_mean          | 66.5        |
| time/                   |             |
|    fps                  | 393         |
|    iterations           | 33          |
|    time_elapsed         | 2058        |
|    total_timesteps      | 811008      |
| train/                  |             |
|    approx_kl            | 0.008561437 |
|    clip_fraction        | 0.0974      |
|    clip_range           | 0.2         |
|    entropy_loss         | -1.77       |
|    explained_variance   | 0.899       |
|    learning_rate        | 0.0003      |
|    loss                 | -0.00671    |
|    n_updates            | 160         |
|    policy_gradient_loss | -0.00565    |
|    value_loss           | 0.0483      |
-----------------------------------------
-----------------------------------------
| rollout/                |             |
|    ep_len_mean          | 863         |
|    ep_rew_mean          | 72.6        |
| time/                   |             |
|    fps                  | 394         |
|    iterations           | 34          |
|    time_elapsed         | 2119        |
|    total_timesteps      | 835584      |
| train/                  |             |
|    approx_kl            | 0.007224249 |
|    clip_fraction        | 0.0604      |
|    clip_range           | 0.2         |
|    entropy_loss         | -1.76       |
|    explained_variance   | 0.926       |
|    learning_rate        | 0.0003      |
|    loss                 | -0.00758    |
|    n_updates            | 165         |
|    policy_gradient_loss | -0.0044     |
|    value_loss           | 0.0454      |
-----------------------------------------
-----------------------------------------
| rollout/                |             |
|    ep_len_mean          | 784         |
|    ep_rew_mean          | 70.4        |
| time/                   |             |
|    fps                  | 394         |
|    iterations           | 35          |
|    time_elapsed         | 2180        |
|    total_timesteps      | 860160      |
| train/                  |             |
|    approx_kl            | 0.008274047 |
|    clip_fraction        | 0.0663      |
|    clip_range           | 0.2         |
|    entropy_loss         | -1.68       |
|    explained_variance   | 0.898       |
|    learning_rate        | 0.0003      |
|    loss                 | 0.00658     |
|    n_updates            | 170         |
|    policy_gradient_loss | -0.00381    |
|    value_loss           | 0.0633      |
-----------------------------------------
-----------------------------------------
| rollout/                |             |
|    ep_len_mean          | 712         |
|    ep_rew_mean          | 65.3        |
| time/                   |             |
|    fps                  | 394         |
|    iterations           | 36          |
|    time_elapsed         | 2242        |
|    total_timesteps      | 884736      |
| train/                  |             |
|    approx_kl            | 0.008490436 |
|    clip_fraction        | 0.0698      |
|    clip_range           | 0.2         |
|    entropy_loss         | -1.7        |
|    explained_variance   | 0.937       |
|    learning_rate        | 0.0003      |
|    loss                 | 0.000144    |
|    n_updates            | 175         |
|    policy_gradient_loss | -0.00417    |
|    value_loss           | 0.0526      |
-----------------------------------------
----------------------------------------
| rollout/                |            |
|    ep_len_mean          | 736        |
|    ep_rew_mean          | 71.6       |
| time/                   |            |
|    fps                  | 394        |
|    iterations           | 37         |
|    time_elapsed         | 2304       |
|    total_timesteps      | 909312     |
| train/                  |            |
|    approx_kl            | 0.00729431 |
|    clip_fraction        | 0.0607     |
|    clip_range           | 0.2        |
|    entropy_loss         | -1.7       |
|    explained_variance   | 0.893      |
|    learning_rate        | 0.0003     |
|    loss                 | 0.00308    |
|    n_updates            | 180        |
|    policy_gradient_loss | -0.0039    |
|    value_loss           | 0.0636     |
----------------------------------------
------------------------------------------
| rollout/                |              |
|    ep_len_mean          | 786          |
|    ep_rew_mean          | 77           |
| time/                   |              |
|    fps                  | 394          |
|    iterations           | 38           |
|    time_elapsed         | 2364         |
|    total_timesteps      | 933888       |
| train/                  |              |
|    approx_kl            | 0.0064481143 |
|    clip_fraction        | 0.0594       |
|    clip_range           | 0.2          |
|    entropy_loss         | -1.67        |
|    explained_variance   | 0.867        |
|    learning_rate        | 0.0003       |
|    loss                 | -0.00486     |
|    n_updates            | 185          |
|    policy_gradient_loss | -0.00468     |
|    value_loss           | 0.0555       |
------------------------------------------
------------------------------------------
| rollout/                |              |
|    ep_len_mean          | 758          |
|    ep_rew_mean          | 87.8         |
| time/                   |              |
|    fps                  | 395          |
|    iterations           | 39           |
|    time_elapsed         | 2426         |
|    total_timesteps      | 958464       |
| train/                  |              |
|    approx_kl            | 0.0068769357 |
|    clip_fraction        | 0.0615       |
|    clip_range           | 0.2          |
|    entropy_loss         | -1.66        |
|    explained_variance   | 0.857        |
|    learning_rate        | 0.0003       |
|    loss                 | 0.00866      |
|    n_updates            | 190          |
|    policy_gradient_loss | -0.00424     |
|    value_loss           | 0.0609       |
------------------------------------------
------------------------------------------
| rollout/                |              |
|    ep_len_mean          | 731          |
|    ep_rew_mean          | 87.2         |
| time/                   |              |
|    fps                  | 395          |
|    iterations           | 40           |
|    time_elapsed         | 2488         |
|    total_timesteps      | 983040       |
| train/                  |              |
|    approx_kl            | 0.0071420954 |
|    clip_fraction        | 0.0542       |
|    clip_range           | 0.2          |
|    entropy_loss         | -1.6         |
|    explained_variance   | 0.83         |
|    learning_rate        | 0.0003       |
|    loss                 | 0.0158       |
|    n_updates            | 195          |
|    policy_gradient_loss | -0.00367     |
|    value_loss           | 0.0804       |
------------------------------------------
[Checkpoint] Saved at 1000000 steps > /home/runner/work/Disciples2-RL/Disciples2-RL/github_experiments/105/cities/seed105-cities-29303997981-1/checkpoints/campaign_ppo_step_1000000.zip
Eval num_timesteps=1000008, det_reward=9.49 +/- 111.98
Episode length: det=1483.45 +/- 1808.64
Victory rate: det=0.00%
-------------------------------------------------
| eval/                           |             |
|    deterministic_mean_ep_length | 1.48e+03    |
|    deterministic_mean_reward    | 9.49        |
|    deterministic_victory_rate   | 0           |
|    mean_ep_length               | 1.48e+03    |
|    mean_reward                  | 9.49        |
|    victory_rate                 | 0           |
| time/                           |             |
|    total_timesteps              | 1000008     |
| train/                          |             |
|    approx_kl                    | 0.006616652 |
|    clip_fraction                | 0.0551      |
|    clip_range                   | 0.2         |
|    entropy_loss                 | -1.68       |
|    explained_variance           | 0.888       |
|    learning_rate                | 0.0003      |
|    loss                         | 0.0159      |
|    n_updates                    | 200         |
|    policy_gradient_loss         | -0.00377    |
|    value_loss                   | 0.0697      |
-------------------------------------------------
New best model by deterministic victory rate!
---------------------------------
| rollout/           |          |
|    ep_len_mean     | 731      |
|    ep_rew_mean     | 81.7     |
| time/              |          |
|    fps             | 378      |
|    iterations      | 41       |
|    time_elapsed    | 2659     |
|    total_timesteps | 1007616  |
---------------------------------
VecNormalize stats saved: /home/runner/work/Disciples2-RL/Disciples2-RL/github_experiments/105/cities/seed105-cities-29303997981-1/models/vecnormalize.pkl

Финальная модель сохранена: /home/runner/work/Disciples2-RL/Disciples2-RL/github_experiments/105/cities/seed105-cities-29303997981-1/models/final_model.zip

============================================================
ИТОГИ ОБУЧЕНИЯ:
  Побед: 18
  Поражений: 1808
  Таймаутов: 1
  Побед бота столицы над врагами: 0
  Перестановок юнитов: 231221
  Winrate: 1.0%
============================================================
  График призывов за эпизод: /home/runner/work/Disciples2-RL/Disciples2-RL/github_experiments/105/cities/seed105-cities-29303997981-1/plots/campaign_summoned_units_per_episode.png
  График призывов за всё обучение: /home/runner/work/Disciples2-RL/Disciples2-RL/github_experiments/105/cities/seed105-cities-29303997981-1/plots/campaign_summoned_units_cumulative.png
  График найма за эпизод: /home/runner/work/Disciples2-RL/Disciples2-RL/github_experiments/105/cities/seed105-cities-29303997981-1/plots/campaign_hired_units_per_episode.png
  График найма за всё обучение: /home/runner/work/Disciples2-RL/Disciples2-RL/github_experiments/105/cities/seed105-cities-29303997981-1/plots/campaign_hired_units_cumulative.png
  График перестановок юнитов за эпизод: /home/runner/work/Disciples2-RL/Disciples2-RL/github_experiments/105/cities/seed105-cities-29303997981-1/plots/campaign_unit_swaps_per_episode.png
  График боевых предметов: /home/runner/work/Disciples2-RL/Disciples2-RL/github_experiments/105/cities/seed105-cities-29303997981-1/plots/campaign_battle_item_activity.png
  График побед бота столицы за эпизод: /home/runner/work/Disciples2-RL/Disciples2-RL/github_experiments/105/cities/seed105-cities-29303997981-1/plots/campaign_scripted_bot_victories_per_episode.png
  График применения заклинаний: /home/runner/work/Disciples2-RL/Disciples2-RL/github_experiments/105/cities/seed105-cities-29303997981-1/plots/campaign_spell_cast_activity.png
