Проверка среды CampaignEnv...
Среда прошла проверку!
[INFO] Comet disabled, running without experiment tracking
Создание 12 параллельных сред (subproc)...
Инициализация MaskablePPO...
Using cpu device

============================================================
Запуск обучения Campaign Agent
Всего шагов: 1,000,000
Параллельных сред: 12
VecEnv: subproc
VecEnv start method: forkserver
Seed: 104
Checkpoint каждые: 500,000 шагов
Evaluation каждые: 83,334 шагов
Eval deterministic эпизодов: 20
Eval stochastic эпизодов: 0
Eval лимит шагов на эпизод: 5000
Campaign objective: cities
System resources at training start:
  Platform: Linux 6.17.0-1018-azure (x86_64)
  Python: 3.14.6
  PyTorch: 2.13.0+cpu
  Training device: cpu
  CPU model: AMD EPYC 9V74 80-Core Processor
  CPU vendor: AuthenticAMD
  Logical CPUs visible: 4
  Process CPU affinity: 4
  Sockets: 1
  Cores per socket: 2
  Threads per core: 2
  CPU max MHz: unknown
  CPU min MHz: unknown
  L1d cache: 64 KiB (2 instances)
  L1i cache: 64 KiB (2 instances)
  L2 cache: 2 MiB (2 instances)
  L3 cache: 32 MiB (1 instance)
  Virtualization: AMD-V
  Hypervisor: Microsoft
  RAM total: 15.61 GiB
  RAM available at start: 13.93 GiB
  Disk total: 144.26 GiB
  Disk free at start: 86.23 GiB
  Torch intra-op threads: 4
  Torch inter-op threads: 2
  OMP_NUM_THREADS: 4
  MKL_NUM_THREADS: 4
  OPENBLAS_NUM_THREADS: 4
  GitHub runner OS: Linux
  GitHub runner architecture: X64
  GitHub runner environment: github-hosted
PPO n_steps: 2,048
PPO batch_size: 512
PPO n_epochs: 5
PPO learning_rate: 0.0003
PPO clip_range: 0.2
PPO ent_coef: 0.01
PPO gamma: 0.995
PPO gae_lambda: 0.95
PPO target_kl: disabled
PPO gradient batches per rollout: 240
VecCheckNan: disabled
Freeze action layout: enabled
Empire territory: enabled
Torch threads per process: 4
Diagnostics: disabled
Wall-clock training limit: disabled
Run ID: seed104-cities-29261341553-1
============================================================

Logging to /home/runner/work/Disciples2-RL/Disciples2-RL/github_experiments/104/cities/seed104-cities-29261341553-1/tensorboard/MaskablePPO_1
---------------------------------
| rollout/           |          |
|    ep_len_mean     | 259      |
|    ep_rew_mean     | 4.23     |
| time/              |          |
|    fps             | 438      |
|    iterations      | 1        |
|    time_elapsed    | 56       |
|    total_timesteps | 24576    |
---------------------------------
------------------------------------------
| rollout/                |              |
|    ep_len_mean          | 268          |
|    ep_rew_mean          | 3.89         |
| time/                   |              |
|    fps                  | 416          |
|    iterations           | 2            |
|    time_elapsed         | 118          |
|    total_timesteps      | 49152        |
| train/                  |              |
|    approx_kl            | 0.0096313255 |
|    clip_fraction        | 0.0672       |
|    clip_range           | 0.2          |
|    entropy_loss         | -2.22        |
|    explained_variance   | 0.192        |
|    learning_rate        | 0.0003       |
|    loss                 | 0.0507       |
|    n_updates            | 5            |
|    policy_gradient_loss | -0.00605     |
|    value_loss           | 0.259        |
------------------------------------------
-----------------------------------------
| rollout/                |             |
|    ep_len_mean          | 332         |
|    ep_rew_mean          | 3.47        |
| time/                   |             |
|    fps                  | 405         |
|    iterations           | 3           |
|    time_elapsed         | 181         |
|    total_timesteps      | 73728       |
| train/                  |             |
|    approx_kl            | 0.009920849 |
|    clip_fraction        | 0.101       |
|    clip_range           | 0.2         |
|    entropy_loss         | -2.22       |
|    explained_variance   | 0.674       |
|    learning_rate        | 0.0003      |
|    loss                 | 0.0548      |
|    n_updates            | 10          |
|    policy_gradient_loss | -0.00812    |
|    value_loss           | 0.157       |
-----------------------------------------
-----------------------------------------
| rollout/                |             |
|    ep_len_mean          | 484         |
|    ep_rew_mean          | 1.59        |
| time/                   |             |
|    fps                  | 399         |
|    iterations           | 4           |
|    time_elapsed         | 245         |
|    total_timesteps      | 98304       |
| train/                  |             |
|    approx_kl            | 0.010721304 |
|    clip_fraction        | 0.104       |
|    clip_range           | 0.2         |
|    entropy_loss         | -2.22       |
|    explained_variance   | 0.818       |
|    learning_rate        | 0.0003      |
|    loss                 | 0.00772     |
|    n_updates            | 15          |
|    policy_gradient_loss | -0.00852    |
|    value_loss           | 0.0744      |
-----------------------------------------
-----------------------------------------
| rollout/                |             |
|    ep_len_mean          | 421         |
|    ep_rew_mean          | 8.25        |
| time/                   |             |
|    fps                  | 395         |
|    iterations           | 5           |
|    time_elapsed         | 310         |
|    total_timesteps      | 122880      |
| train/                  |             |
|    approx_kl            | 0.009750981 |
|    clip_fraction        | 0.0997      |
|    clip_range           | 0.2         |
|    entropy_loss         | -2.12       |
|    explained_variance   | 0.869       |
|    learning_rate        | 0.0003      |
|    loss                 | -0.0222     |
|    n_updates            | 20          |
|    policy_gradient_loss | -0.00912    |
|    value_loss           | 0.0582      |
-----------------------------------------
-----------------------------------------
| rollout/                |             |
|    ep_len_mean          | 416         |
|    ep_rew_mean          | 11.8        |
| time/                   |             |
|    fps                  | 391         |
|    iterations           | 6           |
|    time_elapsed         | 376         |
|    total_timesteps      | 147456      |
| train/                  |             |
|    approx_kl            | 0.008939858 |
|    clip_fraction        | 0.0798      |
|    clip_range           | 0.2         |
|    entropy_loss         | -2.09       |
|    explained_variance   | 0.863       |
|    learning_rate        | 0.0003      |
|    loss                 | -0.00556    |
|    n_updates            | 25          |
|    policy_gradient_loss | -0.00674    |
|    value_loss           | 0.0642      |
-----------------------------------------
-----------------------------------------
| rollout/                |             |
|    ep_len_mean          | 393         |
|    ep_rew_mean          | 15.1        |
| time/                   |             |
|    fps                  | 391         |
|    iterations           | 7           |
|    time_elapsed         | 439         |
|    total_timesteps      | 172032      |
| train/                  |             |
|    approx_kl            | 0.011327381 |
|    clip_fraction        | 0.115       |
|    clip_range           | 0.2         |
|    entropy_loss         | -2.04       |
|    explained_variance   | 0.864       |
|    learning_rate        | 0.0003      |
|    loss                 | 0.000318    |
|    n_updates            | 30          |
|    policy_gradient_loss | -0.00992    |
|    value_loss           | 0.0692      |
-----------------------------------------
-----------------------------------------
| rollout/                |             |
|    ep_len_mean          | 335         |
|    ep_rew_mean          | 17.3        |
| time/                   |             |
|    fps                  | 392         |
|    iterations           | 8           |
|    time_elapsed         | 500         |
|    total_timesteps      | 196608      |
| train/                  |             |
|    approx_kl            | 0.010286346 |
|    clip_fraction        | 0.119       |
|    clip_range           | 0.2         |
|    entropy_loss         | -2.04       |
|    explained_variance   | 0.845       |
|    learning_rate        | 0.0003      |
|    loss                 | 0.0044      |
|    n_updates            | 35          |
|    policy_gradient_loss | -0.00905    |
|    value_loss           | 0.0754      |
-----------------------------------------
-----------------------------------------
| rollout/                |             |
|    ep_len_mean          | 279         |
|    ep_rew_mean          | 18.6        |
| time/                   |             |
|    fps                  | 395         |
|    iterations           | 9           |
|    time_elapsed         | 559         |
|    total_timesteps      | 221184      |
| train/                  |             |
|    approx_kl            | 0.009455937 |
|    clip_fraction        | 0.126       |
|    clip_range           | 0.2         |
|    entropy_loss         | -2.05       |
|    explained_variance   | 0.819       |
|    learning_rate        | 0.0003      |
|    loss                 | 0.00884     |
|    n_updates            | 40          |
|    policy_gradient_loss | -0.0089     |
|    value_loss           | 0.091       |
-----------------------------------------
-----------------------------------------
| rollout/                |             |
|    ep_len_mean          | 249         |
|    ep_rew_mean          | 20.4        |
| time/                   |             |
|    fps                  | 396         |
|    iterations           | 10          |
|    time_elapsed         | 619         |
|    total_timesteps      | 245760      |
| train/                  |             |
|    approx_kl            | 0.009263611 |
|    clip_fraction        | 0.11        |
|    clip_range           | 0.2         |
|    entropy_loss         | -2.04       |
|    explained_variance   | 0.775       |
|    learning_rate        | 0.0003      |
|    loss                 | 0.013       |
|    n_updates            | 45          |
|    policy_gradient_loss | -0.00754    |
|    value_loss           | 0.107       |
-----------------------------------------
-----------------------------------------
| rollout/                |             |
|    ep_len_mean          | 219         |
|    ep_rew_mean          | 19.6        |
| time/                   |             |
|    fps                  | 398         |
|    iterations           | 11          |
|    time_elapsed         | 679         |
|    total_timesteps      | 270336      |
| train/                  |             |
|    approx_kl            | 0.008186177 |
|    clip_fraction        | 0.088       |
|    clip_range           | 0.2         |
|    entropy_loss         | -2          |
|    explained_variance   | 0.768       |
|    learning_rate        | 0.0003      |
|    loss                 | 0.0265      |
|    n_updates            | 50          |
|    policy_gradient_loss | -0.00597    |
|    value_loss           | 0.115       |
-----------------------------------------
------------------------------------------
| rollout/                |              |
|    ep_len_mean          | 239          |
|    ep_rew_mean          | 22.8         |
| time/                   |              |
|    fps                  | 398          |
|    iterations           | 12           |
|    time_elapsed         | 739          |
|    total_timesteps      | 294912       |
| train/                  |              |
|    approx_kl            | 0.0070892274 |
|    clip_fraction        | 0.0633       |
|    clip_range           | 0.2          |
|    entropy_loss         | -2           |
|    explained_variance   | 0.79         |
|    learning_rate        | 0.0003       |
|    loss                 | 0.0312       |
|    n_updates            | 55           |
|    policy_gradient_loss | -0.00493     |
|    value_loss           | 0.132        |
------------------------------------------
----------------------------------------
| rollout/                |            |
|    ep_len_mean          | 285        |
|    ep_rew_mean          | 23         |
| time/                   |            |
|    fps                  | 400        |
|    iterations           | 13         |
|    time_elapsed         | 797        |
|    total_timesteps      | 319488     |
| train/                  |            |
|    approx_kl            | 0.00843905 |
|    clip_fraction        | 0.0701     |
|    clip_range           | 0.2        |
|    entropy_loss         | -1.96      |
|    explained_variance   | 0.869      |
|    learning_rate        | 0.0003     |
|    loss                 | 0.0341     |
|    n_updates            | 60         |
|    policy_gradient_loss | -0.00571   |
|    value_loss           | 0.116      |
----------------------------------------
-----------------------------------------
| rollout/                |             |
|    ep_len_mean          | 224         |
|    ep_rew_mean          | 24.6        |
| time/                   |             |
|    fps                  | 403         |
|    iterations           | 14          |
|    time_elapsed         | 853         |
|    total_timesteps      | 344064      |
| train/                  |             |
|    approx_kl            | 0.007298542 |
|    clip_fraction        | 0.0723      |
|    clip_range           | 0.2         |
|    entropy_loss         | -1.89       |
|    explained_variance   | 0.879       |
|    learning_rate        | 0.0003      |
|    loss                 | 0.0373      |
|    n_updates            | 65          |
|    policy_gradient_loss | -0.00574    |
|    value_loss           | 0.112       |
-----------------------------------------
------------------------------------------
| rollout/                |              |
|    ep_len_mean          | 209          |
|    ep_rew_mean          | 24.3         |
| time/                   |              |
|    fps                  | 404          |
|    iterations           | 15           |
|    time_elapsed         | 910          |
|    total_timesteps      | 368640       |
| train/                  |              |
|    approx_kl            | 0.0068801045 |
|    clip_fraction        | 0.0665       |
|    clip_range           | 0.2          |
|    entropy_loss         | -1.87        |
|    explained_variance   | 0.803        |
|    learning_rate        | 0.0003       |
|    loss                 | 0.0343       |
|    n_updates            | 70           |
|    policy_gradient_loss | -0.00476     |
|    value_loss           | 0.131        |
------------------------------------------
-----------------------------------------
| rollout/                |             |
|    ep_len_mean          | 233         |
|    ep_rew_mean          | 27.7        |
| time/                   |             |
|    fps                  | 406         |
|    iterations           | 16          |
|    time_elapsed         | 968         |
|    total_timesteps      | 393216      |
| train/                  |             |
|    approx_kl            | 0.007176517 |
|    clip_fraction        | 0.0705      |
|    clip_range           | 0.2         |
|    entropy_loss         | -1.85       |
|    explained_variance   | 0.844       |
|    learning_rate        | 0.0003      |
|    loss                 | 0.0256      |
|    n_updates            | 75          |
|    policy_gradient_loss | -0.00616    |
|    value_loss           | 0.129       |
-----------------------------------------
------------------------------------------
| rollout/                |              |
|    ep_len_mean          | 357          |
|    ep_rew_mean          | 30.8         |
| time/                   |              |
|    fps                  | 406          |
|    iterations           | 17           |
|    time_elapsed         | 1026         |
|    total_timesteps      | 417792       |
| train/                  |              |
|    approx_kl            | 0.0071201636 |
|    clip_fraction        | 0.0608       |
|    clip_range           | 0.2          |
|    entropy_loss         | -1.85        |
|    explained_variance   | 0.904        |
|    learning_rate        | 0.0003       |
|    loss                 | 0.0157       |
|    n_updates            | 80           |
|    policy_gradient_loss | -0.00468     |
|    value_loss           | 0.101        |
------------------------------------------
-----------------------------------------
| rollout/                |             |
|    ep_len_mean          | 306         |
|    ep_rew_mean          | 29          |
| time/                   |             |
|    fps                  | 408         |
|    iterations           | 18          |
|    time_elapsed         | 1083        |
|    total_timesteps      | 442368      |
| train/                  |             |
|    approx_kl            | 0.007235907 |
|    clip_fraction        | 0.0586      |
|    clip_range           | 0.2         |
|    entropy_loss         | -1.83       |
|    explained_variance   | 0.933       |
|    learning_rate        | 0.0003      |
|    loss                 | 0.0337      |
|    n_updates            | 85          |
|    policy_gradient_loss | -0.00472    |
|    value_loss           | 0.0871      |
-----------------------------------------
-----------------------------------------
| rollout/                |             |
|    ep_len_mean          | 321         |
|    ep_rew_mean          | 27.6        |
| time/                   |             |
|    fps                  | 409         |
|    iterations           | 19          |
|    time_elapsed         | 1140        |
|    total_timesteps      | 466944      |
| train/                  |             |
|    approx_kl            | 0.007839823 |
|    clip_fraction        | 0.071       |
|    clip_range           | 0.2         |
|    entropy_loss         | -1.8        |
|    explained_variance   | 0.923       |
|    learning_rate        | 0.0003      |
|    loss                 | 0.0179      |
|    n_updates            | 90          |
|    policy_gradient_loss | -0.00497    |
|    value_loss           | 0.0892      |
-----------------------------------------
-----------------------------------------
| rollout/                |             |
|    ep_len_mean          | 318         |
|    ep_rew_mean          | 29.9        |
| time/                   |             |
|    fps                  | 409         |
|    iterations           | 20          |
|    time_elapsed         | 1200        |
|    total_timesteps      | 491520      |
| train/                  |             |
|    approx_kl            | 0.007740015 |
|    clip_fraction        | 0.0721      |
|    clip_range           | 0.2         |
|    entropy_loss         | -1.79       |
|    explained_variance   | 0.898       |
|    learning_rate        | 0.0003      |
|    loss                 | 0.0234      |
|    n_updates            | 95          |
|    policy_gradient_loss | -0.00566    |
|    value_loss           | 0.101       |
-----------------------------------------
[Checkpoint] Saved at 500000 steps > /home/runner/work/Disciples2-RL/Disciples2-RL/github_experiments/104/cities/seed104-cities-29261341553-1/checkpoints/campaign_ppo_step_500000.zip
-----------------------------------------
| rollout/                |             |
|    ep_len_mean          | 295         |
|    ep_rew_mean          | 34          |
| time/                   |             |
|    fps                  | 410         |
|    iterations           | 21          |
|    time_elapsed         | 1256        |
|    total_timesteps      | 516096      |
| train/                  |             |
|    approx_kl            | 0.007899621 |
|    clip_fraction        | 0.0568      |
|    clip_range           | 0.2         |
|    entropy_loss         | -1.81       |
|    explained_variance   | 0.926       |
|    learning_rate        | 0.0003      |
|    loss                 | 0.0168      |
|    n_updates            | 100         |
|    policy_gradient_loss | -0.00442    |
|    value_loss           | 0.0884      |
-----------------------------------------
-----------------------------------------
| rollout/                |             |
|    ep_len_mean          | 339         |
|    ep_rew_mean          | 32.2        |
| time/                   |             |
|    fps                  | 411         |
|    iterations           | 22          |
|    time_elapsed         | 1313        |
|    total_timesteps      | 540672      |
| train/                  |             |
|    approx_kl            | 0.007841617 |
|    clip_fraction        | 0.0682      |
|    clip_range           | 0.2         |
|    entropy_loss         | -1.77       |
|    explained_variance   | 0.921       |
|    learning_rate        | 0.0003      |
|    loss                 | 0.0152      |
|    n_updates            | 105         |
|    policy_gradient_loss | -0.00521    |
|    value_loss           | 0.0997      |
-----------------------------------------
------------------------------------------
| rollout/                |              |
|    ep_len_mean          | 307          |
|    ep_rew_mean          | 39           |
| time/                   |              |
|    fps                  | 412          |
|    iterations           | 23           |
|    time_elapsed         | 1370         |
|    total_timesteps      | 565248       |
| train/                  |              |
|    approx_kl            | 0.0077435724 |
|    clip_fraction        | 0.0715       |
|    clip_range           | 0.2          |
|    entropy_loss         | -1.75        |
|    explained_variance   | 0.894        |
|    learning_rate        | 0.0003       |
|    loss                 | 0.0201       |
|    n_updates            | 110          |
|    policy_gradient_loss | -0.00543     |
|    value_loss           | 0.0971       |
------------------------------------------
-----------------------------------------
| rollout/                |             |
|    ep_len_mean          | 316         |
|    ep_rew_mean          | 38.6        |
| time/                   |             |
|    fps                  | 412         |
|    iterations           | 24          |
|    time_elapsed         | 1429        |
|    total_timesteps      | 589824      |
| train/                  |             |
|    approx_kl            | 0.007203978 |
|    clip_fraction        | 0.0603      |
|    clip_range           | 0.2         |
|    entropy_loss         | -1.76       |
|    explained_variance   | 0.87        |
|    learning_rate        | 0.0003      |
|    loss                 | 0.0186      |
|    n_updates            | 115         |
|    policy_gradient_loss | -0.00418    |
|    value_loss           | 0.088       |
-----------------------------------------
-----------------------------------------
| rollout/                |             |
|    ep_len_mean          | 354         |
|    ep_rew_mean          | 41.9        |
| time/                   |             |
|    fps                  | 412         |
|    iterations           | 25          |
|    time_elapsed         | 1488        |
|    total_timesteps      | 614400      |
| train/                  |             |
|    approx_kl            | 0.008383437 |
|    clip_fraction        | 0.0731      |
|    clip_range           | 0.2         |
|    entropy_loss         | -1.75       |
|    explained_variance   | 0.871       |
|    learning_rate        | 0.0003      |
|    loss                 | 0.0242      |
|    n_updates            | 120         |
|    policy_gradient_loss | -0.00464    |
|    value_loss           | 0.0867      |
-----------------------------------------
----------------------------------------
| rollout/                |            |
|    ep_len_mean          | 406        |
|    ep_rew_mean          | 47         |
| time/                   |            |
|    fps                  | 413        |
|    iterations           | 26         |
|    time_elapsed         | 1545       |
|    total_timesteps      | 638976     |
| train/                  |            |
|    approx_kl            | 0.00725087 |
|    clip_fraction        | 0.068      |
|    clip_range           | 0.2        |
|    entropy_loss         | -1.8       |
|    explained_variance   | 0.883      |
|    learning_rate        | 0.0003     |
|    loss                 | -0.000264  |
|    n_updates            | 125        |
|    policy_gradient_loss | -0.00478   |
|    value_loss           | 0.0683     |
----------------------------------------
-----------------------------------------
| rollout/                |             |
|    ep_len_mean          | 356         |
|    ep_rew_mean          | 44.6        |
| time/                   |             |
|    fps                  | 413         |
|    iterations           | 27          |
|    time_elapsed         | 1602        |
|    total_timesteps      | 663552      |
| train/                  |             |
|    approx_kl            | 0.007931422 |
|    clip_fraction        | 0.0708      |
|    clip_range           | 0.2         |
|    entropy_loss         | -1.77       |
|    explained_variance   | 0.892       |
|    learning_rate        | 0.0003      |
|    loss                 | 0.0163      |
|    n_updates            | 130         |
|    policy_gradient_loss | -0.00536    |
|    value_loss           | 0.0876      |
-----------------------------------------
-----------------------------------------
| rollout/                |             |
|    ep_len_mean          | 379         |
|    ep_rew_mean          | 39.9        |
| time/                   |             |
|    fps                  | 414         |
|    iterations           | 28          |
|    time_elapsed         | 1660        |
|    total_timesteps      | 688128      |
| train/                  |             |
|    approx_kl            | 0.006794857 |
|    clip_fraction        | 0.0542      |
|    clip_range           | 0.2         |
|    entropy_loss         | -1.74       |
|    explained_variance   | 0.922       |
|    learning_rate        | 0.0003      |
|    loss                 | 0.00743     |
|    n_updates            | 135         |
|    policy_gradient_loss | -0.00451    |
|    value_loss           | 0.0713      |
-----------------------------------------
------------------------------------------
| rollout/                |              |
|    ep_len_mean          | 378          |
|    ep_rew_mean          | 42.6         |
| time/                   |              |
|    fps                  | 414          |
|    iterations           | 29           |
|    time_elapsed         | 1717         |
|    total_timesteps      | 712704       |
| train/                  |              |
|    approx_kl            | 0.0063197766 |
|    clip_fraction        | 0.0615       |
|    clip_range           | 0.2          |
|    entropy_loss         | -1.71        |
|    explained_variance   | 0.893        |
|    learning_rate        | 0.0003       |
|    loss                 | 0.00569      |
|    n_updates            | 140          |
|    policy_gradient_loss | -0.00418     |
|    value_loss           | 0.0764       |
------------------------------------------
-----------------------------------------
| rollout/                |             |
|    ep_len_mean          | 367         |
|    ep_rew_mean          | 45          |
| time/                   |             |
|    fps                  | 415         |
|    iterations           | 30          |
|    time_elapsed         | 1774        |
|    total_timesteps      | 737280      |
| train/                  |             |
|    approx_kl            | 0.006765928 |
|    clip_fraction        | 0.0587      |
|    clip_range           | 0.2         |
|    entropy_loss         | -1.67       |
|    explained_variance   | 0.884       |
|    learning_rate        | 0.0003      |
|    loss                 | 0.0082      |
|    n_updates            | 145         |
|    policy_gradient_loss | -0.00436    |
|    value_loss           | 0.0748      |
-----------------------------------------
------------------------------------------
| rollout/                |              |
|    ep_len_mean          | 345          |
|    ep_rew_mean          | 50           |
| time/                   |              |
|    fps                  | 415          |
|    iterations           | 31           |
|    time_elapsed         | 1831         |
|    total_timesteps      | 761856       |
| train/                  |              |
|    approx_kl            | 0.0076102125 |
|    clip_fraction        | 0.0703       |
|    clip_range           | 0.2          |
|    entropy_loss         | -1.64        |
|    explained_variance   | 0.866        |
|    learning_rate        | 0.0003       |
|    loss                 | 0.00884      |
|    n_updates            | 150          |
|    policy_gradient_loss | -0.00473     |
|    value_loss           | 0.0831       |
------------------------------------------
-----------------------------------------
| rollout/                |             |
|    ep_len_mean          | 383         |
|    ep_rew_mean          | 53.2        |
| time/                   |             |
|    fps                  | 416         |
|    iterations           | 32          |
|    time_elapsed         | 1889        |
|    total_timesteps      | 786432      |
| train/                  |             |
|    approx_kl            | 0.007496355 |
|    clip_fraction        | 0.0596      |
|    clip_range           | 0.2         |
|    entropy_loss         | -1.67       |
|    explained_variance   | 0.83        |
|    learning_rate        | 0.0003      |
|    loss                 | 0.00415     |
|    n_updates            | 155         |
|    policy_gradient_loss | -0.00336    |
|    value_loss           | 0.0845      |
-----------------------------------------
------------------------------------------
| rollout/                |              |
|    ep_len_mean          | 523          |
|    ep_rew_mean          | 59.2         |
| time/                   |              |
|    fps                  | 416          |
|    iterations           | 33           |
|    time_elapsed         | 1947         |
|    total_timesteps      | 811008       |
| train/                  |              |
|    approx_kl            | 0.0069795847 |
|    clip_fraction        | 0.0628       |
|    clip_range           | 0.2          |
|    entropy_loss         | -1.7         |
|    explained_variance   | 0.878        |
|    learning_rate        | 0.0003       |
|    loss                 | 0.0101       |
|    n_updates            | 160          |
|    policy_gradient_loss | -0.00447     |
|    value_loss           | 0.0753       |
------------------------------------------
------------------------------------------
| rollout/                |              |
|    ep_len_mean          | 443          |
|    ep_rew_mean          | 51.2         |
| time/                   |              |
|    fps                  | 416          |
|    iterations           | 34           |
|    time_elapsed         | 2004         |
|    total_timesteps      | 835584       |
| train/                  |              |
|    approx_kl            | 0.0071639027 |
|    clip_fraction        | 0.062        |
|    clip_range           | 0.2          |
|    entropy_loss         | -1.63        |
|    explained_variance   | 0.889        |
|    learning_rate        | 0.0003       |
|    loss                 | 0.0192       |
|    n_updates            | 165          |
|    policy_gradient_loss | -0.00296     |
|    value_loss           | 0.0779       |
------------------------------------------
-----------------------------------------
| rollout/                |             |
|    ep_len_mean          | 388         |
|    ep_rew_mean          | 52.2        |
| time/                   |             |
|    fps                  | 417         |
|    iterations           | 35          |
|    time_elapsed         | 2062        |
|    total_timesteps      | 860160      |
| train/                  |             |
|    approx_kl            | 0.006333716 |
|    clip_fraction        | 0.0594      |
|    clip_range           | 0.2         |
|    entropy_loss         | -1.62       |
|    explained_variance   | 0.878       |
|    learning_rate        | 0.0003      |
|    loss                 | 0.00828     |
|    n_updates            | 170         |
|    policy_gradient_loss | -0.00411    |
|    value_loss           | 0.0853      |
-----------------------------------------
------------------------------------------
| rollout/                |              |
|    ep_len_mean          | 353          |
|    ep_rew_mean          | 54.2         |
| time/                   |              |
|    fps                  | 417          |
|    iterations           | 36           |
|    time_elapsed         | 2119         |
|    total_timesteps      | 884736       |
| train/                  |              |
|    approx_kl            | 0.0065004914 |
|    clip_fraction        | 0.0572       |
|    clip_range           | 0.2          |
|    entropy_loss         | -1.59        |
|    explained_variance   | 0.885        |
|    learning_rate        | 0.0003       |
|    loss                 | 0.0181       |
|    n_updates            | 175          |
|    policy_gradient_loss | -0.00305     |
|    value_loss           | 0.0945       |
------------------------------------------
------------------------------------------
| rollout/                |              |
|    ep_len_mean          | 444          |
|    ep_rew_mean          | 54           |
| time/                   |              |
|    fps                  | 417          |
|    iterations           | 37           |
|    time_elapsed         | 2176         |
|    total_timesteps      | 909312       |
| train/                  |              |
|    approx_kl            | 0.0062272735 |
|    clip_fraction        | 0.0528       |
|    clip_range           | 0.2          |
|    entropy_loss         | -1.59        |
|    explained_variance   | 0.88         |
|    learning_rate        | 0.0003       |
|    loss                 | 0.0352       |
|    n_updates            | 180          |
|    policy_gradient_loss | -0.00375     |
|    value_loss           | 0.0906       |
------------------------------------------
------------------------------------------
| rollout/                |              |
|    ep_len_mean          | 507          |
|    ep_rew_mean          | 55           |
| time/                   |              |
|    fps                  | 417          |
|    iterations           | 38           |
|    time_elapsed         | 2234         |
|    total_timesteps      | 933888       |
| train/                  |              |
|    approx_kl            | 0.0070532393 |
|    clip_fraction        | 0.0594       |
|    clip_range           | 0.2          |
|    entropy_loss         | -1.62        |
|    explained_variance   | 0.902        |
|    learning_rate        | 0.0003       |
|    loss                 | -0.0026      |
|    n_updates            | 185          |
|    policy_gradient_loss | -0.00472     |
|    value_loss           | 0.0718       |
------------------------------------------
------------------------------------------
| rollout/                |              |
|    ep_len_mean          | 467          |
|    ep_rew_mean          | 56           |
| time/                   |              |
|    fps                  | 418          |
|    iterations           | 39           |
|    time_elapsed         | 2290         |
|    total_timesteps      | 958464       |
| train/                  |              |
|    approx_kl            | 0.0065351543 |
|    clip_fraction        | 0.0549       |
|    clip_range           | 0.2          |
|    entropy_loss         | -1.56        |
|    explained_variance   | 0.891        |
|    learning_rate        | 0.0003       |
|    loss                 | 0.0186       |
|    n_updates            | 190          |
|    policy_gradient_loss | -0.00299     |
|    value_loss           | 0.0794       |
------------------------------------------
------------------------------------------
| rollout/                |              |
|    ep_len_mean          | 579          |
|    ep_rew_mean          | 60.4         |
| time/                   |              |
|    fps                  | 418          |
|    iterations           | 40           |
|    time_elapsed         | 2348         |
|    total_timesteps      | 983040       |
| train/                  |              |
|    approx_kl            | 0.0067473873 |
|    clip_fraction        | 0.0603       |
|    clip_range           | 0.2          |
|    entropy_loss         | -1.56        |
|    explained_variance   | 0.907        |
|    learning_rate        | 0.0003       |
|    loss                 | 0.0156       |
|    n_updates            | 195          |
|    policy_gradient_loss | -0.00352     |
|    value_loss           | 0.0716       |
------------------------------------------
[Checkpoint] Saved at 1000000 steps > /home/runner/work/Disciples2-RL/Disciples2-RL/github_experiments/104/cities/seed104-cities-29261341553-1/checkpoints/campaign_ppo_step_1000000.zip
Eval num_timesteps=1000008, det_reward=-129.72 +/- 56.16
Episode length: det=3963.45 +/- 1312.06
Victory rate: det=0.00%
-------------------------------------------------
| eval/                           |             |
|    deterministic_mean_ep_length | 3.96e+03    |
|    deterministic_mean_reward    | -130        |
|    deterministic_victory_rate   | 0           |
|    mean_ep_length               | 3.96e+03    |
|    mean_reward                  | -130        |
|    victory_rate                 | 0           |
| time/                           |             |
|    total_timesteps              | 1000008     |
| train/                          |             |
|    approx_kl                    | 0.006580943 |
|    clip_fraction                | 0.0731      |
|    clip_range                   | 0.2         |
|    entropy_loss                 | -1.58       |
|    explained_variance           | 0.887       |
|    learning_rate                | 0.0003      |
|    loss                         | 0.0152      |
|    n_updates                    | 200         |
|    policy_gradient_loss         | -0.00454    |
|    value_loss                   | 0.0871      |
-------------------------------------------------
New best model by deterministic victory rate!
---------------------------------
| rollout/           |          |
|    ep_len_mean     | 513      |
|    ep_rew_mean     | 63.8     |
| time/              |          |
|    fps             | 373      |
|    iterations      | 41       |
|    time_elapsed    | 2695     |
|    total_timesteps | 1007616  |
---------------------------------
VecNormalize stats saved: /home/runner/work/Disciples2-RL/Disciples2-RL/github_experiments/104/cities/seed104-cities-29261341553-1/models/vecnormalize.pkl

Финальная модель сохранена: /home/runner/work/Disciples2-RL/Disciples2-RL/github_experiments/104/cities/seed104-cities-29261341553-1/models/final_model.zip

============================================================
ИТОГИ ОБУЧЕНИЯ:
  Побед: 16
  Поражений: 2913
  Таймаутов: 0
  Побед бота столицы над врагами: 0
  Перестановок юнитов: 211454
  Winrate: 0.5%
============================================================
  График призывов за эпизод: /home/runner/work/Disciples2-RL/Disciples2-RL/github_experiments/104/cities/seed104-cities-29261341553-1/plots/campaign_summoned_units_per_episode.png
  График призывов за всё обучение: /home/runner/work/Disciples2-RL/Disciples2-RL/github_experiments/104/cities/seed104-cities-29261341553-1/plots/campaign_summoned_units_cumulative.png
  График найма за эпизод: /home/runner/work/Disciples2-RL/Disciples2-RL/github_experiments/104/cities/seed104-cities-29261341553-1/plots/campaign_hired_units_per_episode.png
  График найма за всё обучение: /home/runner/work/Disciples2-RL/Disciples2-RL/github_experiments/104/cities/seed104-cities-29261341553-1/plots/campaign_hired_units_cumulative.png
  График перестановок юнитов за эпизод: /home/runner/work/Disciples2-RL/Disciples2-RL/github_experiments/104/cities/seed104-cities-29261341553-1/plots/campaign_unit_swaps_per_episode.png
  График боевых предметов: /home/runner/work/Disciples2-RL/Disciples2-RL/github_experiments/104/cities/seed104-cities-29261341553-1/plots/campaign_battle_item_activity.png
  График побед бота столицы за эпизод: /home/runner/work/Disciples2-RL/Disciples2-RL/github_experiments/104/cities/seed104-cities-29261341553-1/plots/campaign_scripted_bot_victories_per_episode.png
  График применения заклинаний: /home/runner/work/Disciples2-RL/Disciples2-RL/github_experiments/104/cities/seed104-cities-29261341553-1/plots/campaign_spell_cast_activity.png
