Проверка среды CampaignEnv...
Среда прошла проверку!
[INFO] Comet disabled, running without experiment tracking
Создание 12 параллельных сред (subproc)...
Инициализация MaskablePPO...
Using cpu device

============================================================
Запуск обучения Campaign Agent
Всего шагов: 1,000,000
Параллельных сред: 12
VecEnv: subproc
VecEnv start method: forkserver
Seed: 119
Checkpoint каждые: 500,000 шагов
Evaluation каждые: 83,334 шагов
Eval deterministic эпизодов: 20
Eval stochastic эпизодов: 0
Eval лимит шагов на эпизод: 5000
Campaign map: builder
Campaign objective: build_all
System resources at training start:
  Platform: Linux 6.17.0-1020-azure (x86_64)
  Python: 3.14.6
  PyTorch: 2.13.0+cpu
  Training device: cpu
  CPU model: AMD EPYC 7763 64-Core Processor
  CPU vendor: AuthenticAMD
  Logical CPUs visible: 4
  Process CPU affinity: 4
  Sockets: 1
  Cores per socket: 2
  Threads per core: 2
  CPU max MHz: unknown
  CPU min MHz: unknown
  L1d cache: 64 KiB (2 instances)
  L1i cache: 64 KiB (2 instances)
  L2 cache: 1 MiB (2 instances)
  L3 cache: 32 MiB (1 instance)
  Virtualization: AMD-V
  Hypervisor: Microsoft
  RAM total: 15.62 GiB
  RAM available at start: 13.89 GiB
  Disk total: 144.26 GiB
  Disk free at start: 83.85 GiB
  Torch intra-op threads: 4
  Torch inter-op threads: 2
  OMP_NUM_THREADS: 4
  MKL_NUM_THREADS: 4
  OPENBLAS_NUM_THREADS: 4
  GitHub runner OS: Linux
  GitHub runner architecture: X64
  GitHub runner environment: github-hosted
PPO n_steps: 2,048
PPO batch_size: 512
PPO n_epochs: 5
PPO learning_rate: 0.0003
PPO clip_range: 0.2
PPO ent_coef: 0.01
PPO gamma: 0.995
PPO gae_lambda: 0.95
PPO target_kl: disabled
PPO gradient batches per rollout: 240
VecCheckNan: disabled
Freeze action layout: enabled
Empire territory: enabled
Torch threads per process: 4
Diagnostics: disabled
Wall-clock training limit: disabled
Run ID: seed119-builder-build_all-29962259333-1
============================================================

Logging to /home/runner/work/Disciples2-RL/Disciples2-RL/github_experiments/119/builder/build_all/seed119-builder-build_all-29962259333-1/tensorboard/MaskablePPO_1
---------------------------------
| rollout/           |          |
|    ep_len_mean     | 1.89e+03 |
|    ep_rew_mean     | 80.6     |
| time/              |          |
|    fps             | 529      |
|    iterations      | 1        |
|    time_elapsed    | 46       |
|    total_timesteps | 24576    |
---------------------------------
-----------------------------------------
| rollout/                |             |
|    ep_len_mean          | 2.08e+03    |
|    ep_rew_mean          | 74.9        |
| time/                   |             |
|    fps                  | 478         |
|    iterations           | 2           |
|    time_elapsed         | 102         |
|    total_timesteps      | 49152       |
| train/                  |             |
|    approx_kl            | 0.010419232 |
|    clip_fraction        | 0.0772      |
|    clip_range           | 0.2         |
|    entropy_loss         | -2.24       |
|    explained_variance   | 0.227       |
|    learning_rate        | 0.0003      |
|    loss                 | 0.0244      |
|    n_updates            | 5           |
|    policy_gradient_loss | -0.00367    |
|    value_loss           | 0.217       |
-----------------------------------------
------------------------------------------
| rollout/                |              |
|    ep_len_mean          | 2.12e+03     |
|    ep_rew_mean          | 73.6         |
| time/                   |              |
|    fps                  | 453          |
|    iterations           | 3            |
|    time_elapsed         | 162          |
|    total_timesteps      | 73728        |
| train/                  |              |
|    approx_kl            | 0.0054853805 |
|    clip_fraction        | 0.0199       |
|    clip_range           | 0.2          |
|    entropy_loss         | -2.2         |
|    explained_variance   | 0.253        |
|    learning_rate        | 0.0003       |
|    loss                 | 0.0282       |
|    n_updates            | 10           |
|    policy_gradient_loss | -0.00211     |
|    value_loss           | 0.197        |
------------------------------------------
-----------------------------------------
| rollout/                |             |
|    ep_len_mean          | 2.12e+03    |
|    ep_rew_mean          | 78          |
| time/                   |             |
|    fps                  | 441         |
|    iterations           | 4           |
|    time_elapsed         | 222         |
|    total_timesteps      | 98304       |
| train/                  |             |
|    approx_kl            | 0.006846419 |
|    clip_fraction        | 0.0387      |
|    clip_range           | 0.2         |
|    entropy_loss         | -2.19       |
|    explained_variance   | 0.766       |
|    learning_rate        | 0.0003      |
|    loss                 | 0.0182      |
|    n_updates            | 15          |
|    policy_gradient_loss | -0.00213    |
|    value_loss           | 0.122       |
-----------------------------------------
-----------------------------------------
| rollout/                |             |
|    ep_len_mean          | 2.13e+03    |
|    ep_rew_mean          | 77.8        |
| time/                   |             |
|    fps                  | 436         |
|    iterations           | 5           |
|    time_elapsed         | 281         |
|    total_timesteps      | 122880      |
| train/                  |             |
|    approx_kl            | 0.008532264 |
|    clip_fraction        | 0.0511      |
|    clip_range           | 0.2         |
|    entropy_loss         | -2.15       |
|    explained_variance   | 0.902       |
|    learning_rate        | 0.0003      |
|    loss                 | -0.00967    |
|    n_updates            | 20          |
|    policy_gradient_loss | -0.00315    |
|    value_loss           | 0.0408      |
-----------------------------------------
-----------------------------------------
| rollout/                |             |
|    ep_len_mean          | 2.12e+03    |
|    ep_rew_mean          | 78.3        |
| time/                   |             |
|    fps                  | 434         |
|    iterations           | 6           |
|    time_elapsed         | 339         |
|    total_timesteps      | 147456      |
| train/                  |             |
|    approx_kl            | 0.007477934 |
|    clip_fraction        | 0.0371      |
|    clip_range           | 0.2         |
|    entropy_loss         | -2.13       |
|    explained_variance   | 0.938       |
|    learning_rate        | 0.0003      |
|    loss                 | -0.00112    |
|    n_updates            | 25          |
|    policy_gradient_loss | -0.00217    |
|    value_loss           | 0.0362      |
-----------------------------------------
------------------------------------------
| rollout/                |              |
|    ep_len_mean          | 2.11e+03     |
|    ep_rew_mean          | 78.7         |
| time/                   |              |
|    fps                  | 429          |
|    iterations           | 7            |
|    time_elapsed         | 400          |
|    total_timesteps      | 172032       |
| train/                  |              |
|    approx_kl            | 0.0074364766 |
|    clip_fraction        | 0.0427       |
|    clip_range           | 0.2          |
|    entropy_loss         | -2.14        |
|    explained_variance   | 0.952        |
|    learning_rate        | 0.0003       |
|    loss                 | 0.0163       |
|    n_updates            | 30           |
|    policy_gradient_loss | -0.00337     |
|    value_loss           | 0.0357       |
------------------------------------------
-----------------------------------------
| rollout/                |             |
|    ep_len_mean          | 2.11e+03    |
|    ep_rew_mean          | 80.3        |
| time/                   |             |
|    fps                  | 420         |
|    iterations           | 8           |
|    time_elapsed         | 467         |
|    total_timesteps      | 196608      |
| train/                  |             |
|    approx_kl            | 0.008338246 |
|    clip_fraction        | 0.0547      |
|    clip_range           | 0.2         |
|    entropy_loss         | -2.12       |
|    explained_variance   | 0.967       |
|    learning_rate        | 0.0003      |
|    loss                 | -0.00128    |
|    n_updates            | 35          |
|    policy_gradient_loss | -0.00326    |
|    value_loss           | 0.039       |
-----------------------------------------
-----------------------------------------
| rollout/                |             |
|    ep_len_mean          | 2.1e+03     |
|    ep_rew_mean          | 82.8        |
| time/                   |             |
|    fps                  | 414         |
|    iterations           | 9           |
|    time_elapsed         | 533         |
|    total_timesteps      | 221184      |
| train/                  |             |
|    approx_kl            | 0.008149642 |
|    clip_fraction        | 0.0611      |
|    clip_range           | 0.2         |
|    entropy_loss         | -2.12       |
|    explained_variance   | 0.984       |
|    learning_rate        | 0.0003      |
|    loss                 | -0.0225     |
|    n_updates            | 40          |
|    policy_gradient_loss | -0.00385    |
|    value_loss           | 0.021       |
-----------------------------------------
-----------------------------------------
| rollout/                |             |
|    ep_len_mean          | 2.09e+03    |
|    ep_rew_mean          | 85.9        |
| time/                   |             |
|    fps                  | 410         |
|    iterations           | 10          |
|    time_elapsed         | 598         |
|    total_timesteps      | 245760      |
| train/                  |             |
|    approx_kl            | 0.008813656 |
|    clip_fraction        | 0.0598      |
|    clip_range           | 0.2         |
|    entropy_loss         | -2.09       |
|    explained_variance   | 0.979       |
|    learning_rate        | 0.0003      |
|    loss                 | -0.0113     |
|    n_updates            | 45          |
|    policy_gradient_loss | -0.00463    |
|    value_loss           | 0.0241      |
-----------------------------------------
-----------------------------------------
| rollout/                |             |
|    ep_len_mean          | 2.07e+03    |
|    ep_rew_mean          | 88.6        |
| time/                   |             |
|    fps                  | 409         |
|    iterations           | 11          |
|    time_elapsed         | 660         |
|    total_timesteps      | 270336      |
| train/                  |             |
|    approx_kl            | 0.008167603 |
|    clip_fraction        | 0.0393      |
|    clip_range           | 0.2         |
|    entropy_loss         | -2.07       |
|    explained_variance   | 0.983       |
|    learning_rate        | 0.0003      |
|    loss                 | -0.0101     |
|    n_updates            | 50          |
|    policy_gradient_loss | -0.00337    |
|    value_loss           | 0.0266      |
-----------------------------------------
-----------------------------------------
| rollout/                |             |
|    ep_len_mean          | 2.04e+03    |
|    ep_rew_mean          | 89.4        |
| time/                   |             |
|    fps                  | 406         |
|    iterations           | 12          |
|    time_elapsed         | 725         |
|    total_timesteps      | 294912      |
| train/                  |             |
|    approx_kl            | 0.007257772 |
|    clip_fraction        | 0.0624      |
|    clip_range           | 0.2         |
|    entropy_loss         | -2.04       |
|    explained_variance   | 0.986       |
|    learning_rate        | 0.0003      |
|    loss                 | -0.0302     |
|    n_updates            | 55          |
|    policy_gradient_loss | -0.00447    |
|    value_loss           | 0.0246      |
-----------------------------------------
----------------------------------------
| rollout/                |            |
|    ep_len_mean          | 2.01e+03   |
|    ep_rew_mean          | 91.7       |
| time/                   |            |
|    fps                  | 403        |
|    iterations           | 13         |
|    time_elapsed         | 791        |
|    total_timesteps      | 319488     |
| train/                  |            |
|    approx_kl            | 0.00824839 |
|    clip_fraction        | 0.0802     |
|    clip_range           | 0.2        |
|    entropy_loss         | -2.06      |
|    explained_variance   | 0.988      |
|    learning_rate        | 0.0003     |
|    loss                 | -0.0269    |
|    n_updates            | 60         |
|    policy_gradient_loss | -0.00457   |
|    value_loss           | 0.0156     |
----------------------------------------
-----------------------------------------
| rollout/                |             |
|    ep_len_mean          | 2e+03       |
|    ep_rew_mean          | 92.9        |
| time/                   |             |
|    fps                  | 402         |
|    iterations           | 14          |
|    time_elapsed         | 855         |
|    total_timesteps      | 344064      |
| train/                  |             |
|    approx_kl            | 0.008427029 |
|    clip_fraction        | 0.0669      |
|    clip_range           | 0.2         |
|    entropy_loss         | -2.07       |
|    explained_variance   | 0.994       |
|    learning_rate        | 0.0003      |
|    loss                 | -0.0271     |
|    n_updates            | 65          |
|    policy_gradient_loss | -0.00488    |
|    value_loss           | 0.0107      |
-----------------------------------------
-----------------------------------------
| rollout/                |             |
|    ep_len_mean          | 1.97e+03    |
|    ep_rew_mean          | 94.7        |
| time/                   |             |
|    fps                  | 400         |
|    iterations           | 15          |
|    time_elapsed         | 920         |
|    total_timesteps      | 368640      |
| train/                  |             |
|    approx_kl            | 0.006080849 |
|    clip_fraction        | 0.0473      |
|    clip_range           | 0.2         |
|    entropy_loss         | -2.03       |
|    explained_variance   | 0.989       |
|    learning_rate        | 0.0003      |
|    loss                 | -0.0187     |
|    n_updates            | 70          |
|    policy_gradient_loss | -0.00304    |
|    value_loss           | 0.00927     |
-----------------------------------------
-----------------------------------------
| rollout/                |             |
|    ep_len_mean          | 1.95e+03    |
|    ep_rew_mean          | 94.6        |
| time/                   |             |
|    fps                  | 398         |
|    iterations           | 16          |
|    time_elapsed         | 985         |
|    total_timesteps      | 393216      |
| train/                  |             |
|    approx_kl            | 0.007471474 |
|    clip_fraction        | 0.0689      |
|    clip_range           | 0.2         |
|    entropy_loss         | -2.04       |
|    explained_variance   | 0.992       |
|    learning_rate        | 0.0003      |
|    loss                 | -0.0267     |
|    n_updates            | 75          |
|    policy_gradient_loss | -0.00457    |
|    value_loss           | 0.014       |
-----------------------------------------
-----------------------------------------
| rollout/                |             |
|    ep_len_mean          | 1.92e+03    |
|    ep_rew_mean          | 95.1        |
| time/                   |             |
|    fps                  | 396         |
|    iterations           | 17          |
|    time_elapsed         | 1053        |
|    total_timesteps      | 417792      |
| train/                  |             |
|    approx_kl            | 0.009940741 |
|    clip_fraction        | 0.0898      |
|    clip_range           | 0.2         |
|    entropy_loss         | -2.07       |
|    explained_variance   | 0.99        |
|    learning_rate        | 0.0003      |
|    loss                 | 0.0462      |
|    n_updates            | 80          |
|    policy_gradient_loss | -0.00585    |
|    value_loss           | 0.0213      |
-----------------------------------------
-----------------------------------------
| rollout/                |             |
|    ep_len_mean          | 1.91e+03    |
|    ep_rew_mean          | 96.1        |
| time/                   |             |
|    fps                  | 394         |
|    iterations           | 18          |
|    time_elapsed         | 1121        |
|    total_timesteps      | 442368      |
| train/                  |             |
|    approx_kl            | 0.010056845 |
|    clip_fraction        | 0.0931      |
|    clip_range           | 0.2         |
|    entropy_loss         | -2.06       |
|    explained_variance   | 0.995       |
|    learning_rate        | 0.0003      |
|    loss                 | -0.0199     |
|    n_updates            | 85          |
|    policy_gradient_loss | -0.00481    |
|    value_loss           | 0.00669     |
-----------------------------------------
------------------------------------------
| rollout/                |              |
|    ep_len_mean          | 1.9e+03      |
|    ep_rew_mean          | 97.1         |
| time/                   |              |
|    fps                  | 393          |
|    iterations           | 19           |
|    time_elapsed         | 1187         |
|    total_timesteps      | 466944       |
| train/                  |              |
|    approx_kl            | 0.0084557105 |
|    clip_fraction        | 0.0701       |
|    clip_range           | 0.2          |
|    entropy_loss         | -2.07        |
|    explained_variance   | 0.996        |
|    learning_rate        | 0.0003       |
|    loss                 | -0.0259      |
|    n_updates            | 90           |
|    policy_gradient_loss | -0.00438     |
|    value_loss           | 0.00575      |
------------------------------------------
-----------------------------------------
| rollout/                |             |
|    ep_len_mean          | 1.89e+03    |
|    ep_rew_mean          | 98.5        |
| time/                   |             |
|    fps                  | 390         |
|    iterations           | 20          |
|    time_elapsed         | 1257        |
|    total_timesteps      | 491520      |
| train/                  |             |
|    approx_kl            | 0.009341427 |
|    clip_fraction        | 0.0916      |
|    clip_range           | 0.2         |
|    entropy_loss         | -2.05       |
|    explained_variance   | 0.996       |
|    learning_rate        | 0.0003      |
|    loss                 | -0.0262     |
|    n_updates            | 95          |
|    policy_gradient_loss | -0.00511    |
|    value_loss           | 0.00643     |
-----------------------------------------
[Checkpoint] Saved at 500000 steps > /home/runner/work/Disciples2-RL/Disciples2-RL/github_experiments/119/builder/build_all/seed119-builder-build_all-29962259333-1/checkpoints/campaign_ppo_step_500000.zip
-----------------------------------------
| rollout/                |             |
|    ep_len_mean          | 1.89e+03    |
|    ep_rew_mean          | 100         |
| time/                   |             |
|    fps                  | 388         |
|    iterations           | 21          |
|    time_elapsed         | 1329        |
|    total_timesteps      | 516096      |
| train/                  |             |
|    approx_kl            | 0.010512118 |
|    clip_fraction        | 0.119       |
|    clip_range           | 0.2         |
|    entropy_loss         | -2.07       |
|    explained_variance   | 0.998       |
|    learning_rate        | 0.0003      |
|    loss                 | -0.0288     |
|    n_updates            | 100         |
|    policy_gradient_loss | -0.00627    |
|    value_loss           | 0.00398     |
-----------------------------------------
----------------------------------------
| rollout/                |            |
|    ep_len_mean          | 1.88e+03   |
|    ep_rew_mean          | 103        |
| time/                   |            |
|    fps                  | 386        |
|    iterations           | 22         |
|    time_elapsed         | 1400       |
|    total_timesteps      | 540672     |
| train/                  |            |
|    approx_kl            | 0.00818866 |
|    clip_fraction        | 0.0661     |
|    clip_range           | 0.2        |
|    entropy_loss         | -2.07      |
|    explained_variance   | 0.998      |
|    learning_rate        | 0.0003     |
|    loss                 | -0.029     |
|    n_updates            | 105        |
|    policy_gradient_loss | -0.00477   |
|    value_loss           | 0.00673    |
----------------------------------------
-----------------------------------------
| rollout/                |             |
|    ep_len_mean          | 1.88e+03    |
|    ep_rew_mean          | 105         |
| time/                   |             |
|    fps                  | 385         |
|    iterations           | 23          |
|    time_elapsed         | 1467        |
|    total_timesteps      | 565248      |
| train/                  |             |
|    approx_kl            | 0.010265234 |
|    clip_fraction        | 0.0824      |
|    clip_range           | 0.2         |
|    entropy_loss         | -2.05       |
|    explained_variance   | 0.998       |
|    learning_rate        | 0.0003      |
|    loss                 | -0.0224     |
|    n_updates            | 110         |
|    policy_gradient_loss | -0.00506    |
|    value_loss           | 0.00329     |
-----------------------------------------
-----------------------------------------
| rollout/                |             |
|    ep_len_mean          | 1.88e+03    |
|    ep_rew_mean          | 106         |
| time/                   |             |
|    fps                  | 383         |
|    iterations           | 24          |
|    time_elapsed         | 1538        |
|    total_timesteps      | 589824      |
| train/                  |             |
|    approx_kl            | 0.008289489 |
|    clip_fraction        | 0.0706      |
|    clip_range           | 0.2         |
|    entropy_loss         | -2.02       |
|    explained_variance   | 0.997       |
|    learning_rate        | 0.0003      |
|    loss                 | -0.0213     |
|    n_updates            | 115         |
|    policy_gradient_loss | -0.0054     |
|    value_loss           | 0.00737     |
-----------------------------------------
------------------------------------------
| rollout/                |              |
|    ep_len_mean          | 1.88e+03     |
|    ep_rew_mean          | 107          |
| time/                   |              |
|    fps                  | 381          |
|    iterations           | 25           |
|    time_elapsed         | 1609         |
|    total_timesteps      | 614400       |
| train/                  |              |
|    approx_kl            | 0.0082614245 |
|    clip_fraction        | 0.0757       |
|    clip_range           | 0.2          |
|    entropy_loss         | -2.03        |
|    explained_variance   | 0.997        |
|    learning_rate        | 0.0003       |
|    loss                 | -0.0223      |
|    n_updates            | 120          |
|    policy_gradient_loss | -0.00455     |
|    value_loss           | 0.00667      |
------------------------------------------
-----------------------------------------
| rollout/                |             |
|    ep_len_mean          | 1.88e+03    |
|    ep_rew_mean          | 107         |
| time/                   |             |
|    fps                  | 380         |
|    iterations           | 26          |
|    time_elapsed         | 1681        |
|    total_timesteps      | 638976      |
| train/                  |             |
|    approx_kl            | 0.009931925 |
|    clip_fraction        | 0.0914      |
|    clip_range           | 0.2         |
|    entropy_loss         | -2.03       |
|    explained_variance   | 0.998       |
|    learning_rate        | 0.0003      |
|    loss                 | -0.0294     |
|    n_updates            | 125         |
|    policy_gradient_loss | -0.00653    |
|    value_loss           | 0.00324     |
-----------------------------------------
-----------------------------------------
| rollout/                |             |
|    ep_len_mean          | 1.88e+03    |
|    ep_rew_mean          | 108         |
| time/                   |             |
|    fps                  | 378         |
|    iterations           | 27          |
|    time_elapsed         | 1752        |
|    total_timesteps      | 663552      |
| train/                  |             |
|    approx_kl            | 0.008036909 |
|    clip_fraction        | 0.0823      |
|    clip_range           | 0.2         |
|    entropy_loss         | -2.01       |
|    explained_variance   | 0.999       |
|    learning_rate        | 0.0003      |
|    loss                 | -0.0243     |
|    n_updates            | 130         |
|    policy_gradient_loss | -0.00505    |
|    value_loss           | 0.00368     |
-----------------------------------------
-----------------------------------------
| rollout/                |             |
|    ep_len_mean          | 1.88e+03    |
|    ep_rew_mean          | 109         |
| time/                   |             |
|    fps                  | 377         |
|    iterations           | 28          |
|    time_elapsed         | 1823        |
|    total_timesteps      | 688128      |
| train/                  |             |
|    approx_kl            | 0.009108443 |
|    clip_fraction        | 0.0828      |
|    clip_range           | 0.2         |
|    entropy_loss         | -2          |
|    explained_variance   | 0.999       |
|    learning_rate        | 0.0003      |
|    loss                 | -0.0282     |
|    n_updates            | 135         |
|    policy_gradient_loss | -0.00573    |
|    value_loss           | 0.00354     |
-----------------------------------------
------------------------------------------
| rollout/                |              |
|    ep_len_mean          | 1.88e+03     |
|    ep_rew_mean          | 109          |
| time/                   |              |
|    fps                  | 376          |
|    iterations           | 29           |
|    time_elapsed         | 1895         |
|    total_timesteps      | 712704       |
| train/                  |              |
|    approx_kl            | 0.0085572675 |
|    clip_fraction        | 0.0688       |
|    clip_range           | 0.2          |
|    entropy_loss         | -2.01        |
|    explained_variance   | 0.999        |
|    learning_rate        | 0.0003       |
|    loss                 | -0.0228      |
|    n_updates            | 140          |
|    policy_gradient_loss | -0.00525     |
|    value_loss           | 0.00323      |
------------------------------------------
-----------------------------------------
| rollout/                |             |
|    ep_len_mean          | 1.87e+03    |
|    ep_rew_mean          | 109         |
| time/                   |             |
|    fps                  | 375         |
|    iterations           | 30          |
|    time_elapsed         | 1965        |
|    total_timesteps      | 737280      |
| train/                  |             |
|    approx_kl            | 0.009689822 |
|    clip_fraction        | 0.0887      |
|    clip_range           | 0.2         |
|    entropy_loss         | -2          |
|    explained_variance   | 0.999       |
|    learning_rate        | 0.0003      |
|    loss                 | -0.0309     |
|    n_updates            | 145         |
|    policy_gradient_loss | -0.0062     |
|    value_loss           | 0.00345     |
-----------------------------------------
-----------------------------------------
| rollout/                |             |
|    ep_len_mean          | 1.88e+03    |
|    ep_rew_mean          | 109         |
| time/                   |             |
|    fps                  | 374         |
|    iterations           | 31          |
|    time_elapsed         | 2035        |
|    total_timesteps      | 761856      |
| train/                  |             |
|    approx_kl            | 0.008449207 |
|    clip_fraction        | 0.0779      |
|    clip_range           | 0.2         |
|    entropy_loss         | -1.97       |
|    explained_variance   | 0.999       |
|    learning_rate        | 0.0003      |
|    loss                 | -0.0233     |
|    n_updates            | 150         |
|    policy_gradient_loss | -0.00556    |
|    value_loss           | 0.00416     |
-----------------------------------------
-----------------------------------------
| rollout/                |             |
|    ep_len_mean          | 1.87e+03    |
|    ep_rew_mean          | 109         |
| time/                   |             |
|    fps                  | 373         |
|    iterations           | 32          |
|    time_elapsed         | 2106        |
|    total_timesteps      | 786432      |
| train/                  |             |
|    approx_kl            | 0.008009422 |
|    clip_fraction        | 0.0716      |
|    clip_range           | 0.2         |
|    entropy_loss         | -1.96       |
|    explained_variance   | 0.998       |
|    learning_rate        | 0.0003      |
|    loss                 | -0.0334     |
|    n_updates            | 155         |
|    policy_gradient_loss | -0.00558    |
|    value_loss           | 0.00506     |
-----------------------------------------
-----------------------------------------
| rollout/                |             |
|    ep_len_mean          | 1.87e+03    |
|    ep_rew_mean          | 109         |
| time/                   |             |
|    fps                  | 372         |
|    iterations           | 33          |
|    time_elapsed         | 2178        |
|    total_timesteps      | 811008      |
| train/                  |             |
|    approx_kl            | 0.007680083 |
|    clip_fraction        | 0.0633      |
|    clip_range           | 0.2         |
|    entropy_loss         | -1.97       |
|    explained_variance   | 0.999       |
|    learning_rate        | 0.0003      |
|    loss                 | -0.0291     |
|    n_updates            | 160         |
|    policy_gradient_loss | -0.00565    |
|    value_loss           | 0.00395     |
-----------------------------------------
------------------------------------------
| rollout/                |              |
|    ep_len_mean          | 1.87e+03     |
|    ep_rew_mean          | 109          |
| time/                   |              |
|    fps                  | 371          |
|    iterations           | 34           |
|    time_elapsed         | 2248         |
|    total_timesteps      | 835584       |
| train/                  |              |
|    approx_kl            | 0.0068096095 |
|    clip_fraction        | 0.0521       |
|    clip_range           | 0.2          |
|    entropy_loss         | -1.95        |
|    explained_variance   | 0.999        |
|    learning_rate        | 0.0003       |
|    loss                 | -0.0163      |
|    n_updates            | 165          |
|    policy_gradient_loss | -0.00389     |
|    value_loss           | 0.00378      |
------------------------------------------
-----------------------------------------
| rollout/                |             |
|    ep_len_mean          | 1.87e+03    |
|    ep_rew_mean          | 109         |
| time/                   |             |
|    fps                  | 370         |
|    iterations           | 35          |
|    time_elapsed         | 2319        |
|    total_timesteps      | 860160      |
| train/                  |             |
|    approx_kl            | 0.008324689 |
|    clip_fraction        | 0.0746      |
|    clip_range           | 0.2         |
|    entropy_loss         | -1.94       |
|    explained_variance   | 0.999       |
|    learning_rate        | 0.0003      |
|    loss                 | -0.0205     |
|    n_updates            | 170         |
|    policy_gradient_loss | -0.00603    |
|    value_loss           | 0.00315     |
-----------------------------------------
---------------------------------------
| rollout/                |           |
|    ep_len_mean          | 1.87e+03  |
|    ep_rew_mean          | 109       |
| time/                   |           |
|    fps                  | 370       |
|    iterations           | 36        |
|    time_elapsed         | 2390      |
|    total_timesteps      | 884736    |
| train/                  |           |
|    approx_kl            | 0.0082765 |
|    clip_fraction        | 0.0786    |
|    clip_range           | 0.2       |
|    entropy_loss         | -1.93     |
|    explained_variance   | 0.999     |
|    learning_rate        | 0.0003    |
|    loss                 | -0.0346   |
|    n_updates            | 175       |
|    policy_gradient_loss | -0.00606  |
|    value_loss           | 0.00292   |
---------------------------------------
-----------------------------------------
| rollout/                |             |
|    ep_len_mean          | 1.87e+03    |
|    ep_rew_mean          | 110         |
| time/                   |             |
|    fps                  | 369         |
|    iterations           | 37          |
|    time_elapsed         | 2462        |
|    total_timesteps      | 909312      |
| train/                  |             |
|    approx_kl            | 0.009390526 |
|    clip_fraction        | 0.0884      |
|    clip_range           | 0.2         |
|    entropy_loss         | -1.95       |
|    explained_variance   | 0.999       |
|    learning_rate        | 0.0003      |
|    loss                 | -0.035      |
|    n_updates            | 180         |
|    policy_gradient_loss | -0.00641    |
|    value_loss           | 0.00262     |
-----------------------------------------
-----------------------------------------
| rollout/                |             |
|    ep_len_mean          | 1.87e+03    |
|    ep_rew_mean          | 110         |
| time/                   |             |
|    fps                  | 368         |
|    iterations           | 38          |
|    time_elapsed         | 2532        |
|    total_timesteps      | 933888      |
| train/                  |             |
|    approx_kl            | 0.008598187 |
|    clip_fraction        | 0.0678      |
|    clip_range           | 0.2         |
|    entropy_loss         | -1.93       |
|    explained_variance   | 0.999       |
|    learning_rate        | 0.0003      |
|    loss                 | -0.0236     |
|    n_updates            | 185         |
|    policy_gradient_loss | -0.0056     |
|    value_loss           | 0.00348     |
-----------------------------------------
-----------------------------------------
| rollout/                |             |
|    ep_len_mean          | 1.86e+03    |
|    ep_rew_mean          | 110         |
| time/                   |             |
|    fps                  | 368         |
|    iterations           | 39          |
|    time_elapsed         | 2602        |
|    total_timesteps      | 958464      |
| train/                  |             |
|    approx_kl            | 0.009402971 |
|    clip_fraction        | 0.0815      |
|    clip_range           | 0.2         |
|    entropy_loss         | -1.93       |
|    explained_variance   | 0.999       |
|    learning_rate        | 0.0003      |
|    loss                 | -0.0209     |
|    n_updates            | 190         |
|    policy_gradient_loss | -0.00609    |
|    value_loss           | 0.00455     |
-----------------------------------------
------------------------------------------
| rollout/                |              |
|    ep_len_mean          | 1.86e+03     |
|    ep_rew_mean          | 110          |
| time/                   |              |
|    fps                  | 367          |
|    iterations           | 40           |
|    time_elapsed         | 2674         |
|    total_timesteps      | 983040       |
| train/                  |              |
|    approx_kl            | 0.0075471043 |
|    clip_fraction        | 0.0677       |
|    clip_range           | 0.2          |
|    entropy_loss         | -1.93        |
|    explained_variance   | 0.999        |
|    learning_rate        | 0.0003       |
|    loss                 | -0.0232      |
|    n_updates            | 195          |
|    policy_gradient_loss | -0.00586     |
|    value_loss           | 0.00354      |
------------------------------------------
[Checkpoint] Saved at 1000000 steps > /home/runner/work/Disciples2-RL/Disciples2-RL/github_experiments/119/builder/build_all/seed119-builder-build_all-29962259333-1/checkpoints/campaign_ppo_step_1000000.zip
Eval num_timesteps=1000008, det_reward=69.74 +/- 0.11
Episode length: det=1841.15 +/- 0.36
Victory rate: det=100.00%
-------------------------------------------------
| eval/                           |             |
|    deterministic_mean_ep_length | 1.84e+03    |
|    deterministic_mean_reward    | 69.7        |
|    deterministic_victory_rate   | 1           |
|    mean_ep_length               | 1.84e+03    |
|    mean_reward                  | 69.7        |
|    victory_rate                 | 1           |
| time/                           |             |
|    total_timesteps              | 1000008     |
| train/                          |             |
|    approx_kl                    | 0.009180016 |
|    clip_fraction                | 0.0911      |
|    clip_range                   | 0.2         |
|    entropy_loss                 | -1.93       |
|    explained_variance           | 0.999       |
|    learning_rate                | 0.0003      |
|    loss                         | -0.0167     |
|    n_updates                    | 200         |
|    policy_gradient_loss         | -0.0073     |
|    value_loss                   | 0.00268     |
-------------------------------------------------
New best model by deterministic victory rate!
---------------------------------
| rollout/           |          |
|    ep_len_mean     | 1.86e+03 |
|    ep_rew_mean     | 109      |
| time/              |          |
|    fps             | 345      |
|    iterations      | 41       |
|    time_elapsed    | 2912     |
|    total_timesteps | 1007616  |
---------------------------------
VecNormalize stats saved: /home/runner/work/Disciples2-RL/Disciples2-RL/github_experiments/119/builder/build_all/seed119-builder-build_all-29962259333-1/models/vecnormalize.pkl

Финальная модель сохранена: /home/runner/work/Disciples2-RL/Disciples2-RL/github_experiments/119/builder/build_all/seed119-builder-build_all-29962259333-1/models/final_model.zip

============================================================
ИТОГИ ОБУЧЕНИЯ:
  Побед: 518
  Поражений: 0
  Таймаутов: 0
  Побед бота столицы над врагами: 0
  Перестановок юнитов: 212254
  Winrate: 100.0%
============================================================
  График призывов за эпизод: /home/runner/work/Disciples2-RL/Disciples2-RL/github_experiments/119/builder/build_all/seed119-builder-build_all-29962259333-1/plots/campaign_summoned_units_per_episode.png
  График призывов за всё обучение: /home/runner/work/Disciples2-RL/Disciples2-RL/github_experiments/119/builder/build_all/seed119-builder-build_all-29962259333-1/plots/campaign_summoned_units_cumulative.png
  График найма за эпизод: /home/runner/work/Disciples2-RL/Disciples2-RL/github_experiments/119/builder/build_all/seed119-builder-build_all-29962259333-1/plots/campaign_hired_units_per_episode.png
  График найма за всё обучение: /home/runner/work/Disciples2-RL/Disciples2-RL/github_experiments/119/builder/build_all/seed119-builder-build_all-29962259333-1/plots/campaign_hired_units_cumulative.png
  График перестановок юнитов за эпизод: /home/runner/work/Disciples2-RL/Disciples2-RL/github_experiments/119/builder/build_all/seed119-builder-build_all-29962259333-1/plots/campaign_unit_swaps_per_episode.png
  График боевых предметов: /home/runner/work/Disciples2-RL/Disciples2-RL/github_experiments/119/builder/build_all/seed119-builder-build_all-29962259333-1/plots/campaign_battle_item_activity.png
  График побед бота столицы за эпизод: /home/runner/work/Disciples2-RL/Disciples2-RL/github_experiments/119/builder/build_all/seed119-builder-build_all-29962259333-1/plots/campaign_scripted_bot_victories_per_episode.png
  График применения заклинаний: /home/runner/work/Disciples2-RL/Disciples2-RL/github_experiments/119/builder/build_all/seed119-builder-build_all-29962259333-1/plots/campaign_spell_cast_activity.png
