Проверка среды CampaignEnv...
Среда прошла проверку!
[INFO] Comet disabled, running without experiment tracking
Создание 12 параллельных сред (subproc)...
Инициализация MaskablePPO...
Using cpu device

============================================================
Запуск обучения Campaign Agent
Всего шагов: 1,000,000
Параллельных сред: 12
VecEnv: subproc
VecEnv start method: forkserver
Seed: 119
Checkpoint каждые: 500,000 шагов
Evaluation каждые: 83,334 шагов
Eval deterministic эпизодов: 20
Eval stochastic эпизодов: 0
Eval лимит шагов на эпизод: 5000
Campaign map: green_dragon_minimal
Campaign objective: dragon
System resources at training start:
  Platform: Linux 6.17.0-1020-azure (x86_64)
  Python: 3.14.6
  PyTorch: 2.13.0+cpu
  Training device: cpu
  CPU model: AMD EPYC 7763 64-Core Processor
  CPU vendor: AuthenticAMD
  Logical CPUs visible: 4
  Process CPU affinity: 4
  Sockets: 1
  Cores per socket: 2
  Threads per core: 2
  CPU max MHz: unknown
  CPU min MHz: unknown
  L1d cache: 64 KiB (2 instances)
  L1i cache: 64 KiB (2 instances)
  L2 cache: 1 MiB (2 instances)
  L3 cache: 32 MiB (1 instance)
  Virtualization: AMD-V
  Hypervisor: Microsoft
  RAM total: 15.61 GiB
  RAM available at start: 13.98 GiB
  Disk total: 144.26 GiB
  Disk free at start: 84.81 GiB
  Torch intra-op threads: 4
  Torch inter-op threads: 2
  OMP_NUM_THREADS: 4
  MKL_NUM_THREADS: 4
  OPENBLAS_NUM_THREADS: 4
  GitHub runner OS: Linux
  GitHub runner architecture: X64
  GitHub runner environment: github-hosted
PPO n_steps: 2,048
PPO batch_size: 512
PPO n_epochs: 5
PPO learning_rate: 0.0003
PPO clip_range: 0.2
PPO ent_coef: 0.01
PPO gamma: 0.995
PPO gae_lambda: 0.95
PPO target_kl: disabled
PPO gradient batches per rollout: 240
VecCheckNan: disabled
Freeze action layout: enabled
Empire territory: enabled
Torch threads per process: 4
Diagnostics: disabled
Wall-clock training limit: disabled
Run ID: seed119-green_dragon_minimal-green_dragon-29915288794-1
============================================================

Logging to /home/runner/work/Disciples2-RL/Disciples2-RL/github_experiments/119/green_dragon_minimal/green_dragon/seed119-green_dragon_minimal-green_dragon-29915288794-1/tensorboard/MaskablePPO_1
---------------------------------
| rollout/           |          |
|    ep_len_mean     | 203      |
|    ep_rew_mean     | -8.43    |
| time/              |          |
|    fps             | 518      |
|    iterations      | 1        |
|    time_elapsed    | 47       |
|    total_timesteps | 24576    |
---------------------------------
-----------------------------------------
| rollout/                |             |
|    ep_len_mean          | 192         |
|    ep_rew_mean          | -10.1       |
| time/                   |             |
|    fps                  | 494         |
|    iterations           | 2           |
|    time_elapsed         | 99          |
|    total_timesteps      | 49152       |
| train/                  |             |
|    approx_kl            | 0.009150091 |
|    clip_fraction        | 0.0545      |
|    clip_range           | 0.2         |
|    entropy_loss         | -2.17       |
|    explained_variance   | -0.0248     |
|    learning_rate        | 0.0003      |
|    loss                 | 0.0905      |
|    n_updates            | 5           |
|    policy_gradient_loss | -0.00594    |
|    value_loss           | 0.269       |
-----------------------------------------
-----------------------------------------
| rollout/                |             |
|    ep_len_mean          | 287         |
|    ep_rew_mean          | -15.7       |
| time/                   |             |
|    fps                  | 483         |
|    iterations           | 3           |
|    time_elapsed         | 152         |
|    total_timesteps      | 73728       |
| train/                  |             |
|    approx_kl            | 0.009947218 |
|    clip_fraction        | 0.0804      |
|    clip_range           | 0.2         |
|    entropy_loss         | -2.12       |
|    explained_variance   | 0.538       |
|    learning_rate        | 0.0003      |
|    loss                 | -0.00822    |
|    n_updates            | 10          |
|    policy_gradient_loss | -0.00899    |
|    value_loss           | 0.0681      |
-----------------------------------------
-----------------------------------------
| rollout/                |             |
|    ep_len_mean          | 406         |
|    ep_rew_mean          | -16.5       |
| time/                   |             |
|    fps                  | 474         |
|    iterations           | 4           |
|    time_elapsed         | 207         |
|    total_timesteps      | 98304       |
| train/                  |             |
|    approx_kl            | 0.009468466 |
|    clip_fraction        | 0.0878      |
|    clip_range           | 0.2         |
|    entropy_loss         | -2.13       |
|    explained_variance   | 0.746       |
|    learning_rate        | 0.0003      |
|    loss                 | -0.0214     |
|    n_updates            | 15          |
|    policy_gradient_loss | -0.00946    |
|    value_loss           | 0.0283      |
-----------------------------------------
-----------------------------------------
| rollout/                |             |
|    ep_len_mean          | 488         |
|    ep_rew_mean          | -12.4       |
| time/                   |             |
|    fps                  | 472         |
|    iterations           | 5           |
|    time_elapsed         | 260         |
|    total_timesteps      | 122880      |
| train/                  |             |
|    approx_kl            | 0.008844552 |
|    clip_fraction        | 0.078       |
|    clip_range           | 0.2         |
|    entropy_loss         | -2.11       |
|    explained_variance   | 0.738       |
|    learning_rate        | 0.0003      |
|    loss                 | -0.0236     |
|    n_updates            | 20          |
|    policy_gradient_loss | -0.00712    |
|    value_loss           | 0.0234      |
-----------------------------------------
-----------------------------------------
| rollout/                |             |
|    ep_len_mean          | 384         |
|    ep_rew_mean          | -1.56       |
| time/                   |             |
|    fps                  | 472         |
|    iterations           | 6           |
|    time_elapsed         | 312         |
|    total_timesteps      | 147456      |
| train/                  |             |
|    approx_kl            | 0.009570431 |
|    clip_fraction        | 0.104       |
|    clip_range           | 0.2         |
|    entropy_loss         | -2.09       |
|    explained_variance   | 0.746       |
|    learning_rate        | 0.0003      |
|    loss                 | -0.0346     |
|    n_updates            | 25          |
|    policy_gradient_loss | -0.00822    |
|    value_loss           | 0.0214      |
-----------------------------------------
------------------------------------------
| rollout/                |              |
|    ep_len_mean          | 254          |
|    ep_rew_mean          | 2.42         |
| time/                   |              |
|    fps                  | 473          |
|    iterations           | 7            |
|    time_elapsed         | 363          |
|    total_timesteps      | 172032       |
| train/                  |              |
|    approx_kl            | 0.0104300035 |
|    clip_fraction        | 0.114        |
|    clip_range           | 0.2          |
|    entropy_loss         | -2.07        |
|    explained_variance   | 0.713        |
|    learning_rate        | 0.0003       |
|    loss                 | -0.028       |
|    n_updates            | 30           |
|    policy_gradient_loss | -0.0094      |
|    value_loss           | 0.0274       |
------------------------------------------
-----------------------------------------
| rollout/                |             |
|    ep_len_mean          | 220         |
|    ep_rew_mean          | 5.31        |
| time/                   |             |
|    fps                  | 474         |
|    iterations           | 8           |
|    time_elapsed         | 414         |
|    total_timesteps      | 196608      |
| train/                  |             |
|    approx_kl            | 0.009054322 |
|    clip_fraction        | 0.103       |
|    clip_range           | 0.2         |
|    entropy_loss         | -2.05       |
|    explained_variance   | 0.752       |
|    learning_rate        | 0.0003      |
|    loss                 | -0.0146     |
|    n_updates            | 35          |
|    policy_gradient_loss | -0.00843    |
|    value_loss           | 0.0426      |
-----------------------------------------
-----------------------------------------
| rollout/                |             |
|    ep_len_mean          | 176         |
|    ep_rew_mean          | 8.43        |
| time/                   |             |
|    fps                  | 476         |
|    iterations           | 9           |
|    time_elapsed         | 464         |
|    total_timesteps      | 221184      |
| train/                  |             |
|    approx_kl            | 0.009694253 |
|    clip_fraction        | 0.104       |
|    clip_range           | 0.2         |
|    entropy_loss         | -1.99       |
|    explained_variance   | 0.771       |
|    learning_rate        | 0.0003      |
|    loss                 | -0.0284     |
|    n_updates            | 40          |
|    policy_gradient_loss | -0.00898    |
|    value_loss           | 0.0444      |
-----------------------------------------
-----------------------------------------
| rollout/                |             |
|    ep_len_mean          | 147         |
|    ep_rew_mean          | 12.4        |
| time/                   |             |
|    fps                  | 478         |
|    iterations           | 10          |
|    time_elapsed         | 513         |
|    total_timesteps      | 245760      |
| train/                  |             |
|    approx_kl            | 0.008828484 |
|    clip_fraction        | 0.0872      |
|    clip_range           | 0.2         |
|    entropy_loss         | -1.91       |
|    explained_variance   | 0.772       |
|    learning_rate        | 0.0003      |
|    loss                 | -0.00567    |
|    n_updates            | 45          |
|    policy_gradient_loss | -0.00721    |
|    value_loss           | 0.0495      |
-----------------------------------------
-----------------------------------------
| rollout/                |             |
|    ep_len_mean          | 164         |
|    ep_rew_mean          | 10.2        |
| time/                   |             |
|    fps                  | 479         |
|    iterations           | 11          |
|    time_elapsed         | 563         |
|    total_timesteps      | 270336      |
| train/                  |             |
|    approx_kl            | 0.008442667 |
|    clip_fraction        | 0.0729      |
|    clip_range           | 0.2         |
|    entropy_loss         | -1.78       |
|    explained_variance   | 0.821       |
|    learning_rate        | 0.0003      |
|    loss                 | 0.00474     |
|    n_updates            | 50          |
|    policy_gradient_loss | -0.00738    |
|    value_loss           | 0.0524      |
-----------------------------------------
------------------------------------------
| rollout/                |              |
|    ep_len_mean          | 191          |
|    ep_rew_mean          | 12.5         |
| time/                   |              |
|    fps                  | 479          |
|    iterations           | 12           |
|    time_elapsed         | 614          |
|    total_timesteps      | 294912       |
| train/                  |              |
|    approx_kl            | 0.0072871535 |
|    clip_fraction        | 0.073        |
|    clip_range           | 0.2          |
|    entropy_loss         | -1.77        |
|    explained_variance   | 0.868        |
|    learning_rate        | 0.0003       |
|    loss                 | -0.00593     |
|    n_updates            | 55           |
|    policy_gradient_loss | -0.00688     |
|    value_loss           | 0.0465       |
------------------------------------------
------------------------------------------
| rollout/                |              |
|    ep_len_mean          | 164          |
|    ep_rew_mean          | 15.6         |
| time/                   |              |
|    fps                  | 481          |
|    iterations           | 13           |
|    time_elapsed         | 663          |
|    total_timesteps      | 319488       |
| train/                  |              |
|    approx_kl            | 0.0076515614 |
|    clip_fraction        | 0.0689       |
|    clip_range           | 0.2          |
|    entropy_loss         | -1.73        |
|    explained_variance   | 0.901        |
|    learning_rate        | 0.0003       |
|    loss                 | -0.00599     |
|    n_updates            | 60           |
|    policy_gradient_loss | -0.00685     |
|    value_loss           | 0.044        |
------------------------------------------
------------------------------------------
| rollout/                |              |
|    ep_len_mean          | 177          |
|    ep_rew_mean          | 19.6         |
| time/                   |              |
|    fps                  | 482          |
|    iterations           | 14           |
|    time_elapsed         | 713          |
|    total_timesteps      | 344064       |
| train/                  |              |
|    approx_kl            | 0.0065305517 |
|    clip_fraction        | 0.0684       |
|    clip_range           | 0.2          |
|    entropy_loss         | -1.68        |
|    explained_variance   | 0.906        |
|    learning_rate        | 0.0003       |
|    loss                 | -0.0114      |
|    n_updates            | 65           |
|    policy_gradient_loss | -0.00661     |
|    value_loss           | 0.0433       |
------------------------------------------
-----------------------------------------
| rollout/                |             |
|    ep_len_mean          | 164         |
|    ep_rew_mean          | 18.6        |
| time/                   |             |
|    fps                  | 483         |
|    iterations           | 15          |
|    time_elapsed         | 762         |
|    total_timesteps      | 368640      |
| train/                  |             |
|    approx_kl            | 0.006934499 |
|    clip_fraction        | 0.0655      |
|    clip_range           | 0.2         |
|    entropy_loss         | -1.64       |
|    explained_variance   | 0.895       |
|    learning_rate        | 0.0003      |
|    loss                 | -0.00184    |
|    n_updates            | 70          |
|    policy_gradient_loss | -0.00676    |
|    value_loss           | 0.0403      |
-----------------------------------------
----------------------------------------
| rollout/                |            |
|    ep_len_mean          | 171        |
|    ep_rew_mean          | 20.6       |
| time/                   |            |
|    fps                  | 483        |
|    iterations           | 16         |
|    time_elapsed         | 812        |
|    total_timesteps      | 393216     |
| train/                  |            |
|    approx_kl            | 0.00637178 |
|    clip_fraction        | 0.0653     |
|    clip_range           | 0.2        |
|    entropy_loss         | -1.62      |
|    explained_variance   | 0.897      |
|    learning_rate        | 0.0003     |
|    loss                 | -0.0136    |
|    n_updates            | 75         |
|    policy_gradient_loss | -0.00553   |
|    value_loss           | 0.0382     |
----------------------------------------
------------------------------------------
| rollout/                |              |
|    ep_len_mean          | 194          |
|    ep_rew_mean          | 22.7         |
| time/                   |              |
|    fps                  | 484          |
|    iterations           | 17           |
|    time_elapsed         | 862          |
|    total_timesteps      | 417792       |
| train/                  |              |
|    approx_kl            | 0.0075162537 |
|    clip_fraction        | 0.0745       |
|    clip_range           | 0.2          |
|    entropy_loss         | -1.66        |
|    explained_variance   | 0.875        |
|    learning_rate        | 0.0003       |
|    loss                 | -0.0123      |
|    n_updates            | 80           |
|    policy_gradient_loss | -0.00615     |
|    value_loss           | 0.0426       |
------------------------------------------
-----------------------------------------
| rollout/                |             |
|    ep_len_mean          | 185         |
|    ep_rew_mean          | 21.7        |
| time/                   |             |
|    fps                  | 485         |
|    iterations           | 18          |
|    time_elapsed         | 911         |
|    total_timesteps      | 442368      |
| train/                  |             |
|    approx_kl            | 0.007253224 |
|    clip_fraction        | 0.0806      |
|    clip_range           | 0.2         |
|    entropy_loss         | -1.63       |
|    explained_variance   | 0.909       |
|    learning_rate        | 0.0003      |
|    loss                 | -0.00865    |
|    n_updates            | 85          |
|    policy_gradient_loss | -0.00618    |
|    value_loss           | 0.0323      |
-----------------------------------------
-----------------------------------------
| rollout/                |             |
|    ep_len_mean          | 180         |
|    ep_rew_mean          | 24          |
| time/                   |             |
|    fps                  | 486         |
|    iterations           | 19          |
|    time_elapsed         | 960         |
|    total_timesteps      | 466944      |
| train/                  |             |
|    approx_kl            | 0.007279525 |
|    clip_fraction        | 0.0715      |
|    clip_range           | 0.2         |
|    entropy_loss         | -1.63       |
|    explained_variance   | 0.92        |
|    learning_rate        | 0.0003      |
|    loss                 | -0.00419    |
|    n_updates            | 90          |
|    policy_gradient_loss | -0.00615    |
|    value_loss           | 0.0307      |
-----------------------------------------
-----------------------------------------
| rollout/                |             |
|    ep_len_mean          | 177         |
|    ep_rew_mean          | 25.7        |
| time/                   |             |
|    fps                  | 487         |
|    iterations           | 20          |
|    time_elapsed         | 1008        |
|    total_timesteps      | 491520      |
| train/                  |             |
|    approx_kl            | 0.006916903 |
|    clip_fraction        | 0.0619      |
|    clip_range           | 0.2         |
|    entropy_loss         | -1.6        |
|    explained_variance   | 0.911       |
|    learning_rate        | 0.0003      |
|    loss                 | -0.00332    |
|    n_updates            | 95          |
|    policy_gradient_loss | -0.00498    |
|    value_loss           | 0.0358      |
-----------------------------------------
[Checkpoint] Saved at 500000 steps > /home/runner/work/Disciples2-RL/Disciples2-RL/github_experiments/119/green_dragon_minimal/green_dragon/seed119-green_dragon_minimal-green_dragon-29915288794-1/checkpoints/campaign_ppo_step_500000.zip
-----------------------------------------
| rollout/                |             |
|    ep_len_mean          | 183         |
|    ep_rew_mean          | 26          |
| time/                   |             |
|    fps                  | 487         |
|    iterations           | 21          |
|    time_elapsed         | 1058        |
|    total_timesteps      | 516096      |
| train/                  |             |
|    approx_kl            | 0.006815081 |
|    clip_fraction        | 0.0711      |
|    clip_range           | 0.2         |
|    entropy_loss         | -1.57       |
|    explained_variance   | 0.926       |
|    learning_rate        | 0.0003      |
|    loss                 | -0.0162     |
|    n_updates            | 100         |
|    policy_gradient_loss | -0.00509    |
|    value_loss           | 0.0315      |
-----------------------------------------
------------------------------------------
| rollout/                |              |
|    ep_len_mean          | 177          |
|    ep_rew_mean          | 26.9         |
| time/                   |              |
|    fps                  | 488          |
|    iterations           | 22           |
|    time_elapsed         | 1107         |
|    total_timesteps      | 540672       |
| train/                  |              |
|    approx_kl            | 0.0070027187 |
|    clip_fraction        | 0.0634       |
|    clip_range           | 0.2          |
|    entropy_loss         | -1.52        |
|    explained_variance   | 0.93         |
|    learning_rate        | 0.0003       |
|    loss                 | -0.0141      |
|    n_updates            | 105          |
|    policy_gradient_loss | -0.00499     |
|    value_loss           | 0.0283       |
------------------------------------------
-----------------------------------------
| rollout/                |             |
|    ep_len_mean          | 176         |
|    ep_rew_mean          | 27.3        |
| time/                   |             |
|    fps                  | 489         |
|    iterations           | 23          |
|    time_elapsed         | 1155        |
|    total_timesteps      | 565248      |
| train/                  |             |
|    approx_kl            | 0.007034639 |
|    clip_fraction        | 0.067       |
|    clip_range           | 0.2         |
|    entropy_loss         | -1.51       |
|    explained_variance   | 0.94        |
|    learning_rate        | 0.0003      |
|    loss                 | -0.0103     |
|    n_updates            | 110         |
|    policy_gradient_loss | -0.0056     |
|    value_loss           | 0.0256      |
-----------------------------------------
-----------------------------------------
| rollout/                |             |
|    ep_len_mean          | 181         |
|    ep_rew_mean          | 28          |
| time/                   |             |
|    fps                  | 489         |
|    iterations           | 24          |
|    time_elapsed         | 1205        |
|    total_timesteps      | 589824      |
| train/                  |             |
|    approx_kl            | 0.007602196 |
|    clip_fraction        | 0.0774      |
|    clip_range           | 0.2         |
|    entropy_loss         | -1.49       |
|    explained_variance   | 0.942       |
|    learning_rate        | 0.0003      |
|    loss                 | -0.0163     |
|    n_updates            | 115         |
|    policy_gradient_loss | -0.00545    |
|    value_loss           | 0.0263      |
-----------------------------------------
------------------------------------------
| rollout/                |              |
|    ep_len_mean          | 192          |
|    ep_rew_mean          | 27.9         |
| time/                   |              |
|    fps                  | 488          |
|    iterations           | 25           |
|    time_elapsed         | 1256         |
|    total_timesteps      | 614400       |
| train/                  |              |
|    approx_kl            | 0.0076010115 |
|    clip_fraction        | 0.0826       |
|    clip_range           | 0.2          |
|    entropy_loss         | -1.46        |
|    explained_variance   | 0.947        |
|    learning_rate        | 0.0003       |
|    loss                 | -0.0103      |
|    n_updates            | 120          |
|    policy_gradient_loss | -0.00533     |
|    value_loss           | 0.0237       |
------------------------------------------
-----------------------------------------
| rollout/                |             |
|    ep_len_mean          | 189         |
|    ep_rew_mean          | 28.5        |
| time/                   |             |
|    fps                  | 488         |
|    iterations           | 26          |
|    time_elapsed         | 1306        |
|    total_timesteps      | 638976      |
| train/                  |             |
|    approx_kl            | 0.006448841 |
|    clip_fraction        | 0.0659      |
|    clip_range           | 0.2         |
|    entropy_loss         | -1.43       |
|    explained_variance   | 0.968       |
|    learning_rate        | 0.0003      |
|    loss                 | -0.00527    |
|    n_updates            | 125         |
|    policy_gradient_loss | -0.00503    |
|    value_loss           | 0.0163      |
-----------------------------------------
------------------------------------------
| rollout/                |              |
|    ep_len_mean          | 188          |
|    ep_rew_mean          | 29.9         |
| time/                   |              |
|    fps                  | 489          |
|    iterations           | 27           |
|    time_elapsed         | 1355         |
|    total_timesteps      | 663552       |
| train/                  |              |
|    approx_kl            | 0.0067436807 |
|    clip_fraction        | 0.0691       |
|    clip_range           | 0.2          |
|    entropy_loss         | -1.41        |
|    explained_variance   | 0.969        |
|    learning_rate        | 0.0003       |
|    loss                 | -0.0182      |
|    n_updates            | 130          |
|    policy_gradient_loss | -0.00395     |
|    value_loss           | 0.0164       |
------------------------------------------
------------------------------------------
| rollout/                |              |
|    ep_len_mean          | 172          |
|    ep_rew_mean          | 29.3         |
| time/                   |              |
|    fps                  | 489          |
|    iterations           | 28           |
|    time_elapsed         | 1404         |
|    total_timesteps      | 688128       |
| train/                  |              |
|    approx_kl            | 0.0069235913 |
|    clip_fraction        | 0.059        |
|    clip_range           | 0.2          |
|    entropy_loss         | -1.4         |
|    explained_variance   | 0.968        |
|    learning_rate        | 0.0003       |
|    loss                 | -0.0131      |
|    n_updates            | 135          |
|    policy_gradient_loss | -0.00393     |
|    value_loss           | 0.0165       |
------------------------------------------
-----------------------------------------
| rollout/                |             |
|    ep_len_mean          | 171         |
|    ep_rew_mean          | 29.2        |
| time/                   |             |
|    fps                  | 490         |
|    iterations           | 29          |
|    time_elapsed         | 1453        |
|    total_timesteps      | 712704      |
| train/                  |             |
|    approx_kl            | 0.006873625 |
|    clip_fraction        | 0.0635      |
|    clip_range           | 0.2         |
|    entropy_loss         | -1.36       |
|    explained_variance   | 0.967       |
|    learning_rate        | 0.0003      |
|    loss                 | -0.0117     |
|    n_updates            | 140         |
|    policy_gradient_loss | -0.00366    |
|    value_loss           | 0.0199      |
-----------------------------------------
-----------------------------------------
| rollout/                |             |
|    ep_len_mean          | 181         |
|    ep_rew_mean          | 28.4        |
| time/                   |             |
|    fps                  | 490         |
|    iterations           | 30          |
|    time_elapsed         | 1503        |
|    total_timesteps      | 737280      |
| train/                  |             |
|    approx_kl            | 0.007123573 |
|    clip_fraction        | 0.0687      |
|    clip_range           | 0.2         |
|    entropy_loss         | -1.35       |
|    explained_variance   | 0.966       |
|    learning_rate        | 0.0003      |
|    loss                 | 0.00257     |
|    n_updates            | 145         |
|    policy_gradient_loss | -0.0028     |
|    value_loss           | 0.0189      |
-----------------------------------------
-----------------------------------------
| rollout/                |             |
|    ep_len_mean          | 181         |
|    ep_rew_mean          | 28.6        |
| time/                   |             |
|    fps                  | 490         |
|    iterations           | 31          |
|    time_elapsed         | 1553        |
|    total_timesteps      | 761856      |
| train/                  |             |
|    approx_kl            | 0.006058699 |
|    clip_fraction        | 0.0661      |
|    clip_range           | 0.2         |
|    entropy_loss         | -1.36       |
|    explained_variance   | 0.971       |
|    learning_rate        | 0.0003      |
|    loss                 | -0.0125     |
|    n_updates            | 150         |
|    policy_gradient_loss | -0.00342    |
|    value_loss           | 0.0168      |
-----------------------------------------
------------------------------------------
| rollout/                |              |
|    ep_len_mean          | 189          |
|    ep_rew_mean          | 30.1         |
| time/                   |              |
|    fps                  | 490          |
|    iterations           | 32           |
|    time_elapsed         | 1602         |
|    total_timesteps      | 786432       |
| train/                  |              |
|    approx_kl            | 0.0070037767 |
|    clip_fraction        | 0.0744       |
|    clip_range           | 0.2          |
|    entropy_loss         | -1.36        |
|    explained_variance   | 0.966        |
|    learning_rate        | 0.0003       |
|    loss                 | -0.0122      |
|    n_updates            | 155          |
|    policy_gradient_loss | -0.00348     |
|    value_loss           | 0.0196       |
------------------------------------------
-----------------------------------------
| rollout/                |             |
|    ep_len_mean          | 182         |
|    ep_rew_mean          | 29.4        |
| time/                   |             |
|    fps                  | 490         |
|    iterations           | 33          |
|    time_elapsed         | 1651        |
|    total_timesteps      | 811008      |
| train/                  |             |
|    approx_kl            | 0.006765501 |
|    clip_fraction        | 0.0636      |
|    clip_range           | 0.2         |
|    entropy_loss         | -1.36       |
|    explained_variance   | 0.961       |
|    learning_rate        | 0.0003      |
|    loss                 | -0.0118     |
|    n_updates            | 160         |
|    policy_gradient_loss | -0.00433    |
|    value_loss           | 0.024       |
-----------------------------------------
-----------------------------------------
| rollout/                |             |
|    ep_len_mean          | 183         |
|    ep_rew_mean          | 30.2        |
| time/                   |             |
|    fps                  | 491         |
|    iterations           | 34          |
|    time_elapsed         | 1700        |
|    total_timesteps      | 835584      |
| train/                  |             |
|    approx_kl            | 0.006093854 |
|    clip_fraction        | 0.0645      |
|    clip_range           | 0.2         |
|    entropy_loss         | -1.36       |
|    explained_variance   | 0.967       |
|    learning_rate        | 0.0003      |
|    loss                 | -0.0127     |
|    n_updates            | 165         |
|    policy_gradient_loss | -0.00468    |
|    value_loss           | 0.0213      |
-----------------------------------------
-----------------------------------------
| rollout/                |             |
|    ep_len_mean          | 200         |
|    ep_rew_mean          | 31.2        |
| time/                   |             |
|    fps                  | 491         |
|    iterations           | 35          |
|    time_elapsed         | 1749        |
|    total_timesteps      | 860160      |
| train/                  |             |
|    approx_kl            | 0.006370856 |
|    clip_fraction        | 0.0693      |
|    clip_range           | 0.2         |
|    entropy_loss         | -1.33       |
|    explained_variance   | 0.956       |
|    learning_rate        | 0.0003      |
|    loss                 | 0.00307     |
|    n_updates            | 170         |
|    policy_gradient_loss | -0.00377    |
|    value_loss           | 0.0287      |
-----------------------------------------
-----------------------------------------
| rollout/                |             |
|    ep_len_mean          | 196         |
|    ep_rew_mean          | 30.7        |
| time/                   |             |
|    fps                  | 491         |
|    iterations           | 36          |
|    time_elapsed         | 1798        |
|    total_timesteps      | 884736      |
| train/                  |             |
|    approx_kl            | 0.006367979 |
|    clip_fraction        | 0.0646      |
|    clip_range           | 0.2         |
|    entropy_loss         | -1.38       |
|    explained_variance   | 0.961       |
|    learning_rate        | 0.0003      |
|    loss                 | -0.0115     |
|    n_updates            | 175         |
|    policy_gradient_loss | -0.00439    |
|    value_loss           | 0.0244      |
-----------------------------------------
------------------------------------------
| rollout/                |              |
|    ep_len_mean          | 182          |
|    ep_rew_mean          | 31.2         |
| time/                   |              |
|    fps                  | 492          |
|    iterations           | 37           |
|    time_elapsed         | 1847         |
|    total_timesteps      | 909312       |
| train/                  |              |
|    approx_kl            | 0.0077398606 |
|    clip_fraction        | 0.0704       |
|    clip_range           | 0.2          |
|    entropy_loss         | -1.35        |
|    explained_variance   | 0.957        |
|    learning_rate        | 0.0003       |
|    loss                 | -0.00793     |
|    n_updates            | 180          |
|    policy_gradient_loss | -0.00358     |
|    value_loss           | 0.0261       |
------------------------------------------
------------------------------------------
| rollout/                |              |
|    ep_len_mean          | 198          |
|    ep_rew_mean          | 32.9         |
| time/                   |              |
|    fps                  | 492          |
|    iterations           | 38           |
|    time_elapsed         | 1897         |
|    total_timesteps      | 933888       |
| train/                  |              |
|    approx_kl            | 0.0067451796 |
|    clip_fraction        | 0.0821       |
|    clip_range           | 0.2          |
|    entropy_loss         | -1.33        |
|    explained_variance   | 0.951        |
|    learning_rate        | 0.0003       |
|    loss                 | -0.01        |
|    n_updates            | 185          |
|    policy_gradient_loss | -0.00442     |
|    value_loss           | 0.0291       |
------------------------------------------
-----------------------------------------
| rollout/                |             |
|    ep_len_mean          | 192         |
|    ep_rew_mean          | 32.9        |
| time/                   |             |
|    fps                  | 491         |
|    iterations           | 39          |
|    time_elapsed         | 1948        |
|    total_timesteps      | 958464      |
| train/                  |             |
|    approx_kl            | 0.006787708 |
|    clip_fraction        | 0.0661      |
|    clip_range           | 0.2         |
|    entropy_loss         | -1.33       |
|    explained_variance   | 0.915       |
|    learning_rate        | 0.0003      |
|    loss                 | 0.000537    |
|    n_updates            | 190         |
|    policy_gradient_loss | -0.0032     |
|    value_loss           | 0.046       |
-----------------------------------------
------------------------------------------
| rollout/                |              |
|    ep_len_mean          | 195          |
|    ep_rew_mean          | 32.9         |
| time/                   |              |
|    fps                  | 492          |
|    iterations           | 40           |
|    time_elapsed         | 1997         |
|    total_timesteps      | 983040       |
| train/                  |              |
|    approx_kl            | 0.0066090836 |
|    clip_fraction        | 0.0741       |
|    clip_range           | 0.2          |
|    entropy_loss         | -1.31        |
|    explained_variance   | 0.95         |
|    learning_rate        | 0.0003       |
|    loss                 | 0.00366      |
|    n_updates            | 195          |
|    policy_gradient_loss | -0.00352     |
|    value_loss           | 0.0344       |
------------------------------------------
[Checkpoint] Saved at 1000000 steps > /home/runner/work/Disciples2-RL/Disciples2-RL/github_experiments/119/green_dragon_minimal/green_dragon/seed119-green_dragon_minimal-green_dragon-29915288794-1/checkpoints/campaign_ppo_step_1000000.zip
Eval num_timesteps=1000008, det_reward=36.96 +/- 0.97
Episode length: det=165.75 +/- 11.26
Victory rate: det=0.00%
--------------------------------------------------
| eval/                           |              |
|    deterministic_mean_ep_length | 166          |
|    deterministic_mean_reward    | 37           |
|    deterministic_victory_rate   | 0            |
|    mean_ep_length               | 166          |
|    mean_reward                  | 37           |
|    victory_rate                 | 0            |
| time/                           |              |
|    total_timesteps              | 1000008      |
| train/                          |              |
|    approx_kl                    | 0.0066932123 |
|    clip_fraction                | 0.0672       |
|    clip_range                   | 0.2          |
|    entropy_loss                 | -1.29        |
|    explained_variance           | 0.954        |
|    learning_rate                | 0.0003       |
|    loss                         | -0.00473     |
|    n_updates                    | 200          |
|    policy_gradient_loss         | -0.0041      |
|    value_loss                   | 0.0302       |
--------------------------------------------------
New best model by deterministic victory rate!
---------------------------------
| rollout/           |          |
|    ep_len_mean     | 204      |
|    ep_rew_mean     | 34.1     |
| time/              |          |
|    fps             | 489      |
|    iterations      | 41       |
|    time_elapsed    | 2057     |
|    total_timesteps | 1007616  |
---------------------------------
VecNormalize stats saved: /home/runner/work/Disciples2-RL/Disciples2-RL/github_experiments/119/green_dragon_minimal/green_dragon/seed119-green_dragon_minimal-green_dragon-29915288794-1/models/vecnormalize.pkl

Финальная модель сохранена: /home/runner/work/Disciples2-RL/Disciples2-RL/github_experiments/119/green_dragon_minimal/green_dragon/seed119-green_dragon_minimal-green_dragon-29915288794-1/models/final_model.zip

============================================================
ИТОГИ ОБУЧЕНИЯ:
  Побед: 1
  Поражений: 5194
  Таймаутов: 0
  Побед бота столицы над врагами: 0
  Перестановок юнитов: 163401
  Терминальные поражения по противникам:
    enemy_40: 1401 — Гарнизон города II уровня: Молох и Сектант
    enemy_31: 1078 — Зелёный дракон — цель карты
    enemy_42: 846 — Руины: Людоед
    enemy_16: 493 — Два Берсеркера и Сектант
    enemy_12: 440 — Рыцарь смерти и Зомби
    enemy_19: 232 — Мантикора
    enemy_5: 222 — Три Скваера
    enemy_3: 129 — Два Ополченца и Лучник
    enemy_7: 83 — Скелет и Призрак
    enemy_4: 48 — Копейщик и Служка
    enemy_14: 48 — Два Тёмных эльфа мясника и Призрак
    enemy_1: 39 — Один Орк
    enemy_8: 29 — Два Крестьянина и Инкуб
    enemy_6: 27 — Демон и Одержимый
    enemy_10: 12 — Один Оккультист
    enemy_17: 12 — Оборотень и Зомби
    enemy_2: 12 — Два Гоблина и Гоблин лучник
    enemy_20: 12 — Тиамат
    enemy_18: 11 — Дикий кентавр
    enemy_41: 10 — Гарнизон города III уровня: Имперский рыцарь и Патриарх
    enemy_9: 4 — Два Одержимых и Колдунья
    enemy_11: 3 — Кракен в озере
    enemy_15: 2 — Два Гнома воина и Алхимик
    enemy_13: 1 — Два Орка
  Winrate: 0.0%
============================================================
  График призывов за эпизод: /home/runner/work/Disciples2-RL/Disciples2-RL/github_experiments/119/green_dragon_minimal/green_dragon/seed119-green_dragon_minimal-green_dragon-29915288794-1/plots/campaign_summoned_units_per_episode.png
  График призывов за всё обучение: /home/runner/work/Disciples2-RL/Disciples2-RL/github_experiments/119/green_dragon_minimal/green_dragon/seed119-green_dragon_minimal-green_dragon-29915288794-1/plots/campaign_summoned_units_cumulative.png
  График найма за эпизод: /home/runner/work/Disciples2-RL/Disciples2-RL/github_experiments/119/green_dragon_minimal/green_dragon/seed119-green_dragon_minimal-green_dragon-29915288794-1/plots/campaign_hired_units_per_episode.png
  График найма за всё обучение: /home/runner/work/Disciples2-RL/Disciples2-RL/github_experiments/119/green_dragon_minimal/green_dragon/seed119-green_dragon_minimal-green_dragon-29915288794-1/plots/campaign_hired_units_cumulative.png
  График перестановок юнитов за эпизод: /home/runner/work/Disciples2-RL/Disciples2-RL/github_experiments/119/green_dragon_minimal/green_dragon/seed119-green_dragon_minimal-green_dragon-29915288794-1/plots/campaign_unit_swaps_per_episode.png
  График боевых предметов: /home/runner/work/Disciples2-RL/Disciples2-RL/github_experiments/119/green_dragon_minimal/green_dragon/seed119-green_dragon_minimal-green_dragon-29915288794-1/plots/campaign_battle_item_activity.png
  График побед бота столицы за эпизод: /home/runner/work/Disciples2-RL/Disciples2-RL/github_experiments/119/green_dragon_minimal/green_dragon/seed119-green_dragon_minimal-green_dragon-29915288794-1/plots/campaign_scripted_bot_victories_per_episode.png
  График применения заклинаний: /home/runner/work/Disciples2-RL/Disciples2-RL/github_experiments/119/green_dragon_minimal/green_dragon/seed119-green_dragon_minimal-green_dragon-29915288794-1/plots/campaign_spell_cast_activity.png
