Проверка среды CampaignEnv...
Среда прошла проверку!
[INFO] Comet disabled, running without experiment tracking
Создание 12 параллельных сред (subproc)...
Инициализация MaskablePPO...
Using cpu device

============================================================
Запуск обучения Campaign Agent
Всего шагов: 1,000,000
Параллельных сред: 12
VecEnv: subproc
VecEnv start method: forkserver
Seed: 111
Checkpoint каждые: 500,000 шагов
Evaluation каждые: 83,334 шагов
Eval deterministic эпизодов: 20
Eval stochastic эпизодов: 0
Eval лимит шагов на эпизод: 5000
Campaign map: small
Campaign objective: blue_dragon
System resources at training start:
  Platform: Linux 6.17.0-1020-azure (x86_64)
  Python: 3.14.6
  PyTorch: 2.13.0+cpu
  Training device: cpu
  CPU model: AMD EPYC 7763 64-Core Processor
  CPU vendor: AuthenticAMD
  Logical CPUs visible: 4
  Process CPU affinity: 4
  Sockets: 1
  Cores per socket: 2
  Threads per core: 2
  CPU max MHz: unknown
  CPU min MHz: unknown
  L1d cache: 64 KiB (2 instances)
  L1i cache: 64 KiB (2 instances)
  L2 cache: 1 MiB (2 instances)
  L3 cache: 32 MiB (1 instance)
  Virtualization: AMD-V
  Hypervisor: Microsoft
  RAM total: 15.61 GiB
  RAM available at start: 13.83 GiB
  Disk total: 144.26 GiB
  Disk free at start: 85.48 GiB
  Torch intra-op threads: 4
  Torch inter-op threads: 2
  OMP_NUM_THREADS: 4
  MKL_NUM_THREADS: 4
  OPENBLAS_NUM_THREADS: 4
  GitHub runner OS: Linux
  GitHub runner architecture: X64
  GitHub runner environment: github-hosted
PPO n_steps: 2,048
PPO batch_size: 512
PPO n_epochs: 5
PPO learning_rate: 0.0003
PPO clip_range: 0.2
PPO ent_coef: 0.01
PPO gamma: 0.995
PPO gae_lambda: 0.95
PPO target_kl: disabled
PPO gradient batches per rollout: 240
VecCheckNan: disabled
Freeze action layout: enabled
Empire territory: enabled
Torch threads per process: 4
Diagnostics: disabled
Wall-clock training limit: disabled
Run ID: seed111-blue_dragon-29600462736-1
============================================================

Logging to /home/runner/work/Disciples2-RL/Disciples2-RL/github_experiments/111/blue_dragon/seed111-blue_dragon-29600462736-1/tensorboard/MaskablePPO_1
---------------------------------
| rollout/           |          |
|    ep_len_mean     | 116      |
|    ep_rew_mean     | -5.54    |
| time/              |          |
|    fps             | 503      |
|    iterations      | 1        |
|    time_elapsed    | 48       |
|    total_timesteps | 24576    |
---------------------------------
-----------------------------------------
| rollout/                |             |
|    ep_len_mean          | 131         |
|    ep_rew_mean          | -4.21       |
| time/                   |             |
|    fps                  | 481         |
|    iterations           | 2           |
|    time_elapsed         | 102         |
|    total_timesteps      | 49152       |
| train/                  |             |
|    approx_kl            | 0.009867889 |
|    clip_fraction        | 0.0809      |
|    clip_range           | 0.2         |
|    entropy_loss         | -2.2        |
|    explained_variance   | -0.0325     |
|    learning_rate        | 0.0003      |
|    loss                 | 0.168       |
|    n_updates            | 5           |
|    policy_gradient_loss | -0.00729    |
|    value_loss           | 0.547       |
-----------------------------------------
-----------------------------------------
| rollout/                |             |
|    ep_len_mean          | 167         |
|    ep_rew_mean          | -3.12       |
| time/                   |             |
|    fps                  | 475         |
|    iterations           | 3           |
|    time_elapsed         | 155         |
|    total_timesteps      | 73728       |
| train/                  |             |
|    approx_kl            | 0.011153158 |
|    clip_fraction        | 0.132       |
|    clip_range           | 0.2         |
|    entropy_loss         | -2.15       |
|    explained_variance   | 0.59        |
|    learning_rate        | 0.0003      |
|    loss                 | 0.0707      |
|    n_updates            | 10          |
|    policy_gradient_loss | -0.0124     |
|    value_loss           | 0.267       |
-----------------------------------------
-----------------------------------------
| rollout/                |             |
|    ep_len_mean          | 182         |
|    ep_rew_mean          | -3.26       |
| time/                   |             |
|    fps                  | 471         |
|    iterations           | 4           |
|    time_elapsed         | 208         |
|    total_timesteps      | 98304       |
| train/                  |             |
|    approx_kl            | 0.010916815 |
|    clip_fraction        | 0.135       |
|    clip_range           | 0.2         |
|    entropy_loss         | -2.09       |
|    explained_variance   | 0.768       |
|    learning_rate        | 0.0003      |
|    loss                 | 0.0272      |
|    n_updates            | 15          |
|    policy_gradient_loss | -0.0132     |
|    value_loss           | 0.179       |
-----------------------------------------
-----------------------------------------
| rollout/                |             |
|    ep_len_mean          | 256         |
|    ep_rew_mean          | 0.028       |
| time/                   |             |
|    fps                  | 470         |
|    iterations           | 5           |
|    time_elapsed         | 261         |
|    total_timesteps      | 122880      |
| train/                  |             |
|    approx_kl            | 0.010135317 |
|    clip_fraction        | 0.113       |
|    clip_range           | 0.2         |
|    entropy_loss         | -2.08       |
|    explained_variance   | 0.847       |
|    learning_rate        | 0.0003      |
|    loss                 | 0.0197      |
|    n_updates            | 20          |
|    policy_gradient_loss | -0.0109     |
|    value_loss           | 0.147       |
-----------------------------------------
------------------------------------------
| rollout/                |              |
|    ep_len_mean          | 202          |
|    ep_rew_mean          | 4.31         |
| time/                   |              |
|    fps                  | 470          |
|    iterations           | 6            |
|    time_elapsed         | 313          |
|    total_timesteps      | 147456       |
| train/                  |              |
|    approx_kl            | 0.0112973275 |
|    clip_fraction        | 0.113        |
|    clip_range           | 0.2          |
|    entropy_loss         | -2.05        |
|    explained_variance   | 0.875        |
|    learning_rate        | 0.0003       |
|    loss                 | 0.0242       |
|    n_updates            | 25           |
|    policy_gradient_loss | -0.0104      |
|    value_loss           | 0.12         |
------------------------------------------
----------------------------------------
| rollout/                |            |
|    ep_len_mean          | 203        |
|    ep_rew_mean          | 7.46       |
| time/                   |            |
|    fps                  | 470        |
|    iterations           | 7          |
|    time_elapsed         | 365        |
|    total_timesteps      | 172032     |
| train/                  |            |
|    approx_kl            | 0.00985684 |
|    clip_fraction        | 0.12       |
|    clip_range           | 0.2        |
|    entropy_loss         | -2.02      |
|    explained_variance   | 0.86       |
|    learning_rate        | 0.0003     |
|    loss                 | 0.0243     |
|    n_updates            | 30         |
|    policy_gradient_loss | -0.0108    |
|    value_loss           | 0.0983     |
----------------------------------------
-----------------------------------------
| rollout/                |             |
|    ep_len_mean          | 188         |
|    ep_rew_mean          | 8.81        |
| time/                   |             |
|    fps                  | 471         |
|    iterations           | 8           |
|    time_elapsed         | 416         |
|    total_timesteps      | 196608      |
| train/                  |             |
|    approx_kl            | 0.010040052 |
|    clip_fraction        | 0.12        |
|    clip_range           | 0.2         |
|    entropy_loss         | -1.98       |
|    explained_variance   | 0.845       |
|    learning_rate        | 0.0003      |
|    loss                 | 0.0142      |
|    n_updates            | 35          |
|    policy_gradient_loss | -0.0116     |
|    value_loss           | 0.0749      |
-----------------------------------------
-----------------------------------------
| rollout/                |             |
|    ep_len_mean          | 192         |
|    ep_rew_mean          | 11.6        |
| time/                   |             |
|    fps                  | 471         |
|    iterations           | 9           |
|    time_elapsed         | 469         |
|    total_timesteps      | 221184      |
| train/                  |             |
|    approx_kl            | 0.009106924 |
|    clip_fraction        | 0.0955      |
|    clip_range           | 0.2         |
|    entropy_loss         | -1.94       |
|    explained_variance   | 0.833       |
|    learning_rate        | 0.0003      |
|    loss                 | -0.00151    |
|    n_updates            | 40          |
|    policy_gradient_loss | -0.00954    |
|    value_loss           | 0.064       |
-----------------------------------------
-----------------------------------------
| rollout/                |             |
|    ep_len_mean          | 181         |
|    ep_rew_mean          | 14.8        |
| time/                   |             |
|    fps                  | 470         |
|    iterations           | 10          |
|    time_elapsed         | 522         |
|    total_timesteps      | 245760      |
| train/                  |             |
|    approx_kl            | 0.009717506 |
|    clip_fraction        | 0.107       |
|    clip_range           | 0.2         |
|    entropy_loss         | -1.9        |
|    explained_variance   | 0.766       |
|    learning_rate        | 0.0003      |
|    loss                 | 0.00728     |
|    n_updates            | 45          |
|    policy_gradient_loss | -0.0084     |
|    value_loss           | 0.0606      |
-----------------------------------------
-----------------------------------------
| rollout/                |             |
|    ep_len_mean          | 163         |
|    ep_rew_mean          | 15          |
| time/                   |             |
|    fps                  | 469         |
|    iterations           | 11          |
|    time_elapsed         | 575         |
|    total_timesteps      | 270336      |
| train/                  |             |
|    approx_kl            | 0.008954962 |
|    clip_fraction        | 0.0938      |
|    clip_range           | 0.2         |
|    entropy_loss         | -1.84       |
|    explained_variance   | 0.783       |
|    learning_rate        | 0.0003      |
|    loss                 | -0.00975    |
|    n_updates            | 50          |
|    policy_gradient_loss | -0.00819    |
|    value_loss           | 0.0586      |
-----------------------------------------
-----------------------------------------
| rollout/                |             |
|    ep_len_mean          | 166         |
|    ep_rew_mean          | 17          |
| time/                   |             |
|    fps                  | 470         |
|    iterations           | 12          |
|    time_elapsed         | 627         |
|    total_timesteps      | 294912      |
| train/                  |             |
|    approx_kl            | 0.007798867 |
|    clip_fraction        | 0.0727      |
|    clip_range           | 0.2         |
|    entropy_loss         | -1.8        |
|    explained_variance   | 0.742       |
|    learning_rate        | 0.0003      |
|    loss                 | 0.00602     |
|    n_updates            | 55          |
|    policy_gradient_loss | -0.00647    |
|    value_loss           | 0.074       |
-----------------------------------------
-----------------------------------------
| rollout/                |             |
|    ep_len_mean          | 171         |
|    ep_rew_mean          | 18.2        |
| time/                   |             |
|    fps                  | 471         |
|    iterations           | 13          |
|    time_elapsed         | 677         |
|    total_timesteps      | 319488      |
| train/                  |             |
|    approx_kl            | 0.008729103 |
|    clip_fraction        | 0.0924      |
|    clip_range           | 0.2         |
|    entropy_loss         | -1.77       |
|    explained_variance   | 0.724       |
|    learning_rate        | 0.0003      |
|    loss                 | 0.0149      |
|    n_updates            | 60          |
|    policy_gradient_loss | -0.00742    |
|    value_loss           | 0.0875      |
-----------------------------------------
-----------------------------------------
| rollout/                |             |
|    ep_len_mean          | 157         |
|    ep_rew_mean          | 16.5        |
| time/                   |             |
|    fps                  | 471         |
|    iterations           | 14          |
|    time_elapsed         | 730         |
|    total_timesteps      | 344064      |
| train/                  |             |
|    approx_kl            | 0.007703826 |
|    clip_fraction        | 0.0759      |
|    clip_range           | 0.2         |
|    entropy_loss         | -1.75       |
|    explained_variance   | 0.742       |
|    learning_rate        | 0.0003      |
|    loss                 | 0.0232      |
|    n_updates            | 65          |
|    policy_gradient_loss | -0.00576    |
|    value_loss           | 0.0958      |
-----------------------------------------
-----------------------------------------
| rollout/                |             |
|    ep_len_mean          | 162         |
|    ep_rew_mean          | 18.3        |
| time/                   |             |
|    fps                  | 471         |
|    iterations           | 15          |
|    time_elapsed         | 781         |
|    total_timesteps      | 368640      |
| train/                  |             |
|    approx_kl            | 0.006776042 |
|    clip_fraction        | 0.0694      |
|    clip_range           | 0.2         |
|    entropy_loss         | -1.73       |
|    explained_variance   | 0.742       |
|    learning_rate        | 0.0003      |
|    loss                 | 0.0322      |
|    n_updates            | 70          |
|    policy_gradient_loss | -0.00618    |
|    value_loss           | 0.108       |
-----------------------------------------
-----------------------------------------
| rollout/                |             |
|    ep_len_mean          | 169         |
|    ep_rew_mean          | 20.2        |
| time/                   |             |
|    fps                  | 471         |
|    iterations           | 16          |
|    time_elapsed         | 833         |
|    total_timesteps      | 393216      |
| train/                  |             |
|    approx_kl            | 0.008026159 |
|    clip_fraction        | 0.0842      |
|    clip_range           | 0.2         |
|    entropy_loss         | -1.71       |
|    explained_variance   | 0.734       |
|    learning_rate        | 0.0003      |
|    loss                 | 0.0407      |
|    n_updates            | 75          |
|    policy_gradient_loss | -0.00676    |
|    value_loss           | 0.119       |
-----------------------------------------
-----------------------------------------
| rollout/                |             |
|    ep_len_mean          | 169         |
|    ep_rew_mean          | 21.2        |
| time/                   |             |
|    fps                  | 472         |
|    iterations           | 17          |
|    time_elapsed         | 884         |
|    total_timesteps      | 417792      |
| train/                  |             |
|    approx_kl            | 0.007407513 |
|    clip_fraction        | 0.066       |
|    clip_range           | 0.2         |
|    entropy_loss         | -1.72       |
|    explained_variance   | 0.762       |
|    learning_rate        | 0.0003      |
|    loss                 | 0.0422      |
|    n_updates            | 80          |
|    policy_gradient_loss | -0.00574    |
|    value_loss           | 0.128       |
-----------------------------------------
-----------------------------------------
| rollout/                |             |
|    ep_len_mean          | 171         |
|    ep_rew_mean          | 22.9        |
| time/                   |             |
|    fps                  | 472         |
|    iterations           | 18          |
|    time_elapsed         | 935         |
|    total_timesteps      | 442368      |
| train/                  |             |
|    approx_kl            | 0.007195191 |
|    clip_fraction        | 0.0627      |
|    clip_range           | 0.2         |
|    entropy_loss         | -1.73       |
|    explained_variance   | 0.781       |
|    learning_rate        | 0.0003      |
|    loss                 | 0.0413      |
|    n_updates            | 85          |
|    policy_gradient_loss | -0.00517    |
|    value_loss           | 0.125       |
-----------------------------------------
------------------------------------------
| rollout/                |              |
|    ep_len_mean          | 177          |
|    ep_rew_mean          | 23.9         |
| time/                   |              |
|    fps                  | 472          |
|    iterations           | 19           |
|    time_elapsed         | 987          |
|    total_timesteps      | 466944       |
| train/                  |              |
|    approx_kl            | 0.0076058353 |
|    clip_fraction        | 0.0749       |
|    clip_range           | 0.2          |
|    entropy_loss         | -1.71        |
|    explained_variance   | 0.794        |
|    learning_rate        | 0.0003       |
|    loss                 | 0.0338       |
|    n_updates            | 90           |
|    policy_gradient_loss | -0.00656     |
|    value_loss           | 0.113        |
------------------------------------------
-----------------------------------------
| rollout/                |             |
|    ep_len_mean          | 178         |
|    ep_rew_mean          | 24.3        |
| time/                   |             |
|    fps                  | 472         |
|    iterations           | 20          |
|    time_elapsed         | 1040        |
|    total_timesteps      | 491520      |
| train/                  |             |
|    approx_kl            | 0.007419097 |
|    clip_fraction        | 0.0778      |
|    clip_range           | 0.2         |
|    entropy_loss         | -1.71       |
|    explained_variance   | 0.814       |
|    learning_rate        | 0.0003      |
|    loss                 | 0.0167      |
|    n_updates            | 95          |
|    policy_gradient_loss | -0.00647    |
|    value_loss           | 0.127       |
-----------------------------------------
[Checkpoint] Saved at 500000 steps > /home/runner/work/Disciples2-RL/Disciples2-RL/github_experiments/111/blue_dragon/seed111-blue_dragon-29600462736-1/checkpoints/campaign_ppo_step_500000.zip
-----------------------------------------
| rollout/                |             |
|    ep_len_mean          | 192         |
|    ep_rew_mean          | 26.7        |
| time/                   |             |
|    fps                  | 472         |
|    iterations           | 21          |
|    time_elapsed         | 1092        |
|    total_timesteps      | 516096      |
| train/                  |             |
|    approx_kl            | 0.006905196 |
|    clip_fraction        | 0.0586      |
|    clip_range           | 0.2         |
|    entropy_loss         | -1.73       |
|    explained_variance   | 0.888       |
|    learning_rate        | 0.0003      |
|    loss                 | 0.0234      |
|    n_updates            | 100         |
|    policy_gradient_loss | -0.00493    |
|    value_loss           | 0.111       |
-----------------------------------------
-----------------------------------------
| rollout/                |             |
|    ep_len_mean          | 268         |
|    ep_rew_mean          | 12.7        |
| time/                   |             |
|    fps                  | 472         |
|    iterations           | 22          |
|    time_elapsed         | 1144        |
|    total_timesteps      | 540672      |
| train/                  |             |
|    approx_kl            | 0.007977405 |
|    clip_fraction        | 0.0639      |
|    clip_range           | 0.2         |
|    entropy_loss         | -1.75       |
|    explained_variance   | 0.934       |
|    learning_rate        | 0.0003      |
|    loss                 | 0.0201      |
|    n_updates            | 105         |
|    policy_gradient_loss | -0.00528    |
|    value_loss           | 0.0815      |
-----------------------------------------
-----------------------------------------
| rollout/                |             |
|    ep_len_mean          | 269         |
|    ep_rew_mean          | 15.6        |
| time/                   |             |
|    fps                  | 472         |
|    iterations           | 23          |
|    time_elapsed         | 1196        |
|    total_timesteps      | 565248      |
| train/                  |             |
|    approx_kl            | 0.007584033 |
|    clip_fraction        | 0.069       |
|    clip_range           | 0.2         |
|    entropy_loss         | -1.72       |
|    explained_variance   | 0.952       |
|    learning_rate        | 0.0003      |
|    loss                 | 0.0067      |
|    n_updates            | 110         |
|    policy_gradient_loss | -0.00487    |
|    value_loss           | 0.0728      |
-----------------------------------------
------------------------------------------
| rollout/                |              |
|    ep_len_mean          | 236          |
|    ep_rew_mean          | 20.8         |
| time/                   |              |
|    fps                  | 472          |
|    iterations           | 24           |
|    time_elapsed         | 1248         |
|    total_timesteps      | 589824       |
| train/                  |              |
|    approx_kl            | 0.0076020733 |
|    clip_fraction        | 0.0776       |
|    clip_range           | 0.2          |
|    entropy_loss         | -1.69        |
|    explained_variance   | 0.949        |
|    learning_rate        | 0.0003       |
|    loss                 | 0.0192       |
|    n_updates            | 115          |
|    policy_gradient_loss | -0.00505     |
|    value_loss           | 0.0775       |
------------------------------------------
------------------------------------------
| rollout/                |              |
|    ep_len_mean          | 227          |
|    ep_rew_mean          | 19.2         |
| time/                   |              |
|    fps                  | 472          |
|    iterations           | 25           |
|    time_elapsed         | 1299         |
|    total_timesteps      | 614400       |
| train/                  |              |
|    approx_kl            | 0.0078118346 |
|    clip_fraction        | 0.0823       |
|    clip_range           | 0.2          |
|    entropy_loss         | -1.65        |
|    explained_variance   | 0.947        |
|    learning_rate        | 0.0003       |
|    loss                 | 0.0035       |
|    n_updates            | 120          |
|    policy_gradient_loss | -0.00569     |
|    value_loss           | 0.0684       |
------------------------------------------
------------------------------------------
| rollout/                |              |
|    ep_len_mean          | 226          |
|    ep_rew_mean          | 21.8         |
| time/                   |              |
|    fps                  | 473          |
|    iterations           | 26           |
|    time_elapsed         | 1349         |
|    total_timesteps      | 638976       |
| train/                  |              |
|    approx_kl            | 0.0070527554 |
|    clip_fraction        | 0.0681       |
|    clip_range           | 0.2          |
|    entropy_loss         | -1.62        |
|    explained_variance   | 0.951        |
|    learning_rate        | 0.0003       |
|    loss                 | 0.00504      |
|    n_updates            | 125          |
|    policy_gradient_loss | -0.00542     |
|    value_loss           | 0.0606       |
------------------------------------------
------------------------------------------
| rollout/                |              |
|    ep_len_mean          | 173          |
|    ep_rew_mean          | 29.2         |
| time/                   |              |
|    fps                  | 473          |
|    iterations           | 27           |
|    time_elapsed         | 1400         |
|    total_timesteps      | 663552       |
| train/                  |              |
|    approx_kl            | 0.0067554913 |
|    clip_fraction        | 0.0699       |
|    clip_range           | 0.2          |
|    entropy_loss         | -1.58        |
|    explained_variance   | 0.947        |
|    learning_rate        | 0.0003       |
|    loss                 | 0.00383      |
|    n_updates            | 130          |
|    policy_gradient_loss | -0.00587     |
|    value_loss           | 0.0607       |
------------------------------------------
------------------------------------------
| rollout/                |              |
|    ep_len_mean          | 275          |
|    ep_rew_mean          | 21.8         |
| time/                   |              |
|    fps                  | 474          |
|    iterations           | 28           |
|    time_elapsed         | 1450         |
|    total_timesteps      | 688128       |
| train/                  |              |
|    approx_kl            | 0.0064194226 |
|    clip_fraction        | 0.0609       |
|    clip_range           | 0.2          |
|    entropy_loss         | -1.56        |
|    explained_variance   | 0.961        |
|    learning_rate        | 0.0003       |
|    loss                 | 0.00633      |
|    n_updates            | 135          |
|    policy_gradient_loss | -0.00474     |
|    value_loss           | 0.0554       |
------------------------------------------
-----------------------------------------
| rollout/                |             |
|    ep_len_mean          | 267         |
|    ep_rew_mean          | 18          |
| time/                   |             |
|    fps                  | 474         |
|    iterations           | 29          |
|    time_elapsed         | 1501        |
|    total_timesteps      | 712704      |
| train/                  |             |
|    approx_kl            | 0.006580982 |
|    clip_fraction        | 0.0553      |
|    clip_range           | 0.2         |
|    entropy_loss         | -1.56       |
|    explained_variance   | 0.975       |
|    learning_rate        | 0.0003      |
|    loss                 | -0.00112    |
|    n_updates            | 140         |
|    policy_gradient_loss | -0.00368    |
|    value_loss           | 0.0426      |
-----------------------------------------
-----------------------------------------
| rollout/                |             |
|    ep_len_mean          | 241         |
|    ep_rew_mean          | 28.3        |
| time/                   |             |
|    fps                  | 475         |
|    iterations           | 30          |
|    time_elapsed         | 1551        |
|    total_timesteps      | 737280      |
| train/                  |             |
|    approx_kl            | 0.007440166 |
|    clip_fraction        | 0.0708      |
|    clip_range           | 0.2         |
|    entropy_loss         | -1.53       |
|    explained_variance   | 0.973       |
|    learning_rate        | 0.0003      |
|    loss                 | 0.000373    |
|    n_updates            | 145         |
|    policy_gradient_loss | -0.00502    |
|    value_loss           | 0.0476      |
-----------------------------------------
-----------------------------------------
| rollout/                |             |
|    ep_len_mean          | 291         |
|    ep_rew_mean          | 19.8        |
| time/                   |             |
|    fps                  | 475         |
|    iterations           | 31          |
|    time_elapsed         | 1602        |
|    total_timesteps      | 761856      |
| train/                  |             |
|    approx_kl            | 0.006653823 |
|    clip_fraction        | 0.0706      |
|    clip_range           | 0.2         |
|    entropy_loss         | -1.49       |
|    explained_variance   | 0.971       |
|    learning_rate        | 0.0003      |
|    loss                 | 0.0081      |
|    n_updates            | 150         |
|    policy_gradient_loss | -0.0052     |
|    value_loss           | 0.0422      |
-----------------------------------------
-----------------------------------------
| rollout/                |             |
|    ep_len_mean          | 254         |
|    ep_rew_mean          | 32          |
| time/                   |             |
|    fps                  | 475         |
|    iterations           | 32          |
|    time_elapsed         | 1653        |
|    total_timesteps      | 786432      |
| train/                  |             |
|    approx_kl            | 0.006918416 |
|    clip_fraction        | 0.0699      |
|    clip_range           | 0.2         |
|    entropy_loss         | -1.49       |
|    explained_variance   | 0.97        |
|    learning_rate        | 0.0003      |
|    loss                 | 0.0112      |
|    n_updates            | 155         |
|    policy_gradient_loss | -0.00447    |
|    value_loss           | 0.0442      |
-----------------------------------------
------------------------------------------
| rollout/                |              |
|    ep_len_mean          | 251          |
|    ep_rew_mean          | 32.2         |
| time/                   |              |
|    fps                  | 475          |
|    iterations           | 33           |
|    time_elapsed         | 1704         |
|    total_timesteps      | 811008       |
| train/                  |              |
|    approx_kl            | 0.0069873277 |
|    clip_fraction        | 0.0705       |
|    clip_range           | 0.2          |
|    entropy_loss         | -1.43        |
|    explained_variance   | 0.976        |
|    learning_rate        | 0.0003       |
|    loss                 | -0.0148      |
|    n_updates            | 160          |
|    policy_gradient_loss | -0.00498     |
|    value_loss           | 0.0324       |
------------------------------------------
---------------------------------------
| rollout/                |           |
|    ep_len_mean          | 249       |
|    ep_rew_mean          | 32.9      |
| time/                   |           |
|    fps                  | 475       |
|    iterations           | 34        |
|    time_elapsed         | 1756      |
|    total_timesteps      | 835584    |
| train/                  |           |
|    approx_kl            | 0.0065521 |
|    clip_fraction        | 0.0653    |
|    clip_range           | 0.2       |
|    entropy_loss         | -1.42     |
|    explained_variance   | 0.974     |
|    learning_rate        | 0.0003    |
|    loss                 | -0.00242  |
|    n_updates            | 165       |
|    policy_gradient_loss | -0.00509  |
|    value_loss           | 0.0356    |
---------------------------------------
-----------------------------------------
| rollout/                |             |
|    ep_len_mean          | 248         |
|    ep_rew_mean          | 35          |
| time/                   |             |
|    fps                  | 475         |
|    iterations           | 35          |
|    time_elapsed         | 1807        |
|    total_timesteps      | 860160      |
| train/                  |             |
|    approx_kl            | 0.006831279 |
|    clip_fraction        | 0.0591      |
|    clip_range           | 0.2         |
|    entropy_loss         | -1.4        |
|    explained_variance   | 0.973       |
|    learning_rate        | 0.0003      |
|    loss                 | -0.00181    |
|    n_updates            | 170         |
|    policy_gradient_loss | -0.00379    |
|    value_loss           | 0.0369      |
-----------------------------------------
------------------------------------------
| rollout/                |              |
|    ep_len_mean          | 302          |
|    ep_rew_mean          | 33           |
| time/                   |              |
|    fps                  | 476          |
|    iterations           | 36           |
|    time_elapsed         | 1858         |
|    total_timesteps      | 884736       |
| train/                  |              |
|    approx_kl            | 0.0056196433 |
|    clip_fraction        | 0.0513       |
|    clip_range           | 0.2          |
|    entropy_loss         | -1.39        |
|    explained_variance   | 0.977        |
|    learning_rate        | 0.0003       |
|    loss                 | -0.00867     |
|    n_updates            | 175          |
|    policy_gradient_loss | -0.00319     |
|    value_loss           | 0.0318       |
------------------------------------------
------------------------------------------
| rollout/                |              |
|    ep_len_mean          | 391          |
|    ep_rew_mean          | 17.6         |
| time/                   |              |
|    fps                  | 476          |
|    iterations           | 37           |
|    time_elapsed         | 1908         |
|    total_timesteps      | 909312       |
| train/                  |              |
|    approx_kl            | 0.0057904013 |
|    clip_fraction        | 0.0526       |
|    clip_range           | 0.2          |
|    entropy_loss         | -1.38        |
|    explained_variance   | 0.984        |
|    learning_rate        | 0.0003       |
|    loss                 | -0.00969     |
|    n_updates            | 180          |
|    policy_gradient_loss | -0.00339     |
|    value_loss           | 0.0266       |
------------------------------------------
------------------------------------------
| rollout/                |              |
|    ep_len_mean          | 345          |
|    ep_rew_mean          | 16.5         |
| time/                   |              |
|    fps                  | 476          |
|    iterations           | 38           |
|    time_elapsed         | 1960         |
|    total_timesteps      | 933888       |
| train/                  |              |
|    approx_kl            | 0.0060030096 |
|    clip_fraction        | 0.0521       |
|    clip_range           | 0.2          |
|    entropy_loss         | -1.39        |
|    explained_variance   | 0.984        |
|    learning_rate        | 0.0003       |
|    loss                 | -0.00938     |
|    n_updates            | 185          |
|    policy_gradient_loss | -0.00384     |
|    value_loss           | 0.0254       |
------------------------------------------
------------------------------------------
| rollout/                |              |
|    ep_len_mean          | 457          |
|    ep_rew_mean          | 15.8         |
| time/                   |              |
|    fps                  | 476          |
|    iterations           | 39           |
|    time_elapsed         | 2010         |
|    total_timesteps      | 958464       |
| train/                  |              |
|    approx_kl            | 0.0072165597 |
|    clip_fraction        | 0.0553       |
|    clip_range           | 0.2          |
|    entropy_loss         | -1.38        |
|    explained_variance   | 0.987        |
|    learning_rate        | 0.0003       |
|    loss                 | -0.012       |
|    n_updates            | 190          |
|    policy_gradient_loss | -0.00491     |
|    value_loss           | 0.0167       |
------------------------------------------
-----------------------------------------
| rollout/                |             |
|    ep_len_mean          | 600         |
|    ep_rew_mean          | -2.02       |
| time/                   |             |
|    fps                  | 476         |
|    iterations           | 40          |
|    time_elapsed         | 2061        |
|    total_timesteps      | 983040      |
| train/                  |             |
|    approx_kl            | 0.006030679 |
|    clip_fraction        | 0.0596      |
|    clip_range           | 0.2         |
|    entropy_loss         | -1.32       |
|    explained_variance   | 0.989       |
|    learning_rate        | 0.0003      |
|    loss                 | -0.011      |
|    n_updates            | 195         |
|    policy_gradient_loss | -0.00364    |
|    value_loss           | 0.0155      |
-----------------------------------------
[Checkpoint] Saved at 1000000 steps > /home/runner/work/Disciples2-RL/Disciples2-RL/github_experiments/111/blue_dragon/seed111-blue_dragon-29600462736-1/checkpoints/campaign_ppo_step_1000000.zip
Eval num_timesteps=1000008, det_reward=-99.53 +/- 192.32
Episode length: det=2242.95 +/- 2258.52
Victory rate: det=0.00%
--------------------------------------------------
| eval/                           |              |
|    deterministic_mean_ep_length | 2.24e+03     |
|    deterministic_mean_reward    | -99.5        |
|    deterministic_victory_rate   | 0            |
|    mean_ep_length               | 2.24e+03     |
|    mean_reward                  | -99.5        |
|    victory_rate                 | 0            |
| time/                           |              |
|    total_timesteps              | 1000008      |
| train/                          |              |
|    approx_kl                    | 0.0062927282 |
|    clip_fraction                | 0.0584       |
|    clip_range                   | 0.2          |
|    entropy_loss                 | -1.3         |
|    explained_variance           | 0.989        |
|    learning_rate                | 0.0003       |
|    loss                         | -0.00961     |
|    n_updates                    | 200          |
|    policy_gradient_loss         | -0.00399     |
|    value_loss                   | 0.0173       |
--------------------------------------------------
New best model by deterministic victory rate!
---------------------------------
| rollout/           |          |
|    ep_len_mean     | 411      |
|    ep_rew_mean     | 21.1     |
| time/              |          |
|    fps             | 442      |
|    iterations      | 41       |
|    time_elapsed    | 2278     |
|    total_timesteps | 1007616  |
---------------------------------
VecNormalize stats saved: /home/runner/work/Disciples2-RL/Disciples2-RL/github_experiments/111/blue_dragon/seed111-blue_dragon-29600462736-1/models/vecnormalize.pkl

Финальная модель сохранена: /home/runner/work/Disciples2-RL/Disciples2-RL/github_experiments/111/blue_dragon/seed111-blue_dragon-29600462736-1/models/final_model.zip

============================================================
ИТОГИ ОБУЧЕНИЯ:
  Побед: 0
  Поражений: 4641
  Таймаутов: 4
  Побед бота столицы над врагами: 0
  Перестановок юнитов: 189607
  Терминальные поражения по противникам:
    enemy_31: 923 — Отряд: зеленый дракон
    enemy_29: 652 — Отряд: 3 скваера на передней линии
    enemy_25: 547 — Отряд: копейщик спереди и служка сзади
    enemy_74: 394 — Руины (43, 34): Лорд Тьмы, Лич
    enemy_23: 391 — Отряд: волк на передней линии
    enemy_65: 294 — Отряд: Кентавр копейщик, Рейнджер
    enemy_61: 289 — Отряд: Зомби, Призрак
    enemy_7: 222 — Отряд: воин + привидение спереди, колдун + призрак + привидение сзади
    enemy_27: 203 — Отряд: скваер в центре и 2 крестьянина на передней линии
    enemy_15: 202 — Отряд: 2 привидения спереди, вампир сзади
    enemy_34: 159 — Отряд Порта Полонис: Воин спереди, Колдун, Нигош (Носферату) и Привидение сзади
    enemy_17: 120 — Отряд: воин спереди, 2 призрака и привидение сзади
    enemy_21: 96 — Отряд: зомби спереди, привидение сзади
    enemy_19: 92 — Отряд: зомби спереди, привидение сзади
    enemy_9: 17 — Отряд: тамплиер спереди, колдун и призрак сзади
    enemy_3: 8 — Отряд: орк чемпион на передней линии
    enemy_57: 8 — Отряд: Призрак, Привидение, Воин
    enemy_63: 5 — Отряд: Разбойник
    enemy_59: 5 — Отряд: Зомби
    enemy_35: 5 — Отряд Соругириллы: Унфегра (Королева личей), Виверна
    enemy_11: 4 — Отряд: оборотень спереди и тень сзади
    enemy_68: 2 — Внутренний гарнизон Порта Полонис: Зомби, Воин
    enemy_39: 1 — Отряд: Волк, Варвар
    enemy_13: 1 — Отряд: 2 зомби спереди и привидение сзади
    enemy_69: 1 — Внутренний гарнизон Соругириллы: Зомби, Воин
  Winrate: 0.0%
============================================================
  График призывов за эпизод: /home/runner/work/Disciples2-RL/Disciples2-RL/github_experiments/111/blue_dragon/seed111-blue_dragon-29600462736-1/plots/campaign_summoned_units_per_episode.png
  График призывов за всё обучение: /home/runner/work/Disciples2-RL/Disciples2-RL/github_experiments/111/blue_dragon/seed111-blue_dragon-29600462736-1/plots/campaign_summoned_units_cumulative.png
  График найма за эпизод: /home/runner/work/Disciples2-RL/Disciples2-RL/github_experiments/111/blue_dragon/seed111-blue_dragon-29600462736-1/plots/campaign_hired_units_per_episode.png
  График найма за всё обучение: /home/runner/work/Disciples2-RL/Disciples2-RL/github_experiments/111/blue_dragon/seed111-blue_dragon-29600462736-1/plots/campaign_hired_units_cumulative.png
  График перестановок юнитов за эпизод: /home/runner/work/Disciples2-RL/Disciples2-RL/github_experiments/111/blue_dragon/seed111-blue_dragon-29600462736-1/plots/campaign_unit_swaps_per_episode.png
  График боевых предметов: /home/runner/work/Disciples2-RL/Disciples2-RL/github_experiments/111/blue_dragon/seed111-blue_dragon-29600462736-1/plots/campaign_battle_item_activity.png
  График побед бота столицы за эпизод: /home/runner/work/Disciples2-RL/Disciples2-RL/github_experiments/111/blue_dragon/seed111-blue_dragon-29600462736-1/plots/campaign_scripted_bot_victories_per_episode.png
  График применения заклинаний: /home/runner/work/Disciples2-RL/Disciples2-RL/github_experiments/111/blue_dragon/seed111-blue_dragon-29600462736-1/plots/campaign_spell_cast_activity.png
