Проверка среды CampaignEnv...
Среда прошла проверку!
[INFO] Comet disabled, running without experiment tracking
Создание 12 параллельных сред (subproc)...
Инициализация MaskablePPO...
Using cpu device

============================================================
Запуск обучения Campaign Agent
Всего шагов: 1,000,000
Параллельных сред: 12
VecEnv: subproc
VecEnv start method: forkserver
Seed: 118
Checkpoint каждые: 500,000 шагов
Evaluation каждые: 83,334 шагов
Eval deterministic эпизодов: 20
Eval stochastic эпизодов: 0
Eval лимит шагов на эпизод: 5000
Campaign map: small
Campaign objective: blue_dragon
System resources at training start:
  Platform: Linux 6.17.0-1020-azure (x86_64)
  Python: 3.14.6
  PyTorch: 2.13.0+cpu
  Training device: cpu
  CPU model: INTEL(R) XEON(R) PLATINUM 8573C
  CPU vendor: GenuineIntel
  Logical CPUs visible: 4
  Process CPU affinity: 4
  Sockets: 1
  Cores per socket: 2
  Threads per core: 2
  CPU max MHz: 2300.0000
  CPU min MHz: 800.0000
  L1d cache: 96 KiB (2 instances)
  L1i cache: 64 KiB (2 instances)
  L2 cache: 4 MiB (2 instances)
  L3 cache: 260 MiB (1 instance)
  Virtualization: VT-x
  Hypervisor: Microsoft
  RAM total: 15.61 GiB
  RAM available at start: 13.73 GiB
  Disk total: 144.26 GiB
  Disk free at start: 84.15 GiB
  Torch intra-op threads: 4
  Torch inter-op threads: 2
  OMP_NUM_THREADS: 4
  MKL_NUM_THREADS: 4
  OPENBLAS_NUM_THREADS: 4
  GitHub runner OS: Linux
  GitHub runner architecture: X64
  GitHub runner environment: github-hosted
PPO n_steps: 2,048
PPO batch_size: 512
PPO n_epochs: 5
PPO learning_rate: 0.0003
PPO clip_range: 0.2
PPO ent_coef: 0.01
PPO gamma: 0.995
PPO gae_lambda: 0.95
PPO target_kl: disabled
PPO gradient batches per rollout: 240
VecCheckNan: disabled
Freeze action layout: enabled
Empire territory: enabled
Torch threads per process: 4
Diagnostics: disabled
Wall-clock training limit: disabled
Run ID: seed118-blue_dragon-29807891747-1
============================================================

Logging to /home/runner/work/Disciples2-RL/Disciples2-RL/github_experiments/118/blue_dragon/seed118-blue_dragon-29807891747-1/tensorboard/MaskablePPO_1
---------------------------------
| rollout/           |          |
|    ep_len_mean     | 115      |
|    ep_rew_mean     | -5.74    |
| time/              |          |
|    fps             | 717      |
|    iterations      | 1        |
|    time_elapsed    | 34       |
|    total_timesteps | 24576    |
---------------------------------
-----------------------------------------
| rollout/                |             |
|    ep_len_mean          | 136         |
|    ep_rew_mean          | -3.81       |
| time/                   |             |
|    fps                  | 698         |
|    iterations           | 2           |
|    time_elapsed         | 70          |
|    total_timesteps      | 49152       |
| train/                  |             |
|    approx_kl            | 0.010309499 |
|    clip_fraction        | 0.0858      |
|    clip_range           | 0.2         |
|    entropy_loss         | -2.19       |
|    explained_variance   | 0.0569      |
|    learning_rate        | 0.0003      |
|    loss                 | 0.274       |
|    n_updates            | 5           |
|    policy_gradient_loss | -0.00739    |
|    value_loss           | 0.524       |
-----------------------------------------
-----------------------------------------
| rollout/                |             |
|    ep_len_mean          | 157         |
|    ep_rew_mean          | -2.41       |
| time/                   |             |
|    fps                  | 691         |
|    iterations           | 3           |
|    time_elapsed         | 106         |
|    total_timesteps      | 73728       |
| train/                  |             |
|    approx_kl            | 0.010752556 |
|    clip_fraction        | 0.105       |
|    clip_range           | 0.2         |
|    entropy_loss         | -2.13       |
|    explained_variance   | 0.537       |
|    learning_rate        | 0.0003      |
|    loss                 | 0.0646      |
|    n_updates            | 10          |
|    policy_gradient_loss | -0.00961    |
|    value_loss           | 0.252       |
-----------------------------------------
-----------------------------------------
| rollout/                |             |
|    ep_len_mean          | 268         |
|    ep_rew_mean          | -6.4        |
| time/                   |             |
|    fps                  | 686         |
|    iterations           | 4           |
|    time_elapsed         | 143         |
|    total_timesteps      | 98304       |
| train/                  |             |
|    approx_kl            | 0.010726345 |
|    clip_fraction        | 0.108       |
|    clip_range           | 0.2         |
|    entropy_loss         | -2.1        |
|    explained_variance   | 0.773       |
|    learning_rate        | 0.0003      |
|    loss                 | 0.0111      |
|    n_updates            | 15          |
|    policy_gradient_loss | -0.00917    |
|    value_loss           | 0.0921      |
-----------------------------------------
-----------------------------------------
| rollout/                |             |
|    ep_len_mean          | 255         |
|    ep_rew_mean          | -1.48       |
| time/                   |             |
|    fps                  | 682         |
|    iterations           | 5           |
|    time_elapsed         | 179         |
|    total_timesteps      | 122880      |
| train/                  |             |
|    approx_kl            | 0.009801838 |
|    clip_fraction        | 0.0931      |
|    clip_range           | 0.2         |
|    entropy_loss         | -2.08       |
|    explained_variance   | 0.83        |
|    learning_rate        | 0.0003      |
|    loss                 | -0.00136    |
|    n_updates            | 20          |
|    policy_gradient_loss | -0.00853    |
|    value_loss           | 0.0652      |
-----------------------------------------
-----------------------------------------
| rollout/                |             |
|    ep_len_mean          | 254         |
|    ep_rew_mean          | 2.37        |
| time/                   |             |
|    fps                  | 681         |
|    iterations           | 6           |
|    time_elapsed         | 216         |
|    total_timesteps      | 147456      |
| train/                  |             |
|    approx_kl            | 0.010999598 |
|    clip_fraction        | 0.129       |
|    clip_range           | 0.2         |
|    entropy_loss         | -2.07       |
|    explained_variance   | 0.865       |
|    learning_rate        | 0.0003      |
|    loss                 | -0.00135    |
|    n_updates            | 25          |
|    policy_gradient_loss | -0.0123     |
|    value_loss           | 0.0625      |
-----------------------------------------
-----------------------------------------
| rollout/                |             |
|    ep_len_mean          | 238         |
|    ep_rew_mean          | 7.23        |
| time/                   |             |
|    fps                  | 680         |
|    iterations           | 7           |
|    time_elapsed         | 252         |
|    total_timesteps      | 172032      |
| train/                  |             |
|    approx_kl            | 0.010142523 |
|    clip_fraction        | 0.105       |
|    clip_range           | 0.2         |
|    entropy_loss         | -2.05       |
|    explained_variance   | 0.866       |
|    learning_rate        | 0.0003      |
|    loss                 | -0.018      |
|    n_updates            | 30          |
|    policy_gradient_loss | -0.00895    |
|    value_loss           | 0.0496      |
-----------------------------------------
-----------------------------------------
| rollout/                |             |
|    ep_len_mean          | 204         |
|    ep_rew_mean          | 10.2        |
| time/                   |             |
|    fps                  | 680         |
|    iterations           | 8           |
|    time_elapsed         | 288         |
|    total_timesteps      | 196608      |
| train/                  |             |
|    approx_kl            | 0.010488142 |
|    clip_fraction        | 0.118       |
|    clip_range           | 0.2         |
|    entropy_loss         | -2          |
|    explained_variance   | 0.835       |
|    learning_rate        | 0.0003      |
|    loss                 | -0.00638    |
|    n_updates            | 35          |
|    policy_gradient_loss | -0.0108     |
|    value_loss           | 0.0479      |
-----------------------------------------
-----------------------------------------
| rollout/                |             |
|    ep_len_mean          | 198         |
|    ep_rew_mean          | 12.8        |
| time/                   |             |
|    fps                  | 681         |
|    iterations           | 9           |
|    time_elapsed         | 324         |
|    total_timesteps      | 221184      |
| train/                  |             |
|    approx_kl            | 0.009606269 |
|    clip_fraction        | 0.108       |
|    clip_range           | 0.2         |
|    entropy_loss         | -1.96       |
|    explained_variance   | 0.818       |
|    learning_rate        | 0.0003      |
|    loss                 | -0.00743    |
|    n_updates            | 40          |
|    policy_gradient_loss | -0.00974    |
|    value_loss           | 0.0544      |
-----------------------------------------
------------------------------------------
| rollout/                |              |
|    ep_len_mean          | 178          |
|    ep_rew_mean          | 12.7         |
| time/                   |              |
|    fps                  | 682          |
|    iterations           | 10           |
|    time_elapsed         | 359          |
|    total_timesteps      | 245760       |
| train/                  |              |
|    approx_kl            | 0.0084570935 |
|    clip_fraction        | 0.0913       |
|    clip_range           | 0.2          |
|    entropy_loss         | -1.9         |
|    explained_variance   | 0.786        |
|    learning_rate        | 0.0003       |
|    loss                 | -0.0114      |
|    n_updates            | 45           |
|    policy_gradient_loss | -0.00792     |
|    value_loss           | 0.0574       |
------------------------------------------
-----------------------------------------
| rollout/                |             |
|    ep_len_mean          | 234         |
|    ep_rew_mean          | 9.94        |
| time/                   |             |
|    fps                  | 683         |
|    iterations           | 11          |
|    time_elapsed         | 395         |
|    total_timesteps      | 270336      |
| train/                  |             |
|    approx_kl            | 0.008585521 |
|    clip_fraction        | 0.093       |
|    clip_range           | 0.2         |
|    entropy_loss         | -1.89       |
|    explained_variance   | 0.833       |
|    learning_rate        | 0.0003      |
|    loss                 | -0.00537    |
|    n_updates            | 50          |
|    policy_gradient_loss | -0.00782    |
|    value_loss           | 0.0511      |
-----------------------------------------
------------------------------------------
| rollout/                |              |
|    ep_len_mean          | 185          |
|    ep_rew_mean          | 19.2         |
| time/                   |              |
|    fps                  | 684          |
|    iterations           | 12           |
|    time_elapsed         | 430          |
|    total_timesteps      | 294912       |
| train/                  |              |
|    approx_kl            | 0.0074695908 |
|    clip_fraction        | 0.0722       |
|    clip_range           | 0.2          |
|    entropy_loss         | -1.85        |
|    explained_variance   | 0.866        |
|    learning_rate        | 0.0003       |
|    loss                 | 0.00202      |
|    n_updates            | 55           |
|    policy_gradient_loss | -0.00665     |
|    value_loss           | 0.0489       |
------------------------------------------
------------------------------------------
| rollout/                |              |
|    ep_len_mean          | 168          |
|    ep_rew_mean          | 18.4         |
| time/                   |              |
|    fps                  | 685          |
|    iterations           | 13           |
|    time_elapsed         | 465          |
|    total_timesteps      | 319488       |
| train/                  |              |
|    approx_kl            | 0.0074858055 |
|    clip_fraction        | 0.0746       |
|    clip_range           | 0.2          |
|    entropy_loss         | -1.8         |
|    explained_variance   | 0.843        |
|    learning_rate        | 0.0003       |
|    loss                 | -0.00968     |
|    n_updates            | 60           |
|    policy_gradient_loss | -0.00625     |
|    value_loss           | 0.0498       |
------------------------------------------
------------------------------------------
| rollout/                |              |
|    ep_len_mean          | 229          |
|    ep_rew_mean          | 14.4         |
| time/                   |              |
|    fps                  | 686          |
|    iterations           | 14           |
|    time_elapsed         | 500          |
|    total_timesteps      | 344064       |
| train/                  |              |
|    approx_kl            | 0.0074854065 |
|    clip_fraction        | 0.0727       |
|    clip_range           | 0.2          |
|    entropy_loss         | -1.78        |
|    explained_variance   | 0.894        |
|    learning_rate        | 0.0003       |
|    loss                 | 0.00235      |
|    n_updates            | 65           |
|    policy_gradient_loss | -0.00618     |
|    value_loss           | 0.0518       |
------------------------------------------
------------------------------------------
| rollout/                |              |
|    ep_len_mean          | 168          |
|    ep_rew_mean          | 20.2         |
| time/                   |              |
|    fps                  | 687          |
|    iterations           | 15           |
|    time_elapsed         | 535          |
|    total_timesteps      | 368640       |
| train/                  |              |
|    approx_kl            | 0.0070448853 |
|    clip_fraction        | 0.0686       |
|    clip_range           | 0.2          |
|    entropy_loss         | -1.77        |
|    explained_variance   | 0.904        |
|    learning_rate        | 0.0003       |
|    loss                 | 0.000444     |
|    n_updates            | 70           |
|    policy_gradient_loss | -0.00558     |
|    value_loss           | 0.0481       |
------------------------------------------
------------------------------------------
| rollout/                |              |
|    ep_len_mean          | 157          |
|    ep_rew_mean          | 20           |
| time/                   |              |
|    fps                  | 689          |
|    iterations           | 16           |
|    time_elapsed         | 570          |
|    total_timesteps      | 393216       |
| train/                  |              |
|    approx_kl            | 0.0073932908 |
|    clip_fraction        | 0.0687       |
|    clip_range           | 0.2          |
|    entropy_loss         | -1.76        |
|    explained_variance   | 0.794        |
|    learning_rate        | 0.0003       |
|    loss                 | -0.000283    |
|    n_updates            | 75           |
|    policy_gradient_loss | -0.00534     |
|    value_loss           | 0.0629       |
------------------------------------------
-----------------------------------------
| rollout/                |             |
|    ep_len_mean          | 163         |
|    ep_rew_mean          | 20.6        |
| time/                   |             |
|    fps                  | 690         |
|    iterations           | 17          |
|    time_elapsed         | 604         |
|    total_timesteps      | 417792      |
| train/                  |             |
|    approx_kl            | 0.006848767 |
|    clip_fraction        | 0.0691      |
|    clip_range           | 0.2         |
|    entropy_loss         | -1.71       |
|    explained_variance   | 0.764       |
|    learning_rate        | 0.0003      |
|    loss                 | 0.00617     |
|    n_updates            | 80          |
|    policy_gradient_loss | -0.00594    |
|    value_loss           | 0.0711      |
-----------------------------------------
------------------------------------------
| rollout/                |              |
|    ep_len_mean          | 176          |
|    ep_rew_mean          | 24.6         |
| time/                   |              |
|    fps                  | 691          |
|    iterations           | 18           |
|    time_elapsed         | 639          |
|    total_timesteps      | 442368       |
| train/                  |              |
|    approx_kl            | 0.0077495635 |
|    clip_fraction        | 0.0782       |
|    clip_range           | 0.2          |
|    entropy_loss         | -1.7         |
|    explained_variance   | 0.805        |
|    learning_rate        | 0.0003       |
|    loss                 | 0.00651      |
|    n_updates            | 85           |
|    policy_gradient_loss | -0.00678     |
|    value_loss           | 0.0666       |
------------------------------------------
------------------------------------------
| rollout/                |              |
|    ep_len_mean          | 166          |
|    ep_rew_mean          | 23           |
| time/                   |              |
|    fps                  | 692          |
|    iterations           | 19           |
|    time_elapsed         | 674          |
|    total_timesteps      | 466944       |
| train/                  |              |
|    approx_kl            | 0.0071543045 |
|    clip_fraction        | 0.0729       |
|    clip_range           | 0.2          |
|    entropy_loss         | -1.67        |
|    explained_variance   | 0.816        |
|    learning_rate        | 0.0003       |
|    loss                 | 0.00808      |
|    n_updates            | 90           |
|    policy_gradient_loss | -0.0063      |
|    value_loss           | 0.0673       |
------------------------------------------
------------------------------------------
| rollout/                |              |
|    ep_len_mean          | 159          |
|    ep_rew_mean          | 22.6         |
| time/                   |              |
|    fps                  | 693          |
|    iterations           | 20           |
|    time_elapsed         | 708          |
|    total_timesteps      | 491520       |
| train/                  |              |
|    approx_kl            | 0.0067580678 |
|    clip_fraction        | 0.0651       |
|    clip_range           | 0.2          |
|    entropy_loss         | -1.66        |
|    explained_variance   | 0.834        |
|    learning_rate        | 0.0003       |
|    loss                 | 0.0268       |
|    n_updates            | 95           |
|    policy_gradient_loss | -0.00525     |
|    value_loss           | 0.076        |
------------------------------------------
[Checkpoint] Saved at 500000 steps > /home/runner/work/Disciples2-RL/Disciples2-RL/github_experiments/118/blue_dragon/seed118-blue_dragon-29807891747-1/checkpoints/campaign_ppo_step_500000.zip
------------------------------------------
| rollout/                |              |
|    ep_len_mean          | 213          |
|    ep_rew_mean          | 16.3         |
| time/                   |              |
|    fps                  | 693          |
|    iterations           | 21           |
|    time_elapsed         | 743          |
|    total_timesteps      | 516096       |
| train/                  |              |
|    approx_kl            | 0.0069360696 |
|    clip_fraction        | 0.0591       |
|    clip_range           | 0.2          |
|    entropy_loss         | -1.62        |
|    explained_variance   | 0.899        |
|    learning_rate        | 0.0003       |
|    loss                 | 0.00438      |
|    n_updates            | 100          |
|    policy_gradient_loss | -0.00525     |
|    value_loss           | 0.0737       |
------------------------------------------
------------------------------------------
| rollout/                |              |
|    ep_len_mean          | 221          |
|    ep_rew_mean          | 17.4         |
| time/                   |              |
|    fps                  | 694          |
|    iterations           | 22           |
|    time_elapsed         | 778          |
|    total_timesteps      | 540672       |
| train/                  |              |
|    approx_kl            | 0.0062101693 |
|    clip_fraction        | 0.0512       |
|    clip_range           | 0.2          |
|    entropy_loss         | -1.59        |
|    explained_variance   | 0.945        |
|    learning_rate        | 0.0003       |
|    loss                 | 0.00117      |
|    n_updates            | 105          |
|    policy_gradient_loss | -0.00415     |
|    value_loss           | 0.0587       |
------------------------------------------
-----------------------------------------
| rollout/                |             |
|    ep_len_mean          | 185         |
|    ep_rew_mean          | 31.2        |
| time/                   |             |
|    fps                  | 694         |
|    iterations           | 23          |
|    time_elapsed         | 813         |
|    total_timesteps      | 565248      |
| train/                  |             |
|    approx_kl            | 0.006374955 |
|    clip_fraction        | 0.0514      |
|    clip_range           | 0.2         |
|    entropy_loss         | -1.6        |
|    explained_variance   | 0.956       |
|    learning_rate        | 0.0003      |
|    loss                 | 0.00655     |
|    n_updates            | 110         |
|    policy_gradient_loss | -0.00391    |
|    value_loss           | 0.0543      |
-----------------------------------------
------------------------------------------
| rollout/                |              |
|    ep_len_mean          | 278          |
|    ep_rew_mean          | 20.3         |
| time/                   |              |
|    fps                  | 694          |
|    iterations           | 24           |
|    time_elapsed         | 848          |
|    total_timesteps      | 589824       |
| train/                  |              |
|    approx_kl            | 0.0062438324 |
|    clip_fraction        | 0.0564       |
|    clip_range           | 0.2          |
|    entropy_loss         | -1.55        |
|    explained_variance   | 0.962        |
|    learning_rate        | 0.0003       |
|    loss                 | -0.00309     |
|    n_updates            | 115          |
|    policy_gradient_loss | -0.00489     |
|    value_loss           | 0.0491       |
------------------------------------------
-----------------------------------------
| rollout/                |             |
|    ep_len_mean          | 188         |
|    ep_rew_mean          | 32.7        |
| time/                   |             |
|    fps                  | 694         |
|    iterations           | 25          |
|    time_elapsed         | 884         |
|    total_timesteps      | 614400      |
| train/                  |             |
|    approx_kl            | 0.006206721 |
|    clip_fraction        | 0.0576      |
|    clip_range           | 0.2         |
|    entropy_loss         | -1.53       |
|    explained_variance   | 0.968       |
|    learning_rate        | 0.0003      |
|    loss                 | 0.00245     |
|    n_updates            | 120         |
|    policy_gradient_loss | -0.00537    |
|    value_loss           | 0.0424      |
-----------------------------------------
------------------------------------------
| rollout/                |              |
|    ep_len_mean          | 186          |
|    ep_rew_mean          | 31.5         |
| time/                   |              |
|    fps                  | 694          |
|    iterations           | 26           |
|    time_elapsed         | 919          |
|    total_timesteps      | 638976       |
| train/                  |              |
|    approx_kl            | 0.0063587627 |
|    clip_fraction        | 0.06         |
|    clip_range           | 0.2          |
|    entropy_loss         | -1.5         |
|    explained_variance   | 0.962        |
|    learning_rate        | 0.0003       |
|    loss                 | 0.000322     |
|    n_updates            | 125          |
|    policy_gradient_loss | -0.00471     |
|    value_loss           | 0.0482       |
------------------------------------------
-----------------------------------------
| rollout/                |             |
|    ep_len_mean          | 188         |
|    ep_rew_mean          | 32.3        |
| time/                   |             |
|    fps                  | 695         |
|    iterations           | 27          |
|    time_elapsed         | 954         |
|    total_timesteps      | 663552      |
| train/                  |             |
|    approx_kl            | 0.005704856 |
|    clip_fraction        | 0.0566      |
|    clip_range           | 0.2         |
|    entropy_loss         | -1.49       |
|    explained_variance   | 0.964       |
|    learning_rate        | 0.0003      |
|    loss                 | 0.00391     |
|    n_updates            | 130         |
|    policy_gradient_loss | -0.00402    |
|    value_loss           | 0.046       |
-----------------------------------------
-----------------------------------------
| rollout/                |             |
|    ep_len_mean          | 245         |
|    ep_rew_mean          | 28.7        |
| time/                   |             |
|    fps                  | 694         |
|    iterations           | 28          |
|    time_elapsed         | 990         |
|    total_timesteps      | 688128      |
| train/                  |             |
|    approx_kl            | 0.006676378 |
|    clip_fraction        | 0.0619      |
|    clip_range           | 0.2         |
|    entropy_loss         | -1.46       |
|    explained_variance   | 0.959       |
|    learning_rate        | 0.0003      |
|    loss                 | -0.00137    |
|    n_updates            | 135         |
|    policy_gradient_loss | -0.0045     |
|    value_loss           | 0.0413      |
-----------------------------------------
-----------------------------------------
| rollout/                |             |
|    ep_len_mean          | 194         |
|    ep_rew_mean          | 37.3        |
| time/                   |             |
|    fps                  | 694         |
|    iterations           | 29          |
|    time_elapsed         | 1025        |
|    total_timesteps      | 712704      |
| train/                  |             |
|    approx_kl            | 0.005916937 |
|    clip_fraction        | 0.0633      |
|    clip_range           | 0.2         |
|    entropy_loss         | -1.47       |
|    explained_variance   | 0.98        |
|    learning_rate        | 0.0003      |
|    loss                 | -0.00308    |
|    n_updates            | 140         |
|    policy_gradient_loss | -0.00488    |
|    value_loss           | 0.031       |
-----------------------------------------
-----------------------------------------
| rollout/                |             |
|    ep_len_mean          | 381         |
|    ep_rew_mean          | 12.6        |
| time/                   |             |
|    fps                  | 694         |
|    iterations           | 30          |
|    time_elapsed         | 1061        |
|    total_timesteps      | 737280      |
| train/                  |             |
|    approx_kl            | 0.007350424 |
|    clip_fraction        | 0.0677      |
|    clip_range           | 0.2         |
|    entropy_loss         | -1.46       |
|    explained_variance   | 0.983       |
|    learning_rate        | 0.0003      |
|    loss                 | -0.00495    |
|    n_updates            | 145         |
|    policy_gradient_loss | -0.00504    |
|    value_loss           | 0.0287      |
-----------------------------------------
-----------------------------------------
| rollout/                |             |
|    ep_len_mean          | 196         |
|    ep_rew_mean          | 39.2        |
| time/                   |             |
|    fps                  | 694         |
|    iterations           | 31          |
|    time_elapsed         | 1097        |
|    total_timesteps      | 761856      |
| train/                  |             |
|    approx_kl            | 0.006143531 |
|    clip_fraction        | 0.0559      |
|    clip_range           | 0.2         |
|    entropy_loss         | -1.44       |
|    explained_variance   | 0.978       |
|    learning_rate        | 0.0003      |
|    loss                 | -0.00962    |
|    n_updates            | 150         |
|    policy_gradient_loss | -0.00448    |
|    value_loss           | 0.0291      |
-----------------------------------------
-----------------------------------------
| rollout/                |             |
|    ep_len_mean          | 386         |
|    ep_rew_mean          | 22.3        |
| time/                   |             |
|    fps                  | 694         |
|    iterations           | 32          |
|    time_elapsed         | 1133        |
|    total_timesteps      | 786432      |
| train/                  |             |
|    approx_kl            | 0.005849621 |
|    clip_fraction        | 0.0566      |
|    clip_range           | 0.2         |
|    entropy_loss         | -1.42       |
|    explained_variance   | 0.984       |
|    learning_rate        | 0.0003      |
|    loss                 | -0.0137     |
|    n_updates            | 155         |
|    policy_gradient_loss | -0.00477    |
|    value_loss           | 0.0227      |
-----------------------------------------
----------------------------------------
| rollout/                |            |
|    ep_len_mean          | 350        |
|    ep_rew_mean          | 18.9       |
| time/                   |            |
|    fps                  | 693        |
|    iterations           | 33         |
|    time_elapsed         | 1168       |
|    total_timesteps      | 811008     |
| train/                  |            |
|    approx_kl            | 0.00660339 |
|    clip_fraction        | 0.0565     |
|    clip_range           | 0.2        |
|    entropy_loss         | -1.5       |
|    explained_variance   | 0.985      |
|    learning_rate        | 0.0003     |
|    loss                 | -0.0111    |
|    n_updates            | 160        |
|    policy_gradient_loss | -0.00561   |
|    value_loss           | 0.0201     |
----------------------------------------
------------------------------------------
| rollout/                |              |
|    ep_len_mean          | 306          |
|    ep_rew_mean          | 26.1         |
| time/                   |              |
|    fps                  | 693          |
|    iterations           | 34           |
|    time_elapsed         | 1204         |
|    total_timesteps      | 835584       |
| train/                  |              |
|    approx_kl            | 0.0076583005 |
|    clip_fraction        | 0.0687       |
|    clip_range           | 0.2          |
|    entropy_loss         | -1.48        |
|    explained_variance   | 0.981        |
|    learning_rate        | 0.0003       |
|    loss                 | -0.0106      |
|    n_updates            | 165          |
|    policy_gradient_loss | -0.0054      |
|    value_loss           | 0.0251       |
------------------------------------------
-----------------------------------------
| rollout/                |             |
|    ep_len_mean          | 339         |
|    ep_rew_mean          | 27.9        |
| time/                   |             |
|    fps                  | 693         |
|    iterations           | 35          |
|    time_elapsed         | 1240        |
|    total_timesteps      | 860160      |
| train/                  |             |
|    approx_kl            | 0.007357046 |
|    clip_fraction        | 0.0665      |
|    clip_range           | 0.2         |
|    entropy_loss         | -1.48       |
|    explained_variance   | 0.983       |
|    learning_rate        | 0.0003      |
|    loss                 | -0.00736    |
|    n_updates            | 170         |
|    policy_gradient_loss | -0.00515    |
|    value_loss           | 0.0239      |
-----------------------------------------
-----------------------------------------
| rollout/                |             |
|    ep_len_mean          | 328         |
|    ep_rew_mean          | 32.5        |
| time/                   |             |
|    fps                  | 693         |
|    iterations           | 36          |
|    time_elapsed         | 1275        |
|    total_timesteps      | 884736      |
| train/                  |             |
|    approx_kl            | 0.007245963 |
|    clip_fraction        | 0.0703      |
|    clip_range           | 0.2         |
|    entropy_loss         | -1.47       |
|    explained_variance   | 0.982       |
|    learning_rate        | 0.0003      |
|    loss                 | -0.00962    |
|    n_updates            | 175         |
|    policy_gradient_loss | -0.00454    |
|    value_loss           | 0.0257      |
-----------------------------------------
------------------------------------------
| rollout/                |              |
|    ep_len_mean          | 252          |
|    ep_rew_mean          | 44.7         |
| time/                   |              |
|    fps                  | 693          |
|    iterations           | 37           |
|    time_elapsed         | 1311         |
|    total_timesteps      | 909312       |
| train/                  |              |
|    approx_kl            | 0.0075310706 |
|    clip_fraction        | 0.0723       |
|    clip_range           | 0.2          |
|    entropy_loss         | -1.41        |
|    explained_variance   | 0.971        |
|    learning_rate        | 0.0003       |
|    loss                 | -0.00549     |
|    n_updates            | 180          |
|    policy_gradient_loss | -0.00515     |
|    value_loss           | 0.0274       |
------------------------------------------
------------------------------------------
| rollout/                |              |
|    ep_len_mean          | 323          |
|    ep_rew_mean          | 46.5         |
| time/                   |              |
|    fps                  | 693          |
|    iterations           | 38           |
|    time_elapsed         | 1346         |
|    total_timesteps      | 933888       |
| train/                  |              |
|    approx_kl            | 0.0073373965 |
|    clip_fraction        | 0.0798       |
|    clip_range           | 0.2          |
|    entropy_loss         | -1.39        |
|    explained_variance   | 0.976        |
|    learning_rate        | 0.0003       |
|    loss                 | -0.00889     |
|    n_updates            | 185          |
|    policy_gradient_loss | -0.0053      |
|    value_loss           | 0.0223       |
------------------------------------------
------------------------------------------
| rollout/                |              |
|    ep_len_mean          | 280          |
|    ep_rew_mean          | 49.4         |
| time/                   |              |
|    fps                  | 693          |
|    iterations           | 39           |
|    time_elapsed         | 1381         |
|    total_timesteps      | 958464       |
| train/                  |              |
|    approx_kl            | 0.0066719963 |
|    clip_fraction        | 0.077        |
|    clip_range           | 0.2          |
|    entropy_loss         | -1.4         |
|    explained_variance   | 0.974        |
|    learning_rate        | 0.0003       |
|    loss                 | -0.0127      |
|    n_updates            | 190          |
|    policy_gradient_loss | -0.00564     |
|    value_loss           | 0.0237       |
------------------------------------------
-----------------------------------------
| rollout/                |             |
|    ep_len_mean          | 243         |
|    ep_rew_mean          | 53.7        |
| time/                   |             |
|    fps                  | 693         |
|    iterations           | 40          |
|    time_elapsed         | 1417        |
|    total_timesteps      | 983040      |
| train/                  |             |
|    approx_kl            | 0.006155545 |
|    clip_fraction        | 0.0759      |
|    clip_range           | 0.2         |
|    entropy_loss         | -1.32       |
|    explained_variance   | 0.955       |
|    learning_rate        | 0.0003      |
|    loss                 | -0.00721    |
|    n_updates            | 195         |
|    policy_gradient_loss | -0.00491    |
|    value_loss           | 0.0272      |
-----------------------------------------
[Checkpoint] Saved at 1000000 steps > /home/runner/work/Disciples2-RL/Disciples2-RL/github_experiments/118/blue_dragon/seed118-blue_dragon-29807891747-1/checkpoints/campaign_ppo_step_1000000.zip
Eval num_timesteps=1000008, det_reward=-106.64 +/- 270.30
Episode length: det=1627.75 +/- 2207.68
Victory rate: det=0.00%
-------------------------------------------------
| eval/                           |             |
|    deterministic_mean_ep_length | 1.63e+03    |
|    deterministic_mean_reward    | -107        |
|    deterministic_victory_rate   | 0           |
|    mean_ep_length               | 1.63e+03    |
|    mean_reward                  | -107        |
|    victory_rate                 | 0           |
| time/                           |             |
|    total_timesteps              | 1000008     |
| train/                          |             |
|    approx_kl                    | 0.007238475 |
|    clip_fraction                | 0.0693      |
|    clip_range                   | 0.2         |
|    entropy_loss                 | -1.3        |
|    explained_variance           | 0.958       |
|    learning_rate                | 0.0003      |
|    loss                         | -0.00723    |
|    n_updates                    | 200         |
|    policy_gradient_loss         | -0.00502    |
|    value_loss                   | 0.0249      |
-------------------------------------------------
New best model by deterministic victory rate!
---------------------------------
| rollout/           |          |
|    ep_len_mean     | 263      |
|    ep_rew_mean     | 49.8     |
| time/              |          |
|    fps             | 655      |
|    iterations      | 41       |
|    time_elapsed    | 1536     |
|    total_timesteps | 1007616  |
---------------------------------
VecNormalize stats saved: /home/runner/work/Disciples2-RL/Disciples2-RL/github_experiments/118/blue_dragon/seed118-blue_dragon-29807891747-1/models/vecnormalize.pkl

Финальная модель сохранена: /home/runner/work/Disciples2-RL/Disciples2-RL/github_experiments/118/blue_dragon/seed118-blue_dragon-29807891747-1/models/final_model.zip

============================================================
ИТОГИ ОБУЧЕНИЯ:
  Побед: 0
  Поражений: 4562
  Таймаутов: 7
  Побед бота столицы над врагами: 0
  Перестановок юнитов: 200119
  Терминальные поражения по противникам:
    enemy_31: 790 — Отряд: зеленый дракон
    enemy_29: 523 — Отряд: 3 скваера на передней линии
    enemy_74: 467 — Руины (43, 34): Лорд Тьмы, Лич
    enemy_25: 426 — Отряд: копейщик спереди и служка сзади
    enemy_61: 341 — Отряд: Зомби, Призрак
    enemy_23: 340 — Отряд: волк на передней линии
    enemy_65: 298 — Отряд: Кентавр копейщик, Рейнджер
    enemy_34: 296 — Отряд Порта Полонис: Воин спереди, Колдун, Нигош (Носферату) и Привидение сзади
    enemy_7: 234 — Отряд: воин + привидение спереди, колдун + призрак + привидение сзади
    enemy_15: 196 — Отряд: 2 привидения спереди, вампир сзади
    enemy_27: 173 — Отряд: скваер в центре и 2 крестьянина на передней линии
    enemy_17: 131 — Отряд: воин спереди, 2 призрака и привидение сзади
    enemy_19: 103 — Отряд: зомби спереди, привидение сзади
    enemy_21: 89 — Отряд: зомби спереди, привидение сзади
    enemy_11: 40 — Отряд: оборотень спереди и тень сзади
    enemy_9: 23 — Отряд: тамплиер спереди, колдун и призрак сзади
    enemy_35: 19 — Отряд Соругириллы: Унфегра (Королева личей), Виверна
    enemy_63: 14 — Отряд: Разбойник
    enemy_47: 10 — Отряд: Призрак, Привидение, Привидение, Воин
    enemy_59: 9 — Отряд: Зомби
    enemy_3: 8 — Отряд: орк чемпион на передней линии
    enemy_57: 8 — Отряд: Призрак, Привидение, Воин
    enemy_69: 6 — Внутренний гарнизон Соругириллы: Зомби, Воин
    enemy_75: 6 — Страж столицы Империи: Мизраэль
    enemy_68: 4 — Внутренний гарнизон Порта Полонис: Зомби, Воин
    enemy_13: 3 — Отряд: 2 зомби спереди и привидение сзади
    enemy_43: 3 — Отряд: Призрак, Тамплиер
    enemy_5: 2 — Отряд: орк чемпион на передней линии
  Winrate: 0.0%
============================================================
  График призывов за эпизод: /home/runner/work/Disciples2-RL/Disciples2-RL/github_experiments/118/blue_dragon/seed118-blue_dragon-29807891747-1/plots/campaign_summoned_units_per_episode.png
  График призывов за всё обучение: /home/runner/work/Disciples2-RL/Disciples2-RL/github_experiments/118/blue_dragon/seed118-blue_dragon-29807891747-1/plots/campaign_summoned_units_cumulative.png
  График найма за эпизод: /home/runner/work/Disciples2-RL/Disciples2-RL/github_experiments/118/blue_dragon/seed118-blue_dragon-29807891747-1/plots/campaign_hired_units_per_episode.png
  График найма за всё обучение: /home/runner/work/Disciples2-RL/Disciples2-RL/github_experiments/118/blue_dragon/seed118-blue_dragon-29807891747-1/plots/campaign_hired_units_cumulative.png
  График перестановок юнитов за эпизод: /home/runner/work/Disciples2-RL/Disciples2-RL/github_experiments/118/blue_dragon/seed118-blue_dragon-29807891747-1/plots/campaign_unit_swaps_per_episode.png
  График боевых предметов: /home/runner/work/Disciples2-RL/Disciples2-RL/github_experiments/118/blue_dragon/seed118-blue_dragon-29807891747-1/plots/campaign_battle_item_activity.png
  График побед бота столицы за эпизод: /home/runner/work/Disciples2-RL/Disciples2-RL/github_experiments/118/blue_dragon/seed118-blue_dragon-29807891747-1/plots/campaign_scripted_bot_victories_per_episode.png
  График применения заклинаний: /home/runner/work/Disciples2-RL/Disciples2-RL/github_experiments/118/blue_dragon/seed118-blue_dragon-29807891747-1/plots/campaign_spell_cast_activity.png
