Проверка среды CampaignEnv...
Среда прошла проверку!
[INFO] Comet disabled, running without experiment tracking
Создание 12 параллельных сред (subproc)...
Инициализация MaskablePPO...
Using cpu device

============================================================
Запуск обучения Campaign Agent
Всего шагов: 200,000
Параллельных сред: 12
VecEnv: subproc
Seed: 123
Checkpoint каждые: 1,000,000 шагов
Evaluation каждые: 1,000,000 шагов
Eval deterministic эпизодов: 20
Eval stochastic эпизодов: 0
Eval лимит шагов на эпизод: 4000
PPO n_steps: 2,048
PPO batch_size: 512
PPO n_epochs: 5
PPO gradient batches per rollout: 240
VecCheckNan: disabled
Freeze action layout: enabled
Torch threads per process: 1
Diagnostics: disabled
Run ID: offline-1779576290
============================================================

Logging to ./campaign_tb_logs/offline-1779576290\MaskablePPO_1
---------------------------------
| rollout/           |          |
|    ep_len_mean     | 345      |
|    ep_rew_mean     | 1.83     |
| time/              |          |
|    fps             | 851      |
|    iterations      | 1        |
|    time_elapsed    | 28       |
|    total_timesteps | 24576    |
---------------------------------
-----------------------------------------
| rollout/                |             |
|    ep_len_mean          | 435         |
|    ep_rew_mean          | 2.82        |
| time/                   |             |
|    fps                  | 672         |
|    iterations           | 2           |
|    time_elapsed         | 73          |
|    total_timesteps      | 49152       |
| train/                  |             |
|    approx_kl            | 0.009983485 |
|    clip_fraction        | 0.0874      |
|    clip_range           | 0.2         |
|    entropy_loss         | -2.46       |
|    explained_variance   | -0.0911     |
|    learning_rate        | 0.0003      |
|    loss                 | 0.118       |
|    n_updates            | 5           |
|    policy_gradient_loss | -0.00549    |
|    value_loss           | 0.29        |
-----------------------------------------
-----------------------------------------
| rollout/                |             |
|    ep_len_mean          | 476         |
|    ep_rew_mean          | 3.03        |
| time/                   |             |
|    fps                  | 621         |
|    iterations           | 3           |
|    time_elapsed         | 118         |
|    total_timesteps      | 73728       |
| train/                  |             |
|    approx_kl            | 0.010368886 |
|    clip_fraction        | 0.0999      |
|    clip_range           | 0.2         |
|    entropy_loss         | -2.48       |
|    explained_variance   | 0.418       |
|    learning_rate        | 0.0003      |
|    loss                 | 0.0206      |
|    n_updates            | 10          |
|    policy_gradient_loss | -0.00716    |
|    value_loss           | 0.15        |
-----------------------------------------
-----------------------------------------
| rollout/                |             |
|    ep_len_mean          | 537         |
|    ep_rew_mean          | 1.86        |
| time/                   |             |
|    fps                  | 593         |
|    iterations           | 4           |
|    time_elapsed         | 165         |
|    total_timesteps      | 98304       |
| train/                  |             |
|    approx_kl            | 0.010443528 |
|    clip_fraction        | 0.0925      |
|    clip_range           | 0.2         |
|    entropy_loss         | -2.48       |
|    explained_variance   | 0.65        |
|    learning_rate        | 0.0003      |
|    loss                 | -0.0112     |
|    n_updates            | 15          |
|    policy_gradient_loss | -0.0064     |
|    value_loss           | 0.0527      |
-----------------------------------------
-----------------------------------------
| rollout/                |             |
|    ep_len_mean          | 772         |
|    ep_rew_mean          | -2.65       |
| time/                   |             |
|    fps                  | 578         |
|    iterations           | 5           |
|    time_elapsed         | 212         |
|    total_timesteps      | 122880      |
| train/                  |             |
|    approx_kl            | 0.009820891 |
|    clip_fraction        | 0.0996      |
|    clip_range           | 0.2         |
|    entropy_loss         | -2.38       |
|    explained_variance   | 0.732       |
|    learning_rate        | 0.0003      |
|    loss                 | -0.0327     |
|    n_updates            | 20          |
|    policy_gradient_loss | -0.00656    |
|    value_loss           | 0.012       |
-----------------------------------------
-----------------------------------------
| rollout/                |             |
|    ep_len_mean          | 999         |
|    ep_rew_mean          | -6.78       |
| time/                   |             |
|    fps                  | 561         |
|    iterations           | 6           |
|    time_elapsed         | 262         |
|    total_timesteps      | 147456      |
| train/                  |             |
|    approx_kl            | 0.009595622 |
|    clip_fraction        | 0.0807      |
|    clip_range           | 0.2         |
|    entropy_loss         | -2.31       |
|    explained_variance   | 0.819       |
|    learning_rate        | 0.0003      |
|    loss                 | -0.0194     |
|    n_updates            | 25          |
|    policy_gradient_loss | -0.00528    |
|    value_loss           | 0.0136      |
-----------------------------------------
-----------------------------------------
| rollout/                |             |
|    ep_len_mean          | 1.32e+03    |
|    ep_rew_mean          | -11.2       |
| time/                   |             |
|    fps                  | 556         |
|    iterations           | 7           |
|    time_elapsed         | 309         |
|    total_timesteps      | 172032      |
| train/                  |             |
|    approx_kl            | 0.010459022 |
|    clip_fraction        | 0.0871      |
|    clip_range           | 0.2         |
|    entropy_loss         | -2.36       |
|    explained_variance   | 0.905       |
|    learning_rate        | 0.0003      |
|    loss                 | -0.0235     |
|    n_updates            | 30          |
|    policy_gradient_loss | -0.00693    |
|    value_loss           | 0.0115      |
-----------------------------------------
-----------------------------------------
| rollout/                |             |
|    ep_len_mean          | 1.53e+03    |
|    ep_rew_mean          | -12.7       |
| time/                   |             |
|    fps                  | 556         |
|    iterations           | 8           |
|    time_elapsed         | 353         |
|    total_timesteps      | 196608      |
| train/                  |             |
|    approx_kl            | 0.010309163 |
|    clip_fraction        | 0.0867      |
|    clip_range           | 0.2         |
|    entropy_loss         | -2.34       |
|    explained_variance   | 0.874       |
|    learning_rate        | 0.0003      |
|    loss                 | -0.017      |
|    n_updates            | 35          |
|    policy_gradient_loss | -0.0067     |
|    value_loss           | 0.0179      |
-----------------------------------------
-----------------------------------------
| rollout/                |             |
|    ep_len_mean          | 1.63e+03    |
|    ep_rew_mean          | -11.6       |
| time/                   |             |
|    fps                  | 555         |
|    iterations           | 9           |
|    time_elapsed         | 398         |
|    total_timesteps      | 221184      |
| train/                  |             |
|    approx_kl            | 0.009164683 |
|    clip_fraction        | 0.0724      |
|    clip_range           | 0.2         |
|    entropy_loss         | -2.34       |
|    explained_variance   | 0.876       |
|    learning_rate        | 0.0003      |
|    loss                 | -0.012      |
|    n_updates            | 40          |
|    policy_gradient_loss | -0.00642    |
|    value_loss           | 0.0271      |
-----------------------------------------
VecNormalize stats saved: ./campaign_models/offline-1779576290/vecnormalize.pkl

Финальная модель сохранена: ./campaign_models/offline-1779576290/final_model.zip

============================================================
ИТОГИ ОБУЧЕНИЯ:
  Побед: 0
  Поражений: 214
  Таймаутов: 7
  Побед бота столицы над врагами: 105
  Перестановок юнитов: 123979
  Winrate: 0.0%
============================================================
  График призывов за эпизод: C:\realnewdisciples\Big_map\outputs\campaign_summoned_units_per_episode.png
  График призывов за всё обучение: C:\realnewdisciples\Big_map\outputs\campaign_summoned_units_cumulative.png
  График найма за эпизод: C:\realnewdisciples\Big_map\outputs\campaign_hired_units_per_episode.png
  График найма за всё обучение: C:\realnewdisciples\Big_map\outputs\campaign_hired_units_cumulative.png
  График перестановок юнитов за эпизод: C:\realnewdisciples\Big_map\outputs\campaign_unit_swaps_per_episode.png
  График боевых предметов: C:\realnewdisciples\Big_map\outputs\campaign_battle_item_activity.png
  График побед бота столицы за эпизод: C:\realnewdisciples\Big_map\outputs\campaign_scripted_bot_victories_per_episode.png
  График применения заклинаний: C:\realnewdisciples\Big_map\outputs\campaign_spell_cast_activity.png
