Проверка среды CampaignEnv...
Среда прошла проверку!
[INFO] Comet disabled, running without experiment tracking
Создание 12 параллельных сред (subproc)...
Инициализация MaskablePPO...
Using cpu device

============================================================
Запуск обучения Campaign Agent
Всего шагов: 200,000
Параллельных сред: 12
VecEnv: subproc
Seed: 123
Checkpoint каждые: 1,000,000 шагов
Evaluation каждые: 1,000,000 шагов
Eval deterministic эпизодов: 20
Eval stochastic эпизодов: 0
Eval лимит шагов на эпизод: 4000
PPO n_steps: 2,048
PPO batch_size: 512
PPO n_epochs: 5
PPO gradient batches per rollout: 240
VecCheckNan: disabled
Freeze action layout: enabled
Torch threads per process: 1
Diagnostics: disabled
Run ID: offline-1779576871
============================================================

Logging to ./campaign_tb_logs/offline-1779576871\MaskablePPO_1
---------------------------------
| rollout/           |          |
|    ep_len_mean     | 363      |
|    ep_rew_mean     | 2.11     |
| time/              |          |
|    fps             | 849      |
|    iterations      | 1        |
|    time_elapsed    | 28       |
|    total_timesteps | 24576    |
---------------------------------
-----------------------------------------
| rollout/                |             |
|    ep_len_mean          | 455         |
|    ep_rew_mean          | 3.11        |
| time/                   |             |
|    fps                  | 669         |
|    iterations           | 2           |
|    time_elapsed         | 73          |
|    total_timesteps      | 49152       |
| train/                  |             |
|    approx_kl            | 0.008998034 |
|    clip_fraction        | 0.0642      |
|    clip_range           | 0.2         |
|    entropy_loss         | -2.46       |
|    explained_variance   | -0.111      |
|    learning_rate        | 0.0003      |
|    loss                 | 0.111       |
|    n_updates            | 5           |
|    policy_gradient_loss | -0.00571    |
|    value_loss           | 0.295       |
-----------------------------------------
-----------------------------------------
| rollout/                |             |
|    ep_len_mean          | 506         |
|    ep_rew_mean          | 2.68        |
| time/                   |             |
|    fps                  | 610         |
|    iterations           | 3           |
|    time_elapsed         | 120         |
|    total_timesteps      | 73728       |
| train/                  |             |
|    approx_kl            | 0.009655601 |
|    clip_fraction        | 0.089       |
|    clip_range           | 0.2         |
|    entropy_loss         | -2.49       |
|    explained_variance   | 0.385       |
|    learning_rate        | 0.0003      |
|    loss                 | 0.0165      |
|    n_updates            | 10          |
|    policy_gradient_loss | -0.00673    |
|    value_loss           | 0.104       |
-----------------------------------------
-----------------------------------------
| rollout/                |             |
|    ep_len_mean          | 630         |
|    ep_rew_mean          | 0.618       |
| time/                   |             |
|    fps                  | 583         |
|    iterations           | 4           |
|    time_elapsed         | 168         |
|    total_timesteps      | 98304       |
| train/                  |             |
|    approx_kl            | 0.010074106 |
|    clip_fraction        | 0.0844      |
|    clip_range           | 0.2         |
|    entropy_loss         | -2.43       |
|    explained_variance   | 0.404       |
|    learning_rate        | 0.0003      |
|    loss                 | -0.0229     |
|    n_updates            | 15          |
|    policy_gradient_loss | -0.00682    |
|    value_loss           | 0.0241      |
-----------------------------------------
-----------------------------------------
| rollout/                |             |
|    ep_len_mean          | 1.06e+03    |
|    ep_rew_mean          | -6.83       |
| time/                   |             |
|    fps                  | 568         |
|    iterations           | 5           |
|    time_elapsed         | 216         |
|    total_timesteps      | 122880      |
| train/                  |             |
|    approx_kl            | 0.010400123 |
|    clip_fraction        | 0.0798      |
|    clip_range           | 0.2         |
|    entropy_loss         | -2.33       |
|    explained_variance   | 0.48        |
|    learning_rate        | 0.0003      |
|    loss                 | -0.0339     |
|    n_updates            | 20          |
|    policy_gradient_loss | -0.00611    |
|    value_loss           | 0.0168      |
-----------------------------------------
-----------------------------------------
| rollout/                |             |
|    ep_len_mean          | 1.25e+03    |
|    ep_rew_mean          | -8.11       |
| time/                   |             |
|    fps                  | 562         |
|    iterations           | 6           |
|    time_elapsed         | 262         |
|    total_timesteps      | 147456      |
| train/                  |             |
|    approx_kl            | 0.009791873 |
|    clip_fraction        | 0.0813      |
|    clip_range           | 0.2         |
|    entropy_loss         | -2.35       |
|    explained_variance   | 0.737       |
|    learning_rate        | 0.0003      |
|    loss                 | -0.0224     |
|    n_updates            | 25          |
|    policy_gradient_loss | -0.00567    |
|    value_loss           | 0.0257      |
-----------------------------------------
-----------------------------------------
| rollout/                |             |
|    ep_len_mean          | 1.4e+03     |
|    ep_rew_mean          | -7.48       |
| time/                   |             |
|    fps                  | 561         |
|    iterations           | 7           |
|    time_elapsed         | 306         |
|    total_timesteps      | 172032      |
| train/                  |             |
|    approx_kl            | 0.008967422 |
|    clip_fraction        | 0.0663      |
|    clip_range           | 0.2         |
|    entropy_loss         | -2.39       |
|    explained_variance   | 0.797       |
|    learning_rate        | 0.0003      |
|    loss                 | -0.0223     |
|    n_updates            | 30          |
|    policy_gradient_loss | -0.00546    |
|    value_loss           | 0.0261      |
-----------------------------------------
-----------------------------------------
| rollout/                |             |
|    ep_len_mean          | 1.39e+03    |
|    ep_rew_mean          | -4.6        |
| time/                   |             |
|    fps                  | 560         |
|    iterations           | 8           |
|    time_elapsed         | 350         |
|    total_timesteps      | 196608      |
| train/                  |             |
|    approx_kl            | 0.009460491 |
|    clip_fraction        | 0.0756      |
|    clip_range           | 0.2         |
|    entropy_loss         | -2.41       |
|    explained_variance   | 0.841       |
|    learning_rate        | 0.0003      |
|    loss                 | -0.0136     |
|    n_updates            | 35          |
|    policy_gradient_loss | -0.00633    |
|    value_loss           | 0.0345      |
-----------------------------------------
-----------------------------------------
| rollout/                |             |
|    ep_len_mean          | 773         |
|    ep_rew_mean          | 9.14        |
| time/                   |             |
|    fps                  | 555         |
|    iterations           | 9           |
|    time_elapsed         | 398         |
|    total_timesteps      | 221184      |
| train/                  |             |
|    approx_kl            | 0.009743403 |
|    clip_fraction        | 0.08        |
|    clip_range           | 0.2         |
|    entropy_loss         | -2.42       |
|    explained_variance   | 0.849       |
|    learning_rate        | 0.0003      |
|    loss                 | -0.027      |
|    n_updates            | 40          |
|    policy_gradient_loss | -0.00611    |
|    value_loss           | 0.0327      |
-----------------------------------------
VecNormalize stats saved: ./campaign_models/offline-1779576871/vecnormalize.pkl

Финальная модель сохранена: ./campaign_models/offline-1779576871/final_model.zip

============================================================
ИТОГИ ОБУЧЕНИЯ:
  Побед: 0
  Поражений: 231
  Таймаутов: 5
  Побед бота столицы над врагами: 75
  Перестановок юнитов: 118950
  Winrate: 0.0%
============================================================
  График призывов за эпизод: C:\realnewdisciples\Big_map\outputs\campaign_summoned_units_per_episode.png
  График призывов за всё обучение: C:\realnewdisciples\Big_map\outputs\campaign_summoned_units_cumulative.png
  График найма за эпизод: C:\realnewdisciples\Big_map\outputs\campaign_hired_units_per_episode.png
  График найма за всё обучение: C:\realnewdisciples\Big_map\outputs\campaign_hired_units_cumulative.png
  График перестановок юнитов за эпизод: C:\realnewdisciples\Big_map\outputs\campaign_unit_swaps_per_episode.png
  График боевых предметов: C:\realnewdisciples\Big_map\outputs\campaign_battle_item_activity.png
  График побед бота столицы за эпизод: C:\realnewdisciples\Big_map\outputs\campaign_scripted_bot_victories_per_episode.png
  График применения заклинаний: C:\realnewdisciples\Big_map\outputs\campaign_spell_cast_activity.png
