Проверка среды CampaignEnv...
Среда прошла проверку!
[INFO] Comet disabled, running without experiment tracking
Создание 12 параллельных сред (subproc)...
Инициализация MaskablePPO...
Using cpu device

============================================================
Запуск обучения Campaign Agent
Всего шагов: 200,000
Параллельных сред: 12
VecEnv: subproc
Seed: 123
Checkpoint каждые: 1,000,000 шагов
Evaluation каждые: 1,000,000 шагов
Eval deterministic эпизодов: 20
Eval stochastic эпизодов: 0
Eval лимит шагов на эпизод: 4000
PPO n_steps: 2,048
PPO batch_size: 512
PPO n_epochs: 5
PPO gradient batches per rollout: 240
VecCheckNan: disabled
Freeze action layout: enabled
Torch threads per process: 1
Diagnostics: disabled
Run ID: offline-1779574910
============================================================

Logging to ./campaign_tb_logs/offline-1779574910\MaskablePPO_1
---------------------------------
| rollout/           |          |
|    ep_len_mean     | 337      |
|    ep_rew_mean     | 3.32     |
| time/              |          |
|    fps             | 858      |
|    iterations      | 1        |
|    time_elapsed    | 28       |
|    total_timesteps | 24576    |
---------------------------------
-----------------------------------------
| rollout/                |             |
|    ep_len_mean          | 352         |
|    ep_rew_mean          | 3.25        |
| time/                   |             |
|    fps                  | 672         |
|    iterations           | 2           |
|    time_elapsed         | 73          |
|    total_timesteps      | 49152       |
| train/                  |             |
|    approx_kl            | 0.010628867 |
|    clip_fraction        | 0.075       |
|    clip_range           | 0.2         |
|    entropy_loss         | -2.44       |
|    explained_variance   | -0.0792     |
|    learning_rate        | 0.0003      |
|    loss                 | 0.153       |
|    n_updates            | 5           |
|    policy_gradient_loss | -0.00531    |
|    value_loss           | 0.332       |
-----------------------------------------
----------------------------------------
| rollout/                |            |
|    ep_len_mean          | 372        |
|    ep_rew_mean          | 3.86       |
| time/                   |            |
|    fps                  | 626        |
|    iterations           | 3          |
|    time_elapsed         | 117        |
|    total_timesteps      | 73728      |
| train/                  |            |
|    approx_kl            | 0.00944341 |
|    clip_fraction        | 0.088      |
|    clip_range           | 0.2        |
|    entropy_loss         | -2.48      |
|    explained_variance   | 0.504      |
|    learning_rate        | 0.0003     |
|    loss                 | 0.0394     |
|    n_updates            | 10         |
|    policy_gradient_loss | -0.00717   |
|    value_loss           | 0.183      |
----------------------------------------
-----------------------------------------
| rollout/                |             |
|    ep_len_mean          | 524         |
|    ep_rew_mean          | 3.5         |
| time/                   |             |
|    fps                  | 597         |
|    iterations           | 4           |
|    time_elapsed         | 164         |
|    total_timesteps      | 98304       |
| train/                  |             |
|    approx_kl            | 0.009600294 |
|    clip_fraction        | 0.08        |
|    clip_range           | 0.2         |
|    entropy_loss         | -2.49       |
|    explained_variance   | 0.587       |
|    learning_rate        | 0.0003      |
|    loss                 | 0.0335      |
|    n_updates            | 15          |
|    policy_gradient_loss | -0.00658    |
|    value_loss           | 0.136       |
-----------------------------------------
-----------------------------------------
| rollout/                |             |
|    ep_len_mean          | 654         |
|    ep_rew_mean          | 3.42        |
| time/                   |             |
|    fps                  | 581         |
|    iterations           | 5           |
|    time_elapsed         | 211         |
|    total_timesteps      | 122880      |
| train/                  |             |
|    approx_kl            | 0.011687147 |
|    clip_fraction        | 0.0972      |
|    clip_range           | 0.2         |
|    entropy_loss         | -2.47       |
|    explained_variance   | 0.674       |
|    learning_rate        | 0.0003      |
|    loss                 | -0.00336    |
|    n_updates            | 20          |
|    policy_gradient_loss | -0.00765    |
|    value_loss           | 0.0753      |
-----------------------------------------
-----------------------------------------
| rollout/                |             |
|    ep_len_mean          | 859         |
|    ep_rew_mean          | 1.05        |
| time/                   |             |
|    fps                  | 572         |
|    iterations           | 6           |
|    time_elapsed         | 257         |
|    total_timesteps      | 147456      |
| train/                  |             |
|    approx_kl            | 0.010198231 |
|    clip_fraction        | 0.0993      |
|    clip_range           | 0.2         |
|    entropy_loss         | -2.45       |
|    explained_variance   | 0.737       |
|    learning_rate        | 0.0003      |
|    loss                 | -0.0242     |
|    n_updates            | 25          |
|    policy_gradient_loss | -0.0068     |
|    value_loss           | 0.0346      |
-----------------------------------------
----------------------------------------
| rollout/                |            |
|    ep_len_mean          | 1.04e+03   |
|    ep_rew_mean          | 1.12       |
| time/                   |            |
|    fps                  | 568        |
|    iterations           | 7          |
|    time_elapsed         | 302        |
|    total_timesteps      | 172032     |
| train/                  |            |
|    approx_kl            | 0.01009922 |
|    clip_fraction        | 0.093      |
|    clip_range           | 0.2        |
|    entropy_loss         | -2.43      |
|    explained_variance   | 0.801      |
|    learning_rate        | 0.0003     |
|    loss                 | -0.00436   |
|    n_updates            | 30         |
|    policy_gradient_loss | -0.00623   |
|    value_loss           | 0.0313     |
----------------------------------------
-----------------------------------------
| rollout/                |             |
|    ep_len_mean          | 977         |
|    ep_rew_mean          | 5.52        |
| time/                   |             |
|    fps                  | 564         |
|    iterations           | 8           |
|    time_elapsed         | 348         |
|    total_timesteps      | 196608      |
| train/                  |             |
|    approx_kl            | 0.009083953 |
|    clip_fraction        | 0.0841      |
|    clip_range           | 0.2         |
|    entropy_loss         | -2.47       |
|    explained_variance   | 0.853       |
|    learning_rate        | 0.0003      |
|    loss                 | -0.0235     |
|    n_updates            | 35          |
|    policy_gradient_loss | -0.00806    |
|    value_loss           | 0.0489      |
-----------------------------------------
-----------------------------------------
| rollout/                |             |
|    ep_len_mean          | 757         |
|    ep_rew_mean          | 11.8        |
| time/                   |             |
|    fps                  | 562         |
|    iterations           | 9           |
|    time_elapsed         | 393         |
|    total_timesteps      | 221184      |
| train/                  |             |
|    approx_kl            | 0.009275019 |
|    clip_fraction        | 0.0733      |
|    clip_range           | 0.2         |
|    entropy_loss         | -2.43       |
|    explained_variance   | 0.848       |
|    learning_rate        | 0.0003      |
|    loss                 | -0.0115     |
|    n_updates            | 40          |
|    policy_gradient_loss | -0.00595    |
|    value_loss           | 0.0579      |
-----------------------------------------
VecNormalize stats saved: ./campaign_models/offline-1779574910/vecnormalize.pkl

Финальная модель сохранена: ./campaign_models/offline-1779574910/final_model.zip

============================================================
ИТОГИ ОБУЧЕНИЯ:
  Побед: 0
  Поражений: 350
  Таймаутов: 0
  Побед бота столицы над врагами: 0
  Перестановок юнитов: 113754
  Winrate: 0.0%
============================================================
  График призывов за эпизод: C:\realnewdisciples\Big_map\outputs\campaign_summoned_units_per_episode.png
  График призывов за всё обучение: C:\realnewdisciples\Big_map\outputs\campaign_summoned_units_cumulative.png
  График найма за эпизод: C:\realnewdisciples\Big_map\outputs\campaign_hired_units_per_episode.png
  График найма за всё обучение: C:\realnewdisciples\Big_map\outputs\campaign_hired_units_cumulative.png
  График перестановок юнитов за эпизод: C:\realnewdisciples\Big_map\outputs\campaign_unit_swaps_per_episode.png
  График боевых предметов: C:\realnewdisciples\Big_map\outputs\campaign_battle_item_activity.png
  График побед бота столицы за эпизод: C:\realnewdisciples\Big_map\outputs\campaign_scripted_bot_victories_per_episode.png
  График применения заклинаний: C:\realnewdisciples\Big_map\outputs\campaign_spell_cast_activity.png
