Проверка среды CampaignEnv...
Среда прошла проверку!
[INFO] Comet disabled, running without experiment tracking
Создание 12 параллельных сред (subproc)...
Инициализация MaskablePPO...
Using cpu device

============================================================
Запуск обучения Campaign Agent
Всего шагов: 300,000
Параллельных сред: 12
VecEnv: subproc
Seed: 123
Checkpoint каждые: 1,000,000,000 шагов
Evaluation каждые: 1,000,000,000 шагов
Eval deterministic эпизодов: 20
Eval stochastic эпизодов: 0
Eval лимит шагов на эпизод: 4000
PPO n_steps: 2,048
PPO batch_size: 512
PPO n_epochs: 5
PPO gradient batches per rollout: 240
VecCheckNan: disabled
Freeze action layout: enabled
Empire territory: disabled
Torch threads per process: 1
Diagnostics: disabled
Run ID: offline-1779880518
============================================================

Logging to ./campaign_tb_logs/offline-1779880518\MaskablePPO_1
---------------------------------
| rollout/           |          |
|    ep_len_mean     | 367      |
|    ep_rew_mean     | 3.76     |
| time/              |          |
|    fps             | 904      |
|    iterations      | 1        |
|    time_elapsed    | 27       |
|    total_timesteps | 24576    |
---------------------------------
-----------------------------------------
| rollout/                |             |
|    ep_len_mean          | 419         |
|    ep_rew_mean          | 4.07        |
| time/                   |             |
|    fps                  | 709         |
|    iterations           | 2           |
|    time_elapsed         | 69          |
|    total_timesteps      | 49152       |
| train/                  |             |
|    approx_kl            | 0.009881066 |
|    clip_fraction        | 0.0632      |
|    clip_range           | 0.2         |
|    entropy_loss         | -2.46       |
|    explained_variance   | -0.0188     |
|    learning_rate        | 0.0003      |
|    loss                 | 0.0605      |
|    n_updates            | 5           |
|    policy_gradient_loss | -0.00525    |
|    value_loss           | 0.251       |
-----------------------------------------
-----------------------------------------
| rollout/                |             |
|    ep_len_mean          | 525         |
|    ep_rew_mean          | 2.88        |
| time/                   |             |
|    fps                  | 662         |
|    iterations           | 3           |
|    time_elapsed         | 111         |
|    total_timesteps      | 73728       |
| train/                  |             |
|    approx_kl            | 0.010789144 |
|    clip_fraction        | 0.0925      |
|    clip_range           | 0.2         |
|    entropy_loss         | -2.51       |
|    explained_variance   | 0.493       |
|    learning_rate        | 0.0003      |
|    loss                 | 0.0268      |
|    n_updates            | 10          |
|    policy_gradient_loss | -0.00753    |
|    value_loss           | 0.136       |
-----------------------------------------
----------------------------------------
| rollout/                |            |
|    ep_len_mean          | 611        |
|    ep_rew_mean          | 0.832      |
| time/                   |            |
|    fps                  | 636        |
|    iterations           | 4          |
|    time_elapsed         | 154        |
|    total_timesteps      | 98304      |
| train/                  |            |
|    approx_kl            | 0.01025696 |
|    clip_fraction        | 0.109      |
|    clip_range           | 0.2        |
|    entropy_loss         | -2.42      |
|    explained_variance   | 0.616      |
|    learning_rate        | 0.0003     |
|    loss                 | -0.0151    |
|    n_updates            | 15         |
|    policy_gradient_loss | -0.00649   |
|    value_loss           | 0.0369     |
----------------------------------------
------------------------------------------
| rollout/                |              |
|    ep_len_mean          | 948          |
|    ep_rew_mean          | -7.02        |
| time/                   |              |
|    fps                  | 621          |
|    iterations           | 5            |
|    time_elapsed         | 197          |
|    total_timesteps      | 122880       |
| train/                  |              |
|    approx_kl            | 0.0097111715 |
|    clip_fraction        | 0.102        |
|    clip_range           | 0.2          |
|    entropy_loss         | -2.32        |
|    explained_variance   | 0.759        |
|    learning_rate        | 0.0003       |
|    loss                 | -0.0109      |
|    n_updates            | 20           |
|    policy_gradient_loss | -0.00488     |
|    value_loss           | 0.00931      |
------------------------------------------
-----------------------------------------
| rollout/                |             |
|    ep_len_mean          | 1.15e+03    |
|    ep_rew_mean          | -11.4       |
| time/                   |             |
|    fps                  | 612         |
|    iterations           | 6           |
|    time_elapsed         | 240         |
|    total_timesteps      | 147456      |
| train/                  |             |
|    approx_kl            | 0.010504677 |
|    clip_fraction        | 0.0971      |
|    clip_range           | 0.2         |
|    entropy_loss         | -2.29       |
|    explained_variance   | 0.876       |
|    learning_rate        | 0.0003      |
|    loss                 | -0.0184     |
|    n_updates            | 25          |
|    policy_gradient_loss | -0.00561    |
|    value_loss           | 0.0124      |
-----------------------------------------
-----------------------------------------
| rollout/                |             |
|    ep_len_mean          | 1.33e+03    |
|    ep_rew_mean          | -14.3       |
| time/                   |             |
|    fps                  | 606         |
|    iterations           | 7           |
|    time_elapsed         | 283         |
|    total_timesteps      | 172032      |
| train/                  |             |
|    approx_kl            | 0.009339224 |
|    clip_fraction        | 0.0943      |
|    clip_range           | 0.2         |
|    entropy_loss         | -2.28       |
|    explained_variance   | 0.9         |
|    learning_rate        | 0.0003      |
|    loss                 | -0.0258     |
|    n_updates            | 30          |
|    policy_gradient_loss | -0.00576    |
|    value_loss           | 0.00874     |
-----------------------------------------
-----------------------------------------
| rollout/                |             |
|    ep_len_mean          | 1.68e+03    |
|    ep_rew_mean          | -19.1       |
| time/                   |             |
|    fps                  | 603         |
|    iterations           | 8           |
|    time_elapsed         | 325         |
|    total_timesteps      | 196608      |
| train/                  |             |
|    approx_kl            | 0.008775484 |
|    clip_fraction        | 0.0762      |
|    clip_range           | 0.2         |
|    entropy_loss         | -2.32       |
|    explained_variance   | 0.929       |
|    learning_rate        | 0.0003      |
|    loss                 | -0.0161     |
|    n_updates            | 35          |
|    policy_gradient_loss | -0.00533    |
|    value_loss           | 0.00923     |
-----------------------------------------
----------------------------------------
| rollout/                |            |
|    ep_len_mean          | 1.85e+03   |
|    ep_rew_mean          | -18.4      |
| time/                   |            |
|    fps                  | 601        |
|    iterations           | 9          |
|    time_elapsed         | 367        |
|    total_timesteps      | 221184     |
| train/                  |            |
|    approx_kl            | 0.00936984 |
|    clip_fraction        | 0.077      |
|    clip_range           | 0.2        |
|    entropy_loss         | -2.29      |
|    explained_variance   | 0.904      |
|    learning_rate        | 0.0003     |
|    loss                 | -0.0183    |
|    n_updates            | 40         |
|    policy_gradient_loss | -0.00534   |
|    value_loss           | 0.022      |
----------------------------------------
----------------------------------------
| rollout/                |            |
|    ep_len_mean          | 1.26e+03   |
|    ep_rew_mean          | -0.762     |
| time/                   |            |
|    fps                  | 598        |
|    iterations           | 10         |
|    time_elapsed         | 410        |
|    total_timesteps      | 245760     |
| train/                  |            |
|    approx_kl            | 0.00873518 |
|    clip_fraction        | 0.0806     |
|    clip_range           | 0.2        |
|    entropy_loss         | -2.33      |
|    explained_variance   | 0.892      |
|    learning_rate        | 0.0003     |
|    loss                 | -0.0164    |
|    n_updates            | 45         |
|    policy_gradient_loss | -0.00557   |
|    value_loss           | 0.0433     |
----------------------------------------
-----------------------------------------
| rollout/                |             |
|    ep_len_mean          | 597         |
|    ep_rew_mean          | 14.1        |
| time/                   |             |
|    fps                  | 597         |
|    iterations           | 11          |
|    time_elapsed         | 452         |
|    total_timesteps      | 270336      |
| train/                  |             |
|    approx_kl            | 0.009663747 |
|    clip_fraction        | 0.0929      |
|    clip_range           | 0.2         |
|    entropy_loss         | -2.33       |
|    explained_variance   | 0.904       |
|    learning_rate        | 0.0003      |
|    loss                 | -0.00924    |
|    n_updates            | 50          |
|    policy_gradient_loss | -0.00718    |
|    value_loss           | 0.0489      |
-----------------------------------------
-----------------------------------------
| rollout/                |             |
|    ep_len_mean          | 545         |
|    ep_rew_mean          | 16.4        |
| time/                   |             |
|    fps                  | 597         |
|    iterations           | 12          |
|    time_elapsed         | 493         |
|    total_timesteps      | 294912      |
| train/                  |             |
|    approx_kl            | 0.008076545 |
|    clip_fraction        | 0.0704      |
|    clip_range           | 0.2         |
|    entropy_loss         | -2.35       |
|    explained_variance   | 0.882       |
|    learning_rate        | 0.0003      |
|    loss                 | -0.00292    |
|    n_updates            | 55          |
|    policy_gradient_loss | -0.00568    |
|    value_loss           | 0.0504      |
-----------------------------------------
-----------------------------------------
| rollout/                |             |
|    ep_len_mean          | 396         |
|    ep_rew_mean          | 14.6        |
| time/                   |             |
|    fps                  | 598         |
|    iterations           | 13          |
|    time_elapsed         | 533         |
|    total_timesteps      | 319488      |
| train/                  |             |
|    approx_kl            | 0.008358919 |
|    clip_fraction        | 0.069       |
|    clip_range           | 0.2         |
|    entropy_loss         | -2.36       |
|    explained_variance   | 0.875       |
|    learning_rate        | 0.0003      |
|    loss                 | -0.00917    |
|    n_updates            | 60          |
|    policy_gradient_loss | -0.0056     |
|    value_loss           | 0.0492      |
-----------------------------------------
VecNormalize stats saved: ./campaign_models/offline-1779880518/vecnormalize.pkl

Финальная модель сохранена: ./campaign_models/offline-1779880518/final_model.zip

============================================================
ИТОГИ ОБУЧЕНИЯ:
  Побед: 0
  Поражений: 377
  Таймаутов: 10
  Побед бота столицы над врагами: 150
  Перестановок юнитов: 174441
  Winrate: 0.0%
============================================================
  График призывов за эпизод: C:\realnewdisciples\Big_map\outputs\campaign_summoned_units_per_episode.png
  График призывов за всё обучение: C:\realnewdisciples\Big_map\outputs\campaign_summoned_units_cumulative.png
  График найма за эпизод: C:\realnewdisciples\Big_map\outputs\campaign_hired_units_per_episode.png
  График найма за всё обучение: C:\realnewdisciples\Big_map\outputs\campaign_hired_units_cumulative.png
  График перестановок юнитов за эпизод: C:\realnewdisciples\Big_map\outputs\campaign_unit_swaps_per_episode.png
  График боевых предметов: C:\realnewdisciples\Big_map\outputs\campaign_battle_item_activity.png
  График побед бота столицы за эпизод: C:\realnewdisciples\Big_map\outputs\campaign_scripted_bot_victories_per_episode.png
  График применения заклинаний: C:\realnewdisciples\Big_map\outputs\campaign_spell_cast_activity.png
