Проверка среды CampaignEnv...
Среда прошла проверку!
[INFO] Comet disabled, running without experiment tracking
Создание 12 параллельных сред (subproc)...
Инициализация MaskablePPO...
Using cpu device

============================================================
Запуск обучения Campaign Agent
Всего шагов: 200,000
Параллельных сред: 12
VecEnv: subproc
Seed: 123
Checkpoint каждые: 1,000,000 шагов
Evaluation каждые: 1,000,000 шагов
Eval deterministic эпизодов: 20
Eval stochastic эпизодов: 0
Eval лимит шагов на эпизод: 4000
PPO n_steps: 2,048
PPO batch_size: 512
PPO n_epochs: 5
PPO gradient batches per rollout: 240
VecCheckNan: disabled
Freeze action layout: enabled
Torch threads per process: 1
Diagnostics: disabled
Run ID: offline-1779577459
============================================================

Logging to ./campaign_tb_logs/offline-1779577459\MaskablePPO_1
---------------------------------
| rollout/           |          |
|    ep_len_mean     | 375      |
|    ep_rew_mean     | 2.59     |
| time/              |          |
|    fps             | 832      |
|    iterations      | 1        |
|    time_elapsed    | 29       |
|    total_timesteps | 24576    |
---------------------------------
-----------------------------------------
| rollout/                |             |
|    ep_len_mean          | 449         |
|    ep_rew_mean          | 3.35        |
| time/                   |             |
|    fps                  | 664         |
|    iterations           | 2           |
|    time_elapsed         | 73          |
|    total_timesteps      | 49152       |
| train/                  |             |
|    approx_kl            | 0.011166744 |
|    clip_fraction        | 0.0858      |
|    clip_range           | 0.2         |
|    entropy_loss         | -2.46       |
|    explained_variance   | -0.115      |
|    learning_rate        | 0.0003      |
|    loss                 | 0.0686      |
|    n_updates            | 5           |
|    policy_gradient_loss | -0.00608    |
|    value_loss           | 0.245       |
-----------------------------------------
-----------------------------------------
| rollout/                |             |
|    ep_len_mean          | 511         |
|    ep_rew_mean          | 3.61        |
| time/                   |             |
|    fps                  | 619         |
|    iterations           | 3           |
|    time_elapsed         | 119         |
|    total_timesteps      | 73728       |
| train/                  |             |
|    approx_kl            | 0.010245499 |
|    clip_fraction        | 0.105       |
|    clip_range           | 0.2         |
|    entropy_loss         | -2.48       |
|    explained_variance   | 0.46        |
|    learning_rate        | 0.0003      |
|    loss                 | 0.00768     |
|    n_updates            | 10          |
|    policy_gradient_loss | -0.00778    |
|    value_loss           | 0.108       |
-----------------------------------------
-----------------------------------------
| rollout/                |             |
|    ep_len_mean          | 581         |
|    ep_rew_mean          | 2.91        |
| time/                   |             |
|    fps                  | 595         |
|    iterations           | 4           |
|    time_elapsed         | 165         |
|    total_timesteps      | 98304       |
| train/                  |             |
|    approx_kl            | 0.012403923 |
|    clip_fraction        | 0.111       |
|    clip_range           | 0.2         |
|    entropy_loss         | -2.47       |
|    explained_variance   | 0.58        |
|    learning_rate        | 0.0003      |
|    loss                 | -0.00677    |
|    n_updates            | 15          |
|    policy_gradient_loss | -0.00861    |
|    value_loss           | 0.0517      |
-----------------------------------------
-----------------------------------------
| rollout/                |             |
|    ep_len_mean          | 707         |
|    ep_rew_mean          | -0.0394     |
| time/                   |             |
|    fps                  | 579         |
|    iterations           | 5           |
|    time_elapsed         | 212         |
|    total_timesteps      | 122880      |
| train/                  |             |
|    approx_kl            | 0.010527476 |
|    clip_fraction        | 0.0822      |
|    clip_range           | 0.2         |
|    entropy_loss         | -2.43       |
|    explained_variance   | 0.787       |
|    learning_rate        | 0.0003      |
|    loss                 | -0.026      |
|    n_updates            | 20          |
|    policy_gradient_loss | -0.00705    |
|    value_loss           | 0.0156      |
-----------------------------------------
-----------------------------------------
| rollout/                |             |
|    ep_len_mean          | 926         |
|    ep_rew_mean          | -4.61       |
| time/                   |             |
|    fps                  | 568         |
|    iterations           | 6           |
|    time_elapsed         | 259         |
|    total_timesteps      | 147456      |
| train/                  |             |
|    approx_kl            | 0.010190635 |
|    clip_fraction        | 0.0901      |
|    clip_range           | 0.2         |
|    entropy_loss         | -2.32       |
|    explained_variance   | 0.856       |
|    learning_rate        | 0.0003      |
|    loss                 | -0.0214     |
|    n_updates            | 25          |
|    policy_gradient_loss | -0.00608    |
|    value_loss           | 0.00915     |
-----------------------------------------
-----------------------------------------
| rollout/                |             |
|    ep_len_mean          | 1.22e+03    |
|    ep_rew_mean          | -11         |
| time/                   |             |
|    fps                  | 562         |
|    iterations           | 7           |
|    time_elapsed         | 305         |
|    total_timesteps      | 172032      |
| train/                  |             |
|    approx_kl            | 0.009205593 |
|    clip_fraction        | 0.0906      |
|    clip_range           | 0.2         |
|    entropy_loss         | -2.3        |
|    explained_variance   | 0.845       |
|    learning_rate        | 0.0003      |
|    loss                 | -0.0217     |
|    n_updates            | 30          |
|    policy_gradient_loss | -0.00526    |
|    value_loss           | 0.00979     |
-----------------------------------------
----------------------------------------
| rollout/                |            |
|    ep_len_mean          | 1.47e+03   |
|    ep_rew_mean          | -15.4      |
| time/                   |            |
|    fps                  | 557        |
|    iterations           | 8          |
|    time_elapsed         | 352        |
|    total_timesteps      | 196608     |
| train/                  |            |
|    approx_kl            | 0.00831955 |
|    clip_fraction        | 0.0751     |
|    clip_range           | 0.2        |
|    entropy_loss         | -2.27      |
|    explained_variance   | 0.826      |
|    learning_rate        | 0.0003     |
|    loss                 | -0.0155    |
|    n_updates            | 35         |
|    policy_gradient_loss | -0.00549   |
|    value_loss           | 0.0104     |
----------------------------------------
-----------------------------------------
| rollout/                |             |
|    ep_len_mean          | 1.74e+03    |
|    ep_rew_mean          | -18.5       |
| time/                   |             |
|    fps                  | 556         |
|    iterations           | 9           |
|    time_elapsed         | 397         |
|    total_timesteps      | 221184      |
| train/                  |             |
|    approx_kl            | 0.008815375 |
|    clip_fraction        | 0.0811      |
|    clip_range           | 0.2         |
|    entropy_loss         | -2.27       |
|    explained_variance   | 0.895       |
|    learning_rate        | 0.0003      |
|    loss                 | -0.0179     |
|    n_updates            | 40          |
|    policy_gradient_loss | -0.00631    |
|    value_loss           | 0.0127      |
-----------------------------------------
VecNormalize stats saved: ./campaign_models/offline-1779577459/vecnormalize.pkl

Финальная модель сохранена: ./campaign_models/offline-1779577459/final_model.zip

============================================================
ИТОГИ ОБУЧЕНИЯ:
  Побед: 0
  Поражений: 173
  Таймаутов: 10
  Побед бота столицы над врагами: 150
  Перестановок юнитов: 125158
  Winrate: 0.0%
============================================================
  График призывов за эпизод: C:\realnewdisciples\Big_map\outputs\campaign_summoned_units_per_episode.png
  График призывов за всё обучение: C:\realnewdisciples\Big_map\outputs\campaign_summoned_units_cumulative.png
  График найма за эпизод: C:\realnewdisciples\Big_map\outputs\campaign_hired_units_per_episode.png
  График найма за всё обучение: C:\realnewdisciples\Big_map\outputs\campaign_hired_units_cumulative.png
  График перестановок юнитов за эпизод: C:\realnewdisciples\Big_map\outputs\campaign_unit_swaps_per_episode.png
  График боевых предметов: C:\realnewdisciples\Big_map\outputs\campaign_battle_item_activity.png
  График побед бота столицы за эпизод: C:\realnewdisciples\Big_map\outputs\campaign_scripted_bot_victories_per_episode.png
  График применения заклинаний: C:\realnewdisciples\Big_map\outputs\campaign_spell_cast_activity.png
