Проверка среды CampaignEnv...
Среда прошла проверку!
[INFO] Comet disabled, running without experiment tracking
Создание 12 параллельных сред (subproc)...
Инициализация MaskablePPO...
Using cpu device

============================================================
Запуск обучения Campaign Agent
Всего шагов: 300,000
Параллельных сред: 12
VecEnv: subproc
Seed: 123
Checkpoint каждые: 1,000,000,000 шагов
Evaluation каждые: 1,000,000,000 шагов
Eval deterministic эпизодов: 20
Eval stochastic эпизодов: 0
Eval лимит шагов на эпизод: 4000
PPO n_steps: 2,048
PPO batch_size: 512
PPO n_epochs: 5
PPO gradient batches per rollout: 240
VecCheckNan: disabled
Freeze action layout: enabled
Empire territory: enabled
Torch threads per process: 1
Diagnostics: disabled
Run ID: offline-1779879927
============================================================

Logging to ./campaign_tb_logs/offline-1779879927\MaskablePPO_1
---------------------------------
| rollout/           |          |
|    ep_len_mean     | 392      |
|    ep_rew_mean     | 3.16     |
| time/              |          |
|    fps             | 899      |
|    iterations      | 1        |
|    time_elapsed    | 27       |
|    total_timesteps | 24576    |
---------------------------------
-----------------------------------------
| rollout/                |             |
|    ep_len_mean          | 323         |
|    ep_rew_mean          | 3.09        |
| time/                   |             |
|    fps                  | 705         |
|    iterations           | 2           |
|    time_elapsed         | 69          |
|    total_timesteps      | 49152       |
| train/                  |             |
|    approx_kl            | 0.009909811 |
|    clip_fraction        | 0.0727      |
|    clip_range           | 0.2         |
|    entropy_loss         | -2.46       |
|    explained_variance   | -0.00546    |
|    learning_rate        | 0.0003      |
|    loss                 | 0.0551      |
|    n_updates            | 5           |
|    policy_gradient_loss | -0.00635    |
|    value_loss           | 0.257       |
-----------------------------------------
-----------------------------------------
| rollout/                |             |
|    ep_len_mean          | 365         |
|    ep_rew_mean          | 2.49        |
| time/                   |             |
|    fps                  | 656         |
|    iterations           | 3           |
|    time_elapsed         | 112         |
|    total_timesteps      | 73728       |
| train/                  |             |
|    approx_kl            | 0.009986912 |
|    clip_fraction        | 0.0758      |
|    clip_range           | 0.2         |
|    entropy_loss         | -2.45       |
|    explained_variance   | 0.546       |
|    learning_rate        | 0.0003      |
|    loss                 | 0.0311      |
|    n_updates            | 10          |
|    policy_gradient_loss | -0.00729    |
|    value_loss           | 0.161       |
-----------------------------------------
-----------------------------------------
| rollout/                |             |
|    ep_len_mean          | 449         |
|    ep_rew_mean          | 2.35        |
| time/                   |             |
|    fps                  | 636         |
|    iterations           | 4           |
|    time_elapsed         | 154         |
|    total_timesteps      | 98304       |
| train/                  |             |
|    approx_kl            | 0.009271597 |
|    clip_fraction        | 0.0817      |
|    clip_range           | 0.2         |
|    entropy_loss         | -2.46       |
|    explained_variance   | 0.755       |
|    learning_rate        | 0.0003      |
|    loss                 | 0.0224      |
|    n_updates            | 15          |
|    policy_gradient_loss | -0.0076     |
|    value_loss           | 0.0902      |
-----------------------------------------
----------------------------------------
| rollout/                |            |
|    ep_len_mean          | 665        |
|    ep_rew_mean          | 0.677      |
| time/                   |            |
|    fps                  | 619        |
|    iterations           | 5          |
|    time_elapsed         | 198        |
|    total_timesteps      | 122880     |
| train/                  |            |
|    approx_kl            | 0.01104498 |
|    clip_fraction        | 0.118      |
|    clip_range           | 0.2        |
|    entropy_loss         | -2.41      |
|    explained_variance   | 0.834      |
|    learning_rate        | 0.0003     |
|    loss                 | -0.0109    |
|    n_updates            | 20         |
|    policy_gradient_loss | -0.00753   |
|    value_loss           | 0.0308     |
----------------------------------------
-----------------------------------------
| rollout/                |             |
|    ep_len_mean          | 930         |
|    ep_rew_mean          | -1.7        |
| time/                   |             |
|    fps                  | 615         |
|    iterations           | 6           |
|    time_elapsed         | 239         |
|    total_timesteps      | 147456      |
| train/                  |             |
|    approx_kl            | 0.011373694 |
|    clip_fraction        | 0.113       |
|    clip_range           | 0.2         |
|    entropy_loss         | -2.41       |
|    explained_variance   | 0.893       |
|    learning_rate        | 0.0003      |
|    loss                 | -0.0273     |
|    n_updates            | 25          |
|    policy_gradient_loss | -0.00836    |
|    value_loss           | 0.0305      |
-----------------------------------------
-----------------------------------------
| rollout/                |             |
|    ep_len_mean          | 1.07e+03    |
|    ep_rew_mean          | -1.13       |
| time/                   |             |
|    fps                  | 612         |
|    iterations           | 7           |
|    time_elapsed         | 281         |
|    total_timesteps      | 172032      |
| train/                  |             |
|    approx_kl            | 0.009843329 |
|    clip_fraction        | 0.0849      |
|    clip_range           | 0.2         |
|    entropy_loss         | -2.37       |
|    explained_variance   | 0.901       |
|    learning_rate        | 0.0003      |
|    loss                 | -0.0236     |
|    n_updates            | 30          |
|    policy_gradient_loss | -0.00594    |
|    value_loss           | 0.0327      |
-----------------------------------------
-----------------------------------------
| rollout/                |             |
|    ep_len_mean          | 584         |
|    ep_rew_mean          | 9.39        |
| time/                   |             |
|    fps                  | 609         |
|    iterations           | 8           |
|    time_elapsed         | 322         |
|    total_timesteps      | 196608      |
| train/                  |             |
|    approx_kl            | 0.009724655 |
|    clip_fraction        | 0.0803      |
|    clip_range           | 0.2         |
|    entropy_loss         | -2.38       |
|    explained_variance   | 0.903       |
|    learning_rate        | 0.0003      |
|    loss                 | -0.0183     |
|    n_updates            | 35          |
|    policy_gradient_loss | -0.00627    |
|    value_loss           | 0.0447      |
-----------------------------------------
-----------------------------------------
| rollout/                |             |
|    ep_len_mean          | 490         |
|    ep_rew_mean          | 12.7        |
| time/                   |             |
|    fps                  | 606         |
|    iterations           | 9           |
|    time_elapsed         | 364         |
|    total_timesteps      | 221184      |
| train/                  |             |
|    approx_kl            | 0.009725996 |
|    clip_fraction        | 0.0838      |
|    clip_range           | 0.2         |
|    entropy_loss         | -2.42       |
|    explained_variance   | 0.888       |
|    learning_rate        | 0.0003      |
|    loss                 | 0.00686     |
|    n_updates            | 40          |
|    policy_gradient_loss | -0.00647    |
|    value_loss           | 0.0683      |
-----------------------------------------
-----------------------------------------
| rollout/                |             |
|    ep_len_mean          | 498         |
|    ep_rew_mean          | 13.5        |
| time/                   |             |
|    fps                  | 604         |
|    iterations           | 10          |
|    time_elapsed         | 406         |
|    total_timesteps      | 245760      |
| train/                  |             |
|    approx_kl            | 0.009519518 |
|    clip_fraction        | 0.099       |
|    clip_range           | 0.2         |
|    entropy_loss         | -2.44       |
|    explained_variance   | 0.92        |
|    learning_rate        | 0.0003      |
|    loss                 | -0.00482    |
|    n_updates            | 45          |
|    policy_gradient_loss | -0.00826    |
|    value_loss           | 0.0357      |
-----------------------------------------
-----------------------------------------
| rollout/                |             |
|    ep_len_mean          | 460         |
|    ep_rew_mean          | 15.3        |
| time/                   |             |
|    fps                  | 603         |
|    iterations           | 11          |
|    time_elapsed         | 447         |
|    total_timesteps      | 270336      |
| train/                  |             |
|    approx_kl            | 0.009664734 |
|    clip_fraction        | 0.0853      |
|    clip_range           | 0.2         |
|    entropy_loss         | -2.41       |
|    explained_variance   | 0.917       |
|    learning_rate        | 0.0003      |
|    loss                 | -0.0171     |
|    n_updates            | 50          |
|    policy_gradient_loss | -0.00696    |
|    value_loss           | 0.0451      |
-----------------------------------------
----------------------------------------
| rollout/                |            |
|    ep_len_mean          | 426        |
|    ep_rew_mean          | 16.3       |
| time/                   |            |
|    fps                  | 603        |
|    iterations           | 12         |
|    time_elapsed         | 488        |
|    total_timesteps      | 294912     |
| train/                  |            |
|    approx_kl            | 0.00934538 |
|    clip_fraction        | 0.0943     |
|    clip_range           | 0.2        |
|    entropy_loss         | -2.41      |
|    explained_variance   | 0.921      |
|    learning_rate        | 0.0003     |
|    loss                 | -0.0229    |
|    n_updates            | 55         |
|    policy_gradient_loss | -0.00847   |
|    value_loss           | 0.0435     |
----------------------------------------
-----------------------------------------
| rollout/                |             |
|    ep_len_mean          | 397         |
|    ep_rew_mean          | 17.5        |
| time/                   |             |
|    fps                  | 603         |
|    iterations           | 13          |
|    time_elapsed         | 529         |
|    total_timesteps      | 319488      |
| train/                  |             |
|    approx_kl            | 0.009080038 |
|    clip_fraction        | 0.0822      |
|    clip_range           | 0.2         |
|    entropy_loss         | -2.39       |
|    explained_variance   | 0.928       |
|    learning_rate        | 0.0003      |
|    loss                 | -0.00588    |
|    n_updates            | 60          |
|    policy_gradient_loss | -0.00753    |
|    value_loss           | 0.0498      |
-----------------------------------------
VecNormalize stats saved: ./campaign_models/offline-1779879927/vecnormalize.pkl

Финальная модель сохранена: ./campaign_models/offline-1779879927/final_model.zip

============================================================
ИТОГИ ОБУЧЕНИЯ:
  Побед: 0
  Поражений: 596
  Таймаутов: 1
  Побед бота столицы над врагами: 15
  Перестановок юнитов: 160427
  Winrate: 0.0%
============================================================
  График призывов за эпизод: C:\realnewdisciples\Big_map\outputs\campaign_summoned_units_per_episode.png
  График призывов за всё обучение: C:\realnewdisciples\Big_map\outputs\campaign_summoned_units_cumulative.png
  График найма за эпизод: C:\realnewdisciples\Big_map\outputs\campaign_hired_units_per_episode.png
  График найма за всё обучение: C:\realnewdisciples\Big_map\outputs\campaign_hired_units_cumulative.png
  График перестановок юнитов за эпизод: C:\realnewdisciples\Big_map\outputs\campaign_unit_swaps_per_episode.png
  График боевых предметов: C:\realnewdisciples\Big_map\outputs\campaign_battle_item_activity.png
  График побед бота столицы за эпизод: C:\realnewdisciples\Big_map\outputs\campaign_scripted_bot_victories_per_episode.png
  График применения заклинаний: C:\realnewdisciples\Big_map\outputs\campaign_spell_cast_activity.png
